
          -------------------------------------------------------
          Amber 16 PMEMD                              2016
          -------------------------------------------------------

| PMEMD implementation of SANDER, Release 16

| Run on 12/05/2020 at 20:16:27

|   Executable path: pmemd.cuda
| Working directory: /home/kyq/T7RNADNA/4/nDA4
|          Hostname: gpu01

  [-O]verwriting output

File Assignments:
|   MDIN: min1.in                                                               
|  MDOUT: cmp_min1.out                                                          
| INPCRD: cmp.inpcrd                                                            
|   PARM: cmp.prmtop                                                            
| RESTRT: cmp_min1.rst                                                          
|   REFC: cmp.inpcrd                                                            
|  MDVEL: mdvel                                                                 
|   MDEN: mden                                                                  
|  MDCRD: mdcrd                                                                 
| MDINFO: mdinfo                                                                
|  MDFRC: mdfrc                                                                 

 
 Here is the input file:
 
Initial minimisation of our structures                                         
 &cntrl                                                                        
  imin=1, maxcyc=4000, ncyc=2000,                                              
  cut=10, ntb=1,ntr=1,                                                         
  restraint_wt=2.0                                                             
  restraintmask=':1-34'                                                        
/                                                                              


Note: ig = -1. Setting random seed to   675589 based on wallclock time in 
      microseconds.
 
|--------------------- INFORMATION ----------------------
| GPU (CUDA) Version of PMEMD in use: NVIDIA GPU IN USE.
|                    Version 16.0.0
| 
|                      02/25/2016
| 
| Implementation by:
|                    Ross C. Walker     (SDSC)
|                    Scott Le Grand     (nVIDIA)
| 
| Precision model in use:
|      [SPFP] - Single Precision Forces, 64-bit Fixed Point
|               Accumulation. (Default)
| 
|--------------------------------------------------------
 
|----------------- CITATION INFORMATION -----------------
|
|    When publishing work that utilized the CUDA version
|    of AMBER, please cite the following in addition to
|    the regular AMBER citations:
|
|  - Romelia Salomon-Ferrer; Andreas W. Goetz; Duncan
|    Poole; Scott Le Grand; Ross C. Walker "Routine
|    microsecond molecular dynamics simulations with
|    AMBER - Part II: Particle Mesh Ewald", J. Chem.
|    Theory Comput., 2013, 9 (9), pp3878-3888,
|    DOI: 10.1021/ct400314y.
|
|  - Andreas W. Goetz; Mark J. Williamson; Dong Xu;
|    Duncan Poole; Scott Le Grand; Ross C. Walker
|    "Routine microsecond molecular dynamics simulations
|    with AMBER - Part I: Generalized Born", J. Chem.
|    Theory Comput., 2012, 8 (5), pp1542-1555.
|
|  - Scott Le Grand; Andreas W. Goetz; Ross C. Walker
|    "SPFP: Speed without compromise - a mixed precision
|    model for GPU accelerated molecular dynamics
|    simulations.", Comp. Phys. Comm., 2013, 184
|    pp374-380, DOI: 10.1016/j.cpc.2012.09.022
|
|--------------------------------------------------------
 
|------------------- GPU DEVICE INFO --------------------
|
|            CUDA_VISIBLE_DEVICES: 0
|   CUDA Capable Devices Detected:      1
|           CUDA Device ID in use:      0
|                CUDA Device Name: Tesla P100-PCIE-16GB
|     CUDA Device Global Mem Size:  16276 MB
| CUDA Device Num Multiprocessors:     56
|           CUDA Device Core Freq:   1.33 GHz
|
|--------------------------------------------------------
 
 
| Conditional Compilation Defines Used:
| PUBFFT
| BINTRAJ
| CUDA
| EMIL
 
| Largest sphere to fit in unit cell has radius =    31.605

| New format PARM file being parsed.
| Version =    1.000 Date = 12/05/20 Time = 20:15:50

| Note: 1-4 EEL scale factors are being read from the topology file.

| Note: 1-4 VDW scale factors are being read from the topology file.
| Duplicated    0 dihedrals

| Duplicated    0 dihedrals

--------------------------------------------------------------------------------
   1.  RESOURCE   USE: 
--------------------------------------------------------------------------------

 getting new box info from bottom of inpcrd
 NATOM  =   31261 NTYPES =      18 NBONH =   30525 MBONA  =     787
 NTHETH =     879 MTHETA =    1217 NPHIH =    1867 MPHIA  =    2445
 NHPARM =       0 NPARM  =       0 NNB   =   46259 NRES   =   10115
 NBONA  =     787 NTHETA =    1217 NPHIA =    2445 NUMBND =      73
 NUMANG =     152 NPTRA  =      87 NATYP =      37 NPHB   =       1
 IFBOX  =       2 NMXRS  =      34 IFCAP =       0 NEXTRA =       0
 NCOPY  =       0

| Coordinate Index Table dimensions:    12   12   12
| Direct force subcell size =     6.4513    6.4513    6.4513

     BOX TYPE: TRUNCATED OCTAHEDRON

--------------------------------------------------------------------------------
   2.  CONTROL  DATA  FOR  THE  RUN
--------------------------------------------------------------------------------

default_name                                                                    

General flags:
     imin    =       1, nmropt  =       0

Nature and format of input:
     ntx     =       1, irest   =       0, ntrx    =       1

Nature and format of output:
     ntxo    =       2, ntpr    =      50, ntrx    =       1, ntwr    =       1
     iwrap   =       0, ntwx    =       0, ntwv    =       0, ntwe    =       0
     ioutfm  =       1, ntwprt  =       0, idecomp =       0, rbornstat=      0

Potential function:
     ntf     =       1, ntb     =       1, igb     =       0, nsnb    =      25
     ipol    =       0, gbsa    =       0, iesp    =       0
     dielc   =   1.00000, cut     =  10.00000, intdiel =   1.00000

Frozen or restrained atoms:
     ibelly  =       0, ntr     =       1
     restraint_wt =   2.00000

Energy minimization:
     maxcyc  =    4000, ncyc    =    2000, ntmin   =       1
     dx0     =   0.01000, drms    =   0.00010

| Intermolecular bonds treatment:
|     no_intermolecular_bonds =       1

| Energy averages sample interval:
|     ene_avg_sampling =       1

Ewald parameters:
     verbose =       0, ew_type =       0, nbflag  =       1, use_pme =       1
     vdwmeth =       1, eedmeth =       1, netfrc  =       0
     Box X =   77.415   Box Y =   77.415   Box Z =   77.415
     Alpha =  109.471   Beta  =  109.471   Gamma =  109.471
     NFFT1 =   80       NFFT2 =   80       NFFT3 =   80
     Cutoff=   10.000   Tol   =0.100E-04
     Ewald Coefficient =  0.27511
     Interpolation order =    4

    LOADING THE CONSTRAINED ATOMS AS GROUPS


   5.  REFERENCE ATOM COORDINATES

  default_name                                                                    
     Mask :1-34; matches  1082 atoms

--------------------------------------------------------------------------------
   3.  ATOMIC COORDINATES AND VELOCITIES
--------------------------------------------------------------------------------

default_name                                                                    
 begin time read from input coords =     0.000 ps

 
 Number of triangulated 3-point waters found:    10049

     Sum of charges from parm topology file =   0.00000012
     Forcing neutrality...

| Dynamic Memory, Types Used:
| Reals              957895
| Integers           796649

| Nonbonded Pairs Initial Allocation:     9455670

| GPU memory information (estimate):
| KB of GPU memory in use:    163793
| KB of CPU memory in use:     52661

--------------------------------------------------------------------------------
   4.  RESULTS
--------------------------------------------------------------------------------

 ---------------------------------------------------
 APPROXIMATING switch and d/dx switch using CUBIC SPLINE INTERPOLATION
 using   5000.0 points per unit in tabled values
 TESTING RELATIVE ERROR over r ranging from 0.0 to cutoff
| CHECK switch(x): max rel err =   0.3316E-14   at   2.351880
| CHECK d/dx switch(x): max rel err =   0.8066E-11   at   2.747240
 ---------------------------------------------------
|---------------------------------------------------
| APPROXIMATING direct energy using CUBIC SPLINE INTERPOLATION
|  with   50.0 points per unit in tabled values
| Relative Error Limit not exceeded for r .gt.   2.34
| APPROXIMATING direct force using CUBIC SPLINE INTERPOLATION
|  with   50.0 points per unit in tabled values
| Relative Error Limit not exceeded for r .gt.   2.81
|---------------------------------------------------


   NSTEP       ENERGY          RMS            GMAX         NAME    NUMBER
      1       1.3279E+09     2.7886E+02     2.5350E+04     C2        428

 BOND    =       57.7774  ANGLE   =     3028.9318  DIHED      =      780.9916
 VDWAALS = *************  EEL     =  -100331.7849  HBOND      =        0.0000
 1-4 VDW =     1022.9496  1-4 EEL =    -3606.2372  RESTRAINT  =        0.0000


   NSTEP       ENERGY          RMS            GMAX         NAME    NUMBER
     50       1.3311E+09     2.7833E+02     2.5484E+04     C2        428

 BOND    =       57.7581  ANGLE   =     3028.4697  DIHED      =      780.9878
 VDWAALS = *************  EEL     =  -100335.8271  HBOND      =        0.0000
 1-4 VDW =     1022.8901  1-4 EEL =    -3606.1912  RESTRAINT  =        0.0002
 EAMBER  = *************


   NSTEP       ENERGY          RMS            GMAX         NAME    NUMBER
    100       1.3312E+09     2.7832E+02     2.5487E+04     C2        428

 BOND    =       57.7586  ANGLE   =     3028.4596  DIHED      =      780.9877
 VDWAALS = *************  EEL     =  -100335.9152  HBOND      =        0.0000
 1-4 VDW =     1022.8888  1-4 EEL =    -3606.1902  RESTRAINT  =        0.0002
 EAMBER  = *************


   NSTEP       ENERGY          RMS            GMAX         NAME    NUMBER
    150       1.3312E+09     2.7831E+02     2.5490E+04     C2        428

 BOND    =       57.7591  ANGLE   =     3028.4499  DIHED      =      780.9877
 VDWAALS = *************  EEL     =  -100336.0000  HBOND      =        0.0000
 1-4 VDW =     1022.8876  1-4 EEL =    -3606.1892  RESTRAINT  =        0.0002
 EAMBER  = *************


   NSTEP       ENERGY          RMS            GMAX         NAME    NUMBER
    200       1.3314E+09     2.7830E+02     2.5493E+04     C2        428

 BOND    =       57.7597  ANGLE   =     3028.4392  DIHED      =      780.9876
 VDWAALS = *************  EEL     =  -100336.0956  HBOND      =        0.0000
 1-4 VDW =     1022.8862  1-4 EEL =    -3606.1882  RESTRAINT  =        0.0002
 EAMBER  = *************


   NSTEP       ENERGY          RMS            GMAX         NAME    NUMBER
    250       1.3315E+09     2.7829E+02     2.5496E+04     C2        428

 BOND    =       57.7604  ANGLE   =     3028.4274  DIHED      =      780.9876
 VDWAALS = *************  EEL     =  -100336.2033  HBOND      =        0.0000
 1-4 VDW =     1022.8847  1-4 EEL =    -3606.1870  RESTRAINT  =        0.0002
 EAMBER  = *************


   NSTEP       ENERGY          RMS            GMAX         NAME    NUMBER
    300       1.3315E+09     2.7828E+02     2.5499E+04     C2        428

 BOND    =       57.7611  ANGLE   =     3028.4176  DIHED      =      780.9875
 VDWAALS = *************  EEL     =  -100336.2894  HBOND      =        0.0000
 1-4 VDW =     1022.8835  1-4 EEL =    -3606.1860  RESTRAINT  =        0.0003
 EAMBER  = *************


   NSTEP       ENERGY          RMS            GMAX         NAME    NUMBER
    350       1.3316E+09     2.7827E+02     2.5502E+04     C2        428

 BOND    =       57.7617  ANGLE   =     3028.4083  DIHED      =      780.9875
 VDWAALS = *************  EEL     =  -100336.3704  HBOND      =        0.0000
 1-4 VDW =     1022.8823  1-4 EEL =    -3606.1851  RESTRAINT  =        0.0003
 EAMBER  = *************


   NSTEP       ENERGY          RMS            GMAX         NAME    NUMBER
    400       1.3316E+09     2.7826E+02     2.5505E+04     C2        428

 BOND    =       57.7625  ANGLE   =     3028.3977  DIHED      =      780.9875
 VDWAALS = *************  EEL     =  -100336.4619  HBOND      =        0.0000
 1-4 VDW =     1022.8810  1-4 EEL =    -3606.1840  RESTRAINT  =        0.0003
 EAMBER  = *************


   NSTEP       ENERGY          RMS            GMAX         NAME    NUMBER
    450       1.3318E+09     2.7825E+02     2.5508E+04     C2        428

 BOND    =       57.7633  ANGLE   =     3028.3880  DIHED      =      780.9874
 VDWAALS = *************  EEL     =  -100336.5484  HBOND      =        0.0000
 1-4 VDW =     1022.8798  1-4 EEL =    -3606.1830  RESTRAINT  =        0.0003
 EAMBER  = *************


   NSTEP       ENERGY          RMS            GMAX         NAME    NUMBER
    500       1.3318E+09     2.7824E+02     2.5510E+04     C2        428

 BOND    =       57.7639  ANGLE   =     3028.3799  DIHED      =      780.9874
 VDWAALS = *************  EEL     =  -100336.6186  HBOND      =        0.0000
 1-4 VDW =     1022.8788  1-4 EEL =    -3606.1822  RESTRAINT  =        0.0003
 EAMBER  = *************


   NSTEP       ENERGY          RMS            GMAX         NAME    NUMBER
    550       1.3319E+09     2.7823E+02     2.5513E+04     C2        428

 BOND    =       57.7648  ANGLE   =     3028.3697  DIHED      =      780.9874
 VDWAALS = *************  EEL     =  -100336.7093  HBOND      =        0.0000
 1-4 VDW =     1022.8775  1-4 EEL =    -3606.1812  RESTRAINT  =        0.0003
 EAMBER  = *************


   NSTEP       ENERGY          RMS            GMAX         NAME    NUMBER
    600       1.3320E+09     2.7822E+02     2.5517E+04     C2        428

 BOND    =       57.7658  ANGLE   =     3028.3589  DIHED      =      780.9874
 VDWAALS = *************  EEL     =  -100336.8071  HBOND      =        0.0000
 1-4 VDW =     1022.8761  1-4 EEL =    -3606.1801  RESTRAINT  =        0.0003
 EAMBER  = *************


   NSTEP       ENERGY          RMS            GMAX         NAME    NUMBER
    650       1.3320E+09     2.7821E+02     2.5520E+04     C2        428

 BOND    =       57.7668  ANGLE   =     3028.3479  DIHED      =      780.9873
 VDWAALS = *************  EEL     =  -100336.9054  HBOND      =        0.0000
 1-4 VDW =     1022.8747  1-4 EEL =    -3606.1790  RESTRAINT  =        0.0003
 EAMBER  = *************


   NSTEP       ENERGY          RMS            GMAX         NAME    NUMBER
    700       1.3321E+09     2.7820E+02     2.5523E+04     C2        428

 BOND    =       57.7680  ANGLE   =     3028.3362  DIHED      =      780.9873
 VDWAALS = *************  EEL     =  -100337.0083  HBOND      =        0.0000
 1-4 VDW =     1022.8733  1-4 EEL =    -3606.1778  RESTRAINT  =        0.0003
 EAMBER  = *************


   NSTEP       ENERGY          RMS            GMAX         NAME    NUMBER
    750       1.3322E+09     2.7819E+02     2.5526E+04     C2        428

 BOND    =       57.7689  ANGLE   =     3028.3266  DIHED      =      780.9873
 VDWAALS = *************  EEL     =  -100337.0929  HBOND      =        0.0000
 1-4 VDW =     1022.8721  1-4 EEL =    -3606.1768  RESTRAINT  =        0.0004
 EAMBER  = *************


   NSTEP       ENERGY          RMS            GMAX         NAME    NUMBER
    800       1.3323E+09     2.7818E+02     2.5529E+04     C2        428

 BOND    =       57.7699  ANGLE   =     3028.3175  DIHED      =      780.9873
 VDWAALS = *************  EEL     =  -100337.1730  HBOND      =        0.0000
 1-4 VDW =     1022.8709  1-4 EEL =    -3606.1759  RESTRAINT  =        0.0004
 EAMBER  = *************


   NSTEP       ENERGY          RMS            GMAX         NAME    NUMBER
    850       1.3323E+09     2.7817E+02     2.5532E+04     C2        428

 BOND    =       57.7710  ANGLE   =     3028.3077  DIHED      =      780.9872
 VDWAALS = *************  EEL     =  -100337.2595  HBOND      =        0.0000
 1-4 VDW =     1022.8697  1-4 EEL =    -3606.1749  RESTRAINT  =        0.0004
 EAMBER  = *************


   NSTEP       ENERGY          RMS            GMAX         NAME    NUMBER
    900       1.3324E+09     2.7816E+02     2.5534E+04     C2        428

 BOND    =       57.7721  ANGLE   =     3028.2979  DIHED      =      780.9872
 VDWAALS = *************  EEL     =  -100337.3466  HBOND      =        0.0000
 1-4 VDW =     1022.8685  1-4 EEL =    -3606.1739  RESTRAINT  =        0.0004
 EAMBER  = *************


   NSTEP       ENERGY          RMS            GMAX         NAME    NUMBER
    950       1.3325E+09     2.7815E+02     2.5537E+04     C2        428

 BOND    =       57.7733  ANGLE   =     3028.2877  DIHED      =      780.9872
 VDWAALS = *************  EEL     =  -100337.4383  HBOND      =        0.0000
 1-4 VDW =     1022.8672  1-4 EEL =    -3606.1729  RESTRAINT  =        0.0004
 EAMBER  = *************


   NSTEP       ENERGY          RMS            GMAX         NAME    NUMBER
   1000       1.3327E+09     2.7814E+02     2.5541E+04     C2        428

 BOND    =       57.7747  ANGLE   =     3028.2760  DIHED      =      780.9872
 VDWAALS = *************  EEL     =  -100337.5424  HBOND      =        0.0000
 1-4 VDW =     1022.8657  1-4 EEL =    -3606.1717  RESTRAINT  =        0.0004
 EAMBER  = *************


   NSTEP       ENERGY          RMS            GMAX         NAME    NUMBER
   1050       1.3327E+09     2.7813E+02     2.5544E+04     C2        428

 BOND    =       57.7762  ANGLE   =     3028.2644  DIHED      =      780.9872
 VDWAALS = *************  EEL     =  -100337.6490  HBOND      =        0.0000
 1-4 VDW =     1022.8643  1-4 EEL =    -3606.1706  RESTRAINT  =        0.0004
 EAMBER  = *************


   NSTEP       ENERGY          RMS            GMAX         NAME    NUMBER
   1100       1.3328E+09     2.7812E+02     2.5547E+04     C2        428

 BOND    =       57.7774  ANGLE   =     3028.2557  DIHED      =      780.9872
 VDWAALS = *************  EEL     =  -100337.7254  HBOND      =        0.0000
 1-4 VDW =     1022.8632  1-4 EEL =    -3606.1697  RESTRAINT  =        0.0004
 EAMBER  = *************


   NSTEP       ENERGY          RMS            GMAX         NAME    NUMBER
   1150       1.3329E+09     2.7812E+02     2.5549E+04     C2        428

 BOND    =       57.7784  ANGLE   =     3028.2477  DIHED      =      780.9872
 VDWAALS = *************  EEL     =  -100337.7965  HBOND      =        0.0000
 1-4 VDW =     1022.8622  1-4 EEL =    -3606.1689  RESTRAINT  =        0.0005
 EAMBER  = *************


   NSTEP       ENERGY          RMS            GMAX         NAME    NUMBER
   1200       1.3329E+09     2.7811E+02     2.5552E+04     C2        428

 BOND    =       57.7795  ANGLE   =     3028.2399  DIHED      =      780.9872
 VDWAALS = *************  EEL     =  -100337.8674  HBOND      =        0.0000
 1-4 VDW =     1022.8612  1-4 EEL =    -3606.1681  RESTRAINT  =        0.0005
 EAMBER  = *************


   NSTEP       ENERGY          RMS            GMAX         NAME    NUMBER
   1250       1.3330E+09     2.7810E+02     2.5554E+04     C2        428

 BOND    =       57.7808  ANGLE   =     3028.2307  DIHED      =      780.9872
 VDWAALS = *************  EEL     =  -100337.9497  HBOND      =        0.0000
 1-4 VDW =     1022.8601  1-4 EEL =    -3606.1671  RESTRAINT  =        0.0005
 EAMBER  = *************


   NSTEP       ENERGY          RMS            GMAX         NAME    NUMBER
   1300       1.3331E+09     2.7809E+02     2.5557E+04     C2        428

 BOND    =       57.7822  ANGLE   =     3028.2210  DIHED      =      780.9872
 VDWAALS = *************  EEL     =  -100338.0365  HBOND      =        0.0000
 1-4 VDW =     1022.8589  1-4 EEL =    -3606.1662  RESTRAINT  =        0.0005
 EAMBER  = *************


   NSTEP       ENERGY          RMS            GMAX         NAME    NUMBER
   1350       1.3332E+09     2.7808E+02     2.5560E+04     C2        428

 BOND    =       57.7837  ANGLE   =     3028.2112  DIHED      =      780.9872
 VDWAALS = *************  EEL     =  -100338.1269  HBOND      =        0.0000
 1-4 VDW =     1022.8576  1-4 EEL =    -3606.1652  RESTRAINT  =        0.0005
 EAMBER  = *************


   NSTEP       ENERGY          RMS            GMAX         NAME    NUMBER
   1400       1.3332E+09     2.7807E+02     2.5563E+04     C2        428

 BOND    =       57.7851  ANGLE   =     3028.2015  DIHED      =      780.9872
 VDWAALS = *************  EEL     =  -100338.2128  HBOND      =        0.0000
 1-4 VDW =     1022.8564  1-4 EEL =    -3606.1642  RESTRAINT  =        0.0005
 EAMBER  = *************


   NSTEP       ENERGY          RMS            GMAX         NAME    NUMBER
   1450       1.3333E+09     2.7807E+02     2.5565E+04     C2        428

 BOND    =       57.7864  ANGLE   =     3028.1934  DIHED      =      780.9872
 VDWAALS = *************  EEL     =  -100338.2864  HBOND      =        0.0000
 1-4 VDW =     1022.8554  1-4 EEL =    -3606.1634  RESTRAINT  =        0.0005
 EAMBER  = *************


   NSTEP       ENERGY          RMS            GMAX         NAME    NUMBER
   1500       1.3333E+09     2.7806E+02     2.5568E+04     C2        428

 BOND    =       57.7880  ANGLE   =     3028.1837  DIHED      =      780.9872
 VDWAALS = *************  EEL     =  -100338.3706  HBOND      =        0.0000
 1-4 VDW =     1022.8542  1-4 EEL =    -3606.1624  RESTRAINT  =        0.0006
 EAMBER  = *************


   NSTEP       ENERGY          RMS            GMAX         NAME    NUMBER
   1550       1.3334E+09     2.7805E+02     2.5571E+04     C2        428

 BOND    =       57.7895  ANGLE   =     3028.1739  DIHED      =      780.9872
 VDWAALS = *************  EEL     =  -100338.4582  HBOND      =        0.0000
 1-4 VDW =     1022.8530  1-4 EEL =    -3606.1614  RESTRAINT  =        0.0006
 EAMBER  = *************


   NSTEP       ENERGY          RMS            GMAX         NAME    NUMBER
   1600       1.3336E+09     2.7804E+02     2.5574E+04     C2        428

 BOND    =       57.7913  ANGLE   =     3028.1634  DIHED      =      780.9872
 VDWAALS = *************  EEL     =  -100338.5534  HBOND      =        0.0000
 1-4 VDW =     1022.8517  1-4 EEL =    -3606.1603  RESTRAINT  =        0.0006
 EAMBER  = *************


   NSTEP       ENERGY          RMS            GMAX         NAME    NUMBER
   1650       1.3337E+09     2.7803E+02     2.5578E+04     C2        428

 BOND    =       57.7934  ANGLE   =     3028.1512  DIHED      =      780.9872
 VDWAALS = *************  EEL     =  -100338.6643  HBOND      =        0.0000
 1-4 VDW =     1022.8502  1-4 EEL =    -3606.1591  RESTRAINT  =        0.0006
 EAMBER  = *************


   NSTEP       ENERGY          RMS            GMAX         NAME    NUMBER
   1700       1.3337E+09     2.7802E+02     2.5580E+04     C2        428

 BOND    =       57.7950  ANGLE   =     3028.1422  DIHED      =      780.9872
 VDWAALS = *************  EEL     =  -100338.7450  HBOND      =        0.0000
 1-4 VDW =     1022.8491  1-4 EEL =    -3606.1582  RESTRAINT  =        0.0006
 EAMBER  = *************


   NSTEP       ENERGY          RMS            GMAX         NAME    NUMBER
   1750       1.3338E+09     2.7801E+02     2.5584E+04     C2        428

 BOND    =       57.7970  ANGLE   =     3028.1313  DIHED      =      780.9872
 VDWAALS = *************  EEL     =  -100338.8420  HBOND      =        0.0000
 1-4 VDW =     1022.8477  1-4 EEL =    -3606.1571  RESTRAINT  =        0.0006
 EAMBER  = *************


   NSTEP       ENERGY          RMS            GMAX         NAME    NUMBER
   1800       1.3339E+09     2.7800E+02     2.5587E+04     C2        428

 BOND    =       57.7990  ANGLE   =     3028.1203  DIHED      =      780.9872
 VDWAALS = *************  EEL     =  -100338.9407  HBOND      =        0.0000
 1-4 VDW =     1022.8464  1-4 EEL =    -3606.1560  RESTRAINT  =        0.0006
 EAMBER  = *************


   NSTEP       ENERGY          RMS            GMAX         NAME    NUMBER
   1850       1.3340E+09     2.7799E+02     2.5590E+04     C2        428

 BOND    =       57.8007  ANGLE   =     3028.1112  DIHED      =      780.9872
 VDWAALS = *************  EEL     =  -100339.0238  HBOND      =        0.0000
 1-4 VDW =     1022.8452  1-4 EEL =    -3606.1550  RESTRAINT  =        0.0007
 EAMBER  = *************


   NSTEP       ENERGY          RMS            GMAX         NAME    NUMBER
   1900       1.3340E+09     2.7798E+02     2.5593E+04     C2        428

 BOND    =       57.8028  ANGLE   =     3028.1005  DIHED      =      780.9872
 VDWAALS = *************  EEL     =  -100339.1205  HBOND      =        0.0000
 1-4 VDW =     1022.8439  1-4 EEL =    -3606.1540  RESTRAINT  =        0.0007
 EAMBER  = *************


   NSTEP       ENERGY          RMS            GMAX         NAME    NUMBER
   1950       1.3342E+09     2.7797E+02     2.5596E+04     C2        428

 BOND    =       57.8049  ANGLE   =     3028.0896  DIHED      =      780.9873
 VDWAALS = *************  EEL     =  -100339.2191  HBOND      =        0.0000
 1-4 VDW =     1022.8426  1-4 EEL =    -3606.1528  RESTRAINT  =        0.0007
 EAMBER  = *************


   NSTEP       ENERGY          RMS            GMAX         NAME    NUMBER
   2000       1.3343E+09     2.7796E+02     2.5600E+04     C2        428

 BOND    =       57.8078  ANGLE   =     3028.0756  DIHED      =      780.9873
 VDWAALS = *************  EEL     =  -100339.3433  HBOND      =        0.0000
 1-4 VDW =     1022.8408  1-4 EEL =    -3606.1514  RESTRAINT  =        0.0007
 EAMBER  = *************

     .... RESTARTED DUE TO LINMIN FAILURE ...

     .... RESTARTED DUE TO LINMIN FAILURE ...


   NSTEP       ENERGY          RMS            GMAX         NAME    NUMBER
   2050       1.3344E+09     2.7796E+02     2.5601E+04     C2        428

 BOND    =       57.8086  ANGLE   =     3028.0715  DIHED      =      780.9873
 VDWAALS = *************  EEL     =  -100339.3805  HBOND      =        0.0000
 1-4 VDW =     1022.8403  1-4 EEL =    -3606.1510  RESTRAINT  =        0.0007
 EAMBER  = *************

     .... RESTARTED DUE TO LINMIN FAILURE ...


   NSTEP       ENERGY          RMS            GMAX         NAME    NUMBER
   2100       6.2753E+06     4.0991E+03     4.9243E+05     C2        428

 BOND    =    15673.1499  ANGLE   =     4679.1133  DIHED      =     1173.5454
 VDWAALS =  6231106.2884  EEL     =  -101833.8064  HBOND      =        0.0000
 1-4 VDW =   127792.5293  1-4 EEL =    -3450.3893  RESTRAINT  =      117.3492
 EAMBER  =  6275140.4307


   NSTEP       ENERGY          RMS            GMAX         NAME    NUMBER
   2150       4.8534E+05     1.8881E+02     2.2681E+04     C2        428

 BOND    =   531874.9495  ANGLE   =     7429.9343  DIHED      =     1268.0802
 VDWAALS =    49215.2146  EEL     =  -103712.6054  HBOND      =        0.0000
 1-4 VDW =     1308.4605  1-4 EEL =    -3426.8322  RESTRAINT  =     1377.8603
 EAMBER  =   483957.2015


   NSTEP       ENERGY          RMS            GMAX         NAME    NUMBER
   2200       1.2813E+05     1.5289E+02     1.8591E+04     C2        336

 BOND    =   190010.3588  ANGLE   =     7369.8356  DIHED      =     1317.9390
 VDWAALS =    36203.5213  EEL     =  -105373.9841  HBOND      =        0.0000
 1-4 VDW =     1208.9468  1-4 EEL =    -3409.8751  RESTRAINT  =      803.8552
 EAMBER  =   127326.7423


   NSTEP       ENERGY          RMS            GMAX         NAME    NUMBER
   2250      -8.2617E+04     4.1398E+01     8.2476E+03     C2        428

 BOND    =    17185.9421  ANGLE   =     3560.8627  DIHED      =     1311.4078
 VDWAALS =    12173.0765  EEL     =  -113983.9831  HBOND      =        0.0000
 1-4 VDW =      524.8944  1-4 EEL =    -3665.8998  RESTRAINT  =      276.4745
 EAMBER  =   -82893.6993


   NSTEP       ENERGY          RMS            GMAX         NAME    NUMBER
   2300      -1.0734E+05     3.8920E+00     3.7365E+02     H2        429

 BOND    =     6195.5389  ANGLE   =      619.1544  DIHED      =     1039.6210
 VDWAALS =     9536.4105  EEL     =  -121648.4606  HBOND      =        0.0000
 1-4 VDW =      367.6080  1-4 EEL =    -3651.7237  RESTRAINT  =      201.4472
 EAMBER  =  -107541.8516


   NSTEP       ENERGY          RMS            GMAX         NAME    NUMBER
   2350      -1.1872E+05     2.9674E+00     1.8492E+02     C6        774

 BOND    =     7034.3520  ANGLE   =      356.3689  DIHED      =      927.6280
 VDWAALS =    12054.5454  EEL     =  -135993.1129  HBOND      =        0.0000
 1-4 VDW =      283.4943  1-4 EEL =    -3683.2931  RESTRAINT  =      299.2768
 EAMBER  =  -119020.0175


   NSTEP       ENERGY          RMS            GMAX         NAME    NUMBER
   2400      -1.2238E+05     2.5278E+00     1.4881E+02     C6        774

 BOND    =     7449.2027  ANGLE   =      302.2909  DIHED      =      894.2562
 VDWAALS =    14029.4015  EEL     =  -141980.8453  HBOND      =        0.0000
 1-4 VDW =      274.0096  1-4 EEL =    -3700.3952  RESTRAINT  =      347.9453
 EAMBER  =  -122732.0795


   NSTEP       ENERGY          RMS            GMAX         NAME    NUMBER
   2450      -1.2456E+05     1.9623E+00     1.4157E+02     C6        774

 BOND    =     7775.6314  ANGLE   =      274.7907  DIHED      =      874.5731
 VDWAALS =    15595.4926  EEL     =  -146002.2309  HBOND      =        0.0000
 1-4 VDW =      271.4715  1-4 EEL =    -3701.2098  RESTRAINT  =      355.7132
 EAMBER  =  -124911.4814


   NSTEP       ENERGY          RMS            GMAX         NAME    NUMBER
   2500      -1.2599E+05     1.6888E+00     1.2813E+02     C6        774

 BOND    =     8013.5157  ANGLE   =      255.9161  DIHED      =      861.7346
 VDWAALS =    16770.1911  EEL     =  -148806.8387  HBOND      =        0.0000
 1-4 VDW =      270.8872  1-4 EEL =    -3701.6975  RESTRAINT  =      347.0668
 EAMBER  =  -126336.2913


   NSTEP       ENERGY          RMS            GMAX         NAME    NUMBER
   2550      -1.2712E+05     1.5054E+00     1.1811E+02     C5        773

 BOND    =     8214.8737  ANGLE   =      247.9587  DIHED      =      853.2254
 VDWAALS =    17706.9460  EEL     =  -151050.7212  HBOND      =        0.0000
 1-4 VDW =      270.4651  1-4 EEL =    -3703.0621  RESTRAINT  =      336.7800
 EAMBER  =  -127460.3145


   NSTEP       ENERGY          RMS            GMAX         NAME    NUMBER
   2600      -1.2807E+05     1.3141E+00     9.8410E+01     C5        773

 BOND    =     8391.1496  ANGLE   =      240.4324  DIHED      =      846.2627
 VDWAALS =    18488.1079  EEL     =  -152937.6916  HBOND      =        0.0000
 1-4 VDW =      270.2093  1-4 EEL =    -3703.4645  RESTRAINT  =      330.3063
 EAMBER  =  -128404.9942


   NSTEP       ENERGY          RMS            GMAX         NAME    NUMBER
   2650      -1.2890E+05     1.0490E+00     6.2768E+01     C2        428

 BOND    =     8553.8353  ANGLE   =      231.6385  DIHED      =      841.1000
 VDWAALS =    19176.3772  EEL     =  -154593.0180  HBOND      =        0.0000
 1-4 VDW =      269.9742  1-4 EEL =    -3702.6653  RESTRAINT  =      324.4697
 EAMBER  =  -129222.7581


   NSTEP       ENERGY          RMS            GMAX         NAME    NUMBER
   2700      -1.2956E+05     9.1553E-01     6.0266E+01     C2        428

 BOND    =     8696.2643  ANGLE   =      225.2540  DIHED      =      838.8695
 VDWAALS =    19756.5045  EEL     =  -155964.1433  HBOND      =        0.0000
 1-4 VDW =      269.7651  1-4 EEL =    -3701.1962  RESTRAINT  =      320.5532
 EAMBER  =  -129878.6821


   NSTEP       ENERGY          RMS            GMAX         NAME    NUMBER
   2750      -1.3013E+05     8.8102E-01     5.9783E+01     C2        428

 BOND    =     8816.2401  ANGLE   =      221.0095  DIHED      =      837.2388
 VDWAALS =    20243.0259  EEL     =  -157140.3306  HBOND      =        0.0000
 1-4 VDW =      269.0162  1-4 EEL =    -3699.5928  RESTRAINT  =      318.8472
 EAMBER  =  -130453.3928


   NSTEP       ENERGY          RMS            GMAX         NAME    NUMBER
   2800      -1.3062E+05     8.1551E-01     5.4362E+01     C2        428

 BOND    =     8918.5497  ANGLE   =      217.0184  DIHED      =      835.7438
 VDWAALS =    20657.1833  EEL     =  -158133.2977  HBOND      =        0.0000
 1-4 VDW =      269.1308  1-4 EEL =    -3697.7248  RESTRAINT  =      317.1134
 EAMBER  =  -130933.3966


   NSTEP       ENERGY          RMS            GMAX         NAME    NUMBER
   2850      -1.3104E+05     7.3461E-01     4.5430E+01     C2        428

 BOND    =     8998.6062  ANGLE   =      214.3308  DIHED      =      834.7867
 VDWAALS =    21016.7269  EEL     =  -158987.7727  HBOND      =        0.0000
 1-4 VDW =      269.5189  1-4 EEL =    -3696.9102  RESTRAINT  =      315.7053
 EAMBER  =  -131350.7135


   NSTEP       ENERGY          RMS            GMAX         NAME    NUMBER
   2900      -1.3140E+05     6.6916E-01     3.7188E+01     C2        428

 BOND    =     9073.6522  ANGLE   =      212.6854  DIHED      =      834.1486
 VDWAALS =    21339.6353  EEL     =  -159753.1850  HBOND      =        0.0000
 1-4 VDW =      270.0490  1-4 EEL =    -3696.3411  RESTRAINT  =      315.3946
 EAMBER  =  -131719.3555


   NSTEP       ENERGY          RMS            GMAX         NAME    NUMBER
   2950      -1.3174E+05     6.1637E-01     3.6894E+01     C2        428

 BOND    =     9139.8003  ANGLE   =      210.3428  DIHED      =      833.5065
 VDWAALS =    21634.6834  EEL     =  -160444.7982  HBOND      =        0.0000
 1-4 VDW =      270.3786  1-4 EEL =    -3695.7801  RESTRAINT  =      315.1367
 EAMBER  =  -132051.8667


   NSTEP       ENERGY          RMS            GMAX         NAME    NUMBER
   3000      -1.3203E+05     5.8469E-01     3.2906E+01     C2        428

 BOND    =     9206.8122  ANGLE   =      208.5455  DIHED      =      832.9477
 VDWAALS =    21900.2995  EEL     =  -161072.6276  HBOND      =        0.0000
 1-4 VDW =      270.7093  1-4 EEL =    -3694.7737  RESTRAINT  =      313.8618
 EAMBER  =  -132348.0871


   NSTEP       ENERGY          RMS            GMAX         NAME    NUMBER
   3050      -1.3230E+05     5.4326E-01     3.2993E+01     C2        428

 BOND    =     9250.6840  ANGLE   =      206.7454  DIHED      =      832.2811
 VDWAALS =    22142.9304  EEL     =  -161625.4171  HBOND      =        0.0000
 1-4 VDW =      270.9495  1-4 EEL =    -3694.2267  RESTRAINT  =      312.2029
 EAMBER  =  -132616.0534


   NSTEP       ENERGY          RMS            GMAX         NAME    NUMBER
   3100      -1.3260E+05     8.4987E-01     4.1217E+01     C2        428

 BOND    =     9356.3999  ANGLE   =      211.5401  DIHED      =      833.7231
 VDWAALS =    22459.1280  EEL     =  -162347.8802  HBOND      =        0.0000
 1-4 VDW =      274.4494  1-4 EEL =    -3694.2703  RESTRAINT  =      308.5796
 EAMBER  =  -132906.9101


   NSTEP       ENERGY          RMS            GMAX         NAME    NUMBER
   3150      -1.3286E+05     6.9012E-01     3.0078E+01     C2        428

 BOND    =     9379.4901  ANGLE   =      206.4540  DIHED      =      833.2126
 VDWAALS =    22670.5813  EEL     =  -162838.8024  HBOND      =        0.0000
 1-4 VDW =      273.5738  1-4 EEL =    -3693.5792  RESTRAINT  =      308.0533
 EAMBER  =  -133169.0698


   NSTEP       ENERGY          RMS            GMAX         NAME    NUMBER
   3200      -1.3307E+05     6.3272E-01     2.7694E+01     C2        428

 BOND    =     9396.4979  ANGLE   =      203.6173  DIHED      =      831.2240
 VDWAALS =    22838.5916  EEL     =  -163227.6295  HBOND      =        0.0000
 1-4 VDW =      271.5231  1-4 EEL =    -3691.9504  RESTRAINT  =      307.5505
 EAMBER  =  -133378.1261


   NSTEP       ENERGY          RMS            GMAX         NAME    NUMBER
   3250      -1.3325E+05     4.9246E-01     2.1056E+01     C2        428

 BOND    =     9431.3372  ANGLE   =      202.2791  DIHED      =      831.0288
 VDWAALS =    23003.2348  EEL     =  -163605.3023  HBOND      =        0.0000
 1-4 VDW =      271.5217  1-4 EEL =    -3691.3871  RESTRAINT  =      306.5997
 EAMBER  =  -133557.2877


   NSTEP       ENERGY          RMS            GMAX         NAME    NUMBER
   3300      -1.3340E+05     5.0635E-01     3.1117E+01     N3        304

 BOND    =     9462.7256  ANGLE   =      200.8152  DIHED      =      830.4696
 VDWAALS =    23137.6350  EEL     =  -163921.6845  HBOND      =        0.0000
 1-4 VDW =      271.4497  1-4 EEL =    -3691.1541  RESTRAINT  =      306.1719
 EAMBER  =  -133709.7435


   NSTEP       ENERGY          RMS            GMAX         NAME    NUMBER
   3350      -1.3354E+05     4.0288E-01     1.9665E+01     H1      18765

 BOND    =     9494.2142  ANGLE   =      197.3702  DIHED      =      829.8181
 VDWAALS =    23256.3182  EEL     =  -164206.7255  HBOND      =        0.0000
 1-4 VDW =      270.4936  1-4 EEL =    -3690.9246  RESTRAINT  =      306.5526
 EAMBER  =  -133849.4358


   NSTEP       ENERGY          RMS            GMAX         NAME    NUMBER
   3400      -1.3374E+05     3.6043E-01     2.0816E+01     N3        304

 BOND    =     9543.7575  ANGLE   =      197.2037  DIHED      =      829.7478
 VDWAALS =    23428.0536  EEL     =  -164624.1186  HBOND      =        0.0000
 1-4 VDW =      270.9554  1-4 EEL =    -3690.6159  RESTRAINT  =      306.7931
 EAMBER  =  -134045.0165


   NSTEP       ENERGY          RMS            GMAX         NAME    NUMBER
   3450      -1.3391E+05     3.5661E-01     1.7416E+01     C6        331

 BOND    =     9585.6894  ANGLE   =      197.8853  DIHED      =      829.5087
 VDWAALS =    23574.1370  EEL     =  -164985.1755  HBOND      =        0.0000
 1-4 VDW =      270.4791  1-4 EEL =    -3690.9265  RESTRAINT  =      306.4683
 EAMBER  =  -134218.4026


   NSTEP       ENERGY          RMS            GMAX         NAME    NUMBER
   3500      -1.3409E+05     3.5291E-01     2.0263E+01     O       18764

 BOND    =     9635.3883  ANGLE   =      198.6208  DIHED      =      829.2270
 VDWAALS =    23717.6931  EEL     =  -165355.8795  HBOND      =        0.0000
 1-4 VDW =      270.1239  1-4 EEL =    -3691.3217  RESTRAINT  =      306.0381
 EAMBER  =  -134396.1481


   NSTEP       ENERGY          RMS            GMAX         NAME    NUMBER
   3550      -1.3432E+05     3.3189E-01     1.9234E+01     C6        331

 BOND    =     9663.4597  ANGLE   =      197.5064  DIHED      =      829.2113
 VDWAALS =    23890.4727  EEL     =  -165783.7608  HBOND      =        0.0000
 1-4 VDW =      270.1710  1-4 EEL =    -3690.9128  RESTRAINT  =      305.5166
 EAMBER  =  -134623.8525


   NSTEP       ENERGY          RMS            GMAX         NAME    NUMBER
   3600      -1.3446E+05     2.8997E-01     1.7081E+01     C6        331

 BOND    =     9698.0607  ANGLE   =      195.2724  DIHED      =      829.3547
 VDWAALS =    23989.3099  EEL     =  -166057.0136  HBOND      =        0.0000
 1-4 VDW =      270.3079  1-4 EEL =    -3690.9614  RESTRAINT  =      304.8756
 EAMBER  =  -134765.6693


   NSTEP       ENERGY          RMS            GMAX         NAME    NUMBER
   3650      -1.3463E+05     2.5044E-01     1.2904E+01     C6        331

 BOND    =     9709.5244  ANGLE   =      195.3699  DIHED      =      829.7590
 VDWAALS =    24097.3130  EEL     =  -166341.6544  HBOND      =        0.0000
 1-4 VDW =      270.1873  1-4 EEL =    -3691.5250  RESTRAINT  =      303.9164
 EAMBER  =  -134931.0257


   NSTEP       ENERGY          RMS            GMAX         NAME    NUMBER
   3700      -1.3476E+05     2.1851E-01     1.0436E+01     O       18764

 BOND    =     9748.7397  ANGLE   =      194.5445  DIHED      =      830.1949
 VDWAALS =    24185.8368  EEL     =  -166605.1056  HBOND      =        0.0000
 1-4 VDW =      270.4058  1-4 EEL =    -3691.5585  RESTRAINT  =      303.5879
 EAMBER  =  -135066.9424


   NSTEP       ENERGY          RMS            GMAX         NAME    NUMBER
   3750      -1.3489E+05     2.1377E-01     8.6444E+00     O       18764

 BOND    =     9764.9419  ANGLE   =      194.9434  DIHED      =      830.4374
 VDWAALS =    24268.4958  EEL     =  -166829.0562  HBOND      =        0.0000
 1-4 VDW =      270.4845  1-4 EEL =    -3691.5917  RESTRAINT  =      303.2634
 EAMBER  =  -135191.3448


   NSTEP       ENERGY          RMS            GMAX         NAME    NUMBER
   3800      -1.3500E+05     2.2825E-01     1.3044E+01     C4'       666

 BOND    =     9777.1478  ANGLE   =      195.1515  DIHED      =      830.5710
 VDWAALS =    24345.3055  EEL     =  -167028.5491  HBOND      =        0.0000
 1-4 VDW =      270.4874  1-4 EEL =    -3691.6631  RESTRAINT  =      303.1543
 EAMBER  =  -135301.5491


   NSTEP       ENERGY          RMS            GMAX         NAME    NUMBER
   3850      -1.3509E+05     2.1247E-01     1.2512E+01     C5'       663

 BOND    =     9801.7885  ANGLE   =      195.5975  DIHED      =      830.5934
 VDWAALS =    24417.3878  EEL     =  -167221.9690  HBOND      =        0.0000
 1-4 VDW =      270.3871  1-4 EEL =    -3691.9320  RESTRAINT  =      303.1484
 EAMBER  =  -135398.1467


   NSTEP       ENERGY          RMS            GMAX         NAME    NUMBER
   3900      -1.3521E+05     2.7451E-01     1.5814E+01     P         659

 BOND    =     9818.5961  ANGLE   =      196.2855  DIHED      =      830.6191
 VDWAALS =    24514.7571  EEL     =  -167450.9008  HBOND      =        0.0000
 1-4 VDW =      270.5281  1-4 EEL =    -3692.0205  RESTRAINT  =      302.6799
 EAMBER  =  -135512.1354


   NSTEP       ENERGY          RMS            GMAX         NAME    NUMBER
   3950      -1.3529E+05     1.5393E-01     6.2426E+00     H4'       667

 BOND    =     9833.9253  ANGLE   =      194.2617  DIHED      =      830.9026
 VDWAALS =    24583.6310  EEL     =  -167616.0801  HBOND      =        0.0000
 1-4 VDW =      270.7422  1-4 EEL =    -3691.3700  RESTRAINT  =      301.7421
 EAMBER  =  -135593.9873


   NSTEP       ENERGY          RMS            GMAX         NAME    NUMBER
   4000      -1.3537E+05     1.3751E-01     9.6986E+00     C6        295

 BOND    =     9849.2077  ANGLE   =      193.7053  DIHED      =      830.9355
 VDWAALS =    24647.6420  EEL     =  -167773.5687  HBOND      =        0.0000
 1-4 VDW =      270.6037  1-4 EEL =    -3692.0390  RESTRAINT  =      301.2996
 EAMBER  =  -135673.5137


  Maximum number of minimization cycles reached.


                    FINAL RESULTS



   NSTEP       ENERGY          RMS            GMAX         NAME    NUMBER
   4000      -1.3537E+05     1.3751E-01     9.6986E+00     C6        295

 BOND    =     9849.2077  ANGLE   =      193.7053  DIHED      =      830.9355
 VDWAALS =    24647.6420  EEL     =  -167773.5687  HBOND      =        0.0000
 1-4 VDW =      270.6037  1-4 EEL =    -3692.0390  RESTRAINT  =      301.2996
 EAMBER  =  -135673.5137
--------------------------------------------------------------------------------
   5.  TIMINGS
--------------------------------------------------------------------------------

|  NonSetup CPU Time in Major Routines:
|
|     Routine           Sec        %
|     ------------------------------
|     Nonbond           7.24   28.54
|     Bond              0.00    0.00
|     Angle             0.00    0.00
|     Dihedral          0.00    0.00
|     Shake             0.00    0.00
|     Other            18.12   71.46
|     ------------------------------
|     Total            25.35

|  PME Nonbond Pairlist CPU Time:
|
|     Routine              Sec        %
|     ---------------------------------
|     Set Up Cit           0.00    0.00
|     Build List           0.00    0.00
|     ---------------------------------
|     Total                0.00    0.00

|  PME Direct Force CPU Time:
|
|     Routine              Sec        %
|     ---------------------------------
|     NonBonded Calc       0.00    0.00
|     Exclude Masked       0.00    0.00
|     Other                0.02    0.10
|     ---------------------------------
|     Total                0.02    0.10

|  PME Reciprocal Force CPU Time:
|
|     Routine              Sec        %
|     ---------------------------------
|     1D bspline           0.00    0.00
|     Grid Charges         0.00    0.00
|     Scalar Sum           0.00    0.00
|     Gradient Sum         0.00    0.00
|     FFT                  0.00    0.00
|     ---------------------------------
|     Total                0.00    0.00

|  Setup CPU time:            1.25 seconds
|  NonSetup CPU time:        25.35 seconds
|  Total CPU time:           26.61 seconds     0.01 hours

|  Setup wall time:           1    seconds
|  NonSetup wall time:       25    seconds
|  Total wall time:          26    seconds     0.01 hours
