
          -------------------------------------------------------
          Amber 16 PMEMD                              2016
          -------------------------------------------------------

| PMEMD implementation of SANDER, Release 16

| Run on 12/05/2020 at 20:18:59

|   Executable path: pmemd.cuda
| Working directory: /home/kyq/T7RNADNA/4/nDA4
|          Hostname: gpu01

  [-O]verwriting output

File Assignments:
|   MDIN: heat1.in                                                              
|  MDOUT: cmp_heat1.out                                                         
| INPCRD: cmp_heat0.rst                                                         
|   PARM: cmp.prmtop                                                            
| RESTRT: cmp_heat1.rst                                                         
|   REFC: cmp.inpcrd                                                            
|  MDVEL: mdvel                                                                 
|   MDEN: mden                                                                  
|  MDCRD: cmp_heat1.mdcrd                                                       
| MDINFO: mdinfo                                                                
|  MDFRC: mdfrc                                                                 

 
 Here is the input file:
 
Stage 1 heating 1 5ps 0-100K                                                   
 &cntrl                                                                        
  imin=0, ntx=1,                                                               
  nstlim=2500, dt=0.002,                                                       
  ntc=2, ntf=2,                                                                
  ntt=1, tautp=1.5,                                                            
  tempi=0.0, temp0=50.0,                                                       
  ntpr=50, ntwx=50,                                                            
  ntb=1,                                                                       
  cut=10,                                                                      
 /                                                                             


Note: ig = -1. Setting random seed to   513709 based on wallclock time in 
      microseconds.
 
|--------------------- INFORMATION ----------------------
| GPU (CUDA) Version of PMEMD in use: NVIDIA GPU IN USE.
|                    Version 16.0.0
| 
|                      02/25/2016
| 
| Implementation by:
|                    Ross C. Walker     (SDSC)
|                    Scott Le Grand     (nVIDIA)
| 
| Precision model in use:
|      [SPFP] - Single Precision Forces, 64-bit Fixed Point
|               Accumulation. (Default)
| 
|--------------------------------------------------------
 
|----------------- CITATION INFORMATION -----------------
|
|    When publishing work that utilized the CUDA version
|    of AMBER, please cite the following in addition to
|    the regular AMBER citations:
|
|  - Romelia Salomon-Ferrer; Andreas W. Goetz; Duncan
|    Poole; Scott Le Grand; Ross C. Walker "Routine
|    microsecond molecular dynamics simulations with
|    AMBER - Part II: Particle Mesh Ewald", J. Chem.
|    Theory Comput., 2013, 9 (9), pp3878-3888,
|    DOI: 10.1021/ct400314y.
|
|  - Andreas W. Goetz; Mark J. Williamson; Dong Xu;
|    Duncan Poole; Scott Le Grand; Ross C. Walker
|    "Routine microsecond molecular dynamics simulations
|    with AMBER - Part I: Generalized Born", J. Chem.
|    Theory Comput., 2012, 8 (5), pp1542-1555.
|
|  - Scott Le Grand; Andreas W. Goetz; Ross C. Walker
|    "SPFP: Speed without compromise - a mixed precision
|    model for GPU accelerated molecular dynamics
|    simulations.", Comp. Phys. Comm., 2013, 184
|    pp374-380, DOI: 10.1016/j.cpc.2012.09.022
|
|--------------------------------------------------------
 
|------------------- GPU DEVICE INFO --------------------
|
|            CUDA_VISIBLE_DEVICES: 0
|   CUDA Capable Devices Detected:      1
|           CUDA Device ID in use:      0
|                CUDA Device Name: Tesla P100-PCIE-16GB
|     CUDA Device Global Mem Size:  16276 MB
| CUDA Device Num Multiprocessors:     56
|           CUDA Device Core Freq:   1.33 GHz
|
|--------------------------------------------------------
 
 
| Conditional Compilation Defines Used:
| PUBFFT
| BINTRAJ
| CUDA
| EMIL
 
| Largest sphere to fit in unit cell has radius =    31.605

| New format PARM file being parsed.
| Version =    1.000 Date = 12/05/20 Time = 20:15:50

| Note: 1-4 EEL scale factors are being read from the topology file.

| Note: 1-4 VDW scale factors are being read from the topology file.
| Duplicated    0 dihedrals

| Duplicated    0 dihedrals

--------------------------------------------------------------------------------
   1.  RESOURCE   USE: 
--------------------------------------------------------------------------------

 getting box info from netcdf restart file
 NATOM  =   31261 NTYPES =      18 NBONH =   30525 MBONA  =     787
 NTHETH =     879 MTHETA =    1217 NPHIH =    1867 MPHIA  =    2445
 NHPARM =       0 NPARM  =       0 NNB   =   46259 NRES   =   10115
 NBONA  =     787 NTHETA =    1217 NPHIA =    2445 NUMBND =      73
 NUMANG =     152 NPTRA  =      87 NATYP =      37 NPHB   =       1
 IFBOX  =       2 NMXRS  =      34 IFCAP =       0 NEXTRA =       0
 NCOPY  =       0

| Coordinate Index Table dimensions:    12   12   12
| Direct force subcell size =     6.4513    6.4513    6.4513

     BOX TYPE: TRUNCATED OCTAHEDRON

--------------------------------------------------------------------------------
   2.  CONTROL  DATA  FOR  THE  RUN
--------------------------------------------------------------------------------

default_name                                                                    

General flags:
     imin    =       0, nmropt  =       0

Nature and format of input:
     ntx     =       1, irest   =       0, ntrx    =       1

Nature and format of output:
     ntxo    =       2, ntpr    =      50, ntrx    =       1, ntwr    =    2500
     iwrap   =       0, ntwx    =      50, ntwv    =       0, ntwe    =       0
     ioutfm  =       1, ntwprt  =       0, idecomp =       0, rbornstat=      0

Potential function:
     ntf     =       2, ntb     =       1, igb     =       0, nsnb    =      25
     ipol    =       0, gbsa    =       0, iesp    =       0
     dielc   =   1.00000, cut     =  10.00000, intdiel =   1.00000

Frozen or restrained atoms:
     ibelly  =       0, ntr     =       0

Molecular dynamics:
     nstlim  =      2500, nscm    =      1000, nrespa  =         1
     t       =   0.00000, dt      =   0.00200, vlimit  =  -1.00000

Berendsen (weak-coupling) temperature regulation:
     temp0   =  50.00000, tempi   =   0.00000, tautp   =   1.50000

SHAKE:
     ntc     =       2, jfastw  =       0
     tol     =   0.00001

| Intermolecular bonds treatment:
|     no_intermolecular_bonds =       1

| Energy averages sample interval:
|     ene_avg_sampling =      50

Ewald parameters:
     verbose =       0, ew_type =       0, nbflag  =       1, use_pme =       1
     vdwmeth =       1, eedmeth =       1, netfrc  =       1
     Box X =   77.415   Box Y =   77.415   Box Z =   77.415
     Alpha =  109.471   Beta  =  109.471   Gamma =  109.471
     NFFT1 =   80       NFFT2 =   80       NFFT3 =   80
     Cutoff=   10.000   Tol   =0.100E-04
     Ewald Coefficient =  0.27511
     Interpolation order =    4

--------------------------------------------------------------------------------
   3.  ATOMIC COORDINATES AND VELOCITIES
--------------------------------------------------------------------------------

default_name                                                                    
 begin time read from input coords =     0.000 ps

 
 Number of triangulated 3-point waters found:    10049

     Sum of charges from parm topology file =   0.00000012
     Forcing neutrality...

| Dynamic Memory, Types Used:
| Reals              927012
| Integers           766144

| Nonbonded Pairs Initial Allocation:     9455670

| GPU memory information (estimate):
| KB of GPU memory in use:    162811
| KB of CPU memory in use:     51679

--------------------------------------------------------------------------------
   4.  RESULTS
--------------------------------------------------------------------------------

 ---------------------------------------------------
 APPROXIMATING switch and d/dx switch using CUBIC SPLINE INTERPOLATION
 using   5000.0 points per unit in tabled values
 TESTING RELATIVE ERROR over r ranging from 0.0 to cutoff
| CHECK switch(x): max rel err =   0.3316E-14   at   2.351880
| CHECK d/dx switch(x): max rel err =   0.8066E-11   at   2.747240
 ---------------------------------------------------
|---------------------------------------------------
| APPROXIMATING direct energy using CUBIC SPLINE INTERPOLATION
|  with   50.0 points per unit in tabled values
| Relative Error Limit not exceeded for r .gt.   2.34
| APPROXIMATING direct force using CUBIC SPLINE INTERPOLATION
|  with   50.0 points per unit in tabled values
| Relative Error Limit not exceeded for r .gt.   2.81
|---------------------------------------------------

 NSTEP =        0   TIME(PS) =       0.000  TEMP(K) =     0.00  PRESS =     0.0
 Etot   =   -149165.7940  EKtot   =         0.0000  EPtot      =   -149165.7940
 BOND   =        50.3821  ANGLE   =       161.9093  DIHED      =       845.3929
 1-4 NB =       267.2547  1-4 EEL =     -3651.7285  VDWAALS    =     27127.3125
 EELEC  =   -173966.3170  EHBOND  =         0.0000  RESTRAINT  =         0.0000
 ------------------------------------------------------------------------------


 NSTEP =       50   TIME(PS) =       0.100  TEMP(K) =     8.89  PRESS =     0.0
 Etot   =   -128180.7497  EKtot   =       558.9124  EPtot      =   -128739.6621
 BOND   =        49.9653  ANGLE   =       159.1447  DIHED      =       844.5916
 1-4 NB =       270.2907  1-4 EEL =     -3647.4861  VDWAALS    =     22852.4685
 EELEC  =   -149268.6368  EHBOND  =         0.0000  RESTRAINT  =         0.0000
 ------------------------------------------------------------------------------


 NSTEP =      100   TIME(PS) =       0.200  TEMP(K) =     8.01  PRESS =     0.0
 Etot   =   -128021.1705  EKtot   =       503.2120  EPtot      =   -128524.3825
 BOND   =        51.3142  ANGLE   =       162.4207  DIHED      =       843.1696
 1-4 NB =       268.6442  1-4 EEL =     -3653.4136  VDWAALS    =     20762.5522
 EELEC  =   -146959.0698  EHBOND  =         0.0000  RESTRAINT  =         0.0000
 ------------------------------------------------------------------------------


 NSTEP =      150   TIME(PS) =       0.300  TEMP(K) =    10.68  PRESS =     0.0
 Etot   =   -127857.0578  EKtot   =       670.9397  EPtot      =   -128527.9975
 BOND   =        51.3405  ANGLE   =       163.8048  DIHED      =       839.5338
 1-4 NB =       269.1505  1-4 EEL =     -3653.0783  VDWAALS    =     21052.2547
 EELEC  =   -147251.0036  EHBOND  =         0.0000  RESTRAINT  =         0.0000
 ------------------------------------------------------------------------------


 NSTEP =      200   TIME(PS) =       0.400  TEMP(K) =    12.03  PRESS =     0.0
 Etot   =   -127694.7349  EKtot   =       756.3402  EPtot      =   -128451.0751
 BOND   =        51.0113  ANGLE   =       164.9751  DIHED      =       840.1355
 1-4 NB =       271.1700  1-4 EEL =     -3649.1643  VDWAALS    =     21422.2206
 EELEC  =   -147551.4233  EHBOND  =         0.0000  RESTRAINT  =         0.0000
 ------------------------------------------------------------------------------


 NSTEP =      250   TIME(PS) =       0.500  TEMP(K) =    13.98  PRESS =     0.0
 Etot   =   -127539.4058  EKtot   =       878.5304  EPtot      =   -128417.9362
 BOND   =        50.8243  ANGLE   =       163.6852  DIHED      =       842.5202
 1-4 NB =       271.2724  1-4 EEL =     -3650.1236  VDWAALS    =     21161.1288
 EELEC  =   -147257.2435  EHBOND  =         0.0000  RESTRAINT  =         0.0000
 ------------------------------------------------------------------------------


 NSTEP =      300   TIME(PS) =       0.600  TEMP(K) =    15.60  PRESS =     0.0
 Etot   =   -127391.3435  EKtot   =       980.6713  EPtot      =   -128372.0148
 BOND   =        51.2754  ANGLE   =       164.1998  DIHED      =       844.3523
 1-4 NB =       269.7839  1-4 EEL =     -3649.4432  VDWAALS    =     20895.3162
 EELEC  =   -146947.4991  EHBOND  =         0.0000  RESTRAINT  =         0.0000
 ------------------------------------------------------------------------------


 NSTEP =      350   TIME(PS) =       0.700  TEMP(K) =    17.33  PRESS =     0.0
 Etot   =   -127251.8273  EKtot   =      1088.8835  EPtot      =   -128340.7108
 BOND   =        52.1204  ANGLE   =       166.6410  DIHED      =       849.6697
 1-4 NB =       267.5951  1-4 EEL =     -3655.0916  VDWAALS    =     21035.7558
 EELEC  =   -147057.4012  EHBOND  =         0.0000  RESTRAINT  =         0.0000
 ------------------------------------------------------------------------------


 NSTEP =      400   TIME(PS) =       0.800  TEMP(K) =    18.86  PRESS =     0.0
 Etot   =   -127118.3059  EKtot   =      1185.5654  EPtot      =   -128303.8713
 BOND   =        51.3031  ANGLE   =       164.9812  DIHED      =       850.8800
 1-4 NB =       269.5935  1-4 EEL =     -3652.2878  VDWAALS    =     21097.7596
 EELEC  =   -147086.1009  EHBOND  =         0.0000  RESTRAINT  =         0.0000
 ------------------------------------------------------------------------------


 NSTEP =      450   TIME(PS) =       0.900  TEMP(K) =    20.06  PRESS =     0.0
 Etot   =   -126990.8736  EKtot   =      1261.0302  EPtot      =   -128251.9038
 BOND   =        52.8111  ANGLE   =       172.1657  DIHED      =       849.0990
 1-4 NB =       268.2499  1-4 EEL =     -3652.7920  VDWAALS    =     20899.9393
 EELEC  =   -146841.3768  EHBOND  =         0.0000  RESTRAINT  =         0.0000
 ------------------------------------------------------------------------------


 NSTEP =      500   TIME(PS) =       1.000  TEMP(K) =    21.83  PRESS =     0.0
 Etot   =   -126868.5689  EKtot   =      1372.0945  EPtot      =   -128240.6634
 BOND   =        53.3490  ANGLE   =       175.8225  DIHED      =       845.4267
 1-4 NB =       267.9569  1-4 EEL =     -3647.9391  VDWAALS    =     20950.2096
 EELEC  =   -146885.4891  EHBOND  =         0.0000  RESTRAINT  =         0.0000
 ------------------------------------------------------------------------------


 NSTEP =      550   TIME(PS) =       1.100  TEMP(K) =    23.68  PRESS =     0.0
 Etot   =   -126754.7161  EKtot   =      1488.2761  EPtot      =   -128242.9922
 BOND   =        51.6646  ANGLE   =       176.9512  DIHED      =       840.6955
 1-4 NB =       267.6994  1-4 EEL =     -3651.5383  VDWAALS    =     21100.3310
 EELEC  =   -147028.7956  EHBOND  =         0.0000  RESTRAINT  =         0.0000
 ------------------------------------------------------------------------------


 NSTEP =      600   TIME(PS) =       1.200  TEMP(K) =    24.71  PRESS =     0.0
 Etot   =   -126647.4435  EKtot   =      1553.0292  EPtot      =   -128200.4727
 BOND   =        52.9033  ANGLE   =       179.9917  DIHED      =       843.1050
 1-4 NB =       266.4864  1-4 EEL =     -3646.5217  VDWAALS    =     20887.0902
 EELEC  =   -146783.5277  EHBOND  =         0.0000  RESTRAINT  =         0.0000
 ------------------------------------------------------------------------------


 NSTEP =      650   TIME(PS) =       1.300  TEMP(K) =    26.01  PRESS =     0.0
 Etot   =   -126543.4248  EKtot   =      1634.7612  EPtot      =   -128178.1861
 BOND   =        52.9971  ANGLE   =       179.8084  DIHED      =       845.1161
 1-4 NB =       267.4830  1-4 EEL =     -3651.6363  VDWAALS    =     21057.2303
 EELEC  =   -146929.1847  EHBOND  =         0.0000  RESTRAINT  =         0.0000
 ------------------------------------------------------------------------------


 NSTEP =      700   TIME(PS) =       1.400  TEMP(K) =    27.18  PRESS =     0.0
 Etot   =   -126445.8384  EKtot   =      1708.4863  EPtot      =   -128154.3247
 BOND   =        51.7953  ANGLE   =       175.3052  DIHED      =       847.4278
 1-4 NB =       269.0790  1-4 EEL =     -3651.2598  VDWAALS    =     21173.5138
 EELEC  =   -147020.1861  EHBOND  =         0.0000  RESTRAINT  =         0.0000
 ------------------------------------------------------------------------------


 NSTEP =      750   TIME(PS) =       1.500  TEMP(K) =    28.38  PRESS =     0.0
 Etot   =   -126351.2857  EKtot   =      1783.9012  EPtot      =   -128135.1869
 BOND   =        54.5937  ANGLE   =       179.9110  DIHED      =       851.1701
 1-4 NB =       269.9760  1-4 EEL =     -3653.3847  VDWAALS    =     21261.7683
 EELEC  =   -147099.2213  EHBOND  =         0.0000  RESTRAINT  =         0.0000
 ------------------------------------------------------------------------------


 NSTEP =      800   TIME(PS) =       1.600  TEMP(K) =    29.08  PRESS =     0.0
 Etot   =   -126262.7902  EKtot   =      1827.9557  EPtot      =   -128090.7459
 BOND   =        54.1791  ANGLE   =       179.5692  DIHED      =       849.6723
 1-4 NB =       269.6456  1-4 EEL =     -3651.4609  VDWAALS    =     21027.4704
 EELEC  =   -146819.8215  EHBOND  =         0.0000  RESTRAINT  =         0.0000
 ------------------------------------------------------------------------------


 NSTEP =      850   TIME(PS) =       1.700  TEMP(K) =    30.59  PRESS =     0.0
 Etot   =   -126178.3687  EKtot   =      1922.8162  EPtot      =   -128101.1849
 BOND   =        53.3560  ANGLE   =       183.2379  DIHED      =       847.7036
 1-4 NB =       268.7842  1-4 EEL =     -3655.4872  VDWAALS    =     21124.1260
 EELEC  =   -146922.9053  EHBOND  =         0.0000  RESTRAINT  =         0.0000
 ------------------------------------------------------------------------------


 NSTEP =      900   TIME(PS) =       1.800  TEMP(K) =    31.27  PRESS =     0.0
 Etot   =   -126099.5591  EKtot   =      1965.0698  EPtot      =   -128064.6290
 BOND   =        53.9956  ANGLE   =       185.4429  DIHED      =       851.4220
 1-4 NB =       267.0990  1-4 EEL =     -3650.1998  VDWAALS    =     21133.9522
 EELEC  =   -146906.3410  EHBOND  =         0.0000  RESTRAINT  =         0.0000
 ------------------------------------------------------------------------------


 NSTEP =      950   TIME(PS) =       1.900  TEMP(K) =    32.85  PRESS =     0.0
 Etot   =   -126024.8012  EKtot   =      2064.3828  EPtot      =   -128089.1840
 BOND   =        53.1160  ANGLE   =       180.6731  DIHED      =       857.0912
 1-4 NB =       268.4893  1-4 EEL =     -3652.4010  VDWAALS    =     21105.0310
 EELEC  =   -146901.1837  EHBOND  =         0.0000  RESTRAINT  =         0.0000
 ------------------------------------------------------------------------------

check COM velocity, temp:        0.000028     0.00(Removed)

 NSTEP =     1000   TIME(PS) =       2.000  TEMP(K) =    33.60  PRESS =     0.0
 Etot   =   -125955.1761  EKtot   =      2111.6040  EPtot      =   -128066.7801
 BOND   =        53.6987  ANGLE   =       188.5399  DIHED      =       855.0288
 1-4 NB =       268.1951  1-4 EEL =     -3649.6123  VDWAALS    =     21161.6102
 EELEC  =   -146944.2406  EHBOND  =         0.0000  RESTRAINT  =         0.0000
 ------------------------------------------------------------------------------


 NSTEP =     1050   TIME(PS) =       2.100  TEMP(K) =    34.57  PRESS =     0.0
 Etot   =   -125889.0848  EKtot   =      2172.7314  EPtot      =   -128061.8163
 BOND   =        54.3101  ANGLE   =       182.3725  DIHED      =       859.9927
 1-4 NB =       267.1733  1-4 EEL =     -3640.8469  VDWAALS    =     21259.4166
 EELEC  =   -147044.2347  EHBOND  =         0.0000  RESTRAINT  =         0.0000
 ------------------------------------------------------------------------------


 NSTEP =     1100   TIME(PS) =       2.200  TEMP(K) =    35.39  PRESS =     0.0
 Etot   =   -125826.4765  EKtot   =      2224.1545  EPtot      =   -128050.6310
 BOND   =        56.2615  ANGLE   =       184.6385  DIHED      =       856.5125
 1-4 NB =       266.7577  1-4 EEL =     -3651.6378  VDWAALS    =     21133.3024
 EELEC  =   -146896.4659  EHBOND  =         0.0000  RESTRAINT  =         0.0000
 ------------------------------------------------------------------------------


 NSTEP =     1150   TIME(PS) =       2.300  TEMP(K) =    36.30  PRESS =     0.0
 Etot   =   -125766.4884  EKtot   =      2281.1523  EPtot      =   -128047.6408
 BOND   =        52.6020  ANGLE   =       183.9232  DIHED      =       854.4571
 1-4 NB =       272.9158  1-4 EEL =     -3642.3323  VDWAALS    =     21094.1719
 EELEC  =   -146863.3785  EHBOND  =         0.0000  RESTRAINT  =         0.0000
 ------------------------------------------------------------------------------


 NSTEP =     1200   TIME(PS) =       2.400  TEMP(K) =    36.90  PRESS =     0.0
 Etot   =   -125711.7186  EKtot   =      2319.0649  EPtot      =   -128030.7836
 BOND   =        55.2871  ANGLE   =       187.5540  DIHED      =       861.7646
 1-4 NB =       268.3853  1-4 EEL =     -3647.3911  VDWAALS    =     21001.6073
 EELEC  =   -146757.9908  EHBOND  =         0.0000  RESTRAINT  =         0.0000
 ------------------------------------------------------------------------------


 NSTEP =     1250   TIME(PS) =       2.500  TEMP(K) =    37.69  PRESS =     0.0
 Etot   =   -125657.6878  EKtot   =      2368.6001  EPtot      =   -128026.2879
 BOND   =        56.4553  ANGLE   =       187.2934  DIHED      =       853.9645
 1-4 NB =       271.1087  1-4 EEL =     -3642.4966  VDWAALS    =     20977.3239
 EELEC  =   -146729.9371  EHBOND  =         0.0000  RESTRAINT  =         0.0000
 ------------------------------------------------------------------------------


 NSTEP =     1300   TIME(PS) =       2.600  TEMP(K) =    38.40  PRESS =     0.0
 Etot   =   -125608.3419  EKtot   =      2413.5315  EPtot      =   -128021.8734
 BOND   =        54.9784  ANGLE   =       178.2090  DIHED      =       860.0397
 1-4 NB =       275.4112  1-4 EEL =     -3639.8765  VDWAALS    =     21006.5285
 EELEC  =   -146757.1637  EHBOND  =         0.0000  RESTRAINT  =         0.0000
 ------------------------------------------------------------------------------


 NSTEP =     1350   TIME(PS) =       2.700  TEMP(K) =    39.28  PRESS =     0.0
 Etot   =   -125562.1033  EKtot   =      2468.9009  EPtot      =   -128031.0041
 BOND   =        55.5626  ANGLE   =       196.5908  DIHED      =       852.9679
 1-4 NB =       267.3223  1-4 EEL =     -3655.1736  VDWAALS    =     21053.6038
 EELEC  =   -146801.8780  EHBOND  =         0.0000  RESTRAINT  =         0.0000
 ------------------------------------------------------------------------------


 NSTEP =     1400   TIME(PS) =       2.800  TEMP(K) =    39.79  PRESS =     0.0
 Etot   =   -125517.9967  EKtot   =      2500.9341  EPtot      =   -128018.9308
 BOND   =        53.0507  ANGLE   =       187.2597  DIHED      =       853.0219
 1-4 NB =       273.9690  1-4 EEL =     -3635.9068  VDWAALS    =     21045.9782
 EELEC  =   -146796.3033  EHBOND  =         0.0000  RESTRAINT  =         0.0000
 ------------------------------------------------------------------------------


 NSTEP =     1450   TIME(PS) =       2.900  TEMP(K) =    40.41  PRESS =     0.0
 Etot   =   -125476.0913  EKtot   =      2539.9014  EPtot      =   -128015.9926
 BOND   =        54.1435  ANGLE   =       192.8354  DIHED      =       849.8377
 1-4 NB =       270.0999  1-4 EEL =     -3645.4640  VDWAALS    =     20948.5704
 EELEC  =   -146686.0155  EHBOND  =         0.0000  RESTRAINT  =         0.0000
 ------------------------------------------------------------------------------


 NSTEP =     1500   TIME(PS) =       3.000  TEMP(K) =    41.07  PRESS =     0.0
 Etot   =   -125438.4212  EKtot   =      2581.4307  EPtot      =   -128019.8519
 BOND   =        56.7022  ANGLE   =       195.9520  DIHED      =       851.9579
 1-4 NB =       272.5928  1-4 EEL =     -3653.9115  VDWAALS    =     21012.6727
 EELEC  =   -146755.8179  EHBOND  =         0.0000  RESTRAINT  =         0.0000
 ------------------------------------------------------------------------------


 NSTEP =     1550   TIME(PS) =       3.100  TEMP(K) =    41.28  PRESS =     0.0
 Etot   =   -125401.2652  EKtot   =      2594.4507  EPtot      =   -127995.7158
 BOND   =        56.7422  ANGLE   =       191.6638  DIHED      =       857.3692
 1-4 NB =       272.3148  1-4 EEL =     -3649.8755  VDWAALS    =     21057.5466
 EELEC  =   -146781.4769  EHBOND  =         0.0000  RESTRAINT  =         0.0000
 ------------------------------------------------------------------------------


 NSTEP =     1600   TIME(PS) =       3.200  TEMP(K) =    42.42  PRESS =     0.0
 Etot   =   -125368.3211  EKtot   =      2666.0066  EPtot      =   -128034.3277
 BOND   =        56.0188  ANGLE   =       195.1193  DIHED      =       852.5513
 1-4 NB =       268.1367  1-4 EEL =     -3659.7152  VDWAALS    =     21191.2425
 EELEC  =   -146937.6812  EHBOND  =         0.0000  RESTRAINT  =         0.0000
 ------------------------------------------------------------------------------


 NSTEP =     1650   TIME(PS) =       3.300  TEMP(K) =    42.37  PRESS =     0.0
 Etot   =   -125336.2566  EKtot   =      2662.8149  EPtot      =   -127999.0716
 BOND   =        55.4839  ANGLE   =       196.1810  DIHED      =       847.6289
 1-4 NB =       272.1488  1-4 EEL =     -3646.3905  VDWAALS    =     21207.9450
 EELEC  =   -146932.0687  EHBOND  =         0.0000  RESTRAINT  =         0.0000
 ------------------------------------------------------------------------------


 NSTEP =     1700   TIME(PS) =       3.400  TEMP(K) =    43.25  PRESS =     0.0
 Etot   =   -125306.7160  EKtot   =      2718.0459  EPtot      =   -128024.7619
 BOND   =        55.9067  ANGLE   =       196.9128  DIHED      =       854.2753
 1-4 NB =       277.5260  1-4 EEL =     -3648.8938  VDWAALS    =     21211.2058
 EELEC  =   -146971.6946  EHBOND  =         0.0000  RESTRAINT  =         0.0000
 ------------------------------------------------------------------------------


 NSTEP =     1750   TIME(PS) =       3.500  TEMP(K) =    43.69  PRESS =     0.0
 Etot   =   -125279.0373  EKtot   =      2745.6897  EPtot      =   -128024.7270
 BOND   =        55.8943  ANGLE   =       194.8019  DIHED      =       851.5401
 1-4 NB =       267.8708  1-4 EEL =     -3647.2362  VDWAALS    =     21214.7330
 EELEC  =   -146962.3309  EHBOND  =         0.0000  RESTRAINT  =         0.0000
 ------------------------------------------------------------------------------


 NSTEP =     1800   TIME(PS) =       3.600  TEMP(K) =    44.22  PRESS =     0.0
 Etot   =   -125253.5681  EKtot   =      2779.3604  EPtot      =   -128032.9285
 BOND   =        55.9495  ANGLE   =       195.7985  DIHED      =       853.0113
 1-4 NB =       271.2821  1-4 EEL =     -3652.8684  VDWAALS    =     21042.6087
 EELEC  =   -146798.7102  EHBOND  =         0.0000  RESTRAINT  =         0.0000
 ------------------------------------------------------------------------------


 NSTEP =     1850   TIME(PS) =       3.700  TEMP(K) =    44.98  PRESS =     0.0
 Etot   =   -125230.6622  EKtot   =      2827.0552  EPtot      =   -128057.7174
 BOND   =        56.1735  ANGLE   =       196.1972  DIHED      =       850.3620
 1-4 NB =       271.9760  1-4 EEL =     -3655.6484  VDWAALS    =     21159.1437
 EELEC  =   -146935.9214  EHBOND  =         0.0000  RESTRAINT  =         0.0000
 ------------------------------------------------------------------------------


 NSTEP =     1900   TIME(PS) =       3.800  TEMP(K) =    45.09  PRESS =     0.0
 Etot   =   -125209.6490  EKtot   =      2833.6382  EPtot      =   -128043.2872
 BOND   =        58.4966  ANGLE   =       200.6640  DIHED      =       848.2676
 1-4 NB =       269.8861  1-4 EEL =     -3654.4627  VDWAALS    =     21237.4975
 EELEC  =   -147003.6363  EHBOND  =         0.0000  RESTRAINT  =         0.0000
 ------------------------------------------------------------------------------


 NSTEP =     1950   TIME(PS) =       3.900  TEMP(K) =    45.45  PRESS =     0.0
 Etot   =   -125189.4940  EKtot   =      2856.3154  EPtot      =   -128045.8094
 BOND   =        59.5480  ANGLE   =       195.5053  DIHED      =       853.5140
 1-4 NB =       267.8041  1-4 EEL =     -3647.2244  VDWAALS    =     21096.4020
 EELEC  =   -146871.3584  EHBOND  =         0.0000  RESTRAINT  =         0.0000
 ------------------------------------------------------------------------------

check COM velocity, temp:        0.000011     0.00(Removed)

 NSTEP =     2000   TIME(PS) =       4.000  TEMP(K) =    45.61  PRESS =     0.0
 Etot   =   -125170.9535  EKtot   =      2866.6030  EPtot      =   -128037.5565
 BOND   =        56.0407  ANGLE   =       193.7657  DIHED      =       843.7938
 1-4 NB =       271.3493  1-4 EEL =     -3642.8345  VDWAALS    =     21143.6846
 EELEC  =   -146903.3562  EHBOND  =         0.0000  RESTRAINT  =         0.0000
 ------------------------------------------------------------------------------


 NSTEP =     2050   TIME(PS) =       4.100  TEMP(K) =    45.79  PRESS =     0.0
 Etot   =   -125154.4393  EKtot   =      2878.1235  EPtot      =   -128032.5628
 BOND   =        59.9132  ANGLE   =       202.2635  DIHED      =       848.5025
 1-4 NB =       268.8168  1-4 EEL =     -3646.3379  VDWAALS    =     21152.6427
 EELEC  =   -146918.3635  EHBOND  =         0.0000  RESTRAINT  =         0.0000
 ------------------------------------------------------------------------------


 NSTEP =     2100   TIME(PS) =       4.200  TEMP(K) =    45.85  PRESS =     0.0
 Etot   =   -125137.8522  EKtot   =      2881.6775  EPtot      =   -128019.5297
 BOND   =        57.6005  ANGLE   =       198.2860  DIHED      =       851.9846
 1-4 NB =       270.3677  1-4 EEL =     -3637.0503  VDWAALS    =     21056.0909
 EELEC  =   -146816.8091  EHBOND  =         0.0000  RESTRAINT  =         0.0000
 ------------------------------------------------------------------------------


 NSTEP =     2150   TIME(PS) =       4.300  TEMP(K) =    46.97  PRESS =     0.0
 Etot   =   -125123.0856  EKtot   =      2951.9194  EPtot      =   -128075.0051
 BOND   =        59.1378  ANGLE   =       202.3439  DIHED      =       850.4794
 1-4 NB =       266.3487  1-4 EEL =     -3649.0936  VDWAALS    =     21061.9315
 EELEC  =   -146866.1528  EHBOND  =         0.0000  RESTRAINT  =         0.0000
 ------------------------------------------------------------------------------


 NSTEP =     2200   TIME(PS) =       4.400  TEMP(K) =    46.94  PRESS =     0.0
 Etot   =   -125110.6015  EKtot   =      2950.3342  EPtot      =   -128060.9358
 BOND   =        59.8023  ANGLE   =       196.8983  DIHED      =       847.4205
 1-4 NB =       270.0037  1-4 EEL =     -3650.6107  VDWAALS    =     21222.7499
 EELEC  =   -147007.1997  EHBOND  =         0.0000  RESTRAINT  =         0.0000
 ------------------------------------------------------------------------------


 NSTEP =     2250   TIME(PS) =       4.500  TEMP(K) =    46.80  PRESS =     0.0
 Etot   =   -125097.0723  EKtot   =      2941.1023  EPtot      =   -128038.1746
 BOND   =        56.9113  ANGLE   =       193.6469  DIHED      =       848.3019
 1-4 NB =       275.6963  1-4 EEL =     -3645.7783  VDWAALS    =     21256.0344
 EELEC  =   -147022.9870  EHBOND  =         0.0000  RESTRAINT  =         0.0000
 ------------------------------------------------------------------------------


 NSTEP =     2300   TIME(PS) =       4.600  TEMP(K) =    47.31  PRESS =     0.0
 Etot   =   -125085.9193  EKtot   =      2973.5698  EPtot      =   -128059.4891
 BOND   =        58.0966  ANGLE   =       193.4790  DIHED      =       839.3345
 1-4 NB =       272.1290  1-4 EEL =     -3649.4197  VDWAALS    =     21199.2826
 EELEC  =   -146972.3910  EHBOND  =         0.0000  RESTRAINT  =         0.0000
 ------------------------------------------------------------------------------


 NSTEP =     2350   TIME(PS) =       4.700  TEMP(K) =    47.96  PRESS =     0.0
 Etot   =   -125075.0534  EKtot   =      3014.5664  EPtot      =   -128089.6198
 BOND   =        55.7474  ANGLE   =       202.7036  DIHED      =       845.7138
 1-4 NB =       267.9583  1-4 EEL =     -3643.6998  VDWAALS    =     21162.2044
 EELEC  =   -146980.2474  EHBOND  =         0.0000  RESTRAINT  =         0.0000
 ------------------------------------------------------------------------------


 NSTEP =     2400   TIME(PS) =       4.800  TEMP(K) =    47.94  PRESS =     0.0
 Etot   =   -125065.4904  EKtot   =      3013.2329  EPtot      =   -128078.7233
 BOND   =        62.3694  ANGLE   =       211.6447  DIHED      =       844.9203
 1-4 NB =       271.7645  1-4 EEL =     -3641.8157  VDWAALS    =     21269.0877
 EELEC  =   -147096.6942  EHBOND  =         0.0000  RESTRAINT  =         0.0000
 ------------------------------------------------------------------------------


 NSTEP =     2450   TIME(PS) =       4.900  TEMP(K) =    48.08  PRESS =     0.0
 Etot   =   -125058.1977  EKtot   =      3022.1069  EPtot      =   -128080.3046
 BOND   =        58.3825  ANGLE   =       196.9544  DIHED      =       851.2103
 1-4 NB =       271.8992  1-4 EEL =     -3640.9178  VDWAALS    =     21248.1871
 EELEC  =   -147066.0204  EHBOND  =         0.0000  RESTRAINT  =         0.0000
 ------------------------------------------------------------------------------


 NSTEP =     2500   TIME(PS) =       5.000  TEMP(K) =    48.49  PRESS =     0.0
 Etot   =   -125050.2155  EKtot   =      3047.3506  EPtot      =   -128097.5661
 BOND   =        57.5320  ANGLE   =       202.1388  DIHED      =       846.9326
 1-4 NB =       271.6524  1-4 EEL =     -3644.1189  VDWAALS    =     21317.8859
 EELEC  =   -147149.5888  EHBOND  =         0.0000  RESTRAINT  =         0.0000
 ------------------------------------------------------------------------------


      A V E R A G E S   O V E R      50 S T E P S


 NSTEP =     2500   TIME(PS) =       5.000  TEMP(K) =    34.50  PRESS =     0.0
 Etot   =   -125966.7141  EKtot   =      2168.2166  EPtot      =   -128134.9306
 BOND   =        54.9743  ANGLE   =       186.0174  DIHED      =       849.5888
 1-4 NB =       269.9862  1-4 EEL =     -3648.6670  VDWAALS    =     21144.0602
 EELEC  =   -146990.8905  EHBOND  =         0.0000  RESTRAINT  =         0.0000
 ------------------------------------------------------------------------------


      R M S  F L U C T U A T I O N S


 NSTEP =     2500   TIME(PS) =       5.000  TEMP(K) =    12.03  PRESS =     0.0
 Etot   =       901.7027  EKtot   =       755.7985  EPtot      =       162.2314
 BOND   =         2.7770  ANGLE   =        12.8422  DIHED      =         5.3055
 1-4 NB =         2.4548  1-4 EEL =         5.0654  VDWAALS    =       272.9003
 EELEC  =       358.8302  EHBOND  =         0.0000  RESTRAINT  =         0.0000
 ------------------------------------------------------------------------------

--------------------------------------------------------------------------------
   5.  TIMINGS
--------------------------------------------------------------------------------

|  NonSetup CPU Time in Major Routines:
|
|     Routine           Sec        %
|     ------------------------------
|     Nonbond           0.84   17.38
|     Bond              0.00    0.00
|     Angle             0.00    0.00
|     Dihedral          0.00    0.00
|     Shake             0.04    0.78
|     RunMD             3.95   81.67
|     Other             0.01    0.17
|     ------------------------------
|     Total             4.84

|  PME Nonbond Pairlist CPU Time:
|
|     Routine              Sec        %
|     ---------------------------------
|     Set Up Cit           0.00    0.00
|     Build List           0.00    0.00
|     ---------------------------------
|     Total                0.00    0.00

|  PME Direct Force CPU Time:
|
|     Routine              Sec        %
|     ---------------------------------
|     NonBonded Calc       0.00    0.00
|     Exclude Masked       0.00    0.00
|     Other                0.00    0.09
|     ---------------------------------
|     Total                0.00    0.09

|  PME Reciprocal Force CPU Time:
|
|     Routine              Sec        %
|     ---------------------------------
|     1D bspline           0.00    0.00
|     Grid Charges         0.00    0.00
|     Scalar Sum           0.00    0.00
|     Gradient Sum         0.00    0.00
|     FFT                  0.00    0.00
|     ---------------------------------
|     Total                0.00    0.00

|  Final Performance Info:
|     -----------------------------------------------------
|     Average timings for last    2500 steps:
|     Elapsed(s) =       4.86 Per Step(ms) =       1.94
|         ns/day =      88.91   seconds/ns =     971.75
|
|     Average timings for all steps:
|     Elapsed(s) =       4.86 Per Step(ms) =       1.94
|         ns/day =      88.91   seconds/ns =     971.75
|     -----------------------------------------------------

|  Setup CPU time:            1.12 seconds
|  NonSetup CPU time:         4.84 seconds
|  Total CPU time:            5.96 seconds     0.00 hours

|  Setup wall time:           1    seconds
|  NonSetup wall time:        5    seconds
|  Total wall time:           6    seconds     0.00 hours
