
          -------------------------------------------------------
          Amber 16 PMEMD                              2016
          -------------------------------------------------------

| PMEMD implementation of SANDER, Release 16

| Run on 08/11/2020 at 20:19:22

|   Executable path: pmemd.cuda
| Working directory: /home/kyq/T7RNADNA/4/DT4
|          Hostname: gpu01

  [-O]verwriting output

File Assignments:
|   MDIN: min1.in                                                               
|  MDOUT: cmp_min1.out                                                          
| INPCRD: cmp.inpcrd                                                            
|   PARM: cmp.prmtop                                                            
| RESTRT: cmp_min1.rst                                                          
|   REFC: cmp.inpcrd                                                            
|  MDVEL: mdvel                                                                 
|   MDEN: mden                                                                  
|  MDCRD: mdcrd                                                                 
| MDINFO: mdinfo                                                                
|  MDFRC: mdfrc                                                                 

 
 Here is the input file:
 
Initial minimisation of our structures                                         
 &cntrl                                                                        
  imin=1, maxcyc=4000, ncyc=2000,                                              
  cut=10, ntb=1,ntr=1,                                                         
  restraint_wt=2.0                                                             
  restraintmask=':1-554'                                                       
/                                                                              


Note: ig = -1. Setting random seed to    75901 based on wallclock time in 
      microseconds.
 
|--------------------- INFORMATION ----------------------
| GPU (CUDA) Version of PMEMD in use: NVIDIA GPU IN USE.
|                    Version 16.0.0
| 
|                      02/25/2016
| 
| Implementation by:
|                    Ross C. Walker     (SDSC)
|                    Scott Le Grand     (nVIDIA)
| 
| Precision model in use:
|      [SPFP] - Single Precision Forces, 64-bit Fixed Point
|               Accumulation. (Default)
| 
|--------------------------------------------------------
 
|----------------- CITATION INFORMATION -----------------
|
|    When publishing work that utilized the CUDA version
|    of AMBER, please cite the following in addition to
|    the regular AMBER citations:
|
|  - Romelia Salomon-Ferrer; Andreas W. Goetz; Duncan
|    Poole; Scott Le Grand; Ross C. Walker "Routine
|    microsecond molecular dynamics simulations with
|    AMBER - Part II: Particle Mesh Ewald", J. Chem.
|    Theory Comput., 2013, 9 (9), pp3878-3888,
|    DOI: 10.1021/ct400314y.
|
|  - Andreas W. Goetz; Mark J. Williamson; Dong Xu;
|    Duncan Poole; Scott Le Grand; Ross C. Walker
|    "Routine microsecond molecular dynamics simulations
|    with AMBER - Part I: Generalized Born", J. Chem.
|    Theory Comput., 2012, 8 (5), pp1542-1555.
|
|  - Scott Le Grand; Andreas W. Goetz; Ross C. Walker
|    "SPFP: Speed without compromise - a mixed precision
|    model for GPU accelerated molecular dynamics
|    simulations.", Comp. Phys. Comm., 2013, 184
|    pp374-380, DOI: 10.1016/j.cpc.2012.09.022
|
|--------------------------------------------------------
 
|------------------- GPU DEVICE INFO --------------------
|
|            CUDA_VISIBLE_DEVICES: 0
|   CUDA Capable Devices Detected:      1
|           CUDA Device ID in use:      0
|                CUDA Device Name: Tesla P100-PCIE-16GB
|     CUDA Device Global Mem Size:  16276 MB
| CUDA Device Num Multiprocessors:     56
|           CUDA Device Core Freq:   1.33 GHz
|
|--------------------------------------------------------
 
 
| Conditional Compilation Defines Used:
| PUBFFT
| BINTRAJ
| CUDA
| EMIL
 
| Largest sphere to fit in unit cell has radius =    31.631

| New format PARM file being parsed.
| Version =    1.000 Date = 08/11/20 Time = 20:19:09

| Note: 1-4 EEL scale factors are being read from the topology file.

| Note: 1-4 VDW scale factors are being read from the topology file.
| Duplicated    0 dihedrals

| Duplicated    0 dihedrals

--------------------------------------------------------------------------------
   1.  RESOURCE   USE: 
--------------------------------------------------------------------------------

 getting new box info from bottom of inpcrd
 NATOM  =   31341 NTYPES =      18 NBONH =   30618 MBONA  =     774
 NTHETH =     907 MTHETA =    1191 NPHIH =    1834 MPHIA  =    2469
 NHPARM =       0 NPARM  =       0 NNB   =   46324 NRES   =   10144
 NBONA  =     774 NTHETA =    1191 NPHIA =    2469 NUMBND =      61
 NUMANG =     127 NPTRA  =      75 NATYP =      34 NPHB   =       1
 IFBOX  =       2 NMXRS  =      33 IFCAP =       0 NEXTRA =       0
 NCOPY  =       0

| Coordinate Index Table dimensions:    12   12   12
| Direct force subcell size =     6.4567    6.4567    6.4567

     BOX TYPE: TRUNCATED OCTAHEDRON

--------------------------------------------------------------------------------
   2.  CONTROL  DATA  FOR  THE  RUN
--------------------------------------------------------------------------------

default_name                                                                    

General flags:
     imin    =       1, nmropt  =       0

Nature and format of input:
     ntx     =       1, irest   =       0, ntrx    =       1

Nature and format of output:
     ntxo    =       2, ntpr    =      50, ntrx    =       1, ntwr    =       1
     iwrap   =       0, ntwx    =       0, ntwv    =       0, ntwe    =       0
     ioutfm  =       1, ntwprt  =       0, idecomp =       0, rbornstat=      0

Potential function:
     ntf     =       1, ntb     =       1, igb     =       0, nsnb    =      25
     ipol    =       0, gbsa    =       0, iesp    =       0
     dielc   =   1.00000, cut     =  10.00000, intdiel =   1.00000

Frozen or restrained atoms:
     ibelly  =       0, ntr     =       1
     restraint_wt =   2.00000

Energy minimization:
     maxcyc  =    4000, ncyc    =    2000, ntmin   =       1
     dx0     =   0.01000, drms    =   0.00010

| Intermolecular bonds treatment:
|     no_intermolecular_bonds =       1

| Energy averages sample interval:
|     ene_avg_sampling =       1

Ewald parameters:
     verbose =       0, ew_type =       0, nbflag  =       1, use_pme =       1
     vdwmeth =       1, eedmeth =       1, netfrc  =       0
     Box X =   77.480   Box Y =   77.480   Box Z =   77.480
     Alpha =  109.471   Beta  =  109.471   Gamma =  109.471
     NFFT1 =   80       NFFT2 =   80       NFFT3 =   80
     Cutoff=   10.000   Tol   =0.100E-04
     Ewald Coefficient =  0.27511
     Interpolation order =    4

    LOADING THE CONSTRAINED ATOMS AS GROUPS


   5.  REFERENCE ATOM COORDINATES

  default_name                                                                    
     Mask :1-554; matches  2571 atoms

--------------------------------------------------------------------------------
   3.  ATOMIC COORDINATES AND VELOCITIES
--------------------------------------------------------------------------------

default_name                                                                    
 begin time read from input coords =     0.000 ps

 
 Number of triangulated 3-point waters found:    10078

     Sum of charges from parm topology file =   0.00000019
     Forcing neutrality...

| Dynamic Memory, Types Used:
| Reals              959805
| Integers           797903

| Nonbonded Pairs Initial Allocation:     9479868

| GPU memory information (estimate):
| KB of GPU memory in use:    163891
| KB of CPU memory in use:     52759

--------------------------------------------------------------------------------
   4.  RESULTS
--------------------------------------------------------------------------------

 ---------------------------------------------------
 APPROXIMATING switch and d/dx switch using CUBIC SPLINE INTERPOLATION
 using   5000.0 points per unit in tabled values
 TESTING RELATIVE ERROR over r ranging from 0.0 to cutoff
| CHECK switch(x): max rel err =   0.3316E-14   at   2.351880
| CHECK d/dx switch(x): max rel err =   0.8066E-11   at   2.747240
 ---------------------------------------------------
|---------------------------------------------------
| APPROXIMATING direct energy using CUBIC SPLINE INTERPOLATION
|  with   50.0 points per unit in tabled values
| Relative Error Limit not exceeded for r .gt.   2.34
| APPROXIMATING direct force using CUBIC SPLINE INTERPOLATION
|  with   50.0 points per unit in tabled values
| Relative Error Limit not exceeded for r .gt.   2.81
|---------------------------------------------------


   NSTEP       ENERGY          RMS            GMAX         NAME    NUMBER
      1      -8.6230E+04     2.0701E+01     1.0538E+03     O       23452

 BOND    =       51.7614  ANGLE   =     3029.1733  DIHED      =      960.4419
 VDWAALS =    12963.9564  EEL     =  -100558.9246  HBOND      =        0.0000
 1-4 VDW =      951.7917  1-4 EEL =    -3628.0239  RESTRAINT  =        0.0000


   NSTEP       ENERGY          RMS            GMAX         NAME    NUMBER
     50      -1.1113E+05     1.5415E+00     2.4532E+01     O       16246

 BOND    =     5865.2920  ANGLE   =      211.2916  DIHED      =      981.0626
 VDWAALS =     9607.6935  EEL     =  -124460.7567  HBOND      =        0.0000
 1-4 VDW =      264.6406  1-4 EEL =    -3734.7404  RESTRAINT  =      130.8295
 EAMBER  =  -111265.5168


   NSTEP       ENERGY          RMS            GMAX         NAME    NUMBER
    100      -1.1572E+05     3.2104E+00     4.1716E+01     P         156

 BOND    =     5805.7804  ANGLE   =      197.9651  DIHED      =      983.9112
 VDWAALS =    10546.8968  EEL     =  -130009.0713  HBOND      =        0.0000
 1-4 VDW =      263.1632  1-4 EEL =    -3754.4558  RESTRAINT  =      241.8729
 EAMBER  =  -115965.8104


   NSTEP       ENERGY          RMS            GMAX         NAME    NUMBER
    150      -1.1819E+05     1.9367E+00     5.9354E+01     P         156

 BOND    =     7263.5145  ANGLE   =      200.2189  DIHED      =      987.5560
 VDWAALS =    11468.4494  EEL     =  -134946.3215  HBOND      =        0.0000
 1-4 VDW =      262.7108  1-4 EEL =    -3761.3579  RESTRAINT  =      333.9487
 EAMBER  =  -118525.2297


   NSTEP       ENERGY          RMS            GMAX         NAME    NUMBER
    200      -1.1987E+05     8.9219E-01     4.0899E+01     P         156

 BOND    =     6947.9746  ANGLE   =      194.9094  DIHED      =      990.6973
 VDWAALS =    12326.5762  EEL     =  -137239.3624  HBOND      =        0.0000
 1-4 VDW =      261.4499  1-4 EEL =    -3763.2631  RESTRAINT  =      413.5607
 EAMBER  =  -120281.0181


   NSTEP       ENERGY          RMS            GMAX         NAME    NUMBER
    250      -1.2108E+05     1.7381E+00     1.0945E+02     P         156

 BOND    =     7224.0070  ANGLE   =      198.9673  DIHED      =      992.2756
 VDWAALS =    13116.7024  EEL     =  -139580.6816  HBOND      =        0.0000
 1-4 VDW =      260.4873  1-4 EEL =    -3763.4468  RESTRAINT  =      476.3863
 EAMBER  =  -121551.6887


   NSTEP       ENERGY          RMS            GMAX         NAME    NUMBER
    300      -1.2208E+05     4.9833E-01     1.1364E+01     Na+      1078

 BOND    =     7381.2160  ANGLE   =      192.8791  DIHED      =      992.1926
 VDWAALS =    13786.0392  EEL     =  -141448.5079  HBOND      =        0.0000
 1-4 VDW =      258.8609  1-4 EEL =    -3765.0359  RESTRAINT  =      526.6097
 EAMBER  =  -122602.3562


   NSTEP       ENERGY          RMS            GMAX         NAME    NUMBER
    350      -1.2290E+05     1.4688E+00     6.5398E+01     C6         12

 BOND    =     7557.8429  ANGLE   =      196.7698  DIHED      =      992.0462
 VDWAALS =    14418.1079  EEL     =  -143127.2866  HBOND      =        0.0000
 1-4 VDW =      256.5552  1-4 EEL =    -3765.6551  RESTRAINT  =      575.2876
 EAMBER  =  -123471.6196


   NSTEP       ENERGY          RMS            GMAX         NAME    NUMBER
    400      -1.2362E+05     4.2643E-01     9.5937E+00     Na+      1078

 BOND    =     7664.8781  ANGLE   =      190.6867  DIHED      =      991.9823
 VDWAALS =    14958.4779  EEL     =  -144530.3515  HBOND      =        0.0000
 1-4 VDW =      257.2348  1-4 EEL =    -3765.3228  RESTRAINT  =      616.7663
 EAMBER  =  -124232.4146


   NSTEP       ENERGY          RMS            GMAX         NAME    NUMBER
    450      -1.2421E+05     1.1216E+00     5.2350E+01     N3         21

 BOND    =     7798.7092  ANGLE   =      194.5391  DIHED      =      991.7208
 VDWAALS =    15458.2929  EEL     =  -145789.8801  HBOND      =        0.0000
 1-4 VDW =      256.5571  1-4 EEL =    -3767.1281  RESTRAINT  =      649.6409
 EAMBER  =  -124857.1891


   NSTEP       ENERGY          RMS            GMAX         NAME    NUMBER
    500      -1.2475E+05     4.8435E-01     1.8892E+01     C2        490

 BOND    =     7882.8713  ANGLE   =      189.7328  DIHED      =      991.1941
 VDWAALS =    15896.8672  EEL     =  -146877.3572  HBOND      =        0.0000
 1-4 VDW =      256.2229  1-4 EEL =    -3763.9718  RESTRAINT  =      678.7208
 EAMBER  =  -125424.4406


   NSTEP       ENERGY          RMS            GMAX         NAME    NUMBER
    550      -1.2521E+05     1.0157E+00     5.0995E+01     C5        483

 BOND    =     7984.7823  ANGLE   =      191.5339  DIHED      =      990.7778
 VDWAALS =    16305.1220  EEL     =  -147873.8416  HBOND      =        0.0000
 1-4 VDW =      256.0875  1-4 EEL =    -3761.9994  RESTRAINT  =      701.4113
 EAMBER  =  -125907.5376


   NSTEP       ENERGY          RMS            GMAX         NAME    NUMBER
    600      -1.2563E+05     3.4990E-01     8.2633E+00     C2        490

 BOND    =     8062.5335  ANGLE   =      187.7547  DIHED      =      990.5203
 VDWAALS =    16661.3971  EEL     =  -148736.3561  HBOND      =        0.0000
 1-4 VDW =      256.0960  1-4 EEL =    -3764.6641  RESTRAINT  =      717.1438
 EAMBER  =  -126342.7186


   NSTEP       ENERGY          RMS            GMAX         NAME    NUMBER
    650      -1.2600E+05     8.6826E-01     4.9159E+01     C2        490

 BOND    =     8154.9625  ANGLE   =      187.9023  DIHED      =      990.2404
 VDWAALS =    16997.0852  EEL     =  -149548.9843  HBOND      =        0.0000
 1-4 VDW =      256.2058  1-4 EEL =    -3766.1276  RESTRAINT  =      730.1365
 EAMBER  =  -126728.7156


   NSTEP       ENERGY          RMS            GMAX         NAME    NUMBER
    700      -1.2634E+05     1.3739E+00     8.0119E+01     C6        675

 BOND    =     8243.1752  ANGLE   =      187.3558  DIHED      =      989.9230
 VDWAALS =    17303.3453  EEL     =  -150293.2469  HBOND      =        0.0000
 1-4 VDW =      256.8865  1-4 EEL =    -3765.5387  RESTRAINT  =      741.3031
 EAMBER  =  -127078.0999


   NSTEP       ENERGY          RMS            GMAX         NAME    NUMBER
    750      -1.2669E+05     5.3237E-01     2.5868E+01     C2        490

 BOND    =     8281.1781  ANGLE   =      187.0987  DIHED      =      989.3082
 VDWAALS =    17591.4794  EEL     =  -150978.3586  HBOND      =        0.0000
 1-4 VDW =      255.6317  1-4 EEL =    -3763.1374  RESTRAINT  =      751.3742
 EAMBER  =  -127436.8000


   NSTEP       ENERGY          RMS            GMAX         NAME    NUMBER
    800      -1.2698E+05     1.0467E+00     5.5225E+01     C2        490

 BOND    =     8353.0658  ANGLE   =      188.7515  DIHED      =      988.8983
 VDWAALS =    17859.1320  EEL     =  -151623.5570  HBOND      =        0.0000
 1-4 VDW =      255.7698  1-4 EEL =    -3761.8807  RESTRAINT  =      760.9434
 EAMBER  =  -127739.8204


   NSTEP       ENERGY          RMS            GMAX         NAME    NUMBER
    850      -1.2728E+05     5.7587E-01     3.1122E+01     C2        490

 BOND    =     8411.1401  ANGLE   =      186.8503  DIHED      =      988.7181
 VDWAALS =    18115.4707  EEL     =  -152244.9878  HBOND      =        0.0000
 1-4 VDW =      255.4870  1-4 EEL =    -3765.4572  RESTRAINT  =      770.4187
 EAMBER  =  -128052.7788


   NSTEP       ENERGY          RMS            GMAX         NAME    NUMBER
    900      -1.2755E+05     9.3016E-01     4.7904E+01     C6        675

 BOND    =     8469.6366  ANGLE   =      191.7421  DIHED      =      988.3416
 VDWAALS =    18359.8489  EEL     =  -152825.1664  HBOND      =        0.0000
 1-4 VDW =      254.8117  1-4 EEL =    -3766.2523  RESTRAINT  =      779.4233
 EAMBER  =  -128327.0378


   NSTEP       ENERGY          RMS            GMAX         NAME    NUMBER
    950      -1.2780E+05     2.7997E-01     7.2268E+00     C2        490

 BOND    =     8510.9327  ANGLE   =      187.2988  DIHED      =      988.0131
 VDWAALS =    18580.3344  EEL     =  -153348.5379  HBOND      =        0.0000
 1-4 VDW =      255.2985  1-4 EEL =    -3763.9910  RESTRAINT  =      787.3515
 EAMBER  =  -128590.6513


   NSTEP       ENERGY          RMS            GMAX         NAME    NUMBER
   1000      -1.2803E+05     8.8793E-01     4.2610E+01     C6        675

 BOND    =     8567.2073  ANGLE   =      187.9723  DIHED      =      987.7023
 VDWAALS =    18792.9337  EEL     =  -153851.5801  HBOND      =        0.0000
 1-4 VDW =      255.7764  1-4 EEL =    -3762.2823  RESTRAINT  =      794.6532
 EAMBER  =  -128822.2703


   NSTEP       ENERGY          RMS            GMAX         NAME    NUMBER
   1050      -1.2825E+05     2.4936E-01     4.7989E+00     C2        490

 BOND    =     8604.5900  ANGLE   =      187.4537  DIHED      =      987.4962
 VDWAALS =    18986.3067  EEL     =  -154309.6256  HBOND      =        0.0000
 1-4 VDW =      255.3337  1-4 EEL =    -3764.4894  RESTRAINT  =      801.0081
 EAMBER  =  -129052.9347


   NSTEP       ENERGY          RMS            GMAX         NAME    NUMBER
   1100      -1.2845E+05     6.9817E-01     4.0864E+01     C2        490

 BOND    =     8657.2288  ANGLE   =      186.8035  DIHED      =      987.3211
 VDWAALS =    19170.7849  EEL     =  -154748.3794  HBOND      =        0.0000
 1-4 VDW =      255.7443  1-4 EEL =    -3765.5355  RESTRAINT  =      806.6638
 EAMBER  =  -129256.0323


   NSTEP       ENERGY          RMS            GMAX         NAME    NUMBER
   1150      -1.2863E+05     9.7222E-01     5.3649E+01     C2        490

 BOND    =     8703.6191  ANGLE   =      186.5696  DIHED      =      987.1307
 VDWAALS =    19340.4728  EEL     =  -155150.2209  HBOND      =        0.0000
 1-4 VDW =      256.0921  1-4 EEL =    -3765.6349  RESTRAINT  =      811.3660
 EAMBER  =  -129441.9715


   NSTEP       ENERGY          RMS            GMAX         NAME    NUMBER
   1200      -1.2882E+05     5.9582E-01     3.0319E+01     C2        490

 BOND    =     8720.6795  ANGLE   =      189.6902  DIHED      =      986.7074
 VDWAALS =    19506.4521  EEL     =  -155533.3635  HBOND      =        0.0000
 1-4 VDW =      254.9487  1-4 EEL =    -3763.2230  RESTRAINT  =      815.6951
 EAMBER  =  -129638.1086


   NSTEP       ENERGY          RMS            GMAX         NAME    NUMBER
   1250      -1.2898E+05     8.1177E-01     4.7196E+01     C2        490

 BOND    =     8760.1294  ANGLE   =      188.4080  DIHED      =      986.4918
 VDWAALS =    19654.4382  EEL     =  -155886.7771  HBOND      =        0.0000
 1-4 VDW =      255.4306  1-4 EEL =    -3762.1310  RESTRAINT  =      819.6804
 EAMBER  =  -129804.0101


   NSTEP       ENERGY          RMS            GMAX         NAME    NUMBER
   1300      -1.2916E+05     3.6153E-01     1.8970E+01     C2        490

 BOND    =     8792.6393  ANGLE   =      186.2126  DIHED      =      986.3592
 VDWAALS =    19797.0919  EEL     =  -156232.5174  HBOND      =        0.0000
 1-4 VDW =      255.3572  1-4 EEL =    -3764.5360  RESTRAINT  =      823.6308
 EAMBER  =  -129979.3932


   NSTEP       ENERGY          RMS            GMAX         NAME    NUMBER
   1350      -1.2930E+05     6.4383E-01     4.0030E+01     C2        490

 BOND    =     8828.6830  ANGLE   =      187.1625  DIHED      =      986.1699
 VDWAALS =    19930.0495  EEL     =  -156553.0507  HBOND      =        0.0000
 1-4 VDW =      255.2292  1-4 EEL =    -3765.2407  RESTRAINT  =      827.3577
 EAMBER  =  -130130.9973


   NSTEP       ENERGY          RMS            GMAX         NAME    NUMBER
   1400      -1.2946E+05     3.7411E-01     2.1084E+01     C2        490

 BOND    =     8849.0087  ANGLE   =      187.2448  DIHED      =      985.8578
 VDWAALS =    20060.4907  EEL     =  -156861.9828  HBOND      =        0.0000
 1-4 VDW =      255.0383  1-4 EEL =    -3763.0832  RESTRAINT  =      830.7919
 EAMBER  =  -130287.4257


   NSTEP       ENERGY          RMS            GMAX         NAME    NUMBER
   1450      -1.2959E+05     5.8418E-01     3.4961E+01     C2        490

 BOND    =     8877.8804  ANGLE   =      188.5237  DIHED      =      985.6282
 VDWAALS =    20183.3353  EEL     =  -157154.7541  HBOND      =        0.0000
 1-4 VDW =      254.8536  1-4 EEL =    -3762.6221  RESTRAINT  =      833.7170
 EAMBER  =  -130427.1551


   NSTEP       ENERGY          RMS            GMAX         NAME    NUMBER
   1500      -1.2973E+05     2.0744E-01     6.6488E+00     C2        490

 BOND    =     8905.7174  ANGLE   =      185.8780  DIHED      =      985.5007
 VDWAALS =    20295.9784  EEL     =  -157427.8759  HBOND      =        0.0000
 1-4 VDW =      255.1773  1-4 EEL =    -3763.7440  RESTRAINT  =      836.0295
 EAMBER  =  -130563.3681


   NSTEP       ENERGY          RMS            GMAX         NAME    NUMBER
   1550      -1.2985E+05     4.8864E-01     3.0215E+01     C2        490

 BOND    =     8936.6053  ANGLE   =      185.7519  DIHED      =      985.3359
 VDWAALS =    20406.8161  EEL     =  -157695.1318  HBOND      =        0.0000
 1-4 VDW =      255.3326  1-4 EEL =    -3764.3731  RESTRAINT  =      838.1978
 EAMBER  =  -130689.6631


   NSTEP       ENERGY          RMS            GMAX         NAME    NUMBER
   1600      -1.2997E+05     7.3435E-01     4.8027E+01     C2        490

 BOND    =     8965.5146  ANGLE   =      187.0263  DIHED      =      985.1829
 VDWAALS =    20511.0082  EEL     =  -157946.2988  HBOND      =        0.0000
 1-4 VDW =      255.3062  1-4 EEL =    -3764.9544  RESTRAINT  =      840.4651
 EAMBER  =  -130807.2150


   NSTEP       ENERGY          RMS            GMAX         NAME    NUMBER
   1650      -1.3009E+05     4.3134E-01     2.5754E+01     C2        490

 BOND    =     8977.8713  ANGLE   =      186.5316  DIHED      =      984.9200
 VDWAALS =    20612.7947  EEL     =  -158186.8770  HBOND      =        0.0000
 1-4 VDW =      255.3073  1-4 EEL =    -3762.3227  RESTRAINT  =      843.0258
 EAMBER  =  -130931.7748


   NSTEP       ENERGY          RMS            GMAX         NAME    NUMBER
   1700      -1.3020E+05     6.2870E-01     3.7028E+01     C2        490

 BOND    =     9002.4100  ANGLE   =      186.8775  DIHED      =      984.7965
 VDWAALS =    20710.2016  EEL     =  -158419.8551  HBOND      =        0.0000
 1-4 VDW =      255.5306  1-4 EEL =    -3761.8188  RESTRAINT  =      845.8945
 EAMBER  =  -131041.8578


   NSTEP       ENERGY          RMS            GMAX         NAME    NUMBER
   1750      -1.3031E+05     1.7509E-01     7.8028E+00     Na+      1077

 BOND    =     9021.7095  ANGLE   =      186.7299  DIHED      =      984.7830
 VDWAALS =    20802.2794  EEL     =  -158642.8776  HBOND      =        0.0000
 1-4 VDW =      255.4045  1-4 EEL =    -3763.4000  RESTRAINT  =      849.4369
 EAMBER  =  -131155.3712


   NSTEP       ENERGY          RMS            GMAX         NAME    NUMBER
   1800      -1.3041E+05     5.6886E-01     3.1871E+01     C6        675

 BOND    =     9051.0313  ANGLE   =      186.4619  DIHED      =      984.7941
 VDWAALS =    20897.8097  EEL     =  -158877.5725  HBOND      =        0.0000
 1-4 VDW =      255.9186  1-4 EEL =    -3763.8070  RESTRAINT  =      854.8600
 EAMBER  =  -131265.3638


   NSTEP       ENERGY          RMS            GMAX         NAME    NUMBER
   1850      -1.3051E+05     1.6498E-01     2.9794E+00     C2        490

 BOND    =     9062.1768  ANGLE   =      187.2836  DIHED      =      984.6223
 VDWAALS =    20986.6154  EEL     =  -159081.0850  HBOND      =        0.0000
 1-4 VDW =      255.6101  1-4 EEL =    -3763.0280  RESTRAINT  =      856.8970
 EAMBER  =  -131367.8047


   NSTEP       ENERGY          RMS            GMAX         NAME    NUMBER
   1900      -1.3060E+05     4.9000E-01     2.9905E+01     C2        490

 BOND    =     9080.7451  ANGLE   =      188.6922  DIHED      =      984.4720
 VDWAALS =    21072.1169  EEL     =  -159279.0393  HBOND      =        0.0000
 1-4 VDW =      255.5298  1-4 EEL =    -3762.1693  RESTRAINT  =      857.7803
 EAMBER  =  -131459.6526


   NSTEP       ENERGY          RMS            GMAX         NAME    NUMBER
   1950      -1.3069E+05     1.6301E-01     3.4097E+00     C2        490

 BOND    =     9100.2693  ANGLE   =      187.0480  DIHED      =      984.4718
 VDWAALS =    21150.7880  EEL     =  -159467.8215  HBOND      =        0.0000
 1-4 VDW =      255.6951  1-4 EEL =    -3763.1760  RESTRAINT  =      858.5963
 EAMBER  =  -131552.7253


   NSTEP       ENERGY          RMS            GMAX         NAME    NUMBER
   2000      -1.3078E+05     2.9381E-01     1.3577E+01     C2        490

 BOND    =     9119.1939  ANGLE   =      187.5158  DIHED      =      984.4347
 VDWAALS =    21228.1908  EEL     =  -159651.6829  HBOND      =        0.0000
 1-4 VDW =      255.6252  1-4 EEL =    -3763.5780  RESTRAINT  =      859.3421
 EAMBER  =  -131640.3006


   NSTEP       ENERGY          RMS            GMAX         NAME    NUMBER
   2050      -1.3157E+05     5.0007E-01     2.4998E+01     O       24415

 BOND    =     9317.2438  ANGLE   =      188.0318  DIHED      =      983.7644
 VDWAALS =    22171.1549  EEL     =  -161593.9610  HBOND      =        0.0000
 1-4 VDW =      256.6066  1-4 EEL =    -3761.3903  RESTRAINT  =      864.8570
 EAMBER  =  -132438.5499


   NSTEP       ENERGY          RMS            GMAX         NAME    NUMBER
   2100      -1.3179E+05     3.8938E-01     1.9761E+01     O5'        34

 BOND    =     9337.2673  ANGLE   =      188.1974  DIHED      =      983.3316
 VDWAALS =    22257.5705  EEL     =  -161916.1797  HBOND      =        0.0000
 1-4 VDW =      257.0489  1-4 EEL =    -3762.6129  RESTRAINT  =      863.2014
 EAMBER  =  -132655.3769


   NSTEP       ENERGY          RMS            GMAX         NAME    NUMBER
   2150      -1.3204E+05     3.4436E-01     1.2152E+01     C2        368

 BOND    =     9394.2233  ANGLE   =      187.7879  DIHED      =      983.1185
 VDWAALS =    22459.2413  EEL     =  -162420.7804  HBOND      =        0.0000
 1-4 VDW =      256.9825  1-4 EEL =    -3761.6663  RESTRAINT  =      861.2403
 EAMBER  =  -132901.0931


   NSTEP       ENERGY          RMS            GMAX         NAME    NUMBER
   2200      -1.3220E+05     3.4260E-01     1.2997E+01     O3'        30

 BOND    =     9421.2251  ANGLE   =      188.2285  DIHED      =      983.1499
 VDWAALS =    22589.1081  EEL     =  -162736.0798  HBOND      =        0.0000
 1-4 VDW =      256.9094  1-4 EEL =    -3761.4392  RESTRAINT  =      860.8387
 EAMBER  =  -133058.8980


   NSTEP       ENERGY          RMS            GMAX         NAME    NUMBER
   2250      -1.3234E+05     3.4710E-01     2.5527E+01     P          31

 BOND    =     9444.4823  ANGLE   =      189.4374  DIHED      =      983.1828
 VDWAALS =    22701.7553  EEL     =  -163016.4746  HBOND      =        0.0000
 1-4 VDW =      256.7636  1-4 EEL =    -3761.7134  RESTRAINT  =      861.4837
 EAMBER  =  -133202.5666


   NSTEP       ENERGY          RMS            GMAX         NAME    NUMBER
   2300      -1.3247E+05     3.2990E-01     1.9682E+01     P          31

 BOND    =     9471.3385  ANGLE   =      189.0830  DIHED      =      983.1335
 VDWAALS =    22794.7177  EEL     =  -163264.4001  HBOND      =        0.0000
 1-4 VDW =      256.6761  1-4 EEL =    -3761.8427  RESTRAINT  =      862.7621
 EAMBER  =  -133331.2939


   NSTEP       ENERGY          RMS            GMAX         NAME    NUMBER
   2350      -1.3258E+05     3.1855E-01     1.5577E+01     P          31

 BOND    =     9491.6417  ANGLE   =      188.5638  DIHED      =      982.9948
 VDWAALS =    22883.9288  EEL     =  -163488.8473  HBOND      =        0.0000
 1-4 VDW =      256.6565  1-4 EEL =    -3761.7823  RESTRAINT  =      863.3579
 EAMBER  =  -133446.8440


   NSTEP       ENERGY          RMS            GMAX         NAME    NUMBER
   2400      -1.3271E+05     3.0305E-01     1.5043E+01     C4         19

 BOND    =     9504.4979  ANGLE   =      188.3526  DIHED      =      982.8423
 VDWAALS =    22969.8311  EEL     =  -163710.1830  HBOND      =        0.0000
 1-4 VDW =      256.7739  1-4 EEL =    -3761.8906  RESTRAINT  =      863.7609
 EAMBER  =  -133569.7759


   NSTEP       ENERGY          RMS            GMAX         NAME    NUMBER
   2450      -1.3285E+05     4.2641E-01     2.1637E+01     O       26047

 BOND    =     9539.1244  ANGLE   =      189.7272  DIHED      =      982.7268
 VDWAALS =    23059.5994  EEL     =  -163975.7633  HBOND      =        0.0000
 1-4 VDW =      256.7254  1-4 EEL =    -3761.7155  RESTRAINT  =      864.1181
 EAMBER  =  -133709.5755


   NSTEP       ENERGY          RMS            GMAX         NAME    NUMBER
   2500      -1.3296E+05     3.1867E-01     2.1792E+01     O       26047

 BOND    =     9558.1729  ANGLE   =      189.0929  DIHED      =      982.5157
 VDWAALS =    23128.2849  EEL     =  -164178.9263  HBOND      =        0.0000
 1-4 VDW =      256.5263  1-4 EEL =    -3761.8909  RESTRAINT  =      864.4944
 EAMBER  =  -133826.2245


   NSTEP       ENERGY          RMS            GMAX         NAME    NUMBER
   2550      -1.3309E+05     2.7273E-01     1.4216E+01     O       26047

 BOND    =     9556.0851  ANGLE   =      186.9706  DIHED      =      982.1724
 VDWAALS =    23203.5851  EEL     =  -164379.9882  HBOND      =        0.0000
 1-4 VDW =      256.5348  1-4 EEL =    -3761.8098  RESTRAINT  =      865.1945
 EAMBER  =  -133956.4499


   NSTEP       ENERGY          RMS            GMAX         NAME    NUMBER
   2600      -1.3321E+05     2.3720E-01     1.5898E+01     O       26047

 BOND    =     9582.2066  ANGLE   =      186.9927  DIHED      =      981.9049
 VDWAALS =    23266.9093  EEL     =  -164587.8878  HBOND      =        0.0000
 1-4 VDW =      256.5068  1-4 EEL =    -3762.1458  RESTRAINT  =      866.1697
 EAMBER  =  -134075.5133


   NSTEP       ENERGY          RMS            GMAX         NAME    NUMBER
   2650      -1.3346E+05     2.2936E-01     1.1261E+01     C4         19

 BOND    =     9635.5999  ANGLE   =      186.6142  DIHED      =      981.3058
 VDWAALS =    23427.3315  EEL     =  -165053.4694  HBOND      =        0.0000
 1-4 VDW =      257.0092  1-4 EEL =    -3762.6055  RESTRAINT  =      870.8168
 EAMBER  =  -134328.2143


   NSTEP       ENERGY          RMS            GMAX         NAME    NUMBER
   2700      -1.3355E+05     2.2697E-01     1.1979E+01     O        8932

 BOND    =     9646.4341  ANGLE   =      186.7753  DIHED      =      981.2554
 VDWAALS =    23474.6128  EEL     =  -165204.3498  HBOND      =        0.0000
 1-4 VDW =      257.0310  1-4 EEL =    -3762.6331  RESTRAINT  =      871.7112
 EAMBER  =  -134420.8744


   NSTEP       ENERGY          RMS            GMAX         NAME    NUMBER
   2750      -1.3365E+05     2.2081E-01     1.3763E+01     O        8932

 BOND    =     9661.4908  ANGLE   =      186.6125  DIHED      =      981.2857
 VDWAALS =    23526.9196  EEL     =  -165372.8070  HBOND      =        0.0000
 1-4 VDW =      257.1545  1-4 EEL =    -3762.6425  RESTRAINT  =      874.2267
 EAMBER  =  -134521.9864


   NSTEP       ENERGY          RMS            GMAX         NAME    NUMBER
   2800      -1.3378E+05     2.3193E-01     1.2148E+01     O5'        34

 BOND    =     9683.6297  ANGLE   =      186.8711  DIHED      =      981.2797
 VDWAALS =    23600.2499  EEL     =  -165603.3816  HBOND      =        0.0000
 1-4 VDW =      257.2962  1-4 EEL =    -3762.8218  RESTRAINT  =      879.7836
 EAMBER  =  -134656.8768


   NSTEP       ENERGY          RMS            GMAX         NAME    NUMBER
   2850      -1.3389E+05     2.3058E-01     1.1808E+01     O5'        34

 BOND    =     9699.5399  ANGLE   =      185.6875  DIHED      =      980.9876
 VDWAALS =    23672.1284  EEL     =  -165803.7594  HBOND      =        0.0000
 1-4 VDW =      257.4952  1-4 EEL =    -3763.0270  RESTRAINT  =      884.4153
 EAMBER  =  -134770.9478


   NSTEP       ENERGY          RMS            GMAX         NAME    NUMBER
   2900      -1.3406E+05     2.6986E-01     3.7408E+01     O       16135

 BOND    =     9730.8986  ANGLE   =      185.8495  DIHED      =      980.9234
 VDWAALS =    23798.4725  EEL     =  -166123.8380  HBOND      =        0.0000
 1-4 VDW =      257.5943  1-4 EEL =    -3763.8672  RESTRAINT  =      877.3804
 EAMBER  =  -134933.9668


   NSTEP       ENERGY          RMS            GMAX         NAME    NUMBER
   2950      -1.3418E+05     3.2893E-01     2.0609E+01     H2      18855

 BOND    =     9752.2246  ANGLE   =      186.7555  DIHED      =      980.7108
 VDWAALS =    23866.5588  EEL     =  -166338.4561  HBOND      =        0.0000
 1-4 VDW =      257.4085  1-4 EEL =    -3763.8257  RESTRAINT  =      875.5205
 EAMBER  =  -135058.6236


   NSTEP       ENERGY          RMS            GMAX         NAME    NUMBER
   3000      -1.3424E+05     2.8708E-01     1.3318E+01     H1      24977

 BOND    =     9757.4708  ANGLE   =      187.4380  DIHED      =      980.6804
 VDWAALS =    23907.0989  EEL     =  -166441.2974  HBOND      =        0.0000
 1-4 VDW =      257.2747  1-4 EEL =    -3764.4983  RESTRAINT  =      872.7206
 EAMBER  =  -135115.8328


   NSTEP       ENERGY          RMS            GMAX         NAME    NUMBER
   3050      -1.3429E+05     3.0452E-01     1.5742E+01     H1      24977

 BOND    =     9767.3228  ANGLE   =      187.2650  DIHED      =      980.7895
 VDWAALS =    23937.6848  EEL     =  -166529.9983  HBOND      =        0.0000
 1-4 VDW =      257.3944  1-4 EEL =    -3764.5702  RESTRAINT  =      870.7234
 EAMBER  =  -135164.1119


   NSTEP       ENERGY          RMS            GMAX         NAME    NUMBER
   3100      -1.3434E+05     2.7979E-01     1.2401E+01     H1      24977

 BOND    =     9776.9371  ANGLE   =      187.4707  DIHED      =      980.8857
 VDWAALS =    23962.3266  EEL     =  -166611.7166  HBOND      =        0.0000
 1-4 VDW =      257.5020  1-4 EEL =    -3764.7129  RESTRAINT  =      869.2672
 EAMBER  =  -135211.3074


   NSTEP       ENERGY          RMS            GMAX         NAME    NUMBER
   3150      -1.3439E+05     2.5733E-01     1.2045E+01     C3'        25

 BOND    =     9784.5840  ANGLE   =      186.4695  DIHED      =      981.0716
 VDWAALS =    23983.0588  EEL     =  -166686.1018  HBOND      =        0.0000
 1-4 VDW =      257.5461  1-4 EEL =    -3763.7747  RESTRAINT  =      868.7814
 EAMBER  =  -135257.1465


   NSTEP       ENERGY          RMS            GMAX         NAME    NUMBER
   3200      -1.3444E+05     2.0993E-01     1.0643E+01     C3'        25

 BOND    =     9793.0957  ANGLE   =      185.9411  DIHED      =      981.2177
 VDWAALS =    24007.3863  EEL     =  -166768.4483  HBOND      =        0.0000
 1-4 VDW =      257.4255  1-4 EEL =    -3763.3607  RESTRAINT  =      868.6047
 EAMBER  =  -135306.7427


   NSTEP       ENERGY          RMS            GMAX         NAME    NUMBER
   3250      -1.3452E+05     1.7166E-01     7.0812E+00     O5'        34

 BOND    =     9807.2156  ANGLE   =      186.4810  DIHED      =      981.3251
 VDWAALS =    24049.3006  EEL     =  -166897.1270  HBOND      =        0.0000
 1-4 VDW =      257.0876  1-4 EEL =    -3763.9643  RESTRAINT  =      863.9257
 EAMBER  =  -135379.6815


   NSTEP       ENERGY          RMS            GMAX         NAME    NUMBER
   3300      -1.3456E+05     2.1945E-01     8.9485E+00     C6        359

 BOND    =     9812.2872  ANGLE   =      186.4743  DIHED      =      981.5614
 VDWAALS =    24077.7721  EEL     =  -166975.3647  HBOND      =        0.0000
 1-4 VDW =      257.1478  1-4 EEL =    -3763.7373  RESTRAINT  =      861.9293
 EAMBER  =  -135423.8591


   NSTEP       ENERGY          RMS            GMAX         NAME    NUMBER
   3350      -1.3460E+05     1.8574E-01     6.2623E+00     O       18853

 BOND    =     9827.1488  ANGLE   =      186.9445  DIHED      =      981.6676
 VDWAALS =    24102.3746  EEL     =  -167052.5429  HBOND      =        0.0000
 1-4 VDW =      256.9907  1-4 EEL =    -3763.4133  RESTRAINT  =      859.7556
 EAMBER  =  -135460.8300


   NSTEP       ENERGY          RMS            GMAX         NAME    NUMBER
   3400      -1.3464E+05     2.7410E-01     1.0412E+01     O       18853

 BOND    =     9839.7212  ANGLE   =      188.4797  DIHED      =      981.7392
 VDWAALS =    24127.6030  EEL     =  -167127.1987  HBOND      =        0.0000
 1-4 VDW =      256.9388  1-4 EEL =    -3763.5079  RESTRAINT  =      857.2727
 EAMBER  =  -135496.2248


   NSTEP       ENERGY          RMS            GMAX         NAME    NUMBER
   3450      -1.3468E+05     2.8535E-01     1.2176E+01     O       18853

 BOND    =     9849.6449  ANGLE   =      188.4039  DIHED      =      981.8699
 VDWAALS =    24153.0984  EEL     =  -167203.7249  HBOND      =        0.0000
 1-4 VDW =      257.0764  1-4 EEL =    -3763.3531  RESTRAINT  =      855.7868
 EAMBER  =  -135536.9845


   NSTEP       ENERGY          RMS            GMAX         NAME    NUMBER
   3500      -1.3474E+05     2.9980E-01     1.0578E+01     P         724

 BOND    =     9858.9306  ANGLE   =      190.2211  DIHED      =      981.9552
 VDWAALS =    24195.5085  EEL     =  -167309.5806  HBOND      =        0.0000
 1-4 VDW =      257.0393  1-4 EEL =    -3763.9207  RESTRAINT  =      853.8908
 EAMBER  =  -135589.8466


   NSTEP       ENERGY          RMS            GMAX         NAME    NUMBER
   3550      -1.3480E+05     2.5149E-01     9.5687E+00     Na+      1077

 BOND    =     9860.0576  ANGLE   =      188.5936  DIHED      =      982.0952
 VDWAALS =    24235.7867  EEL     =  -167407.7629  HBOND      =        0.0000
 1-4 VDW =      257.2813  1-4 EEL =    -3763.8845  RESTRAINT  =      852.1026
 EAMBER  =  -135647.8329


   NSTEP       ENERGY          RMS            GMAX         NAME    NUMBER
   3600      -1.3484E+05     2.3792E-01     1.4140E+01     O5'        34

 BOND    =     9868.3357  ANGLE   =      188.5541  DIHED      =      981.8779
 VDWAALS =    24262.6487  EEL     =  -167492.4555  HBOND      =        0.0000
 1-4 VDW =      257.1674  1-4 EEL =    -3762.9506  RESTRAINT  =      852.4188
 EAMBER  =  -135696.8224


   NSTEP       ENERGY          RMS            GMAX         NAME    NUMBER
   3650      -1.3488E+05     2.8554E-01     1.2042E+01     C6        359

 BOND    =     9876.6422  ANGLE   =      189.6326  DIHED      =      981.9434
 VDWAALS =    24290.1343  EEL     =  -167568.0692  HBOND      =        0.0000
 1-4 VDW =      256.7989  1-4 EEL =    -3762.3242  RESTRAINT  =      850.9433
 EAMBER  =  -135735.2420


   NSTEP       ENERGY          RMS            GMAX         NAME    NUMBER
   3700      -1.3493E+05     3.4089E-01     1.9783E+01     O5'        34

 BOND    =     9887.3356  ANGLE   =      191.5123  DIHED      =      982.0094
 VDWAALS =    24317.8883  EEL     =  -167651.9538  HBOND      =        0.0000
 1-4 VDW =      257.1192  1-4 EEL =    -3763.0321  RESTRAINT  =      850.0562
 EAMBER  =  -135779.1210


   NSTEP       ENERGY          RMS            GMAX         NAME    NUMBER
   3750      -1.3497E+05     2.1613E-01     9.9352E+00     O5'        34

 BOND    =     9889.7665  ANGLE   =      188.9371  DIHED      =      982.3533
 VDWAALS =    24333.5605  EEL     =  -167702.6374  HBOND      =        0.0000
 1-4 VDW =      257.0982  1-4 EEL =    -3763.8828  RESTRAINT  =      848.7500
 EAMBER  =  -135814.8047


   NSTEP       ENERGY          RMS            GMAX         NAME    NUMBER
   3800      -1.3500E+05     2.5856E-01     1.2315E+01     P         691

 BOND    =     9897.7888  ANGLE   =      190.6842  DIHED      =      982.4255
 VDWAALS =    24358.3654  EEL     =  -167773.7586  HBOND      =        0.0000
 1-4 VDW =      257.0404  1-4 EEL =    -3763.8418  RESTRAINT  =      847.4255
 EAMBER  =  -135851.2961


   NSTEP       ENERGY          RMS            GMAX         NAME    NUMBER
   3850      -1.3504E+05     2.8174E-01     1.4227E+01     P         691

 BOND    =     9903.2786  ANGLE   =      189.9616  DIHED      =      982.1778
 VDWAALS =    24384.3156  EEL     =  -167839.9345  HBOND      =        0.0000
 1-4 VDW =      257.0659  1-4 EEL =    -3763.8011  RESTRAINT  =      844.8494
 EAMBER  =  -135886.9361


   NSTEP       ENERGY          RMS            GMAX         NAME    NUMBER
   3900      -1.3508E+05     2.6389E-01     1.8384E+01     P         691

 BOND    =     9909.6835  ANGLE   =      190.1239  DIHED      =      982.2741
 VDWAALS =    24408.3913  EEL     =  -167906.2786  HBOND      =        0.0000
 1-4 VDW =      256.9733  1-4 EEL =    -3763.5228  RESTRAINT  =      843.2106
 EAMBER  =  -135922.3552


   NSTEP       ENERGY          RMS            GMAX         NAME    NUMBER
   3950      -1.3512E+05     2.5961E-01     1.8639E+01     P         691

 BOND    =     9915.0370  ANGLE   =      188.2745  DIHED      =      982.2801
 VDWAALS =    24432.8077  EEL     =  -167976.4174  HBOND      =        0.0000
 1-4 VDW =      257.0403  1-4 EEL =    -3763.3441  RESTRAINT  =      843.5993
 EAMBER  =  -135964.3219


   NSTEP       ENERGY          RMS            GMAX         NAME    NUMBER
   4000      -1.3516E+05     2.3656E-01     1.3201E+01     P         691

 BOND    =     9921.4273  ANGLE   =      188.8158  DIHED      =      982.1991
 VDWAALS =    24461.1208  EEL     =  -168048.2159  HBOND      =        0.0000
 1-4 VDW =      257.0730  1-4 EEL =    -3762.8912  RESTRAINT  =      843.4053
 EAMBER  =  -136000.4711


  Maximum number of minimization cycles reached.


                    FINAL RESULTS



   NSTEP       ENERGY          RMS            GMAX         NAME    NUMBER
   4000      -1.3516E+05     2.3656E-01     1.3201E+01     P         691

 BOND    =     9921.4273  ANGLE   =      188.8158  DIHED      =      982.1991
 VDWAALS =    24461.1208  EEL     =  -168048.2159  HBOND      =        0.0000
 1-4 VDW =      257.0730  1-4 EEL =    -3762.8912  RESTRAINT  =      843.4053
 EAMBER  =  -136000.4711
--------------------------------------------------------------------------------
   5.  TIMINGS
--------------------------------------------------------------------------------

|  NonSetup CPU Time in Major Routines:
|
|     Routine           Sec        %
|     ------------------------------
|     Nonbond           4.32   35.94
|     Bond              0.00    0.00
|     Angle             0.00    0.00
|     Dihedral          0.00    0.00
|     Shake             0.00    0.00
|     Other             7.70   64.06
|     ------------------------------
|     Total            12.02

|  PME Nonbond Pairlist CPU Time:
|
|     Routine              Sec        %
|     ---------------------------------
|     Set Up Cit           0.00    0.00
|     Build List           0.00    0.00
|     ---------------------------------
|     Total                0.00    0.00

|  PME Direct Force CPU Time:
|
|     Routine              Sec        %
|     ---------------------------------
|     NonBonded Calc       0.00    0.00
|     Exclude Masked       0.00    0.00
|     Other                0.01    0.05
|     ---------------------------------
|     Total                0.01    0.05

|  PME Reciprocal Force CPU Time:
|
|     Routine              Sec        %
|     ---------------------------------
|     1D bspline           0.00    0.00
|     Grid Charges         0.00    0.00
|     Scalar Sum           0.00    0.00
|     Gradient Sum         0.00    0.00
|     FFT                  0.00    0.00
|     ---------------------------------
|     Total                0.00    0.00

|  Setup CPU time:            1.25 seconds
|  NonSetup CPU time:        12.02 seconds
|  Total CPU time:           13.27 seconds     0.00 hours

|  Setup wall time:           3    seconds
|  NonSetup wall time:       24    seconds
|  Total wall time:          27    seconds     0.01 hours
