
          -------------------------------------------------------
          Amber 16 PMEMD                              2016
          -------------------------------------------------------

| PMEMD implementation of SANDER, Release 16

| Run on 08/11/2020 at 20:19:48

|   Executable path: pmemd.cuda
| Working directory: /home/kyq/T7RNADNA/4/DT4
|          Hostname: gpu01

  [-O]verwriting output

File Assignments:
|   MDIN: min2.in                                                               
|  MDOUT: cmp_min2.out                                                          
| INPCRD: cmp_min1.rst                                                          
|   PARM: cmp.prmtop                                                            
| RESTRT: cmp_min2.rst                                                          
|   REFC: cmp.inpcrd                                                            
|  MDVEL: mdvel                                                                 
|   MDEN: mden                                                                  
|  MDCRD: mdcrd                                                                 
| MDINFO: mdinfo                                                                
|  MDFRC: mdfrc                                                                 

 
 Here is the input file:
 
Initial minimisation of our structures                                         
 &cntrl                                                                        
  imin=1, maxcyc=10000, ncyc=5000,                                             
  cut=10, ntb=1,ntr=1,                                                         
  restraint_wt=2.0                                                             
  restraintmask=':1-554@CA,N,C'                                                
                                                                               
/                                                                              


Note: ig = -1. Setting random seed to   977691 based on wallclock time in 
      microseconds.
 
|--------------------- INFORMATION ----------------------
| GPU (CUDA) Version of PMEMD in use: NVIDIA GPU IN USE.
|                    Version 16.0.0
| 
|                      02/25/2016
| 
| Implementation by:
|                    Ross C. Walker     (SDSC)
|                    Scott Le Grand     (nVIDIA)
| 
| Precision model in use:
|      [SPFP] - Single Precision Forces, 64-bit Fixed Point
|               Accumulation. (Default)
| 
|--------------------------------------------------------
 
|----------------- CITATION INFORMATION -----------------
|
|    When publishing work that utilized the CUDA version
|    of AMBER, please cite the following in addition to
|    the regular AMBER citations:
|
|  - Romelia Salomon-Ferrer; Andreas W. Goetz; Duncan
|    Poole; Scott Le Grand; Ross C. Walker "Routine
|    microsecond molecular dynamics simulations with
|    AMBER - Part II: Particle Mesh Ewald", J. Chem.
|    Theory Comput., 2013, 9 (9), pp3878-3888,
|    DOI: 10.1021/ct400314y.
|
|  - Andreas W. Goetz; Mark J. Williamson; Dong Xu;
|    Duncan Poole; Scott Le Grand; Ross C. Walker
|    "Routine microsecond molecular dynamics simulations
|    with AMBER - Part I: Generalized Born", J. Chem.
|    Theory Comput., 2012, 8 (5), pp1542-1555.
|
|  - Scott Le Grand; Andreas W. Goetz; Ross C. Walker
|    "SPFP: Speed without compromise - a mixed precision
|    model for GPU accelerated molecular dynamics
|    simulations.", Comp. Phys. Comm., 2013, 184
|    pp374-380, DOI: 10.1016/j.cpc.2012.09.022
|
|--------------------------------------------------------
 
|------------------- GPU DEVICE INFO --------------------
|
|            CUDA_VISIBLE_DEVICES: 0
|   CUDA Capable Devices Detected:      1
|           CUDA Device ID in use:      0
|                CUDA Device Name: Tesla P100-PCIE-16GB
|     CUDA Device Global Mem Size:  16276 MB
| CUDA Device Num Multiprocessors:     56
|           CUDA Device Core Freq:   1.33 GHz
|
|--------------------------------------------------------
 
 
| Conditional Compilation Defines Used:
| PUBFFT
| BINTRAJ
| CUDA
| EMIL
 
| Largest sphere to fit in unit cell has radius =    31.631

| New format PARM file being parsed.
| Version =    1.000 Date = 08/11/20 Time = 20:19:09

| Note: 1-4 EEL scale factors are being read from the topology file.

| Note: 1-4 VDW scale factors are being read from the topology file.
| Duplicated    0 dihedrals

| Duplicated    0 dihedrals

--------------------------------------------------------------------------------
   1.  RESOURCE   USE: 
--------------------------------------------------------------------------------

 getting box info from netcdf restart file
 NATOM  =   31341 NTYPES =      18 NBONH =   30618 MBONA  =     774
 NTHETH =     907 MTHETA =    1191 NPHIH =    1834 MPHIA  =    2469
 NHPARM =       0 NPARM  =       0 NNB   =   46324 NRES   =   10144
 NBONA  =     774 NTHETA =    1191 NPHIA =    2469 NUMBND =      61
 NUMANG =     127 NPTRA  =      75 NATYP =      34 NPHB   =       1
 IFBOX  =       2 NMXRS  =      33 IFCAP =       0 NEXTRA =       0
 NCOPY  =       0

| Coordinate Index Table dimensions:    12   12   12
| Direct force subcell size =     6.4567    6.4567    6.4567

     BOX TYPE: TRUNCATED OCTAHEDRON

--------------------------------------------------------------------------------
   2.  CONTROL  DATA  FOR  THE  RUN
--------------------------------------------------------------------------------

default_name                                                                    

General flags:
     imin    =       1, nmropt  =       0

Nature and format of input:
     ntx     =       1, irest   =       0, ntrx    =       1

Nature and format of output:
     ntxo    =       2, ntpr    =      50, ntrx    =       1, ntwr    =       1
     iwrap   =       0, ntwx    =       0, ntwv    =       0, ntwe    =       0
     ioutfm  =       1, ntwprt  =       0, idecomp =       0, rbornstat=      0

Potential function:
     ntf     =       1, ntb     =       1, igb     =       0, nsnb    =      25
     ipol    =       0, gbsa    =       0, iesp    =       0
     dielc   =   1.00000, cut     =  10.00000, intdiel =   1.00000

Frozen or restrained atoms:
     ibelly  =       0, ntr     =       1
     restraint_wt =   2.00000

Energy minimization:
     maxcyc  =   10000, ncyc    =    5000, ntmin   =       1
     dx0     =   0.01000, drms    =   0.00010

| Intermolecular bonds treatment:
|     no_intermolecular_bonds =       1

| Energy averages sample interval:
|     ene_avg_sampling =       1

Ewald parameters:
     verbose =       0, ew_type =       0, nbflag  =       1, use_pme =       1
     vdwmeth =       1, eedmeth =       1, netfrc  =       0
     Box X =   77.480   Box Y =   77.480   Box Z =   77.480
     Alpha =  109.471   Beta  =  109.471   Gamma =  109.471
     NFFT1 =   80       NFFT2 =   80       NFFT3 =   80
     Cutoff=   10.000   Tol   =0.100E-04
     Ewald Coefficient =  0.27511
     Interpolation order =    4

    LOADING THE CONSTRAINED ATOMS AS GROUPS


   5.  REFERENCE ATOM COORDINATES

  default_name                                                                    
     Mask :1-554@CA,N,C; matches     0 atoms

--------------------------------------------------------------------------------
   3.  ATOMIC COORDINATES AND VELOCITIES
--------------------------------------------------------------------------------

default_name                                                                    
 begin time read from input coords =     0.000 ps

 
 Number of triangulated 3-point waters found:    10078

     Sum of charges from parm topology file =   0.00000019
     Forcing neutrality...

| Dynamic Memory, Types Used:
| Reals              959805
| Integers           797903

| Nonbonded Pairs Initial Allocation:     9479868

| GPU memory information (estimate):
| KB of GPU memory in use:    163791
| KB of CPU memory in use:     52659

--------------------------------------------------------------------------------
   4.  RESULTS
--------------------------------------------------------------------------------

 ---------------------------------------------------
 APPROXIMATING switch and d/dx switch using CUBIC SPLINE INTERPOLATION
 using   5000.0 points per unit in tabled values
 TESTING RELATIVE ERROR over r ranging from 0.0 to cutoff
| CHECK switch(x): max rel err =   0.3316E-14   at   2.351880
| CHECK d/dx switch(x): max rel err =   0.8066E-11   at   2.747240
 ---------------------------------------------------
|---------------------------------------------------
| APPROXIMATING direct energy using CUBIC SPLINE INTERPOLATION
|  with   50.0 points per unit in tabled values
| Relative Error Limit not exceeded for r .gt.   2.34
| APPROXIMATING direct force using CUBIC SPLINE INTERPOLATION
|  with   50.0 points per unit in tabled values
| Relative Error Limit not exceeded for r .gt.   2.81
|---------------------------------------------------


   NSTEP       ENERGY          RMS            GMAX         NAME    NUMBER
      1      -1.3599E+05     3.6289E-01     1.9312E+01     Na+      1077

 BOND    =     9921.4273  ANGLE   =      188.8158  DIHED      =      982.1991
 VDWAALS =    24460.9486  EEL     =  -168039.9484  HBOND      =        0.0000
 1-4 VDW =      257.0730  1-4 EEL =    -3762.8912  RESTRAINT  =        0.0000


   NSTEP       ENERGY          RMS            GMAX         NAME    NUMBER
     50      -1.3612E+05     3.9864E-01     1.3776E+01     P         626

 BOND    =     9936.1550  ANGLE   =      183.4462  DIHED      =      984.4672
 VDWAALS =    24567.8839  EEL     =  -168277.5557  HBOND      =        0.0000
 1-4 VDW =      256.4584  1-4 EEL =    -3769.6301  RESTRAINT  =        0.0000


   NSTEP       ENERGY          RMS            GMAX         NAME    NUMBER
    100      -1.3618E+05     1.2912E-01     5.8212E+00     Na+      1084

 BOND    =     9948.0403  ANGLE   =      180.4890  DIHED      =      985.2485
 VDWAALS =    24617.5284  EEL     =  -168400.0178  HBOND      =        0.0000
 1-4 VDW =      256.5466  1-4 EEL =    -3771.4481  RESTRAINT  =        0.0000


   NSTEP       ENERGY          RMS            GMAX         NAME    NUMBER
    150      -1.3624E+05     3.1357E-01     2.7657E+01     C4        363

 BOND    =     9956.8860  ANGLE   =      177.7091  DIHED      =      985.7473
 VDWAALS =    24661.6226  EEL     =  -168504.5659  HBOND      =        0.0000
 1-4 VDW =      256.3799  1-4 EEL =    -3772.1894  RESTRAINT  =        0.0000


   NSTEP       ENERGY          RMS            GMAX         NAME    NUMBER
    200      -1.3628E+05     1.0604E-01     3.4051E+00     Na+      1084

 BOND    =     9961.7120  ANGLE   =      175.5043  DIHED      =      985.9163
 VDWAALS =    24698.0367  EEL     =  -168587.7937  HBOND      =        0.0000
 1-4 VDW =      256.2154  1-4 EEL =    -3772.6956  RESTRAINT  =        0.0000


   NSTEP       ENERGY          RMS            GMAX         NAME    NUMBER
    250      -1.3632E+05     2.7667E-01     2.5055E+01     C4        363

 BOND    =     9967.8589  ANGLE   =      173.8015  DIHED      =      985.9015
 VDWAALS =    24730.1787  EEL     =  -168661.2191  HBOND      =        0.0000
 1-4 VDW =      255.9794  1-4 EEL =    -3772.9151  RESTRAINT  =        0.0000


   NSTEP       ENERGY          RMS            GMAX         NAME    NUMBER
    300      -1.3635E+05     1.1959E-01     7.4793E+00     C4        363

 BOND    =     9972.3941  ANGLE   =      171.7172  DIHED      =      985.7418
 VDWAALS =    24757.1982  EEL     =  -168724.5016  HBOND      =        0.0000
 1-4 VDW =      255.8149  1-4 EEL =    -3772.9390  RESTRAINT  =        0.0000


   NSTEP       ENERGY          RMS            GMAX         NAME    NUMBER
    350      -1.3639E+05     1.6085E-01     1.1863E+01     C6        419

 BOND    =     9977.2281  ANGLE   =      170.2053  DIHED      =      985.5370
 VDWAALS =    24781.8327  EEL     =  -168782.5963  HBOND      =        0.0000
 1-4 VDW =      255.6414  1-4 EEL =    -3772.9990  RESTRAINT  =        0.0000


   NSTEP       ENERGY          RMS            GMAX         NAME    NUMBER
    400      -1.3641E+05     3.3297E-01     2.9866E+01     C4        363

 BOND    =     9982.7933  ANGLE   =      169.1127  DIHED      =      985.3136
 VDWAALS =    24803.7705  EEL     =  -168835.1717  HBOND      =        0.0000
 1-4 VDW =      255.4585  1-4 EEL =    -3773.0193  RESTRAINT  =        0.0000


   NSTEP       ENERGY          RMS            GMAX         NAME    NUMBER
    450      -1.3644E+05     1.5391E-01     9.9610E+00     C4        426

 BOND    =     9985.0898  ANGLE   =      167.9352  DIHED      =      985.1035
 VDWAALS =    24824.7075  EEL     =  -168885.1624  HBOND      =        0.0000
 1-4 VDW =      255.2786  1-4 EEL =    -3773.1175  RESTRAINT  =        0.0000


   NSTEP       ENERGY          RMS            GMAX         NAME    NUMBER
    500      -1.3646E+05     2.7849E-01     1.9633E+01     C4        363

 BOND    =     9989.3690  ANGLE   =      167.2034  DIHED      =      984.9018
 VDWAALS =    24844.3861  EEL     =  -168932.6861  HBOND      =        0.0000
 1-4 VDW =      255.1206  1-4 EEL =    -3773.1830  RESTRAINT  =        0.0000


   NSTEP       ENERGY          RMS            GMAX         NAME    NUMBER
    550      -1.3649E+05     1.5562E-01     8.9812E+00     C5        267

 BOND    =     9992.9326  ANGLE   =      165.9395  DIHED      =      984.7068
 VDWAALS =    24863.2791  EEL     =  -168979.0568  HBOND      =        0.0000
 1-4 VDW =      255.0653  1-4 EEL =    -3773.2832  RESTRAINT  =        0.0000


   NSTEP       ENERGY          RMS            GMAX         NAME    NUMBER
    600      -1.3651E+05     2.5736E-01     1.9109E+01     C4        426

 BOND    =     9997.1721  ANGLE   =      164.9386  DIHED      =      984.5474
 VDWAALS =    24880.7621  EEL     =  -169022.0349  HBOND      =        0.0000
 1-4 VDW =      255.0617  1-4 EEL =    -3773.2970  RESTRAINT  =        0.0000


   NSTEP       ENERGY          RMS            GMAX         NAME    NUMBER
    650      -1.3654E+05     1.2290E-01     6.5747E+00     C5        267

 BOND    =     9999.2296  ANGLE   =      164.4865  DIHED      =      984.4285
 VDWAALS =    24897.7887  EEL     =  -169063.0582  HBOND      =        0.0000
 1-4 VDW =      254.8298  1-4 EEL =    -3773.3916  RESTRAINT  =        0.0000


   NSTEP       ENERGY          RMS            GMAX         NAME    NUMBER
    700      -1.3656E+05     2.2557E-01     1.4129E+01     C2        274

 BOND    =    10002.6513  ANGLE   =      163.9129  DIHED      =      984.3296
 VDWAALS =    24913.8070  EEL     =  -169102.1084  HBOND      =        0.0000
 1-4 VDW =      254.7950  1-4 EEL =    -3773.4193  RESTRAINT  =        0.0000


   NSTEP       ENERGY          RMS            GMAX         NAME    NUMBER
    750      -1.3657E+05     3.1183E-01     2.1458E+01     C2        274

 BOND    =    10006.0568  ANGLE   =      163.4701  DIHED      =      984.2573
 VDWAALS =    24929.3657  EEL     =  -169139.4764  HBOND      =        0.0000
 1-4 VDW =      254.7821  1-4 EEL =    -3773.4436  RESTRAINT  =        0.0000


   NSTEP       ENERGY          RMS            GMAX         NAME    NUMBER
    800      -1.3659E+05     1.7756E-01     1.2738E+01     C2        274

 BOND    =    10008.3689  ANGLE   =      162.7805  DIHED      =      984.2017
 VDWAALS =    24944.4233  EEL     =  -169175.5365  HBOND      =        0.0000
 1-4 VDW =      254.7574  1-4 EEL =    -3773.6150  RESTRAINT  =        0.0000


   NSTEP       ENERGY          RMS            GMAX         NAME    NUMBER
    850      -1.3661E+05     2.5114E-01     2.0822E+01     C2        274

 BOND    =    10011.7285  ANGLE   =      162.2763  DIHED      =      984.1672
 VDWAALS =    24959.3034  EEL     =  -169210.7845  HBOND      =        0.0000
 1-4 VDW =      254.7500  1-4 EEL =    -3773.6498  RESTRAINT  =        0.0000


   NSTEP       ENERGY          RMS            GMAX         NAME    NUMBER
    900      -1.3663E+05     1.1454E-01     8.0893E+00     C2        274

 BOND    =    10013.3992  ANGLE   =      161.7721  DIHED      =      984.1616
 VDWAALS =    24973.9155  EEL     =  -169244.7873  HBOND      =        0.0000
 1-4 VDW =      254.6820  1-4 EEL =    -3773.6270  RESTRAINT  =        0.0000


   NSTEP       ENERGY          RMS            GMAX         NAME    NUMBER
    950      -1.3665E+05     7.1528E-02     2.3367E+00     C2        274

 BOND    =    10016.0143  ANGLE   =      161.3072  DIHED      =      984.1598
 VDWAALS =    24987.9487  EEL     =  -169277.7532  HBOND      =        0.0000
 1-4 VDW =      254.6617  1-4 EEL =    -3773.6877  RESTRAINT  =        0.0000


   NSTEP       ENERGY          RMS            GMAX         NAME    NUMBER
   1000      -1.3666E+05     7.5911E-02     3.4778E+00     C2        274

 BOND    =    10018.5850  ANGLE   =      160.9248  DIHED      =      984.1736
 VDWAALS =    25001.6315  EEL     =  -169309.8745  HBOND      =        0.0000
 1-4 VDW =      254.6302  1-4 EEL =    -3773.7218  RESTRAINT  =        0.0000


   NSTEP       ENERGY          RMS            GMAX         NAME    NUMBER
   1050      -1.3668E+05     2.0058E-01     1.6280E+01     C2        274

 BOND    =    10021.9507  ANGLE   =      160.4550  DIHED      =      984.1998
 VDWAALS =    25015.1994  EEL     =  -169342.2258  HBOND      =        0.0000
 1-4 VDW =      254.6335  1-4 EEL =    -3773.7514  RESTRAINT  =        0.0000


   NSTEP       ENERGY          RMS            GMAX         NAME    NUMBER
   1100      -1.3670E+05     8.6649E-02     5.6020E+00     C2        274

 BOND    =    10023.4391  ANGLE   =      160.3163  DIHED      =      984.2359
 VDWAALS =    25028.3146  EEL     =  -169372.9672  HBOND      =        0.0000
 1-4 VDW =      254.5664  1-4 EEL =    -3773.7597  RESTRAINT  =        0.0000


   NSTEP       ENERGY          RMS            GMAX         NAME    NUMBER
   1150      -1.3671E+05     1.5730E-01     1.3583E+01     C2        274

 BOND    =    10026.0253  ANGLE   =      160.1211  DIHED      =      984.2825
 VDWAALS =    25041.3596  EEL     =  -169404.2063  HBOND      =        0.0000
 1-4 VDW =      254.5294  1-4 EEL =    -3773.7647  RESTRAINT  =        0.0000


   NSTEP       ENERGY          RMS            GMAX         NAME    NUMBER
   1200      -1.3673E+05     7.2656E-02     3.0772E+00     C2        274

 BOND    =    10028.3681  ANGLE   =      159.7573  DIHED      =      984.3321
 VDWAALS =    25053.8408  EEL     =  -169434.9333  HBOND      =        0.0000
 1-4 VDW =      254.5235  1-4 EEL =    -3773.8341  RESTRAINT  =        0.0000


   NSTEP       ENERGY          RMS            GMAX         NAME    NUMBER
   1250      -1.3674E+05     9.3416E-02     5.2265E+00     C2        274

 BOND    =    10030.7758  ANGLE   =      159.5670  DIHED      =      984.3935
 VDWAALS =    25065.8038  EEL     =  -169465.2933  HBOND      =        0.0000
 1-4 VDW =      254.5018  1-4 EEL =    -3773.8725  RESTRAINT  =        0.0000


   NSTEP       ENERGY          RMS            GMAX         NAME    NUMBER
   1300      -1.3676E+05     2.2244E-01     1.7350E+01     C2        274

 BOND    =    10033.5936  ANGLE   =      159.6137  DIHED      =      984.4477
 VDWAALS =    25077.1258  EEL     =  -169495.1650  HBOND      =        0.0000
 1-4 VDW =      254.5217  1-4 EEL =    -3773.9171  RESTRAINT  =        0.0000


   NSTEP       ENERGY          RMS            GMAX         NAME    NUMBER
   1350      -1.3678E+05     9.5667E-02     6.2253E+00     C2        274

 BOND    =    10035.0752  ANGLE   =      159.5164  DIHED      =      984.5319
 VDWAALS =    25087.9291  EEL     =  -169524.2731  HBOND      =        0.0000
 1-4 VDW =      254.4596  1-4 EEL =    -3773.9007  RESTRAINT  =        0.0000


   NSTEP       ENERGY          RMS            GMAX         NAME    NUMBER
   1400      -1.3679E+05     1.7374E-01     1.3055E+01     C2        274

 BOND    =    10037.6631  ANGLE   =      159.4037  DIHED      =      984.6026
 VDWAALS =    25098.9775  EEL     =  -169553.7560  HBOND      =        0.0000
 1-4 VDW =      254.4778  1-4 EEL =    -3773.8602  RESTRAINT  =        0.0000


   NSTEP       ENERGY          RMS            GMAX         NAME    NUMBER
   1450      -1.3681E+05     2.5889E-01     1.7308E+01     C2        274

 BOND    =    10039.2038  ANGLE   =      160.3009  DIHED      =      984.6312
 VDWAALS =    25110.6515  EEL     =  -169582.6400  HBOND      =        0.0000
 1-4 VDW =      254.2928  1-4 EEL =    -3773.9379  RESTRAINT  =        0.0000


   NSTEP       ENERGY          RMS            GMAX         NAME    NUMBER
   1500      -1.3682E+05     1.1316E-01     8.5691E+00     C2        274

 BOND    =    10042.0824  ANGLE   =      159.0527  DIHED      =      984.6743
 VDWAALS =    25121.6189  EEL     =  -169611.0580  HBOND      =        0.0000
 1-4 VDW =      254.4562  1-4 EEL =    -3773.8752  RESTRAINT  =        0.0000


   NSTEP       ENERGY          RMS            GMAX         NAME    NUMBER
   1550      -1.3684E+05     6.7069E-02     2.5336E+00     C2        274

 BOND    =    10044.1759  ANGLE   =      158.8194  DIHED      =      984.7349
 VDWAALS =    25132.7032  EEL     =  -169638.7413  HBOND      =        0.0000
 1-4 VDW =      254.4254  1-4 EEL =    -3773.8476  RESTRAINT  =        0.0000


   NSTEP       ENERGY          RMS            GMAX         NAME    NUMBER
   1600      -1.3685E+05     6.7615E-02     2.7708E+00     C2        274

 BOND    =    10046.4771  ANGLE   =      158.5892  DIHED      =      984.8127
 VDWAALS =    25143.5229  EEL     =  -169665.7880  HBOND      =        0.0000
 1-4 VDW =      254.4132  1-4 EEL =    -3773.8611  RESTRAINT  =        0.0000


   NSTEP       ENERGY          RMS            GMAX         NAME    NUMBER
   1650      -1.3687E+05     1.7812E-01     1.4577E+01     C2        274

 BOND    =    10048.7691  ANGLE   =      158.7009  DIHED      =      984.9153
 VDWAALS =    25154.5944  EEL     =  -169693.3130  HBOND      =        0.0000
 1-4 VDW =      254.3566  1-4 EEL =    -3773.8844  RESTRAINT  =        0.0000


   NSTEP       ENERGY          RMS            GMAX         NAME    NUMBER
   1700      -1.3688E+05     8.4039E-02     5.3360E+00     C2        274

 BOND    =    10051.3237  ANGLE   =      158.0136  DIHED      =      985.0334
 VDWAALS =    25164.9191  EEL     =  -169719.8290  HBOND      =        0.0000
 1-4 VDW =      254.4407  1-4 EEL =    -3773.9067  RESTRAINT  =        0.0000


   NSTEP       ENERGY          RMS            GMAX         NAME    NUMBER
   1750      -1.3689E+05     1.5093E-01     1.2904E+01     C2        274

 BOND    =    10053.7655  ANGLE   =      157.8887  DIHED      =      985.1680
 VDWAALS =    25175.3031  EEL     =  -169746.1770  HBOND      =        0.0000
 1-4 VDW =      254.4344  1-4 EEL =    -3773.9612  RESTRAINT  =        0.0000


   NSTEP       ENERGY          RMS            GMAX         NAME    NUMBER
   1800      -1.3691E+05     2.5945E-01     1.4429E+01     C6        610

 BOND    =    10055.2277  ANGLE   =      158.7349  DIHED      =      985.3038
 VDWAALS =    25185.3752  EEL     =  -169770.8843  HBOND      =        0.0000
 1-4 VDW =      254.2438  1-4 EEL =    -3774.1250  RESTRAINT  =        0.0000


   NSTEP       ENERGY          RMS            GMAX         NAME    NUMBER
   1850      -1.3692E+05     1.0080E-01     7.7519E+00     C2        274

 BOND    =    10057.5459  ANGLE   =      157.5114  DIHED      =      985.4703
 VDWAALS =    25195.0427  EEL     =  -169795.9297  HBOND      =        0.0000
 1-4 VDW =      254.4471  1-4 EEL =    -3773.9617  RESTRAINT  =        0.0000


   NSTEP       ENERGY          RMS            GMAX         NAME    NUMBER
   1900      -1.3693E+05     1.9096E-01     1.4584E+01     C2        274

 BOND    =    10060.5820  ANGLE   =      156.7638  DIHED      =      985.6385
 VDWAALS =    25204.5921  EEL     =  -169820.6386  HBOND      =        0.0000
 1-4 VDW =      254.6049  1-4 EEL =    -3773.8670  RESTRAINT  =        0.0000


   NSTEP       ENERGY          RMS            GMAX         NAME    NUMBER
   1950      -1.3695E+05     6.6352E-02     3.1603E+00     C2        274

 BOND    =    10061.7933  ANGLE   =      156.9281  DIHED      =      985.7898
 VDWAALS =    25213.9204  EEL     =  -169844.1197  HBOND      =        0.0000
 1-4 VDW =      254.4980  1-4 EEL =    -3774.0017  RESTRAINT  =        0.0000


   NSTEP       ENERGY          RMS            GMAX         NAME    NUMBER
   2000      -1.3696E+05     1.7834E-01     1.5310E+01     C2        274

 BOND    =    10063.8944  ANGLE   =      157.1008  DIHED      =      985.9491
 VDWAALS =    25223.3827  EEL     =  -169867.9696  HBOND      =        0.0000
 1-4 VDW =      254.4323  1-4 EEL =    -3774.0907  RESTRAINT  =        0.0000


   NSTEP       ENERGY          RMS            GMAX         NAME    NUMBER
   2050      -1.3697E+05     7.0670E-02     4.5683E+00     C2        274

 BOND    =    10065.6808  ANGLE   =      156.5561  DIHED      =      986.1170
 VDWAALS =    25232.9036  EEL     =  -169891.7545  HBOND      =        0.0000
 1-4 VDW =      254.5164  1-4 EEL =    -3774.0017  RESTRAINT  =        0.0000


   NSTEP       ENERGY          RMS            GMAX         NAME    NUMBER
   2100      -1.3698E+05     1.3932E-01     1.3348E+01     C2        274

 BOND    =    10067.6712  ANGLE   =      156.4658  DIHED      =      986.2758
 VDWAALS =    25242.8032  EEL     =  -169915.6335  HBOND      =        0.0000
 1-4 VDW =      254.5166  1-4 EEL =    -3773.9785  RESTRAINT  =        0.0000


   NSTEP       ENERGY          RMS            GMAX         NAME    NUMBER
   2150      -1.3699E+05     2.2699E-01     1.4054E+01     C6        805

 BOND    =    10070.9437  ANGLE   =      155.5587  DIHED      =      986.4342
 VDWAALS =    25252.6713  EEL     =  -169939.7208  HBOND      =        0.0000
 1-4 VDW =      254.7006  1-4 EEL =    -3773.8355  RESTRAINT  =        0.0000


   NSTEP       ENERGY          RMS            GMAX         NAME    NUMBER
   2200      -1.3701E+05     8.1498E-02     5.5615E+00     C2        274

 BOND    =    10071.8115  ANGLE   =      155.8289  DIHED      =      986.5623
 VDWAALS =    25262.7513  EEL     =  -169962.8453  HBOND      =        0.0000
 1-4 VDW =      254.5586  1-4 EEL =    -3773.9239  RESTRAINT  =        0.0000


   NSTEP       ENERGY          RMS            GMAX         NAME    NUMBER
   2250      -1.3702E+05     1.6827E-01     1.5577E+01     C2        274

 BOND    =    10074.3358  ANGLE   =      155.4896  DIHED      =      986.6902
 VDWAALS =    25272.5192  EEL     =  -169985.3405  HBOND      =        0.0000
 1-4 VDW =      254.6043  1-4 EEL =    -3773.8546  RESTRAINT  =        0.0000


   NSTEP       ENERGY          RMS            GMAX         NAME    NUMBER
   2300      -1.3703E+05     5.4254E-02     1.8254E+00     C2        274

 BOND    =    10075.2658  ANGLE   =      155.6469  DIHED      =      986.8081
 VDWAALS =    25282.3112  EEL     =  -170006.7568  HBOND      =        0.0000
 1-4 VDW =      254.5440  1-4 EEL =    -3773.7967  RESTRAINT  =        0.0000


   NSTEP       ENERGY          RMS            GMAX         NAME    NUMBER
   2350      -1.3704E+05     1.4343E-01     1.3974E+01     C2        274

 BOND    =    10077.2691  ANGLE   =      155.5664  DIHED      =      986.9247
 VDWAALS =    25292.2346  EEL     =  -170028.7261  HBOND      =        0.0000
 1-4 VDW =      254.5607  1-4 EEL =    -3773.6975  RESTRAINT  =        0.0000


   NSTEP       ENERGY          RMS            GMAX         NAME    NUMBER
   2400      -1.3705E+05     2.1107E-01     2.1627E+01     C2        274

 BOND    =    10079.3708  ANGLE   =      155.4768  DIHED      =      987.0296
 VDWAALS =    25301.8346  EEL     =  -170050.1303  HBOND      =        0.0000
 1-4 VDW =      254.5742  1-4 EEL =    -3773.6106  RESTRAINT  =        0.0000


   NSTEP       ENERGY          RMS            GMAX         NAME    NUMBER
   2450      -1.3706E+05     1.3691E-01     9.9500E+00     C2        274

 BOND    =    10081.7378  ANGLE   =      154.6985  DIHED      =      987.1211
 VDWAALS =    25311.0426  EEL     =  -170071.2115  HBOND      =        0.0000
 1-4 VDW =      254.6834  1-4 EEL =    -3773.5516  RESTRAINT  =        0.0000


   NSTEP       ENERGY          RMS            GMAX         NAME    NUMBER
   2500      -1.3706E+05     2.1274E-01     1.3971E+01     C6        708

 BOND    =    10084.2910  ANGLE   =      154.1474  DIHED      =      987.2024
 VDWAALS =    25319.5295  EEL     =  -170090.7449  HBOND      =        0.0000
 1-4 VDW =      254.8068  1-4 EEL =    -3773.4179  RESTRAINT  =        0.0000


   NSTEP       ENERGY          RMS            GMAX         NAME    NUMBER
   2550      -1.3707E+05     8.1926E-02     6.6554E+00     C2        274

 BOND    =    10084.4223  ANGLE   =      154.7487  DIHED      =      987.2604
 VDWAALS =    25328.1022  EEL     =  -170109.4573  HBOND      =        0.0000
 1-4 VDW =      254.6367  1-4 EEL =    -3773.4407  RESTRAINT  =        0.0000


   NSTEP       ENERGY          RMS            GMAX         NAME    NUMBER
   2600      -1.3708E+05     1.6007E-01     1.2278E+01     C2        274

 BOND    =    10085.8505  ANGLE   =      154.9990  DIHED      =      987.3107
 VDWAALS =    25336.2876  EEL     =  -170127.9742  HBOND      =        0.0000
 1-4 VDW =      254.5793  1-4 EEL =    -3773.4196  RESTRAINT  =        0.0000


   NSTEP       ENERGY          RMS            GMAX         NAME    NUMBER
   2650      -1.3709E+05     5.3657E-02     2.3083E+00     C2        274

 BOND    =    10087.9080  ANGLE   =      154.2616  DIHED      =      987.3544
 VDWAALS =    25343.9909  EEL     =  -170146.3713  HBOND      =        0.0000
 1-4 VDW =      254.6936  1-4 EEL =    -3773.3201  RESTRAINT  =        0.0000


   NSTEP       ENERGY          RMS            GMAX         NAME    NUMBER
   2700      -1.3710E+05     1.4811E-01     1.2793E+01     C2        274

 BOND    =    10089.5435  ANGLE   =      154.4579  DIHED      =      987.3819
 VDWAALS =    25352.0349  EEL     =  -170164.9947  HBOND      =        0.0000
 1-4 VDW =      254.6315  1-4 EEL =    -3773.3316  RESTRAINT  =        0.0000


   NSTEP       ENERGY          RMS            GMAX         NAME    NUMBER
   2750      -1.3711E+05     1.9809E-01     1.9953E+01     C2        274

 BOND    =    10092.0891  ANGLE   =      153.7760  DIHED      =      987.4100
 VDWAALS =    25359.3969  EEL     =  -170182.8908  HBOND      =        0.0000
 1-4 VDW =      254.7674  1-4 EEL =    -3773.1984  RESTRAINT  =        0.0000


   NSTEP       ENERGY          RMS            GMAX         NAME    NUMBER
   2800      -1.3712E+05     9.0810E-02     8.2666E+00     C2        274

 BOND    =    10092.7540  ANGLE   =      153.8418  DIHED      =      987.4288
 VDWAALS =    25367.0653  EEL     =  -170200.7769  HBOND      =        0.0000
 1-4 VDW =      254.7369  1-4 EEL =    -3773.1054  RESTRAINT  =        0.0000


   NSTEP       ENERGY          RMS            GMAX         NAME    NUMBER
   2850      -1.3713E+05     1.6599E-01     1.6606E+01     C2        274

 BOND    =    10094.1156  ANGLE   =      154.1496  DIHED      =      987.4375
 VDWAALS =    25374.7141  EEL     =  -170218.6844  HBOND      =        0.0000
 1-4 VDW =      254.6602  1-4 EEL =    -3773.0737  RESTRAINT  =        0.0000


   NSTEP       ENERGY          RMS            GMAX         NAME    NUMBER
   2900      -1.3714E+05     5.2866E-02     2.2938E+00     H1      13928

 BOND    =    10095.8717  ANGLE   =      153.6624  DIHED      =      987.4421
 VDWAALS =    25381.9747  EEL     =  -170236.5240  HBOND      =        0.0000
 1-4 VDW =      254.7118  1-4 EEL =    -3773.0087  RESTRAINT  =        0.0000


   NSTEP       ENERGY          RMS            GMAX         NAME    NUMBER
   2950      -1.3714E+05     1.5366E-01     1.4858E+01     C2        274

 BOND    =    10097.6489  ANGLE   =      153.7793  DIHED      =      987.4381
 VDWAALS =    25389.3275  EEL     =  -170254.4062  HBOND      =        0.0000
 1-4 VDW =      254.6567  1-4 EEL =    -3772.9941  RESTRAINT  =        0.0000


   NSTEP       ENERGY          RMS            GMAX         NAME    NUMBER
   3000      -1.3715E+05     6.1537E-02     4.1796E+00     C2        274

 BOND    =    10098.9917  ANGLE   =      153.5000  DIHED      =      987.4343
 VDWAALS =    25396.4886  EEL     =  -170271.9958  HBOND      =        0.0000
 1-4 VDW =      254.6919  1-4 EEL =    -3772.8381  RESTRAINT  =        0.0000


   NSTEP       ENERGY          RMS            GMAX         NAME    NUMBER
   3050      -1.3716E+05     1.2132E-01     1.2017E+01     C2        274

 BOND    =    10100.5446  ANGLE   =      153.5263  DIHED      =      987.4125
 VDWAALS =    25403.7352  EEL     =  -170289.7311  HBOND      =        0.0000
 1-4 VDW =      254.6601  1-4 EEL =    -3772.7378  RESTRAINT  =        0.0000


   NSTEP       ENERGY          RMS            GMAX         NAME    NUMBER
   3100      -1.3717E+05     1.9542E-01     1.3733E+01     C2        274

 BOND    =    10101.5938  ANGLE   =      154.0686  DIHED      =      987.3681
 VDWAALS =    25410.7861  EEL     =  -170306.5886  HBOND      =        0.0000
 1-4 VDW =      254.5067  1-4 EEL =    -3772.7264  RESTRAINT  =        0.0000


   NSTEP       ENERGY          RMS            GMAX         NAME    NUMBER
   3150      -1.3718E+05     1.0177E-01     9.4543E+00     C2        274

 BOND    =    10103.6231  ANGLE   =      153.2421  DIHED      =      987.3159
 VDWAALS =    25417.5322  EEL     =  -170323.8236  HBOND      =        0.0000
 1-4 VDW =      254.5993  1-4 EEL =    -3772.5868  RESTRAINT  =        0.0000


   NSTEP       ENERGY          RMS            GMAX         NAME    NUMBER
   3200      -1.3719E+05     1.6601E-01     1.5366E+01     C2        274

 BOND    =    10105.7952  ANGLE   =      152.7533  DIHED      =      987.2564
 VDWAALS =    25424.4004  EEL     =  -170341.1112  HBOND      =        0.0000
 1-4 VDW =      254.6712  1-4 EEL =    -3772.4361  RESTRAINT  =        0.0000


   NSTEP       ENERGY          RMS            GMAX         NAME    NUMBER
   3250      -1.3720E+05     5.0307E-02     1.9289E+00     H2       9636

 BOND    =    10106.3892  ANGLE   =      152.8588  DIHED      =      987.1952
 VDWAALS =    25431.2651  EEL     =  -170357.5224  HBOND      =        0.0000
 1-4 VDW =      254.6100  1-4 EEL =    -3772.3442  RESTRAINT  =        0.0000


   NSTEP       ENERGY          RMS            GMAX         NAME    NUMBER
   3300      -1.3721E+05     1.3969E-01     1.2701E+01     C2        274

 BOND    =    10107.5769  ANGLE   =      153.1085  DIHED      =      987.1375
 VDWAALS =    25438.3015  EEL     =  -170374.2428  HBOND      =        0.0000
 1-4 VDW =      254.5452  1-4 EEL =    -3772.2722  RESTRAINT  =        0.0000


   NSTEP       ENERGY          RMS            GMAX         NAME    NUMBER
   3350      -1.3721E+05     1.9921E-01     1.7726E+01     C2        274

 BOND    =    10108.9629  ANGLE   =      153.2843  DIHED      =      987.0861
 VDWAALS =    25445.2827  EEL     =  -170390.9625  HBOND      =        0.0000
 1-4 VDW =      254.4981  1-4 EEL =    -3772.2039  RESTRAINT  =        0.0000


   NSTEP       ENERGY          RMS            GMAX         NAME    NUMBER
   3400      -1.3722E+05     8.7909E-02     8.0610E+00     C2        274

 BOND    =    10110.8498  ANGLE   =      152.5304  DIHED      =      987.0414
 VDWAALS =    25452.0302  EEL     =  -170407.6776  HBOND      =        0.0000
 1-4 VDW =      254.5859  1-4 EEL =    -3772.0889  RESTRAINT  =        0.0000


   NSTEP       ENERGY          RMS            GMAX         NAME    NUMBER
   3450      -1.3723E+05     1.6918E-01     1.4272E+01     C2        274

 BOND    =    10112.1461  ANGLE   =      152.8567  DIHED      =      986.9932
 VDWAALS =    25458.8412  EEL     =  -170423.7562  HBOND      =        0.0000
 1-4 VDW =      254.4924  1-4 EEL =    -3772.0730  RESTRAINT  =        0.0000


   NSTEP       ENERGY          RMS            GMAX         NAME    NUMBER
   3500      -1.3724E+05     8.2167E-02     7.5865E+00     C2        274

 BOND    =    10113.5199  ANGLE   =      152.4326  DIHED      =      986.9543
 VDWAALS =    25465.5654  EEL     =  -170440.1381  HBOND      =        0.0000
 1-4 VDW =      254.5832  1-4 EEL =    -3771.8822  RESTRAINT  =        0.0000


   NSTEP       ENERGY          RMS            GMAX         NAME    NUMBER
   3550      -1.3725E+05     1.4265E-01     1.1860E+01     C2        274

 BOND    =    10114.6437  ANGLE   =      152.7384  DIHED      =      986.9080
 VDWAALS =    25472.1188  EEL     =  -170455.5819  HBOND      =        0.0000
 1-4 VDW =      254.5061  1-4 EEL =    -3771.8399  RESTRAINT  =        0.0000


   NSTEP       ENERGY          RMS            GMAX         NAME    NUMBER
   3600      -1.3725E+05     4.9105E-02     1.9629E+00     C2        274

 BOND    =    10116.3691  ANGLE   =      152.2244  DIHED      =      986.8649
 VDWAALS =    25478.5826  EEL     =  -170471.5480  HBOND      =        0.0000
 1-4 VDW =      254.5769  1-4 EEL =    -3771.7239  RESTRAINT  =        0.0000


   NSTEP       ENERGY          RMS            GMAX         NAME    NUMBER
   3650      -1.3726E+05     1.2197E-01     1.1477E+01     C2        274

 BOND    =    10118.2270  ANGLE   =      151.9669  DIHED      =      986.8200
 VDWAALS =    25484.9318  EEL     =  -170487.0376  HBOND      =        0.0000
 1-4 VDW =      254.6179  1-4 EEL =    -3771.6227  RESTRAINT  =        0.0000


   NSTEP       ENERGY          RMS            GMAX         NAME    NUMBER
   3700      -1.3727E+05     1.9461E-01     1.1883E+01     C6        675

 BOND    =    10118.8168  ANGLE   =      152.7772  DIHED      =      986.7659
 VDWAALS =    25491.2217  EEL     =  -170501.5180  HBOND      =        0.0000
 1-4 VDW =      254.4296  1-4 EEL =    -3771.6636  RESTRAINT  =        0.0000


   NSTEP       ENERGY          RMS            GMAX         NAME    NUMBER
   3750      -1.3728E+05     7.3720E-02     5.7173E+00     C2        274

 BOND    =    10120.4507  ANGLE   =      151.9202  DIHED      =      986.7251
 VDWAALS =    25497.1185  EEL     =  -170516.4841  HBOND      =        0.0000
 1-4 VDW =      254.6151  1-4 EEL =    -3771.4141  RESTRAINT  =        0.0000


   NSTEP       ENERGY          RMS            GMAX         NAME    NUMBER
   3800      -1.3728E+05     1.4412E-01     1.2070E+01     C2        274

 BOND    =    10122.0828  ANGLE   =      151.7072  DIHED      =      986.6772
 VDWAALS =    25502.9230  EEL     =  -170530.8954  HBOND      =        0.0000
 1-4 VDW =      254.6729  1-4 EEL =    -3771.2708  RESTRAINT  =        0.0000


   NSTEP       ENERGY          RMS            GMAX         NAME    NUMBER
   3850      -1.3729E+05     5.0286E-02     2.5103E+00     C2        274

 BOND    =    10122.8985  ANGLE   =      151.8308  DIHED      =      986.6212
 VDWAALS =    25508.5134  EEL     =  -170544.7573  HBOND      =        0.0000
 1-4 VDW =      254.5963  1-4 EEL =    -3771.2496  RESTRAINT  =        0.0000


   NSTEP       ENERGY          RMS            GMAX         NAME    NUMBER
   3900      -1.3730E+05     1.3069E-01     1.1969E+01     C2        274

 BOND    =    10124.2709  ANGLE   =      151.9135  DIHED      =      986.5640
 VDWAALS =    25514.0721  EEL     =  -170558.7587  HBOND      =        0.0000
 1-4 VDW =      254.5638  1-4 EEL =    -3771.1886  RESTRAINT  =        0.0000


   NSTEP       ENERGY          RMS            GMAX         NAME    NUMBER
   3950      -1.3731E+05     5.4363E-02     3.3701E+00     C2        274

 BOND    =    10125.3226  ANGLE   =      151.6952  DIHED      =      986.5095
 VDWAALS =    25519.3871  EEL     =  -170572.4372  HBOND      =        0.0000
 1-4 VDW =      254.6135  1-4 EEL =    -3771.0309  RESTRAINT  =        0.0000


   NSTEP       ENERGY          RMS            GMAX         NAME    NUMBER
   4000      -1.3731E+05     1.0498E-01     1.0136E+01     C2        274

 BOND    =    10126.6320  ANGLE   =      151.6365  DIHED      =      986.4505
 VDWAALS =    25524.6719  EEL     =  -170586.0259  HBOND      =        0.0000
 1-4 VDW =      254.6302  1-4 EEL =    -3770.9064  RESTRAINT  =        0.0000


   NSTEP       ENERGY          RMS            GMAX         NAME    NUMBER
   4050      -1.3732E+05     1.5054E-01     1.5703E+01     C2        274

 BOND    =    10127.9583  ANGLE   =      151.6692  DIHED      =      986.3864
 VDWAALS =    25530.1435  EEL     =  -170600.0503  HBOND      =        0.0000
 1-4 VDW =      254.6278  1-4 EEL =    -3770.7916  RESTRAINT  =        0.0000


   NSTEP       ENERGY          RMS            GMAX         NAME    NUMBER
   4100      -1.3733E+05     4.6386E-02     1.9281E+00     C2        274

 BOND    =    10129.1057  ANGLE   =      151.4788  DIHED      =      986.3205
 VDWAALS =    25535.4892  EEL     =  -170613.9485  HBOND      =        0.0000
 1-4 VDW =      254.6286  1-4 EEL =    -3770.7120  RESTRAINT  =        0.0000


   NSTEP       ENERGY          RMS            GMAX         NAME    NUMBER
   4150      -1.3733E+05     1.2763E-01     1.2199E+01     C2        274

 BOND    =    10130.6659  ANGLE   =      151.3917  DIHED      =      986.2514
 VDWAALS =    25540.9676  EEL     =  -170628.0354  HBOND      =        0.0000
 1-4 VDW =      254.6422  1-4 EEL =    -3770.6165  RESTRAINT  =        0.0000


   NSTEP       ENERGY          RMS            GMAX         NAME    NUMBER
   4200      -1.3734E+05     6.1010E-02     4.9194E+00     C2        274

 BOND    =    10131.6286  ANGLE   =      151.4134  DIHED      =      986.1804
 VDWAALS =    25546.6687  EEL     =  -170642.4962  HBOND      =        0.0000
 1-4 VDW =      254.6375  1-4 EEL =    -3770.4741  RESTRAINT  =        0.0000


   NSTEP       ENERGY          RMS            GMAX         NAME    NUMBER
   4250      -1.3735E+05     6.9414E-02     5.5639E+00     C2        274

 BOND    =    10133.0478  ANGLE   =      151.2751  DIHED      =      986.1100
 VDWAALS =    25552.2820  EEL     =  -170656.7834  HBOND      =        0.0000
 1-4 VDW =      254.6695  1-4 EEL =    -3770.3423  RESTRAINT  =        0.0000


   NSTEP       ENERGY          RMS            GMAX         NAME    NUMBER
   4300      -1.3736E+05     1.6083E-01     1.7400E+01     C2        274

 BOND    =    10134.5084  ANGLE   =      151.3302  DIHED      =      986.0369
 VDWAALS =    25558.1004  EEL     =  -170671.2476  HBOND      =        0.0000
 1-4 VDW =      254.6863  1-4 EEL =    -3770.1997  RESTRAINT  =        0.0000


   NSTEP       ENERGY          RMS            GMAX         NAME    NUMBER
   4350      -1.3736E+05     9.4820E-02     8.6062E+00     C2        274

 BOND    =    10135.7067  ANGLE   =      151.3092  DIHED      =      985.9616
 VDWAALS =    25563.8555  EEL     =  -170685.4865  HBOND      =        0.0000
 1-4 VDW =      254.6364  1-4 EEL =    -3770.1687  RESTRAINT  =        0.0000


   NSTEP       ENERGY          RMS            GMAX         NAME    NUMBER
   4400      -1.3737E+05     1.3900E-01     1.1870E+01     C2        274

 BOND    =    10137.6423  ANGLE   =      150.8888  DIHED      =      985.8911
 VDWAALS =    25569.5582  EEL     =  -170699.8242  HBOND      =        0.0000
 1-4 VDW =      254.7388  1-4 EEL =    -3769.9958  RESTRAINT  =        0.0000


   NSTEP       ENERGY          RMS            GMAX         NAME    NUMBER
   4450      -1.3738E+05     4.9009E-02     2.5844E+00     C2        274

 BOND    =    10138.2227  ANGLE   =      151.1588  DIHED      =      985.8155
 VDWAALS =    25575.2344  EEL     =  -170713.4349  HBOND      =        0.0000
 1-4 VDW =      254.6747  1-4 EEL =    -3769.9108  RESTRAINT  =        0.0000


   NSTEP       ENERGY          RMS            GMAX         NAME    NUMBER
   4500      -1.3739E+05     1.2447E-01     1.2513E+01     C2        274

 BOND    =    10139.5386  ANGLE   =      151.2703  DIHED      =      985.7387
 VDWAALS =    25581.0602  EEL     =  -170727.5653  HBOND      =        0.0000
 1-4 VDW =      254.6680  1-4 EEL =    -3769.7946  RESTRAINT  =        0.0000


   NSTEP       ENERGY          RMS            GMAX         NAME    NUMBER
   4550      -1.3739E+05     1.8904E-01     1.2600E+01     C2        274

 BOND    =    10141.8166  ANGLE   =      150.6227  DIHED      =      985.6695
 VDWAALS =    25586.5797  EEL     =  -170741.6521  HBOND      =        0.0000
 1-4 VDW =      254.8385  1-4 EEL =    -3769.5750  RESTRAINT  =        0.0000


   NSTEP       ENERGY          RMS            GMAX         NAME    NUMBER
   4600      -1.3740E+05     1.0045E-01     9.6514E+00     C2        274

 BOND    =    10142.3050  ANGLE   =      151.0497  DIHED      =      985.5885
 VDWAALS =    25592.2927  EEL     =  -170755.2388  HBOND      =        0.0000
 1-4 VDW =      254.6913  1-4 EEL =    -3769.6081  RESTRAINT  =        0.0000


   NSTEP       ENERGY          RMS            GMAX         NAME    NUMBER
   4650      -1.3741E+05     1.5041E-01     1.3935E+01     C2        274

 BOND    =    10144.1002  ANGLE   =      150.7358  DIHED      =      985.5155
 VDWAALS =    25597.7679  EEL     =  -170768.9070  HBOND      =        0.0000
 1-4 VDW =      254.7752  1-4 EEL =    -3769.4600  RESTRAINT  =        0.0000


   NSTEP       ENERGY          RMS            GMAX         NAME    NUMBER
   4700      -1.3741E+05     8.0246E-02     7.3374E+00     C2        274

 BOND    =    10144.6952  ANGLE   =      150.9374  DIHED      =      985.4380
 VDWAALS =    25603.3792  EEL     =  -170782.3262  HBOND      =        0.0000
 1-4 VDW =      254.7403  1-4 EEL =    -3769.3570  RESTRAINT  =        0.0000


   NSTEP       ENERGY          RMS            GMAX         NAME    NUMBER
   4750      -1.3742E+05     1.2492E-01     1.1939E+01     C2        274

 BOND    =    10146.1135  ANGLE   =      150.8298  DIHED      =      985.3635
 VDWAALS =    25608.8298  EEL     =  -170795.7448  HBOND      =        0.0000
 1-4 VDW =      254.7840  1-4 EEL =    -3769.2300  RESTRAINT  =        0.0000


   NSTEP       ENERGY          RMS            GMAX         NAME    NUMBER
   4800      -1.3743E+05     4.5348E-02     1.8450E+00     C2        274

 BOND    =    10147.0417  ANGLE   =      150.8631  DIHED      =      985.2887
 VDWAALS =    25614.1441  EEL     =  -170808.6385  HBOND      =        0.0000
 1-4 VDW =      254.7569  1-4 EEL =    -3769.1797  RESTRAINT  =        0.0000


   NSTEP       ENERGY          RMS            GMAX         NAME    NUMBER
   4850      -1.3743E+05     1.1598E-01     9.7186E+00     C2        274

 BOND    =    10148.0978  ANGLE   =      151.1064  DIHED      =      985.2120
 VDWAALS =    25619.5157  EEL     =  -170821.6605  HBOND      =        0.0000
 1-4 VDW =      254.7075  1-4 EEL =    -3769.1372  RESTRAINT  =        0.0000


   NSTEP       ENERGY          RMS            GMAX         NAME    NUMBER
   4900      -1.3744E+05     4.8073E-02     2.6833E+00     C2        274

 BOND    =    10149.2308  ANGLE   =      150.8626  DIHED      =      985.1415
 VDWAALS =    25624.6023  EEL     =  -170834.3728  HBOND      =        0.0000
 1-4 VDW =      254.7809  1-4 EEL =    -3768.9883  RESTRAINT  =        0.0000


   NSTEP       ENERGY          RMS            GMAX         NAME    NUMBER
   4950      -1.3745E+05     9.1527E-02     8.5635E+00     C2        274

 BOND    =    10150.2666  ANGLE   =      150.9734  DIHED      =      985.0678
 VDWAALS =    25629.7652  EEL     =  -170847.0737  HBOND      =        0.0000
 1-4 VDW =      254.7773  1-4 EEL =    -3768.9031  RESTRAINT  =        0.0000


   NSTEP       ENERGY          RMS            GMAX         NAME    NUMBER
   5000      -1.3745E+05     1.3079E-01     1.2117E+01     C2        274

 BOND    =    10151.3042  ANGLE   =      151.1163  DIHED      =      984.9950
 VDWAALS =    25634.8741  EEL     =  -170859.7631  HBOND      =        0.0000
 1-4 VDW =      254.7668  1-4 EEL =    -3768.8282  RESTRAINT  =        0.0000


   NSTEP       ENERGY          RMS            GMAX         NAME    NUMBER
   5050      -1.3753E+05     2.1004E-01     1.7607E+01     H2      29304

 BOND    =    10170.7129  ANGLE   =      150.7207  DIHED      =      984.1467
 VDWAALS =    25721.5872  EEL     =  -171046.0693  HBOND      =        0.0000
 1-4 VDW =      254.4955  1-4 EEL =    -3767.3680  RESTRAINT  =        0.0000


   NSTEP       ENERGY          RMS            GMAX         NAME    NUMBER
   5100      -1.3756E+05     2.5464E-01     1.6389E+01     H2      29673

 BOND    =    10170.2910  ANGLE   =      151.3931  DIHED      =      983.9714
 VDWAALS =    25731.9846  EEL     =  -171085.0265  HBOND      =        0.0000
 1-4 VDW =      255.2700  1-4 EEL =    -3767.8724  RESTRAINT  =        0.0000


   NSTEP       ENERGY          RMS            GMAX         NAME    NUMBER
   5150      -1.3758E+05     1.7138E-01     1.2240E+01     C5        267

 BOND    =    10175.2150  ANGLE   =      151.6055  DIHED      =      983.8017
 VDWAALS =    25743.9914  EEL     =  -171124.0422  HBOND      =        0.0000
 1-4 VDW =      255.4104  1-4 EEL =    -3767.2962  RESTRAINT  =        0.0000


   NSTEP       ENERGY          RMS            GMAX         NAME    NUMBER
   5200      -1.3760E+05     1.5381E-01     8.4280E+00     H2      29343

 BOND    =    10183.1170  ANGLE   =      151.6547  DIHED      =      983.5020
 VDWAALS =    25758.7980  EEL     =  -171168.3447  HBOND      =        0.0000
 1-4 VDW =      255.6564  1-4 EEL =    -3766.5377  RESTRAINT  =        0.0000


   NSTEP       ENERGY          RMS            GMAX         NAME    NUMBER
   5250      -1.3763E+05     8.0732E-02     3.2056E+00     H2      29343

 BOND    =    10184.0278  ANGLE   =      151.5033  DIHED      =      983.1345
 VDWAALS =    25777.7166  EEL     =  -171214.5127  HBOND      =        0.0000
 1-4 VDW =      255.4110  1-4 EEL =    -3765.4840  RESTRAINT  =        0.0000


   NSTEP       ENERGY          RMS            GMAX         NAME    NUMBER
   5300      -1.3766E+05     6.8137E-02     2.6595E+00     O       29341

 BOND    =    10189.9697  ANGLE   =      151.7583  DIHED      =      982.5196
 VDWAALS =    25802.0301  EEL     =  -171277.3014  HBOND      =        0.0000
 1-4 VDW =      255.3682  1-4 EEL =    -3764.7412  RESTRAINT  =        0.0000


   NSTEP       ENERGY          RMS            GMAX         NAME    NUMBER
   5350      -1.3771E+05     1.6865E-01     6.4765E+00     C2        679

 BOND    =    10202.0487  ANGLE   =      152.5064  DIHED      =      981.1362
 VDWAALS =    25848.8060  EEL     =  -171386.6995  HBOND      =        0.0000
 1-4 VDW =      255.1686  1-4 EEL =    -3763.3789  RESTRAINT  =        0.0000


   NSTEP       ENERGY          RMS            GMAX         NAME    NUMBER
   5400      -1.3774E+05     1.1537E-01     5.4237E+00     C2        274

 BOND    =    10206.3798  ANGLE   =      152.1772  DIHED      =      980.2210
 VDWAALS =    25877.6471  EEL     =  -171447.7076  HBOND      =        0.0000
 1-4 VDW =      254.9316  1-4 EEL =    -3762.2706  RESTRAINT  =        0.0000


   NSTEP       ENERGY          RMS            GMAX         NAME    NUMBER
   5450      -1.3776E+05     9.9402E-02     3.9769E+00     H2      29343

 BOND    =    10210.8336  ANGLE   =      152.6159  DIHED      =      979.3692
 VDWAALS =    25899.0333  EEL     =  -171495.6817  HBOND      =        0.0000
 1-4 VDW =      254.8152  1-4 EEL =    -3761.9135  RESTRAINT  =        0.0000


   NSTEP       ENERGY          RMS            GMAX         NAME    NUMBER
   5500      -1.3778E+05     1.1919E-01     5.4138E+00     C2        274

 BOND    =    10214.7393  ANGLE   =      153.2094  DIHED      =      978.6650
 VDWAALS =    25916.6010  EEL     =  -171535.8046  HBOND      =        0.0000
 1-4 VDW =      254.6805  1-4 EEL =    -3761.8427  RESTRAINT  =        0.0000


   NSTEP       ENERGY          RMS            GMAX         NAME    NUMBER
   5550      -1.3780E+05     1.2153E-01     6.3856E+00     C5        674

 BOND    =    10219.0864  ANGLE   =      153.7671  DIHED      =      977.9809
 VDWAALS =    25936.1935  EEL     =  -171577.8253  HBOND      =        0.0000
 1-4 VDW =      254.5525  1-4 EEL =    -3761.5854  RESTRAINT  =        0.0000


   NSTEP       ENERGY          RMS            GMAX         NAME    NUMBER
   5600      -1.3781E+05     8.4624E-02     4.1395E+00     C3'        58

 BOND    =    10221.7045  ANGLE   =      154.0486  DIHED      =      977.3992
 VDWAALS =    25954.9576  EEL     =  -171615.2712  HBOND      =        0.0000
 1-4 VDW =      254.4705  1-4 EEL =    -3761.3940  RESTRAINT  =        0.0000


   NSTEP       ENERGY          RMS            GMAX         NAME    NUMBER
   5650      -1.3783E+05     1.1470E-01     7.6906E+00     C2        274

 BOND    =    10226.7975  ANGLE   =      154.4693  DIHED      =      976.6939
 VDWAALS =    25973.9051  EEL     =  -171657.4356  HBOND      =        0.0000
 1-4 VDW =      254.4514  1-4 EEL =    -3761.4534  RESTRAINT  =        0.0000


   NSTEP       ENERGY          RMS            GMAX         NAME    NUMBER
   5700      -1.3786E+05     8.4350E-02     5.1001E+00     O3'        63

 BOND    =    10230.8947  ANGLE   =      155.2112  DIHED      =      975.6565
 VDWAALS =    25994.2740  EEL     =  -171711.8705  HBOND      =        0.0000
 1-4 VDW =      254.2830  1-4 EEL =    -3761.1292  RESTRAINT  =        0.0000


   NSTEP       ENERGY          RMS            GMAX         NAME    NUMBER
   5750      -1.3790E+05     1.0672E-01     4.1737E+00     C2'       752

 BOND    =    10235.9709  ANGLE   =      155.6684  DIHED      =      974.8091
 VDWAALS =    26022.3702  EEL     =  -171777.7926  HBOND      =        0.0000
 1-4 VDW =      253.9725  1-4 EEL =    -3760.1406  RESTRAINT  =        0.0000


   NSTEP       ENERGY          RMS            GMAX         NAME    NUMBER
   5800      -1.3791E+05     1.9713E-01     9.2783E+00     C2        274

 BOND    =    10241.3160  ANGLE   =      156.7827  DIHED      =      974.2375
 VDWAALS =    26040.3207  EEL     =  -171821.2721  HBOND      =        0.0000
 1-4 VDW =      254.1892  1-4 EEL =    -3759.9810  RESTRAINT  =        0.0000


   NSTEP       ENERGY          RMS            GMAX         NAME    NUMBER
   5850      -1.3793E+05     1.1164E-01     5.6533E+00     O3'        63

 BOND    =    10243.0028  ANGLE   =      156.5449  DIHED      =      973.9261
 VDWAALS =    26050.0652  EEL     =  -171846.5521  HBOND      =        0.0000
 1-4 VDW =      254.0737  1-4 EEL =    -3759.8685  RESTRAINT  =        0.0000


   NSTEP       ENERGY          RMS            GMAX         NAME    NUMBER
   5900      -1.3794E+05     1.1556E-01     5.7293E+00     O       27349

 BOND    =    10245.6927  ANGLE   =      156.4559  DIHED      =      973.6233
 VDWAALS =    26060.4519  EEL     =  -171873.4767  HBOND      =        0.0000
 1-4 VDW =      254.0939  1-4 EEL =    -3759.9066  RESTRAINT  =        0.0000


   NSTEP       ENERGY          RMS            GMAX         NAME    NUMBER
   5950      -1.3795E+05     8.7603E-02     4.6918E+00     O       29341

 BOND    =    10247.8045  ANGLE   =      156.4231  DIHED      =      973.3456
 VDWAALS =    26069.8780  EEL     =  -171896.7550  HBOND      =        0.0000
 1-4 VDW =      254.1316  1-4 EEL =    -3759.8208  RESTRAINT  =        0.0000


   NSTEP       ENERGY          RMS            GMAX         NAME    NUMBER
   6000      -1.3797E+05     7.9330E-02     4.0864E+00     O       29341

 BOND    =    10249.9648  ANGLE   =      156.5585  DIHED      =      973.0803
 VDWAALS =    26079.0407  EEL     =  -171921.1911  HBOND      =        0.0000
 1-4 VDW =      254.1788  1-4 EEL =    -3759.6024  RESTRAINT  =        0.0000


   NSTEP       ENERGY          RMS            GMAX         NAME    NUMBER
   6050      -1.3798E+05     7.6018E-02     3.2359E+00     O       29341

 BOND    =    10252.6214  ANGLE   =      156.7003  DIHED      =      972.8490
 VDWAALS =    26088.9202  EEL     =  -171945.8753  HBOND      =        0.0000
 1-4 VDW =      254.2160  1-4 EEL =    -3759.4229  RESTRAINT  =        0.0000


   NSTEP       ENERGY          RMS            GMAX         NAME    NUMBER
   6100      -1.3799E+05     6.4553E-02     2.4738E+00     O       29341

 BOND    =    10254.5754  ANGLE   =      156.7221  DIHED      =      972.6375
 VDWAALS =    26099.3581  EEL     =  -171968.4899  HBOND      =        0.0000
 1-4 VDW =      254.2493  1-4 EEL =    -3759.3108  RESTRAINT  =        0.0000


   NSTEP       ENERGY          RMS            GMAX         NAME    NUMBER
   6150      -1.3800E+05     6.1553E-02     2.7141E+00     O3'        63

 BOND    =    10257.0160  ANGLE   =      156.8233  DIHED      =      972.4153
 VDWAALS =    26111.4448  EEL     =  -171994.6666  HBOND      =        0.0000
 1-4 VDW =      254.3069  1-4 EEL =    -3759.1080  RESTRAINT  =        0.0000


   NSTEP       ENERGY          RMS            GMAX         NAME    NUMBER
   6200      -1.3801E+05     6.3308E-02     2.7423E+00     C2        368

 BOND    =    10259.3440  ANGLE   =      157.0242  DIHED      =      972.2035
 VDWAALS =    26124.9626  EEL     =  -172022.8580  HBOND      =        0.0000
 1-4 VDW =      254.3509  1-4 EEL =    -3758.9995  RESTRAINT  =        0.0000


   NSTEP       ENERGY          RMS            GMAX         NAME    NUMBER
   6250      -1.3803E+05     9.9159E-02     4.9332E+00     C5        868

 BOND    =    10263.5178  ANGLE   =      157.1146  DIHED      =      971.9975
 VDWAALS =    26141.3734  EEL     =  -172058.7735  HBOND      =        0.0000
 1-4 VDW =      254.4935  1-4 EEL =    -3758.7580  RESTRAINT  =        0.0000


   NSTEP       ENERGY          RMS            GMAX         NAME    NUMBER
   6300      -1.3804E+05     1.0686E-01     4.6427E+00     C2'        60

 BOND    =    10265.1640  ANGLE   =      157.6504  DIHED      =      971.8651
 VDWAALS =    26156.2738  EEL     =  -172091.7969  HBOND      =        0.0000
 1-4 VDW =      254.6823  1-4 EEL =    -3758.2588  RESTRAINT  =        0.0000


   NSTEP       ENERGY          RMS            GMAX         NAME    NUMBER
   6350      -1.3806E+05     1.1562E-01     5.4509E+00     C2'        60

 BOND    =    10269.6539  ANGLE   =      157.8072  DIHED      =      971.6303
 VDWAALS =    26175.8775  EEL     =  -172134.8681  HBOND      =        0.0000
 1-4 VDW =      254.5839  1-4 EEL =    -3757.9649  RESTRAINT  =        0.0000


   NSTEP       ENERGY          RMS            GMAX         NAME    NUMBER
   6400      -1.3807E+05     8.2548E-02     3.5467E+00     C2'        60

 BOND    =    10272.1839  ANGLE   =      158.0500  DIHED      =      971.3534
 VDWAALS =    26188.0722  EEL     =  -172160.8369  HBOND      =        0.0000
 1-4 VDW =      254.4839  1-4 EEL =    -3757.9320  RESTRAINT  =        0.0000


   NSTEP       ENERGY          RMS            GMAX         NAME    NUMBER
   6450      -1.3808E+05     1.1256E-01     4.1817E+00     C4        684

 BOND    =    10275.3424  ANGLE   =      158.2386  DIHED      =      971.0985
 VDWAALS =    26199.3610  EEL     =  -172185.2394  HBOND      =        0.0000
 1-4 VDW =      254.4538  1-4 EEL =    -3757.8423  RESTRAINT  =        0.0000


   NSTEP       ENERGY          RMS            GMAX         NAME    NUMBER
   6500      -1.3809E+05     1.0471E-01     3.3534E+00     C4        684

 BOND    =    10277.3173  ANGLE   =      158.2673  DIHED      =      970.8764
 VDWAALS =    26209.5271  EEL     =  -172205.9223  HBOND      =        0.0000
 1-4 VDW =      254.4775  1-4 EEL =    -3757.7189  RESTRAINT  =        0.0000


   NSTEP       ENERGY          RMS            GMAX         NAME    NUMBER
   6550      -1.3810E+05     1.0116E-01     3.0700E+00     C2        274

 BOND    =    10279.2905  ANGLE   =      158.3285  DIHED      =      970.6693
 VDWAALS =    26219.2442  EEL     =  -172226.1911  HBOND      =        0.0000
 1-4 VDW =      254.4970  1-4 EEL =    -3757.6440  RESTRAINT  =        0.0000


   NSTEP       ENERGY          RMS            GMAX         NAME    NUMBER
   6600      -1.3811E+05     1.0487E-01     3.3943E+00     N3        273

 BOND    =    10281.8952  ANGLE   =      158.4525  DIHED      =      970.4431
 VDWAALS =    26230.2801  EEL     =  -172249.6991  HBOND      =        0.0000
 1-4 VDW =      254.5113  1-4 EEL =    -3757.5068  RESTRAINT  =        0.0000


   NSTEP       ENERGY          RMS            GMAX         NAME    NUMBER
   6650      -1.3812E+05     1.0261E-01     3.1195E+00     N3        273

 BOND    =    10284.0935  ANGLE   =      158.5135  DIHED      =      970.2239
 VDWAALS =    26240.8105  EEL     =  -172271.5117  HBOND      =        0.0000
 1-4 VDW =      254.5587  1-4 EEL =    -3757.6634  RESTRAINT  =        0.0000


   NSTEP       ENERGY          RMS            GMAX         NAME    NUMBER
   6700      -1.3813E+05     1.1363E-01     3.4633E+00     C4        684

 BOND    =    10285.7514  ANGLE   =      158.6768  DIHED      =      970.0288
 VDWAALS =    26249.8647  EEL     =  -172291.6652  HBOND      =        0.0000
 1-4 VDW =      254.5594  1-4 EEL =    -3757.5801  RESTRAINT  =        0.0000


   NSTEP       ENERGY          RMS            GMAX         NAME    NUMBER
   6750      -1.3814E+05     1.0167E-01     4.9888E+00     C6        675

 BOND    =    10287.0403  ANGLE   =      158.7790  DIHED      =      969.8426
 VDWAALS =    26258.5239  EEL     =  -172310.4933  HBOND      =        0.0000
 1-4 VDW =      254.5948  1-4 EEL =    -3757.8964  RESTRAINT  =        0.0000


   NSTEP       ENERGY          RMS            GMAX         NAME    NUMBER
   6800      -1.3815E+05     5.9099E-02     3.0713E+00     C5        674

 BOND    =    10289.4259  ANGLE   =      158.8221  DIHED      =      969.6364
 VDWAALS =    26269.2228  EEL     =  -172332.3952  HBOND      =        0.0000
 1-4 VDW =      254.6429  1-4 EEL =    -3758.0691  RESTRAINT  =        0.0000


   NSTEP       ENERGY          RMS            GMAX         NAME    NUMBER
   6850      -1.3816E+05     5.9658E-02     2.1582E+00     C4        684

 BOND    =    10291.7829  ANGLE   =      158.9010  DIHED      =      969.3965
 VDWAALS =    26283.8243  EEL     =  -172361.0514  HBOND      =        0.0000
 1-4 VDW =      254.6801  1-4 EEL =    -3757.9172  RESTRAINT  =        0.0000


   NSTEP       ENERGY          RMS            GMAX         NAME    NUMBER
   6900      -1.3818E+05     4.5028E-02     1.3160E+00     H2      24939

 BOND    =    10294.3077  ANGLE   =      159.1211  DIHED      =      969.0994
 VDWAALS =    26302.4677  EEL     =  -172396.8643  HBOND      =        0.0000
 1-4 VDW =      254.7209  1-4 EEL =    -3758.0797  RESTRAINT  =        0.0000


   NSTEP       ENERGY          RMS            GMAX         NAME    NUMBER
   6950      -1.3819E+05     7.0968E-02     2.5873E+00     O3'       755

 BOND    =    10296.6770  ANGLE   =      159.2051  DIHED      =      968.9254
 VDWAALS =    26317.3352  EEL     =  -172427.0878  HBOND      =        0.0000
 1-4 VDW =      254.7823  1-4 EEL =    -3757.8467  RESTRAINT  =        0.0000


   NSTEP       ENERGY          RMS            GMAX         NAME    NUMBER
   7000      -1.3820E+05     7.5584E-02     3.0566E+00     O       27844

 BOND    =    10298.1906  ANGLE   =      159.2002  DIHED      =      968.9017
 VDWAALS =    26325.3778  EEL     =  -172444.7031  HBOND      =        0.0000
 1-4 VDW =      254.8043  1-4 EEL =    -3758.0143  RESTRAINT  =        0.0000


   NSTEP       ENERGY          RMS            GMAX         NAME    NUMBER
   7050      -1.3820E+05     5.3417E-02     2.1050E+00     C3'        58

 BOND    =    10299.2624  ANGLE   =      158.9764  DIHED      =      968.9142
 VDWAALS =    26332.0452  EEL     =  -172460.1489  HBOND      =        0.0000
 1-4 VDW =      254.8107  1-4 EEL =    -3758.3689  RESTRAINT  =        0.0000


   NSTEP       ENERGY          RMS            GMAX         NAME    NUMBER
   7100      -1.3822E+05     5.8132E-02     2.3426E+00     C2         23

 BOND    =    10301.5486  ANGLE   =      159.0663  DIHED      =      968.9825
 VDWAALS =    26343.7761  EEL     =  -172485.4254  HBOND      =        0.0000
 1-4 VDW =      254.7993  1-4 EEL =    -3758.4833  RESTRAINT  =        0.0000


   NSTEP       ENERGY          RMS            GMAX         NAME    NUMBER
   7150      -1.3823E+05     6.9432E-02     4.4228E+00     C2         23

 BOND    =    10304.5696  ANGLE   =      158.9451  DIHED      =      969.1010
 VDWAALS =    26354.0065  EEL     =  -172510.2770  HBOND      =        0.0000
 1-4 VDW =      254.7964  1-4 EEL =    -3758.4343  RESTRAINT  =        0.0000


   NSTEP       ENERGY          RMS            GMAX         NAME    NUMBER
   7200      -1.3824E+05     1.8750E-01     1.3791E+01     C2         23

 BOND    =    10308.8951  ANGLE   =      159.5845  DIHED      =      969.3617
 VDWAALS =    26366.7942  EEL     =  -172541.6839  HBOND      =        0.0000
 1-4 VDW =      254.8802  1-4 EEL =    -3758.1648  RESTRAINT  =        0.0000


   NSTEP       ENERGY          RMS            GMAX         NAME    NUMBER
   7250      -1.3825E+05     9.5071E-02     3.3565E+00     O       12487

 BOND    =    10309.7457  ANGLE   =      158.7381  DIHED      =      969.4090
 VDWAALS =    26372.9078  EEL     =  -172556.8513  HBOND      =        0.0000
 1-4 VDW =      254.8413  1-4 EEL =    -3758.4692  RESTRAINT  =        0.0000


   NSTEP       ENERGY          RMS            GMAX         NAME    NUMBER
   7300      -1.3826E+05     7.5242E-02     2.1978E+00     C5'        68

 BOND    =    10311.1546  ANGLE   =      158.7399  DIHED      =      969.4300
 VDWAALS =    26377.7043  EEL     =  -172571.2779  HBOND      =        0.0000
 1-4 VDW =      254.8480  1-4 EEL =    -3758.4805  RESTRAINT  =        0.0000


   NSTEP       ENERGY          RMS            GMAX         NAME    NUMBER
   7350      -1.3826E+05     8.1876E-02     3.1347E+00     O       27844

 BOND    =    10312.0054  ANGLE   =      158.7777  DIHED      =      969.4421
 VDWAALS =    26381.7623  EEL     =  -172582.9573  HBOND      =        0.0000
 1-4 VDW =      254.7959  1-4 EEL =    -3758.3517  RESTRAINT  =        0.0000


   NSTEP       ENERGY          RMS            GMAX         NAME    NUMBER
   7400      -1.3827E+05     8.6142E-02     3.1367E+00     C2        679

 BOND    =    10313.3772  ANGLE   =      158.9410  DIHED      =      969.4566
 VDWAALS =    26385.4445  EEL     =  -172595.6030  HBOND      =        0.0000
 1-4 VDW =      254.7671  1-4 EEL =    -3758.2370  RESTRAINT  =        0.0000


   NSTEP       ENERGY          RMS            GMAX         NAME    NUMBER
   7450      -1.3828E+05     8.8387E-02     2.6956E+00     O3'       755

 BOND    =    10315.0493  ANGLE   =      158.9596  DIHED      =      969.4509
 VDWAALS =    26389.2537  EEL     =  -172608.5192  HBOND      =        0.0000
 1-4 VDW =      254.7717  1-4 EEL =    -3758.3275  RESTRAINT  =        0.0000


   NSTEP       ENERGY          RMS            GMAX         NAME    NUMBER
   7500      -1.3829E+05     6.9714E-02     2.9932E+00     C6        139

 BOND    =    10314.6123  ANGLE   =      159.0216  DIHED      =      969.4166
 VDWAALS =    26393.9210  EEL     =  -172619.6848  HBOND      =        0.0000
 1-4 VDW =      254.8154  1-4 EEL =    -3758.4730  RESTRAINT  =        0.0000


   NSTEP       ENERGY          RMS            GMAX         NAME    NUMBER
   7550      -1.3829E+05     5.4923E-02     2.0977E+00     H2      11313

 BOND    =    10315.7615  ANGLE   =      159.0807  DIHED      =      969.3827
 VDWAALS =    26400.0920  EEL     =  -172635.6412  HBOND      =        0.0000
 1-4 VDW =      254.8598  1-4 EEL =    -3758.4693  RESTRAINT  =        0.0000


   NSTEP       ENERGY          RMS            GMAX         NAME    NUMBER
   7600      -1.3830E+05     5.4790E-02     2.2197E+00     C4'         6

 BOND    =    10317.6476  ANGLE   =      159.1801  DIHED      =      969.3408
 VDWAALS =    26405.6581  EEL     =  -172650.7027  HBOND      =        0.0000
 1-4 VDW =      254.9115  1-4 EEL =    -3758.4578  RESTRAINT  =        0.0000


   NSTEP       ENERGY          RMS            GMAX         NAME    NUMBER
   7650      -1.3831E+05     1.0158E-01     3.7747E+00     C2        368

 BOND    =    10319.9530  ANGLE   =      159.5063  DIHED      =      969.2576
 VDWAALS =    26413.1448  EEL     =  -172670.7884  HBOND      =        0.0000
 1-4 VDW =      254.9951  1-4 EEL =    -3758.6937  RESTRAINT  =        0.0000


   NSTEP       ENERGY          RMS            GMAX         NAME    NUMBER
   7700      -1.3832E+05     4.7186E-02     1.8882E+00     C1'        41

 BOND    =    10319.0365  ANGLE   =      159.4734  DIHED      =      969.2269
 VDWAALS =    26415.6873  EEL     =  -172677.6840  HBOND      =        0.0000
 1-4 VDW =      254.8124  1-4 EEL =    -3758.5266  RESTRAINT  =        0.0000


   NSTEP       ENERGY          RMS            GMAX         NAME    NUMBER
   7750      -1.3833E+05     6.7978E-02     3.2883E+00     C5        674

 BOND    =    10321.2947  ANGLE   =      159.4878  DIHED      =      969.1193
 VDWAALS =    26423.6824  EEL     =  -172699.7971  HBOND      =        0.0000
 1-4 VDW =      254.9419  1-4 EEL =    -3758.3704  RESTRAINT  =        0.0000


   NSTEP       ENERGY          RMS            GMAX         NAME    NUMBER
   7800      -1.3834E+05     4.8541E-02     1.6647E+00     O       22303

 BOND    =    10322.5221  ANGLE   =      159.5997  DIHED      =      968.9679
 VDWAALS =    26429.3706  EEL     =  -172717.7315  HBOND      =        0.0000
 1-4 VDW =      254.9577  1-4 EEL =    -3758.0339  RESTRAINT  =        0.0000


   NSTEP       ENERGY          RMS            GMAX         NAME    NUMBER
   7850      -1.3835E+05     6.1460E-02     3.2399E+00     N1        865

 BOND    =    10324.2252  ANGLE   =      159.5613  DIHED      =      968.9553
 VDWAALS =    26432.4963  EEL     =  -172728.0394  HBOND      =        0.0000
 1-4 VDW =      254.9592  1-4 EEL =    -3758.0724  RESTRAINT  =        0.0000


   NSTEP       ENERGY          RMS            GMAX         NAME    NUMBER
   7900      -1.3835E+05     6.3226E-02     2.3454E+00     N1        865

 BOND    =    10325.4385  ANGLE   =      159.5345  DIHED      =      968.9297
 VDWAALS =    26434.5730  EEL     =  -172736.9705  HBOND      =        0.0000
 1-4 VDW =      255.0389  1-4 EEL =    -3758.0252  RESTRAINT  =        0.0000


   NSTEP       ENERGY          RMS            GMAX         NAME    NUMBER
   7950      -1.3836E+05     6.7146E-02     2.7911E+00     O       25066

 BOND    =    10328.4900  ANGLE   =      159.6347  DIHED      =      968.9269
 VDWAALS =    26436.2396  EEL     =  -172747.4542  HBOND      =        0.0000
 1-4 VDW =      255.0479  1-4 EEL =    -3757.9658  RESTRAINT  =        0.0000


   NSTEP       ENERGY          RMS            GMAX         NAME    NUMBER
   8000      -1.3837E+05     5.7175E-02     2.1345E+00     C2        746

 BOND    =    10326.7327  ANGLE   =      159.6103  DIHED      =      968.8830
 VDWAALS =    26438.8045  EEL     =  -172758.1088  HBOND      =        0.0000
 1-4 VDW =      255.1086  1-4 EEL =    -3757.9183  RESTRAINT  =        0.0000


   NSTEP       ENERGY          RMS            GMAX         NAME    NUMBER
   8050      -1.3838E+05     7.2304E-02     3.7770E+00     O3'        63

 BOND    =    10329.6345  ANGLE   =      159.5005  DIHED      =      968.8880
 VDWAALS =    26444.4491  EEL     =  -172780.1975  HBOND      =        0.0000
 1-4 VDW =      255.2001  1-4 EEL =    -3757.8170  RESTRAINT  =        0.0000


   NSTEP       ENERGY          RMS            GMAX         NAME    NUMBER
   8100      -1.3840E+05     8.3124E-02     4.5471E+00     O        2119

 BOND    =    10331.6903  ANGLE   =      159.3372  DIHED      =      968.9421
 VDWAALS =    26455.0258  EEL     =  -172808.2456  HBOND      =        0.0000
 1-4 VDW =      255.2287  1-4 EEL =    -3757.8784  RESTRAINT  =        0.0000


   NSTEP       ENERGY          RMS            GMAX         NAME    NUMBER
   8150      -1.3840E+05     8.1781E-02     3.7417E+00     H2       2121

 BOND    =    10333.6213  ANGLE   =      159.2529  DIHED      =      968.9967
 VDWAALS =    26461.7438  EEL     =  -172824.8867  HBOND      =        0.0000
 1-4 VDW =      255.1909  1-4 EEL =    -3757.5579  RESTRAINT  =        0.0000


   NSTEP       ENERGY          RMS            GMAX         NAME    NUMBER
   8200      -1.3841E+05     6.8153E-02     2.3948E+00     H2      30639

 BOND    =    10335.7808  ANGLE   =      159.1779  DIHED      =      968.9912
 VDWAALS =    26469.9224  EEL     =  -172843.6913  HBOND      =        0.0000
 1-4 VDW =      255.2383  1-4 EEL =    -3757.5758  RESTRAINT  =        0.0000


   NSTEP       ENERGY          RMS            GMAX         NAME    NUMBER
   8250      -1.3842E+05     7.0768E-02     2.2641E+00     H3'        59

 BOND    =    10337.2156  ANGLE   =      159.3282  DIHED      =      968.9561
 VDWAALS =    26475.5262  EEL     =  -172858.7219  HBOND      =        0.0000
 1-4 VDW =      255.2731  1-4 EEL =    -3757.4123  RESTRAINT  =        0.0000


   NSTEP       ENERGY          RMS            GMAX         NAME    NUMBER
   8300      -1.3843E+05     8.3495E-02     3.6154E+00     OP2       693

 BOND    =    10338.5352  ANGLE   =      159.5133  DIHED      =      968.8753
 VDWAALS =    26479.6263  EEL     =  -172873.3007  HBOND      =        0.0000
 1-4 VDW =      255.3377  1-4 EEL =    -3757.1956  RESTRAINT  =        0.0000


   NSTEP       ENERGY          RMS            GMAX         NAME    NUMBER
   8350      -1.3844E+05     9.2198E-02     7.1929E+00     C3'        58

 BOND    =    10339.9324  ANGLE   =      159.8369  DIHED      =      968.7756
 VDWAALS =    26484.0837  EEL     =  -172888.8177  HBOND      =        0.0000
 1-4 VDW =      255.4587  1-4 EEL =    -3756.9288  RESTRAINT  =        0.0000


   NSTEP       ENERGY          RMS            GMAX         NAME    NUMBER
   8400      -1.3845E+05     8.9794E-02     5.0045E+00     C3'        25

 BOND    =    10341.7006  ANGLE   =      160.8079  DIHED      =      968.7202
 VDWAALS =    26488.1208  EEL     =  -172905.4571  HBOND      =        0.0000
 1-4 VDW =      255.5541  1-4 EEL =    -3756.6752  RESTRAINT  =        0.0000


   NSTEP       ENERGY          RMS            GMAX         NAME    NUMBER
   8450      -1.3846E+05     7.1122E-02     2.9708E+00     C3'        25

 BOND    =    10342.6766  ANGLE   =      162.1740  DIHED      =      968.6389
 VDWAALS =    26493.6370  EEL     =  -172924.0470  HBOND      =        0.0000
 1-4 VDW =      255.4657  1-4 EEL =    -3756.4025  RESTRAINT  =        0.0000


   NSTEP       ENERGY          RMS            GMAX         NAME    NUMBER
   8500      -1.3847E+05     6.1309E-02     2.8230E+00     H1      21611

 BOND    =    10343.5186  ANGLE   =      162.2242  DIHED      =      968.5332
 VDWAALS =    26499.7053  EEL     =  -172939.2288  HBOND      =        0.0000
 1-4 VDW =      255.3997  1-4 EEL =    -3756.4042  RESTRAINT  =        0.0000


   NSTEP       ENERGY          RMS            GMAX         NAME    NUMBER
   8550      -1.3847E+05     6.3238E-02     1.6907E+00     Na+      1080

 BOND    =    10345.2400  ANGLE   =      162.3345  DIHED      =      968.4109
 VDWAALS =    26504.4287  EEL     =  -172953.7856  HBOND      =        0.0000
 1-4 VDW =      255.4402  1-4 EEL =    -3756.4287  RESTRAINT  =        0.0000


   NSTEP       ENERGY          RMS            GMAX         NAME    NUMBER
   8600      -1.3848E+05     7.5066E-02     2.6066E+00     Na+      1080

 BOND    =    10344.4000  ANGLE   =      162.5610  DIHED      =      968.2926
 VDWAALS =    26508.1715  EEL     =  -172964.0940  HBOND      =        0.0000
 1-4 VDW =      255.4464  1-4 EEL =    -3756.3785  RESTRAINT  =        0.0000


   NSTEP       ENERGY          RMS            GMAX         NAME    NUMBER
   8650      -1.3849E+05     8.8836E-02     2.5576E+00     H2      28737

 BOND    =    10345.7066  ANGLE   =      163.3723  DIHED      =      968.1470
 VDWAALS =    26510.3200  EEL     =  -172978.6838  HBOND      =        0.0000
 1-4 VDW =      255.4659  1-4 EEL =    -3756.4916  RESTRAINT  =        0.0000


   NSTEP       ENERGY          RMS            GMAX         NAME    NUMBER
   8700      -1.3850E+05     6.8105E-02     6.1927E+00     Na+      1080

 BOND    =    10346.1376  ANGLE   =      164.9624  DIHED      =      967.9678
 VDWAALS =    26517.2070  EEL     =  -172999.8307  HBOND      =        0.0000
 1-4 VDW =      255.5233  1-4 EEL =    -3756.3702  RESTRAINT  =        0.0000


   NSTEP       ENERGY          RMS            GMAX         NAME    NUMBER
   8750      -1.3851E+05     9.7770E-02     4.7099E+00     H1      21611

 BOND    =    10347.5576  ANGLE   =      164.4758  DIHED      =      968.1313
 VDWAALS =    26524.3058  EEL     =  -173017.2192  HBOND      =        0.0000
 1-4 VDW =      255.5248  1-4 EEL =    -3756.2484  RESTRAINT  =        0.0000


   NSTEP       ENERGY          RMS            GMAX         NAME    NUMBER
   8800      -1.3852E+05     9.4652E-02     3.9589E+00     H1      21026

 BOND    =    10348.6269  ANGLE   =      163.9256  DIHED      =      968.2636
 VDWAALS =    26533.5889  EEL     =  -173035.1550  HBOND      =        0.0000
 1-4 VDW =      255.6020  1-4 EEL =    -3756.2899  RESTRAINT  =        0.0000


   NSTEP       ENERGY          RMS            GMAX         NAME    NUMBER
   8850      -1.3853E+05     1.2419E-01     4.3350E+00     OP2       693

 BOND    =    10351.4988  ANGLE   =      163.7982  DIHED      =      968.2770
 VDWAALS =    26548.1635  EEL     =  -173061.2396  HBOND      =        0.0000
 1-4 VDW =      255.6357  1-4 EEL =    -3756.5862  RESTRAINT  =        0.0000


   NSTEP       ENERGY          RMS            GMAX         NAME    NUMBER
   8900      -1.3855E+05     1.1807E-01     7.1131E+00     H1       4502

 BOND    =    10355.7933  ANGLE   =      163.5486  DIHED      =      968.3321
 VDWAALS =    26565.3882  EEL     =  -173097.3080  HBOND      =        0.0000
 1-4 VDW =      255.8591  1-4 EEL =    -3756.6304  RESTRAINT  =        0.0000


   NSTEP       ENERGY          RMS            GMAX         NAME    NUMBER
   8950      -1.3856E+05     1.2222E-01     8.2311E+00     H1      26999

 BOND    =    10359.2426  ANGLE   =      163.2766  DIHED      =      968.4367
 VDWAALS =    26573.1049  EEL     =  -173122.2812  HBOND      =        0.0000
 1-4 VDW =      256.0808  1-4 EEL =    -3756.9457  RESTRAINT  =        0.0000


   NSTEP       ENERGY          RMS            GMAX         NAME    NUMBER
   9000      -1.3857E+05     7.0472E-02     3.3001E+00     C4'       698

 BOND    =    10359.7189  ANGLE   =      163.2707  DIHED      =      968.4653
 VDWAALS =    26579.0903  EEL     =  -173136.6731  HBOND      =        0.0000
 1-4 VDW =      256.0187  1-4 EEL =    -3756.8663  RESTRAINT  =        0.0000


   NSTEP       ENERGY          RMS            GMAX         NAME    NUMBER
   9050      -1.3857E+05     6.0021E-02     3.0257E+00     C4         19

 BOND    =    10359.6832  ANGLE   =      163.1173  DIHED      =      968.3691
 VDWAALS =    26581.9272  EEL     =  -173142.2111  HBOND      =        0.0000
 1-4 VDW =      256.2029  1-4 EEL =    -3757.2320  RESTRAINT  =        0.0000


   NSTEP       ENERGY          RMS            GMAX         NAME    NUMBER
   9100      -1.3857E+05     4.8872E-02     2.6547E+00     C4         19

 BOND    =    10360.0247  ANGLE   =      163.0255  DIHED      =      968.4246
 VDWAALS =    26582.3962  EEL     =  -173144.0213  HBOND      =        0.0000
 1-4 VDW =      256.1931  1-4 EEL =    -3757.0361  RESTRAINT  =        0.0000


   NSTEP       ENERGY          RMS            GMAX         NAME    NUMBER
   9150      -1.3859E+05     4.9794E-02     2.1258E+00     H21       681

 BOND    =    10364.6165  ANGLE   =      163.0556  DIHED      =      968.6256
 VDWAALS =    26602.3275  EEL     =  -173187.5825  HBOND      =        0.0000
 1-4 VDW =      256.2803  1-4 EEL =    -3756.6637  RESTRAINT  =        0.0000


   NSTEP       ENERGY          RMS            GMAX         NAME    NUMBER
   9200      -1.3860E+05     5.3117E-02     2.9136E+00     O       11785

 BOND    =    10365.1991  ANGLE   =      163.1348  DIHED      =      968.6615
 VDWAALS =    26604.8380  EEL     =  -173197.2188  HBOND      =        0.0000
 1-4 VDW =      256.3318  1-4 EEL =    -3756.9537  RESTRAINT  =        0.0000


   NSTEP       ENERGY          RMS            GMAX         NAME    NUMBER
   9250      -1.3860E+05     4.0431E-02     1.7351E+00     C4         19

 BOND    =    10366.3880  ANGLE   =      162.9685  DIHED      =      968.7221
 VDWAALS =    26607.8981  EEL     =  -173206.4143  HBOND      =        0.0000
 1-4 VDW =      256.4184  1-4 EEL =    -3757.2509  RESTRAINT  =        0.0000


   NSTEP       ENERGY          RMS            GMAX         NAME    NUMBER
   9300      -1.3861E+05     4.4785E-02     2.1597E+00     C4         19

 BOND    =    10367.8253  ANGLE   =      163.0687  DIHED      =      968.7574
 VDWAALS =    26613.2658  EEL     =  -173218.8206  HBOND      =        0.0000
 1-4 VDW =      256.4542  1-4 EEL =    -3757.3723  RESTRAINT  =        0.0000


   NSTEP       ENERGY          RMS            GMAX         NAME    NUMBER
   9350      -1.3861E+05     6.9507E-02     2.8496E+00     O5'       694

 BOND    =    10369.1386  ANGLE   =      163.0921  DIHED      =      968.8077
 VDWAALS =    26616.5908  EEL     =  -173227.6832  HBOND      =        0.0000
 1-4 VDW =      256.5021  1-4 EEL =    -3757.2610  RESTRAINT  =        0.0000


   NSTEP       ENERGY          RMS            GMAX         NAME    NUMBER
   9400      -1.3861E+05     4.3986E-02     2.5108E+00     C4         19

 BOND    =    10369.4593  ANGLE   =      162.9059  DIHED      =      968.8690
 VDWAALS =    26618.0856  EEL     =  -173232.2296  HBOND      =        0.0000
 1-4 VDW =      256.4281  1-4 EEL =    -3757.2676  RESTRAINT  =        0.0000


   NSTEP       ENERGY          RMS            GMAX         NAME    NUMBER
   9450      -1.3863E+05     3.3219E-02     1.8562E+00     C4         19

 BOND    =    10372.5272  ANGLE   =      162.7817  DIHED      =      968.9817
 VDWAALS =    26623.9797  EEL     =  -173252.5447  HBOND      =        0.0000
 1-4 VDW =      256.4887  1-4 EEL =    -3757.4597  RESTRAINT  =        0.0000


   NSTEP       ENERGY          RMS            GMAX         NAME    NUMBER
   9500      -1.3863E+05     1.2614E-01     8.9043E+00     C4         19

 BOND    =    10372.4302  ANGLE   =      163.2735  DIHED      =      968.9951
 VDWAALS =    26626.4047  EEL     =  -173258.6141  HBOND      =        0.0000
 1-4 VDW =      256.6107  1-4 EEL =    -3757.8458  RESTRAINT  =        0.0000


   NSTEP       ENERGY          RMS            GMAX         NAME    NUMBER
   9550      -1.3863E+05     5.3479E-02     3.2453E+00     C1'       668

 BOND    =    10374.2891  ANGLE   =      162.9873  DIHED      =      969.0163
 VDWAALS =    26627.8184  EEL     =  -173266.4545  HBOND      =        0.0000
 1-4 VDW =      256.6227  1-4 EEL =    -3757.8237  RESTRAINT  =        0.0000


   NSTEP       ENERGY          RMS            GMAX         NAME    NUMBER
   9600      -1.3864E+05     3.2177E-02     1.6702E+00     C3'       685

 BOND    =    10374.2617  ANGLE   =      163.0762  DIHED      =      969.0513
 VDWAALS =    26628.6769  EEL     =  -173271.9764  HBOND      =        0.0000
 1-4 VDW =      256.5644  1-4 EEL =    -3757.5990  RESTRAINT  =        0.0000


   NSTEP       ENERGY          RMS            GMAX         NAME    NUMBER
   9650      -1.3865E+05     3.3211E-02     1.4630E+00     C1'       668

 BOND    =    10375.9298  ANGLE   =      162.7861  DIHED      =      969.1716
 VDWAALS =    26633.8357  EEL     =  -173288.4027  HBOND      =        0.0000
 1-4 VDW =      256.7597  1-4 EEL =    -3757.6768  RESTRAINT  =        0.0000


   NSTEP       ENERGY          RMS            GMAX         NAME    NUMBER
   9700      -1.3865E+05     1.1632E-01     8.1994E+00     P         724

 BOND    =    10379.3623  ANGLE   =      162.5296  DIHED      =      969.4558
 VDWAALS =    26641.5653  EEL     =  -173306.0054  HBOND      =        0.0000
 1-4 VDW =      256.6868  1-4 EEL =    -3757.4933  RESTRAINT  =        0.0000


   NSTEP       ENERGY          RMS            GMAX         NAME    NUMBER
   9750      -1.3866E+05     7.2213E-02     4.5799E+00     P         724

 BOND    =    10378.5021  ANGLE   =      162.8911  DIHED      =      969.3036
 VDWAALS =    26641.5524  EEL     =  -173311.4871  HBOND      =        0.0000
 1-4 VDW =      256.6370  1-4 EEL =    -3757.4684  RESTRAINT  =        0.0000


   NSTEP       ENERGY          RMS            GMAX         NAME    NUMBER
   9800      -1.3866E+05     2.2746E-01     1.4591E+01     C1'       668

 BOND    =    10381.7613  ANGLE   =      162.2388  DIHED      =      969.3361
 VDWAALS =    26643.9154  EEL     =  -173319.3136  HBOND      =        0.0000
 1-4 VDW =      256.9346  1-4 EEL =    -3757.4640  RESTRAINT  =        0.0000


   NSTEP       ENERGY          RMS            GMAX         NAME    NUMBER
   9850      -1.3867E+05     4.4225E-02     2.7359E+00     C2'       687

 BOND    =    10379.1699  ANGLE   =      162.3816  DIHED      =      969.3379
 VDWAALS =    26645.6407  EEL     =  -173321.7071  HBOND      =        0.0000
 1-4 VDW =      256.7889  1-4 EEL =    -3757.3064  RESTRAINT  =        0.0000


   NSTEP       ENERGY          RMS            GMAX         NAME    NUMBER
   9900      -1.3867E+05     2.6722E-02     1.4615E+00     H2       3822

 BOND    =    10380.1048  ANGLE   =      162.4779  DIHED      =      969.3556
 VDWAALS =    26649.1296  EEL     =  -173331.8810  HBOND      =        0.0000
 1-4 VDW =      256.8582  1-4 EEL =    -3757.5690  RESTRAINT  =        0.0000


   NSTEP       ENERGY          RMS            GMAX         NAME    NUMBER
   9950      -1.3868E+05     5.2526E-02     3.6523E+00     C5'       662

 BOND    =    10382.5058  ANGLE   =      162.4211  DIHED      =      969.4192
 VDWAALS =    26656.1200  EEL     =  -173352.6441  HBOND      =        0.0000
 1-4 VDW =      256.9021  1-4 EEL =    -3757.6975  RESTRAINT  =        0.0000


   NSTEP       ENERGY          RMS            GMAX         NAME    NUMBER
  10000      -1.3869E+05     5.2006E-02     2.2879E+00     C2        430

 BOND    =    10383.3117  ANGLE   =      162.0558  DIHED      =      969.4553
 VDWAALS =    26660.3091  EEL     =  -173360.8330  HBOND      =        0.0000
 1-4 VDW =      256.9464  1-4 EEL =    -3757.6170  RESTRAINT  =        0.0000


  Maximum number of minimization cycles reached.


                    FINAL RESULTS



   NSTEP       ENERGY          RMS            GMAX         NAME    NUMBER
  10000      -1.3869E+05     5.2006E-02     2.2879E+00     C2        430

 BOND    =    10383.3117  ANGLE   =      162.0558  DIHED      =      969.4553
 VDWAALS =    26660.3091  EEL     =  -173360.8330  HBOND      =        0.0000
 1-4 VDW =      256.9464  1-4 EEL =    -3757.6170  RESTRAINT  =        0.0000
--------------------------------------------------------------------------------
   5.  TIMINGS
--------------------------------------------------------------------------------

|  NonSetup CPU Time in Major Routines:
|
|     Routine           Sec        %
|     ------------------------------
|     Nonbond          10.21   36.46
|     Bond              0.00    0.00
|     Angle             0.00    0.00
|     Dihedral          0.00    0.00
|     Shake             0.00    0.00
|     Other            17.79   63.54
|     ------------------------------
|     Total            28.00

|  PME Nonbond Pairlist CPU Time:
|
|     Routine              Sec        %
|     ---------------------------------
|     Set Up Cit           0.00    0.00
|     Build List           0.00    0.00
|     ---------------------------------
|     Total                0.00    0.00

|  PME Direct Force CPU Time:
|
|     Routine              Sec        %
|     ---------------------------------
|     NonBonded Calc       0.00    0.00
|     Exclude Masked       0.00    0.00
|     Other                0.01    0.05
|     ---------------------------------
|     Total                0.01    0.05

|  PME Reciprocal Force CPU Time:
|
|     Routine              Sec        %
|     ---------------------------------
|     1D bspline           0.00    0.00
|     Grid Charges         0.00    0.00
|     Scalar Sum           0.00    0.00
|     Gradient Sum         0.00    0.00
|     FFT                  0.00    0.00
|     ---------------------------------
|     Total                0.00    0.00

|  Setup CPU time:            1.20 seconds
|  NonSetup CPU time:        28.00 seconds
|  Total CPU time:           29.20 seconds     0.01 hours

|  Setup wall time:           2    seconds
|  NonSetup wall time:       57    seconds
|  Total wall time:          59    seconds     0.02 hours
