
          -------------------------------------------------------
          Amber 16 PMEMD                              2016
          -------------------------------------------------------

| PMEMD implementation of SANDER, Release 16

| Run on 08/11/2020 at 20:21:44

|   Executable path: pmemd.cuda
| Working directory: /home/kyq/T7RNADNA/4/DT4
|          Hostname: gpu01

  [-O]verwriting output

File Assignments:
|   MDIN: heat1.in                                                              
|  MDOUT: cmp_heat1.out                                                         
| INPCRD: cmp_heat0.rst                                                         
|   PARM: cmp.prmtop                                                            
| RESTRT: cmp_heat1.rst                                                         
|   REFC: cmp.inpcrd                                                            
|  MDVEL: mdvel                                                                 
|   MDEN: mden                                                                  
|  MDCRD: cmp_heat1.mdcrd                                                       
| MDINFO: mdinfo                                                                
|  MDFRC: mdfrc                                                                 

 
 Here is the input file:
 
Stage 1 heating 1 5ps 0-100K                                                   
 &cntrl                                                                        
  imin=0, ntx=1,                                                               
  nstlim=2500, dt=0.002,                                                       
  ntc=2, ntf=2,                                                                
  ntt=1, tautp=1.5,                                                            
  tempi=0.0, temp0=50.0,                                                       
  ntpr=50, ntwx=50,                                                            
  ntb=1,                                                                       
  cut=10,                                                                      
 /                                                                             


Note: ig = -1. Setting random seed to   431853 based on wallclock time in 
      microseconds.
 
|--------------------- INFORMATION ----------------------
| GPU (CUDA) Version of PMEMD in use: NVIDIA GPU IN USE.
|                    Version 16.0.0
| 
|                      02/25/2016
| 
| Implementation by:
|                    Ross C. Walker     (SDSC)
|                    Scott Le Grand     (nVIDIA)
| 
| Precision model in use:
|      [SPFP] - Single Precision Forces, 64-bit Fixed Point
|               Accumulation. (Default)
| 
|--------------------------------------------------------
 
|----------------- CITATION INFORMATION -----------------
|
|    When publishing work that utilized the CUDA version
|    of AMBER, please cite the following in addition to
|    the regular AMBER citations:
|
|  - Romelia Salomon-Ferrer; Andreas W. Goetz; Duncan
|    Poole; Scott Le Grand; Ross C. Walker "Routine
|    microsecond molecular dynamics simulations with
|    AMBER - Part II: Particle Mesh Ewald", J. Chem.
|    Theory Comput., 2013, 9 (9), pp3878-3888,
|    DOI: 10.1021/ct400314y.
|
|  - Andreas W. Goetz; Mark J. Williamson; Dong Xu;
|    Duncan Poole; Scott Le Grand; Ross C. Walker
|    "Routine microsecond molecular dynamics simulations
|    with AMBER - Part I: Generalized Born", J. Chem.
|    Theory Comput., 2012, 8 (5), pp1542-1555.
|
|  - Scott Le Grand; Andreas W. Goetz; Ross C. Walker
|    "SPFP: Speed without compromise - a mixed precision
|    model for GPU accelerated molecular dynamics
|    simulations.", Comp. Phys. Comm., 2013, 184
|    pp374-380, DOI: 10.1016/j.cpc.2012.09.022
|
|--------------------------------------------------------
 
|------------------- GPU DEVICE INFO --------------------
|
|            CUDA_VISIBLE_DEVICES: 0
|   CUDA Capable Devices Detected:      1
|           CUDA Device ID in use:      0
|                CUDA Device Name: Tesla P100-PCIE-16GB
|     CUDA Device Global Mem Size:  16276 MB
| CUDA Device Num Multiprocessors:     56
|           CUDA Device Core Freq:   1.33 GHz
|
|--------------------------------------------------------
 
 
| Conditional Compilation Defines Used:
| PUBFFT
| BINTRAJ
| CUDA
| EMIL
 
| Largest sphere to fit in unit cell has radius =    31.631

| New format PARM file being parsed.
| Version =    1.000 Date = 08/11/20 Time = 20:19:09

| Note: 1-4 EEL scale factors are being read from the topology file.

| Note: 1-4 VDW scale factors are being read from the topology file.
| Duplicated    0 dihedrals

| Duplicated    0 dihedrals

--------------------------------------------------------------------------------
   1.  RESOURCE   USE: 
--------------------------------------------------------------------------------

 getting box info from netcdf restart file
 NATOM  =   31341 NTYPES =      18 NBONH =   30618 MBONA  =     774
 NTHETH =     907 MTHETA =    1191 NPHIH =    1834 MPHIA  =    2469
 NHPARM =       0 NPARM  =       0 NNB   =   46324 NRES   =   10144
 NBONA  =     774 NTHETA =    1191 NPHIA =    2469 NUMBND =      61
 NUMANG =     127 NPTRA  =      75 NATYP =      34 NPHB   =       1
 IFBOX  =       2 NMXRS  =      33 IFCAP =       0 NEXTRA =       0
 NCOPY  =       0

| Coordinate Index Table dimensions:    12   12   12
| Direct force subcell size =     6.4567    6.4567    6.4567

     BOX TYPE: TRUNCATED OCTAHEDRON

--------------------------------------------------------------------------------
   2.  CONTROL  DATA  FOR  THE  RUN
--------------------------------------------------------------------------------

default_name                                                                    

General flags:
     imin    =       0, nmropt  =       0

Nature and format of input:
     ntx     =       1, irest   =       0, ntrx    =       1

Nature and format of output:
     ntxo    =       2, ntpr    =      50, ntrx    =       1, ntwr    =    2500
     iwrap   =       0, ntwx    =      50, ntwv    =       0, ntwe    =       0
     ioutfm  =       1, ntwprt  =       0, idecomp =       0, rbornstat=      0

Potential function:
     ntf     =       2, ntb     =       1, igb     =       0, nsnb    =      25
     ipol    =       0, gbsa    =       0, iesp    =       0
     dielc   =   1.00000, cut     =  10.00000, intdiel =   1.00000

Frozen or restrained atoms:
     ibelly  =       0, ntr     =       0

Molecular dynamics:
     nstlim  =      2500, nscm    =      1000, nrespa  =         1
     t       =   0.00000, dt      =   0.00200, vlimit  =  -1.00000

Berendsen (weak-coupling) temperature regulation:
     temp0   =  50.00000, tempi   =   0.00000, tautp   =   1.50000

SHAKE:
     ntc     =       2, jfastw  =       0
     tol     =   0.00001

| Intermolecular bonds treatment:
|     no_intermolecular_bonds =       1

| Energy averages sample interval:
|     ene_avg_sampling =      50

Ewald parameters:
     verbose =       0, ew_type =       0, nbflag  =       1, use_pme =       1
     vdwmeth =       1, eedmeth =       1, netfrc  =       1
     Box X =   77.480   Box Y =   77.480   Box Z =   77.480
     Alpha =  109.471   Beta  =  109.471   Gamma =  109.471
     NFFT1 =   80       NFFT2 =   80       NFFT3 =   80
     Cutoff=   10.000   Tol   =0.100E-04
     Ewald Coefficient =  0.27511
     Interpolation order =    4

--------------------------------------------------------------------------------
   3.  ATOMIC COORDINATES AND VELOCITIES
--------------------------------------------------------------------------------

default_name                                                                    
 begin time read from input coords =     0.000 ps

 
 Number of triangulated 3-point waters found:    10078

     Sum of charges from parm topology file =   0.00000019
     Forcing neutrality...

| Dynamic Memory, Types Used:
| Reals              928848
| Integers           767330

| Nonbonded Pairs Initial Allocation:     9479868

| GPU memory information (estimate):
| KB of GPU memory in use:    162847
| KB of CPU memory in use:     51715

--------------------------------------------------------------------------------
   4.  RESULTS
--------------------------------------------------------------------------------

 ---------------------------------------------------
 APPROXIMATING switch and d/dx switch using CUBIC SPLINE INTERPOLATION
 using   5000.0 points per unit in tabled values
 TESTING RELATIVE ERROR over r ranging from 0.0 to cutoff
| CHECK switch(x): max rel err =   0.3316E-14   at   2.351880
| CHECK d/dx switch(x): max rel err =   0.8066E-11   at   2.747240
 ---------------------------------------------------
|---------------------------------------------------
| APPROXIMATING direct energy using CUBIC SPLINE INTERPOLATION
|  with   50.0 points per unit in tabled values
| Relative Error Limit not exceeded for r .gt.   2.34
| APPROXIMATING direct force using CUBIC SPLINE INTERPOLATION
|  with   50.0 points per unit in tabled values
| Relative Error Limit not exceeded for r .gt.   2.81
|---------------------------------------------------

 NSTEP =        0   TIME(PS) =       0.000  TEMP(K) =     0.00  PRESS =     0.0
 Etot   =   -149535.6386  EKtot   =         0.0000  EPtot      =   -149535.6386
 BOND   =        49.1274  ANGLE   =       163.1607  DIHED      =       972.1873
 1-4 NB =       257.8471  1-4 EEL =     -3757.2082  VDWAALS    =     27129.6880
 EELEC  =   -174350.4409  EHBOND  =         0.0000  RESTRAINT  =         0.0000
 ------------------------------------------------------------------------------


 NSTEP =       50   TIME(PS) =       0.100  TEMP(K) =     8.95  PRESS =     0.0
 Etot   =   -128442.3084  EKtot   =       564.0001  EPtot      =   -129006.3085
 BOND   =        48.6844  ANGLE   =       160.9859  DIHED      =       972.8918
 1-4 NB =       259.7173  1-4 EEL =     -3755.3915  VDWAALS    =     22879.7396
 EELEC  =   -149572.9360  EHBOND  =         0.0000  RESTRAINT  =         0.0000
 ------------------------------------------------------------------------------


 NSTEP =      100   TIME(PS) =       0.200  TEMP(K) =     8.29  PRESS =     0.0
 Etot   =   -128281.3987  EKtot   =       522.2682  EPtot      =   -128803.6669
 BOND   =        48.9458  ANGLE   =       161.1922  DIHED      =       970.2029
 1-4 NB =       259.6975  1-4 EEL =     -3758.9027  VDWAALS    =     20805.8481
 EELEC  =   -147290.6507  EHBOND  =         0.0000  RESTRAINT  =         0.0000
 ------------------------------------------------------------------------------


 NSTEP =      150   TIME(PS) =       0.300  TEMP(K) =    10.98  PRESS =     0.0
 Etot   =   -128116.2325  EKtot   =       691.3903  EPtot      =   -128807.6227
 BOND   =        49.7087  ANGLE   =       159.9632  DIHED      =       971.2185
 1-4 NB =       259.9058  1-4 EEL =     -3757.7561  VDWAALS    =     21091.5782
 EELEC  =   -147582.2410  EHBOND  =         0.0000  RESTRAINT  =         0.0000
 ------------------------------------------------------------------------------


 NSTEP =      200   TIME(PS) =       0.400  TEMP(K) =    12.54  PRESS =     0.0
 Etot   =   -127954.6097  EKtot   =       789.8616  EPtot      =   -128744.4713
 BOND   =        49.8527  ANGLE   =       163.2275  DIHED      =       968.4491
 1-4 NB =       259.2732  1-4 EEL =     -3757.0099  VDWAALS    =     21362.5037
 EELEC  =   -147790.7676  EHBOND  =         0.0000  RESTRAINT  =         0.0000
 ------------------------------------------------------------------------------


 NSTEP =      250   TIME(PS) =       0.500  TEMP(K) =    14.26  PRESS =     0.0
 Etot   =   -127800.5496  EKtot   =       898.3981  EPtot      =   -128698.9477
 BOND   =        50.2035  ANGLE   =       162.7330  DIHED      =       969.2062
 1-4 NB =       260.1298  1-4 EEL =     -3755.1579  VDWAALS    =     21096.2363
 EELEC  =   -147482.2986  EHBOND  =         0.0000  RESTRAINT  =         0.0000
 ------------------------------------------------------------------------------


 NSTEP =      300   TIME(PS) =       0.600  TEMP(K) =    15.81  PRESS =     0.0
 Etot   =   -127653.4463  EKtot   =       995.7318  EPtot      =   -128649.1781
 BOND   =        49.4864  ANGLE   =       161.1000  DIHED      =       967.0946
 1-4 NB =       261.0817  1-4 EEL =     -3754.9667  VDWAALS    =     21098.0532
 EELEC  =   -147431.0273  EHBOND  =         0.0000  RESTRAINT  =         0.0000
 ------------------------------------------------------------------------------


 NSTEP =      350   TIME(PS) =       0.700  TEMP(K) =    17.21  PRESS =     0.0
 Etot   =   -127513.4764  EKtot   =      1083.9983  EPtot      =   -128597.4747
 BOND   =        49.7646  ANGLE   =       163.8584  DIHED      =       970.1047
 1-4 NB =       259.5442  1-4 EEL =     -3758.9050  VDWAALS    =     21169.6778
 EELEC  =   -147451.5193  EHBOND  =         0.0000  RESTRAINT  =         0.0000
 ------------------------------------------------------------------------------


 NSTEP =      400   TIME(PS) =       0.800  TEMP(K) =    18.86  PRESS =     0.0
 Etot   =   -127379.6077  EKtot   =      1187.9741  EPtot      =   -128567.5818
 BOND   =        49.3524  ANGLE   =       164.5148  DIHED      =       972.1052
 1-4 NB =       260.2144  1-4 EEL =     -3752.2242  VDWAALS    =     21140.0858
 EELEC  =   -147401.6302  EHBOND  =         0.0000  RESTRAINT  =         0.0000
 ------------------------------------------------------------------------------


 NSTEP =      450   TIME(PS) =       0.900  TEMP(K) =    20.27  PRESS =     0.0
 Etot   =   -127251.8699  EKtot   =      1276.9226  EPtot      =   -128528.7925
 BOND   =        51.2806  ANGLE   =       167.4428  DIHED      =       972.8770
 1-4 NB =       259.9185  1-4 EEL =     -3757.8121  VDWAALS    =     21082.0717
 EELEC  =   -147304.5709  EHBOND  =         0.0000  RESTRAINT  =         0.0000
 ------------------------------------------------------------------------------


 NSTEP =      500   TIME(PS) =       1.000  TEMP(K) =    21.53  PRESS =     0.0
 Etot   =   -127129.5796  EKtot   =      1356.3971  EPtot      =   -128485.9767
 BOND   =        50.5679  ANGLE   =       163.8127  DIHED      =       976.6771
 1-4 NB =       259.7407  1-4 EEL =     -3756.1476  VDWAALS    =     21217.1511
 EELEC  =   -147397.7786  EHBOND  =         0.0000  RESTRAINT  =         0.0000
 ------------------------------------------------------------------------------


 NSTEP =      550   TIME(PS) =       1.100  TEMP(K) =    23.04  PRESS =     0.0
 Etot   =   -127012.8939  EKtot   =      1451.6855  EPtot      =   -128464.5794
 BOND   =        52.5073  ANGLE   =       166.4903  DIHED      =       978.1937
 1-4 NB =       257.5203  1-4 EEL =     -3757.4705  VDWAALS    =     21314.5606
 EELEC  =   -147476.3812  EHBOND  =         0.0000  RESTRAINT  =         0.0000
 ------------------------------------------------------------------------------


 NSTEP =      600   TIME(PS) =       1.200  TEMP(K) =    24.25  PRESS =     0.0
 Etot   =   -126902.9583  EKtot   =      1527.6357  EPtot      =   -128430.5941
 BOND   =        51.2581  ANGLE   =       166.2204  DIHED      =       973.5788
 1-4 NB =       260.4101  1-4 EEL =     -3759.3833  VDWAALS    =     21286.5653
 EELEC  =   -147409.2434  EHBOND  =         0.0000  RESTRAINT  =         0.0000
 ------------------------------------------------------------------------------


 NSTEP =      650   TIME(PS) =       1.300  TEMP(K) =    25.44  PRESS =     0.0
 Etot   =   -126798.5429  EKtot   =      1602.9136  EPtot      =   -128401.4565
 BOND   =        52.7985  ANGLE   =       169.1025  DIHED      =       970.6291
 1-4 NB =       258.0215  1-4 EEL =     -3755.5289  VDWAALS    =     21241.2045
 EELEC  =   -147337.6837  EHBOND  =         0.0000  RESTRAINT  =         0.0000
 ------------------------------------------------------------------------------


 NSTEP =      700   TIME(PS) =       1.400  TEMP(K) =    26.82  PRESS =     0.0
 Etot   =   -126697.2795  EKtot   =      1689.2568  EPtot      =   -128386.5364
 BOND   =        51.1181  ANGLE   =       170.8268  DIHED      =       972.1547
 1-4 NB =       258.4636  1-4 EEL =     -3756.3159  VDWAALS    =     21382.6225
 EELEC  =   -147465.4062  EHBOND  =         0.0000  RESTRAINT  =         0.0000
 ------------------------------------------------------------------------------


 NSTEP =      750   TIME(PS) =       1.500  TEMP(K) =    27.86  PRESS =     0.0
 Etot   =   -126602.4427  EKtot   =      1754.9768  EPtot      =   -128357.4195
 BOND   =        52.3518  ANGLE   =       177.4519  DIHED      =       973.3454
 1-4 NB =       257.2406  1-4 EEL =     -3758.1769  VDWAALS    =     21566.4754
 EELEC  =   -147626.1077  EHBOND  =         0.0000  RESTRAINT  =         0.0000
 ------------------------------------------------------------------------------


 NSTEP =      800   TIME(PS) =       1.600  TEMP(K) =    28.72  PRESS =     0.0
 Etot   =   -126511.1113  EKtot   =      1809.0875  EPtot      =   -128320.1989
 BOND   =        50.8980  ANGLE   =       170.9599  DIHED      =       978.0543
 1-4 NB =       258.5120  1-4 EEL =     -3757.3848  VDWAALS    =     21376.7142
 EELEC  =   -147397.9525  EHBOND  =         0.0000  RESTRAINT  =         0.0000
 ------------------------------------------------------------------------------


 NSTEP =      850   TIME(PS) =       1.700  TEMP(K) =    29.83  PRESS =     0.0
 Etot   =   -126425.0031  EKtot   =      1879.2390  EPtot      =   -128304.2421
 BOND   =        49.5921  ANGLE   =       165.8845  DIHED      =       973.4943
 1-4 NB =       261.3312  1-4 EEL =     -3750.4619  VDWAALS    =     21335.1095
 EELEC  =   -147339.1917  EHBOND  =         0.0000  RESTRAINT  =         0.0000
 ------------------------------------------------------------------------------


 NSTEP =      900   TIME(PS) =       1.800  TEMP(K) =    30.91  PRESS =     0.0
 Etot   =   -126342.4325  EKtot   =      1947.4707  EPtot      =   -128289.9032
 BOND   =        52.7654  ANGLE   =       171.5973  DIHED      =       970.9549
 1-4 NB =       257.9590  1-4 EEL =     -3761.3119  VDWAALS    =     21301.2665
 EELEC  =   -147283.1344  EHBOND  =         0.0000  RESTRAINT  =         0.0000
 ------------------------------------------------------------------------------


 NSTEP =      950   TIME(PS) =       1.900  TEMP(K) =    32.05  PRESS =     0.0
 Etot   =   -126264.6952  EKtot   =      2018.9062  EPtot      =   -128283.6014
 BOND   =        53.4883  ANGLE   =       173.0810  DIHED      =       967.5706
 1-4 NB =       256.6276  1-4 EEL =     -3764.3282  VDWAALS    =     21362.8944
 EELEC  =   -147332.9351  EHBOND  =         0.0000  RESTRAINT  =         0.0000
 ------------------------------------------------------------------------------

check COM velocity, temp:        0.000038     0.00(Removed)

 NSTEP =     1000   TIME(PS) =       2.000  TEMP(K) =    33.09  PRESS =     0.0
 Etot   =   -126191.5139  EKtot   =      2084.6167  EPtot      =   -128276.1306
 BOND   =        51.2732  ANGLE   =       171.4065  DIHED      =       968.2765
 1-4 NB =       261.1111  1-4 EEL =     -3758.2450  VDWAALS    =     21365.0501
 EELEC  =   -147335.0030  EHBOND  =         0.0000  RESTRAINT  =         0.0000
 ------------------------------------------------------------------------------


 NSTEP =     1050   TIME(PS) =       2.100  TEMP(K) =    33.51  PRESS =     0.0
 Etot   =   -126122.2507  EKtot   =      2111.2168  EPtot      =   -128233.4675
 BOND   =        50.9778  ANGLE   =       172.3044  DIHED      =       965.6307
 1-4 NB =       260.8285  1-4 EEL =     -3758.7499  VDWAALS    =     21459.7368
 EELEC  =   -147384.1958  EHBOND  =         0.0000  RESTRAINT  =         0.0000
 ------------------------------------------------------------------------------


 NSTEP =     1100   TIME(PS) =       2.200  TEMP(K) =    34.68  PRESS =     0.0
 Etot   =   -126054.5747  EKtot   =      2184.4612  EPtot      =   -128239.0358
 BOND   =        53.5157  ANGLE   =       175.1557  DIHED      =       964.0069
 1-4 NB =       257.7532  1-4 EEL =     -3753.3071  VDWAALS    =     21382.5538
 EELEC  =   -147318.7139  EHBOND  =         0.0000  RESTRAINT  =         0.0000
 ------------------------------------------------------------------------------


 NSTEP =     1150   TIME(PS) =       2.300  TEMP(K) =    35.00  PRESS =     0.0
 Etot   =   -125991.0578  EKtot   =      2204.6467  EPtot      =   -128195.7045
 BOND   =        51.2045  ANGLE   =       172.4310  DIHED      =       967.1294
 1-4 NB =       260.6611  1-4 EEL =     -3754.6691  VDWAALS    =     21414.0209
 EELEC  =   -147306.4823  EHBOND  =         0.0000  RESTRAINT  =         0.0000
 ------------------------------------------------------------------------------


 NSTEP =     1200   TIME(PS) =       2.400  TEMP(K) =    36.23  PRESS =     0.0
 Etot   =   -125931.3353  EKtot   =      2282.6343  EPtot      =   -128213.9696
 BOND   =        50.3895  ANGLE   =       173.1185  DIHED      =       963.4717
 1-4 NB =       259.9978  1-4 EEL =     -3757.6738  VDWAALS    =     21173.4813
 EELEC  =   -147076.7547  EHBOND  =         0.0000  RESTRAINT  =         0.0000
 ------------------------------------------------------------------------------


 NSTEP =     1250   TIME(PS) =       2.500  TEMP(K) =    36.84  PRESS =     0.0
 Etot   =   -125874.8600  EKtot   =      2320.8186  EPtot      =   -128195.6786
 BOND   =        52.5023  ANGLE   =       176.0111  DIHED      =       963.8968
 1-4 NB =       259.6845  1-4 EEL =     -3762.9542  VDWAALS    =     21124.7094
 EELEC  =   -147009.5285  EHBOND  =         0.0000  RESTRAINT  =         0.0000
 ------------------------------------------------------------------------------


 NSTEP =     1300   TIME(PS) =       2.600  TEMP(K) =    37.59  PRESS =     0.0
 Etot   =   -125822.1358  EKtot   =      2367.7124  EPtot      =   -128189.8482
 BOND   =        49.7719  ANGLE   =       179.5702  DIHED      =       961.6912
 1-4 NB =       262.3242  1-4 EEL =     -3758.5716  VDWAALS    =     21222.0115
 EELEC  =   -147106.6456  EHBOND  =         0.0000  RESTRAINT  =         0.0000
 ------------------------------------------------------------------------------


 NSTEP =     1350   TIME(PS) =       2.700  TEMP(K) =    37.89  PRESS =     0.0
 Etot   =   -125772.3184  EKtot   =      2387.0237  EPtot      =   -128159.3420
 BOND   =        55.2479  ANGLE   =       176.9792  DIHED      =       960.4796
 1-4 NB =       260.5811  1-4 EEL =     -3759.0355  VDWAALS    =     21317.0530
 EELEC  =   -147170.6473  EHBOND  =         0.0000  RESTRAINT  =         0.0000
 ------------------------------------------------------------------------------


 NSTEP =     1400   TIME(PS) =       2.800  TEMP(K) =    38.92  PRESS =     0.0
 Etot   =   -125723.6290  EKtot   =      2452.0989  EPtot      =   -128175.7278
 BOND   =        52.0267  ANGLE   =       177.1366  DIHED      =       962.8471
 1-4 NB =       261.0487  1-4 EEL =     -3763.5334  VDWAALS    =     21171.6324
 EELEC  =   -147036.8859  EHBOND  =         0.0000  RESTRAINT  =         0.0000
 ------------------------------------------------------------------------------


 NSTEP =     1450   TIME(PS) =       2.900  TEMP(K) =    39.31  PRESS =     0.0
 Etot   =   -125677.7678  EKtot   =      2476.4121  EPtot      =   -128154.1799
 BOND   =        51.7746  ANGLE   =       184.1613  DIHED      =       965.1616
 1-4 NB =       260.1603  1-4 EEL =     -3759.9919  VDWAALS    =     21285.0524
 EELEC  =   -147140.4982  EHBOND  =         0.0000  RESTRAINT  =         0.0000
 ------------------------------------------------------------------------------


 NSTEP =     1500   TIME(PS) =       3.000  TEMP(K) =    40.14  PRESS =     0.0
 Etot   =   -125634.3577  EKtot   =      2528.6860  EPtot      =   -128163.0437
 BOND   =        52.6896  ANGLE   =       174.6703  DIHED      =       971.6936
 1-4 NB =       263.5881  1-4 EEL =     -3752.6961  VDWAALS    =     21432.5258
 EELEC  =   -147305.5151  EHBOND  =         0.0000  RESTRAINT  =         0.0000
 ------------------------------------------------------------------------------


 NSTEP =     1550   TIME(PS) =       3.100  TEMP(K) =    40.52  PRESS =     0.0
 Etot   =   -125593.3806  EKtot   =      2552.7800  EPtot      =   -128146.1606
 BOND   =        49.9941  ANGLE   =       174.3363  DIHED      =       967.0338
 1-4 NB =       262.3983  1-4 EEL =     -3753.8489  VDWAALS    =     21376.4589
 EELEC  =   -147222.5332  EHBOND  =         0.0000  RESTRAINT  =         0.0000
 ------------------------------------------------------------------------------


 NSTEP =     1600   TIME(PS) =       3.200  TEMP(K) =    41.48  PRESS =     0.0
 Etot   =   -125557.1187  EKtot   =      2612.8145  EPtot      =   -128169.9332
 BOND   =        54.3152  ANGLE   =       172.4836  DIHED      =       967.6561
 1-4 NB =       259.0761  1-4 EEL =     -3753.8259  VDWAALS    =     21330.8195
 EELEC  =   -147200.4579  EHBOND  =         0.0000  RESTRAINT  =         0.0000
 ------------------------------------------------------------------------------


 NSTEP =     1650   TIME(PS) =       3.300  TEMP(K) =    41.67  PRESS =     0.0
 Etot   =   -125520.7431  EKtot   =      2625.2312  EPtot      =   -128145.9743
 BOND   =        51.3478  ANGLE   =       177.8529  DIHED      =       968.4090
 1-4 NB =       265.2185  1-4 EEL =     -3744.5893  VDWAALS    =     21383.3330
 EELEC  =   -147247.5461  EHBOND  =         0.0000  RESTRAINT  =         0.0000
 ------------------------------------------------------------------------------


 NSTEP =     1700   TIME(PS) =       3.400  TEMP(K) =    42.45  PRESS =     0.0
 Etot   =   -125486.6109  EKtot   =      2674.2563  EPtot      =   -128160.8673
 BOND   =        54.4618  ANGLE   =       185.2851  DIHED      =       968.9129
 1-4 NB =       261.7331  1-4 EEL =     -3767.0500  VDWAALS    =     21388.6046
 EELEC  =   -147252.8147  EHBOND  =         0.0000  RESTRAINT  =         0.0000
 ------------------------------------------------------------------------------


 NSTEP =     1750   TIME(PS) =       3.500  TEMP(K) =    42.78  PRESS =     0.0
 Etot   =   -125455.2976  EKtot   =      2694.6694  EPtot      =   -128149.9670
 BOND   =        54.6355  ANGLE   =       180.5147  DIHED      =       967.8391
 1-4 NB =       263.2432  1-4 EEL =     -3770.9968  VDWAALS    =     21510.8793
 EELEC  =   -147356.0820  EHBOND  =         0.0000  RESTRAINT  =         0.0000
 ------------------------------------------------------------------------------


 NSTEP =     1800   TIME(PS) =       3.600  TEMP(K) =    43.29  PRESS =     0.0
 Etot   =   -125426.5354  EKtot   =      2726.8992  EPtot      =   -128153.4346
 BOND   =        54.0971  ANGLE   =       181.7117  DIHED      =       966.7662
 1-4 NB =       261.1604  1-4 EEL =     -3751.0655  VDWAALS    =     21404.2858
 EELEC  =   -147270.3904  EHBOND  =         0.0000  RESTRAINT  =         0.0000
 ------------------------------------------------------------------------------


 NSTEP =     1850   TIME(PS) =       3.700  TEMP(K) =    43.83  PRESS =     0.0
 Etot   =   -125400.1969  EKtot   =      2761.3735  EPtot      =   -128161.5704
 BOND   =        49.8342  ANGLE   =       178.3885  DIHED      =       971.6341
 1-4 NB =       261.8256  1-4 EEL =     -3748.6729  VDWAALS    =     21370.9028
 EELEC  =   -147245.4827  EHBOND  =         0.0000  RESTRAINT  =         0.0000
 ------------------------------------------------------------------------------


 NSTEP =     1900   TIME(PS) =       3.800  TEMP(K) =    44.31  PRESS =     0.0
 Etot   =   -125374.7720  EKtot   =      2791.5532  EPtot      =   -128166.3252
 BOND   =        53.3870  ANGLE   =       179.9793  DIHED      =       970.3744
 1-4 NB =       264.4857  1-4 EEL =     -3752.9504  VDWAALS    =     21455.2297
 EELEC  =   -147336.8308  EHBOND  =         0.0000  RESTRAINT  =         0.0000
 ------------------------------------------------------------------------------


 NSTEP =     1950   TIME(PS) =       3.900  TEMP(K) =    44.36  PRESS =     0.0
 Etot   =   -125351.5350  EKtot   =      2794.3101  EPtot      =   -128145.8451
 BOND   =        53.1227  ANGLE   =       181.0603  DIHED      =       970.4766
 1-4 NB =       263.1220  1-4 EEL =     -3759.4702  VDWAALS    =     21537.6392
 EELEC  =   -147391.7957  EHBOND  =         0.0000  RESTRAINT  =         0.0000
 ------------------------------------------------------------------------------

check COM velocity, temp:        0.000009     0.00(Removed)

 NSTEP =     2000   TIME(PS) =       4.000  TEMP(K) =    45.13  PRESS =     0.0
 Etot   =   -125328.1098  EKtot   =      2843.2512  EPtot      =   -128171.3610
 BOND   =        54.9733  ANGLE   =       185.2972  DIHED      =       963.5968
 1-4 NB =       264.1280  1-4 EEL =     -3766.5610  VDWAALS    =     21473.8483
 EELEC  =   -147346.6437  EHBOND  =         0.0000  RESTRAINT  =         0.0000
 ------------------------------------------------------------------------------


 NSTEP =     2050   TIME(PS) =       4.100  TEMP(K) =    45.39  PRESS =     0.0
 Etot   =   -125307.9552  EKtot   =      2859.3557  EPtot      =   -128167.3109
 BOND   =        52.8868  ANGLE   =       185.0743  DIHED      =       964.4443
 1-4 NB =       264.0739  1-4 EEL =     -3762.0938  VDWAALS    =     21507.1378
 EELEC  =   -147378.8343  EHBOND  =         0.0000  RESTRAINT  =         0.0000
 ------------------------------------------------------------------------------


 NSTEP =     2100   TIME(PS) =       4.200  TEMP(K) =    45.92  PRESS =     0.0
 Etot   =   -125291.0488  EKtot   =      2892.8579  EPtot      =   -128183.9067
 BOND   =        56.8029  ANGLE   =       184.4758  DIHED      =       964.2060
 1-4 NB =       261.6406  1-4 EEL =     -3761.7244  VDWAALS    =     21488.9592
 EELEC  =   -147378.2667  EHBOND  =         0.0000  RESTRAINT  =         0.0000
 ------------------------------------------------------------------------------


 NSTEP =     2150   TIME(PS) =       4.300  TEMP(K) =    46.01  PRESS =     0.0
 Etot   =   -125273.1460  EKtot   =      2898.2812  EPtot      =   -128171.4272
 BOND   =        54.4788  ANGLE   =       183.6885  DIHED      =       973.3790
 1-4 NB =       265.1304  1-4 EEL =     -3752.2311  VDWAALS    =     21369.2662
 EELEC  =   -147265.1391  EHBOND  =         0.0000  RESTRAINT  =         0.0000
 ------------------------------------------------------------------------------


 NSTEP =     2200   TIME(PS) =       4.400  TEMP(K) =    46.56  PRESS =     0.0
 Etot   =   -125256.3467  EKtot   =      2932.7786  EPtot      =   -128189.1253
 BOND   =        53.9941  ANGLE   =       185.6369  DIHED      =       975.2324
 1-4 NB =       264.1813  1-4 EEL =     -3760.7274  VDWAALS    =     21332.0139
 EELEC  =   -147239.4565  EHBOND  =         0.0000  RESTRAINT  =         0.0000
 ------------------------------------------------------------------------------


 NSTEP =     2250   TIME(PS) =       4.500  TEMP(K) =    46.72  PRESS =     0.0
 Etot   =   -125241.8086  EKtot   =      2942.8977  EPtot      =   -128184.7063
 BOND   =        54.5102  ANGLE   =       188.4675  DIHED      =       970.2750
 1-4 NB =       259.3498  1-4 EEL =     -3761.7377  VDWAALS    =     21435.7066
 EELEC  =   -147331.2777  EHBOND  =         0.0000  RESTRAINT  =         0.0000
 ------------------------------------------------------------------------------


 NSTEP =     2300   TIME(PS) =       4.600  TEMP(K) =    46.84  PRESS =     0.0
 Etot   =   -125229.4515  EKtot   =      2950.5261  EPtot      =   -128179.9776
 BOND   =        54.3781  ANGLE   =       188.1090  DIHED      =       966.5483
 1-4 NB =       260.6854  1-4 EEL =     -3756.7913  VDWAALS    =     21460.3291
 EELEC  =   -147353.2363  EHBOND  =         0.0000  RESTRAINT  =         0.0000
 ------------------------------------------------------------------------------


 NSTEP =     2350   TIME(PS) =       4.700  TEMP(K) =    46.75  PRESS =     0.0
 Etot   =   -125216.7161  EKtot   =      2945.3545  EPtot      =   -128162.0706
 BOND   =        51.0281  ANGLE   =       191.1722  DIHED      =       963.8611
 1-4 NB =       264.2647  1-4 EEL =     -3758.0903  VDWAALS    =     21514.4343
 EELEC  =   -147388.7406  EHBOND  =         0.0000  RESTRAINT  =         0.0000
 ------------------------------------------------------------------------------


 NSTEP =     2400   TIME(PS) =       4.800  TEMP(K) =    47.17  PRESS =     0.0
 Etot   =   -125204.6202  EKtot   =      2971.2590  EPtot      =   -128175.8793
 BOND   =        55.7472  ANGLE   =       187.8431  DIHED      =       968.0834
 1-4 NB =       263.2890  1-4 EEL =     -3766.7614  VDWAALS    =     21623.5595
 EELEC  =   -147507.6401  EHBOND  =         0.0000  RESTRAINT  =         0.0000
 ------------------------------------------------------------------------------


 NSTEP =     2450   TIME(PS) =       4.900  TEMP(K) =    47.17  PRESS =     0.0
 Etot   =   -125192.7307  EKtot   =      2971.4521  EPtot      =   -128164.1829
 BOND   =        54.1803  ANGLE   =       190.0820  DIHED      =       965.4043
 1-4 NB =       260.6178  1-4 EEL =     -3761.9842  VDWAALS    =     21448.4492
 EELEC  =   -147320.9323  EHBOND  =         0.0000  RESTRAINT  =         0.0000
 ------------------------------------------------------------------------------


 NSTEP =     2500   TIME(PS) =       5.000  TEMP(K) =    47.87  PRESS =     0.0
 Etot   =   -125183.5590  EKtot   =      3015.7261  EPtot      =   -128199.2851
 BOND   =        54.8981  ANGLE   =       191.5585  DIHED      =       964.4415
 1-4 NB =       263.0435  1-4 EEL =     -3755.8310  VDWAALS    =     21431.1857
 EELEC  =   -147348.5815  EHBOND  =         0.0000  RESTRAINT  =         0.0000
 ------------------------------------------------------------------------------


      A V E R A G E S   O V E R      50 S T E P S


 NSTEP =     2500   TIME(PS) =       5.000  TEMP(K) =    33.94  PRESS =     0.0
 Etot   =   -126175.3584  EKtot   =      2138.1214  EPtot      =   -128313.4798
 BOND   =        52.1814  ANGLE   =       175.3281  DIHED      =       968.8332
 1-4 NB =       260.9143  1-4 EEL =     -3757.8213  VDWAALS    =     21366.0246
 EELEC  =   -147378.9402  EHBOND  =         0.0000  RESTRAINT  =         0.0000
 ------------------------------------------------------------------------------


      R M S  F L U C T U A T I O N S


 NSTEP =     2500   TIME(PS) =       5.000  TEMP(K) =    11.71  PRESS =     0.0
 Etot   =       940.9837  EKtot   =       737.5125  EPtot      =       213.2469
 BOND   =         2.0308  ANGLE   =         8.9555  DIHED      =         4.1464
 1-4 NB =         2.1400  1-4 EEL =         4.8772  VDWAALS    =       264.1700
 EELEC  =       342.5083  EHBOND  =         0.0000  RESTRAINT  =         0.0000
 ------------------------------------------------------------------------------

--------------------------------------------------------------------------------
   5.  TIMINGS
--------------------------------------------------------------------------------

|  NonSetup CPU Time in Major Routines:
|
|     Routine           Sec        %
|     ------------------------------
|     Nonbond           0.31   10.76
|     Bond              0.00    0.00
|     Angle             0.00    0.00
|     Dihedral          0.00    0.00
|     Shake             0.02    0.68
|     RunMD             2.55   88.43
|     Other             0.00    0.13
|     ------------------------------
|     Total             2.88

|  PME Nonbond Pairlist CPU Time:
|
|     Routine              Sec        %
|     ---------------------------------
|     Set Up Cit           0.00    0.00
|     Build List           0.00    0.00
|     ---------------------------------
|     Total                0.00    0.00

|  PME Direct Force CPU Time:
|
|     Routine              Sec        %
|     ---------------------------------
|     NonBonded Calc       0.00    0.00
|     Exclude Masked       0.00    0.00
|     Other                0.00    0.08
|     ---------------------------------
|     Total                0.00    0.08

|  PME Reciprocal Force CPU Time:
|
|     Routine              Sec        %
|     ---------------------------------
|     1D bspline           0.00    0.00
|     Grid Charges         0.00    0.00
|     Scalar Sum           0.00    0.00
|     Gradient Sum         0.00    0.00
|     FFT                  0.00    0.00
|     ---------------------------------
|     Total                0.00    0.00

|  Final Performance Info:
|     -----------------------------------------------------
|     Average timings for last    2500 steps:
|     Elapsed(s) =       5.74 Per Step(ms) =       2.30
|         ns/day =      75.21   seconds/ns =    1148.86
|
|     Average timings for all steps:
|     Elapsed(s) =       5.74 Per Step(ms) =       2.30
|         ns/day =      75.21   seconds/ns =    1148.86
|     -----------------------------------------------------

|  Setup CPU time:            0.77 seconds
|  NonSetup CPU time:         2.88 seconds
|  Total CPU time:            3.65 seconds     0.00 hours

|  Setup wall time:           2    seconds
|  NonSetup wall time:        6    seconds
|  Total wall time:           8    seconds     0.00 hours
