
          -------------------------------------------------------
          Amber 16 PMEMD                              2016
          -------------------------------------------------------

| PMEMD implementation of SANDER, Release 16

| Run on 01/29/2021 at 15:05:01

|   Executable path: pmemd.cuda
| Working directory: /home/kyq/T7RNADNA/7/nLC7
|          Hostname: gpu01

  [-O]verwriting output

File Assignments:
|   MDIN: heat5.in                                                              
|  MDOUT: cmp_heat5.out                                                         
| INPCRD: cmp_heat4.rst                                                         
|   PARM: cmp.prmtop                                                            
| RESTRT: cmp_heat5.rst                                                         
|   REFC: cmp.inpcrd                                                            
|  MDVEL: mdvel                                                                 
|   MDEN: mden                                                                  
|  MDCRD: cmp_heat5.mdcrd                                                       
| MDINFO: mdinfo                                                                
|  MDFRC: mdfrc                                                                 

 
 Here is the input file:
 
Stage 2 equilibration 1 0-5ns                                                  
 &cntrl                                                                        
  imin=0, irest=1, ntx=5,                                                      
  nstlim=4000, dt=0.002,                                                       
  ntc=2, ntf=2,                                                                
  ntt=1, tautp=1.5,                                                            
  tempi=200.0, temp0=255.0,                                                    
  ntpr=50, ntwx=50,                                                            
  ntb=1,                                                                       
  cut=10,                                                                      
 /                                                                             


Note: ig = -1. Setting random seed to   372683 based on wallclock time in 
      microseconds.
 
|--------------------- INFORMATION ----------------------
| GPU (CUDA) Version of PMEMD in use: NVIDIA GPU IN USE.
|                    Version 16.0.0
| 
|                      02/25/2016
| 
| Implementation by:
|                    Ross C. Walker     (SDSC)
|                    Scott Le Grand     (nVIDIA)
| 
| Precision model in use:
|      [SPFP] - Single Precision Forces, 64-bit Fixed Point
|               Accumulation. (Default)
| 
|--------------------------------------------------------
 
|----------------- CITATION INFORMATION -----------------
|
|    When publishing work that utilized the CUDA version
|    of AMBER, please cite the following in addition to
|    the regular AMBER citations:
|
|  - Romelia Salomon-Ferrer; Andreas W. Goetz; Duncan
|    Poole; Scott Le Grand; Ross C. Walker "Routine
|    microsecond molecular dynamics simulations with
|    AMBER - Part II: Particle Mesh Ewald", J. Chem.
|    Theory Comput., 2013, 9 (9), pp3878-3888,
|    DOI: 10.1021/ct400314y.
|
|  - Andreas W. Goetz; Mark J. Williamson; Dong Xu;
|    Duncan Poole; Scott Le Grand; Ross C. Walker
|    "Routine microsecond molecular dynamics simulations
|    with AMBER - Part I: Generalized Born", J. Chem.
|    Theory Comput., 2012, 8 (5), pp1542-1555.
|
|  - Scott Le Grand; Andreas W. Goetz; Ross C. Walker
|    "SPFP: Speed without compromise - a mixed precision
|    model for GPU accelerated molecular dynamics
|    simulations.", Comp. Phys. Comm., 2013, 184
|    pp374-380, DOI: 10.1016/j.cpc.2012.09.022
|
|--------------------------------------------------------
 
|------------------- GPU DEVICE INFO --------------------
|
|            CUDA_VISIBLE_DEVICES: 0
|   CUDA Capable Devices Detected:      1
|           CUDA Device ID in use:      0
|                CUDA Device Name: Tesla P100-PCIE-16GB
|     CUDA Device Global Mem Size:  16276 MB
| CUDA Device Num Multiprocessors:     56
|           CUDA Device Core Freq:   1.33 GHz
|
|--------------------------------------------------------
 
 
| Conditional Compilation Defines Used:
| PUBFFT
| BINTRAJ
| CUDA
| EMIL
 
| Largest sphere to fit in unit cell has radius =    34.461

| New format PARM file being parsed.
| Version =    1.000 Date = 01/29/21 Time = 15:02:16

| Note: 1-4 EEL scale factors are being read from the topology file.

| Note: 1-4 VDW scale factors are being read from the topology file.
| Duplicated    0 dihedrals

| Duplicated    0 dihedrals

--------------------------------------------------------------------------------
   1.  RESOURCE   USE: 
--------------------------------------------------------------------------------

 getting box info from netcdf restart file
 NATOM  =   41380 NTYPES =      18 NBONH =   40641 MBONA  =     790
 NTHETH =     882 MTHETA =    1223 NPHIH =    1873 MPHIA  =    2454
 NHPARM =       0 NPARM  =       0 NNB   =   59770 NRES   =   13486
 NBONA  =     790 NTHETA =    1223 NPHIA =    2454 NUMBND =      73
 NUMANG =     152 NPTRA  =      87 NATYP =      37 NPHB   =       1
 IFBOX  =       2 NMXRS  =      34 IFCAP =       0 NEXTRA =       0
 NCOPY  =       0

| Coordinate Index Table dimensions:    13   13   13
| Direct force subcell size =     6.4933    6.4933    6.4933

     BOX TYPE: TRUNCATED OCTAHEDRON

--------------------------------------------------------------------------------
   2.  CONTROL  DATA  FOR  THE  RUN
--------------------------------------------------------------------------------

default_name                                                                    

General flags:
     imin    =       0, nmropt  =       0

Nature and format of input:
     ntx     =       5, irest   =       1, ntrx    =       1

Nature and format of output:
     ntxo    =       2, ntpr    =      50, ntrx    =       1, ntwr    =    4000
     iwrap   =       0, ntwx    =      50, ntwv    =       0, ntwe    =       0
     ioutfm  =       1, ntwprt  =       0, idecomp =       0, rbornstat=      0

Potential function:
     ntf     =       2, ntb     =       1, igb     =       0, nsnb    =      25
     ipol    =       0, gbsa    =       0, iesp    =       0
     dielc   =   1.00000, cut     =  10.00000, intdiel =   1.00000

Frozen or restrained atoms:
     ibelly  =       0, ntr     =       0

Molecular dynamics:
     nstlim  =      4000, nscm    =      1000, nrespa  =         1
     t       =   0.00000, dt      =   0.00200, vlimit  =  -1.00000

Berendsen (weak-coupling) temperature regulation:
     temp0   = 255.00000, tempi   = 200.00000, tautp   =   1.50000

SHAKE:
     ntc     =       2, jfastw  =       0
     tol     =   0.00001

| Intermolecular bonds treatment:
|     no_intermolecular_bonds =       1

| Energy averages sample interval:
|     ene_avg_sampling =      50

Ewald parameters:
     verbose =       0, ew_type =       0, nbflag  =       1, use_pme =       1
     vdwmeth =       1, eedmeth =       1, netfrc  =       1
     Box X =   84.413   Box Y =   84.413   Box Z =   84.413
     Alpha =  109.471   Beta  =  109.471   Gamma =  109.471
     NFFT1 =   96       NFFT2 =   96       NFFT3 =   96
     Cutoff=   10.000   Tol   =0.100E-04
     Ewald Coefficient =  0.27511
     Interpolation order =    4

--------------------------------------------------------------------------------
   3.  ATOMIC COORDINATES AND VELOCITIES
--------------------------------------------------------------------------------

default_name                                                                    
 begin time read from input coords =    20.000 ps

 
 Number of triangulated 3-point waters found:    13420

     Sum of charges from parm topology file =   0.00000012
     Forcing neutrality...

| Dynamic Memory, Types Used:
| Reals             1180054
| Integers           982401

| Nonbonded Pairs Initial Allocation:    12516415

| GPU memory information (estimate):
| KB of GPU memory in use:    215845
| KB of CPU memory in use:     70693

--------------------------------------------------------------------------------
   4.  RESULTS
--------------------------------------------------------------------------------

 ---------------------------------------------------
 APPROXIMATING switch and d/dx switch using CUBIC SPLINE INTERPOLATION
 using   5000.0 points per unit in tabled values
 TESTING RELATIVE ERROR over r ranging from 0.0 to cutoff
| CHECK switch(x): max rel err =   0.3316E-14   at   2.351880
| CHECK d/dx switch(x): max rel err =   0.8066E-11   at   2.747240
 ---------------------------------------------------
|---------------------------------------------------
| APPROXIMATING direct energy using CUBIC SPLINE INTERPOLATION
|  with   50.0 points per unit in tabled values
| Relative Error Limit not exceeded for r .gt.   2.34
| APPROXIMATING direct force using CUBIC SPLINE INTERPOLATION
|  with   50.0 points per unit in tabled values
| Relative Error Limit not exceeded for r .gt.   2.81
|---------------------------------------------------

 NSTEP =       50   TIME(PS) =      20.100  TEMP(K) =   188.55  PRESS =     0.0
 Etot   =   -140991.6153  EKtot   =     15642.1982  EPtot      =   -156633.8136
 BOND   =       154.4155  ANGLE   =       409.4564  DIHED      =       884.8151
 1-4 NB =       275.1719  1-4 EEL =     -4474.3577  VDWAALS    =     24909.0244
 EELEC  =   -178792.3392  EHBOND  =         0.0000  RESTRAINT  =         0.0000
 ------------------------------------------------------------------------------


 NSTEP =      100   TIME(PS) =      20.200  TEMP(K) =   189.99  PRESS =     0.0
 Etot   =   -140627.1863  EKtot   =     15761.4727  EPtot      =   -156388.6589
 BOND   =       159.3013  ANGLE   =       411.1736  DIHED      =       886.2402
 1-4 NB =       280.5318  1-4 EEL =     -4493.0829  VDWAALS    =     25057.8598
 EELEC  =   -178690.6827  EHBOND  =         0.0000  RESTRAINT  =         0.0000
 ------------------------------------------------------------------------------


 NSTEP =      150   TIME(PS) =      20.300  TEMP(K) =   192.24  PRESS =     0.0
 Etot   =   -140273.7465  EKtot   =     15948.8691  EPtot      =   -156222.6156
 BOND   =       155.4209  ANGLE   =       406.1666  DIHED      =       882.0859
 1-4 NB =       273.2090  1-4 EEL =     -4467.4274  VDWAALS    =     24873.3979
 EELEC  =   -178345.4686  EHBOND  =         0.0000  RESTRAINT  =         0.0000
 ------------------------------------------------------------------------------


 NSTEP =      200   TIME(PS) =      20.400  TEMP(K) =   193.74  PRESS =     0.0
 Etot   =   -139929.7809  EKtot   =     16072.8408  EPtot      =   -156002.6217
 BOND   =       165.2226  ANGLE   =       414.4304  DIHED      =       878.3643
 1-4 NB =       274.1235  1-4 EEL =     -4471.6176  VDWAALS    =     24834.4025
 EELEC  =   -178097.5473  EHBOND  =         0.0000  RESTRAINT  =         0.0000
 ------------------------------------------------------------------------------


 NSTEP =      250   TIME(PS) =      20.500  TEMP(K) =   194.47  PRESS =     0.0
 Etot   =   -139589.7665  EKtot   =     16133.1904  EPtot      =   -155722.9569
 BOND   =       164.8691  ANGLE   =       424.1657  DIHED      =       882.2143
 1-4 NB =       277.8821  1-4 EEL =     -4478.2100  VDWAALS    =     24566.1483
 EELEC  =   -177560.0264  EHBOND  =         0.0000  RESTRAINT  =         0.0000
 ------------------------------------------------------------------------------


 NSTEP =      300   TIME(PS) =      20.600  TEMP(K) =   196.74  PRESS =     0.0
 Etot   =   -139261.2029  EKtot   =     16322.0625  EPtot      =   -155583.2654
 BOND   =       161.0768  ANGLE   =       412.6289  DIHED      =       887.2974
 1-4 NB =       277.4223  1-4 EEL =     -4478.1953  VDWAALS    =     24634.5067
 EELEC  =   -177478.0023  EHBOND  =         0.0000  RESTRAINT  =         0.0000
 ------------------------------------------------------------------------------


 NSTEP =      350   TIME(PS) =      20.700  TEMP(K) =   198.77  PRESS =     0.0
 Etot   =   -138940.6570  EKtot   =     16489.8047  EPtot      =   -155430.4617
 BOND   =       174.5273  ANGLE   =       418.4543  DIHED      =       883.7198
 1-4 NB =       263.5448  1-4 EEL =     -4498.9420  VDWAALS    =     24415.1410
 EELEC  =   -177086.9070  EHBOND  =         0.0000  RESTRAINT  =         0.0000
 ------------------------------------------------------------------------------


 NSTEP =      400   TIME(PS) =      20.800  TEMP(K) =   199.86  PRESS =     0.0
 Etot   =   -138628.1426  EKtot   =     16580.4258  EPtot      =   -155208.5684
 BOND   =       164.0344  ANGLE   =       432.8341  DIHED      =       886.9119
 1-4 NB =       278.4606  1-4 EEL =     -4520.2671  VDWAALS    =     24416.8435
 EELEC  =   -176867.3857  EHBOND  =         0.0000  RESTRAINT  =         0.0000
 ------------------------------------------------------------------------------


 NSTEP =      450   TIME(PS) =      20.900  TEMP(K) =   200.60  PRESS =     0.0
 Etot   =   -138321.9254  EKtot   =     16642.1875  EPtot      =   -154964.1129
 BOND   =       191.2583  ANGLE   =       447.7420  DIHED      =       877.1334
 1-4 NB =       278.0429  1-4 EEL =     -4537.5903  VDWAALS    =     24487.4172
 EELEC  =   -176708.1165  EHBOND  =         0.0000  RESTRAINT  =         0.0000
 ------------------------------------------------------------------------------


 NSTEP =      500   TIME(PS) =      21.000  TEMP(K) =   201.32  PRESS =     0.0
 Etot   =   -138023.5631  EKtot   =     16701.7832  EPtot      =   -154725.3463
 BOND   =       175.6227  ANGLE   =       436.3986  DIHED      =       888.2092
 1-4 NB =       284.1230  1-4 EEL =     -4507.8128  VDWAALS    =     24636.5317
 EELEC  =   -176638.4187  EHBOND  =         0.0000  RESTRAINT  =         0.0000
 ------------------------------------------------------------------------------


 NSTEP =      550   TIME(PS) =      21.100  TEMP(K) =   202.67  PRESS =     0.0
 Etot   =   -137734.1206  EKtot   =     16813.7754  EPtot      =   -154547.8960
 BOND   =       175.0350  ANGLE   =       427.2134  DIHED      =       873.2990
 1-4 NB =       272.9949  1-4 EEL =     -4466.6229  VDWAALS    =     24366.8218
 EELEC  =   -176196.6373  EHBOND  =         0.0000  RESTRAINT  =         0.0000
 ------------------------------------------------------------------------------


 NSTEP =      600   TIME(PS) =      21.200  TEMP(K) =   203.70  PRESS =     0.0
 Etot   =   -137449.7398  EKtot   =     16898.8652  EPtot      =   -154348.6050
 BOND   =       184.2278  ANGLE   =       454.9394  DIHED      =       876.1935
 1-4 NB =       272.0096  1-4 EEL =     -4510.7024  VDWAALS    =     24226.0587
 EELEC  =   -175851.3315  EHBOND  =         0.0000  RESTRAINT  =         0.0000
 ------------------------------------------------------------------------------


 NSTEP =      650   TIME(PS) =      21.300  TEMP(K) =   205.75  PRESS =     0.0
 Etot   =   -137176.6985  EKtot   =     17069.1367  EPtot      =   -154245.8352
 BOND   =       172.1165  ANGLE   =       449.1807  DIHED      =       896.5029
 1-4 NB =       289.1426  1-4 EEL =     -4510.3878  VDWAALS    =     24310.1793
 EELEC  =   -175852.5694  EHBOND  =         0.0000  RESTRAINT  =         0.0000
 ------------------------------------------------------------------------------


 NSTEP =      700   TIME(PS) =      21.400  TEMP(K) =   206.27  PRESS =     0.0
 Etot   =   -136907.0356  EKtot   =     17112.1504  EPtot      =   -154019.1860
 BOND   =       183.2099  ANGLE   =       421.7140  DIHED      =       880.6100
 1-4 NB =       280.6158  1-4 EEL =     -4509.0912  VDWAALS    =     24148.4185
 EELEC  =   -175424.6628  EHBOND  =         0.0000  RESTRAINT  =         0.0000
 ------------------------------------------------------------------------------


 NSTEP =      750   TIME(PS) =      21.500  TEMP(K) =   208.74  PRESS =     0.0
 Etot   =   -136641.0461  EKtot   =     17316.9258  EPtot      =   -153957.9719
 BOND   =       178.0272  ANGLE   =       426.7818  DIHED      =       900.2511
 1-4 NB =       277.9075  1-4 EEL =     -4509.4092  VDWAALS    =     24100.0067
 EELEC  =   -175331.5370  EHBOND  =         0.0000  RESTRAINT  =         0.0000
 ------------------------------------------------------------------------------


 NSTEP =      800   TIME(PS) =      21.600  TEMP(K) =   209.37  PRESS =     0.0
 Etot   =   -136386.7583  EKtot   =     17369.5312  EPtot      =   -153756.2895
 BOND   =       184.3533  ANGLE   =       424.8653  DIHED      =       897.1932
 1-4 NB =       275.5256  1-4 EEL =     -4474.3917  VDWAALS    =     24145.2805
 EELEC  =   -175209.1159  EHBOND  =         0.0000  RESTRAINT  =         0.0000
 ------------------------------------------------------------------------------


 NSTEP =      850   TIME(PS) =      21.700  TEMP(K) =   210.72  PRESS =     0.0
 Etot   =   -136134.3537  EKtot   =     17481.9922  EPtot      =   -153616.3459
 BOND   =       176.2450  ANGLE   =       433.2532  DIHED      =       900.4278
 1-4 NB =       274.3257  1-4 EEL =     -4475.9653  VDWAALS    =     23841.2756
 EELEC  =   -174765.9079  EHBOND  =         0.0000  RESTRAINT  =         0.0000
 ------------------------------------------------------------------------------


 NSTEP =      900   TIME(PS) =      21.800  TEMP(K) =   211.74  PRESS =     0.0
 Etot   =   -135890.6028  EKtot   =     17566.6094  EPtot      =   -153457.2122
 BOND   =       174.0098  ANGLE   =       435.0500  DIHED      =       887.0161
 1-4 NB =       281.2559  1-4 EEL =     -4474.7486  VDWAALS    =     23690.7519
 EELEC  =   -174450.5474  EHBOND  =         0.0000  RESTRAINT  =         0.0000
 ------------------------------------------------------------------------------


 NSTEP =      950   TIME(PS) =      21.900  TEMP(K) =   211.54  PRESS =     0.0
 Etot   =   -135654.1935  EKtot   =     17549.9062  EPtot      =   -153204.0997
 BOND   =       189.1887  ANGLE   =       468.8444  DIHED      =       887.6068
 1-4 NB =       283.4241  1-4 EEL =     -4513.7626  VDWAALS    =     24008.7310
 EELEC  =   -174528.1321  EHBOND  =         0.0000  RESTRAINT  =         0.0000
 ------------------------------------------------------------------------------

check COM velocity, temp:        0.000002     0.00(Removed)

 NSTEP =     1000   TIME(PS) =      22.000  TEMP(K) =   213.55  PRESS =     0.0
 Etot   =   -135419.3552  EKtot   =     17716.2930  EPtot      =   -153135.6481
 BOND   =       189.5859  ANGLE   =       467.5873  DIHED      =       880.7414
 1-4 NB =       281.0281  1-4 EEL =     -4531.5562  VDWAALS    =     23611.3641
 EELEC  =   -174034.3987  EHBOND  =         0.0000  RESTRAINT  =         0.0000
 ------------------------------------------------------------------------------


 NSTEP =     1050   TIME(PS) =      22.100  TEMP(K) =   214.25  PRESS =     0.0
 Etot   =   -135195.4184  EKtot   =     17774.1797  EPtot      =   -152969.5980
 BOND   =       206.3115  ANGLE   =       449.9425  DIHED      =       889.0963
 1-4 NB =       286.4601  1-4 EEL =     -4518.8553  VDWAALS    =     23940.0381
 EELEC  =   -174222.5913  EHBOND  =         0.0000  RESTRAINT  =         0.0000
 ------------------------------------------------------------------------------


 NSTEP =     1100   TIME(PS) =      22.200  TEMP(K) =   217.22  PRESS =     0.0
 Etot   =   -134977.3157  EKtot   =     18020.4512  EPtot      =   -152997.7668
 BOND   =       181.1219  ANGLE   =       442.4288  DIHED      =       886.0974
 1-4 NB =       284.7322  1-4 EEL =     -4488.8528  VDWAALS    =     23477.7142
 EELEC  =   -173781.0086  EHBOND  =         0.0000  RESTRAINT  =         0.0000
 ------------------------------------------------------------------------------


 NSTEP =     1150   TIME(PS) =      22.300  TEMP(K) =   215.11  PRESS =     0.0
 Etot   =   -134755.7425  EKtot   =     17845.9492  EPtot      =   -152601.6917
 BOND   =       211.4625  ANGLE   =       463.3974  DIHED      =       877.6489
 1-4 NB =       268.1901  1-4 EEL =     -4508.6496  VDWAALS    =     23524.5666
 EELEC  =   -173438.3075  EHBOND  =         0.0000  RESTRAINT  =         0.0000
 ------------------------------------------------------------------------------


 NSTEP =     1200   TIME(PS) =      22.400  TEMP(K) =   217.67  PRESS =     0.0
 Etot   =   -134548.3259  EKtot   =     18058.3340  EPtot      =   -152606.6599
 BOND   =       191.1301  ANGLE   =       460.8662  DIHED      =       884.1811
 1-4 NB =       274.8062  1-4 EEL =     -4483.4294  VDWAALS    =     23584.9364
 EELEC  =   -173519.1505  EHBOND  =         0.0000  RESTRAINT  =         0.0000
 ------------------------------------------------------------------------------


 NSTEP =     1250   TIME(PS) =      22.500  TEMP(K) =   218.82  PRESS =     0.0
 Etot   =   -134342.9545  EKtot   =     18153.8516  EPtot      =   -152496.8061
 BOND   =       194.4359  ANGLE   =       473.7342  DIHED      =       872.8087
 1-4 NB =       273.8599  1-4 EEL =     -4483.4579  VDWAALS    =     23297.9807
 EELEC  =   -173126.1677  EHBOND  =         0.0000  RESTRAINT  =         0.0000
 ------------------------------------------------------------------------------


 NSTEP =     1300   TIME(PS) =      22.600  TEMP(K) =   218.39  PRESS =     0.0
 Etot   =   -134137.8751  EKtot   =     18117.9648  EPtot      =   -152255.8400
 BOND   =       194.6452  ANGLE   =       471.3329  DIHED      =       879.9941
 1-4 NB =       281.2347  1-4 EEL =     -4530.2591  VDWAALS    =     23623.4474
 EELEC  =   -173176.2351  EHBOND  =         0.0000  RESTRAINT  =         0.0000
 ------------------------------------------------------------------------------


 NSTEP =     1350   TIME(PS) =      22.700  TEMP(K) =   218.49  PRESS =     0.0
 Etot   =   -133942.5528  EKtot   =     18126.5723  EPtot      =   -152069.1251
 BOND   =       220.1553  ANGLE   =       467.4259  DIHED      =       880.5773
 1-4 NB =       277.1863  1-4 EEL =     -4518.5530  VDWAALS    =     23535.7691
 EELEC  =   -172931.6860  EHBOND  =         0.0000  RESTRAINT  =         0.0000
 ------------------------------------------------------------------------------


 NSTEP =     1400   TIME(PS) =      22.800  TEMP(K) =   219.40  PRESS =     0.0
 Etot   =   -133748.2279  EKtot   =     18201.6641  EPtot      =   -151949.8920
 BOND   =       201.4372  ANGLE   =       462.9937  DIHED      =       892.8448
 1-4 NB =       271.3403  1-4 EEL =     -4525.8896  VDWAALS    =     23325.0357
 EELEC  =   -172577.6540  EHBOND  =         0.0000  RESTRAINT  =         0.0000
 ------------------------------------------------------------------------------


 NSTEP =     1450   TIME(PS) =      22.900  TEMP(K) =   220.70  PRESS =     0.0
 Etot   =   -133556.7766  EKtot   =     18309.2031  EPtot      =   -151865.9797
 BOND   =       196.9912  ANGLE   =       442.4182  DIHED      =       880.0667
 1-4 NB =       279.6405  1-4 EEL =     -4511.5179  VDWAALS    =     23301.5480
 EELEC  =   -172455.1264  EHBOND  =         0.0000  RESTRAINT  =         0.0000
 ------------------------------------------------------------------------------


 NSTEP =     1500   TIME(PS) =      23.000  TEMP(K) =   221.48  PRESS =     0.0
 Etot   =   -133365.8507  EKtot   =     18374.1328  EPtot      =   -151739.9836
 BOND   =       200.5992  ANGLE   =       465.1308  DIHED      =       890.0551
 1-4 NB =       274.9137  1-4 EEL =     -4499.0839  VDWAALS    =     23149.6726
 EELEC  =   -172221.2711  EHBOND  =         0.0000  RESTRAINT  =         0.0000
 ------------------------------------------------------------------------------


 NSTEP =     1550   TIME(PS) =      23.100  TEMP(K) =   223.42  PRESS =     0.0
 Etot   =   -133186.4955  EKtot   =     18535.4668  EPtot      =   -151721.9623
 BOND   =       185.6747  ANGLE   =       482.8481  DIHED      =       876.5483
 1-4 NB =       268.5331  1-4 EEL =     -4464.0811  VDWAALS    =     22944.0418
 EELEC  =   -172015.5271  EHBOND  =         0.0000  RESTRAINT  =         0.0000
 ------------------------------------------------------------------------------


 NSTEP =     1600   TIME(PS) =      23.200  TEMP(K) =   223.16  PRESS =     0.0
 Etot   =   -133008.0885  EKtot   =     18513.6992  EPtot      =   -151521.7878
 BOND   =       194.8682  ANGLE   =       450.6551  DIHED      =       882.2549
 1-4 NB =       276.9997  1-4 EEL =     -4486.0894  VDWAALS    =     23265.5042
 EELEC  =   -172105.9806  EHBOND  =         0.0000  RESTRAINT  =         0.0000
 ------------------------------------------------------------------------------


 NSTEP =     1650   TIME(PS) =      23.300  TEMP(K) =   224.10  PRESS =     0.0
 Etot   =   -132834.8192  EKtot   =     18591.6953  EPtot      =   -151426.5145
 BOND   =       207.6878  ANGLE   =       454.5916  DIHED      =       886.9999
 1-4 NB =       281.6673  1-4 EEL =     -4492.9298  VDWAALS    =     23191.4959
 EELEC  =   -171956.0271  EHBOND  =         0.0000  RESTRAINT  =         0.0000
 ------------------------------------------------------------------------------


 NSTEP =     1700   TIME(PS) =      23.400  TEMP(K) =   225.89  PRESS =     0.0
 Etot   =   -132663.1345  EKtot   =     18739.8613  EPtot      =   -151402.9958
 BOND   =       197.4600  ANGLE   =       473.2208  DIHED      =       878.9366
 1-4 NB =       266.9077  1-4 EEL =     -4486.8931  VDWAALS    =     23144.9486
 EELEC  =   -171877.5765  EHBOND  =         0.0000  RESTRAINT  =         0.0000
 ------------------------------------------------------------------------------


 NSTEP =     1750   TIME(PS) =      23.500  TEMP(K) =   224.46  PRESS =     0.0
 Etot   =   -132492.0809  EKtot   =     18621.6719  EPtot      =   -151113.7528
 BOND   =       223.4233  ANGLE   =       465.0491  DIHED      =       884.9021
 1-4 NB =       275.8312  1-4 EEL =     -4519.2100  VDWAALS    =     23119.2771
 EELEC  =   -171563.0255  EHBOND  =         0.0000  RESTRAINT  =         0.0000
 ------------------------------------------------------------------------------


 NSTEP =     1800   TIME(PS) =      23.600  TEMP(K) =   225.54  PRESS =     0.0
 Etot   =   -132326.3824  EKtot   =     18710.8164  EPtot      =   -151037.1988
 BOND   =       202.9698  ANGLE   =       478.1556  DIHED      =       888.7262
 1-4 NB =       274.9157  1-4 EEL =     -4495.6233  VDWAALS    =     23144.5736
 EELEC  =   -171530.9165  EHBOND  =         0.0000  RESTRAINT  =         0.0000
 ------------------------------------------------------------------------------


 NSTEP =     1850   TIME(PS) =      23.700  TEMP(K) =   226.58  PRESS =     0.0
 Etot   =   -132169.2019  EKtot   =     18797.1133  EPtot      =   -150966.3152
 BOND   =       204.7525  ANGLE   =       468.5675  DIHED      =       890.4528
 1-4 NB =       287.6052  1-4 EEL =     -4503.8716  VDWAALS    =     23186.1028
 EELEC  =   -171499.9245  EHBOND  =         0.0000  RESTRAINT  =         0.0000
 ------------------------------------------------------------------------------


 NSTEP =     1900   TIME(PS) =      23.800  TEMP(K) =   227.00  PRESS =     0.0
 Etot   =   -132011.8649  EKtot   =     18832.4121  EPtot      =   -150844.2770
 BOND   =       205.0479  ANGLE   =       469.7901  DIHED      =       882.4559
 1-4 NB =       282.0854  1-4 EEL =     -4498.9115  VDWAALS    =     23059.8847
 EELEC  =   -171244.6294  EHBOND  =         0.0000  RESTRAINT  =         0.0000
 ------------------------------------------------------------------------------


 NSTEP =     1950   TIME(PS) =      23.900  TEMP(K) =   227.29  PRESS =     0.0
 Etot   =   -131855.7941  EKtot   =     18856.6328  EPtot      =   -150712.4269
 BOND   =       200.7375  ANGLE   =       485.9957  DIHED      =       885.9761
 1-4 NB =       272.0148  1-4 EEL =     -4498.6560  VDWAALS    =     22984.8272
 EELEC  =   -171043.3221  EHBOND  =         0.0000  RESTRAINT  =         0.0000
 ------------------------------------------------------------------------------

check COM velocity, temp:        0.000002     0.00(Removed)

 NSTEP =     2000   TIME(PS) =      24.000  TEMP(K) =   229.37  PRESS =     0.0
 Etot   =   -131706.0377  EKtot   =     19028.6484  EPtot      =   -150734.6861
 BOND   =       198.9165  ANGLE   =       499.3391  DIHED      =       897.2253
 1-4 NB =       276.3884  1-4 EEL =     -4525.7578  VDWAALS    =     22558.8701
 EELEC  =   -170639.6677  EHBOND  =         0.0000  RESTRAINT  =         0.0000
 ------------------------------------------------------------------------------


 NSTEP =     2050   TIME(PS) =      24.100  TEMP(K) =   228.29  PRESS =     0.0
 Etot   =   -131557.8562  EKtot   =     18939.1836  EPtot      =   -150497.0398
 BOND   =       211.1477  ANGLE   =       475.7374  DIHED      =       897.6149
 1-4 NB =       275.6912  1-4 EEL =     -4500.8275  VDWAALS    =     22707.6875
 EELEC  =   -170564.0910  EHBOND  =         0.0000  RESTRAINT  =         0.0000
 ------------------------------------------------------------------------------


 NSTEP =     2100   TIME(PS) =      24.200  TEMP(K) =   229.00  PRESS =     0.0
 Etot   =   -131413.7282  EKtot   =     18998.4023  EPtot      =   -150412.1306
 BOND   =       217.8931  ANGLE   =       489.5308  DIHED      =       894.8920
 1-4 NB =       278.2784  1-4 EEL =     -4499.1502  VDWAALS    =     22599.7511
 EELEC  =   -170393.3259  EHBOND  =         0.0000  RESTRAINT  =         0.0000
 ------------------------------------------------------------------------------


 NSTEP =     2150   TIME(PS) =      24.300  TEMP(K) =   230.68  PRESS =     0.0
 Etot   =   -131274.9622  EKtot   =     19137.7969  EPtot      =   -150412.7591
 BOND   =       197.0684  ANGLE   =       471.9153  DIHED      =       888.2664
 1-4 NB =       278.0983  1-4 EEL =     -4466.7329  VDWAALS    =     22389.6044
 EELEC  =   -170170.9789  EHBOND  =         0.0000  RESTRAINT  =         0.0000
 ------------------------------------------------------------------------------


 NSTEP =     2200   TIME(PS) =      24.400  TEMP(K) =   228.86  PRESS =     0.0
 Etot   =   -131139.4742  EKtot   =     18986.4648  EPtot      =   -150125.9390
 BOND   =       196.8797  ANGLE   =       493.4016  DIHED      =       887.4451
 1-4 NB =       276.0916  1-4 EEL =     -4508.8596  VDWAALS    =     22524.5766
 EELEC  =   -169995.4741  EHBOND  =         0.0000  RESTRAINT  =         0.0000
 ------------------------------------------------------------------------------


 NSTEP =     2250   TIME(PS) =      24.500  TEMP(K) =   230.32  PRESS =     0.0
 Etot   =   -130999.6941  EKtot   =     19107.5859  EPtot      =   -150107.2800
 BOND   =       197.5567  ANGLE   =       496.1175  DIHED      =       886.2238
 1-4 NB =       280.0185  1-4 EEL =     -4493.3070  VDWAALS    =     22506.7194
 EELEC  =   -169980.6090  EHBOND  =         0.0000  RESTRAINT  =         0.0000
 ------------------------------------------------------------------------------


 NSTEP =     2300   TIME(PS) =      24.600  TEMP(K) =   230.91  PRESS =     0.0
 Etot   =   -130862.8665  EKtot   =     19156.6582  EPtot      =   -150019.5247
 BOND   =       215.7847  ANGLE   =       523.4195  DIHED      =       890.9616
 1-4 NB =       275.2889  1-4 EEL =     -4522.4603  VDWAALS    =     22358.8859
 EELEC  =   -169761.4049  EHBOND  =         0.0000  RESTRAINT  =         0.0000
 ------------------------------------------------------------------------------


 NSTEP =     2350   TIME(PS) =      24.700  TEMP(K) =   230.08  PRESS =     0.0
 Etot   =   -130729.0885  EKtot   =     19087.7207  EPtot      =   -149816.8092
 BOND   =       212.5834  ANGLE   =       510.8848  DIHED      =       902.7338
 1-4 NB =       269.2879  1-4 EEL =     -4551.4590  VDWAALS    =     22160.5756
 EELEC  =   -169321.4157  EHBOND  =         0.0000  RESTRAINT  =         0.0000
 ------------------------------------------------------------------------------


 NSTEP =     2400   TIME(PS) =      24.800  TEMP(K) =   232.01  PRESS =     0.0
 Etot   =   -130600.9051  EKtot   =     19247.6953  EPtot      =   -149848.6005
 BOND   =       211.3550  ANGLE   =       492.9357  DIHED      =       911.6881
 1-4 NB =       286.5166  1-4 EEL =     -4509.6686  VDWAALS    =     22336.0536
 EELEC  =   -169577.4809  EHBOND  =         0.0000  RESTRAINT  =         0.0000
 ------------------------------------------------------------------------------


 NSTEP =     2450   TIME(PS) =      24.900  TEMP(K) =   233.34  PRESS =     0.0
 Etot   =   -130476.9000  EKtot   =     19358.1406  EPtot      =   -149835.0406
 BOND   =       203.4283  ANGLE   =       463.4708  DIHED      =       892.2042
 1-4 NB =       281.6365  1-4 EEL =     -4472.0861  VDWAALS    =     22364.4570
 EELEC  =   -169568.1513  EHBOND  =         0.0000  RESTRAINT  =         0.0000
 ------------------------------------------------------------------------------


 NSTEP =     2500   TIME(PS) =      25.000  TEMP(K) =   233.17  PRESS =     0.0
 Etot   =   -130350.1917  EKtot   =     19344.4629  EPtot      =   -149694.6546
 BOND   =       215.0164  ANGLE   =       471.8389  DIHED      =       882.5596
 1-4 NB =       272.5277  1-4 EEL =     -4499.9649  VDWAALS    =     22061.4584
 EELEC  =   -169098.0906  EHBOND  =         0.0000  RESTRAINT  =         0.0000
 ------------------------------------------------------------------------------


 NSTEP =     2550   TIME(PS) =      25.100  TEMP(K) =   231.51  PRESS =     0.0
 Etot   =   -130227.0111  EKtot   =     19205.9727  EPtot      =   -149432.9838
 BOND   =       218.5018  ANGLE   =       485.4994  DIHED      =       894.4827
 1-4 NB =       285.9603  1-4 EEL =     -4526.5045  VDWAALS    =     22089.1820
 EELEC  =   -168880.1055  EHBOND  =         0.0000  RESTRAINT  =         0.0000
 ------------------------------------------------------------------------------


 NSTEP =     2600   TIME(PS) =      25.200  TEMP(K) =   232.31  PRESS =     0.0
 Etot   =   -130100.5805  EKtot   =     19272.7617  EPtot      =   -149373.3423
 BOND   =       215.7093  ANGLE   =       513.1985  DIHED      =       891.9299
 1-4 NB =       277.2064  1-4 EEL =     -4510.3615  VDWAALS    =     21928.3074
 EELEC  =   -168689.3323  EHBOND  =         0.0000  RESTRAINT  =         0.0000
 ------------------------------------------------------------------------------


 NSTEP =     2650   TIME(PS) =      25.300  TEMP(K) =   234.70  PRESS =     0.0
 Etot   =   -129980.1410  EKtot   =     19470.6875  EPtot      =   -149450.8285
 BOND   =       219.1816  ANGLE   =       495.0871  DIHED      =       896.2788
 1-4 NB =       271.8775  1-4 EEL =     -4490.5123  VDWAALS    =     22254.3470
 EELEC  =   -169097.0883  EHBOND  =         0.0000  RESTRAINT  =         0.0000
 ------------------------------------------------------------------------------


 NSTEP =     2700   TIME(PS) =      25.400  TEMP(K) =   232.83  PRESS =     0.0
 Etot   =   -129857.4491  EKtot   =     19316.0801  EPtot      =   -149173.5292
 BOND   =       219.8333  ANGLE   =       513.7817  DIHED      =       875.0381
 1-4 NB =       279.2563  1-4 EEL =     -4521.3247  VDWAALS    =     21762.5510
 EELEC  =   -168302.6649  EHBOND  =         0.0000  RESTRAINT  =         0.0000
 ------------------------------------------------------------------------------


 NSTEP =     2750   TIME(PS) =      25.500  TEMP(K) =   234.65  PRESS =     0.0
 Etot   =   -129740.9669  EKtot   =     19466.9531  EPtot      =   -149207.9200
 BOND   =       231.0922  ANGLE   =       523.0196  DIHED      =       875.5322
 1-4 NB =       277.8980  1-4 EEL =     -4552.2906  VDWAALS    =     22083.9418
 EELEC  =   -168647.1132  EHBOND  =         0.0000  RESTRAINT  =         0.0000
 ------------------------------------------------------------------------------


 NSTEP =     2800   TIME(PS) =      25.600  TEMP(K) =   234.19  PRESS =     0.0
 Etot   =   -129626.8553  EKtot   =     19428.4609  EPtot      =   -149055.3162
 BOND   =       220.3932  ANGLE   =       510.1915  DIHED      =       888.4922
 1-4 NB =       281.6370  1-4 EEL =     -4523.9800  VDWAALS    =     21997.5801
 EELEC  =   -168429.6303  EHBOND  =         0.0000  RESTRAINT  =         0.0000
 ------------------------------------------------------------------------------


 NSTEP =     2850   TIME(PS) =      25.700  TEMP(K) =   236.13  PRESS =     0.0
 Etot   =   -129521.2041  EKtot   =     19589.7402  EPtot      =   -149110.9443
 BOND   =       229.5697  ANGLE   =       484.8803  DIHED      =       896.8432
 1-4 NB =       280.9213  1-4 EEL =     -4510.3767  VDWAALS    =     21806.9747
 EELEC  =   -168299.7568  EHBOND  =         0.0000  RESTRAINT  =         0.0000
 ------------------------------------------------------------------------------


 NSTEP =     2900   TIME(PS) =      25.800  TEMP(K) =   234.73  PRESS =     0.0
 Etot   =   -129412.2225  EKtot   =     19473.5039  EPtot      =   -148885.7264
 BOND   =       219.7636  ANGLE   =       483.2705  DIHED      =       898.3256
 1-4 NB =       280.5549  1-4 EEL =     -4493.9520  VDWAALS    =     21821.7596
 EELEC  =   -168095.4485  EHBOND  =         0.0000  RESTRAINT  =         0.0000
 ------------------------------------------------------------------------------


 NSTEP =     2950   TIME(PS) =      25.900  TEMP(K) =   235.50  PRESS =     0.0
 Etot   =   -129298.8527  EKtot   =     19537.3477  EPtot      =   -148836.2004
 BOND   =       228.1973  ANGLE   =       497.1801  DIHED      =       905.4790
 1-4 NB =       269.5816  1-4 EEL =     -4518.5868  VDWAALS    =     21948.0023
 EELEC  =   -168166.0539  EHBOND  =         0.0000  RESTRAINT  =         0.0000
 ------------------------------------------------------------------------------

check COM velocity, temp:        0.000004     0.00(Removed)

 NSTEP =     3000   TIME(PS) =      26.000  TEMP(K) =   236.27  PRESS =     0.0
 Etot   =   -129192.9267  EKtot   =     19601.2383  EPtot      =   -148794.1649
 BOND   =       224.9629  ANGLE   =       501.6792  DIHED      =       894.2668
 1-4 NB =       268.7102  1-4 EEL =     -4507.5387  VDWAALS    =     21915.1309
 EELEC  =   -168091.3763  EHBOND  =         0.0000  RESTRAINT  =         0.0000
 ------------------------------------------------------------------------------


 NSTEP =     3050   TIME(PS) =      26.100  TEMP(K) =   236.31  PRESS =     0.0
 Etot   =   -129090.6305  EKtot   =     19604.4883  EPtot      =   -148695.1187
 BOND   =       221.0883  ANGLE   =       533.0686  DIHED      =       891.4461
 1-4 NB =       275.7142  1-4 EEL =     -4522.4272  VDWAALS    =     22038.8761
 EELEC  =   -168132.8848  EHBOND  =         0.0000  RESTRAINT  =         0.0000
 ------------------------------------------------------------------------------


 NSTEP =     3100   TIME(PS) =      26.200  TEMP(K) =   235.66  PRESS =     0.0
 Etot   =   -128990.9590  EKtot   =     19550.6699  EPtot      =   -148541.6289
 BOND   =       224.8687  ANGLE   =       501.2964  DIHED      =       890.3751
 1-4 NB =       283.4612  1-4 EEL =     -4524.0360  VDWAALS    =     21795.6623
 EELEC  =   -167713.2566  EHBOND  =         0.0000  RESTRAINT  =         0.0000
 ------------------------------------------------------------------------------


 NSTEP =     3150   TIME(PS) =      26.300  TEMP(K) =   235.85  PRESS =     0.0
 Etot   =   -128889.0890  EKtot   =     19566.8281  EPtot      =   -148455.9171
 BOND   =       228.4958  ANGLE   =       507.1016  DIHED      =       894.3262
 1-4 NB =       279.9587  1-4 EEL =     -4520.1632  VDWAALS    =     21717.4878
 EELEC  =   -167563.1240  EHBOND  =         0.0000  RESTRAINT  =         0.0000
 ------------------------------------------------------------------------------


 NSTEP =     3200   TIME(PS) =      26.400  TEMP(K) =   235.78  PRESS =     0.0
 Etot   =   -128786.6999  EKtot   =     19560.5312  EPtot      =   -148347.2311
 BOND   =       234.5046  ANGLE   =       495.4970  DIHED      =       890.0542
 1-4 NB =       271.8822  1-4 EEL =     -4509.1458  VDWAALS    =     21500.8521
 EELEC  =   -167230.8754  EHBOND  =         0.0000  RESTRAINT  =         0.0000
 ------------------------------------------------------------------------------


 NSTEP =     3250   TIME(PS) =      26.500  TEMP(K) =   239.35  PRESS =     0.0
 Etot   =   -128690.1001  EKtot   =     19856.8750  EPtot      =   -148546.9751
 BOND   =       214.6052  ANGLE   =       502.8585  DIHED      =       893.6333
 1-4 NB =       294.6430  1-4 EEL =     -4524.1103  VDWAALS    =     21488.9246
 EELEC  =   -167417.5294  EHBOND  =         0.0000  RESTRAINT  =         0.0000
 ------------------------------------------------------------------------------


 NSTEP =     3300   TIME(PS) =      26.600  TEMP(K) =   237.47  PRESS =     0.0
 Etot   =   -128590.4536  EKtot   =     19700.8594  EPtot      =   -148291.3129
 BOND   =       227.1521  ANGLE   =       526.5680  DIHED      =       886.7484
 1-4 NB =       272.6520  1-4 EEL =     -4538.0025  VDWAALS    =     21754.2524
 EELEC  =   -167420.6834  EHBOND  =         0.0000  RESTRAINT  =         0.0000
 ------------------------------------------------------------------------------


 NSTEP =     3350   TIME(PS) =      26.700  TEMP(K) =   239.00  PRESS =     0.0
 Etot   =   -128496.4954  EKtot   =     19827.3418  EPtot      =   -148323.8372
 BOND   =       213.1029  ANGLE   =       530.6533  DIHED      =       904.6598
 1-4 NB =       274.5846  1-4 EEL =     -4498.1182  VDWAALS    =     21631.0416
 EELEC  =   -167379.7611  EHBOND  =         0.0000  RESTRAINT  =         0.0000
 ------------------------------------------------------------------------------


 NSTEP =     3400   TIME(PS) =      26.800  TEMP(K) =   238.19  PRESS =     0.0
 Etot   =   -128399.3621  EKtot   =     19760.4297  EPtot      =   -148159.7918
 BOND   =       247.4721  ANGLE   =       506.2632  DIHED      =       908.6911
 1-4 NB =       293.6750  1-4 EEL =     -4522.7931  VDWAALS    =     21478.2558
 EELEC  =   -167071.3558  EHBOND  =         0.0000  RESTRAINT  =         0.0000
 ------------------------------------------------------------------------------


 NSTEP =     3450   TIME(PS) =      26.900  TEMP(K) =   238.87  PRESS =     0.0
 Etot   =   -128305.6530  EKtot   =     19816.9648  EPtot      =   -148122.6178
 BOND   =       247.0700  ANGLE   =       499.6739  DIHED      =       881.9403
 1-4 NB =       281.0685  1-4 EEL =     -4532.8669  VDWAALS    =     21319.0685
 EELEC  =   -166818.5720  EHBOND  =         0.0000  RESTRAINT  =         0.0000
 ------------------------------------------------------------------------------


 NSTEP =     3500   TIME(PS) =      27.000  TEMP(K) =   238.85  PRESS =     0.0
 Etot   =   -128213.5122  EKtot   =     19815.6250  EPtot      =   -148029.1372
 BOND   =       232.9382  ANGLE   =       501.4576  DIHED      =       900.1745
 1-4 NB =       283.7959  1-4 EEL =     -4509.4017  VDWAALS    =     21594.3214
 EELEC  =   -167032.4230  EHBOND  =         0.0000  RESTRAINT  =         0.0000
 ------------------------------------------------------------------------------


 NSTEP =     3550   TIME(PS) =      27.100  TEMP(K) =   240.46  PRESS =     0.0
 Etot   =   -128130.1174  EKtot   =     19948.8945  EPtot      =   -148079.0119
 BOND   =       235.7222  ANGLE   =       482.0617  DIHED      =       894.1309
 1-4 NB =       283.0186  1-4 EEL =     -4530.0223  VDWAALS    =     21686.8646
 EELEC  =   -167130.7877  EHBOND  =         0.0000  RESTRAINT  =         0.0000
 ------------------------------------------------------------------------------


 NSTEP =     3600   TIME(PS) =      27.200  TEMP(K) =   240.22  PRESS =     0.0
 Etot   =   -128051.6118  EKtot   =     19928.7305  EPtot      =   -147980.3423
 BOND   =       237.5260  ANGLE   =       526.7093  DIHED      =       889.8381
 1-4 NB =       282.9759  1-4 EEL =     -4538.8409  VDWAALS    =     21508.3173
 EELEC  =   -166886.8681  EHBOND  =         0.0000  RESTRAINT  =         0.0000
 ------------------------------------------------------------------------------


 NSTEP =     3650   TIME(PS) =      27.300  TEMP(K) =   240.08  PRESS =     0.0
 Etot   =   -127966.4100  EKtot   =     19917.6582  EPtot      =   -147884.0682
 BOND   =       237.4437  ANGLE   =       509.7437  DIHED      =       894.3879
 1-4 NB =       279.0022  1-4 EEL =     -4506.9432  VDWAALS    =     21366.0819
 EELEC  =   -166663.7845  EHBOND  =         0.0000  RESTRAINT  =         0.0000
 ------------------------------------------------------------------------------


 NSTEP =     3700   TIME(PS) =      27.400  TEMP(K) =   240.57  PRESS =     0.0
 Etot   =   -127885.1489  EKtot   =     19957.5859  EPtot      =   -147842.7348
 BOND   =       226.5138  ANGLE   =       507.1740  DIHED      =       902.8946
 1-4 NB =       276.4254  1-4 EEL =     -4495.4681  VDWAALS    =     21314.7724
 EELEC  =   -166575.0468  EHBOND  =         0.0000  RESTRAINT  =         0.0000
 ------------------------------------------------------------------------------


 NSTEP =     3750   TIME(PS) =      27.500  TEMP(K) =   243.54  PRESS =     0.0
 Etot   =   -127812.0771  EKtot   =     20204.4414  EPtot      =   -148016.5185
 BOND   =       221.5181  ANGLE   =       501.4611  DIHED      =       909.2780
 1-4 NB =       286.9553  1-4 EEL =     -4485.2173  VDWAALS    =     21715.0280
 EELEC  =   -167165.5418  EHBOND  =         0.0000  RESTRAINT  =         0.0000
 ------------------------------------------------------------------------------


 NSTEP =     3800   TIME(PS) =      27.600  TEMP(K) =   241.91  PRESS =     0.0
 Etot   =   -127737.1137  EKtot   =     20068.8535  EPtot      =   -147805.9672
 BOND   =       238.9458  ANGLE   =       553.5919  DIHED      =       915.9248
 1-4 NB =       279.6656  1-4 EEL =     -4538.9815  VDWAALS    =     21727.0298
 EELEC  =   -166982.1438  EHBOND  =         0.0000  RESTRAINT  =         0.0000
 ------------------------------------------------------------------------------


 NSTEP =     3850   TIME(PS) =      27.700  TEMP(K) =   240.08  PRESS =     0.0
 Etot   =   -127657.4265  EKtot   =     19917.6562  EPtot      =   -147575.0828
 BOND   =       233.4774  ANGLE   =       530.5498  DIHED      =       907.4747
 1-4 NB =       276.8214  1-4 EEL =     -4537.4660  VDWAALS    =     21240.2203
 EELEC  =   -166226.1604  EHBOND  =         0.0000  RESTRAINT  =         0.0000
 ------------------------------------------------------------------------------


 NSTEP =     3900   TIME(PS) =      27.800  TEMP(K) =   242.96  PRESS =     0.0
 Etot   =   -127579.8041  EKtot   =     20156.2188  EPtot      =   -147736.0229
 BOND   =       222.0619  ANGLE   =       508.2685  DIHED      =       903.5918
 1-4 NB =       291.0637  1-4 EEL =     -4507.7969  VDWAALS    =     21286.3186
 EELEC  =   -166439.5305  EHBOND  =         0.0000  RESTRAINT  =         0.0000
 ------------------------------------------------------------------------------


 NSTEP =     3950   TIME(PS) =      27.900  TEMP(K) =   240.95  PRESS =     0.0
 Etot   =   -127502.8353  EKtot   =     19989.4023  EPtot      =   -147492.2376
 BOND   =       225.2808  ANGLE   =       522.3430  DIHED      =       910.2235
 1-4 NB =       276.0096  1-4 EEL =     -4512.8141  VDWAALS    =     21207.0528
 EELEC  =   -166120.3332  EHBOND  =         0.0000  RESTRAINT  =         0.0000
 ------------------------------------------------------------------------------

check COM velocity, temp:        0.000002     0.00(Removed)

 NSTEP =     4000   TIME(PS) =      28.000  TEMP(K) =   241.38  PRESS =     0.0
 Etot   =   -127423.8926  EKtot   =     20025.3262  EPtot      =   -147449.2188
 BOND   =       244.6911  ANGLE   =       493.8270  DIHED      =       905.4862
 1-4 NB =       280.9071  1-4 EEL =     -4505.9672  VDWAALS    =     20919.4928
 EELEC  =   -165787.6558  EHBOND  =         0.0000  RESTRAINT  =         0.0000
 ------------------------------------------------------------------------------


      A V E R A G E S   O V E R      80 S T E P S


 NSTEP =     4000   TIME(PS) =      28.000  TEMP(K) =   223.95  PRESS =     0.0
 Etot   =   -132467.1212  EKtot   =     18578.7822  EPtot      =   -151045.9035
 BOND   =       205.1497  ANGLE   =       476.0997  DIHED      =       890.3902
 1-4 NB =       278.2172  1-4 EEL =     -4506.0655  VDWAALS    =     22831.8483
 EELEC  =   -171221.5430  EHBOND  =         0.0000  RESTRAINT  =         0.0000
 ------------------------------------------------------------------------------


      R M S  F L U C T U A T I O N S


 NSTEP =     4000   TIME(PS) =      28.000  TEMP(K) =    14.84  PRESS =     0.0
 Etot   =      3835.6850  EKtot   =      1231.1306  EPtot      =      2611.7909
 BOND   =        23.3714  ANGLE   =        34.7573  DIHED      =         9.7675
 1-4 NB =         5.8705  1-4 EEL =        20.7986  VDWAALS    =      1126.2086
 EELEC  =      3677.7221  EHBOND  =         0.0000  RESTRAINT  =         0.0000
 ------------------------------------------------------------------------------

--------------------------------------------------------------------------------
   5.  TIMINGS
--------------------------------------------------------------------------------

|  NonSetup CPU Time in Major Routines:
|
|     Routine           Sec        %
|     ------------------------------
|     Nonbond           2.11   11.24
|     Bond              0.00    0.00
|     Angle             0.00    0.00
|     Dihedral          0.00    0.00
|     Shake             0.04    0.20
|     RunMD            16.61   88.48
|     Other             0.01    0.08
|     ------------------------------
|     Total            18.77

|  PME Nonbond Pairlist CPU Time:
|
|     Routine              Sec        %
|     ---------------------------------
|     Set Up Cit           0.00    0.00
|     Build List           0.00    0.00
|     ---------------------------------
|     Total                0.00    0.00

|  PME Direct Force CPU Time:
|
|     Routine              Sec        %
|     ---------------------------------
|     NonBonded Calc       0.00    0.00
|     Exclude Masked       0.00    0.00
|     Other                0.01    0.05
|     ---------------------------------
|     Total                0.01    0.05

|  PME Reciprocal Force CPU Time:
|
|     Routine              Sec        %
|     ---------------------------------
|     1D bspline           0.00    0.00
|     Grid Charges         0.00    0.00
|     Scalar Sum           0.00    0.00
|     Gradient Sum         0.00    0.00
|     FFT                  0.00    0.00
|     ---------------------------------
|     Total                0.00    0.00

|  Final Performance Info:
|     -----------------------------------------------------
|     Average timings for last    3950 steps:
|     Elapsed(s) =      18.52 Per Step(ms) =       4.69
|         ns/day =      36.85   seconds/ns =    2344.56
|
|     Average timings for all steps:
|     Elapsed(s) =      18.76 Per Step(ms) =       4.69
|         ns/day =      36.84   seconds/ns =    2345.31
|     -----------------------------------------------------

|  Setup CPU time:            1.01 seconds
|  NonSetup CPU time:        18.77 seconds
|  Total CPU time:           19.78 seconds     0.01 hours

|  Setup wall time:           1    seconds
|  NonSetup wall time:       19    seconds
|  Total wall time:          20    seconds     0.01 hours
