
          -------------------------------------------------------
          Amber 16 PMEMD                              2016
          -------------------------------------------------------

| PMEMD implementation of SANDER, Release 16

| Run on 08/12/2020 at 19:56:15

|   Executable path: pmemd.cuda
| Working directory: /home/kyq/T7RNADNA/7/LT7
|          Hostname: gpu01

  [-O]verwriting output

File Assignments:
|   MDIN: heat2.in                                                              
|  MDOUT: cmp_heat2.out                                                         
| INPCRD: cmp_heat1.rst                                                         
|   PARM: cmp.prmtop                                                            
| RESTRT: cmp_heat2.rst                                                         
|   REFC: cmp.inpcrd                                                            
|  MDVEL: mdvel                                                                 
|   MDEN: mden                                                                  
|  MDCRD: cmp_heat2.mdcrd                                                       
| MDINFO: mdinfo                                                                
|  MDFRC: mdfrc                                                                 

 
 Here is the input file:
 
Stage 1 heating 1 5ps 0-100K                                                   
 &cntrl                                                                        
  imin=0, irest=1,ntx=5,                                                       
  nstlim=2500, dt=0.002,                                                       
  ntc=2, ntf=2,                                                                
  ntt=1, tautp=1.5,                                                            
  tempi=50.0, temp0=100.0,                                                     
  ntpr=50, ntwx=50,                                                            
  ntb=1,                                                                       
  cut=10,                                                                      
  /                                                                            


Note: ig = -1. Setting random seed to   366509 based on wallclock time in 
      microseconds.
 
|--------------------- INFORMATION ----------------------
| GPU (CUDA) Version of PMEMD in use: NVIDIA GPU IN USE.
|                    Version 16.0.0
| 
|                      02/25/2016
| 
| Implementation by:
|                    Ross C. Walker     (SDSC)
|                    Scott Le Grand     (nVIDIA)
| 
| Precision model in use:
|      [SPFP] - Single Precision Forces, 64-bit Fixed Point
|               Accumulation. (Default)
| 
|--------------------------------------------------------
 
|----------------- CITATION INFORMATION -----------------
|
|    When publishing work that utilized the CUDA version
|    of AMBER, please cite the following in addition to
|    the regular AMBER citations:
|
|  - Romelia Salomon-Ferrer; Andreas W. Goetz; Duncan
|    Poole; Scott Le Grand; Ross C. Walker "Routine
|    microsecond molecular dynamics simulations with
|    AMBER - Part II: Particle Mesh Ewald", J. Chem.
|    Theory Comput., 2013, 9 (9), pp3878-3888,
|    DOI: 10.1021/ct400314y.
|
|  - Andreas W. Goetz; Mark J. Williamson; Dong Xu;
|    Duncan Poole; Scott Le Grand; Ross C. Walker
|    "Routine microsecond molecular dynamics simulations
|    with AMBER - Part I: Generalized Born", J. Chem.
|    Theory Comput., 2012, 8 (5), pp1542-1555.
|
|  - Scott Le Grand; Andreas W. Goetz; Ross C. Walker
|    "SPFP: Speed without compromise - a mixed precision
|    model for GPU accelerated molecular dynamics
|    simulations.", Comp. Phys. Comm., 2013, 184
|    pp374-380, DOI: 10.1016/j.cpc.2012.09.022
|
|--------------------------------------------------------
 
|------------------- GPU DEVICE INFO --------------------
|
|            CUDA_VISIBLE_DEVICES: 0
|   CUDA Capable Devices Detected:      1
|           CUDA Device ID in use:      0
|                CUDA Device Name: Tesla P100-PCIE-16GB
|     CUDA Device Global Mem Size:  16276 MB
| CUDA Device Num Multiprocessors:     56
|           CUDA Device Core Freq:   1.33 GHz
|
|--------------------------------------------------------
 
 
| Conditional Compilation Defines Used:
| PUBFFT
| BINTRAJ
| CUDA
| EMIL
 
| Largest sphere to fit in unit cell has radius =    32.620

| New format PARM file being parsed.
| Version =    1.000 Date = 08/12/20 Time = 19:47:32

| Note: 1-4 EEL scale factors are being read from the topology file.

| Note: 1-4 VDW scale factors are being read from the topology file.
| Duplicated    0 dihedrals

| Duplicated    0 dihedrals

--------------------------------------------------------------------------------
   1.  RESOURCE   USE: 
--------------------------------------------------------------------------------

 getting box info from netcdf restart file
 NATOM  =   34785 NTYPES =      18 NBONH =   34062 MBONA  =     774
 NTHETH =     907 MTHETA =    1191 NPHIH =    1834 MPHIA  =    2469
 NHPARM =       0 NPARM  =       0 NNB   =   50916 NRES   =   11292
 NBONA  =     774 NTHETA =    1191 NPHIA =    2469 NUMBND =      61
 NUMANG =     127 NPTRA  =      75 NATYP =      34 NPHB   =       1
 IFBOX  =       2 NMXRS  =      33 IFCAP =       0 NEXTRA =       0
 NCOPY  =       0

| Coordinate Index Table dimensions:    12   12   12
| Direct force subcell size =     6.6586    6.6586    6.6586

     BOX TYPE: TRUNCATED OCTAHEDRON

--------------------------------------------------------------------------------
   2.  CONTROL  DATA  FOR  THE  RUN
--------------------------------------------------------------------------------

default_name                                                                    

General flags:
     imin    =       0, nmropt  =       0

Nature and format of input:
     ntx     =       5, irest   =       1, ntrx    =       1

Nature and format of output:
     ntxo    =       2, ntpr    =      50, ntrx    =       1, ntwr    =    2500
     iwrap   =       0, ntwx    =      50, ntwv    =       0, ntwe    =       0
     ioutfm  =       1, ntwprt  =       0, idecomp =       0, rbornstat=      0

Potential function:
     ntf     =       2, ntb     =       1, igb     =       0, nsnb    =      25
     ipol    =       0, gbsa    =       0, iesp    =       0
     dielc   =   1.00000, cut     =  10.00000, intdiel =   1.00000

Frozen or restrained atoms:
     ibelly  =       0, ntr     =       0

Molecular dynamics:
     nstlim  =      2500, nscm    =      1000, nrespa  =         1
     t       =   0.00000, dt      =   0.00200, vlimit  =  -1.00000

Berendsen (weak-coupling) temperature regulation:
     temp0   = 100.00000, tempi   =  50.00000, tautp   =   1.50000

SHAKE:
     ntc     =       2, jfastw  =       0
     tol     =   0.00001

| Intermolecular bonds treatment:
|     no_intermolecular_bonds =       1

| Energy averages sample interval:
|     ene_avg_sampling =      50

Ewald parameters:
     verbose =       0, ew_type =       0, nbflag  =       1, use_pme =       1
     vdwmeth =       1, eedmeth =       1, netfrc  =       1
     Box X =   79.903   Box Y =   79.903   Box Z =   79.903
     Alpha =  109.471   Beta  =  109.471   Gamma =  109.471
     NFFT1 =   80       NFFT2 =   80       NFFT3 =   80
     Cutoff=   10.000   Tol   =0.100E-04
     Ewald Coefficient =  0.27511
     Interpolation order =    4

--------------------------------------------------------------------------------
   3.  ATOMIC COORDINATES AND VELOCITIES
--------------------------------------------------------------------------------

default_name                                                                    
 begin time read from input coords =     5.000 ps

 
 Number of triangulated 3-point waters found:    11226

     Sum of charges from parm topology file =   0.00000019
     Forcing neutrality...

| Dynamic Memory, Types Used:
| Reals             1014948
| Integers           840802

| Nonbonded Pairs Initial Allocation:    10521592

| GPU memory information (estimate):
| KB of GPU memory in use:    166253
| KB of CPU memory in use:     55121

--------------------------------------------------------------------------------
   4.  RESULTS
--------------------------------------------------------------------------------

 ---------------------------------------------------
 APPROXIMATING switch and d/dx switch using CUBIC SPLINE INTERPOLATION
 using   5000.0 points per unit in tabled values
 TESTING RELATIVE ERROR over r ranging from 0.0 to cutoff
| CHECK switch(x): max rel err =   0.3316E-14   at   2.351880
| CHECK d/dx switch(x): max rel err =   0.8066E-11   at   2.747240
 ---------------------------------------------------
|---------------------------------------------------
| APPROXIMATING direct energy using CUBIC SPLINE INTERPOLATION
|  with   50.0 points per unit in tabled values
| Relative Error Limit not exceeded for r .gt.   2.34
| APPROXIMATING direct force using CUBIC SPLINE INTERPOLATION
|  with   50.0 points per unit in tabled values
| Relative Error Limit not exceeded for r .gt.   2.81
|---------------------------------------------------

 NSTEP =       50   TIME(PS) =       5.100  TEMP(K) =    49.63  PRESS =     0.0
 Etot   =   -138205.7534  EKtot   =      3466.1768  EPtot      =   -141671.9301
 BOND   =        55.1066  ANGLE   =       193.5118  DIHED      =       978.5909
 1-4 NB =       263.8103  1-4 EEL =     -3765.3234  VDWAALS    =     23495.0102
 EELEC  =   -162892.6365  EHBOND  =         0.0000  RESTRAINT  =         0.0000
 ------------------------------------------------------------------------------


 NSTEP =      100   TIME(PS) =       5.200  TEMP(K) =    50.93  PRESS =     0.0
 Etot   =   -137974.8862  EKtot   =      3557.1235  EPtot      =   -141532.0098
 BOND   =        57.5000  ANGLE   =       193.9459  DIHED      =       977.1332
 1-4 NB =       262.1194  1-4 EEL =     -3765.2102  VDWAALS    =     23511.7545
 EELEC  =   -162769.2526  EHBOND  =         0.0000  RESTRAINT  =         0.0000
 ------------------------------------------------------------------------------


 NSTEP =      150   TIME(PS) =       5.300  TEMP(K) =    52.46  PRESS =     0.0
 Etot   =   -137750.7614  EKtot   =      3663.6118  EPtot      =   -141414.3732
 BOND   =        58.3225  ANGLE   =       184.0995  DIHED      =       983.2040
 1-4 NB =       261.0178  1-4 EEL =     -3753.0499  VDWAALS    =     23354.4935
 EELEC  =   -162502.4605  EHBOND  =         0.0000  RESTRAINT  =         0.0000
 ------------------------------------------------------------------------------


 NSTEP =      200   TIME(PS) =       5.400  TEMP(K) =    54.47  PRESS =     0.0
 Etot   =   -137535.7855  EKtot   =      3804.1570  EPtot      =   -141339.9425
 BOND   =        54.9602  ANGLE   =       189.6327  DIHED      =       981.4062
 1-4 NB =       259.0863  1-4 EEL =     -3747.3004  VDWAALS    =     23404.7698
 EELEC  =   -162482.4972  EHBOND  =         0.0000  RESTRAINT  =         0.0000
 ------------------------------------------------------------------------------


 NSTEP =      250   TIME(PS) =       5.500  TEMP(K) =    56.14  PRESS =     0.0
 Etot   =   -137328.6334  EKtot   =      3920.9116  EPtot      =   -141249.5450
 BOND   =        56.4340  ANGLE   =       186.5678  DIHED      =       986.7647
 1-4 NB =       263.7493  1-4 EEL =     -3752.4031  VDWAALS    =     23283.3114
 EELEC  =   -162273.9690  EHBOND  =         0.0000  RESTRAINT  =         0.0000
 ------------------------------------------------------------------------------


 NSTEP =      300   TIME(PS) =       5.600  TEMP(K) =    57.73  PRESS =     0.0
 Etot   =   -137127.5489  EKtot   =      4032.0762  EPtot      =   -141159.6250
 BOND   =        56.3963  ANGLE   =       186.6408  DIHED      =       984.6187
 1-4 NB =       264.2223  1-4 EEL =     -3753.6710  VDWAALS    =     23458.4368
 EELEC  =   -162356.2691  EHBOND  =         0.0000  RESTRAINT  =         0.0000
 ------------------------------------------------------------------------------


 NSTEP =      350   TIME(PS) =       5.700  TEMP(K) =    58.95  PRESS =     0.0
 Etot   =   -136932.9761  EKtot   =      4117.0020  EPtot      =   -141049.9781
 BOND   =        59.0554  ANGLE   =       192.2510  DIHED      =       986.5571
 1-4 NB =       260.4722  1-4 EEL =     -3750.0016  VDWAALS    =     23483.1179
 EELEC  =   -162281.4300  EHBOND  =         0.0000  RESTRAINT  =         0.0000
 ------------------------------------------------------------------------------


 NSTEP =      400   TIME(PS) =       5.800  TEMP(K) =    60.25  PRESS =     0.0
 Etot   =   -136745.6077  EKtot   =      4207.5518  EPtot      =   -140953.1595
 BOND   =        60.2383  ANGLE   =       202.9801  DIHED      =       982.6894
 1-4 NB =       260.9131  1-4 EEL =     -3761.1231  VDWAALS    =     23377.6763
 EELEC  =   -162076.5336  EHBOND  =         0.0000  RESTRAINT  =         0.0000
 ------------------------------------------------------------------------------


 NSTEP =      450   TIME(PS) =       5.900  TEMP(K) =    61.59  PRESS =     0.0
 Etot   =   -136564.7853  EKtot   =      4301.7275  EPtot      =   -140866.5129
 BOND   =        61.6024  ANGLE   =       195.7636  DIHED      =       980.7799
 1-4 NB =       258.4933  1-4 EEL =     -3755.7206  VDWAALS    =     23344.5467
 EELEC  =   -161951.9782  EHBOND  =         0.0000  RESTRAINT  =         0.0000
 ------------------------------------------------------------------------------


 NSTEP =      500   TIME(PS) =       6.000  TEMP(K) =    62.94  PRESS =     0.0
 Etot   =   -136389.7364  EKtot   =      4395.8691  EPtot      =   -140785.6055
 BOND   =        63.5072  ANGLE   =       203.0659  DIHED      =       989.0945
 1-4 NB =       265.3534  1-4 EEL =     -3782.3023  VDWAALS    =     23448.0262
 EELEC  =   -161972.3504  EHBOND  =         0.0000  RESTRAINT  =         0.0000
 ------------------------------------------------------------------------------


 NSTEP =      550   TIME(PS) =       6.100  TEMP(K) =    64.59  PRESS =     0.0
 Etot   =   -136221.8632  EKtot   =      4511.0771  EPtot      =   -140732.9403
 BOND   =        59.6131  ANGLE   =       190.1759  DIHED      =       988.0207
 1-4 NB =       258.5236  1-4 EEL =     -3752.7098  VDWAALS    =     23451.2333
 EELEC  =   -161927.7971  EHBOND  =         0.0000  RESTRAINT  =         0.0000
 ------------------------------------------------------------------------------


 NSTEP =      600   TIME(PS) =       6.200  TEMP(K) =    65.54  PRESS =     0.0
 Etot   =   -136058.3034  EKtot   =      4577.4058  EPtot      =   -140635.7091
 BOND   =        60.6468  ANGLE   =       203.6828  DIHED      =       981.3264
 1-4 NB =       260.3962  1-4 EEL =     -3759.5909  VDWAALS    =     23250.1063
 EELEC  =   -161632.2768  EHBOND  =         0.0000  RESTRAINT  =         0.0000
 ------------------------------------------------------------------------------


 NSTEP =      650   TIME(PS) =       6.300  TEMP(K) =    66.41  PRESS =     0.0
 Etot   =   -135901.6033  EKtot   =      4637.9819  EPtot      =   -140539.5853
 BOND   =        61.3201  ANGLE   =       195.5644  DIHED      =       979.5678
 1-4 NB =       262.0926  1-4 EEL =     -3764.5495  VDWAALS    =     23327.4653
 EELEC  =   -161601.0460  EHBOND  =         0.0000  RESTRAINT  =         0.0000
 ------------------------------------------------------------------------------


 NSTEP =      700   TIME(PS) =       6.400  TEMP(K) =    68.08  PRESS =     0.0
 Etot   =   -135749.4116  EKtot   =      4754.9292  EPtot      =   -140504.3408
 BOND   =        58.3160  ANGLE   =       197.9927  DIHED      =       990.7480
 1-4 NB =       266.3882  1-4 EEL =     -3764.8659  VDWAALS    =     23287.7106
 EELEC  =   -161540.6303  EHBOND  =         0.0000  RESTRAINT  =         0.0000
 ------------------------------------------------------------------------------


 NSTEP =      750   TIME(PS) =       6.500  TEMP(K) =    69.56  PRESS =     0.0
 Etot   =   -135605.2543  EKtot   =      4858.1348  EPtot      =   -140463.3891
 BOND   =        61.4853  ANGLE   =       208.5119  DIHED      =       980.4041
 1-4 NB =       266.7421  1-4 EEL =     -3768.8621  VDWAALS    =     23269.9445
 EELEC  =   -161481.6149  EHBOND  =         0.0000  RESTRAINT  =         0.0000
 ------------------------------------------------------------------------------


 NSTEP =      800   TIME(PS) =       6.600  TEMP(K) =    70.21  PRESS =     0.0
 Etot   =   -135463.8821  EKtot   =      4903.3691  EPtot      =   -140367.2512
 BOND   =        65.8724  ANGLE   =       199.7570  DIHED      =       982.3254
 1-4 NB =       266.1638  1-4 EEL =     -3768.7441  VDWAALS    =     23276.6450
 EELEC  =   -161389.2707  EHBOND  =         0.0000  RESTRAINT  =         0.0000
 ------------------------------------------------------------------------------


 NSTEP =      850   TIME(PS) =       6.700  TEMP(K) =    71.42  PRESS =     0.0
 Etot   =   -135326.8581  EKtot   =      4988.1182  EPtot      =   -140314.9762
 BOND   =        64.9803  ANGLE   =       200.7929  DIHED      =       989.6426
 1-4 NB =       262.0729  1-4 EEL =     -3778.9590  VDWAALS    =     23186.4335
 EELEC  =   -161239.9394  EHBOND  =         0.0000  RESTRAINT  =         0.0000
 ------------------------------------------------------------------------------


 NSTEP =      900   TIME(PS) =       6.800  TEMP(K) =    71.90  PRESS =     0.0
 Etot   =   -135195.5216  EKtot   =      5021.8105  EPtot      =   -140217.3321
 BOND   =        63.1722  ANGLE   =       206.6011  DIHED      =       987.5269
 1-4 NB =       259.8349  1-4 EEL =     -3769.1091  VDWAALS    =     23159.5212
 EELEC  =   -161124.8793  EHBOND  =         0.0000  RESTRAINT  =         0.0000
 ------------------------------------------------------------------------------


 NSTEP =      950   TIME(PS) =       6.900  TEMP(K) =    72.67  PRESS =     0.0
 Etot   =   -135066.7210  EKtot   =      5075.5298  EPtot      =   -140142.2508
 BOND   =        62.7921  ANGLE   =       207.9411  DIHED      =       990.9896
 1-4 NB =       266.9482  1-4 EEL =     -3776.0793  VDWAALS    =     23295.6067
 EELEC  =   -161190.4492  EHBOND  =         0.0000  RESTRAINT  =         0.0000
 ------------------------------------------------------------------------------

check COM velocity, temp:        0.000023     0.00(Removed)

 NSTEP =     1000   TIME(PS) =       7.000  TEMP(K) =    73.88  PRESS =     0.0
 Etot   =   -134944.6392  EKtot   =      5160.0718  EPtot      =   -140104.7110
 BOND   =        64.3378  ANGLE   =       201.4360  DIHED      =       991.3792
 1-4 NB =       264.1672  1-4 EEL =     -3754.3855  VDWAALS    =     23310.7284
 EELEC  =   -161182.3740  EHBOND  =         0.0000  RESTRAINT  =         0.0000
 ------------------------------------------------------------------------------


 NSTEP =     1050   TIME(PS) =       7.100  TEMP(K) =    75.13  PRESS =     0.0
 Etot   =   -134827.0084  EKtot   =      5247.1504  EPtot      =   -140074.1588
 BOND   =        63.2733  ANGLE   =       207.5236  DIHED      =       985.5727
 1-4 NB =       260.6956  1-4 EEL =     -3759.9573  VDWAALS    =     23366.4869
 EELEC  =   -161197.7536  EHBOND  =         0.0000  RESTRAINT  =         0.0000
 ------------------------------------------------------------------------------


 NSTEP =     1100   TIME(PS) =       7.200  TEMP(K) =    75.92  PRESS =     0.0
 Etot   =   -134713.7878  EKtot   =      5302.1318  EPtot      =   -140015.9197
 BOND   =        66.0822  ANGLE   =       214.4430  DIHED      =       979.3868
 1-4 NB =       266.0501  1-4 EEL =     -3765.0608  VDWAALS    =     23133.3865
 EELEC  =   -160910.2074  EHBOND  =         0.0000  RESTRAINT  =         0.0000
 ------------------------------------------------------------------------------


 NSTEP =     1150   TIME(PS) =       7.300  TEMP(K) =    76.19  PRESS =     0.0
 Etot   =   -134602.7933  EKtot   =      5321.4194  EPtot      =   -139924.2127
 BOND   =        59.7148  ANGLE   =       200.5099  DIHED      =       990.5964
 1-4 NB =       263.5946  1-4 EEL =     -3761.7713  VDWAALS    =     23061.1302
 EELEC  =   -160737.9873  EHBOND  =         0.0000  RESTRAINT  =         0.0000
 ------------------------------------------------------------------------------


 NSTEP =     1200   TIME(PS) =       7.400  TEMP(K) =    77.12  PRESS =     0.0
 Etot   =   -134494.9051  EKtot   =      5386.2168  EPtot      =   -139881.1219
 BOND   =        63.3939  ANGLE   =       209.4166  DIHED      =       991.0764
 1-4 NB =       263.4273  1-4 EEL =     -3753.9622  VDWAALS    =     23043.8491
 EELEC  =   -160698.3231  EHBOND  =         0.0000  RESTRAINT  =         0.0000
 ------------------------------------------------------------------------------


 NSTEP =     1250   TIME(PS) =       7.500  TEMP(K) =    78.25  PRESS =     0.0
 Etot   =   -134391.8133  EKtot   =      5465.2783  EPtot      =   -139857.0916
 BOND   =        65.8017  ANGLE   =       211.7844  DIHED      =       981.6723
 1-4 NB =       263.5995  1-4 EEL =     -3763.4090  VDWAALS    =     23108.8721
 EELEC  =   -160725.4125  EHBOND  =         0.0000  RESTRAINT  =         0.0000
 ------------------------------------------------------------------------------


 NSTEP =     1300   TIME(PS) =       7.600  TEMP(K) =    79.60  PRESS =     0.0
 Etot   =   -134293.6626  EKtot   =      5559.5029  EPtot      =   -139853.1655
 BOND   =        68.6517  ANGLE   =       215.6602  DIHED      =       985.1466
 1-4 NB =       263.2290  1-4 EEL =     -3769.4949  VDWAALS    =     23094.7859
 EELEC  =   -160711.1441  EHBOND  =         0.0000  RESTRAINT  =         0.0000
 ------------------------------------------------------------------------------


 NSTEP =     1350   TIME(PS) =       7.700  TEMP(K) =    79.62  PRESS =     0.0
 Etot   =   -134200.0539  EKtot   =      5560.3945  EPtot      =   -139760.4484
 BOND   =        65.8882  ANGLE   =       204.6723  DIHED      =       989.1650
 1-4 NB =       264.3133  1-4 EEL =     -3763.4763  VDWAALS    =     23061.7391
 EELEC  =   -160582.7501  EHBOND  =         0.0000  RESTRAINT  =         0.0000
 ------------------------------------------------------------------------------


 NSTEP =     1400   TIME(PS) =       7.800  TEMP(K) =    81.11  PRESS =     0.0
 Etot   =   -134109.8998  EKtot   =      5664.4639  EPtot      =   -139774.3637
 BOND   =        65.5646  ANGLE   =       204.2242  DIHED      =       986.0700
 1-4 NB =       263.8698  1-4 EEL =     -3763.1996  VDWAALS    =     23191.7784
 EELEC  =   -160722.6711  EHBOND  =         0.0000  RESTRAINT  =         0.0000
 ------------------------------------------------------------------------------


 NSTEP =     1450   TIME(PS) =       7.900  TEMP(K) =    81.38  PRESS =     0.0
 Etot   =   -134023.5495  EKtot   =      5683.7314  EPtot      =   -139707.2809
 BOND   =        67.4721  ANGLE   =       213.9002  DIHED      =       983.9538
 1-4 NB =       260.4735  1-4 EEL =     -3757.3964  VDWAALS    =     23167.9501
 EELEC  =   -160643.6341  EHBOND  =         0.0000  RESTRAINT  =         0.0000
 ------------------------------------------------------------------------------


 NSTEP =     1500   TIME(PS) =       8.000  TEMP(K) =    82.35  PRESS =     0.0
 Etot   =   -133939.4639  EKtot   =      5751.2031  EPtot      =   -139690.6670
 BOND   =        68.3794  ANGLE   =       210.3100  DIHED      =       987.9655
 1-4 NB =       264.4938  1-4 EEL =     -3777.0095  VDWAALS    =     23101.8397
 EELEC  =   -160546.6459  EHBOND  =         0.0000  RESTRAINT  =         0.0000
 ------------------------------------------------------------------------------


 NSTEP =     1550   TIME(PS) =       8.100  TEMP(K) =    83.81  PRESS =     0.0
 Etot   =   -133860.1049  EKtot   =      5853.0576  EPtot      =   -139713.1625
 BOND   =        64.3999  ANGLE   =       215.7644  DIHED      =       985.8021
 1-4 NB =       263.7794  1-4 EEL =     -3761.8668  VDWAALS    =     23309.4403
 EELEC  =   -160790.4819  EHBOND  =         0.0000  RESTRAINT  =         0.0000
 ------------------------------------------------------------------------------


 NSTEP =     1600   TIME(PS) =       8.200  TEMP(K) =    83.33  PRESS =     0.0
 Etot   =   -133784.1156  EKtot   =      5819.8447  EPtot      =   -139603.9603
 BOND   =        61.9789  ANGLE   =       216.4049  DIHED      =       989.3252
 1-4 NB =       268.1768  1-4 EEL =     -3755.8462  VDWAALS    =     23023.9960
 EELEC  =   -160407.9959  EHBOND  =         0.0000  RESTRAINT  =         0.0000
 ------------------------------------------------------------------------------


 NSTEP =     1650   TIME(PS) =       8.300  TEMP(K) =    84.03  PRESS =     0.0
 Etot   =   -133708.5203  EKtot   =      5868.5830  EPtot      =   -139577.1033
 BOND   =        72.3362  ANGLE   =       215.8579  DIHED      =       994.0845
 1-4 NB =       264.9612  1-4 EEL =     -3786.0030  VDWAALS    =     23054.6318
 EELEC  =   -160392.9718  EHBOND  =         0.0000  RESTRAINT  =         0.0000
 ------------------------------------------------------------------------------


 NSTEP =     1700   TIME(PS) =       8.400  TEMP(K) =    84.64  PRESS =     0.0
 Etot   =   -133635.1207  EKtot   =      5911.5596  EPtot      =   -139546.6803
 BOND   =        64.6507  ANGLE   =       204.7430  DIHED      =       997.2974
 1-4 NB =       261.1983  1-4 EEL =     -3757.9672  VDWAALS    =     23216.3922
 EELEC  =   -160532.9948  EHBOND  =         0.0000  RESTRAINT  =         0.0000
 ------------------------------------------------------------------------------


 NSTEP =     1750   TIME(PS) =       8.500  TEMP(K) =    85.29  PRESS =     0.0
 Etot   =   -133565.9791  EKtot   =      5956.3604  EPtot      =   -139522.3395
 BOND   =        65.5392  ANGLE   =       217.1718  DIHED      =       987.6895
 1-4 NB =       260.7366  1-4 EEL =     -3758.7066  VDWAALS    =     23091.9664
 EELEC  =   -160386.7364  EHBOND  =         0.0000  RESTRAINT  =         0.0000
 ------------------------------------------------------------------------------


 NSTEP =     1800   TIME(PS) =       8.600  TEMP(K) =    85.84  PRESS =     0.0
 Etot   =   -133499.3835  EKtot   =      5995.2373  EPtot      =   -139494.6208
 BOND   =        70.7261  ANGLE   =       209.4120  DIHED      =       987.5098
 1-4 NB =       267.6176  1-4 EEL =     -3747.2701  VDWAALS    =     22837.1322
 EELEC  =   -160119.7485  EHBOND  =         0.0000  RESTRAINT  =         0.0000
 ------------------------------------------------------------------------------


 NSTEP =     1850   TIME(PS) =       8.700  TEMP(K) =    86.63  PRESS =     0.0
 Etot   =   -133434.7322  EKtot   =      6050.5186  EPtot      =   -139485.2507
 BOND   =        71.7459  ANGLE   =       227.5508  DIHED      =       990.4657
 1-4 NB =       264.0887  1-4 EEL =     -3770.7832  VDWAALS    =     22852.7362
 EELEC  =   -160121.0549  EHBOND  =         0.0000  RESTRAINT  =         0.0000
 ------------------------------------------------------------------------------


 NSTEP =     1900   TIME(PS) =       8.800  TEMP(K) =    87.91  PRESS =     0.0
 Etot   =   -133375.5091  EKtot   =      6139.8877  EPtot      =   -139515.3968
 BOND   =        67.5534  ANGLE   =       220.1196  DIHED      =       984.8917
 1-4 NB =       263.9189  1-4 EEL =     -3765.7375  VDWAALS    =     23061.9816
 EELEC  =   -160348.1245  EHBOND  =         0.0000  RESTRAINT  =         0.0000
 ------------------------------------------------------------------------------


 NSTEP =     1950   TIME(PS) =       8.900  TEMP(K) =    87.36  PRESS =     0.0
 Etot   =   -133317.1781  EKtot   =      6101.5039  EPtot      =   -139418.6820
 BOND   =        69.3784  ANGLE   =       226.0346  DIHED      =       987.4132
 1-4 NB =       267.1779  1-4 EEL =     -3772.6699  VDWAALS    =     22964.2017
 EELEC  =   -160160.2178  EHBOND  =         0.0000  RESTRAINT  =         0.0000
 ------------------------------------------------------------------------------

check COM velocity, temp:        0.000015     0.00(Removed)

 NSTEP =     2000   TIME(PS) =       9.000  TEMP(K) =    87.62  PRESS =     0.0
 Etot   =   -133260.7897  EKtot   =      6119.5752  EPtot      =   -139380.3649
 BOND   =        72.6148  ANGLE   =       220.9700  DIHED      =       981.8901
 1-4 NB =       264.0987  1-4 EEL =     -3763.6335  VDWAALS    =     22887.5514
 EELEC  =   -160043.8563  EHBOND  =         0.0000  RESTRAINT  =         0.0000
 ------------------------------------------------------------------------------


 NSTEP =     2050   TIME(PS) =       9.100  TEMP(K) =    88.03  PRESS =     0.0
 Etot   =   -133204.6834  EKtot   =      6147.9175  EPtot      =   -139352.6008
 BOND   =        74.9319  ANGLE   =       220.5141  DIHED      =       984.4354
 1-4 NB =       265.9808  1-4 EEL =     -3775.3642  VDWAALS    =     22987.0721
 EELEC  =   -160110.1710  EHBOND  =         0.0000  RESTRAINT  =         0.0000
 ------------------------------------------------------------------------------


 NSTEP =     2100   TIME(PS) =       9.200  TEMP(K) =    89.66  PRESS =     0.0
 Etot   =   -133153.6575  EKtot   =      6261.9326  EPtot      =   -139415.5901
 BOND   =        72.0189  ANGLE   =       225.8193  DIHED      =       987.7681
 1-4 NB =       264.5950  1-4 EEL =     -3774.7258  VDWAALS    =     23101.6454
 EELEC  =   -160292.7111  EHBOND  =         0.0000  RESTRAINT  =         0.0000
 ------------------------------------------------------------------------------


 NSTEP =     2150   TIME(PS) =       9.300  TEMP(K) =    89.35  PRESS =     0.0
 Etot   =   -133104.5971  EKtot   =      6240.0381  EPtot      =   -139344.6352
 BOND   =        70.0700  ANGLE   =       217.4442  DIHED      =       988.5583
 1-4 NB =       267.0317  1-4 EEL =     -3770.7130  VDWAALS    =     23124.8860
 EELEC  =   -160241.9125  EHBOND  =         0.0000  RESTRAINT  =         0.0000
 ------------------------------------------------------------------------------


 NSTEP =     2200   TIME(PS) =       9.400  TEMP(K) =    89.73  PRESS =     0.0
 Etot   =   -133056.9433  EKtot   =      6266.4722  EPtot      =   -139323.4155
 BOND   =        67.7433  ANGLE   =       214.9774  DIHED      =       991.3798
 1-4 NB =       261.0150  1-4 EEL =     -3755.6521  VDWAALS    =     23120.9135
 EELEC  =   -160223.7926  EHBOND  =         0.0000  RESTRAINT  =         0.0000
 ------------------------------------------------------------------------------


 NSTEP =     2250   TIME(PS) =       9.500  TEMP(K) =    89.88  PRESS =     0.0
 Etot   =   -133009.5590  EKtot   =      6277.2144  EPtot      =   -139286.7734
 BOND   =        71.0018  ANGLE   =       214.5502  DIHED      =       988.8371
 1-4 NB =       264.6510  1-4 EEL =     -3750.3607  VDWAALS    =     23083.2204
 EELEC  =   -160158.6733  EHBOND  =         0.0000  RESTRAINT  =         0.0000
 ------------------------------------------------------------------------------


 NSTEP =     2300   TIME(PS) =       9.600  TEMP(K) =    91.08  PRESS =     0.0
 Etot   =   -132965.4159  EKtot   =      6361.0405  EPtot      =   -139326.4564
 BOND   =        75.1496  ANGLE   =       230.2501  DIHED      =       977.2600
 1-4 NB =       268.9600  1-4 EEL =     -3771.8813  VDWAALS    =     22905.4712
 EELEC  =   -160011.6661  EHBOND  =         0.0000  RESTRAINT  =         0.0000
 ------------------------------------------------------------------------------


 NSTEP =     2350   TIME(PS) =       9.700  TEMP(K) =    90.19  PRESS =     0.0
 Etot   =   -132924.3946  EKtot   =      6299.0322  EPtot      =   -139223.4268
 BOND   =        67.7448  ANGLE   =       217.2587  DIHED      =       999.3184
 1-4 NB =       270.1631  1-4 EEL =     -3760.3850  VDWAALS    =     22948.5217
 EELEC  =   -159966.0486  EHBOND  =         0.0000  RESTRAINT  =         0.0000
 ------------------------------------------------------------------------------


 NSTEP =     2400   TIME(PS) =       9.800  TEMP(K) =    91.74  PRESS =     0.0
 Etot   =   -132885.2346  EKtot   =      6407.2129  EPtot      =   -139292.4475
 BOND   =        75.3561  ANGLE   =       227.0091  DIHED      =       991.3995
 1-4 NB =       260.6847  1-4 EEL =     -3771.0881  VDWAALS    =     22972.5560
 EELEC  =   -160048.3649  EHBOND  =         0.0000  RESTRAINT  =         0.0000
 ------------------------------------------------------------------------------


 NSTEP =     2450   TIME(PS) =       9.900  TEMP(K) =    91.93  PRESS =     0.0
 Etot   =   -132846.2081  EKtot   =      6420.2061  EPtot      =   -139266.4142
 BOND   =        72.3610  ANGLE   =       230.8346  DIHED      =       983.4888
 1-4 NB =       258.8619  1-4 EEL =     -3775.1403  VDWAALS    =     23016.5290
 EELEC  =   -160053.3492  EHBOND  =         0.0000  RESTRAINT  =         0.0000
 ------------------------------------------------------------------------------


 NSTEP =     2500   TIME(PS) =      10.000  TEMP(K) =    91.93  PRESS =     0.0
 Etot   =   -132809.8681  EKtot   =      6420.1255  EPtot      =   -139229.9936
 BOND   =        66.1464  ANGLE   =       206.9726  DIHED      =       988.5955
 1-4 NB =       269.9333  1-4 EEL =     -3740.2495  VDWAALS    =     23252.5066
 EELEC  =   -160273.8984  EHBOND  =         0.0000  RESTRAINT  =         0.0000
 ------------------------------------------------------------------------------


      A V E R A G E S   O V E R      50 S T E P S


 NSTEP =     2500   TIME(PS) =      10.000  TEMP(K) =    76.12  PRESS =     0.0
 Etot   =   -134741.7893  EKtot   =      5316.2690  EPtot      =   -140058.0582
 BOND   =        65.0666  ANGLE   =       208.2604  DIHED      =       986.4157
 1-4 NB =       263.6789  1-4 EEL =     -3763.2948  VDWAALS    =     23182.4342
 EELEC  =   -161000.6191  EHBOND  =         0.0000  RESTRAINT  =         0.0000
 ------------------------------------------------------------------------------


      R M S  F L U C T U A T I O N S


 NSTEP =     2500   TIME(PS) =      10.000  TEMP(K) =    12.38  PRESS =     0.0
 Etot   =      1564.6598  EKtot   =       864.8658  EPtot      =       701.4266
 BOND   =         5.3476  ANGLE   =        11.9178  DIHED      =         4.7564
 1-4 NB =         2.9233  1-4 EEL =         9.6522  VDWAALS    =       177.2181
 EELEC  =       838.7240  EHBOND  =         0.0000  RESTRAINT  =         0.0000
 ------------------------------------------------------------------------------

--------------------------------------------------------------------------------
   5.  TIMINGS
--------------------------------------------------------------------------------

|  NonSetup CPU Time in Major Routines:
|
|     Routine           Sec        %
|     ------------------------------
|     Nonbond           0.97    9.26
|     Bond              0.00    0.00
|     Angle             0.00    0.00
|     Dihedral          0.00    0.00
|     Shake             0.02    0.23
|     RunMD             9.43   90.42
|     Other             0.01    0.08
|     ------------------------------
|     Total            10.43

|  PME Nonbond Pairlist CPU Time:
|
|     Routine              Sec        %
|     ---------------------------------
|     Set Up Cit           0.00    0.00
|     Build List           0.00    0.00
|     ---------------------------------
|     Total                0.00    0.00

|  PME Direct Force CPU Time:
|
|     Routine              Sec        %
|     ---------------------------------
|     NonBonded Calc       0.00    0.00
|     Exclude Masked       0.00    0.00
|     Other                0.00    0.05
|     ---------------------------------
|     Total                0.00    0.05

|  PME Reciprocal Force CPU Time:
|
|     Routine              Sec        %
|     ---------------------------------
|     1D bspline           0.00    0.00
|     Grid Charges         0.00    0.00
|     Scalar Sum           0.00    0.00
|     Gradient Sum         0.00    0.00
|     FFT                  0.00    0.00
|     ---------------------------------
|     Total                0.00    0.00

|  Final Performance Info:
|     -----------------------------------------------------
|     Average timings for last    2450 steps:
|     Elapsed(s) =      20.44 Per Step(ms) =       8.34
|         ns/day =      20.72   seconds/ns =    4170.50
|
|     Average timings for all steps:
|     Elapsed(s) =      20.87 Per Step(ms) =       8.35
|         ns/day =      20.70   seconds/ns =    4173.09
|     -----------------------------------------------------

|  Setup CPU time:            1.31 seconds
|  NonSetup CPU time:        10.43 seconds
|  Total CPU time:           11.74 seconds     0.00 hours

|  Setup wall time:           3    seconds
|  NonSetup wall time:       21    seconds
|  Total wall time:          24    seconds     0.01 hours
