
          -------------------------------------------------------
          Amber 16 PMEMD                              2016
          -------------------------------------------------------

| PMEMD implementation of SANDER, Release 16

| Run on 08/12/2020 at 19:57:33

|   Executable path: pmemd.cuda
| Working directory: /home/kyq/T7RNADNA/7/LT7
|          Hostname: gpu01

  [-O]verwriting output

File Assignments:
|   MDIN: heat5.in                                                              
|  MDOUT: cmp_heat5.out                                                         
| INPCRD: cmp_heat4.rst                                                         
|   PARM: cmp.prmtop                                                            
| RESTRT: cmp_heat5.rst                                                         
|   REFC: cmp.inpcrd                                                            
|  MDVEL: mdvel                                                                 
|   MDEN: mden                                                                  
|  MDCRD: cmp_heat5.mdcrd                                                       
| MDINFO: mdinfo                                                                
|  MDFRC: mdfrc                                                                 

 
 Here is the input file:
 
Stage 2 equilibration 1 0-5ns                                                  
 &cntrl                                                                        
  imin=0, irest=1, ntx=5,                                                      
  nstlim=4000, dt=0.002,                                                       
  ntc=2, ntf=2,                                                                
  ntt=1, tautp=1.5,                                                            
  tempi=200.0, temp0=255.0,                                                    
  ntpr=50, ntwx=50,                                                            
  ntb=1,                                                                       
  cut=10,                                                                      
 /                                                                             


Note: ig = -1. Setting random seed to   948296 based on wallclock time in 
      microseconds.
 
|--------------------- INFORMATION ----------------------
| GPU (CUDA) Version of PMEMD in use: NVIDIA GPU IN USE.
|                    Version 16.0.0
| 
|                      02/25/2016
| 
| Implementation by:
|                    Ross C. Walker     (SDSC)
|                    Scott Le Grand     (nVIDIA)
| 
| Precision model in use:
|      [SPFP] - Single Precision Forces, 64-bit Fixed Point
|               Accumulation. (Default)
| 
|--------------------------------------------------------
 
|----------------- CITATION INFORMATION -----------------
|
|    When publishing work that utilized the CUDA version
|    of AMBER, please cite the following in addition to
|    the regular AMBER citations:
|
|  - Romelia Salomon-Ferrer; Andreas W. Goetz; Duncan
|    Poole; Scott Le Grand; Ross C. Walker "Routine
|    microsecond molecular dynamics simulations with
|    AMBER - Part II: Particle Mesh Ewald", J. Chem.
|    Theory Comput., 2013, 9 (9), pp3878-3888,
|    DOI: 10.1021/ct400314y.
|
|  - Andreas W. Goetz; Mark J. Williamson; Dong Xu;
|    Duncan Poole; Scott Le Grand; Ross C. Walker
|    "Routine microsecond molecular dynamics simulations
|    with AMBER - Part I: Generalized Born", J. Chem.
|    Theory Comput., 2012, 8 (5), pp1542-1555.
|
|  - Scott Le Grand; Andreas W. Goetz; Ross C. Walker
|    "SPFP: Speed without compromise - a mixed precision
|    model for GPU accelerated molecular dynamics
|    simulations.", Comp. Phys. Comm., 2013, 184
|    pp374-380, DOI: 10.1016/j.cpc.2012.09.022
|
|--------------------------------------------------------
 
|------------------- GPU DEVICE INFO --------------------
|
|            CUDA_VISIBLE_DEVICES: 0
|   CUDA Capable Devices Detected:      1
|           CUDA Device ID in use:      0
|                CUDA Device Name: Tesla P100-PCIE-16GB
|     CUDA Device Global Mem Size:  16276 MB
| CUDA Device Num Multiprocessors:     56
|           CUDA Device Core Freq:   1.33 GHz
|
|--------------------------------------------------------
 
 
| Conditional Compilation Defines Used:
| PUBFFT
| BINTRAJ
| CUDA
| EMIL
 
| Largest sphere to fit in unit cell has radius =    32.620

| New format PARM file being parsed.
| Version =    1.000 Date = 08/12/20 Time = 19:47:32

| Note: 1-4 EEL scale factors are being read from the topology file.

| Note: 1-4 VDW scale factors are being read from the topology file.
| Duplicated    0 dihedrals

| Duplicated    0 dihedrals

--------------------------------------------------------------------------------
   1.  RESOURCE   USE: 
--------------------------------------------------------------------------------

 getting box info from netcdf restart file
 NATOM  =   34785 NTYPES =      18 NBONH =   34062 MBONA  =     774
 NTHETH =     907 MTHETA =    1191 NPHIH =    1834 MPHIA  =    2469
 NHPARM =       0 NPARM  =       0 NNB   =   50916 NRES   =   11292
 NBONA  =     774 NTHETA =    1191 NPHIA =    2469 NUMBND =      61
 NUMANG =     127 NPTRA  =      75 NATYP =      34 NPHB   =       1
 IFBOX  =       2 NMXRS  =      33 IFCAP =       0 NEXTRA =       0
 NCOPY  =       0

| Coordinate Index Table dimensions:    12   12   12
| Direct force subcell size =     6.6586    6.6586    6.6586

     BOX TYPE: TRUNCATED OCTAHEDRON

--------------------------------------------------------------------------------
   2.  CONTROL  DATA  FOR  THE  RUN
--------------------------------------------------------------------------------

default_name                                                                    

General flags:
     imin    =       0, nmropt  =       0

Nature and format of input:
     ntx     =       5, irest   =       1, ntrx    =       1

Nature and format of output:
     ntxo    =       2, ntpr    =      50, ntrx    =       1, ntwr    =    4000
     iwrap   =       0, ntwx    =      50, ntwv    =       0, ntwe    =       0
     ioutfm  =       1, ntwprt  =       0, idecomp =       0, rbornstat=      0

Potential function:
     ntf     =       2, ntb     =       1, igb     =       0, nsnb    =      25
     ipol    =       0, gbsa    =       0, iesp    =       0
     dielc   =   1.00000, cut     =  10.00000, intdiel =   1.00000

Frozen or restrained atoms:
     ibelly  =       0, ntr     =       0

Molecular dynamics:
     nstlim  =      4000, nscm    =      1000, nrespa  =         1
     t       =   0.00000, dt      =   0.00200, vlimit  =  -1.00000

Berendsen (weak-coupling) temperature regulation:
     temp0   = 255.00000, tempi   = 200.00000, tautp   =   1.50000

SHAKE:
     ntc     =       2, jfastw  =       0
     tol     =   0.00001

| Intermolecular bonds treatment:
|     no_intermolecular_bonds =       1

| Energy averages sample interval:
|     ene_avg_sampling =      50

Ewald parameters:
     verbose =       0, ew_type =       0, nbflag  =       1, use_pme =       1
     vdwmeth =       1, eedmeth =       1, netfrc  =       1
     Box X =   79.903   Box Y =   79.903   Box Z =   79.903
     Alpha =  109.471   Beta  =  109.471   Gamma =  109.471
     NFFT1 =   80       NFFT2 =   80       NFFT3 =   80
     Cutoff=   10.000   Tol   =0.100E-04
     Ewald Coefficient =  0.27511
     Interpolation order =    4

--------------------------------------------------------------------------------
   3.  ATOMIC COORDINATES AND VELOCITIES
--------------------------------------------------------------------------------

default_name                                                                    
 begin time read from input coords =    20.000 ps

 
 Number of triangulated 3-point waters found:    11226

     Sum of charges from parm topology file =   0.00000019
     Forcing neutrality...

| Dynamic Memory, Types Used:
| Reals             1014948
| Integers           840802

| Nonbonded Pairs Initial Allocation:    10521592

| GPU memory information (estimate):
| KB of GPU memory in use:    166253
| KB of CPU memory in use:     55121

--------------------------------------------------------------------------------
   4.  RESULTS
--------------------------------------------------------------------------------

 ---------------------------------------------------
 APPROXIMATING switch and d/dx switch using CUBIC SPLINE INTERPOLATION
 using   5000.0 points per unit in tabled values
 TESTING RELATIVE ERROR over r ranging from 0.0 to cutoff
| CHECK switch(x): max rel err =   0.3316E-14   at   2.351880
| CHECK d/dx switch(x): max rel err =   0.8066E-11   at   2.747240
 ---------------------------------------------------
|---------------------------------------------------
| APPROXIMATING direct energy using CUBIC SPLINE INTERPOLATION
|  with   50.0 points per unit in tabled values
| Relative Error Limit not exceeded for r .gt.   2.34
| APPROXIMATING direct force using CUBIC SPLINE INTERPOLATION
|  with   50.0 points per unit in tabled values
| Relative Error Limit not exceeded for r .gt.   2.81
|---------------------------------------------------

 NSTEP =       50   TIME(PS) =      20.100  TEMP(K) =   188.49  PRESS =     0.0
 Etot   =   -118676.4294  EKtot   =     13164.1436  EPtot      =   -131840.5730
 BOND   =       139.6862  ANGLE   =       335.9933  DIHED      =      1034.2496
 1-4 NB =       282.1326  1-4 EEL =     -3775.1968  VDWAALS    =     21038.0902
 EELEC  =   -150895.5280  EHBOND  =         0.0000  RESTRAINT  =         0.0000
 ------------------------------------------------------------------------------


 NSTEP =      100   TIME(PS) =      20.200  TEMP(K) =   190.12  PRESS =     0.0
 Etot   =   -118371.0429  EKtot   =     13277.7998  EPtot      =   -131648.8427
 BOND   =       155.7365  ANGLE   =       344.6141  DIHED      =      1035.2295
 1-4 NB =       272.5443  1-4 EEL =     -3773.1796  VDWAALS    =     20741.3341
 EELEC  =   -150425.1217  EHBOND  =         0.0000  RESTRAINT  =         0.0000
 ------------------------------------------------------------------------------


 NSTEP =      150   TIME(PS) =      20.300  TEMP(K) =   193.35  PRESS =     0.0
 Etot   =   -118074.5089  EKtot   =     13503.3604  EPtot      =   -131577.8692
 BOND   =       143.6743  ANGLE   =       341.0336  DIHED      =      1026.3722
 1-4 NB =       274.5620  1-4 EEL =     -3756.8433  VDWAALS    =     20646.1336
 EELEC  =   -150252.8015  EHBOND  =         0.0000  RESTRAINT  =         0.0000
 ------------------------------------------------------------------------------


 NSTEP =      200   TIME(PS) =      20.400  TEMP(K) =   193.60  PRESS =     0.0
 Etot   =   -117781.9037  EKtot   =     13520.7090  EPtot      =   -131302.6127
 BOND   =       149.6253  ANGLE   =       336.0187  DIHED      =      1022.7333
 1-4 NB =       273.1171  1-4 EEL =     -3752.2383  VDWAALS    =     20396.7801
 EELEC  =   -149728.6488  EHBOND  =         0.0000  RESTRAINT  =         0.0000
 ------------------------------------------------------------------------------


 NSTEP =      250   TIME(PS) =      20.500  TEMP(K) =   193.97  PRESS =     0.0
 Etot   =   -117498.5044  EKtot   =     13547.0752  EPtot      =   -131045.5796
 BOND   =       134.4677  ANGLE   =       337.0071  DIHED      =      1026.9704
 1-4 NB =       272.6067  1-4 EEL =     -3740.1263  VDWAALS    =     20719.7769
 EELEC  =   -149796.2820  EHBOND  =         0.0000  RESTRAINT  =         0.0000
 ------------------------------------------------------------------------------


 NSTEP =      300   TIME(PS) =      20.600  TEMP(K) =   196.70  PRESS =     0.0
 Etot   =   -117222.0864  EKtot   =     13737.6748  EPtot      =   -130959.7612
 BOND   =       156.0015  ANGLE   =       340.5499  DIHED      =      1010.2727
 1-4 NB =       278.7544  1-4 EEL =     -3757.0921  VDWAALS    =     20553.6119
 EELEC  =   -149541.8596  EHBOND  =         0.0000  RESTRAINT  =         0.0000
 ------------------------------------------------------------------------------


 NSTEP =      350   TIME(PS) =      20.700  TEMP(K) =   197.99  PRESS =     0.0
 Etot   =   -116953.6943  EKtot   =     13827.3672  EPtot      =   -130781.0615
 BOND   =       147.3015  ANGLE   =       354.4757  DIHED      =      1027.6382
 1-4 NB =       277.0264  1-4 EEL =     -3772.6424  VDWAALS    =     20412.7326
 EELEC  =   -149227.5934  EHBOND  =         0.0000  RESTRAINT  =         0.0000
 ------------------------------------------------------------------------------


 NSTEP =      400   TIME(PS) =      20.800  TEMP(K) =   201.19  PRESS =     0.0
 Etot   =   -116697.6023  EKtot   =     14051.1582  EPtot      =   -130748.7605
 BOND   =       150.3281  ANGLE   =       339.1626  DIHED      =      1038.4584
 1-4 NB =       284.8646  1-4 EEL =     -3768.6348  VDWAALS    =     20702.7130
 EELEC  =   -149495.6526  EHBOND  =         0.0000  RESTRAINT  =         0.0000
 ------------------------------------------------------------------------------


 NSTEP =      450   TIME(PS) =      20.900  TEMP(K) =   201.07  PRESS =     0.0
 Etot   =   -116444.8911  EKtot   =     14042.9336  EPtot      =   -130487.8247
 BOND   =       162.9298  ANGLE   =       363.3979  DIHED      =      1032.3834
 1-4 NB =       274.2187  1-4 EEL =     -3789.8292  VDWAALS    =     20429.5984
 EELEC  =   -148960.5237  EHBOND  =         0.0000  RESTRAINT  =         0.0000
 ------------------------------------------------------------------------------


 NSTEP =      500   TIME(PS) =      21.000  TEMP(K) =   203.86  PRESS =     0.0
 Etot   =   -116200.2427  EKtot   =     14237.2998  EPtot      =   -130437.5425
 BOND   =       154.1150  ANGLE   =       357.7484  DIHED      =      1033.9821
 1-4 NB =       278.9209  1-4 EEL =     -3787.0648  VDWAALS    =     20653.3593
 EELEC  =   -149128.6032  EHBOND  =         0.0000  RESTRAINT  =         0.0000
 ------------------------------------------------------------------------------


 NSTEP =      550   TIME(PS) =      21.100  TEMP(K) =   203.91  PRESS =     0.0
 Etot   =   -115963.5570  EKtot   =     14240.7148  EPtot      =   -130204.2718
 BOND   =       159.3103  ANGLE   =       360.3763  DIHED      =      1035.6480
 1-4 NB =       281.1692  1-4 EEL =     -3751.5711  VDWAALS    =     20243.9909
 EELEC  =   -148533.1955  EHBOND  =         0.0000  RESTRAINT  =         0.0000
 ------------------------------------------------------------------------------


 NSTEP =      600   TIME(PS) =      21.200  TEMP(K) =   204.14  PRESS =     0.0
 Etot   =   -115727.8101  EKtot   =     14257.4297  EPtot      =   -129985.2398
 BOND   =       158.4704  ANGLE   =       355.1795  DIHED      =      1043.1817
 1-4 NB =       280.4881  1-4 EEL =     -3768.2138  VDWAALS    =     20233.5777
 EELEC  =   -148287.9234  EHBOND  =         0.0000  RESTRAINT  =         0.0000
 ------------------------------------------------------------------------------


 NSTEP =      650   TIME(PS) =      21.300  TEMP(K) =   206.44  PRESS =     0.0
 Etot   =   -115498.2939  EKtot   =     14417.8877  EPtot      =   -129916.1816
 BOND   =       159.7245  ANGLE   =       360.2124  DIHED      =      1028.0883
 1-4 NB =       276.2521  1-4 EEL =     -3758.3560  VDWAALS    =     20383.3777
 EELEC  =   -148365.4805  EHBOND  =         0.0000  RESTRAINT  =         0.0000
 ------------------------------------------------------------------------------


 NSTEP =      700   TIME(PS) =      21.400  TEMP(K) =   208.48  PRESS =     0.0
 Etot   =   -115274.7524  EKtot   =     14560.1934  EPtot      =   -129834.9458
 BOND   =       168.1586  ANGLE   =       361.7471  DIHED      =      1020.0838
 1-4 NB =       275.0062  1-4 EEL =     -3765.8225  VDWAALS    =     19999.1745
 EELEC  =   -147893.2934  EHBOND  =         0.0000  RESTRAINT  =         0.0000
 ------------------------------------------------------------------------------


 NSTEP =      750   TIME(PS) =      21.500  TEMP(K) =   208.29  PRESS =     0.0
 Etot   =   -115057.0924  EKtot   =     14546.6172  EPtot      =   -129603.7096
 BOND   =       161.2915  ANGLE   =       370.5484  DIHED      =      1025.8468
 1-4 NB =       283.1526  1-4 EEL =     -3782.1807  VDWAALS    =     20052.4039
 EELEC  =   -147714.7722  EHBOND  =         0.0000  RESTRAINT  =         0.0000
 ------------------------------------------------------------------------------


 NSTEP =      800   TIME(PS) =      21.600  TEMP(K) =   207.83  PRESS =     0.0
 Etot   =   -114841.3847  EKtot   =     14514.6455  EPtot      =   -129356.0302
 BOND   =       159.3196  ANGLE   =       355.6426  DIHED      =      1032.4358
 1-4 NB =       274.6250  1-4 EEL =     -3770.6711  VDWAALS    =     20045.3928
 EELEC  =   -147452.7749  EHBOND  =         0.0000  RESTRAINT  =         0.0000
 ------------------------------------------------------------------------------


 NSTEP =      850   TIME(PS) =      21.700  TEMP(K) =   211.53  PRESS =     0.0
 Etot   =   -114632.4181  EKtot   =     14773.5293  EPtot      =   -129405.9474
 BOND   =       161.7869  ANGLE   =       362.6126  DIHED      =      1026.6147
 1-4 NB =       272.4423  1-4 EEL =     -3738.5009  VDWAALS    =     20040.6014
 EELEC  =   -147531.5044  EHBOND  =         0.0000  RESTRAINT  =         0.0000
 ------------------------------------------------------------------------------


 NSTEP =      900   TIME(PS) =      21.800  TEMP(K) =   210.49  PRESS =     0.0
 Etot   =   -114425.2028  EKtot   =     14700.3320  EPtot      =   -129125.5349
 BOND   =       158.2651  ANGLE   =       381.0974  DIHED      =      1030.6370
 1-4 NB =       275.8572  1-4 EEL =     -3764.6139  VDWAALS    =     20014.1664
 EELEC  =   -147220.9441  EHBOND  =         0.0000  RESTRAINT  =         0.0000
 ------------------------------------------------------------------------------


 NSTEP =      950   TIME(PS) =      21.900  TEMP(K) =   212.06  PRESS =     0.0
 Etot   =   -114225.0955  EKtot   =     14810.1260  EPtot      =   -129035.2214
 BOND   =       165.6598  ANGLE   =       374.0901  DIHED      =      1031.2963
 1-4 NB =       273.7755  1-4 EEL =     -3784.3417  VDWAALS    =     19860.8603
 EELEC  =   -146956.5618  EHBOND  =         0.0000  RESTRAINT  =         0.0000
 ------------------------------------------------------------------------------

check COM velocity, temp:        0.000007     0.00(Removed)

 NSTEP =     1000   TIME(PS) =      22.000  TEMP(K) =   214.52  PRESS =     0.0
 Etot   =   -114029.2879  EKtot   =     14982.0361  EPtot      =   -129011.3240
 BOND   =       176.2773  ANGLE   =       366.7996  DIHED      =      1034.6861
 1-4 NB =       280.1218  1-4 EEL =     -3770.5259  VDWAALS    =     19761.4024
 EELEC  =   -146860.0853  EHBOND  =         0.0000  RESTRAINT  =         0.0000
 ------------------------------------------------------------------------------


 NSTEP =     1050   TIME(PS) =      22.100  TEMP(K) =   214.28  PRESS =     0.0
 Etot   =   -113839.8900  EKtot   =     14965.3379  EPtot      =   -128805.2279
 BOND   =       156.6108  ANGLE   =       365.8146  DIHED      =      1041.5337
 1-4 NB =       281.1578  1-4 EEL =     -3774.3667  VDWAALS    =     19820.3988
 EELEC  =   -146696.3768  EHBOND  =         0.0000  RESTRAINT  =         0.0000
 ------------------------------------------------------------------------------


 NSTEP =     1100   TIME(PS) =      22.200  TEMP(K) =   215.14  PRESS =     0.0
 Etot   =   -113651.2386  EKtot   =     15025.3027  EPtot      =   -128676.5413
 BOND   =       165.6147  ANGLE   =       398.4710  DIHED      =      1045.3576
 1-4 NB =       282.2082  1-4 EEL =     -3757.1850  VDWAALS    =     19829.7192
 EELEC  =   -146640.7270  EHBOND  =         0.0000  RESTRAINT  =         0.0000
 ------------------------------------------------------------------------------


 NSTEP =     1150   TIME(PS) =      22.300  TEMP(K) =   217.98  PRESS =     0.0
 Etot   =   -113473.9366  EKtot   =     15224.0312  EPtot      =   -128697.9679
 BOND   =       175.8003  ANGLE   =       399.6793  DIHED      =      1039.9105
 1-4 NB =       270.2825  1-4 EEL =     -3786.3974  VDWAALS    =     19786.7329
 EELEC  =   -146583.9760  EHBOND  =         0.0000  RESTRAINT  =         0.0000
 ------------------------------------------------------------------------------


 NSTEP =     1200   TIME(PS) =      22.400  TEMP(K) =   217.22  PRESS =     0.0
 Etot   =   -113294.2307  EKtot   =     15170.7383  EPtot      =   -128464.9690
 BOND   =       175.6081  ANGLE   =       380.5882  DIHED      =      1033.9024
 1-4 NB =       287.1202  1-4 EEL =     -3751.2562  VDWAALS    =     19615.2110
 EELEC  =   -146206.1427  EHBOND  =         0.0000  RESTRAINT  =         0.0000
 ------------------------------------------------------------------------------


 NSTEP =     1250   TIME(PS) =      22.500  TEMP(K) =   218.59  PRESS =     0.0
 Etot   =   -113119.7418  EKtot   =     15266.3574  EPtot      =   -128386.0992
 BOND   =       165.3613  ANGLE   =       407.9948  DIHED      =      1021.9599
 1-4 NB =       277.7724  1-4 EEL =     -3761.7440  VDWAALS    =     19474.4395
 EELEC  =   -145971.8833  EHBOND  =         0.0000  RESTRAINT  =         0.0000
 ------------------------------------------------------------------------------


 NSTEP =     1300   TIME(PS) =      22.600  TEMP(K) =   218.57  PRESS =     0.0
 Etot   =   -112946.8206  EKtot   =     15264.6680  EPtot      =   -128211.4886
 BOND   =       178.2543  ANGLE   =       390.7729  DIHED      =      1019.7763
 1-4 NB =       284.1033  1-4 EEL =     -3744.1670  VDWAALS    =     19537.9492
 EELEC  =   -145878.1777  EHBOND  =         0.0000  RESTRAINT  =         0.0000
 ------------------------------------------------------------------------------


 NSTEP =     1350   TIME(PS) =      22.700  TEMP(K) =   220.22  PRESS =     0.0
 Etot   =   -112785.0106  EKtot   =     15380.4355  EPtot      =   -128165.4462
 BOND   =       167.1412  ANGLE   =       373.9228  DIHED      =      1035.5785
 1-4 NB =       280.5232  1-4 EEL =     -3757.7724  VDWAALS    =     19631.4627
 EELEC  =   -145896.3021  EHBOND  =         0.0000  RESTRAINT  =         0.0000
 ------------------------------------------------------------------------------


 NSTEP =     1400   TIME(PS) =      22.800  TEMP(K) =   220.47  PRESS =     0.0
 Etot   =   -112627.3820  EKtot   =     15397.3223  EPtot      =   -128024.7042
 BOND   =       196.5201  ANGLE   =       400.9836  DIHED      =      1043.6840
 1-4 NB =       270.1456  1-4 EEL =     -3806.5117  VDWAALS    =     19607.0216
 EELEC  =   -145736.5474  EHBOND  =         0.0000  RESTRAINT  =         0.0000
 ------------------------------------------------------------------------------


 NSTEP =     1450   TIME(PS) =      22.900  TEMP(K) =   219.77  PRESS =     0.0
 Etot   =   -112466.7037  EKtot   =     15348.4531  EPtot      =   -127815.1569
 BOND   =       172.3808  ANGLE   =       405.6758  DIHED      =      1053.6477
 1-4 NB =       288.4412  1-4 EEL =     -3759.7577  VDWAALS    =     19462.0107
 EELEC  =   -145437.5554  EHBOND  =         0.0000  RESTRAINT  =         0.0000
 ------------------------------------------------------------------------------


 NSTEP =     1500   TIME(PS) =      23.000  TEMP(K) =   222.42  PRESS =     0.0
 Etot   =   -112309.6621  EKtot   =     15533.9268  EPtot      =   -127843.5889
 BOND   =       178.7089  ANGLE   =       387.0487  DIHED      =      1044.9941
 1-4 NB =       280.3668  1-4 EEL =     -3769.5203  VDWAALS    =     19477.3013
 EELEC  =   -145442.4884  EHBOND  =         0.0000  RESTRAINT  =         0.0000
 ------------------------------------------------------------------------------


 NSTEP =     1550   TIME(PS) =      23.100  TEMP(K) =   223.29  PRESS =     0.0
 Etot   =   -112157.9932  EKtot   =     15594.8418  EPtot      =   -127752.8350
 BOND   =       170.7821  ANGLE   =       423.3467  DIHED      =      1039.6868
 1-4 NB =       274.1683  1-4 EEL =     -3784.1880  VDWAALS    =     19233.4213
 EELEC  =   -145110.0522  EHBOND  =         0.0000  RESTRAINT  =         0.0000
 ------------------------------------------------------------------------------


 NSTEP =     1600   TIME(PS) =      23.200  TEMP(K) =   221.96  PRESS =     0.0
 Etot   =   -112007.8328  EKtot   =     15501.4727  EPtot      =   -127509.3055
 BOND   =       173.1071  ANGLE   =       414.6004  DIHED      =      1035.8362
 1-4 NB =       283.5766  1-4 EEL =     -3747.7365  VDWAALS    =     19191.5013
 EELEC  =   -144860.1906  EHBOND  =         0.0000  RESTRAINT  =         0.0000
 ------------------------------------------------------------------------------


 NSTEP =     1650   TIME(PS) =      23.300  TEMP(K) =   225.24  PRESS =     0.0
 Etot   =   -111861.2814  EKtot   =     15730.7305  EPtot      =   -127592.0119
 BOND   =       190.3905  ANGLE   =       399.7632  DIHED      =      1036.4292
 1-4 NB =       278.4765  1-4 EEL =     -3774.8790  VDWAALS    =     19251.6300
 EELEC  =   -144973.8222  EHBOND  =         0.0000  RESTRAINT  =         0.0000
 ------------------------------------------------------------------------------


 NSTEP =     1700   TIME(PS) =      23.400  TEMP(K) =   224.21  PRESS =     0.0
 Etot   =   -111720.1650  EKtot   =     15658.9531  EPtot      =   -127379.1182
 BOND   =       174.2760  ANGLE   =       400.8383  DIHED      =      1048.5520
 1-4 NB =       287.8511  1-4 EEL =     -3745.8363  VDWAALS    =     19139.9957
 EELEC  =   -144684.7949  EHBOND  =         0.0000  RESTRAINT  =         0.0000
 ------------------------------------------------------------------------------


 NSTEP =     1750   TIME(PS) =      23.500  TEMP(K) =   224.18  PRESS =     0.0
 Etot   =   -111580.7544  EKtot   =     15656.3770  EPtot      =   -127237.1314
 BOND   =       207.0709  ANGLE   =       396.9970  DIHED      =      1037.4216
 1-4 NB =       282.2874  1-4 EEL =     -3765.6301  VDWAALS    =     19096.8550
 EELEC  =   -144492.1332  EHBOND  =         0.0000  RESTRAINT  =         0.0000
 ------------------------------------------------------------------------------


 NSTEP =     1800   TIME(PS) =      23.600  TEMP(K) =   225.70  PRESS =     0.0
 Etot   =   -111437.0255  EKtot   =     15763.1133  EPtot      =   -127200.1388
 BOND   =       178.0796  ANGLE   =       421.8434  DIHED      =      1034.2589
 1-4 NB =       276.4861  1-4 EEL =     -3768.5326  VDWAALS    =     19094.6161
 EELEC  =   -144436.8904  EHBOND  =         0.0000  RESTRAINT  =         0.0000
 ------------------------------------------------------------------------------


 NSTEP =     1850   TIME(PS) =      23.700  TEMP(K) =   227.26  PRESS =     0.0
 Etot   =   -111303.1092  EKtot   =     15871.9512  EPtot      =   -127175.0603
 BOND   =       179.3779  ANGLE   =       427.3264  DIHED      =      1038.2227
 1-4 NB =       276.7248  1-4 EEL =     -3759.4315  VDWAALS    =     19015.9461
 EELEC  =   -144353.2268  EHBOND  =         0.0000  RESTRAINT  =         0.0000
 ------------------------------------------------------------------------------


 NSTEP =     1900   TIME(PS) =      23.800  TEMP(K) =   228.09  PRESS =     0.0
 Etot   =   -111172.6427  EKtot   =     15929.4492  EPtot      =   -127102.0919
 BOND   =       185.5266  ANGLE   =       440.4492  DIHED      =      1042.6461
 1-4 NB =       286.3532  1-4 EEL =     -3781.3301  VDWAALS    =     19255.3080
 EELEC  =   -144531.0449  EHBOND  =         0.0000  RESTRAINT  =         0.0000
 ------------------------------------------------------------------------------


 NSTEP =     1950   TIME(PS) =      23.900  TEMP(K) =   227.06  PRESS =     0.0
 Etot   =   -111045.3226  EKtot   =     15857.8730  EPtot      =   -126903.1957
 BOND   =       182.2228  ANGLE   =       435.2509  DIHED      =      1049.2444
 1-4 NB =       280.1869  1-4 EEL =     -3736.8459  VDWAALS    =     19232.6931
 EELEC  =   -144345.9479  EHBOND  =         0.0000  RESTRAINT  =         0.0000
 ------------------------------------------------------------------------------

check COM velocity, temp:        0.000010     0.00(Removed)

 NSTEP =     2000   TIME(PS) =      24.000  TEMP(K) =   228.65  PRESS =     0.0
 Etot   =   -110917.8335  EKtot   =     15968.7090  EPtot      =   -126886.5425
 BOND   =       190.3175  ANGLE   =       408.2699  DIHED      =      1051.1512
 1-4 NB =       280.8128  1-4 EEL =     -3761.3818  VDWAALS    =     19237.8999
 EELEC  =   -144293.6119  EHBOND  =         0.0000  RESTRAINT  =         0.0000
 ------------------------------------------------------------------------------


 NSTEP =     2050   TIME(PS) =      24.100  TEMP(K) =   227.81  PRESS =     0.0
 Etot   =   -110797.0942  EKtot   =     15910.0352  EPtot      =   -126707.1294
 BOND   =       186.5425  ANGLE   =       425.3700  DIHED      =      1049.4105
 1-4 NB =       283.7559  1-4 EEL =     -3777.8993  VDWAALS    =     19134.5358
 EELEC  =   -144008.8447  EHBOND  =         0.0000  RESTRAINT  =         0.0000
 ------------------------------------------------------------------------------


 NSTEP =     2100   TIME(PS) =      24.200  TEMP(K) =   229.84  PRESS =     0.0
 Etot   =   -110678.3066  EKtot   =     16051.7881  EPtot      =   -126730.0946
 BOND   =       192.2114  ANGLE   =       430.8354  DIHED      =      1037.6160
 1-4 NB =       283.0544  1-4 EEL =     -3777.5435  VDWAALS    =     18718.2647
 EELEC  =   -143614.5330  EHBOND  =         0.0000  RESTRAINT  =         0.0000
 ------------------------------------------------------------------------------


 NSTEP =     2150   TIME(PS) =      24.300  TEMP(K) =   230.19  PRESS =     0.0
 Etot   =   -110555.9896  EKtot   =     16076.5938  EPtot      =   -126632.5834
 BOND   =       200.5544  ANGLE   =       443.2824  DIHED      =      1047.4134
 1-4 NB =       282.1010  1-4 EEL =     -3783.0513  VDWAALS    =     18958.4830
 EELEC  =   -143781.3662  EHBOND  =         0.0000  RESTRAINT  =         0.0000
 ------------------------------------------------------------------------------


 NSTEP =     2200   TIME(PS) =      24.400  TEMP(K) =   228.82  PRESS =     0.0
 Etot   =   -110436.7644  EKtot   =     15980.7354  EPtot      =   -126417.4998
 BOND   =       177.6385  ANGLE   =       427.4839  DIHED      =      1044.0160
 1-4 NB =       286.6247  1-4 EEL =     -3738.3612  VDWAALS    =     18601.4588
 EELEC  =   -143216.3605  EHBOND  =         0.0000  RESTRAINT  =         0.0000
 ------------------------------------------------------------------------------


 NSTEP =     2250   TIME(PS) =      24.500  TEMP(K) =   232.32  PRESS =     0.0
 Etot   =   -110320.9640  EKtot   =     16225.0215  EPtot      =   -126545.9855
 BOND   =       198.7942  ANGLE   =       419.4635  DIHED      =      1042.6326
 1-4 NB =       277.2597  1-4 EEL =     -3764.4307  VDWAALS    =     18695.9105
 EELEC  =   -143415.6153  EHBOND  =         0.0000  RESTRAINT  =         0.0000
 ------------------------------------------------------------------------------


 NSTEP =     2300   TIME(PS) =      24.600  TEMP(K) =   229.89  PRESS =     0.0
 Etot   =   -110206.7137  EKtot   =     16055.4229  EPtot      =   -126262.1366
 BOND   =       208.5786  ANGLE   =       436.2472  DIHED      =      1047.9477
 1-4 NB =       276.2098  1-4 EEL =     -3768.6432  VDWAALS    =     18761.3901
 EELEC  =   -143223.8667  EHBOND  =         0.0000  RESTRAINT  =         0.0000
 ------------------------------------------------------------------------------


 NSTEP =     2350   TIME(PS) =      24.700  TEMP(K) =   230.27  PRESS =     0.0
 Etot   =   -110095.2335  EKtot   =     16081.9629  EPtot      =   -126177.1964
 BOND   =       187.7853  ANGLE   =       458.2870  DIHED      =      1052.3698
 1-4 NB =       289.8525  1-4 EEL =     -3787.3840  VDWAALS    =     18603.2457
 EELEC  =   -142981.3526  EHBOND  =         0.0000  RESTRAINT  =         0.0000
 ------------------------------------------------------------------------------


 NSTEP =     2400   TIME(PS) =      24.800  TEMP(K) =   231.08  PRESS =     0.0
 Etot   =   -109982.5416  EKtot   =     16138.4727  EPtot      =   -126121.0143
 BOND   =       191.8727  ANGLE   =       401.8863  DIHED      =      1052.2091
 1-4 NB =       283.3272  1-4 EEL =     -3772.9915  VDWAALS    =     18628.1460
 EELEC  =   -142905.4640  EHBOND  =         0.0000  RESTRAINT  =         0.0000
 ------------------------------------------------------------------------------


 NSTEP =     2450   TIME(PS) =      24.900  TEMP(K) =   230.95  PRESS =     0.0
 Etot   =   -109871.1511  EKtot   =     16129.8613  EPtot      =   -126001.0125
 BOND   =       199.6603  ANGLE   =       439.6393  DIHED      =      1048.3286
 1-4 NB =       277.6777  1-4 EEL =     -3772.1108  VDWAALS    =     18740.9599
 EELEC  =   -142935.1675  EHBOND  =         0.0000  RESTRAINT  =         0.0000
 ------------------------------------------------------------------------------


 NSTEP =     2500   TIME(PS) =      25.000  TEMP(K) =   234.64  PRESS =     0.0
 Etot   =   -109765.1912  EKtot   =     16387.3320  EPtot      =   -126152.5232
 BOND   =       219.5416  ANGLE   =       428.6342  DIHED      =      1053.6213
 1-4 NB =       290.9147  1-4 EEL =     -3773.8217  VDWAALS    =     18743.7268
 EELEC  =   -143115.1401  EHBOND  =         0.0000  RESTRAINT  =         0.0000
 ------------------------------------------------------------------------------


 NSTEP =     2550   TIME(PS) =      25.100  TEMP(K) =   232.72  PRESS =     0.0
 Etot   =   -109663.5112  EKtot   =     16253.2070  EPtot      =   -125916.7182
 BOND   =       208.1996  ANGLE   =       443.1487  DIHED      =      1059.8683
 1-4 NB =       281.0876  1-4 EEL =     -3781.0737  VDWAALS    =     18546.1069
 EELEC  =   -142674.0556  EHBOND  =         0.0000  RESTRAINT  =         0.0000
 ------------------------------------------------------------------------------


 NSTEP =     2600   TIME(PS) =      25.200  TEMP(K) =   232.43  PRESS =     0.0
 Etot   =   -109557.8559  EKtot   =     16232.8105  EPtot      =   -125790.6664
 BOND   =       201.1859  ANGLE   =       437.5480  DIHED      =      1055.7368
 1-4 NB =       280.7435  1-4 EEL =     -3764.4874  VDWAALS    =     18481.5791
 EELEC  =   -142482.9723  EHBOND  =         0.0000  RESTRAINT  =         0.0000
 ------------------------------------------------------------------------------


 NSTEP =     2650   TIME(PS) =      25.300  TEMP(K) =   233.07  PRESS =     0.0
 Etot   =   -109453.9895  EKtot   =     16277.6104  EPtot      =   -125731.5998
 BOND   =       205.2434  ANGLE   =       441.5468  DIHED      =      1057.7143
 1-4 NB =       282.2453  1-4 EEL =     -3778.2138  VDWAALS    =     18644.1364
 EELEC  =   -142584.2722  EHBOND  =         0.0000  RESTRAINT  =         0.0000
 ------------------------------------------------------------------------------


 NSTEP =     2700   TIME(PS) =      25.400  TEMP(K) =   234.70  PRESS =     0.0
 Etot   =   -109356.3975  EKtot   =     16391.4355  EPtot      =   -125747.8331
 BOND   =       212.6436  ANGLE   =       422.8157  DIHED      =      1053.7124
 1-4 NB =       267.5848  1-4 EEL =     -3761.2309  VDWAALS    =     18500.0158
 EELEC  =   -142443.3744  EHBOND  =         0.0000  RESTRAINT  =         0.0000
 ------------------------------------------------------------------------------


 NSTEP =     2750   TIME(PS) =      25.500  TEMP(K) =   234.87  PRESS =     0.0
 Etot   =   -109259.0885  EKtot   =     16403.2012  EPtot      =   -125662.2897
 BOND   =       183.4114  ANGLE   =       440.1887  DIHED      =      1050.8753
 1-4 NB =       293.2794  1-4 EEL =     -3756.9528  VDWAALS    =     18294.5105
 EELEC  =   -142167.6022  EHBOND  =         0.0000  RESTRAINT  =         0.0000
 ------------------------------------------------------------------------------


 NSTEP =     2800   TIME(PS) =      25.600  TEMP(K) =   235.32  PRESS =     0.0
 Etot   =   -109166.4773  EKtot   =     16434.9766  EPtot      =   -125601.4539
 BOND   =       197.5249  ANGLE   =       450.4905  DIHED      =      1060.1138
 1-4 NB =       282.2315  1-4 EEL =     -3765.5793  VDWAALS    =     18401.0925
 EELEC  =   -142227.3278  EHBOND  =         0.0000  RESTRAINT  =         0.0000
 ------------------------------------------------------------------------------


 NSTEP =     2850   TIME(PS) =      25.700  TEMP(K) =   236.33  PRESS =     0.0
 Etot   =   -109074.1844  EKtot   =     16505.5293  EPtot      =   -125579.7137
 BOND   =       214.0039  ANGLE   =       425.8826  DIHED      =      1053.2677
 1-4 NB =       275.4704  1-4 EEL =     -3772.0040  VDWAALS    =     18124.8406
 EELEC  =   -141901.1749  EHBOND  =         0.0000  RESTRAINT  =         0.0000
 ------------------------------------------------------------------------------


 NSTEP =     2900   TIME(PS) =      25.800  TEMP(K) =   237.02  PRESS =     0.0
 Etot   =   -108983.9517  EKtot   =     16553.3281  EPtot      =   -125537.2798
 BOND   =       228.7370  ANGLE   =       462.5093  DIHED      =      1043.8674
 1-4 NB =       285.0300  1-4 EEL =     -3787.0883  VDWAALS    =     18388.7642
 EELEC  =   -142159.0993  EHBOND  =         0.0000  RESTRAINT  =         0.0000
 ------------------------------------------------------------------------------


 NSTEP =     2950   TIME(PS) =      25.900  TEMP(K) =   238.63  PRESS =     0.0
 Etot   =   -108899.7927  EKtot   =     16666.1406  EPtot      =   -125565.9333
 BOND   =       194.2602  ANGLE   =       450.5528  DIHED      =      1053.0857
 1-4 NB =       277.9935  1-4 EEL =     -3781.1296  VDWAALS    =     18606.5583
 EELEC  =   -142367.2543  EHBOND  =         0.0000  RESTRAINT  =         0.0000
 ------------------------------------------------------------------------------

check COM velocity, temp:        0.000004     0.00(Removed)

 NSTEP =     3000   TIME(PS) =      26.000  TEMP(K) =   237.69  PRESS =     0.0
 Etot   =   -108815.2539  EKtot   =     16600.4668  EPtot      =   -125415.7207
 BOND   =       209.5173  ANGLE   =       437.3363  DIHED      =      1046.7214
 1-4 NB =       284.3689  1-4 EEL =     -3761.9867  VDWAALS    =     18400.7080
 EELEC  =   -142032.3859  EHBOND  =         0.0000  RESTRAINT  =         0.0000
 ------------------------------------------------------------------------------


 NSTEP =     3050   TIME(PS) =      26.100  TEMP(K) =   236.87  PRESS =     0.0
 Etot   =   -108734.2876  EKtot   =     16542.6641  EPtot      =   -125276.9517
 BOND   =       193.6295  ANGLE   =       442.2871  DIHED      =      1066.9557
 1-4 NB =       282.4369  1-4 EEL =     -3768.1582  VDWAALS    =     18298.6274
 EELEC  =   -141792.7301  EHBOND  =         0.0000  RESTRAINT  =         0.0000
 ------------------------------------------------------------------------------


 NSTEP =     3100   TIME(PS) =      26.200  TEMP(K) =   237.36  PRESS =     0.0
 Etot   =   -108648.7907  EKtot   =     16577.4531  EPtot      =   -125226.2438
 BOND   =       191.7586  ANGLE   =       455.6424  DIHED      =      1047.2013
 1-4 NB =       270.6590  1-4 EEL =     -3741.0144  VDWAALS    =     18203.8791
 EELEC  =   -141654.3698  EHBOND  =         0.0000  RESTRAINT  =         0.0000
 ------------------------------------------------------------------------------


 NSTEP =     3150   TIME(PS) =      26.300  TEMP(K) =   237.85  PRESS =     0.0
 Etot   =   -108568.1927  EKtot   =     16611.6895  EPtot      =   -125179.8822
 BOND   =       212.2070  ANGLE   =       432.7970  DIHED      =      1062.2275
 1-4 NB =       275.3932  1-4 EEL =     -3748.8378  VDWAALS    =     18112.2576
 EELEC  =   -141525.9266  EHBOND  =         0.0000  RESTRAINT  =         0.0000
 ------------------------------------------------------------------------------


 NSTEP =     3200   TIME(PS) =      26.400  TEMP(K) =   236.48  PRESS =     0.0
 Etot   =   -108484.5710  EKtot   =     16515.4688  EPtot      =   -125000.0398
 BOND   =       217.0355  ANGLE   =       437.5579  DIHED      =      1041.9745
 1-4 NB =       294.3127  1-4 EEL =     -3782.3549  VDWAALS    =     18282.6681
 EELEC  =   -141491.2335  EHBOND  =         0.0000  RESTRAINT  =         0.0000
 ------------------------------------------------------------------------------


 NSTEP =     3250   TIME(PS) =      26.500  TEMP(K) =   238.24  PRESS =     0.0
 Etot   =   -108404.3105  EKtot   =     16638.3672  EPtot      =   -125042.6777
 BOND   =       222.9374  ANGLE   =       443.8755  DIHED      =      1042.4878
 1-4 NB =       269.5480  1-4 EEL =     -3772.2384  VDWAALS    =     18243.9944
 EELEC  =   -141493.2826  EHBOND  =         0.0000  RESTRAINT  =         0.0000
 ------------------------------------------------------------------------------


 NSTEP =     3300   TIME(PS) =      26.600  TEMP(K) =   240.48  PRESS =     0.0
 Etot   =   -108328.2465  EKtot   =     16794.7852  EPtot      =   -125123.0317
 BOND   =       201.2401  ANGLE   =       435.9075  DIHED      =      1055.0729
 1-4 NB =       281.6234  1-4 EEL =     -3775.4570  VDWAALS    =     18145.0015
 EELEC  =   -141466.4200  EHBOND  =         0.0000  RESTRAINT  =         0.0000
 ------------------------------------------------------------------------------


 NSTEP =     3350   TIME(PS) =      26.700  TEMP(K) =   238.68  PRESS =     0.0
 Etot   =   -108253.6387  EKtot   =     16669.4922  EPtot      =   -124923.1309
 BOND   =       195.5098  ANGLE   =       449.1711  DIHED      =      1033.6770
 1-4 NB =       278.0874  1-4 EEL =     -3752.9313  VDWAALS    =     18150.4572
 EELEC  =   -141277.1020  EHBOND  =         0.0000  RESTRAINT  =         0.0000
 ------------------------------------------------------------------------------


 NSTEP =     3400   TIME(PS) =      26.800  TEMP(K) =   238.91  PRESS =     0.0
 Etot   =   -108175.7960  EKtot   =     16685.1914  EPtot      =   -124860.9874
 BOND   =       206.3871  ANGLE   =       460.9572  DIHED      =      1040.8887
 1-4 NB =       282.3076  1-4 EEL =     -3750.6121  VDWAALS    =     17962.9632
 EELEC  =   -141063.8790  EHBOND  =         0.0000  RESTRAINT  =         0.0000
 ------------------------------------------------------------------------------


 NSTEP =     3450   TIME(PS) =      26.900  TEMP(K) =   238.76  PRESS =     0.0
 Etot   =   -108099.0696  EKtot   =     16675.1836  EPtot      =   -124774.2532
 BOND   =       207.1389  ANGLE   =       438.4486  DIHED      =      1071.6516
 1-4 NB =       288.8343  1-4 EEL =     -3747.0948  VDWAALS    =     17946.0908
 EELEC  =   -140979.3225  EHBOND  =         0.0000  RESTRAINT  =         0.0000
 ------------------------------------------------------------------------------


 NSTEP =     3500   TIME(PS) =      27.000  TEMP(K) =   239.77  PRESS =     0.0
 Etot   =   -108025.7056  EKtot   =     16745.2129  EPtot      =   -124770.9185
 BOND   =       214.0134  ANGLE   =       438.8791  DIHED      =      1058.9622
 1-4 NB =       274.6574  1-4 EEL =     -3740.3746  VDWAALS    =     18117.7204
 EELEC  =   -141134.7764  EHBOND  =         0.0000  RESTRAINT  =         0.0000
 ------------------------------------------------------------------------------


 NSTEP =     3550   TIME(PS) =      27.100  TEMP(K) =   239.60  PRESS =     0.0
 Etot   =   -107956.4421  EKtot   =     16733.3008  EPtot      =   -124689.7429
 BOND   =       229.6717  ANGLE   =       440.7270  DIHED      =      1051.5662
 1-4 NB =       272.7021  1-4 EEL =     -3759.4615  VDWAALS    =     17864.1693
 EELEC  =   -140789.1177  EHBOND  =         0.0000  RESTRAINT  =         0.0000
 ------------------------------------------------------------------------------


 NSTEP =     3600   TIME(PS) =      27.200  TEMP(K) =   238.85  PRESS =     0.0
 Etot   =   -107887.1125  EKtot   =     16681.0430  EPtot      =   -124568.1555
 BOND   =       208.4478  ANGLE   =       434.2244  DIHED      =      1048.3782
 1-4 NB =       279.8045  1-4 EEL =     -3747.1670  VDWAALS    =     17820.0499
 EELEC  =   -140611.8933  EHBOND  =         0.0000  RESTRAINT  =         0.0000
 ------------------------------------------------------------------------------


 NSTEP =     3650   TIME(PS) =      27.300  TEMP(K) =   240.26  PRESS =     0.0
 Etot   =   -107816.6808  EKtot   =     16779.6133  EPtot      =   -124596.2941
 BOND   =       207.6857  ANGLE   =       467.5463  DIHED      =      1064.4702
 1-4 NB =       287.5743  1-4 EEL =     -3818.0157  VDWAALS    =     17845.5268
 EELEC  =   -140651.0817  EHBOND  =         0.0000  RESTRAINT  =         0.0000
 ------------------------------------------------------------------------------


 NSTEP =     3700   TIME(PS) =      27.400  TEMP(K) =   239.68  PRESS =     0.0
 Etot   =   -107749.4417  EKtot   =     16739.5430  EPtot      =   -124488.9846
 BOND   =       231.2817  ANGLE   =       445.5488  DIHED      =      1033.5085
 1-4 NB =       277.4263  1-4 EEL =     -3788.5865  VDWAALS    =     18132.5413
 EELEC  =   -140820.7048  EHBOND  =         0.0000  RESTRAINT  =         0.0000
 ------------------------------------------------------------------------------


 NSTEP =     3750   TIME(PS) =      27.500  TEMP(K) =   239.64  PRESS =     0.0
 Etot   =   -107681.2378  EKtot   =     16736.4219  EPtot      =   -124417.6597
 BOND   =       215.4356  ANGLE   =       459.0430  DIHED      =      1046.4790
 1-4 NB =       284.6004  1-4 EEL =     -3768.2185  VDWAALS    =     17811.6761
 EELEC  =   -140466.6754  EHBOND  =         0.0000  RESTRAINT  =         0.0000
 ------------------------------------------------------------------------------


 NSTEP =     3800   TIME(PS) =      27.600  TEMP(K) =   240.97  PRESS =     0.0
 Etot   =   -107607.1134  EKtot   =     16829.0273  EPtot      =   -124436.1407
 BOND   =       212.4278  ANGLE   =       458.1009  DIHED      =      1052.7367
 1-4 NB =       280.3813  1-4 EEL =     -3765.7981  VDWAALS    =     17795.3014
 EELEC  =   -140469.2908  EHBOND  =         0.0000  RESTRAINT  =         0.0000
 ------------------------------------------------------------------------------


 NSTEP =     3850   TIME(PS) =      27.700  TEMP(K) =   241.46  PRESS =     0.0
 Etot   =   -107545.3121  EKtot   =     16863.4375  EPtot      =   -124408.7496
 BOND   =       214.9770  ANGLE   =       465.1921  DIHED      =      1061.7698
 1-4 NB =       285.7893  1-4 EEL =     -3768.1102  VDWAALS    =     17912.3858
 EELEC  =   -140580.7533  EHBOND  =         0.0000  RESTRAINT  =         0.0000
 ------------------------------------------------------------------------------


 NSTEP =     3900   TIME(PS) =      27.800  TEMP(K) =   240.21  PRESS =     0.0
 Etot   =   -107479.0203  EKtot   =     16776.3965  EPtot      =   -124255.4167
 BOND   =       203.0613  ANGLE   =       462.8133  DIHED      =      1060.7444
 1-4 NB =       282.3766  1-4 EEL =     -3768.9113  VDWAALS    =     17629.0865
 EELEC  =   -140124.5876  EHBOND  =         0.0000  RESTRAINT  =         0.0000
 ------------------------------------------------------------------------------


 NSTEP =     3950   TIME(PS) =      27.900  TEMP(K) =   239.84  PRESS =     0.0
 Etot   =   -107414.1017  EKtot   =     16750.3906  EPtot      =   -124164.4923
 BOND   =       220.9879  ANGLE   =       452.1803  DIHED      =      1067.5458
 1-4 NB =       284.2118  1-4 EEL =     -3756.8667  VDWAALS    =     17963.8276
 EELEC  =   -140396.3789  EHBOND  =         0.0000  RESTRAINT  =         0.0000
 ------------------------------------------------------------------------------

check COM velocity, temp:        0.000005     0.00(Removed)

 NSTEP =     4000   TIME(PS) =      28.000  TEMP(K) =   240.76  PRESS =     0.0
 Etot   =   -107350.1635  EKtot   =     16814.7949  EPtot      =   -124164.9584
 BOND   =       222.0140  ANGLE   =       475.8360  DIHED      =      1059.3801
 1-4 NB =       278.1126  1-4 EEL =     -3766.5701  VDWAALS    =     17766.7521
 EELEC  =   -140200.4831  EHBOND  =         0.0000  RESTRAINT  =         0.0000
 ------------------------------------------------------------------------------


      A V E R A G E S   O V E R      80 S T E P S


 NSTEP =     4000   TIME(PS) =      28.000  TEMP(K) =   224.14  PRESS =     0.0
 Etot   =   -111555.8008  EKtot   =     15654.2311  EPtot      =   -127210.0319
 BOND   =       186.6379  ANGLE   =       411.2229  DIHED      =      1043.3601
 1-4 NB =       280.0292  1-4 EEL =     -3766.6860  VDWAALS    =     19086.2575
 EELEC  =   -144450.8535  EHBOND  =         0.0000  RESTRAINT  =         0.0000
 ------------------------------------------------------------------------------


      R M S  F L U C T U A T I O N S


 NSTEP =     4000   TIME(PS) =      28.000  TEMP(K) =    14.73  PRESS =     0.0
 Etot   =      3203.6087  EKtot   =      1028.6746  EPtot      =      2182.2647
 BOND   =        24.0431  ANGLE   =        39.4002  DIHED      =        12.4558
 1-4 NB =         5.5431  1-4 EEL =        15.3313  VDWAALS    =       916.9385
 EELEC  =      3021.9008  EHBOND  =         0.0000  RESTRAINT  =         0.0000
 ------------------------------------------------------------------------------

--------------------------------------------------------------------------------
   5.  TIMINGS
--------------------------------------------------------------------------------

|  NonSetup CPU Time in Major Routines:
|
|     Routine           Sec        %
|     ------------------------------
|     Nonbond           2.77   15.36
|     Bond              0.00    0.00
|     Angle             0.00    0.00
|     Dihedral          0.00    0.00
|     Shake             0.04    0.22
|     RunMD            15.19   84.33
|     Other             0.02    0.09
|     ------------------------------
|     Total            18.02

|  PME Nonbond Pairlist CPU Time:
|
|     Routine              Sec        %
|     ---------------------------------
|     Set Up Cit           0.00    0.00
|     Build List           0.00    0.00
|     ---------------------------------
|     Total                0.00    0.00

|  PME Direct Force CPU Time:
|
|     Routine              Sec        %
|     ---------------------------------
|     NonBonded Calc       0.00    0.00
|     Exclude Masked       0.00    0.00
|     Other                0.01    0.06
|     ---------------------------------
|     Total                0.01    0.06

|  PME Reciprocal Force CPU Time:
|
|     Routine              Sec        %
|     ---------------------------------
|     1D bspline           0.00    0.00
|     Grid Charges         0.00    0.00
|     Scalar Sum           0.00    0.00
|     Gradient Sum         0.00    0.00
|     FFT                  0.00    0.00
|     ---------------------------------
|     Total                0.00    0.00

|  Final Performance Info:
|     -----------------------------------------------------
|     Average timings for last    3950 steps:
|     Elapsed(s) =      35.61 Per Step(ms) =       9.01
|         ns/day =      19.17   seconds/ns =    4507.06
|
|     Average timings for all steps:
|     Elapsed(s) =      36.04 Per Step(ms) =       9.01
|         ns/day =      19.18   seconds/ns =    4505.60
|     -----------------------------------------------------

|  Setup CPU time:            1.38 seconds
|  NonSetup CPU time:        18.02 seconds
|  Total CPU time:           19.40 seconds     0.01 hours

|  Setup wall time:           3    seconds
|  NonSetup wall time:       36    seconds
|  Total wall time:          39    seconds     0.01 hours
