
          -------------------------------------------------------
          Amber 16 PMEMD                              2016
          -------------------------------------------------------

| PMEMD implementation of SANDER, Release 16

| Run on 10/15/2020 at 14:35:23

|   Executable path: pmemd.cuda
| Working directory: /home/kyq/T7RNADNA/newDG
|          Hostname: gpu01

  [-O]verwriting output

File Assignments:
|   MDIN: min2.in                                                               
|  MDOUT: cmp_min2.out                                                          
| INPCRD: cmp_min1.rst                                                          
|   PARM: cmp.prmtop                                                            
| RESTRT: cmp_min2.rst                                                          
|   REFC: cmp.inpcrd                                                            
|  MDVEL: mdvel                                                                 
|   MDEN: mden                                                                  
|  MDCRD: mdcrd                                                                 
| MDINFO: mdinfo                                                                
|  MDFRC: mdfrc                                                                 

 
 Here is the input file:
 
Initial minimisation of our structures                                         
 &cntrl                                                                        
  imin=1, maxcyc=10000, ncyc=5000,                                             
  cut=10, ntb=1,ntr=1,                                                         
  restraint_wt=2.0                                                             
  restraintmask=':1-34@C5'                                                     
                                                                               
/                                                                              


Note: ig = -1. Setting random seed to   691425 based on wallclock time in 
      microseconds.
 
|--------------------- INFORMATION ----------------------
| GPU (CUDA) Version of PMEMD in use: NVIDIA GPU IN USE.
|                    Version 16.0.0
| 
|                      02/25/2016
| 
| Implementation by:
|                    Ross C. Walker     (SDSC)
|                    Scott Le Grand     (nVIDIA)
| 
| Precision model in use:
|      [SPFP] - Single Precision Forces, 64-bit Fixed Point
|               Accumulation. (Default)
| 
|--------------------------------------------------------
 
|----------------- CITATION INFORMATION -----------------
|
|    When publishing work that utilized the CUDA version
|    of AMBER, please cite the following in addition to
|    the regular AMBER citations:
|
|  - Romelia Salomon-Ferrer; Andreas W. Goetz; Duncan
|    Poole; Scott Le Grand; Ross C. Walker "Routine
|    microsecond molecular dynamics simulations with
|    AMBER - Part II: Particle Mesh Ewald", J. Chem.
|    Theory Comput., 2013, 9 (9), pp3878-3888,
|    DOI: 10.1021/ct400314y.
|
|  - Andreas W. Goetz; Mark J. Williamson; Dong Xu;
|    Duncan Poole; Scott Le Grand; Ross C. Walker
|    "Routine microsecond molecular dynamics simulations
|    with AMBER - Part I: Generalized Born", J. Chem.
|    Theory Comput., 2012, 8 (5), pp1542-1555.
|
|  - Scott Le Grand; Andreas W. Goetz; Ross C. Walker
|    "SPFP: Speed without compromise - a mixed precision
|    model for GPU accelerated molecular dynamics
|    simulations.", Comp. Phys. Comm., 2013, 184
|    pp374-380, DOI: 10.1016/j.cpc.2012.09.022
|
|--------------------------------------------------------
 
|------------------- GPU DEVICE INFO --------------------
|
|            CUDA_VISIBLE_DEVICES: 0
|   CUDA Capable Devices Detected:      1
|           CUDA Device ID in use:      0
|                CUDA Device Name: Tesla P100-PCIE-16GB
|     CUDA Device Global Mem Size:  16276 MB
| CUDA Device Num Multiprocessors:     56
|           CUDA Device Core Freq:   1.33 GHz
|
|--------------------------------------------------------
 
 
| Conditional Compilation Defines Used:
| PUBFFT
| BINTRAJ
| CUDA
| EMIL
 
| Largest sphere to fit in unit cell has radius =    32.955

| New format PARM file being parsed.
| Version =    1.000 Date = 10/15/20 Time = 14:34:18

| Note: 1-4 EEL scale factors are being read from the topology file.

| Note: 1-4 VDW scale factors are being read from the topology file.
| Duplicated    0 dihedrals

| Duplicated    0 dihedrals

--------------------------------------------------------------------------------
   1.  RESOURCE   USE: 
--------------------------------------------------------------------------------

 getting box info from netcdf restart file
 NATOM  =   35940 NTYPES =      18 NBONH =   35217 MBONA  =     774
 NTHETH =     898 MTHETA =    1191 NPHIH =    1825 MPHIA  =    2463
 NHPARM =       0 NPARM  =       0 NNB   =   52442 NRES   =   11678
 NBONA  =     774 NTHETA =    1191 NPHIA =    2463 NUMBND =      61
 NUMANG =     127 NPTRA  =      75 NATYP =      34 NPHB   =       1
 IFBOX  =       2 NMXRS  =      33 IFCAP =       0 NEXTRA =       0
 NCOPY  =       0

| Coordinate Index Table dimensions:    13   13   13
| Direct force subcell size =     6.2094    6.2094    6.2094

     BOX TYPE: TRUNCATED OCTAHEDRON

--------------------------------------------------------------------------------
   2.  CONTROL  DATA  FOR  THE  RUN
--------------------------------------------------------------------------------

default_name                                                                    

General flags:
     imin    =       1, nmropt  =       0

Nature and format of input:
     ntx     =       1, irest   =       0, ntrx    =       1

Nature and format of output:
     ntxo    =       2, ntpr    =      50, ntrx    =       1, ntwr    =       1
     iwrap   =       0, ntwx    =       0, ntwv    =       0, ntwe    =       0
     ioutfm  =       1, ntwprt  =       0, idecomp =       0, rbornstat=      0

Potential function:
     ntf     =       1, ntb     =       1, igb     =       0, nsnb    =      25
     ipol    =       0, gbsa    =       0, iesp    =       0
     dielc   =   1.00000, cut     =  10.00000, intdiel =   1.00000

Frozen or restrained atoms:
     ibelly  =       0, ntr     =       1
     restraint_wt =   2.00000

Energy minimization:
     maxcyc  =   10000, ncyc    =    5000, ntmin   =       1
     dx0     =   0.01000, drms    =   0.00010

| Intermolecular bonds treatment:
|     no_intermolecular_bonds =       1

| Energy averages sample interval:
|     ene_avg_sampling =       1

Ewald parameters:
     verbose =       0, ew_type =       0, nbflag  =       1, use_pme =       1
     vdwmeth =       1, eedmeth =       1, netfrc  =       0
     Box X =   80.723   Box Y =   80.723   Box Z =   80.723
     Alpha =  109.471   Beta  =  109.471   Gamma =  109.471
     NFFT1 =   84       NFFT2 =   84       NFFT3 =   84
     Cutoff=   10.000   Tol   =0.100E-04
     Ewald Coefficient =  0.27511
     Interpolation order =    4

    LOADING THE CONSTRAINED ATOMS AS GROUPS


   5.  REFERENCE ATOM COORDINATES

  default_name                                                                    
     Mask :1-34@C5; matches    34 atoms

--------------------------------------------------------------------------------
   3.  ATOMIC COORDINATES AND VELOCITIES
--------------------------------------------------------------------------------

default_name                                                                    
 begin time read from input coords =     0.000 ps

 
 Number of triangulated 3-point waters found:    11612

     Sum of charges from parm topology file =   0.00000020
     Forcing neutrality...

| Dynamic Memory, Types Used:
| Reals             1079395
| Integers           900306

| Nonbonded Pairs Initial Allocation:    10870951

| GPU memory information (estimate):
| KB of GPU memory in use:    169321
| KB of CPU memory in use:     58189

--------------------------------------------------------------------------------
   4.  RESULTS
--------------------------------------------------------------------------------

 ---------------------------------------------------
 APPROXIMATING switch and d/dx switch using CUBIC SPLINE INTERPOLATION
 using   5000.0 points per unit in tabled values
 TESTING RELATIVE ERROR over r ranging from 0.0 to cutoff
| CHECK switch(x): max rel err =   0.3316E-14   at   2.351880
| CHECK d/dx switch(x): max rel err =   0.8066E-11   at   2.747240
 ---------------------------------------------------
|---------------------------------------------------
| APPROXIMATING direct energy using CUBIC SPLINE INTERPOLATION
|  with   50.0 points per unit in tabled values
| Relative Error Limit not exceeded for r .gt.   2.34
| APPROXIMATING direct force using CUBIC SPLINE INTERPOLATION
|  with   50.0 points per unit in tabled values
| Relative Error Limit not exceeded for r .gt.   2.81
|---------------------------------------------------


   NSTEP       ENERGY          RMS            GMAX         NAME    NUMBER
      1      -1.5742E+05     1.9027E-01     1.1335E+01     P         596

 BOND    =    11659.8631  ANGLE   =      165.1275  DIHED      =      958.8302
 VDWAALS =    29693.9802  EEL     =  -195358.1335  HBOND      =        0.0000
 1-4 VDW =      263.0221  1-4 EEL =    -4805.4579  RESTRAINT  =        0.5859
 EAMBER  =  -157422.7684


   NSTEP       ENERGY          RMS            GMAX         NAME    NUMBER
     50      -1.5745E+05     1.5749E-01     6.4910E+00     H1      24143

 BOND    =    11659.7548  ANGLE   =      167.3538  DIHED      =      957.7847
 VDWAALS =    29705.0489  EEL     =  -195389.9688  HBOND      =        0.0000
 1-4 VDW =      261.4005  1-4 EEL =    -4811.5094  RESTRAINT  =        0.7168
 EAMBER  =  -157450.1354


   NSTEP       ENERGY          RMS            GMAX         NAME    NUMBER
    100      -1.5746E+05     2.2108E-01     1.1416E+01     P         596

 BOND    =    11657.7494  ANGLE   =      168.8004  DIHED      =      956.9100
 VDWAALS =    29713.8495  EEL     =  -195409.0549  HBOND      =        0.0000
 1-4 VDW =      260.8979  1-4 EEL =    -4812.7140  RESTRAINT  =        0.8460
 EAMBER  =  -157463.5616


   NSTEP       ENERGY          RMS            GMAX         NAME    NUMBER
    150      -1.5748E+05     7.0099E-02     9.6771E+00     P         596

 BOND    =    11665.2808  ANGLE   =      169.4451  DIHED      =      956.5539
 VDWAALS =    29722.2263  EEL     =  -195437.8637  HBOND      =        0.0000
 1-4 VDW =      260.4724  1-4 EEL =    -4813.0911  RESTRAINT  =        0.9736
 EAMBER  =  -157476.9762


   NSTEP       ENERGY          RMS            GMAX         NAME    NUMBER
    200      -1.5749E+05     1.7708E-01     3.5518E+01     P         596

 BOND    =    11666.8341  ANGLE   =      169.9413  DIHED      =      956.4865
 VDWAALS =    29730.8192  EEL     =  -195459.8935  HBOND      =        0.0000
 1-4 VDW =      260.0287  1-4 EEL =    -4813.2303  RESTRAINT  =        1.1059
 EAMBER  =  -157489.0140


   NSTEP       ENERGY          RMS            GMAX         NAME    NUMBER
    250      -1.5750E+05     5.3238E-02     3.9375E+00     P         596

 BOND    =    11668.1982  ANGLE   =      169.5349  DIHED      =      956.6009
 VDWAALS =    29738.5470  EEL     =  -195480.1566  HBOND      =        0.0000
 1-4 VDW =      259.8553  1-4 EEL =    -4813.1129  RESTRAINT  =        1.2264
 EAMBER  =  -157500.5332


   NSTEP       ENERGY          RMS            GMAX         NAME    NUMBER
    300      -1.5751E+05     1.6878E-01     3.4733E+01     P         596

 BOND    =    11670.0942  ANGLE   =      169.4676  DIHED      =      956.8198
 VDWAALS =    29746.4055  EEL     =  -195500.2927  HBOND      =        0.0000
 1-4 VDW =      259.6536  1-4 EEL =    -4813.0374  RESTRAINT  =        1.3479
 EAMBER  =  -157510.8894


   NSTEP       ENERGY          RMS            GMAX         NAME    NUMBER
    350      -1.5752E+05     2.2117E-01     4.4659E+01     P         596

 BOND    =    11671.9510  ANGLE   =      169.2375  DIHED      =      957.0882
 VDWAALS =    29753.8640  EEL     =  -195519.2985  HBOND      =        0.0000
 1-4 VDW =      259.5073  1-4 EEL =    -4812.9582  RESTRAINT  =        1.4642
 EAMBER  =  -157520.6087


   NSTEP       ENERGY          RMS            GMAX         NAME    NUMBER
    400      -1.5753E+05     1.3027E-01     2.1981E+01     P         596

 BOND    =    11672.6560  ANGLE   =      169.0114  DIHED      =      957.3770
 VDWAALS =    29761.3568  EEL     =  -195537.7868  HBOND      =        0.0000
 1-4 VDW =      259.2455  1-4 EEL =    -4812.9478  RESTRAINT  =        1.5803
 EAMBER  =  -157531.0880


   NSTEP       ENERGY          RMS            GMAX         NAME    NUMBER
    450      -1.5754E+05     5.8094E-02     4.7248E+00     P         596

 BOND    =    11673.9956  ANGLE   =      168.6527  DIHED      =      957.7027
 VDWAALS =    29768.5166  EEL     =  -195555.7692  HBOND      =        0.0000
 1-4 VDW =      259.1663  1-4 EEL =    -4812.8834  RESTRAINT  =        1.6885
 EAMBER  =  -157540.6186


   NSTEP       ENERGY          RMS            GMAX         NAME    NUMBER
    500      -1.5755E+05     6.3750E-02     3.6903E+00     P         596

 BOND    =    11675.4081  ANGLE   =      168.4089  DIHED      =      958.0388
 VDWAALS =    29775.7257  EEL     =  -195573.5668  HBOND      =        0.0000
 1-4 VDW =      259.0519  1-4 EEL =    -4812.8400  RESTRAINT  =        1.7958
 EAMBER  =  -157549.7734


   NSTEP       ENERGY          RMS            GMAX         NAME    NUMBER
    550      -1.5756E+05     1.6012E-01     9.4206E+00     N9        608

 BOND    =    11677.3084  ANGLE   =      168.0874  DIHED      =      958.3756
 VDWAALS =    29782.7695  EEL     =  -195591.0802  HBOND      =        0.0000
 1-4 VDW =      259.0198  1-4 EEL =    -4812.7954  RESTRAINT  =        1.8993
 EAMBER  =  -157558.3149


   NSTEP       ENERGY          RMS            GMAX         NAME    NUMBER
    600      -1.5757E+05     4.6564E-02     1.4302E+00     H1      29492

 BOND    =    11678.1867  ANGLE   =      167.8257  DIHED      =      958.7052
 VDWAALS =    29789.4901  EEL     =  -195607.5207  HBOND      =        0.0000
 1-4 VDW =      258.8826  1-4 EEL =    -4812.7130  RESTRAINT  =        1.9971
 EAMBER  =  -157567.1434


   NSTEP       ENERGY          RMS            GMAX         NAME    NUMBER
    650      -1.5757E+05     1.3412E-01     8.4786E+00     C4        622

 BOND    =    11679.7082  ANGLE   =      167.6878  DIHED      =      959.0524
 VDWAALS =    29796.4201  EEL     =  -195624.6025  HBOND      =        0.0000
 1-4 VDW =      258.7767  1-4 EEL =    -4812.6227  RESTRAINT  =        2.0969
 EAMBER  =  -157575.5799


   NSTEP       ENERGY          RMS            GMAX         NAME    NUMBER
    700      -1.5758E+05     6.2791E-02     3.1222E+00     N9        608

 BOND    =    11680.9510  ANGLE   =      167.3502  DIHED      =      959.3740
 VDWAALS =    29802.9642  EEL     =  -195640.8449  HBOND      =        0.0000
 1-4 VDW =      258.7610  1-4 EEL =    -4812.6587  RESTRAINT  =        2.1884
 EAMBER  =  -157584.1033


   NSTEP       ENERGY          RMS            GMAX         NAME    NUMBER
    750      -1.5759E+05     1.1459E-01     7.2758E+00     C4        622

 BOND    =    11682.5292  ANGLE   =      167.1257  DIHED      =      959.7154
 VDWAALS =    29809.7733  EEL     =  -195657.5575  HBOND      =        0.0000
 1-4 VDW =      258.7245  1-4 EEL =    -4812.6689  RESTRAINT  =        2.2823
 EAMBER  =  -157592.3583


   NSTEP       ENERGY          RMS            GMAX         NAME    NUMBER
    800      -1.5760E+05     1.7077E-01     1.0472E+01     N9        608

 BOND    =    11684.4003  ANGLE   =      166.7393  DIHED      =      960.0485
 VDWAALS =    29816.2558  EEL     =  -195673.6980  HBOND      =        0.0000
 1-4 VDW =      258.7411  1-4 EEL =    -4812.6511  RESTRAINT  =        2.3720
 EAMBER  =  -157600.1641


   NSTEP       ENERGY          RMS            GMAX         NAME    NUMBER
    850      -1.5761E+05     6.8586E-02     3.7660E+00     C4        622

 BOND    =    11684.8640  ANGLE   =      166.7512  DIHED      =      960.3795
 VDWAALS =    29822.6428  EEL     =  -195689.1039  HBOND      =        0.0000
 1-4 VDW =      258.5767  1-4 EEL =    -4812.5204  RESTRAINT  =        2.4587
 EAMBER  =  -157608.4101


   NSTEP       ENERGY          RMS            GMAX         NAME    NUMBER
    900      -1.5761E+05     1.4355E-01     9.7417E+00     C4        622

 BOND    =    11686.4202  ANGLE   =      166.5478  DIHED      =      960.7047
 VDWAALS =    29828.7791  EEL     =  -195704.2678  HBOND      =        0.0000
 1-4 VDW =      258.5342  1-4 EEL =    -4812.4352  RESTRAINT  =        2.5431
 EAMBER  =  -157615.7170


   NSTEP       ENERGY          RMS            GMAX         NAME    NUMBER
    950      -1.5762E+05     7.7723E-02     4.4004E+00     N9        608

 BOND    =    11687.6803  ANGLE   =      166.3059  DIHED      =      961.0269
 VDWAALS =    29834.9659  EEL     =  -195719.4872  HBOND      =        0.0000
 1-4 VDW =      258.5388  1-4 EEL =    -4812.6092  RESTRAINT  =        2.6252
 EAMBER  =  -157623.5786


   NSTEP       ENERGY          RMS            GMAX         NAME    NUMBER
   1000      -1.5763E+05     1.2094E-01     7.6235E+00     C4        622

 BOND    =    11689.1572  ANGLE   =      166.1488  DIHED      =      961.3371
 VDWAALS =    29840.9603  EEL     =  -195734.2926  HBOND      =        0.0000
 1-4 VDW =      258.5174  1-4 EEL =    -4812.6613  RESTRAINT  =        2.7051
 EAMBER  =  -157630.8331


   NSTEP       ENERGY          RMS            GMAX         NAME    NUMBER
   1050      -1.5764E+05     1.7529E-01     1.0747E+01     C4        622

 BOND    =    11690.7143  ANGLE   =      166.1712  DIHED      =      961.6451
 VDWAALS =    29847.1809  EEL     =  -195749.6318  HBOND      =        0.0000
 1-4 VDW =      258.4528  1-4 EEL =    -4812.7941  RESTRAINT  =        2.7869
 EAMBER  =  -157638.2617


   NSTEP       ENERGY          RMS            GMAX         NAME    NUMBER
   1100      -1.5764E+05     1.0416E-01     6.0851E+00     C2        400

 BOND    =    11691.3967  ANGLE   =      165.9041  DIHED      =      961.9128
 VDWAALS =    29853.1159  EEL     =  -195764.2385  HBOND      =        0.0000
 1-4 VDW =      258.3780  1-4 EEL =    -4812.4871  RESTRAINT  =        2.8667
 EAMBER  =  -157646.0181


   NSTEP       ENERGY          RMS            GMAX         NAME    NUMBER
   1150      -1.5765E+05     1.5710E-01     1.1748E+01     C6        613

 BOND    =    11693.1086  ANGLE   =      165.5466  DIHED      =      962.1379
 VDWAALS =    29858.9813  EEL     =  -195778.9352  HBOND      =        0.0000
 1-4 VDW =      258.4067  1-4 EEL =    -4812.4262  RESTRAINT  =        2.9428
 EAMBER  =  -157653.1802


   NSTEP       ENERGY          RMS            GMAX         NAME    NUMBER
   1200      -1.5766E+05     8.8371E-02     5.4531E+00     C2        400

 BOND    =    11694.1992  ANGLE   =      165.6602  DIHED      =      962.3215
 VDWAALS =    29865.0877  EEL     =  -195793.5108  HBOND      =        0.0000
 1-4 VDW =      258.3194  1-4 EEL =    -4812.8243  RESTRAINT  =        3.0166
 EAMBER  =  -157660.7471


   NSTEP       ENERGY          RMS            GMAX         NAME    NUMBER
   1250      -1.5766E+05     1.4816E-01     9.5048E+00     C2        400

 BOND    =    11696.2582  ANGLE   =      165.1512  DIHED      =      962.4795
 VDWAALS =    29871.1134  EEL     =  -195808.2864  HBOND      =        0.0000
 1-4 VDW =      258.4074  1-4 EEL =    -4812.8782  RESTRAINT  =        3.0901
 EAMBER  =  -157667.7548


   NSTEP       ENERGY          RMS            GMAX         NAME    NUMBER
   1300      -1.5767E+05     4.3798E-02     1.4671E+00     C2        400

 BOND    =    11696.4917  ANGLE   =      165.3545  DIHED      =      962.6309
 VDWAALS =    29877.2585  EEL     =  -195822.2322  HBOND      =        0.0000
 1-4 VDW =      258.2573  1-4 EEL =    -4812.7984  RESTRAINT  =        3.1626
 EAMBER  =  -157675.0377


   NSTEP       ENERGY          RMS            GMAX         NAME    NUMBER
   1350      -1.5768E+05     1.1238E-01     8.7598E+00     C2        400

 BOND    =    11697.5917  ANGLE   =      165.3878  DIHED      =      962.8153
 VDWAALS =    29883.7194  EEL     =  -195836.9312  HBOND      =        0.0000
 1-4 VDW =      258.1997  1-4 EEL =    -4812.7455  RESTRAINT  =        3.2371
 EAMBER  =  -157681.9630


   NSTEP       ENERGY          RMS            GMAX         NAME    NUMBER
   1400      -1.5769E+05     5.0763E-02     2.8644E+00     C2        400

 BOND    =    11699.3009  ANGLE   =      164.9408  DIHED      =      963.0266
 VDWAALS =    29889.8057  EEL     =  -195851.1361  HBOND      =        0.0000
 1-4 VDW =      258.2576  1-4 EEL =    -4812.9772  RESTRAINT  =        3.3050
 EAMBER  =  -157688.7817


   NSTEP       ENERGY          RMS            GMAX         NAME    NUMBER
   1450      -1.5769E+05     9.4791E-02     7.4750E+00     C2        400

 BOND    =    11700.9251  ANGLE   =      164.6920  DIHED      =      963.2660
 VDWAALS =    29895.9724  EEL     =  -195865.2302  HBOND      =        0.0000
 1-4 VDW =      258.2794  1-4 EEL =    -4813.0971  RESTRAINT  =        3.3737
 EAMBER  =  -157695.1922


   NSTEP       ENERGY          RMS            GMAX         NAME    NUMBER
   1500      -1.5770E+05     4.3903E-02     1.9844E+00     C2        400

 BOND    =    11701.6340  ANGLE   =      164.6702  DIHED      =      963.5149
 VDWAALS =    29902.0125  EEL     =  -195878.7402  HBOND      =        0.0000
 1-4 VDW =      258.2321  1-4 EEL =    -4812.9871  RESTRAINT  =        3.4408
 EAMBER  =  -157701.6635


   NSTEP       ENERGY          RMS            GMAX         NAME    NUMBER
   1550      -1.5770E+05     5.8361E-02     3.9213E+00     C2        400

 BOND    =    11702.8045  ANGLE   =      164.5912  DIHED      =      963.7811
 VDWAALS =    29908.0578  EEL     =  -195892.2952  HBOND      =        0.0000
 1-4 VDW =      258.2097  1-4 EEL =    -4813.0065  RESTRAINT  =        3.5072
 EAMBER  =  -157707.8575


   NSTEP       ENERGY          RMS            GMAX         NAME    NUMBER
   1600      -1.5771E+05     1.1542E-01     9.2583E+00     C2        400

 BOND    =    11704.0716  ANGLE   =      164.4785  DIHED      =      964.0559
 VDWAALS =    29914.0513  EEL     =  -195905.8557  HBOND      =        0.0000
 1-4 VDW =      258.2074  1-4 EEL =    -4812.9376  RESTRAINT  =        3.5729
 EAMBER  =  -157713.9286


   NSTEP       ENERGY          RMS            GMAX         NAME    NUMBER
   1650      -1.5772E+05     4.9066E-02     2.9701E+00     C2        400

 BOND    =    11705.7217  ANGLE   =      164.1976  DIHED      =      964.3458
 VDWAALS =    29920.1806  EEL     =  -195919.9865  HBOND      =        0.0000
 1-4 VDW =      258.2268  1-4 EEL =    -4813.2093  RESTRAINT  =        3.6386
 EAMBER  =  -157720.5233


   NSTEP       ENERGY          RMS            GMAX         NAME    NUMBER
   1700      -1.5772E+05     1.0493E-01     9.0424E+00     C2        400

 BOND    =    11707.5435  ANGLE   =      163.9120  DIHED      =      964.6290
 VDWAALS =    29926.1848  EEL     =  -195933.8636  HBOND      =        0.0000
 1-4 VDW =      258.2664  1-4 EEL =    -4813.3320  RESTRAINT  =        3.7023
 EAMBER  =  -157726.6600


   NSTEP       ENERGY          RMS            GMAX         NAME    NUMBER
   1750      -1.5773E+05     1.5419E-01     1.2282E+01     C2        400

 BOND    =    11709.3968  ANGLE   =      163.5695  DIHED      =      964.9050
 VDWAALS =    29932.2211  EEL     =  -195947.6885  HBOND      =        0.0000
 1-4 VDW =      258.3311  1-4 EEL =    -4813.3793  RESTRAINT  =        3.7642
 EAMBER  =  -157732.6443


   NSTEP       ENERGY          RMS            GMAX         NAME    NUMBER
   1800      -1.5774E+05     8.6578E-02     7.0064E+00     C2        400

 BOND    =    11709.3956  ANGLE   =      163.8736  DIHED      =      965.1683
 VDWAALS =    29938.5539  EEL     =  -195961.2218  HBOND      =        0.0000
 1-4 VDW =      258.2135  1-4 EEL =    -4813.1341  RESTRAINT  =        3.8268
 EAMBER  =  -157739.1510


   NSTEP       ENERGY          RMS            GMAX         NAME    NUMBER
   1850      -1.5774E+05     1.4044E-01     1.2675E+01     C2        400

 BOND    =    11710.3041  ANGLE   =      164.1919  DIHED      =      965.4335
 VDWAALS =    29945.0030  EEL     =  -195974.9788  HBOND      =        0.0000
 1-4 VDW =      258.1131  1-4 EEL =    -4813.1417  RESTRAINT  =        3.8891
 EAMBER  =  -157745.0750


   NSTEP       ENERGY          RMS            GMAX         NAME    NUMBER
   1900      -1.5775E+05     4.1338E-02     1.7788E+00     C2        400

 BOND    =    11712.1728  ANGLE   =      163.6436  DIHED      =      965.6969
 VDWAALS =    29951.2214  EEL     =  -195989.0371  HBOND      =        0.0000
 1-4 VDW =      258.1868  1-4 EEL =    -4813.3804  RESTRAINT  =        3.9484
 EAMBER  =  -157751.4959


   NSTEP       ENERGY          RMS            GMAX         NAME    NUMBER
   1950      -1.5775E+05     1.1351E-01     1.0483E+01     C2        400

 BOND    =    11714.1739  ANGLE   =      163.3125  DIHED      =      965.9567
 VDWAALS =    29957.6123  EEL     =  -196003.1755  HBOND      =        0.0000
 1-4 VDW =      258.2398  1-4 EEL =    -4813.5262  RESTRAINT  =        4.0084
 EAMBER  =  -157757.4065


   NSTEP       ENERGY          RMS            GMAX         NAME    NUMBER
   2000      -1.5776E+05     1.5918E-01     1.3144E+01     C2        400

 BOND    =    11715.9610  ANGLE   =      162.9407  DIHED      =      966.1975
 VDWAALS =    29963.7834  EEL     =  -196016.5796  HBOND      =        0.0000
 1-4 VDW =      258.3216  1-4 EEL =    -4813.5383  RESTRAINT  =        4.0650
 EAMBER  =  -157762.9137


   NSTEP       ENERGY          RMS            GMAX         NAME    NUMBER
   2050      -1.5776E+05     6.9606E-02     5.6382E+00     C2        400

 BOND    =    11715.5598  ANGLE   =      163.4870  DIHED      =      966.4237
 VDWAALS =    29970.2703  EEL     =  -196029.5629  HBOND      =        0.0000
 1-4 VDW =      258.1574  1-4 EEL =    -4813.3394  RESTRAINT  =        4.1227
 EAMBER  =  -157769.0042


   NSTEP       ENERGY          RMS            GMAX         NAME    NUMBER
   2100      -1.5777E+05     1.3610E-01     1.1740E+01     C2        400

 BOND    =    11716.5390  ANGLE   =      163.6966  DIHED      =      966.6523
 VDWAALS =    29976.8179  EEL     =  -196043.1388  HBOND      =        0.0000
 1-4 VDW =      258.1028  1-4 EEL =    -4813.2989  RESTRAINT  =        4.1803
 EAMBER  =  -157774.6291


   NSTEP       ENERGY          RMS            GMAX         NAME    NUMBER
   2150      -1.5778E+05     7.7184E-02     6.5467E+00     C2        400

 BOND    =    11718.9007  ANGLE   =      162.9161  DIHED      =      966.8803
 VDWAALS =    29983.0417  EEL     =  -196056.9610  HBOND      =        0.0000
 1-4 VDW =      258.2420  1-4 EEL =    -4813.5407  RESTRAINT  =        4.2350
 EAMBER  =  -157780.5209


   NSTEP       ENERGY          RMS            GMAX         NAME    NUMBER
   2200      -1.5778E+05     1.1563E-01     9.2846E+00     C2        400

 BOND    =    11720.0360  ANGLE   =      163.1474  DIHED      =      967.0905
 VDWAALS =    29989.4514  EEL     =  -196070.2086  HBOND      =        0.0000
 1-4 VDW =      258.1620  1-4 EEL =    -4813.6789  RESTRAINT  =        4.2899
 EAMBER  =  -157786.0003


   NSTEP       ENERGY          RMS            GMAX         NAME    NUMBER
   2250      -1.5779E+05     5.6689E-02     4.2983E+00     C2        400

 BOND    =    11720.7982  ANGLE   =      162.9126  DIHED      =      967.2887
 VDWAALS =    29995.8892  EEL     =  -196083.5712  HBOND      =        0.0000
 1-4 VDW =      258.2238  1-4 EEL =    -4813.3969  RESTRAINT  =        4.3417
 EAMBER  =  -157791.8555


   NSTEP       ENERGY          RMS            GMAX         NAME    NUMBER
   2300      -1.5779E+05     9.9291E-02     9.4060E+00     C2        400

 BOND    =    11721.8807  ANGLE   =      162.9653  DIHED      =      967.4854
 VDWAALS =    30002.3991  EEL     =  -196096.9501  HBOND      =        0.0000
 1-4 VDW =      258.2074  1-4 EEL =    -4813.3356  RESTRAINT  =        4.3943
 EAMBER  =  -157797.3478


   NSTEP       ENERGY          RMS            GMAX         NAME    NUMBER
   2350      -1.5780E+05     1.3704E-01     1.3411E+01     C2        400

 BOND    =    11723.0237  ANGLE   =      163.0379  DIHED      =      967.6767
 VDWAALS =    30008.9894  EEL     =  -196110.3869  HBOND      =        0.0000
 1-4 VDW =      258.1868  1-4 EEL =    -4813.2995  RESTRAINT  =        4.4465
 EAMBER  =  -157802.7719


   NSTEP       ENERGY          RMS            GMAX         NAME    NUMBER
   2400      -1.5780E+05     6.0845E-02     5.0094E+00     C2        400

 BOND    =    11725.0948  ANGLE   =      162.5129  DIHED      =      967.8745
 VDWAALS =    30015.4941  EEL     =  -196124.0966  HBOND      =        0.0000
 1-4 VDW =      258.2613  1-4 EEL =    -4813.5994  RESTRAINT  =        4.4993
 EAMBER  =  -157808.4584


   NSTEP       ENERGY          RMS            GMAX         NAME    NUMBER
   2450      -1.5781E+05     1.1884E-01     1.1010E+01     C2        400

 BOND    =    11726.6520  ANGLE   =      162.5186  DIHED      =      968.0628
 VDWAALS =    30022.0692  EEL     =  -196137.2597  HBOND      =        0.0000
 1-4 VDW =      258.2418  1-4 EEL =    -4813.7469  RESTRAINT  =        4.5519
 EAMBER  =  -157813.4621


   NSTEP       ENERGY          RMS            GMAX         NAME    NUMBER
   2500      -1.5781E+05     6.6819E-02     5.8743E+00     C2        400

 BOND    =    11727.0313  ANGLE   =      162.4920  DIHED      =      968.2350
 VDWAALS =    30028.4471  EEL     =  -196149.6830  HBOND      =        0.0000
 1-4 VDW =      258.2664  1-4 EEL =    -4813.4336  RESTRAINT  =        4.6007
 EAMBER  =  -157818.6448


   NSTEP       ENERGY          RMS            GMAX         NAME    NUMBER
   2550      -1.5782E+05     1.0914E-01     1.0190E+01     C6        613

 BOND    =    11728.5594  ANGLE   =      162.1293  DIHED      =      968.4086
 VDWAALS =    30034.3932  EEL     =  -196161.8426  HBOND      =        0.0000
 1-4 VDW =      258.3629  1-4 EEL =    -4813.3564  RESTRAINT  =        4.6489
 EAMBER  =  -157823.3456


   NSTEP       ENERGY          RMS            GMAX         NAME    NUMBER
   2600      -1.5782E+05     1.4567E-01     1.4185E+01     C2        400

 BOND    =    11728.9920  ANGLE   =      162.6413  DIHED      =      968.5746
 VDWAALS =    30040.2487  EEL     =  -196173.2487  HBOND      =        0.0000
 1-4 VDW =      258.2406  1-4 EEL =    -4813.3362  RESTRAINT  =        4.6981
 EAMBER  =  -157827.8878


   NSTEP       ENERGY          RMS            GMAX         NAME    NUMBER
   2650      -1.5783E+05     8.7280E-02     7.5272E+00     C2        400

 BOND    =    11730.9863  ANGLE   =      162.1845  DIHED      =      968.7539
 VDWAALS =    30045.7928  EEL     =  -196185.1404  HBOND      =        0.0000
 1-4 VDW =      258.2917  1-4 EEL =    -4813.7107  RESTRAINT  =        4.7494
 EAMBER  =  -157832.8419


   NSTEP       ENERGY          RMS            GMAX         NAME    NUMBER
   2700      -1.5783E+05     3.9365E-02     2.2259E+00     C2        400

 BOND    =    11731.6222  ANGLE   =      162.0725  DIHED      =      968.9108
 VDWAALS =    30051.0591  EEL     =  -196196.0784  HBOND      =        0.0000
 1-4 VDW =      258.3318  1-4 EEL =    -4813.5162  RESTRAINT  =        4.7945
 EAMBER  =  -157837.5982


   NSTEP       ENERGY          RMS            GMAX         NAME    NUMBER
   2750      -1.5784E+05     7.5895E-02     6.5924E+00     C2        400

 BOND    =    11732.3878  ANGLE   =      162.1952  DIHED      =      969.0714
 VDWAALS =    30056.2925  EEL     =  -196207.0036  HBOND      =        0.0000
 1-4 VDW =      258.3079  1-4 EEL =    -4813.4709  RESTRAINT  =        4.8419
 EAMBER  =  -157842.2198


   NSTEP       ENERGY          RMS            GMAX         NAME    NUMBER
   2800      -1.5784E+05     1.0800E-01     8.5925E+00     C2        400

 BOND    =    11733.7718  ANGLE   =      161.7993  DIHED      =      969.2312
 VDWAALS =    30061.2358  EEL     =  -196217.9721  HBOND      =        0.0000
 1-4 VDW =      258.4231  1-4 EEL =    -4813.3573  RESTRAINT  =        4.8872
 EAMBER  =  -157846.8682


   NSTEP       ENERGY          RMS            GMAX         NAME    NUMBER
   2850      -1.5785E+05     3.6448E-02     1.8657E+00     H1      19502

 BOND    =    11734.8942  ANGLE   =      161.7662  DIHED      =      969.3925
 VDWAALS =    30066.0247  EEL     =  -196228.8557  HBOND      =        0.0000
 1-4 VDW =      258.3990  1-4 EEL =    -4813.5767  RESTRAINT  =        4.9352
 EAMBER  =  -157851.9558


   NSTEP       ENERGY          RMS            GMAX         NAME    NUMBER
   2900      -1.5785E+05     9.6716E-02     9.2054E+00     C2        400

 BOND    =    11736.4768  ANGLE   =      161.5640  DIHED      =      969.5572
 VDWAALS =    30070.7719  EEL     =  -196239.9322  HBOND      =        0.0000
 1-4 VDW =      258.4465  1-4 EEL =    -4813.7015  RESTRAINT  =        4.9830
 EAMBER  =  -157856.8174


   NSTEP       ENERGY          RMS            GMAX         NAME    NUMBER
   2950      -1.5786E+05     1.5616E-01     1.6837E+01     C6        613

 BOND    =    11738.1270  ANGLE   =      161.0815  DIHED      =      969.7148
 VDWAALS =    30075.2597  EEL     =  -196250.9161  HBOND      =        0.0000
 1-4 VDW =      258.6033  1-4 EEL =    -4813.5908  RESTRAINT  =        5.0265
 EAMBER  =  -157861.7206


   NSTEP       ENERGY          RMS            GMAX         NAME    NUMBER
   3000      -1.5786E+05     3.6888E-02     1.8928E+00     H1      19502

 BOND    =    11737.8077  ANGLE   =      161.6533  DIHED      =      969.8673
 VDWAALS =    30079.9761  EEL     =  -196261.5919  HBOND      =        0.0000
 1-4 VDW =      258.4628  1-4 EEL =    -4813.5367  RESTRAINT  =        5.0719
 EAMBER  =  -157867.3614


   NSTEP       ENERGY          RMS            GMAX         NAME    NUMBER
   3050      -1.5787E+05     1.1044E-01     1.0089E+01     C2        400

 BOND    =    11738.7668  ANGLE   =      161.6511  DIHED      =      970.0266
 VDWAALS =    30084.7214  EEL     =  -196273.1075  HBOND      =        0.0000
 1-4 VDW =      258.5167  1-4 EEL =    -4813.3577  RESTRAINT  =        5.1163
 EAMBER  =  -157872.7827


   NSTEP       ENERGY          RMS            GMAX         NAME    NUMBER
   3100      -1.5787E+05     3.8893E-02     2.1282E+00     H1       9275

 BOND    =    11740.0796  ANGLE   =      161.6130  DIHED      =      970.1863
 VDWAALS =    30089.2897  EEL     =  -196284.4833  HBOND      =        0.0000
 1-4 VDW =      258.5094  1-4 EEL =    -4813.5944  RESTRAINT  =        5.1626
 EAMBER  =  -157878.3997


   NSTEP       ENERGY          RMS            GMAX         NAME    NUMBER
   3150      -1.5788E+05     7.4673E-02     5.8662E+00     C2        400

 BOND    =    11741.4231  ANGLE   =      161.6690  DIHED      =      970.3457
 VDWAALS =    30094.1763  EEL     =  -196296.3958  HBOND      =        0.0000
 1-4 VDW =      258.5080  1-4 EEL =    -4813.6946  RESTRAINT  =        5.2093
 EAMBER  =  -157883.9684


   NSTEP       ENERGY          RMS            GMAX         NAME    NUMBER
   3200      -1.5788E+05     4.3577E-02     2.6286E+00     C2        400

 BOND    =    11742.1544  ANGLE   =      161.6745  DIHED      =      970.4807
 VDWAALS =    30098.8372  EEL     =  -196307.7028  HBOND      =        0.0000
 1-4 VDW =      258.5369  1-4 EEL =    -4813.5268  RESTRAINT  =        5.2502
 EAMBER  =  -157889.5460


   NSTEP       ENERGY          RMS            GMAX         NAME    NUMBER
   3250      -1.5789E+05     6.4064E-02     5.6110E+00     C2        400

 BOND    =    11743.2198  ANGLE   =      161.6483  DIHED      =      970.6141
 VDWAALS =    30103.5455  EEL     =  -196319.2065  HBOND      =        0.0000
 1-4 VDW =      258.5508  1-4 EEL =    -4813.4594  RESTRAINT  =        5.2939
 EAMBER  =  -157895.0873


   NSTEP       ENERGY          RMS            GMAX         NAME    NUMBER
   3300      -1.5789E+05     1.3796E-01     1.5233E+01     C6        613

 BOND    =    11744.8607  ANGLE   =      161.2133  DIHED      =      970.7390
 VDWAALS =    30107.8383  EEL     =  -196330.2270  HBOND      =        0.0000
 1-4 VDW =      258.6761  1-4 EEL =    -4813.3219  RESTRAINT  =        5.3347
 EAMBER  =  -157900.2215


   NSTEP       ENERGY          RMS            GMAX         NAME    NUMBER
   3350      -1.5790E+05     6.4811E-02     5.6012E+00     C2        400

 BOND    =    11745.8702  ANGLE   =      161.3457  DIHED      =      970.8697
 VDWAALS =    30112.0269  EEL     =  -196340.8560  HBOND      =        0.0000
 1-4 VDW =      258.5739  1-4 EEL =    -4813.5949  RESTRAINT  =        5.3818
 EAMBER  =  -157905.7646


   NSTEP       ENERGY          RMS            GMAX         NAME    NUMBER
   3400      -1.5791E+05     1.1367E-01     1.0070E+01     C2        400

 BOND    =    11746.9693  ANGLE   =      161.4763  DIHED      =      970.9980
 VDWAALS =    30116.0080  EEL     =  -196351.2307  HBOND      =        0.0000
 1-4 VDW =      258.5187  1-4 EEL =    -4813.6868  RESTRAINT  =        5.4265
 EAMBER  =  -157910.9472


   NSTEP       ENERGY          RMS            GMAX         NAME    NUMBER
   3450      -1.5791E+05     4.8445E-02     3.5201E+00     C2        400

 BOND    =    11747.2990  ANGLE   =      161.3811  DIHED      =      971.1159
 VDWAALS =    30119.7771  EEL     =  -196361.1520  HBOND      =        0.0000
 1-4 VDW =      258.5564  1-4 EEL =    -4813.3793  RESTRAINT  =        5.4642
 EAMBER  =  -157916.4017


   NSTEP       ENERGY          RMS            GMAX         NAME    NUMBER
   3500      -1.5792E+05     9.3421E-02     7.7834E+00     C2        400

 BOND    =    11748.3474  ANGLE   =      161.2212  DIHED      =      971.2457
 VDWAALS =    30123.6089  EEL     =  -196371.5895  HBOND      =        0.0000
 1-4 VDW =      258.6049  1-4 EEL =    -4813.2297  RESTRAINT  =        5.5057
 EAMBER  =  -157921.7911


   NSTEP       ENERGY          RMS            GMAX         NAME    NUMBER
   3550      -1.5792E+05     1.2833E-01     1.2146E+01     C2        400

 BOND    =    11749.1930  ANGLE   =      161.2421  DIHED      =      971.3701
 VDWAALS =    30127.3323  EEL     =  -196381.5503  HBOND      =        0.0000
 1-4 VDW =      258.6056  1-4 EEL =    -4813.1193  RESTRAINT  =        5.5459
 EAMBER  =  -157926.9265


   NSTEP       ENERGY          RMS            GMAX         NAME    NUMBER
   3600      -1.5793E+05     5.5324E-02     4.2210E+00     C2        400

 BOND    =    11750.6659  ANGLE   =      160.9623  DIHED      =      971.5042
 VDWAALS =    30130.9654  EEL     =  -196391.6940  HBOND      =        0.0000
 1-4 VDW =      258.6111  1-4 EEL =    -4813.3798  RESTRAINT  =        5.5902
 EAMBER  =  -157932.3649


   NSTEP       ENERGY          RMS            GMAX         NAME    NUMBER
   3650      -1.5793E+05     1.3048E-01     1.0514E+01     C6        613

 BOND    =    11751.7052  ANGLE   =      161.2411  DIHED      =      971.6361
 VDWAALS =    30134.8665  EEL     =  -196401.8930  HBOND      =        0.0000
 1-4 VDW =      258.5194  1-4 EEL =    -4813.5277  RESTRAINT  =        5.6348
 EAMBER  =  -157937.4525


   NSTEP       ENERGY          RMS            GMAX         NAME    NUMBER
   3700      -1.5794E+05     4.6010E-02     2.9880E+00     C2        400

 BOND    =    11752.0889  ANGLE   =      161.0014  DIHED      =      971.7492
 VDWAALS =    30138.5441  EEL     =  -196411.5274  HBOND      =        0.0000
 1-4 VDW =      258.5899  1-4 EEL =    -4813.2122  RESTRAINT  =        5.6689
 EAMBER  =  -157942.7662


   NSTEP       ENERGY          RMS            GMAX         NAME    NUMBER
   3750      -1.5794E+05     9.2424E-02     8.7896E+00     C2        400

 BOND    =    11752.9738  ANGLE   =      160.9123  DIHED      =      971.8677
 VDWAALS =    30142.4066  EEL     =  -196421.6337  HBOND      =        0.0000
 1-4 VDW =      258.6216  1-4 EEL =    -4813.0552  RESTRAINT  =        5.7063
 EAMBER  =  -157947.9069


   NSTEP       ENERGY          RMS            GMAX         NAME    NUMBER
   3800      -1.5795E+05     1.5202E-01     1.4068E+01     C6        613

 BOND    =    11753.5026  ANGLE   =      161.4075  DIHED      =      971.9851
 VDWAALS =    30146.3553  EEL     =  -196431.4886  HBOND      =        0.0000
 1-4 VDW =      258.4929  1-4 EEL =    -4813.0920  RESTRAINT  =        5.7462
 EAMBER  =  -157952.8372


   NSTEP       ENERGY          RMS            GMAX         NAME    NUMBER
   3850      -1.5795E+05     6.2684E-02     5.2787E+00     C2        400

 BOND    =    11755.5575  ANGLE   =      160.5684  DIHED      =      972.1124
 VDWAALS =    30150.0576  EEL     =  -196442.0563  HBOND      =        0.0000
 1-4 VDW =      258.6355  1-4 EEL =    -4813.2501  RESTRAINT  =        5.7861
 EAMBER  =  -157958.3749


   NSTEP       ENERGY          RMS            GMAX         NAME    NUMBER
   3900      -1.5796E+05     1.1616E-01     8.8204E+00     C2        400

 BOND    =    11756.6314  ANGLE   =      160.6972  DIHED      =      972.2292
 VDWAALS =    30153.8764  EEL     =  -196452.0488  HBOND      =        0.0000
 1-4 VDW =      258.5816  1-4 EEL =    -4813.3353  RESTRAINT  =        5.8255
 EAMBER  =  -157963.3683


   NSTEP       ENERGY          RMS            GMAX         NAME    NUMBER
   3950      -1.5796E+05     3.9118E-02     1.8131E+00     C2        400

 BOND    =    11757.2392  ANGLE   =      160.4310  DIHED      =      972.3378
 VDWAALS =    30157.6901  EEL     =  -196462.2869  HBOND      =        0.0000
 1-4 VDW =      258.6582  1-4 EEL =    -4813.0496  RESTRAINT  =        5.8582
 EAMBER  =  -157968.9802


   NSTEP       ENERGY          RMS            GMAX         NAME    NUMBER
   4000      -1.5797E+05     1.1054E-01     9.0539E+00     C2        400

 BOND    =    11758.2591  ANGLE   =      160.2560  DIHED      =      972.4436
 VDWAALS =    30161.4451  EEL     =  -196472.4213  HBOND      =        0.0000
 1-4 VDW =      258.7224  1-4 EEL =    -4812.8378  RESTRAINT  =        5.8908
 EAMBER  =  -157974.1328


   NSTEP       ENERGY          RMS            GMAX         NAME    NUMBER
   4050      -1.5797E+05     1.4102E-01     1.3851E+01     C2        400

 BOND    =    11758.7445  ANGLE   =      160.6245  DIHED      =      972.5466
 VDWAALS =    30165.2449  EEL     =  -196482.1191  HBOND      =        0.0000
 1-4 VDW =      258.6294  1-4 EEL =    -4812.7942  RESTRAINT  =        5.9261
 EAMBER  =  -157979.1232


   NSTEP       ENERGY          RMS            GMAX         NAME    NUMBER
   4100      -1.5798E+05     6.4622E-02     5.1740E+00     C2        400

 BOND    =    11760.7340  ANGLE   =      159.9724  DIHED      =      972.6626
 VDWAALS =    30168.9621  EEL     =  -196492.6761  HBOND      =        0.0000
 1-4 VDW =      258.7149  1-4 EEL =    -4813.0534  RESTRAINT  =        5.9650
 EAMBER  =  -157984.6834


   NSTEP       ENERGY          RMS            GMAX         NAME    NUMBER
   4150      -1.5798E+05     3.8464E-02     1.8114E+00     C2        400

 BOND    =    11761.2347  ANGLE   =      160.0892  DIHED      =      972.7651
 VDWAALS =    30172.9684  EEL     =  -196502.9244  HBOND      =        0.0000
 1-4 VDW =      258.6866  1-4 EEL =    -4812.9196  RESTRAINT  =        5.9991
 EAMBER  =  -157990.1000


   NSTEP       ENERGY          RMS            GMAX         NAME    NUMBER
   4200      -1.5799E+05     7.0437E-02     6.0729E+00     C2        400

 BOND    =    11762.1041  ANGLE   =      160.0182  DIHED      =      972.8643
 VDWAALS =    30176.7730  EEL     =  -196512.9065  HBOND      =        0.0000
 1-4 VDW =      258.7077  1-4 EEL =    -4812.7968  RESTRAINT  =        6.0317
 EAMBER  =  -157995.2360


   NSTEP       ENERGY          RMS            GMAX         NAME    NUMBER
   4250      -1.5799E+05     1.1629E-01     1.0234E+01     C2        400

 BOND    =    11763.0952  ANGLE   =      159.8984  DIHED      =      972.9593
 VDWAALS =    30180.4411  EEL     =  -196522.6795  HBOND      =        0.0000
 1-4 VDW =      258.7476  1-4 EEL =    -4812.6643  RESTRAINT  =        6.0627
 EAMBER  =  -158000.2021


   NSTEP       ENERGY          RMS            GMAX         NAME    NUMBER
   4300      -1.5800E+05     3.8316E-02     1.6765E+00     C2        400

 BOND    =    11764.2466  ANGLE   =      159.8096  DIHED      =      973.0593
 VDWAALS =    30183.9912  EEL     =  -196532.4575  HBOND      =        0.0000
 1-4 VDW =      258.7094  1-4 EEL =    -4812.8827  RESTRAINT  =        6.0992
 EAMBER  =  -158005.5241


   NSTEP       ENERGY          RMS            GMAX         NAME    NUMBER
   4350      -1.5800E+05     9.3939E-02     7.0614E+00     C2        400

 BOND    =    11765.3466  ANGLE   =      159.9079  DIHED      =      973.1571
 VDWAALS =    30187.6593  EEL     =  -196542.6755  HBOND      =        0.0000
 1-4 VDW =      258.6614  1-4 EEL =    -4812.9908  RESTRAINT  =        6.1349
 EAMBER  =  -158010.9339


   NSTEP       ENERGY          RMS            GMAX         NAME    NUMBER
   4400      -1.5801E+05     1.3484E-01     1.1955E+01     C2        400

 BOND    =    11767.2223  ANGLE   =      159.2606  DIHED      =      973.2492
 VDWAALS =    30191.0045  EEL     =  -196552.7515  HBOND      =        0.0000
 1-4 VDW =      258.8170  1-4 EEL =    -4812.9265  RESTRAINT  =        6.1650
 EAMBER  =  -158016.1244


   NSTEP       ENERGY          RMS            GMAX         NAME    NUMBER
   4450      -1.5802E+05     5.4389E-02     3.7057E+00     C2        400

 BOND    =    11766.9177  ANGLE   =      159.5939  DIHED      =      973.3292
 VDWAALS =    30194.5699  EEL     =  -196562.4389  HBOND      =        0.0000
 1-4 VDW =      258.7483  1-4 EEL =    -4812.6676  RESTRAINT  =        6.1926
 EAMBER  =  -158021.9475


   NSTEP       ENERGY          RMS            GMAX         NAME    NUMBER
   4500      -1.5802E+05     1.0991E-01     1.0312E+01     C2        400

 BOND    =    11767.3903  ANGLE   =      159.9184  DIHED      =      973.4118
 VDWAALS =    30198.0693  EEL     =  -196572.3225  HBOND      =        0.0000
 1-4 VDW =      258.6775  1-4 EEL =    -4812.5757  RESTRAINT  =        6.2228
 EAMBER  =  -158027.4308


   NSTEP       ENERGY          RMS            GMAX         NAME    NUMBER
   4550      -1.5803E+05     4.8786E-02     3.3847E+00     C2        400

 BOND    =    11769.1089  ANGLE   =      159.4303  DIHED      =      973.5043
 VDWAALS =    30201.4907  EEL     =  -196582.9120  HBOND      =        0.0000
 1-4 VDW =      258.7474  1-4 EEL =    -4812.7333  RESTRAINT  =        6.2568
 EAMBER  =  -158033.3636


   NSTEP       ENERGY          RMS            GMAX         NAME    NUMBER
   4600      -1.5803E+05     9.6813E-02     8.4298E+00     C2        400

 BOND    =    11770.6155  ANGLE   =      159.1377  DIHED      =      973.5891
 VDWAALS =    30205.0327  EEL     =  -196593.3732  HBOND      =        0.0000
 1-4 VDW =      258.8070  1-4 EEL =    -4812.7421  RESTRAINT  =        6.2876
 EAMBER  =  -158038.9333


   NSTEP       ENERGY          RMS            GMAX         NAME    NUMBER
   4650      -1.5804E+05     4.2455E-02     2.3943E+00     C2        400

 BOND    =    11770.7120  ANGLE   =      159.3973  DIHED      =      973.6620
 VDWAALS =    30208.7700  EEL     =  -196603.3823  HBOND      =        0.0000
 1-4 VDW =      258.7510  1-4 EEL =    -4812.5541  RESTRAINT  =        6.3145
 EAMBER  =  -158044.6440


   NSTEP       ENERGY          RMS            GMAX         NAME    NUMBER
   4700      -1.5804E+05     3.8286E-02     1.4409E+00     C2        400

 BOND    =    11771.7520  ANGLE   =      159.3097  DIHED      =      973.7426
 VDWAALS =    30212.6778  EEL     =  -196613.9437  HBOND      =        0.0000
 1-4 VDW =      258.7597  1-4 EEL =    -4812.5224  RESTRAINT  =        6.3448
 EAMBER  =  -158050.2241


   NSTEP       ENERGY          RMS            GMAX         NAME    NUMBER
   4750      -1.5805E+05     3.7567E-02     1.5138E+00     C2        400

 BOND    =    11772.8644  ANGLE   =      159.2244  DIHED      =      973.8222
 VDWAALS =    30216.6480  EEL     =  -196624.5206  HBOND      =        0.0000
 1-4 VDW =      258.7624  1-4 EEL =    -4812.5306  RESTRAINT  =        6.3756
 EAMBER  =  -158055.7297


   NSTEP       ENERGY          RMS            GMAX         NAME    NUMBER
   4800      -1.5805E+05     3.8565E-02     1.7832E+00     C2        400

 BOND    =    11773.8469  ANGLE   =      159.1518  DIHED      =      973.8967
 VDWAALS =    30220.4740  EEL     =  -196634.6065  HBOND      =        0.0000
 1-4 VDW =      258.7694  1-4 EEL =    -4812.4869  RESTRAINT  =        6.4042
 EAMBER  =  -158060.9546


   NSTEP       ENERGY          RMS            GMAX         NAME    NUMBER
   4850      -1.5806E+05     9.9520E-02     9.5353E+00     C2        400

 BOND    =    11775.4567  ANGLE   =      158.8980  DIHED      =      973.9753
 VDWAALS =    30224.2922  EEL     =  -196644.9609  HBOND      =        0.0000
 1-4 VDW =      258.8115  1-4 EEL =    -4812.5462  RESTRAINT  =        6.4353
 EAMBER  =  -158066.0734


   NSTEP       ENERGY          RMS            GMAX         NAME    NUMBER
   4900      -1.5806E+05     3.6977E-02     1.5704E+00     H1       5465

 BOND    =    11775.5682  ANGLE   =      159.1333  DIHED      =      974.0398
 VDWAALS =    30227.9708  EEL     =  -196654.4682  HBOND      =        0.0000
 1-4 VDW =      258.7582  1-4 EEL =    -4812.3469  RESTRAINT  =        6.4605
 EAMBER  =  -158071.3448


   NSTEP       ENERGY          RMS            GMAX         NAME    NUMBER
   4950      -1.5807E+05     8.6705E-02     8.0054E+00     C2        400

 BOND    =    11776.4340  ANGLE   =      159.0841  DIHED      =      974.1070
 VDWAALS =    30231.5870  EEL     =  -196664.3012  HBOND      =        0.0000
 1-4 VDW =      258.7830  1-4 EEL =    -4812.1610  RESTRAINT  =        6.4862
 EAMBER  =  -158076.4672


   NSTEP       ENERGY          RMS            GMAX         NAME    NUMBER
   5000      -1.5807E+05     1.2985E-01     1.0946E+01     C2        400

 BOND    =    11777.6059  ANGLE   =      158.8972  DIHED      =      974.1723
 VDWAALS =    30235.0171  EEL     =  -196673.9545  HBOND      =        0.0000
 1-4 VDW =      258.8378  1-4 EEL =    -4812.0173  RESTRAINT  =        6.5117
 EAMBER  =  -158081.4414


   NSTEP       ENERGY          RMS            GMAX         NAME    NUMBER
   5050      -1.5814E+05     1.6263E-01     1.6315E+01     H2      35406

 BOND    =    11791.6706  ANGLE   =      158.4236  DIHED      =      974.9410
 VDWAALS =    30295.7212  EEL     =  -196817.9780  HBOND      =        0.0000
 1-4 VDW =      258.5334  1-4 EEL =    -4811.4565  RESTRAINT  =        6.9942
 EAMBER  =  -158150.1447


   NSTEP       ENERGY          RMS            GMAX         NAME    NUMBER
   5100      -1.5816E+05     1.3678E-01     6.8297E+00     H2      35406

 BOND    =    11799.7055  ANGLE   =      157.6940  DIHED      =      974.9029
 VDWAALS =    30311.0464  EEL     =  -196862.6635  HBOND      =        0.0000
 1-4 VDW =      258.7808  1-4 EEL =    -4810.9881  RESTRAINT  =        7.0998
 EAMBER  =  -158171.5221


   NSTEP       ENERGY          RMS            GMAX         NAME    NUMBER
   5150      -1.5818E+05     1.0062E-01     4.9574E+00     C2        400

 BOND    =    11801.3689  ANGLE   =      157.7919  DIHED      =      974.7463
 VDWAALS =    30320.7963  EEL     =  -196889.8692  HBOND      =        0.0000
 1-4 VDW =      258.6562  1-4 EEL =    -4811.1506  RESTRAINT  =        7.1780
 EAMBER  =  -158187.6603


   NSTEP       ENERGY          RMS            GMAX         NAME    NUMBER
   5200      -1.5820E+05     9.4096E-02     4.6904E+00     C3'       120

 BOND    =    11803.0245  ANGLE   =      157.8234  DIHED      =      974.5613
 VDWAALS =    30331.1753  EEL     =  -196918.4319  HBOND      =        0.0000
 1-4 VDW =      258.5700  1-4 EEL =    -4810.7677  RESTRAINT  =        7.2511
 EAMBER  =  -158204.0451


   NSTEP       ENERGY          RMS            GMAX         NAME    NUMBER
   5250      -1.5821E+05     1.0663E-01     5.9862E+00     H2      35898

 BOND    =    11806.8689  ANGLE   =      157.6663  DIHED      =      974.3142
 VDWAALS =    30343.9773  EEL     =  -196951.1998  HBOND      =        0.0000
 1-4 VDW =      258.5327  1-4 EEL =    -4810.5629  RESTRAINT  =        7.3239
 EAMBER  =  -158220.4032


   NSTEP       ENERGY          RMS            GMAX         NAME    NUMBER
   5300      -1.5823E+05     1.0734E-01     5.0568E+00     O       35638

 BOND    =    11810.2096  ANGLE   =      157.6756  DIHED      =      974.0553
 VDWAALS =    30355.8489  EEL     =  -196982.4096  HBOND      =        0.0000
 1-4 VDW =      258.4821  1-4 EEL =    -4810.2341  RESTRAINT  =        7.3979
 EAMBER  =  -158236.3722


   NSTEP       ENERGY          RMS            GMAX         NAME    NUMBER
   5350      -1.5825E+05     9.9413E-02     4.8960E+00     H2      35406

 BOND    =    11813.1735  ANGLE   =      157.7025  DIHED      =      973.7464
 VDWAALS =    30369.6219  EEL     =  -197018.5403  HBOND      =        0.0000
 1-4 VDW =      258.4973  1-4 EEL =    -4809.7585  RESTRAINT  =        7.4871
 EAMBER  =  -158255.5573


   NSTEP       ENERGY          RMS            GMAX         NAME    NUMBER
   5400      -1.5827E+05     8.5411E-02     4.7932E+00     C2'       122

 BOND    =    11816.0121  ANGLE   =      157.5489  DIHED      =      973.4361
 VDWAALS =    30385.5966  EEL     =  -197055.5092  HBOND      =        0.0000
 1-4 VDW =      258.3725  1-4 EEL =    -4810.1753  RESTRAINT  =        7.5850
 EAMBER  =  -158274.7182


   NSTEP       ENERGY          RMS            GMAX         NAME    NUMBER
   5450      -1.5828E+05     8.7944E-02     4.5209E+00     C2'       122

 BOND    =    11818.2335  ANGLE   =      157.5020  DIHED      =      973.1699
 VDWAALS =    30399.0091  EEL     =  -197084.6865  HBOND      =        0.0000
 1-4 VDW =      258.3255  1-4 EEL =    -4810.0432  RESTRAINT  =        7.6727
 EAMBER  =  -158288.4897


   NSTEP       ENERGY          RMS            GMAX         NAME    NUMBER
   5500      -1.5830E+05     6.2287E-02     2.7638E+00     C2'       122

 BOND    =    11822.6552  ANGLE   =      157.3909  DIHED      =      972.8578
 VDWAALS =    30414.9376  EEL     =  -197121.7517  HBOND      =        0.0000
 1-4 VDW =      258.2528  1-4 EEL =    -4809.9147  RESTRAINT  =        7.7934
 EAMBER  =  -158305.5722


   NSTEP       ENERGY          RMS            GMAX         NAME    NUMBER
   5550      -1.5832E+05     1.1411E-01     5.0118E+00     H2      35406

 BOND    =    11824.9951  ANGLE   =      157.0059  DIHED      =      972.4656
 VDWAALS =    30432.7174  EEL     =  -197165.0991  HBOND      =        0.0000
 1-4 VDW =      258.3177  1-4 EEL =    -4809.5360  RESTRAINT  =        7.9621
 EAMBER  =  -158329.1334


   NSTEP       ENERGY          RMS            GMAX         NAME    NUMBER
   5600      -1.5834E+05     1.1240E-01     6.9703E+00     Na+      1094

 BOND    =    11829.7456  ANGLE   =      157.7828  DIHED      =      972.2462
 VDWAALS =    30445.3022  EEL     =  -197203.0511  HBOND      =        0.0000
 1-4 VDW =      258.1401  1-4 EEL =    -4809.1798  RESTRAINT  =        8.0813
 EAMBER  =  -158349.0140


   NSTEP       ENERGY          RMS            GMAX         NAME    NUMBER
   5650      -1.5836E+05     1.5878E-01     8.9780E+00     C6        361

 BOND    =    11832.4009  ANGLE   =      157.8447  DIHED      =      972.0523
 VDWAALS =    30459.4825  EEL     =  -197237.1791  HBOND      =        0.0000
 1-4 VDW =      258.1555  1-4 EEL =    -4809.4654  RESTRAINT  =        8.1845
 EAMBER  =  -158366.7085


   NSTEP       ENERGY          RMS            GMAX         NAME    NUMBER
   5700      -1.5838E+05     9.6038E-02     4.1098E+00     C1'       104

 BOND    =    11836.0728  ANGLE   =      157.7161  DIHED      =      971.8997
 VDWAALS =    30477.3035  EEL     =  -197277.6086  HBOND      =        0.0000
 1-4 VDW =      258.0098  1-4 EEL =    -4809.2309  RESTRAINT  =        8.3038
 EAMBER  =  -158385.8378


   NSTEP       ENERGY          RMS            GMAX         NAME    NUMBER
   5750      -1.5839E+05     8.9852E-02     3.7523E+00     O3'       125

 BOND    =    11839.6671  ANGLE   =      157.5814  DIHED      =      971.7220
 VDWAALS =    30494.8294  EEL     =  -197314.4589  HBOND      =        0.0000
 1-4 VDW =      258.0062  1-4 EEL =    -4809.3058  RESTRAINT  =        8.4283
 EAMBER  =  -158401.9585


   NSTEP       ENERGY          RMS            GMAX         NAME    NUMBER
   5800      -1.5841E+05     1.5849E-01     7.0184E+00     O3'       125

 BOND    =    11844.6147  ANGLE   =      158.3392  DIHED      =      971.5123
 VDWAALS =    30520.6743  EEL     =  -197365.4007  HBOND      =        0.0000
 1-4 VDW =      258.0139  1-4 EEL =    -4809.3324  RESTRAINT  =        8.6053
 EAMBER  =  -158421.5787


   NSTEP       ENERGY          RMS            GMAX         NAME    NUMBER
   5850      -1.5843E+05     1.2076E-01     5.4091E+00     C5        612

 BOND    =    11846.8207  ANGLE   =      157.8635  DIHED      =      971.4275
 VDWAALS =    30533.6619  EEL     =  -197392.5723  HBOND      =        0.0000
 1-4 VDW =      257.9529  1-4 EEL =    -4809.2578  RESTRAINT  =        8.7124
 EAMBER  =  -158434.1037


   NSTEP       ENERGY          RMS            GMAX         NAME    NUMBER
   5900      -1.5844E+05     9.9089E-02     4.4993E+00     C1'       136

 BOND    =    11848.4387  ANGLE   =      157.8553  DIHED      =      971.3884
 VDWAALS =    30546.2472  EEL     =  -197418.2241  HBOND      =        0.0000
 1-4 VDW =      257.9405  1-4 EEL =    -4809.1651  RESTRAINT  =        8.8186
 EAMBER  =  -158445.5192


   NSTEP       ENERGY          RMS            GMAX         NAME    NUMBER
   5950      -1.5845E+05     9.9091E-02     5.3700E+00     C6        613

 BOND    =    11850.7197  ANGLE   =      157.4909  DIHED      =      971.3207
 VDWAALS =    30558.2661  EEL     =  -197444.0768  HBOND      =        0.0000
 1-4 VDW =      257.9740  1-4 EEL =    -4808.9481  RESTRAINT  =        8.9246
 EAMBER  =  -158457.2536


   NSTEP       ENERGY          RMS            GMAX         NAME    NUMBER
   6000      -1.5846E+05     7.3581E-02     3.9346E+00     Na+      1094

 BOND    =    11855.4286  ANGLE   =      157.4616  DIHED      =      971.2230
 VDWAALS =    30572.5304  EEL     =  -197476.4399  HBOND      =        0.0000
 1-4 VDW =      257.9276  1-4 EEL =    -4808.7592  RESTRAINT  =        9.0481
 EAMBER  =  -158470.6279


   NSTEP       ENERGY          RMS            GMAX         NAME    NUMBER
   6050      -1.5847E+05     1.2444E-01     6.5376E+00     O       35896

 BOND    =    11858.6607  ANGLE   =      157.4978  DIHED      =      971.1350
 VDWAALS =    30584.7653  EEL     =  -197505.5008  HBOND      =        0.0000
 1-4 VDW =      257.8773  1-4 EEL =    -4808.5117  RESTRAINT  =        9.1655
 EAMBER  =  -158484.0763


   NSTEP       ENERGY          RMS            GMAX         NAME    NUMBER
   6100      -1.5849E+05     1.1857E-01     5.9730E+00     C3'       120

 BOND    =    11858.3824  ANGLE   =      157.6540  DIHED      =      971.0988
 VDWAALS =    30592.9994  EEL     =  -197526.2919  HBOND      =        0.0000
 1-4 VDW =      257.8812  1-4 EEL =    -4808.2973  RESTRAINT  =        9.2728
 EAMBER  =  -158496.5734


   NSTEP       ENERGY          RMS            GMAX         NAME    NUMBER
   6150      -1.5850E+05     9.9645E-02     4.2698E+00     C5'       949

 BOND    =    11861.1899  ANGLE   =      157.4813  DIHED      =      971.0122
 VDWAALS =    30600.0761  EEL     =  -197547.8124  HBOND      =        0.0000
 1-4 VDW =      257.8739  1-4 EEL =    -4808.3981  RESTRAINT  =        9.3697
 EAMBER  =  -158508.5771


   NSTEP       ENERGY          RMS            GMAX         NAME    NUMBER
   6200      -1.5851E+05     1.0223E-01     4.7740E+00     H2      35898

 BOND    =    11863.4409  ANGLE   =      157.3428  DIHED      =      970.9369
 VDWAALS =    30605.6524  EEL     =  -197567.4915  HBOND      =        0.0000
 1-4 VDW =      257.8910  1-4 EEL =    -4808.3850  RESTRAINT  =        9.4643
 EAMBER  =  -158520.6124


   NSTEP       ENERGY          RMS            GMAX         NAME    NUMBER
   6250      -1.5852E+05     1.0164E-01     4.7536E+00     H2      35898

 BOND    =    11865.2202  ANGLE   =      157.3932  DIHED      =      970.8562
 VDWAALS =    30610.6253  EEL     =  -197584.8278  HBOND      =        0.0000
 1-4 VDW =      257.8604  1-4 EEL =    -4808.3839  RESTRAINT  =        9.5496
 EAMBER  =  -158531.2563


   NSTEP       ENERGY          RMS            GMAX         NAME    NUMBER
   6300      -1.5853E+05     9.6927E-02     4.6853E+00     H2      35898

 BOND    =    11866.7489  ANGLE   =      157.4543  DIHED      =      970.7852
 VDWAALS =    30615.5812  EEL     =  -197602.0427  HBOND      =        0.0000
 1-4 VDW =      257.8764  1-4 EEL =    -4808.3925  RESTRAINT  =        9.6366
 EAMBER  =  -158541.9891


   NSTEP       ENERGY          RMS            GMAX         NAME    NUMBER
   6350      -1.5854E+05     9.5025E-02     5.9960E+00     C1'       136

 BOND    =    11868.0105  ANGLE   =      157.5178  DIHED      =      970.6808
 VDWAALS =    30620.1105  EEL     =  -197619.6656  HBOND      =        0.0000
 1-4 VDW =      257.8261  1-4 EEL =    -4808.4455  RESTRAINT  =        9.7133
 EAMBER  =  -158553.9655


   NSTEP       ENERGY          RMS            GMAX         NAME    NUMBER
   6400      -1.5856E+05     9.4028E-02     4.5415E+00     O       35896

 BOND    =    11870.2716  ANGLE   =      157.6420  DIHED      =      970.6289
 VDWAALS =    30626.7888  EEL     =  -197640.4699  HBOND      =        0.0000
 1-4 VDW =      257.8049  1-4 EEL =    -4808.5745  RESTRAINT  =        9.8010
 EAMBER  =  -158565.9083


   NSTEP       ENERGY          RMS            GMAX         NAME    NUMBER
   6450      -1.5857E+05     8.8177E-02     5.0999E+00     O       35896

 BOND    =    11874.0288  ANGLE   =      157.6089  DIHED      =      970.5986
 VDWAALS =    30633.9513  EEL     =  -197664.0001  HBOND      =        0.0000
 1-4 VDW =      257.7737  1-4 EEL =    -4808.5690  RESTRAINT  =        9.9038
 EAMBER  =  -158578.6079


   NSTEP       ENERGY          RMS            GMAX         NAME    NUMBER
   6500      -1.5858E+05     2.6438E-01     1.3134E+01     C4        365

 BOND    =    11878.7968  ANGLE   =      157.7944  DIHED      =      970.5931
 VDWAALS =    30641.4103  EEL     =  -197689.8197  HBOND      =        0.0000
 1-4 VDW =      258.0184  1-4 EEL =    -4808.8041  RESTRAINT  =       10.0319
 EAMBER  =  -158592.0107


   NSTEP       ENERGY          RMS            GMAX         NAME    NUMBER
   6550      -1.5859E+05     1.1056E-01     5.3255E+00     O       35404

 BOND    =    11876.8189  ANGLE   =      158.4514  DIHED      =      970.4753
 VDWAALS =    30642.6994  EEL     =  -197701.1569  HBOND      =        0.0000
 1-4 VDW =      257.8352  1-4 EEL =    -4809.3283  RESTRAINT  =       10.0907
 EAMBER  =  -158604.2050


   NSTEP       ENERGY          RMS            GMAX         NAME    NUMBER
   6600      -1.5860E+05     1.2202E-01     5.1405E+00     OP1       127

 BOND    =    11878.1339  ANGLE   =      159.1434  DIHED      =      970.5473
 VDWAALS =    30645.8289  EEL     =  -197715.7849  HBOND      =        0.0000
 1-4 VDW =      257.7629  1-4 EEL =    -4809.3540  RESTRAINT  =       10.1576
 EAMBER  =  -158613.7225


   NSTEP       ENERGY          RMS            GMAX         NAME    NUMBER
   6650      -1.5861E+05     1.0585E-01     5.6330E+00     C6        613

 BOND    =    11883.2756  ANGLE   =      158.0811  DIHED      =      970.4878
 VDWAALS =    30648.3242  EEL     =  -197730.6106  HBOND      =        0.0000
 1-4 VDW =      257.6626  1-4 EEL =    -4808.7525  RESTRAINT  =       10.2016
 EAMBER  =  -158621.5318


   NSTEP       ENERGY          RMS            GMAX         NAME    NUMBER
   6700      -1.5862E+05     9.3821E-02     5.1351E+00     C4        970

 BOND    =    11884.7732  ANGLE   =      158.2748  DIHED      =      970.5014
 VDWAALS =    30651.1878  EEL     =  -197741.5805  HBOND      =        0.0000
 1-4 VDW =      257.5423  1-4 EEL =    -4808.7424  RESTRAINT  =       10.2592
 EAMBER  =  -158628.0435


   NSTEP       ENERGY          RMS            GMAX         NAME    NUMBER
   6750      -1.5862E+05     7.9895E-02     3.3299E+00     O       35890

 BOND    =    11883.7609  ANGLE   =      158.2334  DIHED      =      970.5418
 VDWAALS =    30654.3100  EEL     =  -197750.1908  HBOND      =        0.0000
 1-4 VDW =      257.3692  1-4 EEL =    -4808.6971  RESTRAINT  =       10.3234
 EAMBER  =  -158634.6725


   NSTEP       ENERGY          RMS            GMAX         NAME    NUMBER
   6800      -1.5863E+05     1.8387E-01     2.0201E+01     H1       2756

 BOND    =    11886.8441  ANGLE   =      159.6430  DIHED      =      970.6612
 VDWAALS =    30659.0582  EEL     =  -197767.2341  HBOND      =        0.0000
 1-4 VDW =      257.6107  1-4 EEL =    -4809.2821  RESTRAINT  =       10.4007
 EAMBER  =  -158642.6989


   NSTEP       ENERGY          RMS            GMAX         NAME    NUMBER
   6850      -1.5864E+05     1.5274E-01     8.7505E+00     C4        176

 BOND    =    11885.5888  ANGLE   =      158.9965  DIHED      =      970.4881
 VDWAALS =    30667.5460  EEL     =  -197784.7875  HBOND      =        0.0000
 1-4 VDW =      257.4480  1-4 EEL =    -4808.9370  RESTRAINT  =       10.5293
 EAMBER  =  -158653.6571


   NSTEP       ENERGY          RMS            GMAX         NAME    NUMBER
   6900      -1.5866E+05     1.7738E-01     8.9339E+00     C5'       949

 BOND    =    11891.5850  ANGLE   =      158.3623  DIHED      =      970.4642
 VDWAALS =    30671.8833  EEL     =  -197808.0766  HBOND      =        0.0000
 1-4 VDW =      257.1843  1-4 EEL =    -4808.6092  RESTRAINT  =       10.6822
 EAMBER  =  -158667.2067


   NSTEP       ENERGY          RMS            GMAX         NAME    NUMBER
   6950      -1.5867E+05     2.6493E-01     1.2606E+01     P         126

 BOND    =    11890.0993  ANGLE   =      158.6920  DIHED      =      970.4451
 VDWAALS =    30684.0326  EEL     =  -197833.6085  HBOND      =        0.0000
 1-4 VDW =      257.0095  1-4 EEL =    -4809.3280  RESTRAINT  =       10.8903
 EAMBER  =  -158682.6581


   NSTEP       ENERGY          RMS            GMAX         NAME    NUMBER
   7000      -1.5869E+05     1.2201E-01     6.4797E+00     P         126

 BOND    =    11892.6780  ANGLE   =      157.6695  DIHED      =      970.1721
 VDWAALS =    30690.9385  EEL     =  -197857.8368  HBOND      =        0.0000
 1-4 VDW =      257.0144  1-4 EEL =    -4808.6165  RESTRAINT  =       11.0710
 EAMBER  =  -158697.9807


   NSTEP       ENERGY          RMS            GMAX         NAME    NUMBER
   7050      -1.5870E+05     9.8165E-02     5.4446E+00     P         126

 BOND    =    11894.5249  ANGLE   =      157.5841  DIHED      =      969.9988
 VDWAALS =    30696.4202  EEL     =  -197874.6139  HBOND      =        0.0000
 1-4 VDW =      257.0088  1-4 EEL =    -4808.5286  RESTRAINT  =       11.1806
 EAMBER  =  -158707.6058


   NSTEP       ENERGY          RMS            GMAX         NAME    NUMBER
   7100      -1.5870E+05     8.6737E-02     4.0853E+00     P         126

 BOND    =    11893.4940  ANGLE   =      157.3300  DIHED      =      969.8553
 VDWAALS =    30701.3910  EEL     =  -197885.1757  HBOND      =        0.0000
 1-4 VDW =      256.9099  1-4 EEL =    -4808.4270  RESTRAINT  =       11.2777
 EAMBER  =  -158714.6223


   NSTEP       ENERGY          RMS            GMAX         NAME    NUMBER
   7150      -1.5871E+05     6.5979E-02     2.9563E+00     P         126

 BOND    =    11895.2181  ANGLE   =      157.2767  DIHED      =      969.7415
 VDWAALS =    30705.9283  EEL     =  -197897.8035  HBOND      =        0.0000
 1-4 VDW =      256.9252  1-4 EEL =    -4808.3505  RESTRAINT  =       11.3599
 EAMBER  =  -158721.0642


   NSTEP       ENERGY          RMS            GMAX         NAME    NUMBER
   7200      -1.5872E+05     6.0712E-02     2.2721E+00     C5'        98

 BOND    =    11897.2932  ANGLE   =      157.2373  DIHED      =      969.6411
 VDWAALS =    30710.6925  EEL     =  -197910.8827  HBOND      =        0.0000
 1-4 VDW =      256.9309  1-4 EEL =    -4808.2805  RESTRAINT  =       11.4452
 EAMBER  =  -158727.3683


   NSTEP       ENERGY          RMS            GMAX         NAME    NUMBER
   7250      -1.5872E+05     5.5035E-02     2.4234E+00     H2      35406

 BOND    =    11897.9153  ANGLE   =      157.2476  DIHED      =      969.5313
 VDWAALS =    30717.2834  EEL     =  -197925.1080  HBOND      =        0.0000
 1-4 VDW =      256.8941  1-4 EEL =    -4808.2301  RESTRAINT  =       11.5433
 EAMBER  =  -158734.4664


   NSTEP       ENERGY          RMS            GMAX         NAME    NUMBER
   7300      -1.5873E+05     7.5407E-02     3.7145E+00     C4        970

 BOND    =    11899.4965  ANGLE   =      157.3087  DIHED      =      969.4151
 VDWAALS =    30725.0709  EEL     =  -197941.7731  HBOND      =        0.0000
 1-4 VDW =      256.9025  1-4 EEL =    -4808.1038  RESTRAINT  =       11.6444
 EAMBER  =  -158741.6831


   NSTEP       ENERGY          RMS            GMAX         NAME    NUMBER
   7350      -1.5874E+05     7.7608E-02     2.9287E+00     C4        176

 BOND    =    11900.9073  ANGLE   =      157.4210  DIHED      =      969.3651
 VDWAALS =    30729.8277  EEL     =  -197954.3157  HBOND      =        0.0000
 1-4 VDW =      256.8447  1-4 EEL =    -4808.2221  RESTRAINT  =       11.7301
 EAMBER  =  -158748.1720


   NSTEP       ENERGY          RMS            GMAX         NAME    NUMBER
   7400      -1.5874E+05     1.6546E-01     1.0821E+01     P         126

 BOND    =    11902.5949  ANGLE   =      157.4574  DIHED      =      969.2516
 VDWAALS =    30734.5691  EEL     =  -197966.6258  HBOND      =        0.0000
 1-4 VDW =      256.8777  1-4 EEL =    -4808.2540  RESTRAINT  =       11.8152
 EAMBER  =  -158754.1291


   NSTEP       ENERGY          RMS            GMAX         NAME    NUMBER
   7450      -1.5875E+05     4.3069E-02     1.5266E+00     C4        341

 BOND    =    11902.5854  ANGLE   =      157.4369  DIHED      =      969.2103
 VDWAALS =    30737.3387  EEL     =  -197972.8324  HBOND      =        0.0000
 1-4 VDW =      256.6860  1-4 EEL =    -4808.2632  RESTRAINT  =       11.8554
 EAMBER  =  -158757.8382


   NSTEP       ENERGY          RMS            GMAX         NAME    NUMBER
   7500      -1.5876E+05     8.6521E-02     6.6709E+00     H2       2649

 BOND    =    11908.6270  ANGLE   =      157.2958  DIHED      =      968.9811
 VDWAALS =    30748.7481  EEL     =  -198007.8577  HBOND      =        0.0000
 1-4 VDW =      256.5873  1-4 EEL =    -4807.9457  RESTRAINT  =       12.1212
 EAMBER  =  -158775.5642


   NSTEP       ENERGY          RMS            GMAX         NAME    NUMBER
   7550      -1.5877E+05     5.7086E-02     3.4399E+00     C1'       136

 BOND    =    11907.3441  ANGLE   =      157.3559  DIHED      =      968.8964
 VDWAALS =    30752.4651  EEL     =  -198015.0087  HBOND      =        0.0000
 1-4 VDW =      256.5542  1-4 EEL =    -4808.0474  RESTRAINT  =       12.1734
 EAMBER  =  -158780.4404


   NSTEP       ENERGY          RMS            GMAX         NAME    NUMBER
   7600      -1.5877E+05     4.7477E-02     2.4187E+00     C1'       136

 BOND    =    11908.2882  ANGLE   =      157.3216  DIHED      =      968.8154
 VDWAALS =    30756.7313  EEL     =  -198025.2109  HBOND      =        0.0000
 1-4 VDW =      256.5509  1-4 EEL =    -4808.1400  RESTRAINT  =       12.2274
 EAMBER  =  -158785.6433


   NSTEP       ENERGY          RMS            GMAX         NAME    NUMBER
   7650      -1.5878E+05     4.6407E-02     2.0861E+00     O       35896

 BOND    =    11909.5054  ANGLE   =      157.2752  DIHED      =      968.7290
 VDWAALS =    30762.5351  EEL     =  -198037.5845  HBOND      =        0.0000
 1-4 VDW =      256.5571  1-4 EEL =    -4808.2782  RESTRAINT  =       12.2873
 EAMBER  =  -158791.2609


   NSTEP       ENERGY          RMS            GMAX         NAME    NUMBER
   7700      -1.5879E+05     4.7682E-02     1.5757E+00     P         126

 BOND    =    11911.9301  ANGLE   =      157.1917  DIHED      =      968.6270
 VDWAALS =    30770.6240  EEL     =  -198056.2057  HBOND      =        0.0000
 1-4 VDW =      256.5704  1-4 EEL =    -4808.4127  RESTRAINT  =       12.3723
 EAMBER  =  -158799.6751


   NSTEP       ENERGY          RMS            GMAX         NAME    NUMBER
   7750      -1.5880E+05     5.1963E-02     2.4519E+00     H1       2417

 BOND    =    11913.3177  ANGLE   =      157.1554  DIHED      =      968.5714
 VDWAALS =    30775.4504  EEL     =  -198070.4256  HBOND      =        0.0000
 1-4 VDW =      256.5324  1-4 EEL =    -4808.4298  RESTRAINT  =       12.4331
 EAMBER  =  -158807.8281


   NSTEP       ENERGY          RMS            GMAX         NAME    NUMBER
   7800      -1.5880E+05     6.7399E-02     4.5253E+00     H1       2417

 BOND    =    11914.2470  ANGLE   =      157.1260  DIHED      =      968.5466
 VDWAALS =    30780.2980  EEL     =  -198082.8892  HBOND      =        0.0000
 1-4 VDW =      256.5335  1-4 EEL =    -4808.2730  RESTRAINT  =       12.4848
 EAMBER  =  -158814.4112


   NSTEP       ENERGY          RMS            GMAX         NAME    NUMBER
   7850      -1.5881E+05     7.1981E-02     2.5781E+00     N9        327

 BOND    =    11914.2999  ANGLE   =      157.1495  DIHED      =      968.4610
 VDWAALS =    30784.6197  EEL     =  -198094.1882  HBOND      =        0.0000
 1-4 VDW =      256.5547  1-4 EEL =    -4808.2647  RESTRAINT  =       12.5220
 EAMBER  =  -158821.3682


   NSTEP       ENERGY          RMS            GMAX         NAME    NUMBER
   7900      -1.5882E+05     5.4545E-02     2.0648E+00     P         126

 BOND    =    11915.8260  ANGLE   =      157.0719  DIHED      =      968.4122
 VDWAALS =    30788.1528  EEL     =  -198107.1810  HBOND      =        0.0000
 1-4 VDW =      256.5351  1-4 EEL =    -4808.2502  RESTRAINT  =       12.5604
 EAMBER  =  -158829.4332


   NSTEP       ENERGY          RMS            GMAX         NAME    NUMBER
   7950      -1.5882E+05     7.5749E-02     3.1997E+00     H1      34991

 BOND    =    11916.8361  ANGLE   =      157.1375  DIHED      =      968.3502
 VDWAALS =    30793.7200  EEL     =  -198121.7354  HBOND      =        0.0000
 1-4 VDW =      256.5396  1-4 EEL =    -4808.1976  RESTRAINT  =       12.5990
 EAMBER  =  -158837.3496


   NSTEP       ENERGY          RMS            GMAX         NAME    NUMBER
   8000      -1.5883E+05     5.8902E-02     2.1683E+00     P         126

 BOND    =    11918.7858  ANGLE   =      156.8641  DIHED      =      968.2501
 VDWAALS =    30798.0680  EEL     =  -198135.2877  HBOND      =        0.0000
 1-4 VDW =      256.5540  1-4 EEL =    -4808.2847  RESTRAINT  =       12.6413
 EAMBER  =  -158845.0503


   NSTEP       ENERGY          RMS            GMAX         NAME    NUMBER
   8050      -1.5884E+05     7.3553E-02     3.6067E+00     P         126

 BOND    =    11919.7264  ANGLE   =      156.7516  DIHED      =      968.1721
 VDWAALS =    30802.1835  EEL     =  -198147.6378  HBOND      =        0.0000
 1-4 VDW =      256.5602  1-4 EEL =    -4808.1822  RESTRAINT  =       12.6797
 EAMBER  =  -158852.4262


   NSTEP       ENERGY          RMS            GMAX         NAME    NUMBER
   8100      -1.5885E+05     7.3377E-02     4.4209E+00     P         126

 BOND    =    11920.5138  ANGLE   =      156.8056  DIHED      =      968.0601
 VDWAALS =    30806.9215  EEL     =  -198159.7480  HBOND      =        0.0000
 1-4 VDW =      256.5507  1-4 EEL =    -4808.1841  RESTRAINT  =       12.7152
 EAMBER  =  -158859.0803


   NSTEP       ENERGY          RMS            GMAX         NAME    NUMBER
   8150      -1.5885E+05     7.2869E-02     4.2710E+00     C4        970

 BOND    =    11921.8042  ANGLE   =      156.9405  DIHED      =      967.9855
 VDWAALS =    30811.3897  EEL     =  -198171.5019  HBOND      =        0.0000
 1-4 VDW =      256.5442  1-4 EEL =    -4808.1655  RESTRAINT  =       12.7418
 EAMBER  =  -158865.0034


   NSTEP       ENERGY          RMS            GMAX         NAME    NUMBER
   8200      -1.5886E+05     5.4658E-02     2.0273E+00     H1      32927

 BOND    =    11922.9811  ANGLE   =      156.7732  DIHED      =      967.8687
 VDWAALS =    30815.9304  EEL     =  -198183.6398  HBOND      =        0.0000
 1-4 VDW =      256.5519  1-4 EEL =    -4808.1522  RESTRAINT  =       12.7722
 EAMBER  =  -158871.6867


   NSTEP       ENERGY          RMS            GMAX         NAME    NUMBER
   8250      -1.5887E+05     8.2108E-02     3.7474E+00     C5'       949

 BOND    =    11923.5362  ANGLE   =      156.7157  DIHED      =      967.7058
 VDWAALS =    30821.7291  EEL     =  -198197.5697  HBOND      =        0.0000
 1-4 VDW =      256.6048  1-4 EEL =    -4808.1360  RESTRAINT  =       12.8039
 EAMBER  =  -158879.4141


   NSTEP       ENERGY          RMS            GMAX         NAME    NUMBER
   8300      -1.5887E+05     6.7865E-02     3.2567E+00     C5'       949

 BOND    =    11924.8873  ANGLE   =      156.6874  DIHED      =      967.5678
 VDWAALS =    30827.2915  EEL     =  -198211.5320  HBOND      =        0.0000
 1-4 VDW =      256.6072  1-4 EEL =    -4808.1203  RESTRAINT  =       12.8270
 EAMBER  =  -158886.6111


   NSTEP       ENERGY          RMS            GMAX         NAME    NUMBER
   8350      -1.5888E+05     6.7928E-02     5.2486E+00     C4        970

 BOND    =    11927.6452  ANGLE   =      156.8564  DIHED      =      967.4184
 VDWAALS =    30833.1023  EEL     =  -198226.7229  HBOND      =        0.0000
 1-4 VDW =      256.5630  1-4 EEL =    -4808.1104  RESTRAINT  =       12.8478
 EAMBER  =  -158893.2480


   NSTEP       ENERGY          RMS            GMAX         NAME    NUMBER
   8400      -1.5889E+05     5.0761E-02     3.2321E+00     C5'       949

 BOND    =    11928.1246  ANGLE   =      156.6462  DIHED      =      967.2574
 VDWAALS =    30838.3451  EEL     =  -198238.1537  HBOND      =        0.0000
 1-4 VDW =      256.6266  1-4 EEL =    -4808.1801  RESTRAINT  =       12.8650
 EAMBER  =  -158899.3339


   NSTEP       ENERGY          RMS            GMAX         NAME    NUMBER
   8450      -1.5889E+05     4.3063E-02     1.7849E+00     N3        969

 BOND    =    11929.6898  ANGLE   =      156.6786  DIHED      =      967.1051
 VDWAALS =    30843.3544  EEL     =  -198249.1950  HBOND      =        0.0000
 1-4 VDW =      256.6377  1-4 EEL =    -4808.1604  RESTRAINT  =       12.8815
 EAMBER  =  -158903.8897


   NSTEP       ENERGY          RMS            GMAX         NAME    NUMBER
   8500      -1.5890E+05     3.6546E-02     1.1040E+00     O3'       976

 BOND    =    11930.1119  ANGLE   =      156.6669  DIHED      =      966.9160
 VDWAALS =    30847.3053  EEL     =  -198257.8074  HBOND      =        0.0000
 1-4 VDW =      256.6567  1-4 EEL =    -4808.1042  RESTRAINT  =       12.8993
 EAMBER  =  -158908.2550


   NSTEP       ENERGY          RMS            GMAX         NAME    NUMBER
   8550      -1.5890E+05     5.5448E-02     2.8953E+00     P         126

 BOND    =    11930.8334  ANGLE   =      156.6121  DIHED      =      966.7574
 VDWAALS =    30849.9441  EEL     =  -198264.7887  HBOND      =        0.0000
 1-4 VDW =      256.6386  1-4 EEL =    -4808.0065  RESTRAINT  =       12.9124
 EAMBER  =  -158912.0097


   NSTEP       ENERGY          RMS            GMAX         NAME    NUMBER
   8600      -1.5890E+05     4.6631E-02     1.5497E+00     C2        871

 BOND    =    11931.3416  ANGLE   =      156.7747  DIHED      =      966.5948
 VDWAALS =    30852.1785  EEL     =  -198271.1986  HBOND      =        0.0000
 1-4 VDW =      256.6369  1-4 EEL =    -4807.9880  RESTRAINT  =       12.9262
 EAMBER  =  -158915.6602


   NSTEP       ENERGY          RMS            GMAX         NAME    NUMBER
   8650      -1.5891E+05     3.0439E-01     2.0934E+01     H2      35028

 BOND    =    11933.9544  ANGLE   =      157.6934  DIHED      =      966.1481
 VDWAALS =    30855.8837  EEL     =  -198284.8183  HBOND      =        0.0000
 1-4 VDW =      256.5928  1-4 EEL =    -4807.9220  RESTRAINT  =       12.9477
 EAMBER  =  -158922.4680


   NSTEP       ENERGY          RMS            GMAX         NAME    NUMBER
   8700      -1.5892E+05     6.2888E-02     3.1860E+00     N7        960

 BOND    =    11933.3751  ANGLE   =      156.9159  DIHED      =      965.9994
 VDWAALS =    30856.9327  EEL     =  -198290.7664  HBOND      =        0.0000
 1-4 VDW =      256.6397  1-4 EEL =    -4808.0177  RESTRAINT  =       12.9701
 EAMBER  =  -158928.9213


   NSTEP       ENERGY          RMS            GMAX         NAME    NUMBER
   8750      -1.5892E+05     9.3877E-02     3.5930E+00     H2      35028

 BOND    =    11934.8685  ANGLE   =      157.2760  DIHED      =      965.7406
 VDWAALS =    30859.6358  EEL     =  -198301.0816  HBOND      =        0.0000
 1-4 VDW =      256.6610  1-4 EEL =    -4807.6321  RESTRAINT  =       12.9859
 EAMBER  =  -158934.5316


   NSTEP       ENERGY          RMS            GMAX         NAME    NUMBER
   8800      -1.5893E+05     1.2372E-01     5.2348E+00     O5'       853

 BOND    =    11936.0580  ANGLE   =      157.1286  DIHED      =      965.4171
 VDWAALS =    30861.6492  EEL     =  -198313.4534  HBOND      =        0.0000
 1-4 VDW =      256.5731  1-4 EEL =    -4807.6334  RESTRAINT  =       13.0014
 EAMBER  =  -158944.2608


   NSTEP       ENERGY          RMS            GMAX         NAME    NUMBER
   8850      -1.5894E+05     1.1899E-01     5.4416E+00     O5'       853

 BOND    =    11936.4230  ANGLE   =      157.4903  DIHED      =      965.1508
 VDWAALS =    30862.7730  EEL     =  -198323.4162  HBOND      =        0.0000
 1-4 VDW =      256.6269  1-4 EEL =    -4807.9038  RESTRAINT  =       13.0229
 EAMBER  =  -158952.8558


   NSTEP       ENERGY          RMS            GMAX         NAME    NUMBER
   8900      -1.5895E+05     1.2288E-01     6.7709E+00     O5'       853

 BOND    =    11938.9680  ANGLE   =      157.4517  DIHED      =      965.1625
 VDWAALS =    30867.1832  EEL     =  -198338.9562  HBOND      =        0.0000
 1-4 VDW =      256.7149  1-4 EEL =    -4807.6511  RESTRAINT  =       13.0538
 EAMBER  =  -158961.1271


   NSTEP       ENERGY          RMS            GMAX         NAME    NUMBER
   8950      -1.5896E+05     1.3891E-01     8.1309E+00     H2      12546

 BOND    =    11940.4094  ANGLE   =      158.0387  DIHED      =      964.8572
 VDWAALS =    30870.9185  EEL     =  -198351.4573  HBOND      =        0.0000
 1-4 VDW =      256.8374  1-4 EEL =    -4807.8755  RESTRAINT  =       13.0635
 EAMBER  =  -158968.2717


   NSTEP       ENERGY          RMS            GMAX         NAME    NUMBER
   9000      -1.5896E+05     7.4782E-02     4.8174E+00     H1      12545

 BOND    =    11940.4095  ANGLE   =      157.4173  DIHED      =      964.7606
 VDWAALS =    30873.4457  EEL     =  -198359.8250  HBOND      =        0.0000
 1-4 VDW =      256.7480  1-4 EEL =    -4807.8403  RESTRAINT  =       13.0763
 EAMBER  =  -158974.8841


   NSTEP       ENERGY          RMS            GMAX         NAME    NUMBER
   9050      -1.5896E+05     4.3283E-02     2.9241E+00     O       12544

 BOND    =    11940.0592  ANGLE   =      157.2782  DIHED      =      964.7059
 VDWAALS =    30874.5309  EEL     =  -198362.3458  HBOND      =        0.0000
 1-4 VDW =      256.6056  1-4 EEL =    -4807.9599  RESTRAINT  =       13.0872
 EAMBER  =  -158977.1259


   NSTEP       ENERGY          RMS            GMAX         NAME    NUMBER
   9100      -1.5897E+05     4.8123E-02     3.4002E+00     O       29533

 BOND    =    11940.6676  ANGLE   =      157.3539  DIHED      =      964.6033
 VDWAALS =    30882.2143  EEL     =  -198379.4412  HBOND      =        0.0000
 1-4 VDW =      256.6389  1-4 EEL =    -4807.8057  RESTRAINT  =       13.1112
 EAMBER  =  -158985.7688


   NSTEP       ENERGY          RMS            GMAX         NAME    NUMBER
   9150      -1.5898E+05     1.2308E-01     7.1763E+00     C6        613

 BOND    =    11942.6542  ANGLE   =      156.9556  DIHED      =      964.5808
 VDWAALS =    30885.6022  EEL     =  -198388.0029  HBOND      =        0.0000
 1-4 VDW =      256.6696  1-4 EEL =    -4807.8207  RESTRAINT  =       13.1195
 EAMBER  =  -158989.3612


   NSTEP       ENERGY          RMS            GMAX         NAME    NUMBER
   9200      -1.5898E+05     9.9796E-02     4.1060E+00     OP1       127

 BOND    =    11945.8982  ANGLE   =      157.7397  DIHED      =      964.5037
 VDWAALS =    30890.5969  EEL     =  -198401.0045  HBOND      =        0.0000
 1-4 VDW =      256.4659  1-4 EEL =    -4807.7631  RESTRAINT  =       13.1425
 EAMBER  =  -158993.5632


   NSTEP       ENERGY          RMS            GMAX         NAME    NUMBER
   9250      -1.5898E+05     5.8953E-02     3.6992E+00     C4        867

 BOND    =    11943.7692  ANGLE   =      157.2952  DIHED      =      964.5107
 VDWAALS =    30892.0393  EEL     =  -198402.9880  HBOND      =        0.0000
 1-4 VDW =      256.6589  1-4 EEL =    -4807.8211  RESTRAINT  =       13.1387
 EAMBER  =  -158996.5359


   NSTEP       ENERGY          RMS            GMAX         NAME    NUMBER
   9300      -1.5899E+05     4.1300E-02     1.8947E+00     O       35050

 BOND    =    11946.2060  ANGLE   =      157.3403  DIHED      =      964.4744
 VDWAALS =    30896.3223  EEL     =  -198415.1626  HBOND      =        0.0000
 1-4 VDW =      256.6646  1-4 EEL =    -4807.7597  RESTRAINT  =       13.1553
 EAMBER  =  -159001.9146


   NSTEP       ENERGY          RMS            GMAX         NAME    NUMBER
   9350      -1.5899E+05     4.7918E-02     1.8913E+00     O4'       859

 BOND    =    11946.6093  ANGLE   =      157.3963  DIHED      =      964.4536
 VDWAALS =    30900.0970  EEL     =  -198424.2179  HBOND      =        0.0000
 1-4 VDW =      256.7010  1-4 EEL =    -4807.7708  RESTRAINT  =       13.1653
 EAMBER  =  -159006.7314


   NSTEP       ENERGY          RMS            GMAX         NAME    NUMBER
   9400      -1.5900E+05     5.7886E-02     2.9628E+00     H2      22401

 BOND    =    11947.7371  ANGLE   =      157.5058  DIHED      =      964.4250
 VDWAALS =    30904.1442  EEL     =  -198437.0434  HBOND      =        0.0000
 1-4 VDW =      256.6645  1-4 EEL =    -4807.7779  RESTRAINT  =       13.1777
 EAMBER  =  -159014.3447


   NSTEP       ENERGY          RMS            GMAX         NAME    NUMBER
   9450      -1.5901E+05     6.9926E-02     3.0673E+00     O       35050

 BOND    =    11949.6884  ANGLE   =      157.5485  DIHED      =      964.3999
 VDWAALS =    30911.2474  EEL     =  -198456.5748  HBOND      =        0.0000
 1-4 VDW =      256.6574  1-4 EEL =    -4807.7919  RESTRAINT  =       13.1952
 EAMBER  =  -159024.8251


   NSTEP       ENERGY          RMS            GMAX         NAME    NUMBER
   9500      -1.5902E+05     8.8188E-02     4.3817E+00     C5        961

 BOND    =    11951.5410  ANGLE   =      157.5861  DIHED      =      964.3669
 VDWAALS =    30918.1694  EEL     =  -198471.6588  HBOND      =        0.0000
 1-4 VDW =      256.6368  1-4 EEL =    -4807.7444  RESTRAINT  =       13.2067
 EAMBER  =  -159031.1030


   NSTEP       ENERGY          RMS            GMAX         NAME    NUMBER
   9550      -1.5902E+05     8.3149E-02     4.7647E+00     O       35050

 BOND    =    11954.8539  ANGLE   =      157.4288  DIHED      =      964.3351
 VDWAALS =    30924.3754  EEL     =  -198487.2624  HBOND      =        0.0000
 1-4 VDW =      256.6255  1-4 EEL =    -4807.6474  RESTRAINT  =       13.2198
 EAMBER  =  -159037.2913


   NSTEP       ENERGY          RMS            GMAX         NAME    NUMBER
   9600      -1.5903E+05     1.3432E-01     5.1811E+00     H2      22401

 BOND    =    11954.2652  ANGLE   =      157.5425  DIHED      =      964.2964
 VDWAALS =    30933.4512  EEL     =  -198502.3696  HBOND      =        0.0000
 1-4 VDW =      256.5847  1-4 EEL =    -4807.5342  RESTRAINT  =       13.2373
 EAMBER  =  -159043.7638


   NSTEP       ENERGY          RMS            GMAX         NAME    NUMBER
   9650      -1.5904E+05     7.8317E-02     2.8311E+00     C2'       875

 BOND    =    11954.8921  ANGLE   =      157.5354  DIHED      =      964.2734
 VDWAALS =    30936.5646  EEL     =  -198512.7072  HBOND      =        0.0000
 1-4 VDW =      256.6772  1-4 EEL =    -4807.6201  RESTRAINT  =       13.2518
 EAMBER  =  -159050.3846


   NSTEP       ENERGY          RMS            GMAX         NAME    NUMBER
   9700      -1.5904E+05     3.3204E-02     1.8846E+00     C5'       949

 BOND    =    11953.1991  ANGLE   =      157.4074  DIHED      =      964.2744
 VDWAALS =    30937.3249  EEL     =  -198514.8406  HBOND      =        0.0000
 1-4 VDW =      256.6857  1-4 EEL =    -4807.5526  RESTRAINT  =       13.2552
 EAMBER  =  -159053.5017


   NSTEP       ENERGY          RMS            GMAX         NAME    NUMBER
   9750      -1.5905E+05     1.2275E-01     9.0966E+00     H1      31448

 BOND    =    11965.0303  ANGLE   =      157.6408  DIHED      =      964.1897
 VDWAALS =    30949.1723  EEL     =  -198551.2571  HBOND      =        0.0000
 1-4 VDW =      256.8378  1-4 EEL =    -4807.5808  RESTRAINT  =       13.2981
 EAMBER  =  -159065.9669


   NSTEP       ENERGY          RMS            GMAX         NAME    NUMBER
   9800      -1.5906E+05     9.6002E-02     5.1428E+00     N3        869

 BOND    =    11955.7543  ANGLE   =      157.6360  DIHED      =      964.1279
 VDWAALS =    30955.8567  EEL     =  -198555.6180  HBOND      =        0.0000
 1-4 VDW =      256.7345  1-4 EEL =    -4807.3758  RESTRAINT  =       13.3228
 EAMBER  =  -159072.8844


   NSTEP       ENERGY          RMS            GMAX         NAME    NUMBER
   9850      -1.5906E+05     8.2407E-02     4.9205E+00     O       32152

 BOND    =    11960.8594  ANGLE   =      157.4899  DIHED      =      964.1001
 VDWAALS =    30959.2565  EEL     =  -198568.5451  HBOND      =        0.0000
 1-4 VDW =      256.7049  1-4 EEL =    -4807.2807  RESTRAINT  =       13.3341
 EAMBER  =  -159077.4151


   NSTEP       ENERGY          RMS            GMAX         NAME    NUMBER
   9900      -1.5907E+05     6.9616E-02     3.3796E+00     O       32152

 BOND    =    11957.8606  ANGLE   =      157.6711  DIHED      =      964.0837
 VDWAALS =    30963.0502  EEL     =  -198572.4287  HBOND      =        0.0000
 1-4 VDW =      256.6027  1-4 EEL =    -4807.2296  RESTRAINT  =       13.3499
 EAMBER  =  -159080.3899


   NSTEP       ENERGY          RMS            GMAX         NAME    NUMBER
   9950      -1.5908E+05     6.1694E-02     3.2198E+00     C5'       949

 BOND    =    11964.8063  ANGLE   =      157.4930  DIHED      =      964.0506
 VDWAALS =    30978.6871  EEL     =  -198609.0835  HBOND      =        0.0000
 1-4 VDW =      256.6855  1-4 EEL =    -4807.3326  RESTRAINT  =       13.3870
 EAMBER  =  -159094.6936


   NSTEP       ENERGY          RMS            GMAX         NAME    NUMBER
  10000      -1.5909E+05     6.8020E-02     2.3995E+00     P         471

 BOND    =    11963.1565  ANGLE   =      157.7060  DIHED      =      964.0071
 VDWAALS =    30987.2296  EEL     =  -198624.9283  HBOND      =        0.0000
 1-4 VDW =      256.5705  1-4 EEL =    -4807.0378  RESTRAINT  =       13.4132
 EAMBER  =  -159103.2963


  Maximum number of minimization cycles reached.


                    FINAL RESULTS



   NSTEP       ENERGY          RMS            GMAX         NAME    NUMBER
  10000      -1.5909E+05     6.8020E-02     2.3995E+00     P         471

 BOND    =    11963.1565  ANGLE   =      157.7060  DIHED      =      964.0071
 VDWAALS =    30987.2296  EEL     =  -198624.9283  HBOND      =        0.0000
 1-4 VDW =      256.5705  1-4 EEL =    -4807.0378  RESTRAINT  =       13.4132
 EAMBER  =  -159103.2963
--------------------------------------------------------------------------------
   5.  TIMINGS
--------------------------------------------------------------------------------

|  NonSetup CPU Time in Major Routines:
|
|     Routine           Sec        %
|     ------------------------------
|     Nonbond          16.78   46.12
|     Bond              0.00    0.00
|     Angle             0.00    0.00
|     Dihedral          0.00    0.00
|     Shake             0.00    0.00
|     Other            19.61   53.88
|     ------------------------------
|     Total            36.39

|  PME Nonbond Pairlist CPU Time:
|
|     Routine              Sec        %
|     ---------------------------------
|     Set Up Cit           0.00    0.00
|     Build List           0.00    0.00
|     ---------------------------------
|     Total                0.00    0.00

|  PME Direct Force CPU Time:
|
|     Routine              Sec        %
|     ---------------------------------
|     NonBonded Calc       0.00    0.00
|     Exclude Masked       0.00    0.00
|     Other                0.02    0.05
|     ---------------------------------
|     Total                0.02    0.05

|  PME Reciprocal Force CPU Time:
|
|     Routine              Sec        %
|     ---------------------------------
|     1D bspline           0.00    0.00
|     Grid Charges         0.00    0.00
|     Scalar Sum           0.00    0.00
|     Gradient Sum         0.00    0.00
|     FFT                  0.00    0.00
|     ---------------------------------
|     Total                0.00    0.00

|  Setup CPU time:            1.37 seconds
|  NonSetup CPU time:        36.39 seconds
|  Total CPU time:           37.76 seconds     0.01 hours

|  Setup wall time:           3    seconds
|  NonSetup wall time:       72    seconds
|  Total wall time:          75    seconds     0.02 hours
