
          -------------------------------------------------------
          Amber 16 PMEMD                              2016
          -------------------------------------------------------

| PMEMD implementation of SANDER, Release 16

| Run on 10/15/2020 at 14:38:13

|   Executable path: pmemd.cuda
| Working directory: /home/kyq/T7RNADNA/newDG
|          Hostname: gpu01

  [-O]verwriting output

File Assignments:
|   MDIN: heat3.in                                                              
|  MDOUT: cmp_heat3.out                                                         
| INPCRD: cmp_heat2.rst                                                         
|   PARM: cmp.prmtop                                                            
| RESTRT: cmp_heat3.rst                                                         
|   REFC: cmp.inpcrd                                                            
|  MDVEL: mdvel                                                                 
|   MDEN: mden                                                                  
|  MDCRD: cmp_heat3.mdcrd                                                       
| MDINFO: mdinfo                                                                
|  MDFRC: mdfrc                                                                 

 
 Here is the input file:
 
Stage 2 equilibration 1 0-5ns                                                  
 &cntrl                                                                        
  imin=0, irest=1, ntx=5,                                                      
  nstlim=2500, dt=0.002,                                                       
  ntc=2, ntf=2,                                                                
  ntt=1, tautp=1.5,                                                            
  tempi=100.0, temp0=150.0,                                                    
  ntpr=50, ntwx=50,                                                            
  ntb=1,                                                                       
  cut=10,                                                                      
 /                                                                             


Note: ig = -1. Setting random seed to   680367 based on wallclock time in 
      microseconds.
 
|--------------------- INFORMATION ----------------------
| GPU (CUDA) Version of PMEMD in use: NVIDIA GPU IN USE.
|                    Version 16.0.0
| 
|                      02/25/2016
| 
| Implementation by:
|                    Ross C. Walker     (SDSC)
|                    Scott Le Grand     (nVIDIA)
| 
| Precision model in use:
|      [SPFP] - Single Precision Forces, 64-bit Fixed Point
|               Accumulation. (Default)
| 
|--------------------------------------------------------
 
|----------------- CITATION INFORMATION -----------------
|
|    When publishing work that utilized the CUDA version
|    of AMBER, please cite the following in addition to
|    the regular AMBER citations:
|
|  - Romelia Salomon-Ferrer; Andreas W. Goetz; Duncan
|    Poole; Scott Le Grand; Ross C. Walker "Routine
|    microsecond molecular dynamics simulations with
|    AMBER - Part II: Particle Mesh Ewald", J. Chem.
|    Theory Comput., 2013, 9 (9), pp3878-3888,
|    DOI: 10.1021/ct400314y.
|
|  - Andreas W. Goetz; Mark J. Williamson; Dong Xu;
|    Duncan Poole; Scott Le Grand; Ross C. Walker
|    "Routine microsecond molecular dynamics simulations
|    with AMBER - Part I: Generalized Born", J. Chem.
|    Theory Comput., 2012, 8 (5), pp1542-1555.
|
|  - Scott Le Grand; Andreas W. Goetz; Ross C. Walker
|    "SPFP: Speed without compromise - a mixed precision
|    model for GPU accelerated molecular dynamics
|    simulations.", Comp. Phys. Comm., 2013, 184
|    pp374-380, DOI: 10.1016/j.cpc.2012.09.022
|
|--------------------------------------------------------
 
|------------------- GPU DEVICE INFO --------------------
|
|            CUDA_VISIBLE_DEVICES: 0
|   CUDA Capable Devices Detected:      1
|           CUDA Device ID in use:      0
|                CUDA Device Name: Tesla P100-PCIE-16GB
|     CUDA Device Global Mem Size:  16276 MB
| CUDA Device Num Multiprocessors:     56
|           CUDA Device Core Freq:   1.33 GHz
|
|--------------------------------------------------------
 
 
| Conditional Compilation Defines Used:
| PUBFFT
| BINTRAJ
| CUDA
| EMIL
 
| Largest sphere to fit in unit cell has radius =    32.955

| New format PARM file being parsed.
| Version =    1.000 Date = 10/15/20 Time = 14:34:18

| Note: 1-4 EEL scale factors are being read from the topology file.

| Note: 1-4 VDW scale factors are being read from the topology file.
| Duplicated    0 dihedrals

| Duplicated    0 dihedrals

--------------------------------------------------------------------------------
   1.  RESOURCE   USE: 
--------------------------------------------------------------------------------

 getting box info from netcdf restart file
 NATOM  =   35940 NTYPES =      18 NBONH =   35217 MBONA  =     774
 NTHETH =     898 MTHETA =    1191 NPHIH =    1825 MPHIA  =    2463
 NHPARM =       0 NPARM  =       0 NNB   =   52442 NRES   =   11678
 NBONA  =     774 NTHETA =    1191 NPHIA =    2463 NUMBND =      61
 NUMANG =     127 NPTRA  =      75 NATYP =      34 NPHB   =       1
 IFBOX  =       2 NMXRS  =      33 IFCAP =       0 NEXTRA =       0
 NCOPY  =       0

| Coordinate Index Table dimensions:    13   13   13
| Direct force subcell size =     6.2094    6.2094    6.2094

     BOX TYPE: TRUNCATED OCTAHEDRON

--------------------------------------------------------------------------------
   2.  CONTROL  DATA  FOR  THE  RUN
--------------------------------------------------------------------------------

default_name                                                                    

General flags:
     imin    =       0, nmropt  =       0

Nature and format of input:
     ntx     =       5, irest   =       1, ntrx    =       1

Nature and format of output:
     ntxo    =       2, ntpr    =      50, ntrx    =       1, ntwr    =    2500
     iwrap   =       0, ntwx    =      50, ntwv    =       0, ntwe    =       0
     ioutfm  =       1, ntwprt  =       0, idecomp =       0, rbornstat=      0

Potential function:
     ntf     =       2, ntb     =       1, igb     =       0, nsnb    =      25
     ipol    =       0, gbsa    =       0, iesp    =       0
     dielc   =   1.00000, cut     =  10.00000, intdiel =   1.00000

Frozen or restrained atoms:
     ibelly  =       0, ntr     =       0

Molecular dynamics:
     nstlim  =      2500, nscm    =      1000, nrespa  =         1
     t       =   0.00000, dt      =   0.00200, vlimit  =  -1.00000

Berendsen (weak-coupling) temperature regulation:
     temp0   = 150.00000, tempi   = 100.00000, tautp   =   1.50000

SHAKE:
     ntc     =       2, jfastw  =       0
     tol     =   0.00001

| Intermolecular bonds treatment:
|     no_intermolecular_bonds =       1

| Energy averages sample interval:
|     ene_avg_sampling =      50

Ewald parameters:
     verbose =       0, ew_type =       0, nbflag  =       1, use_pme =       1
     vdwmeth =       1, eedmeth =       1, netfrc  =       1
     Box X =   80.723   Box Y =   80.723   Box Z =   80.723
     Alpha =  109.471   Beta  =  109.471   Gamma =  109.471
     NFFT1 =   84       NFFT2 =   84       NFFT3 =   84
     Cutoff=   10.000   Tol   =0.100E-04
     Ewald Coefficient =  0.27511
     Interpolation order =    4

--------------------------------------------------------------------------------
   3.  ATOMIC COORDINATES AND VELOCITIES
--------------------------------------------------------------------------------

default_name                                                                    
 begin time read from input coords =    10.000 ps

 
 Number of triangulated 3-point waters found:    11612

     Sum of charges from parm topology file =   0.00000020
     Forcing neutrality...

| Dynamic Memory, Types Used:
| Reals             1043836
| Integers           865128

| Nonbonded Pairs Initial Allocation:    10870951

| GPU memory information (estimate):
| KB of GPU memory in use:    168232
| KB of CPU memory in use:     57100

--------------------------------------------------------------------------------
   4.  RESULTS
--------------------------------------------------------------------------------

 ---------------------------------------------------
 APPROXIMATING switch and d/dx switch using CUBIC SPLINE INTERPOLATION
 using   5000.0 points per unit in tabled values
 TESTING RELATIVE ERROR over r ranging from 0.0 to cutoff
| CHECK switch(x): max rel err =   0.3316E-14   at   2.351880
| CHECK d/dx switch(x): max rel err =   0.8066E-11   at   2.747240
 ---------------------------------------------------
|---------------------------------------------------
| APPROXIMATING direct energy using CUBIC SPLINE INTERPOLATION
|  with   50.0 points per unit in tabled values
| Relative Error Limit not exceeded for r .gt.   2.34
| APPROXIMATING direct force using CUBIC SPLINE INTERPOLATION
|  with   50.0 points per unit in tabled values
| Relative Error Limit not exceeded for r .gt.   2.81
|---------------------------------------------------

 NSTEP =       50   TIME(PS) =      10.100  TEMP(K) =    94.82  PRESS =     0.0
 Etot   =   -137466.5021  EKtot   =      6840.0991  EPtot      =   -144306.6012
 BOND   =        83.3289  ANGLE   =       233.6224  DIHED      =       980.2332
 1-4 NB =       267.4272  1-4 EEL =     -4808.9930  VDWAALS    =     24139.2332
 EELEC  =   -165201.4531  EHBOND  =         0.0000  RESTRAINT  =         0.0000
 ------------------------------------------------------------------------------


 NSTEP =      100   TIME(PS) =      10.200  TEMP(K) =    97.04  PRESS =     0.0
 Etot   =   -137203.8576  EKtot   =      6999.6396  EPtot      =   -144203.4972
 BOND   =        75.4609  ANGLE   =       229.6266  DIHED      =       980.8077
 1-4 NB =       269.5819  1-4 EEL =     -4793.3373  VDWAALS    =     24126.4435
 EELEC  =   -165092.0804  EHBOND  =         0.0000  RESTRAINT  =         0.0000
 ------------------------------------------------------------------------------


 NSTEP =      150   TIME(PS) =      10.300  TEMP(K) =    97.72  PRESS =     0.0
 Etot   =   -136950.4927  EKtot   =      7049.1489  EPtot      =   -143999.6416
 BOND   =        80.1541  ANGLE   =       224.8792  DIHED      =       972.7509
 1-4 NB =       264.4463  1-4 EEL =     -4801.3762  VDWAALS    =     24180.6318
 EELEC  =   -164921.1276  EHBOND  =         0.0000  RESTRAINT  =         0.0000
 ------------------------------------------------------------------------------


 NSTEP =      200   TIME(PS) =      10.400  TEMP(K) =    99.73  PRESS =     0.0
 Etot   =   -136704.3616  EKtot   =      7193.7119  EPtot      =   -143898.0735
 BOND   =        86.4101  ANGLE   =       236.4989  DIHED      =       977.7456
 1-4 NB =       266.0045  1-4 EEL =     -4823.7825  VDWAALS    =     23975.4822
 EELEC  =   -164616.4323  EHBOND  =         0.0000  RESTRAINT  =         0.0000
 ------------------------------------------------------------------------------


 NSTEP =      250   TIME(PS) =      10.500  TEMP(K) =   101.33  PRESS =     0.0
 Etot   =   -136467.3330  EKtot   =      7309.3164  EPtot      =   -143776.6494
 BOND   =        85.1940  ANGLE   =       233.0432  DIHED      =       988.1884
 1-4 NB =       263.7914  1-4 EEL =     -4802.9066  VDWAALS    =     24039.4723
 EELEC  =   -164583.4320  EHBOND  =         0.0000  RESTRAINT  =         0.0000
 ------------------------------------------------------------------------------


 NSTEP =      300   TIME(PS) =      10.600  TEMP(K) =   102.50  PRESS =     0.0
 Etot   =   -136236.8319  EKtot   =      7394.1216  EPtot      =   -143630.9534
 BOND   =        78.7796  ANGLE   =       236.8689  DIHED      =       984.2172
 1-4 NB =       264.3596  1-4 EEL =     -4803.7112  VDWAALS    =     23874.9843
 EELEC  =   -164266.4519  EHBOND  =         0.0000  RESTRAINT  =         0.0000
 ------------------------------------------------------------------------------


 NSTEP =      350   TIME(PS) =      10.700  TEMP(K) =   104.36  PRESS =     0.0
 Etot   =   -136013.1274  EKtot   =      7528.2480  EPtot      =   -143541.3755
 BOND   =        86.0966  ANGLE   =       225.8655  DIHED      =       988.9484
 1-4 NB =       269.2194  1-4 EEL =     -4819.6857  VDWAALS    =     23941.8863
 EELEC  =   -164233.7060  EHBOND  =         0.0000  RESTRAINT  =         0.0000
 ------------------------------------------------------------------------------


 NSTEP =      400   TIME(PS) =      10.800  TEMP(K) =   105.56  PRESS =     0.0
 Etot   =   -135796.5971  EKtot   =      7614.8740  EPtot      =   -143411.4712
 BOND   =        87.7673  ANGLE   =       242.9673  DIHED      =       980.9577
 1-4 NB =       261.0339  1-4 EEL =     -4810.6527  VDWAALS    =     23977.8868
 EELEC  =   -164151.4315  EHBOND  =         0.0000  RESTRAINT  =         0.0000
 ------------------------------------------------------------------------------


 NSTEP =      450   TIME(PS) =      10.900  TEMP(K) =   107.38  PRESS =     0.0
 Etot   =   -135588.8615  EKtot   =      7746.1367  EPtot      =   -143334.9982
 BOND   =        92.3674  ANGLE   =       222.0661  DIHED      =       985.4361
 1-4 NB =       260.6046  1-4 EEL =     -4806.5226  VDWAALS    =     24031.1816
 EELEC  =   -164120.1314  EHBOND  =         0.0000  RESTRAINT  =         0.0000
 ------------------------------------------------------------------------------


 NSTEP =      500   TIME(PS) =      11.000  TEMP(K) =   108.32  PRESS =     0.0
 Etot   =   -135386.0347  EKtot   =      7813.8101  EPtot      =   -143199.8448
 BOND   =        85.5595  ANGLE   =       237.3660  DIHED      =       984.9628
 1-4 NB =       269.5575  1-4 EEL =     -4794.9321  VDWAALS    =     23742.0545
 EELEC  =   -163724.4129  EHBOND  =         0.0000  RESTRAINT  =         0.0000
 ------------------------------------------------------------------------------


 NSTEP =      550   TIME(PS) =      11.100  TEMP(K) =   108.57  PRESS =     0.0
 Etot   =   -135187.3765  EKtot   =      7831.5576  EPtot      =   -143018.9341
 BOND   =        87.8656  ANGLE   =       243.8342  DIHED      =       985.7770
 1-4 NB =       268.3038  1-4 EEL =     -4803.2995  VDWAALS    =     23845.8149
 EELEC  =   -163647.2302  EHBOND  =         0.0000  RESTRAINT  =         0.0000
 ------------------------------------------------------------------------------


 NSTEP =      600   TIME(PS) =      11.200  TEMP(K) =   111.27  PRESS =     0.0
 Etot   =   -134998.1951  EKtot   =      8026.4570  EPtot      =   -143024.6522
 BOND   =        85.8826  ANGLE   =       242.8356  DIHED      =       983.8331
 1-4 NB =       266.2160  1-4 EEL =     -4807.4386  VDWAALS    =     23621.4074
 EELEC  =   -163417.3882  EHBOND  =         0.0000  RESTRAINT  =         0.0000
 ------------------------------------------------------------------------------


 NSTEP =      650   TIME(PS) =      11.300  TEMP(K) =   112.52  PRESS =     0.0
 Etot   =   -134816.1734  EKtot   =      8116.3052  EPtot      =   -142932.4785
 BOND   =        91.5116  ANGLE   =       244.2605  DIHED      =       989.3915
 1-4 NB =       263.4197  1-4 EEL =     -4798.4682  VDWAALS    =     23468.6606
 EELEC  =   -163191.2542  EHBOND  =         0.0000  RESTRAINT  =         0.0000
 ------------------------------------------------------------------------------


 NSTEP =      700   TIME(PS) =      11.400  TEMP(K) =   113.60  PRESS =     0.0
 Etot   =   -134639.3687  EKtot   =      8194.5713  EPtot      =   -142833.9400
 BOND   =        94.7984  ANGLE   =       250.8205  DIHED      =       990.1860
 1-4 NB =       266.8894  1-4 EEL =     -4794.2920  VDWAALS    =     23670.3958
 EELEC  =   -163312.7380  EHBOND  =         0.0000  RESTRAINT  =         0.0000
 ------------------------------------------------------------------------------


 NSTEP =      750   TIME(PS) =      11.500  TEMP(K) =   114.50  PRESS =     0.0
 Etot   =   -134467.0258  EKtot   =      8259.6201  EPtot      =   -142726.6459
 BOND   =        92.4742  ANGLE   =       240.6894  DIHED      =       986.1511
 1-4 NB =       271.3711  1-4 EEL =     -4798.0528  VDWAALS    =     23440.9868
 EELEC  =   -162960.2657  EHBOND  =         0.0000  RESTRAINT  =         0.0000
 ------------------------------------------------------------------------------


 NSTEP =      800   TIME(PS) =      11.600  TEMP(K) =   116.10  PRESS =     0.0
 Etot   =   -134298.0384  EKtot   =      8375.0098  EPtot      =   -142673.0481
 BOND   =        86.3103  ANGLE   =       258.0652  DIHED      =       979.3318
 1-4 NB =       272.6980  1-4 EEL =     -4803.7458  VDWAALS    =     23671.8501
 EELEC  =   -163137.5577  EHBOND  =         0.0000  RESTRAINT  =         0.0000
 ------------------------------------------------------------------------------


 NSTEP =      850   TIME(PS) =      11.700  TEMP(K) =   116.72  PRESS =     0.0
 Etot   =   -134135.7701  EKtot   =      8419.4570  EPtot      =   -142555.2271
 BOND   =        95.8858  ANGLE   =       252.9778  DIHED      =       981.6562
 1-4 NB =       268.4875  1-4 EEL =     -4806.1571  VDWAALS    =     23611.3742
 EELEC  =   -162959.4515  EHBOND  =         0.0000  RESTRAINT  =         0.0000
 ------------------------------------------------------------------------------


 NSTEP =      900   TIME(PS) =      11.800  TEMP(K) =   118.35  PRESS =     0.0
 Etot   =   -133978.4155  EKtot   =      8536.9160  EPtot      =   -142515.3315
 BOND   =        96.9852  ANGLE   =       260.9998  DIHED      =       983.4510
 1-4 NB =       269.1687  1-4 EEL =     -4814.7982  VDWAALS    =     23631.5975
 EELEC  =   -162942.7355  EHBOND  =         0.0000  RESTRAINT  =         0.0000
 ------------------------------------------------------------------------------


 NSTEP =      950   TIME(PS) =      11.900  TEMP(K) =   118.24  PRESS =     0.0
 Etot   =   -133829.2722  EKtot   =      8529.0029  EPtot      =   -142358.2751
 BOND   =        99.2016  ANGLE   =       248.5990  DIHED      =       985.1578
 1-4 NB =       274.3074  1-4 EEL =     -4824.7391  VDWAALS    =     23831.4591
 EELEC  =   -162972.2609  EHBOND  =         0.0000  RESTRAINT  =         0.0000
 ------------------------------------------------------------------------------

check COM velocity, temp:        0.000007     0.00(Removed)

 NSTEP =     1000   TIME(PS) =      12.000  TEMP(K) =   119.67  PRESS =     0.0
 Etot   =   -133680.5638  EKtot   =      8632.3359  EPtot      =   -142312.8997
 BOND   =        96.3899  ANGLE   =       265.1690  DIHED      =       984.4361
 1-4 NB =       268.8157  1-4 EEL =     -4809.2988  VDWAALS    =     23595.9044
 EELEC  =   -162714.3162  EHBOND  =         0.0000  RESTRAINT  =         0.0000
 ------------------------------------------------------------------------------


 NSTEP =     1050   TIME(PS) =      12.100  TEMP(K) =   121.06  PRESS =     0.0
 Etot   =   -133539.5463  EKtot   =      8732.5977  EPtot      =   -142272.1440
 BOND   =        99.0202  ANGLE   =       253.1865  DIHED      =       993.2032
 1-4 NB =       270.2863  1-4 EEL =     -4790.9572  VDWAALS    =     23678.2201
 EELEC  =   -162775.1030  EHBOND  =         0.0000  RESTRAINT  =         0.0000
 ------------------------------------------------------------------------------


 NSTEP =     1100   TIME(PS) =      12.200  TEMP(K) =   121.54  PRESS =     0.0
 Etot   =   -133403.9701  EKtot   =      8767.5820  EPtot      =   -142171.5521
 BOND   =        94.8685  ANGLE   =       271.0861  DIHED      =       988.1386
 1-4 NB =       264.6383  1-4 EEL =     -4801.9939  VDWAALS    =     23613.9846
 EELEC  =   -162602.2744  EHBOND  =         0.0000  RESTRAINT  =         0.0000
 ------------------------------------------------------------------------------


 NSTEP =     1150   TIME(PS) =      12.300  TEMP(K) =   122.64  PRESS =     0.0
 Etot   =   -133271.2587  EKtot   =      8846.6250  EPtot      =   -142117.8837
 BOND   =        98.3113  ANGLE   =       256.9790  DIHED      =       997.7538
 1-4 NB =       269.5986  1-4 EEL =     -4800.0168  VDWAALS    =     23468.0223
 EELEC  =   -162408.5319  EHBOND  =         0.0000  RESTRAINT  =         0.0000
 ------------------------------------------------------------------------------


 NSTEP =     1200   TIME(PS) =      12.400  TEMP(K) =   123.13  PRESS =     0.0
 Etot   =   -133143.7210  EKtot   =      8881.8945  EPtot      =   -142025.6156
 BOND   =       101.8237  ANGLE   =       258.1696  DIHED      =       997.2807
 1-4 NB =       268.5690  1-4 EEL =     -4816.3088  VDWAALS    =     23593.4705
 EELEC  =   -162428.6202  EHBOND  =         0.0000  RESTRAINT  =         0.0000
 ------------------------------------------------------------------------------


 NSTEP =     1250   TIME(PS) =      12.500  TEMP(K) =   124.53  PRESS =     0.0
 Etot   =   -133020.2183  EKtot   =      8982.7578  EPtot      =   -142002.9761
 BOND   =        94.7911  ANGLE   =       261.9713  DIHED      =      1001.0197
 1-4 NB =       265.7874  1-4 EEL =     -4801.2071  VDWAALS    =     23577.6745
 EELEC  =   -162403.0130  EHBOND  =         0.0000  RESTRAINT  =         0.0000
 ------------------------------------------------------------------------------


 NSTEP =     1300   TIME(PS) =      12.600  TEMP(K) =   125.36  PRESS =     0.0
 Etot   =   -132902.1582  EKtot   =      9042.9492  EPtot      =   -141945.1075
 BOND   =        98.5391  ANGLE   =       270.8077  DIHED      =      1002.6011
 1-4 NB =       267.1026  1-4 EEL =     -4800.9594  VDWAALS    =     23456.9802
 EELEC  =   -162240.1787  EHBOND  =         0.0000  RESTRAINT  =         0.0000
 ------------------------------------------------------------------------------


 NSTEP =     1350   TIME(PS) =      12.700  TEMP(K) =   126.04  PRESS =     0.0
 Etot   =   -132786.9785  EKtot   =      9091.7158  EPtot      =   -141878.6943
 BOND   =        98.2559  ANGLE   =       259.5406  DIHED      =       986.9278
 1-4 NB =       274.0690  1-4 EEL =     -4800.4357  VDWAALS    =     23306.4126
 EELEC  =   -162003.4646  EHBOND  =         0.0000  RESTRAINT  =         0.0000
 ------------------------------------------------------------------------------


 NSTEP =     1400   TIME(PS) =      12.800  TEMP(K) =   127.76  PRESS =     0.0
 Etot   =   -132675.9355  EKtot   =      9215.8789  EPtot      =   -141891.8144
 BOND   =        95.0772  ANGLE   =       264.9987  DIHED      =       995.0606
 1-4 NB =       272.6639  1-4 EEL =     -4807.2870  VDWAALS    =     23587.2717
 EELEC  =   -162299.5994  EHBOND  =         0.0000  RESTRAINT  =         0.0000
 ------------------------------------------------------------------------------


 NSTEP =     1450   TIME(PS) =      12.900  TEMP(K) =   128.65  PRESS =     0.0
 Etot   =   -132568.5648  EKtot   =      9280.1895  EPtot      =   -141848.7542
 BOND   =       108.4543  ANGLE   =       272.8895  DIHED      =       997.7894
 1-4 NB =       265.1611  1-4 EEL =     -4818.5033  VDWAALS    =     23649.2348
 EELEC  =   -162323.7800  EHBOND  =         0.0000  RESTRAINT  =         0.0000
 ------------------------------------------------------------------------------


 NSTEP =     1500   TIME(PS) =      13.000  TEMP(K) =   128.42  PRESS =     0.0
 Etot   =   -132462.5814  EKtot   =      9263.9375  EPtot      =   -141726.5189
 BOND   =       101.5608  ANGLE   =       268.4583  DIHED      =       997.8780
 1-4 NB =       265.9866  1-4 EEL =     -4814.2894  VDWAALS    =     23597.7778
 EELEC  =   -162143.8910  EHBOND  =         0.0000  RESTRAINT  =         0.0000
 ------------------------------------------------------------------------------


 NSTEP =     1550   TIME(PS) =      13.100  TEMP(K) =   129.50  PRESS =     0.0
 Etot   =   -132359.9025  EKtot   =      9341.2637  EPtot      =   -141701.1661
 BOND   =       110.6989  ANGLE   =       278.9025  DIHED      =      1000.4284
 1-4 NB =       265.6690  1-4 EEL =     -4826.3939  VDWAALS    =     23414.5307
 EELEC  =   -161945.0016  EHBOND  =         0.0000  RESTRAINT  =         0.0000
 ------------------------------------------------------------------------------


 NSTEP =     1600   TIME(PS) =      13.200  TEMP(K) =   130.63  PRESS =     0.0
 Etot   =   -132262.8519  EKtot   =      9423.0078  EPtot      =   -141685.8597
 BOND   =       111.2851  ANGLE   =       259.3629  DIHED      =      1001.7474
 1-4 NB =       269.6358  1-4 EEL =     -4818.4635  VDWAALS    =     23387.1383
 EELEC  =   -161896.5658  EHBOND  =         0.0000  RESTRAINT  =         0.0000
 ------------------------------------------------------------------------------


 NSTEP =     1650   TIME(PS) =      13.300  TEMP(K) =   130.52  PRESS =     0.0
 Etot   =   -132166.4226  EKtot   =      9415.4238  EPtot      =   -141581.8464
 BOND   =        98.7345  ANGLE   =       263.9199  DIHED      =      1008.3267
 1-4 NB =       272.5409  1-4 EEL =     -4809.4036  VDWAALS    =     23534.5859
 EELEC  =   -161950.5507  EHBOND  =         0.0000  RESTRAINT  =         0.0000
 ------------------------------------------------------------------------------


 NSTEP =     1700   TIME(PS) =      13.400  TEMP(K) =   131.56  PRESS =     0.0
 Etot   =   -132077.6162  EKtot   =      9490.2930  EPtot      =   -141567.9092
 BOND   =       109.0136  ANGLE   =       264.0421  DIHED      =      1002.4142
 1-4 NB =       272.1183  1-4 EEL =     -4804.5368  VDWAALS    =     23474.4337
 EELEC  =   -161885.3943  EHBOND  =         0.0000  RESTRAINT  =         0.0000
 ------------------------------------------------------------------------------


 NSTEP =     1750   TIME(PS) =      13.500  TEMP(K) =   131.64  PRESS =     0.0
 Etot   =   -131991.9473  EKtot   =      9495.7695  EPtot      =   -141487.7169
 BOND   =        99.0238  ANGLE   =       271.1791  DIHED      =       996.9502
 1-4 NB =       269.5243  1-4 EEL =     -4800.6192  VDWAALS    =     23374.6865
 EELEC  =   -161698.4616  EHBOND  =         0.0000  RESTRAINT  =         0.0000
 ------------------------------------------------------------------------------


 NSTEP =     1800   TIME(PS) =      13.600  TEMP(K) =   132.22  PRESS =     0.0
 Etot   =   -131905.0273  EKtot   =      9537.5723  EPtot      =   -141442.5996
 BOND   =       114.6999  ANGLE   =       264.7196  DIHED      =      1003.6707
 1-4 NB =       273.0824  1-4 EEL =     -4827.8916  VDWAALS    =     23322.8567
 EELEC  =   -161593.7372  EHBOND  =         0.0000  RESTRAINT  =         0.0000
 ------------------------------------------------------------------------------


 NSTEP =     1850   TIME(PS) =      13.700  TEMP(K) =   133.09  PRESS =     0.0
 Etot   =   -131821.9413  EKtot   =      9600.8066  EPtot      =   -141422.7479
 BOND   =       109.9495  ANGLE   =       267.5924  DIHED      =      1011.5159
 1-4 NB =       271.8445  1-4 EEL =     -4820.5424  VDWAALS    =     23187.2091
 EELEC  =   -161450.3169  EHBOND  =         0.0000  RESTRAINT  =         0.0000
 ------------------------------------------------------------------------------


 NSTEP =     1900   TIME(PS) =      13.800  TEMP(K) =   133.62  PRESS =     0.0
 Etot   =   -131742.2309  EKtot   =      9638.5361  EPtot      =   -141380.7670
 BOND   =       109.0736  ANGLE   =       277.2872  DIHED      =      1005.2851
 1-4 NB =       271.4237  1-4 EEL =     -4817.3444  VDWAALS    =     23407.1954
 EELEC  =   -161633.6876  EHBOND  =         0.0000  RESTRAINT  =         0.0000
 ------------------------------------------------------------------------------


 NSTEP =     1950   TIME(PS) =      13.900  TEMP(K) =   133.82  PRESS =     0.0
 Etot   =   -131663.7076  EKtot   =      9652.8154  EPtot      =   -141316.5230
 BOND   =        99.4237  ANGLE   =       258.5049  DIHED      =       999.4607
 1-4 NB =       273.5256  1-4 EEL =     -4794.5352  VDWAALS    =     23341.9546
 EELEC  =   -161494.8573  EHBOND  =         0.0000  RESTRAINT  =         0.0000
 ------------------------------------------------------------------------------

check COM velocity, temp:        0.000004     0.00(Removed)

 NSTEP =     2000   TIME(PS) =      14.000  TEMP(K) =   134.76  PRESS =     0.0
 Etot   =   -131590.9575  EKtot   =      9721.2266  EPtot      =   -141312.1840
 BOND   =       111.9306  ANGLE   =       274.2632  DIHED      =       999.3263
 1-4 NB =       265.8647  1-4 EEL =     -4802.0175  VDWAALS    =     23299.4787
 EELEC  =   -161461.0299  EHBOND  =         0.0000  RESTRAINT  =         0.0000
 ------------------------------------------------------------------------------


 NSTEP =     2050   TIME(PS) =      14.100  TEMP(K) =   135.18  PRESS =     0.0
 Etot   =   -131519.2554  EKtot   =      9751.3623  EPtot      =   -141270.6177
 BOND   =       111.0788  ANGLE   =       274.9591  DIHED      =      1009.4385
 1-4 NB =       267.1562  1-4 EEL =     -4802.3007  VDWAALS    =     23272.9026
 EELEC  =   -161403.8521  EHBOND  =         0.0000  RESTRAINT  =         0.0000
 ------------------------------------------------------------------------------


 NSTEP =     2100   TIME(PS) =      14.200  TEMP(K) =   136.61  PRESS =     0.0
 Etot   =   -131450.4635  EKtot   =      9854.5889  EPtot      =   -141305.0524
 BOND   =       113.2656  ANGLE   =       290.4664  DIHED      =      1004.5944
 1-4 NB =       264.5842  1-4 EEL =     -4810.1385  VDWAALS    =     23206.4955
 EELEC  =   -161374.3199  EHBOND  =         0.0000  RESTRAINT  =         0.0000
 ------------------------------------------------------------------------------


 NSTEP =     2150   TIME(PS) =      14.300  TEMP(K) =   136.45  PRESS =     0.0
 Etot   =   -131383.4322  EKtot   =      9842.5176  EPtot      =   -141225.9497
 BOND   =       104.6995  ANGLE   =       266.0273  DIHED      =       999.2432
 1-4 NB =       271.9732  1-4 EEL =     -4790.3117  VDWAALS    =     23153.6674
 EELEC  =   -161231.2487  EHBOND  =         0.0000  RESTRAINT  =         0.0000
 ------------------------------------------------------------------------------


 NSTEP =     2200   TIME(PS) =      14.400  TEMP(K) =   137.14  PRESS =     0.0
 Etot   =   -131321.2232  EKtot   =      9892.4893  EPtot      =   -141213.7124
 BOND   =       104.9764  ANGLE   =       268.0845  DIHED      =      1009.5316
 1-4 NB =       275.1436  1-4 EEL =     -4798.8130  VDWAALS    =     23366.1367
 EELEC  =   -161438.7723  EHBOND  =         0.0000  RESTRAINT  =         0.0000
 ------------------------------------------------------------------------------


 NSTEP =     2250   TIME(PS) =      14.500  TEMP(K) =   136.88  PRESS =     0.0
 Etot   =   -131257.4843  EKtot   =      9873.8486  EPtot      =   -141131.3329
 BOND   =       116.3591  ANGLE   =       290.8199  DIHED      =      1005.1263
 1-4 NB =       267.1951  1-4 EEL =     -4824.2994  VDWAALS    =     23052.7961
 EELEC  =   -161039.3300  EHBOND  =         0.0000  RESTRAINT  =         0.0000
 ------------------------------------------------------------------------------


 NSTEP =     2300   TIME(PS) =      14.600  TEMP(K) =   137.92  PRESS =     0.0
 Etot   =   -131197.4700  EKtot   =      9948.5664  EPtot      =   -141146.0364
 BOND   =       103.6845  ANGLE   =       266.0390  DIHED      =      1005.9206
 1-4 NB =       271.3184  1-4 EEL =     -4800.9588  VDWAALS    =     23428.0973
 EELEC  =   -161420.1375  EHBOND  =         0.0000  RESTRAINT  =         0.0000
 ------------------------------------------------------------------------------


 NSTEP =     2350   TIME(PS) =      14.700  TEMP(K) =   138.85  PRESS =     0.0
 Etot   =   -131140.2472  EKtot   =     10015.7559  EPtot      =   -141156.0030
 BOND   =        97.1604  ANGLE   =       267.4537  DIHED      =      1008.1947
 1-4 NB =       274.4776  1-4 EEL =     -4790.5801  VDWAALS    =     23097.3197
 EELEC  =   -161110.0291  EHBOND  =         0.0000  RESTRAINT  =         0.0000
 ------------------------------------------------------------------------------


 NSTEP =     2400   TIME(PS) =      14.800  TEMP(K) =   138.71  PRESS =     0.0
 Etot   =   -131084.7764  EKtot   =     10005.8838  EPtot      =   -141090.6602
 BOND   =       112.7288  ANGLE   =       272.0394  DIHED      =      1002.6104
 1-4 NB =       267.2948  1-4 EEL =     -4809.0079  VDWAALS    =     22962.7034
 EELEC  =   -160899.0290  EHBOND  =         0.0000  RESTRAINT  =         0.0000
 ------------------------------------------------------------------------------


 NSTEP =     2450   TIME(PS) =      14.900  TEMP(K) =   139.55  PRESS =     0.0
 Etot   =   -131030.2559  EKtot   =     10066.6162  EPtot      =   -141096.8721
 BOND   =       112.9369  ANGLE   =       275.1394  DIHED      =      1008.0602
 1-4 NB =       276.6149  1-4 EEL =     -4795.4361  VDWAALS    =     23078.1192
 EELEC  =   -161052.3065  EHBOND  =         0.0000  RESTRAINT  =         0.0000
 ------------------------------------------------------------------------------


 NSTEP =     2500   TIME(PS) =      15.000  TEMP(K) =   138.61  PRESS =     0.0
 Etot   =   -130977.3624  EKtot   =      9998.4834  EPtot      =   -140975.8458
 BOND   =       106.9607  ANGLE   =       271.8313  DIHED      =      1011.1971
 1-4 NB =       267.4645  1-4 EEL =     -4788.5199  VDWAALS    =     23235.5703
 EELEC  =   -161080.3497  EHBOND  =         0.0000  RESTRAINT  =         0.0000
 ------------------------------------------------------------------------------


      A V E R A G E S   O V E R      50 S T E P S


 NSTEP =     2500   TIME(PS) =      15.000  TEMP(K) =   122.29  PRESS =     0.0
 Etot   =   -133391.2741  EKtot   =      8821.6659  EPtot      =   -142212.9400
 BOND   =        98.3362  ANGLE   =       257.8355  DIHED      =       994.4863
 1-4 NB =       268.7604  1-4 EEL =     -4806.2053  VDWAALS    =     23550.9127
 EELEC  =   -162577.0658  EHBOND  =         0.0000  RESTRAINT  =         0.0000
 ------------------------------------------------------------------------------


      R M S  F L U C T U A T I O N S


 NSTEP =     2500   TIME(PS) =      15.000  TEMP(K) =    13.03  PRESS =     0.0
 Etot   =      1882.2137  EKtot   =       940.2693  EPtot      =       943.3474
 BOND   =        10.3645  ANGLE   =        16.6034  DIHED      =        10.3482
 1-4 NB =         3.6570  1-4 EEL =        10.1844  VDWAALS    =       298.7436
 EELEC  =      1187.0876  EHBOND  =         0.0000  RESTRAINT  =         0.0000
 ------------------------------------------------------------------------------

--------------------------------------------------------------------------------
   5.  TIMINGS
--------------------------------------------------------------------------------

|  NonSetup CPU Time in Major Routines:
|
|     Routine           Sec        %
|     ------------------------------
|     Nonbond           0.46    8.46
|     Bond              0.00    0.00
|     Angle             0.00    0.00
|     Dihedral          0.00    0.00
|     Shake             0.02    0.42
|     RunMD             4.98   91.02
|     Other             0.01    0.10
|     ------------------------------
|     Total             5.47

|  PME Nonbond Pairlist CPU Time:
|
|     Routine              Sec        %
|     ---------------------------------
|     Set Up Cit           0.00    0.00
|     Build List           0.00    0.00
|     ---------------------------------
|     Total                0.00    0.00

|  PME Direct Force CPU Time:
|
|     Routine              Sec        %
|     ---------------------------------
|     NonBonded Calc       0.00    0.00
|     Exclude Masked       0.00    0.00
|     Other                0.00    0.08
|     ---------------------------------
|     Total                0.00    0.08

|  PME Reciprocal Force CPU Time:
|
|     Routine              Sec        %
|     ---------------------------------
|     1D bspline           0.00    0.00
|     Grid Charges         0.00    0.00
|     Scalar Sum           0.00    0.00
|     Gradient Sum         0.00    0.00
|     FFT                  0.00    0.00
|     ---------------------------------
|     Total                0.00    0.00

|  Final Performance Info:
|     -----------------------------------------------------
|     Average timings for last    2450 steps:
|     Elapsed(s) =      10.67 Per Step(ms) =       4.35
|         ns/day =      39.68   seconds/ns =    2177.46
|
|     Average timings for all steps:
|     Elapsed(s) =      10.94 Per Step(ms) =       4.38
|         ns/day =      39.48   seconds/ns =    2188.49
|     -----------------------------------------------------

|  Setup CPU time:            1.07 seconds
|  NonSetup CPU time:         5.47 seconds
|  Total CPU time:            6.54 seconds     0.00 hours

|  Setup wall time:           2    seconds
|  NonSetup wall time:       11    seconds
|  Total wall time:          13    seconds     0.00 hours
