
          -------------------------------------------------------
          Amber 16 PMEMD                              2016
          -------------------------------------------------------

| PMEMD implementation of SANDER, Release 16

| Run on 10/15/2020 at 14:37:41

|   Executable path: pmemd.cuda
| Working directory: /home/kyq/T7RNADNA/newDG
|          Hostname: gpu01

  [-O]verwriting output

File Assignments:
|   MDIN: heat1.in                                                              
|  MDOUT: cmp_heat1.out                                                         
| INPCRD: cmp_heat0.rst                                                         
|   PARM: cmp.prmtop                                                            
| RESTRT: cmp_heat1.rst                                                         
|   REFC: cmp.inpcrd                                                            
|  MDVEL: mdvel                                                                 
|   MDEN: mden                                                                  
|  MDCRD: cmp_heat1.mdcrd                                                       
| MDINFO: mdinfo                                                                
|  MDFRC: mdfrc                                                                 

 
 Here is the input file:
 
Stage 1 heating 1 5ps 0-100K                                                   
 &cntrl                                                                        
  imin=0, ntx=1,                                                               
  nstlim=2500, dt=0.002,                                                       
  ntc=2, ntf=2,                                                                
  ntt=1, tautp=1.5,                                                            
  tempi=0.0, temp0=50.0,                                                       
  ntpr=50, ntwx=50,                                                            
  ntb=1,                                                                       
  cut=10,                                                                      
 /                                                                             


Note: ig = -1. Setting random seed to   976162 based on wallclock time in 
      microseconds.
 
|--------------------- INFORMATION ----------------------
| GPU (CUDA) Version of PMEMD in use: NVIDIA GPU IN USE.
|                    Version 16.0.0
| 
|                      02/25/2016
| 
| Implementation by:
|                    Ross C. Walker     (SDSC)
|                    Scott Le Grand     (nVIDIA)
| 
| Precision model in use:
|      [SPFP] - Single Precision Forces, 64-bit Fixed Point
|               Accumulation. (Default)
| 
|--------------------------------------------------------
 
|----------------- CITATION INFORMATION -----------------
|
|    When publishing work that utilized the CUDA version
|    of AMBER, please cite the following in addition to
|    the regular AMBER citations:
|
|  - Romelia Salomon-Ferrer; Andreas W. Goetz; Duncan
|    Poole; Scott Le Grand; Ross C. Walker "Routine
|    microsecond molecular dynamics simulations with
|    AMBER - Part II: Particle Mesh Ewald", J. Chem.
|    Theory Comput., 2013, 9 (9), pp3878-3888,
|    DOI: 10.1021/ct400314y.
|
|  - Andreas W. Goetz; Mark J. Williamson; Dong Xu;
|    Duncan Poole; Scott Le Grand; Ross C. Walker
|    "Routine microsecond molecular dynamics simulations
|    with AMBER - Part I: Generalized Born", J. Chem.
|    Theory Comput., 2012, 8 (5), pp1542-1555.
|
|  - Scott Le Grand; Andreas W. Goetz; Ross C. Walker
|    "SPFP: Speed without compromise - a mixed precision
|    model for GPU accelerated molecular dynamics
|    simulations.", Comp. Phys. Comm., 2013, 184
|    pp374-380, DOI: 10.1016/j.cpc.2012.09.022
|
|--------------------------------------------------------
 
|------------------- GPU DEVICE INFO --------------------
|
|            CUDA_VISIBLE_DEVICES: 0
|   CUDA Capable Devices Detected:      1
|           CUDA Device ID in use:      0
|                CUDA Device Name: Tesla P100-PCIE-16GB
|     CUDA Device Global Mem Size:  16276 MB
| CUDA Device Num Multiprocessors:     56
|           CUDA Device Core Freq:   1.33 GHz
|
|--------------------------------------------------------
 
 
| Conditional Compilation Defines Used:
| PUBFFT
| BINTRAJ
| CUDA
| EMIL
 
| Largest sphere to fit in unit cell has radius =    32.955

| New format PARM file being parsed.
| Version =    1.000 Date = 10/15/20 Time = 14:34:18

| Note: 1-4 EEL scale factors are being read from the topology file.

| Note: 1-4 VDW scale factors are being read from the topology file.
| Duplicated    0 dihedrals

| Duplicated    0 dihedrals

--------------------------------------------------------------------------------
   1.  RESOURCE   USE: 
--------------------------------------------------------------------------------

 getting box info from netcdf restart file
 NATOM  =   35940 NTYPES =      18 NBONH =   35217 MBONA  =     774
 NTHETH =     898 MTHETA =    1191 NPHIH =    1825 MPHIA  =    2463
 NHPARM =       0 NPARM  =       0 NNB   =   52442 NRES   =   11678
 NBONA  =     774 NTHETA =    1191 NPHIA =    2463 NUMBND =      61
 NUMANG =     127 NPTRA  =      75 NATYP =      34 NPHB   =       1
 IFBOX  =       2 NMXRS  =      33 IFCAP =       0 NEXTRA =       0
 NCOPY  =       0

| Coordinate Index Table dimensions:    13   13   13
| Direct force subcell size =     6.2094    6.2094    6.2094

     BOX TYPE: TRUNCATED OCTAHEDRON

--------------------------------------------------------------------------------
   2.  CONTROL  DATA  FOR  THE  RUN
--------------------------------------------------------------------------------

default_name                                                                    

General flags:
     imin    =       0, nmropt  =       0

Nature and format of input:
     ntx     =       1, irest   =       0, ntrx    =       1

Nature and format of output:
     ntxo    =       2, ntpr    =      50, ntrx    =       1, ntwr    =    2500
     iwrap   =       0, ntwx    =      50, ntwv    =       0, ntwe    =       0
     ioutfm  =       1, ntwprt  =       0, idecomp =       0, rbornstat=      0

Potential function:
     ntf     =       2, ntb     =       1, igb     =       0, nsnb    =      25
     ipol    =       0, gbsa    =       0, iesp    =       0
     dielc   =   1.00000, cut     =  10.00000, intdiel =   1.00000

Frozen or restrained atoms:
     ibelly  =       0, ntr     =       0

Molecular dynamics:
     nstlim  =      2500, nscm    =      1000, nrespa  =         1
     t       =   0.00000, dt      =   0.00200, vlimit  =  -1.00000

Berendsen (weak-coupling) temperature regulation:
     temp0   =  50.00000, tempi   =   0.00000, tautp   =   1.50000

SHAKE:
     ntc     =       2, jfastw  =       0
     tol     =   0.00001

| Intermolecular bonds treatment:
|     no_intermolecular_bonds =       1

| Energy averages sample interval:
|     ene_avg_sampling =      50

Ewald parameters:
     verbose =       0, ew_type =       0, nbflag  =       1, use_pme =       1
     vdwmeth =       1, eedmeth =       1, netfrc  =       1
     Box X =   80.723   Box Y =   80.723   Box Z =   80.723
     Alpha =  109.471   Beta  =  109.471   Gamma =  109.471
     NFFT1 =   84       NFFT2 =   84       NFFT3 =   84
     Cutoff=   10.000   Tol   =0.100E-04
     Ewald Coefficient =  0.27511
     Interpolation order =    4

--------------------------------------------------------------------------------
   3.  ATOMIC COORDINATES AND VELOCITIES
--------------------------------------------------------------------------------

default_name                                                                    
 begin time read from input coords =     0.000 ps

 
 Number of triangulated 3-point waters found:    11612

     Sum of charges from parm topology file =   0.00000020
     Forcing neutrality...

| Dynamic Memory, Types Used:
| Reals             1043836
| Integers           865128

| Nonbonded Pairs Initial Allocation:    10870951

| GPU memory information (estimate):
| KB of GPU memory in use:    168232
| KB of CPU memory in use:     57100

--------------------------------------------------------------------------------
   4.  RESULTS
--------------------------------------------------------------------------------

 ---------------------------------------------------
 APPROXIMATING switch and d/dx switch using CUBIC SPLINE INTERPOLATION
 using   5000.0 points per unit in tabled values
 TESTING RELATIVE ERROR over r ranging from 0.0 to cutoff
| CHECK switch(x): max rel err =   0.3316E-14   at   2.351880
| CHECK d/dx switch(x): max rel err =   0.8066E-11   at   2.747240
 ---------------------------------------------------
|---------------------------------------------------
| APPROXIMATING direct energy using CUBIC SPLINE INTERPOLATION
|  with   50.0 points per unit in tabled values
| Relative Error Limit not exceeded for r .gt.   2.34
| APPROXIMATING direct force using CUBIC SPLINE INTERPOLATION
|  with   50.0 points per unit in tabled values
| Relative Error Limit not exceeded for r .gt.   2.81
|---------------------------------------------------

 NSTEP =        0   TIME(PS) =       0.000  TEMP(K) =     0.00  PRESS =     0.0
 Etot   =   -171443.3828  EKtot   =         0.0000  EPtot      =   -171443.3828
 BOND   =        53.9634  ANGLE   =       154.6165  DIHED      =       964.3711
 1-4 NB =       256.4287  1-4 EEL =     -4805.9399  VDWAALS    =     31360.5775
 EELEC  =   -199427.4001  EHBOND  =         0.0000  RESTRAINT  =         0.0000
 ------------------------------------------------------------------------------


 NSTEP =       50   TIME(PS) =       0.100  TEMP(K) =     8.91  PRESS =     0.0
 Etot   =   -147195.7513  EKtot   =       642.4380  EPtot      =   -147838.1893
 BOND   =        53.5179  ANGLE   =       153.1573  DIHED      =       965.0827
 1-4 NB =       258.6091  1-4 EEL =     -4802.8088  VDWAALS    =     26514.3180
 EELEC  =   -170980.0655  EHBOND  =         0.0000  RESTRAINT  =         0.0000
 ------------------------------------------------------------------------------


 NSTEP =      100   TIME(PS) =       0.200  TEMP(K) =     8.01  PRESS =     0.0
 Etot   =   -147012.9751  EKtot   =       577.7480  EPtot      =   -147590.7231
 BOND   =        54.1207  ANGLE   =       155.1383  DIHED      =       963.8690
 1-4 NB =       258.6365  1-4 EEL =     -4805.9232  VDWAALS    =     24024.3616
 EELEC  =   -168240.9261  EHBOND  =         0.0000  RESTRAINT  =         0.0000
 ------------------------------------------------------------------------------


 NSTEP =      150   TIME(PS) =       0.300  TEMP(K) =    10.56  PRESS =     0.0
 Etot   =   -146825.2368  EKtot   =       761.4574  EPtot      =   -147586.6942
 BOND   =        55.1749  ANGLE   =       156.7852  DIHED      =       962.3150
 1-4 NB =       258.3558  1-4 EEL =     -4805.3348  VDWAALS    =     24396.9853
 EELEC  =   -168610.9754  EHBOND  =         0.0000  RESTRAINT  =         0.0000
 ------------------------------------------------------------------------------


 NSTEP =      200   TIME(PS) =       0.400  TEMP(K) =    12.13  PRESS =     0.0
 Etot   =   -146638.7794  EKtot   =       875.2291  EPtot      =   -147514.0085
 BOND   =        54.8329  ANGLE   =       157.0447  DIHED      =       961.6295
 1-4 NB =       259.4334  1-4 EEL =     -4803.6970  VDWAALS    =     24756.8612
 EELEC  =   -168900.1132  EHBOND  =         0.0000  RESTRAINT  =         0.0000
 ------------------------------------------------------------------------------


 NSTEP =      250   TIME(PS) =       0.500  TEMP(K) =    14.01  PRESS =     0.0
 Etot   =   -146461.6386  EKtot   =      1010.6536  EPtot      =   -147472.2922
 BOND   =        54.8475  ANGLE   =       156.8408  DIHED      =       960.9382
 1-4 NB =       259.7525  1-4 EEL =     -4805.5448  VDWAALS    =     24482.9811
 EELEC  =   -168582.1076  EHBOND  =         0.0000  RESTRAINT  =         0.0000
 ------------------------------------------------------------------------------


 NSTEP =      300   TIME(PS) =       0.600  TEMP(K) =    15.40  PRESS =     0.0
 Etot   =   -146291.7405  EKtot   =      1110.9744  EPtot      =   -147402.7148
 BOND   =        55.5814  ANGLE   =       159.1447  DIHED      =       960.6650
 1-4 NB =       258.8455  1-4 EEL =     -4803.1893  VDWAALS    =     24401.7613
 EELEC  =   -168435.5235  EHBOND  =         0.0000  RESTRAINT  =         0.0000
 ------------------------------------------------------------------------------


 NSTEP =      350   TIME(PS) =       0.700  TEMP(K) =    17.06  PRESS =     0.0
 Etot   =   -146129.0841  EKtot   =      1230.7935  EPtot      =   -147359.8775
 BOND   =        55.5302  ANGLE   =       158.8950  DIHED      =       959.1011
 1-4 NB =       258.0767  1-4 EEL =     -4804.4179  VDWAALS    =     24379.0848
 EELEC  =   -168366.1475  EHBOND  =         0.0000  RESTRAINT  =         0.0000
 ------------------------------------------------------------------------------


 NSTEP =      400   TIME(PS) =       0.800  TEMP(K) =    18.53  PRESS =     0.0
 Etot   =   -145973.7884  EKtot   =      1336.8462  EPtot      =   -147310.6345
 BOND   =        55.0230  ANGLE   =       159.5186  DIHED      =       958.1599
 1-4 NB =       256.7706  1-4 EEL =     -4807.0358  VDWAALS    =     24276.6771
 EELEC  =   -168209.7479  EHBOND  =         0.0000  RESTRAINT  =         0.0000
 ------------------------------------------------------------------------------


 NSTEP =      450   TIME(PS) =       0.900  TEMP(K) =    19.80  PRESS =     0.0
 Etot   =   -145825.2355  EKtot   =      1428.5901  EPtot      =   -147253.8256
 BOND   =        56.0025  ANGLE   =       162.8223  DIHED      =       958.2528
 1-4 NB =       255.4540  1-4 EEL =     -4804.2745  VDWAALS    =     24204.7584
 EELEC  =   -168086.8412  EHBOND  =         0.0000  RESTRAINT  =         0.0000
 ------------------------------------------------------------------------------


 NSTEP =      500   TIME(PS) =       1.000  TEMP(K) =    21.46  PRESS =     0.0
 Etot   =   -145684.2833  EKtot   =      1548.1782  EPtot      =   -147232.4615
 BOND   =        55.8516  ANGLE   =       164.9008  DIHED      =       959.9109
 1-4 NB =       258.9592  1-4 EEL =     -4800.9694  VDWAALS    =     24359.8831
 EELEC  =   -168230.9976  EHBOND  =         0.0000  RESTRAINT  =         0.0000
 ------------------------------------------------------------------------------


 NSTEP =      550   TIME(PS) =       1.100  TEMP(K) =    22.69  PRESS =     0.0
 Etot   =   -145550.7013  EKtot   =      1636.6908  EPtot      =   -147187.3921
 BOND   =        55.4950  ANGLE   =       161.8373  DIHED      =       960.0768
 1-4 NB =       257.7622  1-4 EEL =     -4801.6816  VDWAALS    =     24438.9449
 EELEC  =   -168259.8268  EHBOND  =         0.0000  RESTRAINT  =         0.0000
 ------------------------------------------------------------------------------


 NSTEP =      600   TIME(PS) =       1.200  TEMP(K) =    23.92  PRESS =     0.0
 Etot   =   -145422.1445  EKtot   =      1725.2922  EPtot      =   -147147.4367
 BOND   =        55.4962  ANGLE   =       162.9436  DIHED      =       958.6908
 1-4 NB =       256.8724  1-4 EEL =     -4805.3157  VDWAALS    =     24598.1504
 EELEC  =   -168374.2744  EHBOND  =         0.0000  RESTRAINT  =         0.0000
 ------------------------------------------------------------------------------


 NSTEP =      650   TIME(PS) =       1.300  TEMP(K) =    25.69  PRESS =     0.0
 Etot   =   -145299.7440  EKtot   =      1853.0316  EPtot      =   -147152.7756
 BOND   =        55.2952  ANGLE   =       163.1839  DIHED      =       960.5670
 1-4 NB =       258.2412  1-4 EEL =     -4799.9326  VDWAALS    =     24620.1989
 EELEC  =   -168410.3292  EHBOND  =         0.0000  RESTRAINT  =         0.0000
 ------------------------------------------------------------------------------


 NSTEP =      700   TIME(PS) =       1.400  TEMP(K) =    26.58  PRESS =     0.0
 Etot   =   -145185.9944  EKtot   =      1917.1301  EPtot      =   -147103.1245
 BOND   =        56.5318  ANGLE   =       162.9026  DIHED      =       962.5580
 1-4 NB =       257.3112  1-4 EEL =     -4801.9085  VDWAALS    =     24684.7984
 EELEC  =   -168425.3180  EHBOND  =         0.0000  RESTRAINT  =         0.0000
 ------------------------------------------------------------------------------


 NSTEP =      750   TIME(PS) =       1.500  TEMP(K) =    27.76  PRESS =     0.0
 Etot   =   -145076.0712  EKtot   =      2002.4076  EPtot      =   -147078.4787
 BOND   =        56.4229  ANGLE   =       165.8012  DIHED      =       963.1062
 1-4 NB =       258.4570  1-4 EEL =     -4804.2149  VDWAALS    =     24636.4721
 EELEC  =   -168354.5232  EHBOND  =         0.0000  RESTRAINT  =         0.0000
 ------------------------------------------------------------------------------


 NSTEP =      800   TIME(PS) =       1.600  TEMP(K) =    28.73  PRESS =     0.0
 Etot   =   -144972.6547  EKtot   =      2072.6885  EPtot      =   -147045.3432
 BOND   =        56.3714  ANGLE   =       167.3560  DIHED      =       957.1162
 1-4 NB =       260.0057  1-4 EEL =     -4801.9137  VDWAALS    =     24805.9488
 EELEC  =   -168490.2275  EHBOND  =         0.0000  RESTRAINT  =         0.0000
 ------------------------------------------------------------------------------


 NSTEP =      850   TIME(PS) =       1.700  TEMP(K) =    29.74  PRESS =     0.0
 Etot   =   -144872.8877  EKtot   =      2145.5542  EPtot      =   -147018.4419
 BOND   =        56.1348  ANGLE   =       168.8210  DIHED      =       955.0105
 1-4 NB =       259.0845  1-4 EEL =     -4799.3994  VDWAALS    =     24646.6302
 EELEC  =   -168304.7237  EHBOND  =         0.0000  RESTRAINT  =         0.0000
 ------------------------------------------------------------------------------


 NSTEP =      900   TIME(PS) =       1.800  TEMP(K) =    30.65  PRESS =     0.0
 Etot   =   -144778.4220  EKtot   =      2210.7178  EPtot      =   -146989.1397
 BOND   =        57.3559  ANGLE   =       172.6305  DIHED      =       955.6849
 1-4 NB =       256.6117  1-4 EEL =     -4801.0970  VDWAALS    =     24785.3739
 EELEC  =   -168415.6995  EHBOND  =         0.0000  RESTRAINT  =         0.0000
 ------------------------------------------------------------------------------


 NSTEP =      950   TIME(PS) =       1.900  TEMP(K) =    31.75  PRESS =     0.0
 Etot   =   -144687.9186  EKtot   =      2290.2949  EPtot      =   -146978.2135
 BOND   =        55.7225  ANGLE   =       166.2633  DIHED      =       957.2921
 1-4 NB =       259.9826  1-4 EEL =     -4799.1621  VDWAALS    =     24698.8220
 EELEC  =   -168317.1341  EHBOND  =         0.0000  RESTRAINT  =         0.0000
 ------------------------------------------------------------------------------

check COM velocity, temp:        0.000023     0.00(Removed)

 NSTEP =     1000   TIME(PS) =       2.000  TEMP(K) =    32.69  PRESS =     0.0
 Etot   =   -144603.4582  EKtot   =      2358.0112  EPtot      =   -146961.4694
 BOND   =        57.6311  ANGLE   =       168.9707  DIHED      =       955.3801
 1-4 NB =       257.2975  1-4 EEL =     -4804.4353  VDWAALS    =     24556.1711
 EELEC  =   -168152.4847  EHBOND  =         0.0000  RESTRAINT  =         0.0000
 ------------------------------------------------------------------------------


 NSTEP =     1050   TIME(PS) =       2.100  TEMP(K) =    33.39  PRESS =     0.0
 Etot   =   -144520.0219  EKtot   =      2408.4873  EPtot      =   -146928.5092
 BOND   =        57.3615  ANGLE   =       169.8261  DIHED      =       960.7620
 1-4 NB =       258.2573  1-4 EEL =     -4803.2352  VDWAALS    =     24588.0383
 EELEC  =   -168159.5192  EHBOND  =         0.0000  RESTRAINT  =         0.0000
 ------------------------------------------------------------------------------


 NSTEP =     1100   TIME(PS) =       2.200  TEMP(K) =    34.62  PRESS =     0.0
 Etot   =   -144443.9370  EKtot   =      2497.5889  EPtot      =   -146941.5258
 BOND   =        58.5312  ANGLE   =       170.0846  DIHED      =       962.2113
 1-4 NB =       260.2066  1-4 EEL =     -4799.4198  VDWAALS    =     24695.1929
 EELEC  =   -168288.3327  EHBOND  =         0.0000  RESTRAINT  =         0.0000
 ------------------------------------------------------------------------------


 NSTEP =     1150   TIME(PS) =       2.300  TEMP(K) =    35.29  PRESS =     0.0
 Etot   =   -144371.8511  EKtot   =      2545.9272  EPtot      =   -146917.7784
 BOND   =        58.4437  ANGLE   =       173.6422  DIHED      =       958.2623
 1-4 NB =       263.6784  1-4 EEL =     -4804.5187  VDWAALS    =     24637.8471
 EELEC  =   -168205.1333  EHBOND  =         0.0000  RESTRAINT  =         0.0000
 ------------------------------------------------------------------------------


 NSTEP =     1200   TIME(PS) =       2.400  TEMP(K) =    36.07  PRESS =     0.0
 Etot   =   -144303.5814  EKtot   =      2601.7070  EPtot      =   -146905.2884
 BOND   =        58.6869  ANGLE   =       173.6353  DIHED      =       962.3504
 1-4 NB =       262.5145  1-4 EEL =     -4802.8648  VDWAALS    =     24681.4754
 EELEC  =   -168241.0860  EHBOND  =         0.0000  RESTRAINT  =         0.0000
 ------------------------------------------------------------------------------


 NSTEP =     1250   TIME(PS) =       2.500  TEMP(K) =    36.97  PRESS =     0.0
 Etot   =   -144238.7208  EKtot   =      2666.7202  EPtot      =   -146905.4410
 BOND   =        59.3847  ANGLE   =       173.3050  DIHED      =       961.0419
 1-4 NB =       263.2068  1-4 EEL =     -4804.8059  VDWAALS    =     24509.9603
 EELEC  =   -168067.5339  EHBOND  =         0.0000  RESTRAINT  =         0.0000
 ------------------------------------------------------------------------------


 NSTEP =     1300   TIME(PS) =       2.600  TEMP(K) =    37.46  PRESS =     0.0
 Etot   =   -144178.2352  EKtot   =      2702.3169  EPtot      =   -146880.5521
 BOND   =        59.8485  ANGLE   =       179.1369  DIHED      =       961.1155
 1-4 NB =       259.4416  1-4 EEL =     -4796.2725  VDWAALS    =     24447.0335
 EELEC  =   -167990.8557  EHBOND  =         0.0000  RESTRAINT  =         0.0000
 ------------------------------------------------------------------------------


 NSTEP =     1350   TIME(PS) =       2.700  TEMP(K) =    38.47  PRESS =     0.0
 Etot   =   -144121.5179  EKtot   =      2775.2957  EPtot      =   -146896.8135
 BOND   =        58.2414  ANGLE   =       173.7620  DIHED      =       962.8995
 1-4 NB =       264.0841  1-4 EEL =     -4804.9542  VDWAALS    =     24549.8436
 EELEC  =   -168100.6898  EHBOND  =         0.0000  RESTRAINT  =         0.0000
 ------------------------------------------------------------------------------


 NSTEP =     1400   TIME(PS) =       2.800  TEMP(K) =    38.84  PRESS =     0.0
 Etot   =   -144066.3771  EKtot   =      2801.6375  EPtot      =   -146868.0145
 BOND   =        57.7459  ANGLE   =       172.4753  DIHED      =       959.0683
 1-4 NB =       263.0822  1-4 EEL =     -4804.8866  VDWAALS    =     24471.3497
 EELEC  =   -167986.8494  EHBOND  =         0.0000  RESTRAINT  =         0.0000
 ------------------------------------------------------------------------------


 NSTEP =     1450   TIME(PS) =       2.900  TEMP(K) =    39.24  PRESS =     0.0
 Etot   =   -144013.7349  EKtot   =      2830.9207  EPtot      =   -146844.6556
 BOND   =        59.4071  ANGLE   =       182.8503  DIHED      =       953.5152
 1-4 NB =       260.5760  1-4 EEL =     -4808.6808  VDWAALS    =     24670.5221
 EELEC  =   -168162.8455  EHBOND  =         0.0000  RESTRAINT  =         0.0000
 ------------------------------------------------------------------------------


 NSTEP =     1500   TIME(PS) =       3.000  TEMP(K) =    40.13  PRESS =     0.0
 Etot   =   -143962.8692  EKtot   =      2894.7634  EPtot      =   -146857.6326
 BOND   =        57.9518  ANGLE   =       176.8578  DIHED      =       961.0440
 1-4 NB =       261.4509  1-4 EEL =     -4804.0946  VDWAALS    =     24786.8106
 EELEC  =   -168297.6531  EHBOND  =         0.0000  RESTRAINT  =         0.0000
 ------------------------------------------------------------------------------


 NSTEP =     1550   TIME(PS) =       3.100  TEMP(K) =    40.60  PRESS =     0.0
 Etot   =   -143917.5021  EKtot   =      2928.6792  EPtot      =   -146846.1813
 BOND   =        58.1537  ANGLE   =       177.4558  DIHED      =       956.0122
 1-4 NB =       259.3766  1-4 EEL =     -4802.6539  VDWAALS    =     24666.4264
 EELEC  =   -168160.9520  EHBOND  =         0.0000  RESTRAINT  =         0.0000
 ------------------------------------------------------------------------------


 NSTEP =     1600   TIME(PS) =       3.200  TEMP(K) =    41.05  PRESS =     0.0
 Etot   =   -143871.9923  EKtot   =      2961.4270  EPtot      =   -146833.4193
 BOND   =        61.4559  ANGLE   =       187.5178  DIHED      =       954.7734
 1-4 NB =       257.1990  1-4 EEL =     -4804.8001  VDWAALS    =     24797.2032
 EELEC  =   -168286.7685  EHBOND  =         0.0000  RESTRAINT  =         0.0000
 ------------------------------------------------------------------------------


 NSTEP =     1650   TIME(PS) =       3.300  TEMP(K) =    41.84  PRESS =     0.0
 Etot   =   -143831.8947  EKtot   =      3018.3777  EPtot      =   -146850.2724
 BOND   =        57.1545  ANGLE   =       178.6350  DIHED      =       962.1398
 1-4 NB =       259.3021  1-4 EEL =     -4802.4681  VDWAALS    =     24742.0231
 EELEC  =   -168247.0588  EHBOND  =         0.0000  RESTRAINT  =         0.0000
 ------------------------------------------------------------------------------


 NSTEP =     1700   TIME(PS) =       3.400  TEMP(K) =    42.04  PRESS =     0.0
 Etot   =   -143793.7734  EKtot   =      3032.8669  EPtot      =   -146826.6403
 BOND   =        57.5222  ANGLE   =       178.2098  DIHED      =       963.0772
 1-4 NB =       261.6709  1-4 EEL =     -4803.8512  VDWAALS    =     24808.2800
 EELEC  =   -168291.5494  EHBOND  =         0.0000  RESTRAINT  =         0.0000
 ------------------------------------------------------------------------------


 NSTEP =     1750   TIME(PS) =       3.500  TEMP(K) =    43.22  PRESS =     0.0
 Etot   =   -143758.3018  EKtot   =      3117.3389  EPtot      =   -146875.6407
 BOND   =        61.2075  ANGLE   =       184.9766  DIHED      =       958.5403
 1-4 NB =       260.2694  1-4 EEL =     -4802.4985  VDWAALS    =     24851.3923
 EELEC  =   -168389.5282  EHBOND  =         0.0000  RESTRAINT  =         0.0000
 ------------------------------------------------------------------------------


 NSTEP =     1800   TIME(PS) =       3.600  TEMP(K) =    43.05  PRESS =     0.0
 Etot   =   -143725.7008  EKtot   =      3105.3975  EPtot      =   -146831.0982
 BOND   =        60.6848  ANGLE   =       186.9144  DIHED      =       961.9313
 1-4 NB =       261.0610  1-4 EEL =     -4813.7640  VDWAALS    =     24592.1962
 EELEC  =   -168080.1219  EHBOND  =         0.0000  RESTRAINT  =         0.0000
 ------------------------------------------------------------------------------


 NSTEP =     1850   TIME(PS) =       3.700  TEMP(K) =    43.59  PRESS =     0.0
 Etot   =   -143693.1699  EKtot   =      3144.1284  EPtot      =   -146837.2983
 BOND   =        61.2646  ANGLE   =       184.8858  DIHED      =       965.9791
 1-4 NB =       262.3946  1-4 EEL =     -4807.0604  VDWAALS    =     24779.4509
 EELEC  =   -168284.2130  EHBOND  =         0.0000  RESTRAINT  =         0.0000
 ------------------------------------------------------------------------------


 NSTEP =     1900   TIME(PS) =       3.800  TEMP(K) =    44.80  PRESS =     0.0
 Etot   =   -143665.3423  EKtot   =      3231.4265  EPtot      =   -146896.7688
 BOND   =        61.2437  ANGLE   =       187.4698  DIHED      =       972.2630
 1-4 NB =       259.7254  1-4 EEL =     -4809.0984  VDWAALS    =     24675.1555
 EELEC  =   -168243.5277  EHBOND  =         0.0000  RESTRAINT  =         0.0000
 ------------------------------------------------------------------------------


 NSTEP =     1950   TIME(PS) =       3.900  TEMP(K) =    44.60  PRESS =     0.0
 Etot   =   -143638.3488  EKtot   =      3217.0098  EPtot      =   -146855.3585
 BOND   =        61.2817  ANGLE   =       180.6687  DIHED      =       970.6665
 1-4 NB =       263.2263  1-4 EEL =     -4805.4968  VDWAALS    =     24622.6026
 EELEC  =   -168148.3075  EHBOND  =         0.0000  RESTRAINT  =         0.0000
 ------------------------------------------------------------------------------

check COM velocity, temp:        0.000003     0.00(Removed)

 NSTEP =     2000   TIME(PS) =       4.000  TEMP(K) =    45.00  PRESS =     0.0
 Etot   =   -143612.5591  EKtot   =      3245.7908  EPtot      =   -146858.3499
 BOND   =        62.8237  ANGLE   =       182.3527  DIHED      =       961.6733
 1-4 NB =       260.5629  1-4 EEL =     -4810.6369  VDWAALS    =     24552.3471
 EELEC  =   -168067.4727  EHBOND  =         0.0000  RESTRAINT  =         0.0000
 ------------------------------------------------------------------------------


 NSTEP =     2050   TIME(PS) =       4.100  TEMP(K) =    45.53  PRESS =     0.0
 Etot   =   -143590.0796  EKtot   =      3284.4160  EPtot      =   -146874.4956
 BOND   =        63.3792  ANGLE   =       188.3452  DIHED      =       957.7733
 1-4 NB =       261.7827  1-4 EEL =     -4809.2724  VDWAALS    =     24680.1485
 EELEC  =   -168216.6522  EHBOND  =         0.0000  RESTRAINT  =         0.0000
 ------------------------------------------------------------------------------


 NSTEP =     2100   TIME(PS) =       4.200  TEMP(K) =    45.70  PRESS =     0.0
 Etot   =   -143568.9677  EKtot   =      3296.2427  EPtot      =   -146865.2104
 BOND   =        62.7686  ANGLE   =       191.4515  DIHED      =       956.2843
 1-4 NB =       257.0933  1-4 EEL =     -4800.5050  VDWAALS    =     24644.8582
 EELEC  =   -168177.1613  EHBOND  =         0.0000  RESTRAINT  =         0.0000
 ------------------------------------------------------------------------------


 NSTEP =     2150   TIME(PS) =       4.300  TEMP(K) =    46.37  PRESS =     0.0
 Etot   =   -143551.2705  EKtot   =      3344.7617  EPtot      =   -146896.0322
 BOND   =        60.3276  ANGLE   =       181.6474  DIHED      =       963.9875
 1-4 NB =       259.8158  1-4 EEL =     -4790.5556  VDWAALS    =     24739.6132
 EELEC  =   -168310.8680  EHBOND  =         0.0000  RESTRAINT  =         0.0000
 ------------------------------------------------------------------------------


 NSTEP =     2200   TIME(PS) =       4.400  TEMP(K) =    46.17  PRESS =     0.0
 Etot   =   -143534.7416  EKtot   =      3330.3879  EPtot      =   -146865.1295
 BOND   =        60.0496  ANGLE   =       177.8586  DIHED      =       962.3871
 1-4 NB =       262.1362  1-4 EEL =     -4795.4004  VDWAALS    =     24636.1764
 EELEC  =   -168168.3371  EHBOND  =         0.0000  RESTRAINT  =         0.0000
 ------------------------------------------------------------------------------


 NSTEP =     2250   TIME(PS) =       4.500  TEMP(K) =    46.30  PRESS =     0.0
 Etot   =   -143516.6613  EKtot   =      3339.9595  EPtot      =   -146856.6208
 BOND   =        61.0704  ANGLE   =       183.3379  DIHED      =       967.3594
 1-4 NB =       258.1722  1-4 EEL =     -4801.9948  VDWAALS    =     24675.2171
 EELEC  =   -168199.7830  EHBOND  =         0.0000  RESTRAINT  =         0.0000
 ------------------------------------------------------------------------------


 NSTEP =     2300   TIME(PS) =       4.600  TEMP(K) =    46.58  PRESS =     0.0
 Etot   =   -143501.0695  EKtot   =      3360.1655  EPtot      =   -146861.2350
 BOND   =        60.8554  ANGLE   =       182.4044  DIHED      =       967.7296
 1-4 NB =       260.0943  1-4 EEL =     -4798.0145  VDWAALS    =     24901.5082
 EELEC  =   -168435.8125  EHBOND  =         0.0000  RESTRAINT  =         0.0000
 ------------------------------------------------------------------------------


 NSTEP =     2350   TIME(PS) =       4.700  TEMP(K) =    47.34  PRESS =     0.0
 Etot   =   -143487.6293  EKtot   =      3415.0498  EPtot      =   -146902.6791
 BOND   =        62.0395  ANGLE   =       189.9474  DIHED      =       961.4992
 1-4 NB =       261.9489  1-4 EEL =     -4805.9519  VDWAALS    =     24733.2077
 EELEC  =   -168305.3700  EHBOND  =         0.0000  RESTRAINT  =         0.0000
 ------------------------------------------------------------------------------


 NSTEP =     2400   TIME(PS) =       4.800  TEMP(K) =    47.44  PRESS =     0.0
 Etot   =   -143473.3622  EKtot   =      3422.2954  EPtot      =   -146895.6576
 BOND   =        60.5682  ANGLE   =       186.5378  DIHED      =       958.9663
 1-4 NB =       258.3941  1-4 EEL =     -4802.2687  VDWAALS    =     24654.4998
 EELEC  =   -168212.3550  EHBOND  =         0.0000  RESTRAINT  =         0.0000
 ------------------------------------------------------------------------------


 NSTEP =     2450   TIME(PS) =       4.900  TEMP(K) =    47.41  PRESS =     0.0
 Etot   =   -143461.2327  EKtot   =      3420.0459  EPtot      =   -146881.2786
 BOND   =        60.5943  ANGLE   =       188.4330  DIHED      =       970.3473
 1-4 NB =       259.2282  1-4 EEL =     -4802.2597  VDWAALS    =     24638.2943
 EELEC  =   -168195.9160  EHBOND  =         0.0000  RESTRAINT  =         0.0000
 ------------------------------------------------------------------------------


 NSTEP =     2500   TIME(PS) =       5.000  TEMP(K) =    48.00  PRESS =     0.0
 Etot   =   -143450.6692  EKtot   =      3462.6069  EPtot      =   -146913.2761
 BOND   =        62.8823  ANGLE   =       190.4677  DIHED      =       968.3774
 1-4 NB =       257.9423  1-4 EEL =     -4798.0011  VDWAALS    =     24725.4074
 EELEC  =   -168320.3521  EHBOND  =         0.0000  RESTRAINT  =         0.0000
 ------------------------------------------------------------------------------


      A V E R A G E S   O V E R      50 S T E P S


 NSTEP =     2500   TIME(PS) =       5.000  TEMP(K) =    33.86  PRESS =     0.0
 Etot   =   -144587.0725  EKtot   =      2442.7693  EPtot      =   -147029.8418
 BOND   =        58.3174  ANGLE   =       173.6010  DIHED      =       961.1889
 1-4 NB =       259.6483  1-4 EEL =     -4803.2508  VDWAALS    =     24648.4653
 EELEC  =   -168327.8118  EHBOND  =         0.0000  RESTRAINT  =         0.0000
 ------------------------------------------------------------------------------


      R M S  F L U C T U A T I O N S


 NSTEP =     2500   TIME(PS) =       5.000  TEMP(K) =    11.83  PRESS =     0.0
 Etot   =      1083.0761  EKtot   =       853.4010  EPtot      =       242.3719
 BOND   =         2.6481  ANGLE   =        10.9352  DIHED      =         4.1349
 1-4 NB =         2.0356  1-4 EEL =         3.8930  VDWAALS    =       315.3486
 EELEC  =       411.3262  EHBOND  =         0.0000  RESTRAINT  =         0.0000
 ------------------------------------------------------------------------------

--------------------------------------------------------------------------------
   5.  TIMINGS
--------------------------------------------------------------------------------

|  NonSetup CPU Time in Major Routines:
|
|     Routine           Sec        %
|     ------------------------------
|     Nonbond           0.51    8.36
|     Bond              0.00    0.00
|     Angle             0.00    0.00
|     Dihedral          0.00    0.00
|     Shake             0.02    0.40
|     RunMD             5.57   91.03
|     Other             0.01    0.21
|     ------------------------------
|     Total             6.11

|  PME Nonbond Pairlist CPU Time:
|
|     Routine              Sec        %
|     ---------------------------------
|     Set Up Cit           0.00    0.00
|     Build List           0.00    0.00
|     ---------------------------------
|     Total                0.00    0.00

|  PME Direct Force CPU Time:
|
|     Routine              Sec        %
|     ---------------------------------
|     NonBonded Calc       0.00    0.00
|     Exclude Masked       0.00    0.00
|     Other                0.01    0.11
|     ---------------------------------
|     Total                0.01    0.11

|  PME Reciprocal Force CPU Time:
|
|     Routine              Sec        %
|     ---------------------------------
|     1D bspline           0.00    0.00
|     Grid Charges         0.00    0.00
|     Scalar Sum           0.00    0.00
|     Gradient Sum         0.00    0.00
|     FFT                  0.00    0.00
|     ---------------------------------
|     Total                0.00    0.00

|  Final Performance Info:
|     -----------------------------------------------------
|     Average timings for last    2500 steps:
|     Elapsed(s) =      12.23 Per Step(ms) =       4.89
|         ns/day =      35.31   seconds/ns =    2446.91
|
|     Average timings for all steps:
|     Elapsed(s) =      12.23 Per Step(ms) =       4.89
|         ns/day =      35.31   seconds/ns =    2446.91
|     -----------------------------------------------------

|  Setup CPU time:            0.75 seconds
|  NonSetup CPU time:         6.11 seconds
|  Total CPU time:            6.86 seconds     0.00 hours

|  Setup wall time:           1    seconds
|  NonSetup wall time:       13    seconds
|  Total wall time:          14    seconds     0.00 hours
