
          -------------------------------------------------------
          Amber 16 PMEMD                              2016
          -------------------------------------------------------

| PMEMD implementation of SANDER, Release 16

| Run on 08/14/2020 at 09:20:58

|   Executable path: pmemd.cuda
| Working directory: /home/kyq/T7RNADNA/10/LT10
|          Hostname: gpu01

  [-O]verwriting output

File Assignments:
|   MDIN: heat5.in                                                              
|  MDOUT: cmp_heat5.out                                                         
| INPCRD: cmp_heat4.rst                                                         
|   PARM: cmp.prmtop                                                            
| RESTRT: cmp_heat5.rst                                                         
|   REFC: cmp.inpcrd                                                            
|  MDVEL: mdvel                                                                 
|   MDEN: mden                                                                  
|  MDCRD: cmp_heat5.mdcrd                                                       
| MDINFO: mdinfo                                                                
|  MDFRC: mdfrc                                                                 

 
 Here is the input file:
 
Stage 2 equilibration 1 0-5ns                                                  
 &cntrl                                                                        
  imin=0, irest=1, ntx=5,                                                      
  nstlim=4000, dt=0.002,                                                       
  ntc=2, ntf=2,                                                                
  ntt=1, tautp=1.5,                                                            
  tempi=200.0, temp0=255.0,                                                    
  ntpr=50, ntwx=50,                                                            
  ntb=1,                                                                       
  cut=10,                                                                      
 /                                                                             


Note: ig = -1. Setting random seed to   593337 based on wallclock time in 
      microseconds.
 
|--------------------- INFORMATION ----------------------
| GPU (CUDA) Version of PMEMD in use: NVIDIA GPU IN USE.
|                    Version 16.0.0
| 
|                      02/25/2016
| 
| Implementation by:
|                    Ross C. Walker     (SDSC)
|                    Scott Le Grand     (nVIDIA)
| 
| Precision model in use:
|      [SPFP] - Single Precision Forces, 64-bit Fixed Point
|               Accumulation. (Default)
| 
|--------------------------------------------------------
 
|----------------- CITATION INFORMATION -----------------
|
|    When publishing work that utilized the CUDA version
|    of AMBER, please cite the following in addition to
|    the regular AMBER citations:
|
|  - Romelia Salomon-Ferrer; Andreas W. Goetz; Duncan
|    Poole; Scott Le Grand; Ross C. Walker "Routine
|    microsecond molecular dynamics simulations with
|    AMBER - Part II: Particle Mesh Ewald", J. Chem.
|    Theory Comput., 2013, 9 (9), pp3878-3888,
|    DOI: 10.1021/ct400314y.
|
|  - Andreas W. Goetz; Mark J. Williamson; Dong Xu;
|    Duncan Poole; Scott Le Grand; Ross C. Walker
|    "Routine microsecond molecular dynamics simulations
|    with AMBER - Part I: Generalized Born", J. Chem.
|    Theory Comput., 2012, 8 (5), pp1542-1555.
|
|  - Scott Le Grand; Andreas W. Goetz; Ross C. Walker
|    "SPFP: Speed without compromise - a mixed precision
|    model for GPU accelerated molecular dynamics
|    simulations.", Comp. Phys. Comm., 2013, 184
|    pp374-380, DOI: 10.1016/j.cpc.2012.09.022
|
|--------------------------------------------------------
 
|------------------- GPU DEVICE INFO --------------------
|
|            CUDA_VISIBLE_DEVICES: 1
|   CUDA Capable Devices Detected:      1
|           CUDA Device ID in use:      0
|                CUDA Device Name: Tesla P100-PCIE-16GB
|     CUDA Device Global Mem Size:  16276 MB
| CUDA Device Num Multiprocessors:     56
|           CUDA Device Core Freq:   1.33 GHz
|
|--------------------------------------------------------
 
 
| Conditional Compilation Defines Used:
| PUBFFT
| BINTRAJ
| CUDA
| EMIL
 
| Largest sphere to fit in unit cell has radius =    31.653

| New format PARM file being parsed.
| Version =    1.000 Date = 08/14/20 Time = 09:16:37

| Note: 1-4 EEL scale factors are being read from the topology file.

| Note: 1-4 VDW scale factors are being read from the topology file.
| Duplicated    0 dihedrals

| Duplicated    0 dihedrals

--------------------------------------------------------------------------------
   1.  RESOURCE   USE: 
--------------------------------------------------------------------------------

 getting box info from netcdf restart file
 NATOM  =   31449 NTYPES =      18 NBONH =   30726 MBONA  =     774
 NTHETH =     907 MTHETA =    1191 NPHIH =    1834 MPHIA  =    2469
 NHPARM =       0 NPARM  =       0 NNB   =   46468 NRES   =   10180
 NBONA  =     774 NTHETA =    1191 NPHIA =    2469 NUMBND =      61
 NUMANG =     127 NPTRA  =      75 NATYP =      34 NPHB   =       1
 IFBOX  =       2 NMXRS  =      33 IFCAP =       0 NEXTRA =       0
 NCOPY  =       0

| Coordinate Index Table dimensions:    12   12   12
| Direct force subcell size =     6.4611    6.4611    6.4611

     BOX TYPE: TRUNCATED OCTAHEDRON

--------------------------------------------------------------------------------
   2.  CONTROL  DATA  FOR  THE  RUN
--------------------------------------------------------------------------------

default_name                                                                    

General flags:
     imin    =       0, nmropt  =       0

Nature and format of input:
     ntx     =       5, irest   =       1, ntrx    =       1

Nature and format of output:
     ntxo    =       2, ntpr    =      50, ntrx    =       1, ntwr    =    4000
     iwrap   =       0, ntwx    =      50, ntwv    =       0, ntwe    =       0
     ioutfm  =       1, ntwprt  =       0, idecomp =       0, rbornstat=      0

Potential function:
     ntf     =       2, ntb     =       1, igb     =       0, nsnb    =      25
     ipol    =       0, gbsa    =       0, iesp    =       0
     dielc   =   1.00000, cut     =  10.00000, intdiel =   1.00000

Frozen or restrained atoms:
     ibelly  =       0, ntr     =       0

Molecular dynamics:
     nstlim  =      4000, nscm    =      1000, nrespa  =         1
     t       =   0.00000, dt      =   0.00200, vlimit  =  -1.00000

Berendsen (weak-coupling) temperature regulation:
     temp0   = 255.00000, tempi   = 200.00000, tautp   =   1.50000

SHAKE:
     ntc     =       2, jfastw  =       0
     tol     =   0.00001

| Intermolecular bonds treatment:
|     no_intermolecular_bonds =       1

| Energy averages sample interval:
|     ene_avg_sampling =      50

Ewald parameters:
     verbose =       0, ew_type =       0, nbflag  =       1, use_pme =       1
     vdwmeth =       1, eedmeth =       1, netfrc  =       1
     Box X =   77.534   Box Y =   77.534   Box Z =   77.534
     Alpha =  109.471   Beta  =  109.471   Gamma =  109.471
     NFFT1 =   80       NFFT2 =   80       NFFT3 =   80
     Cutoff=   10.000   Tol   =0.100E-04
     Ewald Coefficient =  0.27511
     Interpolation order =    4

--------------------------------------------------------------------------------
   3.  ATOMIC COORDINATES AND VELOCITIES
--------------------------------------------------------------------------------

default_name                                                                    
 begin time read from input coords =    20.000 ps

 
 Number of triangulated 3-point waters found:    10114

     Sum of charges from parm topology file =   0.00000019
     Forcing neutrality...

| Dynamic Memory, Types Used:
| Reals              931548
| Integers           769634

| Nonbonded Pairs Initial Allocation:     9512536

| GPU memory information (estimate):
| KB of GPU memory in use:    162918
| KB of CPU memory in use:     51786

--------------------------------------------------------------------------------
   4.  RESULTS
--------------------------------------------------------------------------------

 ---------------------------------------------------
 APPROXIMATING switch and d/dx switch using CUBIC SPLINE INTERPOLATION
 using   5000.0 points per unit in tabled values
 TESTING RELATIVE ERROR over r ranging from 0.0 to cutoff
| CHECK switch(x): max rel err =   0.3316E-14   at   2.351880
| CHECK d/dx switch(x): max rel err =   0.8066E-11   at   2.747240
 ---------------------------------------------------
|---------------------------------------------------
| APPROXIMATING direct energy using CUBIC SPLINE INTERPOLATION
|  with   50.0 points per unit in tabled values
| Relative Error Limit not exceeded for r .gt.   2.34
| APPROXIMATING direct force using CUBIC SPLINE INTERPOLATION
|  with   50.0 points per unit in tabled values
| Relative Error Limit not exceeded for r .gt.   2.81
|---------------------------------------------------

 NSTEP =       50   TIME(PS) =      20.100  TEMP(K) =   188.65  PRESS =     0.0
 Etot   =   -107752.7927  EKtot   =     11924.8379  EPtot      =   -119677.6306
 BOND   =       154.0332  ANGLE   =       376.0483  DIHED      =      1003.4075
 1-4 NB =       276.4684  1-4 EEL =     -3761.5102  VDWAALS    =     18799.6083
 EELEC  =   -136525.6862  EHBOND  =         0.0000  RESTRAINT  =         0.0000
 ------------------------------------------------------------------------------


 NSTEP =      100   TIME(PS) =      20.200  TEMP(K) =   189.62  PRESS =     0.0
 Etot   =   -107473.2849  EKtot   =     11985.8135  EPtot      =   -119459.0984
 BOND   =       155.1762  ANGLE   =       334.3336  DIHED      =      1009.4376
 1-4 NB =       269.3344  1-4 EEL =     -3738.6853  VDWAALS    =     18625.1051
 EELEC  =   -136113.8000  EHBOND  =         0.0000  RESTRAINT  =         0.0000
 ------------------------------------------------------------------------------


 NSTEP =      150   TIME(PS) =      20.300  TEMP(K) =   191.99  PRESS =     0.0
 Etot   =   -107205.3091  EKtot   =     12136.0947  EPtot      =   -119341.4039
 BOND   =       141.3346  ANGLE   =       347.8478  DIHED      =       996.4775
 1-4 NB =       275.4789  1-4 EEL =     -3737.0941  VDWAALS    =     18581.1502
 EELEC  =   -135946.5986  EHBOND  =         0.0000  RESTRAINT  =         0.0000
 ------------------------------------------------------------------------------


 NSTEP =      200   TIME(PS) =      20.400  TEMP(K) =   193.11  PRESS =     0.0
 Etot   =   -106940.3503  EKtot   =     12206.8496  EPtot      =   -119147.1999
 BOND   =       150.6834  ANGLE   =       351.5036  DIHED      =      1012.1200
 1-4 NB =       281.6651  1-4 EEL =     -3728.8583  VDWAALS    =     18356.4469
 EELEC  =   -135570.7604  EHBOND  =         0.0000  RESTRAINT  =         0.0000
 ------------------------------------------------------------------------------


 NSTEP =      250   TIME(PS) =      20.500  TEMP(K) =   194.79  PRESS =     0.0
 Etot   =   -106682.6421  EKtot   =     12312.7656  EPtot      =   -118995.4077
 BOND   =       164.4959  ANGLE   =       378.0810  DIHED      =      1012.5924
 1-4 NB =       276.2359  1-4 EEL =     -3761.6794  VDWAALS    =     18450.0762
 EELEC  =   -135515.2098  EHBOND  =         0.0000  RESTRAINT  =         0.0000
 ------------------------------------------------------------------------------


 NSTEP =      300   TIME(PS) =      20.600  TEMP(K) =   197.65  PRESS =     0.0
 Etot   =   -106434.3839  EKtot   =     12493.8369  EPtot      =   -118928.2208
 BOND   =       163.6008  ANGLE   =       371.6090  DIHED      =      1007.1112
 1-4 NB =       276.1750  1-4 EEL =     -3746.2055  VDWAALS    =     18399.8586
 EELEC  =   -135400.3699  EHBOND  =         0.0000  RESTRAINT  =         0.0000
 ------------------------------------------------------------------------------


 NSTEP =      350   TIME(PS) =      20.700  TEMP(K) =   198.60  PRESS =     0.0
 Etot   =   -106190.4324  EKtot   =     12553.9355  EPtot      =   -118744.3680
 BOND   =       164.5963  ANGLE   =       365.3173  DIHED      =      1017.9987
 1-4 NB =       267.2195  1-4 EEL =     -3757.7992  VDWAALS    =     18375.7324
 EELEC  =   -135177.4330  EHBOND  =         0.0000  RESTRAINT  =         0.0000
 ------------------------------------------------------------------------------


 NSTEP =      400   TIME(PS) =      20.800  TEMP(K) =   199.28  PRESS =     0.0
 Etot   =   -105953.4383  EKtot   =     12596.6182  EPtot      =   -118550.0564
 BOND   =       153.8792  ANGLE   =       377.0273  DIHED      =      1015.9107
 1-4 NB =       280.8716  1-4 EEL =     -3739.6079  VDWAALS    =     18169.3488
 EELEC  =   -134807.4862  EHBOND  =         0.0000  RESTRAINT  =         0.0000
 ------------------------------------------------------------------------------


 NSTEP =      450   TIME(PS) =      20.900  TEMP(K) =   200.43  PRESS =     0.0
 Etot   =   -105723.0739  EKtot   =     12669.2637  EPtot      =   -118392.3375
 BOND   =       159.0275  ANGLE   =       380.8971  DIHED      =      1016.1603
 1-4 NB =       281.6897  1-4 EEL =     -3745.0978  VDWAALS    =     18363.4329
 EELEC  =   -134848.4472  EHBOND  =         0.0000  RESTRAINT  =         0.0000
 ------------------------------------------------------------------------------


 NSTEP =      500   TIME(PS) =      21.000  TEMP(K) =   202.23  PRESS =     0.0
 Etot   =   -105498.2255  EKtot   =     12782.9551  EPtot      =   -118281.1805
 BOND   =       163.6380  ANGLE   =       375.1317  DIHED      =      1013.6575
 1-4 NB =       271.7444  1-4 EEL =     -3716.5270  VDWAALS    =     18289.1031
 EELEC  =   -134677.9282  EHBOND  =         0.0000  RESTRAINT  =         0.0000
 ------------------------------------------------------------------------------


 NSTEP =      550   TIME(PS) =      21.100  TEMP(K) =   203.22  PRESS =     0.0
 Etot   =   -105277.3588  EKtot   =     12845.8076  EPtot      =   -118123.1664
 BOND   =       163.0830  ANGLE   =       368.7709  DIHED      =      1022.0506
 1-4 NB =       278.9672  1-4 EEL =     -3755.6564  VDWAALS    =     18207.8691
 EELEC  =   -134408.2508  EHBOND  =         0.0000  RESTRAINT  =         0.0000
 ------------------------------------------------------------------------------


 NSTEP =      600   TIME(PS) =      21.200  TEMP(K) =   205.21  PRESS =     0.0
 Etot   =   -105061.8645  EKtot   =     12971.4082  EPtot      =   -118033.2727
 BOND   =       160.1438  ANGLE   =       375.7994  DIHED      =      1018.1416
 1-4 NB =       286.2183  1-4 EEL =     -3756.1762  VDWAALS    =     18343.4333
 EELEC  =   -134460.8329  EHBOND  =         0.0000  RESTRAINT  =         0.0000
 ------------------------------------------------------------------------------


 NSTEP =      650   TIME(PS) =      21.300  TEMP(K) =   205.78  PRESS =     0.0
 Etot   =   -104854.2747  EKtot   =     13007.1973  EPtot      =   -117861.4720
 BOND   =       162.0559  ANGLE   =       367.7521  DIHED      =      1023.5173
 1-4 NB =       281.0737  1-4 EEL =     -3746.6208  VDWAALS    =     18230.2844
 EELEC  =   -134179.5345  EHBOND  =         0.0000  RESTRAINT  =         0.0000
 ------------------------------------------------------------------------------


 NSTEP =      700   TIME(PS) =      21.400  TEMP(K) =   207.55  PRESS =     0.0
 Etot   =   -104651.0246  EKtot   =     13119.1240  EPtot      =   -117770.1486
 BOND   =       177.4247  ANGLE   =       397.9993  DIHED      =      1025.3247
 1-4 NB =       275.7548  1-4 EEL =     -3763.8627  VDWAALS    =     18010.2306
 EELEC  =   -133893.0199  EHBOND  =         0.0000  RESTRAINT  =         0.0000
 ------------------------------------------------------------------------------


 NSTEP =      750   TIME(PS) =      21.500  TEMP(K) =   207.70  PRESS =     0.0
 Etot   =   -104452.9092  EKtot   =     13128.8086  EPtot      =   -117581.7178
 BOND   =       165.9465  ANGLE   =       388.8491  DIHED      =      1016.0200
 1-4 NB =       275.8322  1-4 EEL =     -3763.8241  VDWAALS    =     17768.3540
 EELEC  =   -133432.8955  EHBOND  =         0.0000  RESTRAINT  =         0.0000
 ------------------------------------------------------------------------------


 NSTEP =      800   TIME(PS) =      21.600  TEMP(K) =   210.77  PRESS =     0.0
 Etot   =   -104259.0846  EKtot   =     13323.1680  EPtot      =   -117582.2525
 BOND   =       177.2540  ANGLE   =       389.7592  DIHED      =      1017.0727
 1-4 NB =       289.3532  1-4 EEL =     -3779.8068  VDWAALS    =     17819.9767
 EELEC  =   -133495.8615  EHBOND  =         0.0000  RESTRAINT  =         0.0000
 ------------------------------------------------------------------------------


 NSTEP =      850   TIME(PS) =      21.700  TEMP(K) =   210.37  PRESS =     0.0
 Etot   =   -104070.4510  EKtot   =     13297.8613  EPtot      =   -117368.3123
 BOND   =       176.5093  ANGLE   =       393.2016  DIHED      =      1017.4155
 1-4 NB =       268.3475  1-4 EEL =     -3743.9773  VDWAALS    =     17920.5840
 EELEC  =   -133400.3928  EHBOND  =         0.0000  RESTRAINT  =         0.0000
 ------------------------------------------------------------------------------


 NSTEP =      900   TIME(PS) =      21.800  TEMP(K) =   209.76  PRESS =     0.0
 Etot   =   -103878.4985  EKtot   =     13259.1396  EPtot      =   -117137.6381
 BOND   =       179.9790  ANGLE   =       404.0700  DIHED      =      1005.9152
 1-4 NB =       275.4897  1-4 EEL =     -3735.5675  VDWAALS    =     17624.7721
 EELEC  =   -132892.2966  EHBOND  =         0.0000  RESTRAINT  =         0.0000
 ------------------------------------------------------------------------------


 NSTEP =      950   TIME(PS) =      21.900  TEMP(K) =   213.00  PRESS =     0.0
 Etot   =   -103697.7602  EKtot   =     13463.7354  EPtot      =   -117161.4955
 BOND   =       179.3784  ANGLE   =       383.7393  DIHED      =      1009.2994
 1-4 NB =       282.6851  1-4 EEL =     -3745.0572  VDWAALS    =     17882.1824
 EELEC  =   -133153.7230  EHBOND  =         0.0000  RESTRAINT  =         0.0000
 ------------------------------------------------------------------------------

check COM velocity, temp:        0.000005     0.00(Removed)

 NSTEP =     1000   TIME(PS) =      22.000  TEMP(K) =   213.85  PRESS =     0.0
 Etot   =   -103520.1428  EKtot   =     13517.6777  EPtot      =   -117037.8205
 BOND   =       175.0629  ANGLE   =       392.7551  DIHED      =      1010.5122
 1-4 NB =       270.8785  1-4 EEL =     -3782.2839  VDWAALS    =     17691.5460
 EELEC  =   -132796.2912  EHBOND  =         0.0000  RESTRAINT  =         0.0000
 ------------------------------------------------------------------------------


 NSTEP =     1050   TIME(PS) =      22.100  TEMP(K) =   213.40  PRESS =     0.0
 Etot   =   -103346.0901  EKtot   =     13489.3809  EPtot      =   -116835.4709
 BOND   =       178.6216  ANGLE   =       403.0445  DIHED      =      1010.7975
 1-4 NB =       277.4036  1-4 EEL =     -3740.1469  VDWAALS    =     17643.3319
 EELEC  =   -132608.5231  EHBOND  =         0.0000  RESTRAINT  =         0.0000
 ------------------------------------------------------------------------------


 NSTEP =     1100   TIME(PS) =      22.200  TEMP(K) =   215.57  PRESS =     0.0
 Etot   =   -103176.0176  EKtot   =     13626.0361  EPtot      =   -116802.0538
 BOND   =       186.0845  ANGLE   =       398.4465  DIHED      =      1022.6207
 1-4 NB =       278.8029  1-4 EEL =     -3756.6793  VDWAALS    =     17643.2300
 EELEC  =   -132574.5590  EHBOND  =         0.0000  RESTRAINT  =         0.0000
 ------------------------------------------------------------------------------


 NSTEP =     1150   TIME(PS) =      22.300  TEMP(K) =   215.32  PRESS =     0.0
 Etot   =   -103011.7185  EKtot   =     13610.3623  EPtot      =   -116622.0808
 BOND   =       161.0682  ANGLE   =       422.2564  DIHED      =      1022.2633
 1-4 NB =       279.2090  1-4 EEL =     -3767.4464  VDWAALS    =     17382.6437
 EELEC  =   -132122.0750  EHBOND  =         0.0000  RESTRAINT  =         0.0000
 ------------------------------------------------------------------------------


 NSTEP =     1200   TIME(PS) =      22.400  TEMP(K) =   215.02  PRESS =     0.0
 Etot   =   -102848.7297  EKtot   =     13591.2627  EPtot      =   -116439.9924
 BOND   =       161.7579  ANGLE   =       399.4938  DIHED      =      1010.1812
 1-4 NB =       280.2307  1-4 EEL =     -3737.6500  VDWAALS    =     17474.4169
 EELEC  =   -132028.4227  EHBOND  =         0.0000  RESTRAINT  =         0.0000
 ------------------------------------------------------------------------------


 NSTEP =     1250   TIME(PS) =      22.500  TEMP(K) =   216.92  PRESS =     0.0
 Etot   =   -102685.5029  EKtot   =     13711.4863  EPtot      =   -116396.9892
 BOND   =       175.8626  ANGLE   =       400.1567  DIHED      =      1019.2126
 1-4 NB =       276.7124  1-4 EEL =     -3734.3039  VDWAALS    =     17521.0577
 EELEC  =   -132055.6873  EHBOND  =         0.0000  RESTRAINT  =         0.0000
 ------------------------------------------------------------------------------


 NSTEP =     1300   TIME(PS) =      22.600  TEMP(K) =   219.53  PRESS =     0.0
 Etot   =   -102533.6307  EKtot   =     13876.4717  EPtot      =   -116410.1023
 BOND   =       154.4578  ANGLE   =       399.9180  DIHED      =      1028.7429
 1-4 NB =       288.7796  1-4 EEL =     -3734.1260  VDWAALS    =     17492.8263
 EELEC  =   -132040.7010  EHBOND  =         0.0000  RESTRAINT  =         0.0000
 ------------------------------------------------------------------------------


 NSTEP =     1350   TIME(PS) =      22.700  TEMP(K) =   218.78  PRESS =     0.0
 Etot   =   -102380.8909  EKtot   =     13829.1172  EPtot      =   -116210.0081
 BOND   =       173.7943  ANGLE   =       380.5893  DIHED      =      1019.1977
 1-4 NB =       273.8690  1-4 EEL =     -3754.3332  VDWAALS    =     17312.0966
 EELEC  =   -131615.2218  EHBOND  =         0.0000  RESTRAINT  =         0.0000
 ------------------------------------------------------------------------------


 NSTEP =     1400   TIME(PS) =      22.800  TEMP(K) =   221.46  PRESS =     0.0
 Etot   =   -102229.2252  EKtot   =     13998.4072  EPtot      =   -116227.6324
 BOND   =       190.9247  ANGLE   =       395.1060  DIHED      =      1008.6327
 1-4 NB =       276.7091  1-4 EEL =     -3714.0460  VDWAALS    =     17309.3972
 EELEC  =   -131694.3561  EHBOND  =         0.0000  RESTRAINT  =         0.0000
 ------------------------------------------------------------------------------


 NSTEP =     1450   TIME(PS) =      22.900  TEMP(K) =   220.90  PRESS =     0.0
 Etot   =   -102089.0312  EKtot   =     13963.1152  EPtot      =   -116052.1464
 BOND   =       174.1819  ANGLE   =       422.1689  DIHED      =      1029.0844
 1-4 NB =       282.3985  1-4 EEL =     -3764.6868  VDWAALS    =     17470.2231
 EELEC  =   -131665.5165  EHBOND  =         0.0000  RESTRAINT  =         0.0000
 ------------------------------------------------------------------------------


 NSTEP =     1500   TIME(PS) =      23.000  TEMP(K) =   222.39  PRESS =     0.0
 Etot   =   -101948.5658  EKtot   =     14057.2539  EPtot      =   -116005.8197
 BOND   =       183.4028  ANGLE   =       408.2545  DIHED      =      1016.3302
 1-4 NB =       272.8694  1-4 EEL =     -3763.2376  VDWAALS    =     17307.2549
 EELEC  =   -131430.6939  EHBOND  =         0.0000  RESTRAINT  =         0.0000
 ------------------------------------------------------------------------------


 NSTEP =     1550   TIME(PS) =      23.100  TEMP(K) =   222.94  PRESS =     0.0
 Etot   =   -101814.0393  EKtot   =     14092.2197  EPtot      =   -115906.2590
 BOND   =       193.0230  ANGLE   =       415.4254  DIHED      =      1000.8970
 1-4 NB =       272.5592  1-4 EEL =     -3768.0003  VDWAALS    =     17472.0820
 EELEC  =   -131492.2453  EHBOND  =         0.0000  RESTRAINT  =         0.0000
 ------------------------------------------------------------------------------


 NSTEP =     1600   TIME(PS) =      23.200  TEMP(K) =   222.64  PRESS =     0.0
 Etot   =   -101677.6295  EKtot   =     14073.4863  EPtot      =   -115751.1158
 BOND   =       194.3321  ANGLE   =       407.0557  DIHED      =      1027.4345
 1-4 NB =       285.1859  1-4 EEL =     -3763.5142  VDWAALS    =     17501.5760
 EELEC  =   -131403.1858  EHBOND  =         0.0000  RESTRAINT  =         0.0000
 ------------------------------------------------------------------------------


 NSTEP =     1650   TIME(PS) =      23.300  TEMP(K) =   223.64  PRESS =     0.0
 Etot   =   -101547.5085  EKtot   =     14136.1758  EPtot      =   -115683.6843
 BOND   =       193.9947  ANGLE   =       432.0370  DIHED      =      1025.8465
 1-4 NB =       275.3446  1-4 EEL =     -3772.9653  VDWAALS    =     17424.1977
 EELEC  =   -131262.1395  EHBOND  =         0.0000  RESTRAINT  =         0.0000
 ------------------------------------------------------------------------------


 NSTEP =     1700   TIME(PS) =      23.400  TEMP(K) =   225.87  PRESS =     0.0
 Etot   =   -101420.9614  EKtot   =     14277.5010  EPtot      =   -115698.4624
 BOND   =       203.1827  ANGLE   =       394.3312  DIHED      =      1024.2323
 1-4 NB =       282.6736  1-4 EEL =     -3791.8498  VDWAALS    =     17117.5952
 EELEC  =   -130928.6277  EHBOND  =         0.0000  RESTRAINT  =         0.0000
 ------------------------------------------------------------------------------


 NSTEP =     1750   TIME(PS) =      23.500  TEMP(K) =   225.79  PRESS =     0.0
 Etot   =   -101293.1792  EKtot   =     14272.5283  EPtot      =   -115565.7075
 BOND   =       185.8323  ANGLE   =       401.1998  DIHED      =      1033.4109
 1-4 NB =       283.8401  1-4 EEL =     -3751.1455  VDWAALS    =     17050.4379
 EELEC  =   -130769.2830  EHBOND  =         0.0000  RESTRAINT  =         0.0000
 ------------------------------------------------------------------------------


 NSTEP =     1800   TIME(PS) =      23.600  TEMP(K) =   227.09  PRESS =     0.0
 Etot   =   -101166.9983  EKtot   =     14354.3818  EPtot      =   -115521.3801
 BOND   =       174.9614  ANGLE   =       403.9942  DIHED      =      1019.5153
 1-4 NB =       277.0174  1-4 EEL =     -3758.9992  VDWAALS    =     16945.8199
 EELEC  =   -130583.6892  EHBOND  =         0.0000  RESTRAINT  =         0.0000
 ------------------------------------------------------------------------------


 NSTEP =     1850   TIME(PS) =      23.700  TEMP(K) =   225.63  PRESS =     0.0
 Etot   =   -101046.6096  EKtot   =     14262.0391  EPtot      =   -115308.6487
 BOND   =       179.6569  ANGLE   =       423.3331  DIHED      =      1019.2371
 1-4 NB =       279.6667  1-4 EEL =     -3762.7815  VDWAALS    =     16845.9051
 EELEC  =   -130293.6660  EHBOND  =         0.0000  RESTRAINT  =         0.0000
 ------------------------------------------------------------------------------


 NSTEP =     1900   TIME(PS) =      23.800  TEMP(K) =   225.30  PRESS =     0.0
 Etot   =   -100924.0342  EKtot   =     14241.6084  EPtot      =   -115165.6426
 BOND   =       173.9531  ANGLE   =       404.3272  DIHED      =      1041.1251
 1-4 NB =       276.9979  1-4 EEL =     -3735.3645  VDWAALS    =     17207.2949
 EELEC  =   -130533.9763  EHBOND  =         0.0000  RESTRAINT  =         0.0000
 ------------------------------------------------------------------------------


 NSTEP =     1950   TIME(PS) =      23.900  TEMP(K) =   227.16  PRESS =     0.0
 Etot   =   -100805.1299  EKtot   =     14359.1270  EPtot      =   -115164.2569
 BOND   =       172.4630  ANGLE   =       426.9490  DIHED      =      1032.6115
 1-4 NB =       285.9277  1-4 EEL =     -3759.4423  VDWAALS    =     17231.6347
 EELEC  =   -130554.4005  EHBOND  =         0.0000  RESTRAINT  =         0.0000
 ------------------------------------------------------------------------------

check COM velocity, temp:        0.000005     0.00(Removed)

 NSTEP =     2000   TIME(PS) =      24.000  TEMP(K) =   227.23  PRESS =     0.0
 Etot   =   -100691.8604  EKtot   =     14363.5830  EPtot      =   -115055.4434
 BOND   =       187.1212  ANGLE   =       421.6159  DIHED      =      1028.9989
 1-4 NB =       284.5140  1-4 EEL =     -3749.9735  VDWAALS    =     16845.6606
 EELEC  =   -130073.3805  EHBOND  =         0.0000  RESTRAINT  =         0.0000
 ------------------------------------------------------------------------------


 NSTEP =     2050   TIME(PS) =      24.100  TEMP(K) =   227.90  PRESS =     0.0
 Etot   =   -100575.5308  EKtot   =     14405.8535  EPtot      =   -114981.3843
 BOND   =       200.9162  ANGLE   =       435.6956  DIHED      =      1025.6827
 1-4 NB =       285.5289  1-4 EEL =     -3775.0993  VDWAALS    =     16752.8381
 EELEC  =   -129906.9466  EHBOND  =         0.0000  RESTRAINT  =         0.0000
 ------------------------------------------------------------------------------


 NSTEP =     2100   TIME(PS) =      24.200  TEMP(K) =   229.92  PRESS =     0.0
 Etot   =   -100469.8992  EKtot   =     14533.4365  EPtot      =   -115003.3357
 BOND   =       212.8541  ANGLE   =       418.6134  DIHED      =      1038.7003
 1-4 NB =       283.8988  1-4 EEL =     -3780.6623  VDWAALS    =     17171.5519
 EELEC  =   -130348.2920  EHBOND  =         0.0000  RESTRAINT  =         0.0000
 ------------------------------------------------------------------------------


 NSTEP =     2150   TIME(PS) =      24.300  TEMP(K) =   230.91  PRESS =     0.0
 Etot   =   -100360.8247  EKtot   =     14595.8496  EPtot      =   -114956.6744
 BOND   =       196.7708  ANGLE   =       430.3166  DIHED      =      1024.5536
 1-4 NB =       270.0668  1-4 EEL =     -3745.2583  VDWAALS    =     16828.3835
 EELEC  =   -129961.5074  EHBOND  =         0.0000  RESTRAINT  =         0.0000
 ------------------------------------------------------------------------------


 NSTEP =     2200   TIME(PS) =      24.400  TEMP(K) =   230.11  PRESS =     0.0
 Etot   =   -100255.3843  EKtot   =     14545.5342  EPtot      =   -114800.9185
 BOND   =       190.7715  ANGLE   =       419.0034  DIHED      =      1023.9891
 1-4 NB =       283.4016  1-4 EEL =     -3777.0584  VDWAALS    =     16793.2367
 EELEC  =   -129734.2625  EHBOND  =         0.0000  RESTRAINT  =         0.0000
 ------------------------------------------------------------------------------


 NSTEP =     2250   TIME(PS) =      24.500  TEMP(K) =   229.04  PRESS =     0.0
 Etot   =   -100147.7844  EKtot   =     14477.8145  EPtot      =   -114625.5988
 BOND   =       191.3097  ANGLE   =       418.3032  DIHED      =      1020.3447
 1-4 NB =       288.9066  1-4 EEL =     -3741.7130  VDWAALS    =     16850.4645
 EELEC  =   -129653.2146  EHBOND  =         0.0000  RESTRAINT  =         0.0000
 ------------------------------------------------------------------------------


 NSTEP =     2300   TIME(PS) =      24.600  TEMP(K) =   232.00  PRESS =     0.0
 Etot   =   -100044.3750  EKtot   =     14664.7207  EPtot      =   -114709.0957
 BOND   =       186.8163  ANGLE   =       414.0425  DIHED      =      1031.0935
 1-4 NB =       269.2311  1-4 EEL =     -3716.0303  VDWAALS    =     16750.6669
 EELEC  =   -129644.9157  EHBOND  =         0.0000  RESTRAINT  =         0.0000
 ------------------------------------------------------------------------------


 NSTEP =     2350   TIME(PS) =      24.700  TEMP(K) =   230.50  PRESS =     0.0
 Etot   =    -99947.1502  EKtot   =     14570.3164  EPtot      =   -114517.4666
 BOND   =       195.4103  ANGLE   =       406.4788  DIHED      =      1037.5047
 1-4 NB =       278.3295  1-4 EEL =     -3772.7292  VDWAALS    =     16723.3141
 EELEC  =   -129385.7748  EHBOND  =         0.0000  RESTRAINT  =         0.0000
 ------------------------------------------------------------------------------


 NSTEP =     2400   TIME(PS) =      24.800  TEMP(K) =   231.65  PRESS =     0.0
 Etot   =    -99849.0348  EKtot   =     14642.7695  EPtot      =   -114491.8044
 BOND   =       199.6545  ANGLE   =       428.8731  DIHED      =      1025.1732
 1-4 NB =       268.8361  1-4 EEL =     -3784.9758  VDWAALS    =     16548.7302
 EELEC  =   -129178.0956  EHBOND  =         0.0000  RESTRAINT  =         0.0000
 ------------------------------------------------------------------------------


 NSTEP =     2450   TIME(PS) =      24.900  TEMP(K) =   231.76  PRESS =     0.0
 Etot   =    -99747.5535  EKtot   =     14649.7773  EPtot      =   -114397.3309
 BOND   =       189.6061  ANGLE   =       426.7202  DIHED      =      1036.6859
 1-4 NB =       271.2478  1-4 EEL =     -3744.1590  VDWAALS    =     16382.5734
 EELEC  =   -128960.0052  EHBOND  =         0.0000  RESTRAINT  =         0.0000
 ------------------------------------------------------------------------------


 NSTEP =     2500   TIME(PS) =      25.000  TEMP(K) =   230.67  PRESS =     0.0
 Etot   =    -99651.2268  EKtot   =     14580.8252  EPtot      =   -114232.0520
 BOND   =       198.4443  ANGLE   =       418.0230  DIHED      =      1038.2770
 1-4 NB =       274.3416  1-4 EEL =     -3752.3870  VDWAALS    =     16662.4361
 EELEC  =   -129071.1870  EHBOND  =         0.0000  RESTRAINT  =         0.0000
 ------------------------------------------------------------------------------


 NSTEP =     2550   TIME(PS) =      25.100  TEMP(K) =   232.66  PRESS =     0.0
 Etot   =    -99554.9927  EKtot   =     14706.7656  EPtot      =   -114261.7583
 BOND   =       187.7097  ANGLE   =       438.0102  DIHED      =      1021.3472
 1-4 NB =       279.3026  1-4 EEL =     -3732.3859  VDWAALS    =     16545.8225
 EELEC  =   -129001.5646  EHBOND  =         0.0000  RESTRAINT  =         0.0000
 ------------------------------------------------------------------------------


 NSTEP =     2600   TIME(PS) =      25.200  TEMP(K) =   233.81  PRESS =     0.0
 Etot   =    -99463.8302  EKtot   =     14778.9658  EPtot      =   -114242.7960
 BOND   =       201.8599  ANGLE   =       426.7059  DIHED      =      1037.8812
 1-4 NB =       285.1569  1-4 EEL =     -3750.3078  VDWAALS    =     16589.1962
 EELEC  =   -129033.2883  EHBOND  =         0.0000  RESTRAINT  =         0.0000
 ------------------------------------------------------------------------------


 NSTEP =     2650   TIME(PS) =      25.300  TEMP(K) =   234.92  PRESS =     0.0
 Etot   =    -99376.8322  EKtot   =     14849.2578  EPtot      =   -114226.0900
 BOND   =       206.9582  ANGLE   =       428.1838  DIHED      =      1030.5649
 1-4 NB =       271.5207  1-4 EEL =     -3756.7530  VDWAALS    =     16790.1635
 EELEC  =   -129196.7281  EHBOND  =         0.0000  RESTRAINT  =         0.0000
 ------------------------------------------------------------------------------


 NSTEP =     2700   TIME(PS) =      25.400  TEMP(K) =   234.60  PRESS =     0.0
 Etot   =    -99291.5187  EKtot   =     14829.1309  EPtot      =   -114120.6495
 BOND   =       188.6132  ANGLE   =       421.6552  DIHED      =      1026.0663
 1-4 NB =       284.1561  1-4 EEL =     -3758.7732  VDWAALS    =     16539.1899
 EELEC  =   -128821.5571  EHBOND  =         0.0000  RESTRAINT  =         0.0000
 ------------------------------------------------------------------------------


 NSTEP =     2750   TIME(PS) =      25.500  TEMP(K) =   234.14  PRESS =     0.0
 Etot   =    -99205.0661  EKtot   =     14799.9883  EPtot      =   -114005.0544
 BOND   =       199.3778  ANGLE   =       427.6266  DIHED      =      1046.3314
 1-4 NB =       289.2068  1-4 EEL =     -3761.8521  VDWAALS    =     16548.7127
 EELEC  =   -128754.4575  EHBOND  =         0.0000  RESTRAINT  =         0.0000
 ------------------------------------------------------------------------------


 NSTEP =     2800   TIME(PS) =      25.600  TEMP(K) =   235.34  PRESS =     0.0
 Etot   =    -99124.3845  EKtot   =     14875.8701  EPtot      =   -114000.2546
 BOND   =       195.0720  ANGLE   =       421.6328  DIHED      =      1046.3520
 1-4 NB =       277.3087  1-4 EEL =     -3759.4323  VDWAALS    =     16599.7465
 EELEC  =   -128780.9343  EHBOND  =         0.0000  RESTRAINT  =         0.0000
 ------------------------------------------------------------------------------


 NSTEP =     2850   TIME(PS) =      25.700  TEMP(K) =   234.91  PRESS =     0.0
 Etot   =    -99041.4676  EKtot   =     14849.1094  EPtot      =   -113890.5770
 BOND   =       205.5500  ANGLE   =       433.1229  DIHED      =      1035.3239
 1-4 NB =       283.1027  1-4 EEL =     -3734.3746  VDWAALS    =     16479.3506
 EELEC  =   -128592.6524  EHBOND  =         0.0000  RESTRAINT  =         0.0000
 ------------------------------------------------------------------------------


 NSTEP =     2900   TIME(PS) =      25.800  TEMP(K) =   234.95  PRESS =     0.0
 Etot   =    -98956.8587  EKtot   =     14851.5156  EPtot      =   -113808.3744
 BOND   =       200.2577  ANGLE   =       447.3378  DIHED      =      1040.0379
 1-4 NB =       278.2638  1-4 EEL =     -3755.5060  VDWAALS    =     16641.5265
 EELEC  =   -128660.2920  EHBOND  =         0.0000  RESTRAINT  =         0.0000
 ------------------------------------------------------------------------------


 NSTEP =     2950   TIME(PS) =      25.900  TEMP(K) =   235.47  PRESS =     0.0
 Etot   =    -98882.7587  EKtot   =     14884.3164  EPtot      =   -113767.0751
 BOND   =       184.3709  ANGLE   =       446.3510  DIHED      =      1033.1928
 1-4 NB =       283.6750  1-4 EEL =     -3745.9553  VDWAALS    =     16659.3712
 EELEC  =   -128628.0807  EHBOND  =         0.0000  RESTRAINT  =         0.0000
 ------------------------------------------------------------------------------

check COM velocity, temp:        0.000007     0.00(Removed)

 NSTEP =     3000   TIME(PS) =      26.000  TEMP(K) =   237.38  PRESS =     0.0
 Etot   =    -98804.9117  EKtot   =     15004.6592  EPtot      =   -113809.5709
 BOND   =       208.4023  ANGLE   =       443.3050  DIHED      =      1028.6019
 1-4 NB =       284.9822  1-4 EEL =     -3753.4232  VDWAALS    =     16361.7060
 EELEC  =   -128383.1452  EHBOND  =         0.0000  RESTRAINT  =         0.0000
 ------------------------------------------------------------------------------


 NSTEP =     3050   TIME(PS) =      26.100  TEMP(K) =   235.00  PRESS =     0.0
 Etot   =    -98723.7273  EKtot   =     14854.1895  EPtot      =   -113577.9167
 BOND   =       203.4261  ANGLE   =       450.1521  DIHED      =      1023.7308
 1-4 NB =       283.5091  1-4 EEL =     -3756.5532  VDWAALS    =     16431.7414
 EELEC  =   -128213.9229  EHBOND  =         0.0000  RESTRAINT  =         0.0000
 ------------------------------------------------------------------------------


 NSTEP =     3100   TIME(PS) =      26.200  TEMP(K) =   236.82  PRESS =     0.0
 Etot   =    -98647.4437  EKtot   =     14969.2744  EPtot      =   -113616.7181
 BOND   =       211.6547  ANGLE   =       441.9883  DIHED      =      1016.3121
 1-4 NB =       278.5452  1-4 EEL =     -3750.7829  VDWAALS    =     16344.9682
 EELEC  =   -128159.4037  EHBOND  =         0.0000  RESTRAINT  =         0.0000
 ------------------------------------------------------------------------------


 NSTEP =     3150   TIME(PS) =      26.300  TEMP(K) =   235.57  PRESS =     0.0
 Etot   =    -98570.6605  EKtot   =     14890.4316  EPtot      =   -113461.0922
 BOND   =       207.6394  ANGLE   =       446.2828  DIHED      =      1023.7076
 1-4 NB =       282.9145  1-4 EEL =     -3736.5976  VDWAALS    =     16227.0852
 EELEC  =   -127912.1241  EHBOND  =         0.0000  RESTRAINT  =         0.0000
 ------------------------------------------------------------------------------


 NSTEP =     3200   TIME(PS) =      26.400  TEMP(K) =   237.67  PRESS =     0.0
 Etot   =    -98496.3455  EKtot   =     15023.5615  EPtot      =   -113519.9070
 BOND   =       198.2500  ANGLE   =       446.6454  DIHED      =      1027.2280
 1-4 NB =       272.9464  1-4 EEL =     -3718.2607  VDWAALS    =     16128.3723
 EELEC  =   -127875.0885  EHBOND  =         0.0000  RESTRAINT  =         0.0000
 ------------------------------------------------------------------------------


 NSTEP =     3250   TIME(PS) =      26.500  TEMP(K) =   238.98  PRESS =     0.0
 Etot   =    -98427.6067  EKtot   =     15106.0732  EPtot      =   -113533.6800
 BOND   =       188.1868  ANGLE   =       421.6939  DIHED      =      1032.0916
 1-4 NB =       300.6766  1-4 EEL =     -3734.8212  VDWAALS    =     16560.0919
 EELEC  =   -128301.5996  EHBOND  =         0.0000  RESTRAINT  =         0.0000
 ------------------------------------------------------------------------------


 NSTEP =     3300   TIME(PS) =      26.600  TEMP(K) =   236.98  PRESS =     0.0
 Etot   =    -98359.1662  EKtot   =     14979.7363  EPtot      =   -113338.9025
 BOND   =       206.4878  ANGLE   =       446.8396  DIHED      =      1040.0601
 1-4 NB =       280.8880  1-4 EEL =     -3765.0060  VDWAALS    =     16209.8406
 EELEC  =   -127758.0126  EHBOND  =         0.0000  RESTRAINT  =         0.0000
 ------------------------------------------------------------------------------


 NSTEP =     3350   TIME(PS) =      26.700  TEMP(K) =   237.40  PRESS =     0.0
 Etot   =    -98290.5655  EKtot   =     15006.0791  EPtot      =   -113296.6446
 BOND   =       199.9716  ANGLE   =       439.4474  DIHED      =      1037.5980
 1-4 NB =       275.0110  1-4 EEL =     -3741.0684  VDWAALS    =     16230.7180
 EELEC  =   -127738.3222  EHBOND  =         0.0000  RESTRAINT  =         0.0000
 ------------------------------------------------------------------------------


 NSTEP =     3400   TIME(PS) =      26.800  TEMP(K) =   238.64  PRESS =     0.0
 Etot   =    -98220.4540  EKtot   =     15084.4297  EPtot      =   -113304.8837
 BOND   =       216.1936  ANGLE   =       439.0942  DIHED      =      1046.3498
 1-4 NB =       282.1593  1-4 EEL =     -3752.5866  VDWAALS    =     16382.7557
 EELEC  =   -127918.8498  EHBOND  =         0.0000  RESTRAINT  =         0.0000
 ------------------------------------------------------------------------------


 NSTEP =     3450   TIME(PS) =      26.900  TEMP(K) =   236.76  PRESS =     0.0
 Etot   =    -98148.1090  EKtot   =     14965.6201  EPtot      =   -113113.7291
 BOND   =       215.4262  ANGLE   =       442.8613  DIHED      =      1038.4923
 1-4 NB =       276.3434  1-4 EEL =     -3732.2897  VDWAALS    =     16063.8281
 EELEC  =   -127418.3906  EHBOND  =         0.0000  RESTRAINT  =         0.0000
 ------------------------------------------------------------------------------


 NSTEP =     3500   TIME(PS) =      27.000  TEMP(K) =   238.48  PRESS =     0.0
 Etot   =    -98077.4340  EKtot   =     15074.6855  EPtot      =   -113152.1195
 BOND   =       202.5208  ANGLE   =       453.2843  DIHED      =      1046.2186
 1-4 NB =       277.9790  1-4 EEL =     -3772.8547  VDWAALS    =     16161.5558
 EELEC  =   -127520.8235  EHBOND  =         0.0000  RESTRAINT  =         0.0000
 ------------------------------------------------------------------------------


 NSTEP =     3550   TIME(PS) =      27.100  TEMP(K) =   240.08  PRESS =     0.0
 Etot   =    -98009.4537  EKtot   =     15175.5234  EPtot      =   -113184.9771
 BOND   =       196.0224  ANGLE   =       453.8437  DIHED      =      1028.4138
 1-4 NB =       283.9735  1-4 EEL =     -3753.6263  VDWAALS    =     16347.7438
 EELEC  =   -127741.3481  EHBOND  =         0.0000  RESTRAINT  =         0.0000
 ------------------------------------------------------------------------------


 NSTEP =     3600   TIME(PS) =      27.200  TEMP(K) =   241.36  PRESS =     0.0
 Etot   =    -97949.8862  EKtot   =     15256.2969  EPtot      =   -113206.1831
 BOND   =       211.0454  ANGLE   =       437.6870  DIHED      =      1034.5033
 1-4 NB =       276.9154  1-4 EEL =     -3772.3973  VDWAALS    =     16377.9835
 EELEC  =   -127771.9204  EHBOND  =         0.0000  RESTRAINT  =         0.0000
 ------------------------------------------------------------------------------


 NSTEP =     3650   TIME(PS) =      27.300  TEMP(K) =   239.29  PRESS =     0.0
 Etot   =    -97887.5238  EKtot   =     15125.9434  EPtot      =   -113013.4671
 BOND   =       205.0791  ANGLE   =       433.5397  DIHED      =      1041.5759
 1-4 NB =       277.6546  1-4 EEL =     -3735.4913  VDWAALS    =     15913.1429
 EELEC  =   -127148.9680  EHBOND  =         0.0000  RESTRAINT  =         0.0000
 ------------------------------------------------------------------------------


 NSTEP =     3700   TIME(PS) =      27.400  TEMP(K) =   238.58  PRESS =     0.0
 Etot   =    -97821.8990  EKtot   =     15081.0391  EPtot      =   -112902.9380
 BOND   =       196.6738  ANGLE   =       455.7308  DIHED      =      1029.6534
 1-4 NB =       283.2225  1-4 EEL =     -3753.0595  VDWAALS    =     15924.4257
 EELEC  =   -127039.5847  EHBOND  =         0.0000  RESTRAINT  =         0.0000
 ------------------------------------------------------------------------------


 NSTEP =     3750   TIME(PS) =      27.500  TEMP(K) =   241.33  PRESS =     0.0
 Etot   =    -97758.1350  EKtot   =     15254.4180  EPtot      =   -113012.5529
 BOND   =       209.6092  ANGLE   =       442.4387  DIHED      =      1026.8613
 1-4 NB =       285.9379  1-4 EEL =     -3739.6824  VDWAALS    =     16262.2058
 EELEC  =   -127499.9233  EHBOND  =         0.0000  RESTRAINT  =         0.0000
 ------------------------------------------------------------------------------


 NSTEP =     3800   TIME(PS) =      27.600  TEMP(K) =   241.15  PRESS =     0.0
 Etot   =    -97700.1652  EKtot   =     15243.1992  EPtot      =   -112943.3644
 BOND   =       216.6362  ANGLE   =       442.5971  DIHED      =      1030.6672
 1-4 NB =       279.3169  1-4 EEL =     -3757.5567  VDWAALS    =     16050.5101
 EELEC  =   -127205.5352  EHBOND  =         0.0000  RESTRAINT  =         0.0000
 ------------------------------------------------------------------------------


 NSTEP =     3850   TIME(PS) =      27.700  TEMP(K) =   240.34  PRESS =     0.0
 Etot   =    -97640.4015  EKtot   =     15192.2998  EPtot      =   -112832.7013
 BOND   =       211.3680  ANGLE   =       455.5490  DIHED      =      1033.8099
 1-4 NB =       283.1440  1-4 EEL =     -3755.0121  VDWAALS    =     16096.8863
 EELEC  =   -127158.4465  EHBOND  =         0.0000  RESTRAINT  =         0.0000
 ------------------------------------------------------------------------------


 NSTEP =     3900   TIME(PS) =      27.800  TEMP(K) =   241.72  PRESS =     0.0
 Etot   =    -97582.3166  EKtot   =     15279.3613  EPtot      =   -112861.6779
 BOND   =       209.7736  ANGLE   =       452.8751  DIHED      =      1029.1996
 1-4 NB =       282.3440  1-4 EEL =     -3739.5732  VDWAALS    =     16009.7096
 EELEC  =   -127106.0066  EHBOND  =         0.0000  RESTRAINT  =         0.0000
 ------------------------------------------------------------------------------


 NSTEP =     3950   TIME(PS) =      27.900  TEMP(K) =   241.07  PRESS =     0.0
 Etot   =    -97527.1937  EKtot   =     15238.2188  EPtot      =   -112765.4124
 BOND   =       204.9391  ANGLE   =       456.9386  DIHED      =      1036.6108
 1-4 NB =       280.3908  1-4 EEL =     -3758.7297  VDWAALS    =     16179.2549
 EELEC  =   -127164.8169  EHBOND  =         0.0000  RESTRAINT  =         0.0000
 ------------------------------------------------------------------------------

check COM velocity, temp:        0.000009     0.00(Removed)

 NSTEP =     4000   TIME(PS) =      28.000  TEMP(K) =   240.62  PRESS =     0.0
 Etot   =    -97472.3040  EKtot   =     15209.6348  EPtot      =   -112681.9388
 BOND   =       208.6471  ANGLE   =       466.4097  DIHED      =      1039.3900
 1-4 NB =       282.3837  1-4 EEL =     -3750.8619  VDWAALS    =     15884.5251
 EELEC  =   -126812.4324  EHBOND  =         0.0000  RESTRAINT  =         0.0000
 ------------------------------------------------------------------------------


      A V E R A G E S   O V E R      80 S T E P S


 NSTEP =     4000   TIME(PS) =      28.000  TEMP(K) =   223.83  PRESS =     0.0
 Etot   =   -101278.4604  EKtot   =     14148.6117  EPtot      =   -115427.0721
 BOND   =       186.8282  ANGLE   =       414.4512  DIHED      =      1025.2587
 1-4 NB =       279.3614  1-4 EEL =     -3752.0280  VDWAALS    =     17088.9263
 EELEC  =   -130669.8699  EHBOND  =         0.0000  RESTRAINT  =         0.0000
 ------------------------------------------------------------------------------


      R M S  F L U C T U A T I O N S


 NSTEP =     4000   TIME(PS) =      28.000  TEMP(K) =    14.71  PRESS =     0.0
 Etot   =      2907.1458  EKtot   =       929.8026  EPtot      =      1983.3776
 BOND   =        18.6209  ANGLE   =        28.9688  DIHED      =        11.3123
 1-4 NB =         5.7932  1-4 EEL =        16.1312  VDWAALS    =       788.6348
 EELEC  =      2711.1375  EHBOND  =         0.0000  RESTRAINT  =         0.0000
 ------------------------------------------------------------------------------

--------------------------------------------------------------------------------
   5.  TIMINGS
--------------------------------------------------------------------------------

|  NonSetup CPU Time in Major Routines:
|
|     Routine           Sec        %
|     ------------------------------
|     Nonbond           0.34   10.30
|     Bond              0.00    0.00
|     Angle             0.00    0.00
|     Dihedral          0.00    0.00
|     Shake             0.03    0.78
|     RunMD             2.92   88.63
|     Other             0.01    0.28
|     ------------------------------
|     Total             3.29

|  PME Nonbond Pairlist CPU Time:
|
|     Routine              Sec        %
|     ---------------------------------
|     Set Up Cit           0.00    0.00
|     Build List           0.00    0.00
|     ---------------------------------
|     Total                0.00    0.00

|  PME Direct Force CPU Time:
|
|     Routine              Sec        %
|     ---------------------------------
|     NonBonded Calc       0.00    0.00
|     Exclude Masked       0.00    0.00
|     Other                0.01    0.15
|     ---------------------------------
|     Total                0.01    0.15

|  PME Reciprocal Force CPU Time:
|
|     Routine              Sec        %
|     ---------------------------------
|     1D bspline           0.00    0.00
|     Grid Charges         0.00    0.00
|     Scalar Sum           0.00    0.00
|     Gradient Sum         0.00    0.00
|     FFT                  0.00    0.00
|     ---------------------------------
|     Total                0.00    0.00

|  Final Performance Info:
|     -----------------------------------------------------
|     Average timings for last    3950 steps:
|     Elapsed(s) =       6.49 Per Step(ms) =       1.64
|         ns/day =     105.20   seconds/ns =     821.25
|
|     Average timings for all steps:
|     Elapsed(s) =       6.58 Per Step(ms) =       1.64
|         ns/day =     105.11   seconds/ns =     822.01
|     -----------------------------------------------------

|  Setup CPU time:            0.80 seconds
|  NonSetup CPU time:         3.29 seconds
|  Total CPU time:            4.09 seconds     0.00 hours

|  Setup wall time:           1    seconds
|  NonSetup wall time:        7    seconds
|  Total wall time:           8    seconds     0.00 hours
