
          -------------------------------------------------------
          Amber 16 PMEMD                              2016
          -------------------------------------------------------

| PMEMD implementation of SANDER, Release 16

| Run on 08/14/2020 at 09:20:33

|   Executable path: pmemd.cuda
| Working directory: /home/kyq/T7RNADNA/10/LT10
|          Hostname: gpu01

  [-O]verwriting output

File Assignments:
|   MDIN: heat1.in                                                              
|  MDOUT: cmp_heat1.out                                                         
| INPCRD: cmp_heat0.rst                                                         
|   PARM: cmp.prmtop                                                            
| RESTRT: cmp_heat1.rst                                                         
|   REFC: cmp.inpcrd                                                            
|  MDVEL: mdvel                                                                 
|   MDEN: mden                                                                  
|  MDCRD: cmp_heat1.mdcrd                                                       
| MDINFO: mdinfo                                                                
|  MDFRC: mdfrc                                                                 

 
 Here is the input file:
 
Stage 1 heating 1 5ps 0-100K                                                   
 &cntrl                                                                        
  imin=0, ntx=1,                                                               
  nstlim=2500, dt=0.002,                                                       
  ntc=2, ntf=2,                                                                
  ntt=1, tautp=1.5,                                                            
  tempi=0.0, temp0=50.0,                                                       
  ntpr=50, ntwx=50,                                                            
  ntb=1,                                                                       
  cut=10,                                                                      
 /                                                                             


Note: ig = -1. Setting random seed to   912567 based on wallclock time in 
      microseconds.
 
|--------------------- INFORMATION ----------------------
| GPU (CUDA) Version of PMEMD in use: NVIDIA GPU IN USE.
|                    Version 16.0.0
| 
|                      02/25/2016
| 
| Implementation by:
|                    Ross C. Walker     (SDSC)
|                    Scott Le Grand     (nVIDIA)
| 
| Precision model in use:
|      [SPFP] - Single Precision Forces, 64-bit Fixed Point
|               Accumulation. (Default)
| 
|--------------------------------------------------------
 
|----------------- CITATION INFORMATION -----------------
|
|    When publishing work that utilized the CUDA version
|    of AMBER, please cite the following in addition to
|    the regular AMBER citations:
|
|  - Romelia Salomon-Ferrer; Andreas W. Goetz; Duncan
|    Poole; Scott Le Grand; Ross C. Walker "Routine
|    microsecond molecular dynamics simulations with
|    AMBER - Part II: Particle Mesh Ewald", J. Chem.
|    Theory Comput., 2013, 9 (9), pp3878-3888,
|    DOI: 10.1021/ct400314y.
|
|  - Andreas W. Goetz; Mark J. Williamson; Dong Xu;
|    Duncan Poole; Scott Le Grand; Ross C. Walker
|    "Routine microsecond molecular dynamics simulations
|    with AMBER - Part I: Generalized Born", J. Chem.
|    Theory Comput., 2012, 8 (5), pp1542-1555.
|
|  - Scott Le Grand; Andreas W. Goetz; Ross C. Walker
|    "SPFP: Speed without compromise - a mixed precision
|    model for GPU accelerated molecular dynamics
|    simulations.", Comp. Phys. Comm., 2013, 184
|    pp374-380, DOI: 10.1016/j.cpc.2012.09.022
|
|--------------------------------------------------------
 
|------------------- GPU DEVICE INFO --------------------
|
|            CUDA_VISIBLE_DEVICES: 1
|   CUDA Capable Devices Detected:      1
|           CUDA Device ID in use:      0
|                CUDA Device Name: Tesla P100-PCIE-16GB
|     CUDA Device Global Mem Size:  16276 MB
| CUDA Device Num Multiprocessors:     56
|           CUDA Device Core Freq:   1.33 GHz
|
|--------------------------------------------------------
 
 
| Conditional Compilation Defines Used:
| PUBFFT
| BINTRAJ
| CUDA
| EMIL
 
| Largest sphere to fit in unit cell has radius =    31.653

| New format PARM file being parsed.
| Version =    1.000 Date = 08/14/20 Time = 09:16:37

| Note: 1-4 EEL scale factors are being read from the topology file.

| Note: 1-4 VDW scale factors are being read from the topology file.
| Duplicated    0 dihedrals

| Duplicated    0 dihedrals

--------------------------------------------------------------------------------
   1.  RESOURCE   USE: 
--------------------------------------------------------------------------------

 getting box info from netcdf restart file
 NATOM  =   31449 NTYPES =      18 NBONH =   30726 MBONA  =     774
 NTHETH =     907 MTHETA =    1191 NPHIH =    1834 MPHIA  =    2469
 NHPARM =       0 NPARM  =       0 NNB   =   46468 NRES   =   10180
 NBONA  =     774 NTHETA =    1191 NPHIA =    2469 NUMBND =      61
 NUMANG =     127 NPTRA  =      75 NATYP =      34 NPHB   =       1
 IFBOX  =       2 NMXRS  =      33 IFCAP =       0 NEXTRA =       0
 NCOPY  =       0

| Coordinate Index Table dimensions:    12   12   12
| Direct force subcell size =     6.4611    6.4611    6.4611

     BOX TYPE: TRUNCATED OCTAHEDRON

--------------------------------------------------------------------------------
   2.  CONTROL  DATA  FOR  THE  RUN
--------------------------------------------------------------------------------

default_name                                                                    

General flags:
     imin    =       0, nmropt  =       0

Nature and format of input:
     ntx     =       1, irest   =       0, ntrx    =       1

Nature and format of output:
     ntxo    =       2, ntpr    =      50, ntrx    =       1, ntwr    =    2500
     iwrap   =       0, ntwx    =      50, ntwv    =       0, ntwe    =       0
     ioutfm  =       1, ntwprt  =       0, idecomp =       0, rbornstat=      0

Potential function:
     ntf     =       2, ntb     =       1, igb     =       0, nsnb    =      25
     ipol    =       0, gbsa    =       0, iesp    =       0
     dielc   =   1.00000, cut     =  10.00000, intdiel =   1.00000

Frozen or restrained atoms:
     ibelly  =       0, ntr     =       0

Molecular dynamics:
     nstlim  =      2500, nscm    =      1000, nrespa  =         1
     t       =   0.00000, dt      =   0.00200, vlimit  =  -1.00000

Berendsen (weak-coupling) temperature regulation:
     temp0   =  50.00000, tempi   =   0.00000, tautp   =   1.50000

SHAKE:
     ntc     =       2, jfastw  =       0
     tol     =   0.00001

| Intermolecular bonds treatment:
|     no_intermolecular_bonds =       1

| Energy averages sample interval:
|     ene_avg_sampling =      50

Ewald parameters:
     verbose =       0, ew_type =       0, nbflag  =       1, use_pme =       1
     vdwmeth =       1, eedmeth =       1, netfrc  =       1
     Box X =   77.534   Box Y =   77.534   Box Z =   77.534
     Alpha =  109.471   Beta  =  109.471   Gamma =  109.471
     NFFT1 =   80       NFFT2 =   80       NFFT3 =   80
     Cutoff=   10.000   Tol   =0.100E-04
     Ewald Coefficient =  0.27511
     Interpolation order =    4

--------------------------------------------------------------------------------
   3.  ATOMIC COORDINATES AND VELOCITIES
--------------------------------------------------------------------------------

default_name                                                                    
 begin time read from input coords =     0.000 ps

 
 Number of triangulated 3-point waters found:    10114

     Sum of charges from parm topology file =   0.00000019
     Forcing neutrality...

| Dynamic Memory, Types Used:
| Reals              931548
| Integers           769634

| Nonbonded Pairs Initial Allocation:     9512536

| GPU memory information (estimate):
| KB of GPU memory in use:    162918
| KB of CPU memory in use:     51786

--------------------------------------------------------------------------------
   4.  RESULTS
--------------------------------------------------------------------------------

 ---------------------------------------------------
 APPROXIMATING switch and d/dx switch using CUBIC SPLINE INTERPOLATION
 using   5000.0 points per unit in tabled values
 TESTING RELATIVE ERROR over r ranging from 0.0 to cutoff
| CHECK switch(x): max rel err =   0.3316E-14   at   2.351880
| CHECK d/dx switch(x): max rel err =   0.8066E-11   at   2.747240
 ---------------------------------------------------
|---------------------------------------------------
| APPROXIMATING direct energy using CUBIC SPLINE INTERPOLATION
|  with   50.0 points per unit in tabled values
| Relative Error Limit not exceeded for r .gt.   2.34
| APPROXIMATING direct force using CUBIC SPLINE INTERPOLATION
|  with   50.0 points per unit in tabled values
| Relative Error Limit not exceeded for r .gt.   2.81
|---------------------------------------------------

 NSTEP =        0   TIME(PS) =       0.000  TEMP(K) =     0.00  PRESS =     0.0
 Etot   =   -150163.3778  EKtot   =         0.0000  EPtot      =   -150163.3778
 BOND   =        48.8407  ANGLE   =       166.0524  DIHED      =       970.0808
 1-4 NB =       255.9902  1-4 EEL =     -3765.2496  VDWAALS    =     27358.4031
 EELEC  =   -175197.4953  EHBOND  =         0.0000  RESTRAINT  =         0.0000
 ------------------------------------------------------------------------------


 NSTEP =       50   TIME(PS) =       0.100  TEMP(K) =     8.91  PRESS =     0.0
 Etot   =   -128926.1016  EKtot   =       562.8950  EPtot      =   -129488.9966
 BOND   =        48.1889  ANGLE   =       162.7061  DIHED      =       970.2800
 1-4 NB =       258.7387  1-4 EEL =     -3763.0218  VDWAALS    =     23054.9543
 EELEC  =   -150220.8428  EHBOND  =         0.0000  RESTRAINT  =         0.0000
 ------------------------------------------------------------------------------


 NSTEP =      100   TIME(PS) =       0.200  TEMP(K) =     7.99  PRESS =     0.0
 Etot   =   -128765.7901  EKtot   =       505.0498  EPtot      =   -129270.8399
 BOND   =        48.3090  ANGLE   =       163.4955  DIHED      =       967.2687
 1-4 NB =       259.7876  1-4 EEL =     -3764.2371  VDWAALS    =     20967.1338
 EELEC  =   -147912.5975  EHBOND  =         0.0000  RESTRAINT  =         0.0000
 ------------------------------------------------------------------------------


 NSTEP =      150   TIME(PS) =       0.300  TEMP(K) =    10.63  PRESS =     0.0
 Etot   =   -128601.3627  EKtot   =       672.2053  EPtot      =   -129273.5681
 BOND   =        49.3305  ANGLE   =       164.8680  DIHED      =       967.7511
 1-4 NB =       258.3956  1-4 EEL =     -3763.9693  VDWAALS    =     21362.5029
 EELEC  =   -148312.4469  EHBOND  =         0.0000  RESTRAINT  =         0.0000
 ------------------------------------------------------------------------------


 NSTEP =      200   TIME(PS) =       0.400  TEMP(K) =    11.91  PRESS =     0.0
 Etot   =   -128437.8975  EKtot   =       752.7947  EPtot      =   -129190.6922
 BOND   =        49.6577  ANGLE   =       165.6755  DIHED      =       968.4838
 1-4 NB =       259.7459  1-4 EEL =     -3761.8396  VDWAALS    =     21617.1438
 EELEC  =   -148489.5593  EHBOND  =         0.0000  RESTRAINT  =         0.0000
 ------------------------------------------------------------------------------


 NSTEP =      250   TIME(PS) =       0.500  TEMP(K) =    13.59  PRESS =     0.0
 Etot   =   -128281.1847  EKtot   =       859.1539  EPtot      =   -129140.3386
 BOND   =        49.4471  ANGLE   =       166.3896  DIHED      =       967.7433
 1-4 NB =       259.8095  1-4 EEL =     -3755.8061  VDWAALS    =     21281.6586
 EELEC  =   -148109.5805  EHBOND  =         0.0000  RESTRAINT  =         0.0000
 ------------------------------------------------------------------------------


 NSTEP =      300   TIME(PS) =       0.600  TEMP(K) =    15.11  PRESS =     0.0
 Etot   =   -128129.9418  EKtot   =       955.1662  EPtot      =   -129085.1080
 BOND   =        50.7336  ANGLE   =       165.1426  DIHED      =       964.9766
 1-4 NB =       258.8843  1-4 EEL =     -3755.3779  VDWAALS    =     21172.6921
 EELEC  =   -147942.1594  EHBOND  =         0.0000  RESTRAINT  =         0.0000
 ------------------------------------------------------------------------------


 NSTEP =      350   TIME(PS) =       0.700  TEMP(K) =    16.63  PRESS =     0.0
 Etot   =   -127986.6634  EKtot   =      1051.0474  EPtot      =   -129037.7107
 BOND   =        50.3368  ANGLE   =       169.7588  DIHED      =       960.5030
 1-4 NB =       259.9723  1-4 EEL =     -3752.1277  VDWAALS    =     21274.0852
 EELEC  =   -148000.2391  EHBOND  =         0.0000  RESTRAINT  =         0.0000
 ------------------------------------------------------------------------------


 NSTEP =      400   TIME(PS) =       0.800  TEMP(K) =    18.40  PRESS =     0.0
 Etot   =   -127849.8040  EKtot   =      1162.9148  EPtot      =   -129012.7188
 BOND   =        50.5140  ANGLE   =       169.7745  DIHED      =       961.7646
 1-4 NB =       258.8727  1-4 EEL =     -3753.0575  VDWAALS    =     21324.7064
 EELEC  =   -148025.2934  EHBOND  =         0.0000  RESTRAINT  =         0.0000
 ------------------------------------------------------------------------------


 NSTEP =      450   TIME(PS) =       0.900  TEMP(K) =    20.12  PRESS =     0.0
 Etot   =   -127720.5573  EKtot   =      1271.6348  EPtot      =   -128992.1921
 BOND   =        50.7488  ANGLE   =       172.2329  DIHED      =       964.9498
 1-4 NB =       259.4995  1-4 EEL =     -3753.7643  VDWAALS    =     21321.9410
 EELEC  =   -148007.7997  EHBOND  =         0.0000  RESTRAINT  =         0.0000
 ------------------------------------------------------------------------------


 NSTEP =      500   TIME(PS) =       1.000  TEMP(K) =    21.32  PRESS =     0.0
 Etot   =   -127596.7925  EKtot   =      1347.8872  EPtot      =   -128944.6798
 BOND   =        51.0589  ANGLE   =       173.4175  DIHED      =       970.3244
 1-4 NB =       258.2180  1-4 EEL =     -3753.8237  VDWAALS    =     21196.4877
 EELEC  =   -147840.3627  EHBOND  =         0.0000  RESTRAINT  =         0.0000
 ------------------------------------------------------------------------------


 NSTEP =      550   TIME(PS) =       1.100  TEMP(K) =    22.50  PRESS =     0.0
 Etot   =   -127477.8852  EKtot   =      1422.3689  EPtot      =   -128900.2541
 BOND   =        50.6845  ANGLE   =       171.9036  DIHED      =       970.8014
 1-4 NB =       257.7399  1-4 EEL =     -3752.1459  VDWAALS    =     21258.9241
 EELEC  =   -147858.1616  EHBOND  =         0.0000  RESTRAINT  =         0.0000
 ------------------------------------------------------------------------------


 NSTEP =      600   TIME(PS) =       1.200  TEMP(K) =    24.09  PRESS =     0.0
 Etot   =   -127366.4781  EKtot   =      1522.7019  EPtot      =   -128889.1800
 BOND   =        51.1402  ANGLE   =       170.2601  DIHED      =       964.7793
 1-4 NB =       257.4577  1-4 EEL =     -3753.6818  VDWAALS    =     21487.8784
 EELEC  =   -148067.0139  EHBOND  =         0.0000  RESTRAINT  =         0.0000
 ------------------------------------------------------------------------------


 NSTEP =      650   TIME(PS) =       1.300  TEMP(K) =    25.26  PRESS =     0.0
 Etot   =   -127259.9382  EKtot   =      1596.6287  EPtot      =   -128856.5669
 BOND   =        51.9489  ANGLE   =       168.9205  DIHED      =       968.1827
 1-4 NB =       256.1858  1-4 EEL =     -3753.0858  VDWAALS    =     21473.6766
 EELEC  =   -148022.3954  EHBOND  =         0.0000  RESTRAINT  =         0.0000
 ------------------------------------------------------------------------------


 NSTEP =      700   TIME(PS) =       1.400  TEMP(K) =    26.56  PRESS =     0.0
 Etot   =   -127159.5622  EKtot   =      1678.9659  EPtot      =   -128838.5282
 BOND   =        52.5271  ANGLE   =       170.8704  DIHED      =       963.7322
 1-4 NB =       256.1161  1-4 EEL =     -3756.4372  VDWAALS    =     21445.8109
 EELEC  =   -147971.1477  EHBOND  =         0.0000  RESTRAINT  =         0.0000
 ------------------------------------------------------------------------------


 NSTEP =      750   TIME(PS) =       1.500  TEMP(K) =    27.69  PRESS =     0.0
 Etot   =   -127062.4446  EKtot   =      1750.4086  EPtot      =   -128812.8532
 BOND   =        51.5612  ANGLE   =       171.7581  DIHED      =       964.4278
 1-4 NB =       260.8444  1-4 EEL =     -3752.4476  VDWAALS    =     21726.3249
 EELEC  =   -148235.3220  EHBOND  =         0.0000  RESTRAINT  =         0.0000
 ------------------------------------------------------------------------------


 NSTEP =      800   TIME(PS) =       1.600  TEMP(K) =    28.99  PRESS =     0.0
 Etot   =   -126972.1212  EKtot   =      1832.2238  EPtot      =   -128804.3449
 BOND   =        51.7758  ANGLE   =       175.1702  DIHED      =       959.2188
 1-4 NB =       256.0654  1-4 EEL =     -3752.6150  VDWAALS    =     21591.1504
 EELEC  =   -148085.1105  EHBOND  =         0.0000  RESTRAINT  =         0.0000
 ------------------------------------------------------------------------------


 NSTEP =      850   TIME(PS) =       1.700  TEMP(K) =    29.70  PRESS =     0.0
 Etot   =   -126884.4885  EKtot   =      1877.1638  EPtot      =   -128761.6523
 BOND   =        52.0452  ANGLE   =       179.0451  DIHED      =       966.1031
 1-4 NB =       255.8297  1-4 EEL =     -3752.1677  VDWAALS    =     21450.6073
 EELEC  =   -147913.1151  EHBOND  =         0.0000  RESTRAINT  =         0.0000
 ------------------------------------------------------------------------------


 NSTEP =      900   TIME(PS) =       1.800  TEMP(K) =    30.81  PRESS =     0.0
 Etot   =   -126801.9763  EKtot   =      1947.8243  EPtot      =   -128749.8007
 BOND   =        52.2241  ANGLE   =       179.5481  DIHED      =       967.5532
 1-4 NB =       260.0969  1-4 EEL =     -3752.8303  VDWAALS    =     21440.3102
 EELEC  =   -147896.7028  EHBOND  =         0.0000  RESTRAINT  =         0.0000
 ------------------------------------------------------------------------------


 NSTEP =      950   TIME(PS) =       1.900  TEMP(K) =    32.03  PRESS =     0.0
 Etot   =   -126723.8038  EKtot   =      2024.7704  EPtot      =   -128748.5741
 BOND   =        52.8373  ANGLE   =       175.6883  DIHED      =       967.6654
 1-4 NB =       257.6294  1-4 EEL =     -3754.9228  VDWAALS    =     21513.6152
 EELEC  =   -147961.0871  EHBOND  =         0.0000  RESTRAINT  =         0.0000
 ------------------------------------------------------------------------------

check COM velocity, temp:        0.000020     0.00(Removed)

 NSTEP =     1000   TIME(PS) =       2.000  TEMP(K) =    33.08  PRESS =     0.0
 Etot   =   -126650.5878  EKtot   =      2090.7737  EPtot      =   -128741.3615
 BOND   =        53.1837  ANGLE   =       175.0015  DIHED      =       969.2465
 1-4 NB =       260.0601  1-4 EEL =     -3755.5568  VDWAALS    =     21417.7208
 EELEC  =   -147861.0173  EHBOND  =         0.0000  RESTRAINT  =         0.0000
 ------------------------------------------------------------------------------


 NSTEP =     1050   TIME(PS) =       2.100  TEMP(K) =    33.83  PRESS =     0.0
 Etot   =   -126581.0629  EKtot   =      2138.7026  EPtot      =   -128719.7655
 BOND   =        54.2138  ANGLE   =       178.9426  DIHED      =       967.0679
 1-4 NB =       258.9862  1-4 EEL =     -3760.5277  VDWAALS    =     21438.5998
 EELEC  =   -147857.0481  EHBOND  =         0.0000  RESTRAINT  =         0.0000
 ------------------------------------------------------------------------------


 NSTEP =     1100   TIME(PS) =       2.200  TEMP(K) =    34.67  PRESS =     0.0
 Etot   =   -126515.3299  EKtot   =      2191.4602  EPtot      =   -128706.7901
 BOND   =        53.8885  ANGLE   =       172.6776  DIHED      =       965.5536
 1-4 NB =       262.0665  1-4 EEL =     -3749.9148  VDWAALS    =     21550.4224
 EELEC  =   -147961.4840  EHBOND  =         0.0000  RESTRAINT  =         0.0000
 ------------------------------------------------------------------------------


 NSTEP =     1150   TIME(PS) =       2.300  TEMP(K) =    35.85  PRESS =     0.0
 Etot   =   -126454.1802  EKtot   =      2266.1680  EPtot      =   -128720.3482
 BOND   =        52.0013  ANGLE   =       169.4637  DIHED      =       965.4847
 1-4 NB =       259.7144  1-4 EEL =     -3747.5439  VDWAALS    =     21442.3618
 EELEC  =   -147861.8302  EHBOND  =         0.0000  RESTRAINT  =         0.0000
 ------------------------------------------------------------------------------


 NSTEP =     1200   TIME(PS) =       2.400  TEMP(K) =    36.10  PRESS =     0.0
 Etot   =   -126394.7853  EKtot   =      2281.9954  EPtot      =   -128676.7807
 BOND   =        51.2465  ANGLE   =       174.8826  DIHED      =       966.7745
 1-4 NB =       259.1456  1-4 EEL =     -3753.8172  VDWAALS    =     21537.7901
 EELEC  =   -147912.8029  EHBOND  =         0.0000  RESTRAINT  =         0.0000
 ------------------------------------------------------------------------------


 NSTEP =     1250   TIME(PS) =       2.500  TEMP(K) =    37.11  PRESS =     0.0
 Etot   =   -126338.3272  EKtot   =      2345.9917  EPtot      =   -128684.3189
 BOND   =        54.4834  ANGLE   =       179.2757  DIHED      =       963.9204
 1-4 NB =       259.5808  1-4 EEL =     -3757.0341  VDWAALS    =     21478.5583
 EELEC  =   -147863.1034  EHBOND  =         0.0000  RESTRAINT  =         0.0000
 ------------------------------------------------------------------------------


 NSTEP =     1300   TIME(PS) =       2.600  TEMP(K) =    37.77  PRESS =     0.0
 Etot   =   -126285.6119  EKtot   =      2387.6470  EPtot      =   -128673.2589
 BOND   =        53.8721  ANGLE   =       178.3179  DIHED      =       956.5196
 1-4 NB =       260.0010  1-4 EEL =     -3755.6335  VDWAALS    =     21370.9304
 EELEC  =   -147737.2663  EHBOND  =         0.0000  RESTRAINT  =         0.0000
 ------------------------------------------------------------------------------


 NSTEP =     1350   TIME(PS) =       2.700  TEMP(K) =    38.27  PRESS =     0.0
 Etot   =   -126234.7916  EKtot   =      2419.0154  EPtot      =   -128653.8070
 BOND   =        52.0188  ANGLE   =       175.2238  DIHED      =       954.5958
 1-4 NB =       264.5935  1-4 EEL =     -3746.1056  VDWAALS    =     21406.0593
 EELEC  =   -147760.1926  EHBOND  =         0.0000  RESTRAINT  =         0.0000
 ------------------------------------------------------------------------------


 NSTEP =     1400   TIME(PS) =       2.800  TEMP(K) =    39.05  PRESS =     0.0
 Etot   =   -126186.3300  EKtot   =      2468.3972  EPtot      =   -128654.7273
 BOND   =        55.1994  ANGLE   =       186.9813  DIHED      =       964.5241
 1-4 NB =       261.6416  1-4 EEL =     -3762.6008  VDWAALS    =     21433.1587
 EELEC  =   -147793.6316  EHBOND  =         0.0000  RESTRAINT  =         0.0000
 ------------------------------------------------------------------------------


 NSTEP =     1450   TIME(PS) =       2.900  TEMP(K) =    39.97  PRESS =     0.0
 Etot   =   -126142.7167  EKtot   =      2526.2363  EPtot      =   -128668.9530
 BOND   =        54.4431  ANGLE   =       180.9062  DIHED      =       968.7538
 1-4 NB =       260.3821  1-4 EEL =     -3755.2378  VDWAALS    =     21442.8576
 EELEC  =   -147821.0579  EHBOND  =         0.0000  RESTRAINT  =         0.0000
 ------------------------------------------------------------------------------


 NSTEP =     1500   TIME(PS) =       3.000  TEMP(K) =    40.77  PRESS =     0.0
 Etot   =   -126101.5584  EKtot   =      2576.7817  EPtot      =   -128678.3402
 BOND   =        54.5368  ANGLE   =       179.1200  DIHED      =       972.8313
 1-4 NB =       262.5792  1-4 EEL =     -3751.2975  VDWAALS    =     21621.1339
 EELEC  =   -148017.2438  EHBOND  =         0.0000  RESTRAINT  =         0.0000
 ------------------------------------------------------------------------------


 NSTEP =     1550   TIME(PS) =       3.100  TEMP(K) =    41.15  PRESS =     0.0
 Etot   =   -126063.0081  EKtot   =      2601.1831  EPtot      =   -128664.1912
 BOND   =        55.4576  ANGLE   =       181.3112  DIHED      =       969.3216
 1-4 NB =       256.1036  1-4 EEL =     -3750.0544  VDWAALS    =     21516.2860
 EELEC  =   -147892.6167  EHBOND  =         0.0000  RESTRAINT  =         0.0000
 ------------------------------------------------------------------------------


 NSTEP =     1600   TIME(PS) =       3.200  TEMP(K) =    41.57  PRESS =     0.0
 Etot   =   -126026.2646  EKtot   =      2627.5063  EPtot      =   -128653.7709
 BOND   =        55.9670  ANGLE   =       182.8559  DIHED      =       975.1866
 1-4 NB =       263.6354  1-4 EEL =     -3753.3906  VDWAALS    =     21565.7760
 EELEC  =   -147943.8013  EHBOND  =         0.0000  RESTRAINT  =         0.0000
 ------------------------------------------------------------------------------


 NSTEP =     1650   TIME(PS) =       3.300  TEMP(K) =    41.65  PRESS =     0.0
 Etot   =   -125992.1137  EKtot   =      2632.7480  EPtot      =   -128624.8618
 BOND   =        52.7109  ANGLE   =       181.5472  DIHED      =       971.4061
 1-4 NB =       264.7295  1-4 EEL =     -3742.9024  VDWAALS    =     21575.8639
 EELEC  =   -147928.2170  EHBOND  =         0.0000  RESTRAINT  =         0.0000
 ------------------------------------------------------------------------------


 NSTEP =     1700   TIME(PS) =       3.400  TEMP(K) =    42.82  PRESS =     0.0
 Etot   =   -125960.9137  EKtot   =      2706.5610  EPtot      =   -128667.4747
 BOND   =        54.8512  ANGLE   =       182.1137  DIHED      =       966.5239
 1-4 NB =       257.5447  1-4 EEL =     -3745.7830  VDWAALS    =     21612.4501
 EELEC  =   -147995.1753  EHBOND  =         0.0000  RESTRAINT  =         0.0000
 ------------------------------------------------------------------------------


 NSTEP =     1750   TIME(PS) =       3.500  TEMP(K) =    43.05  PRESS =     0.0
 Etot   =   -125931.3145  EKtot   =      2721.0615  EPtot      =   -128652.3761
 BOND   =        54.9277  ANGLE   =       180.5500  DIHED      =       969.9845
 1-4 NB =       261.6400  1-4 EEL =     -3747.1476  VDWAALS    =     21692.7708
 EELEC  =   -148065.1016  EHBOND  =         0.0000  RESTRAINT  =         0.0000
 ------------------------------------------------------------------------------


 NSTEP =     1800   TIME(PS) =       3.600  TEMP(K) =    43.97  PRESS =     0.0
 Etot   =   -125904.8707  EKtot   =      2779.3828  EPtot      =   -128684.2535
 BOND   =        55.1848  ANGLE   =       185.7599  DIHED      =       973.4779
 1-4 NB =       260.5414  1-4 EEL =     -3763.4564  VDWAALS    =     21555.3861
 EELEC  =   -147951.1472  EHBOND  =         0.0000  RESTRAINT  =         0.0000
 ------------------------------------------------------------------------------


 NSTEP =     1850   TIME(PS) =       3.700  TEMP(K) =    43.94  PRESS =     0.0
 Etot   =   -125879.0361  EKtot   =      2777.4099  EPtot      =   -128656.4460
 BOND   =        54.8063  ANGLE   =       184.6764  DIHED      =       972.0016
 1-4 NB =       264.1051  1-4 EEL =     -3753.6916  VDWAALS    =     21492.9828
 EELEC  =   -147871.3267  EHBOND  =         0.0000  RESTRAINT  =         0.0000
 ------------------------------------------------------------------------------


 NSTEP =     1900   TIME(PS) =       3.800  TEMP(K) =    44.52  PRESS =     0.0
 Etot   =   -125855.5011  EKtot   =      2814.4192  EPtot      =   -128669.9202
 BOND   =        54.6100  ANGLE   =       179.8949  DIHED      =       974.1412
 1-4 NB =       263.1150  1-4 EEL =     -3756.5270  VDWAALS    =     21576.8519
 EELEC  =   -147962.0062  EHBOND  =         0.0000  RESTRAINT  =         0.0000
 ------------------------------------------------------------------------------


 NSTEP =     1950   TIME(PS) =       3.900  TEMP(K) =    44.93  PRESS =     0.0
 Etot   =   -125832.6088  EKtot   =      2839.8003  EPtot      =   -128672.4091
 BOND   =        55.9545  ANGLE   =       186.3117  DIHED      =       972.8654
 1-4 NB =       262.4662  1-4 EEL =     -3752.6966  VDWAALS    =     21538.2595
 EELEC  =   -147935.5698  EHBOND  =         0.0000  RESTRAINT  =         0.0000
 ------------------------------------------------------------------------------

check COM velocity, temp:        0.000015     0.00(Removed)

 NSTEP =     2000   TIME(PS) =       4.000  TEMP(K) =    45.14  PRESS =     0.0
 Etot   =   -125811.5487  EKtot   =      2853.0439  EPtot      =   -128664.5926
 BOND   =        53.9291  ANGLE   =       178.8075  DIHED      =       975.3682
 1-4 NB =       261.7390  1-4 EEL =     -3751.7035  VDWAALS    =     21422.6335
 EELEC  =   -147805.3665  EHBOND  =         0.0000  RESTRAINT  =         0.0000
 ------------------------------------------------------------------------------


 NSTEP =     2050   TIME(PS) =       4.100  TEMP(K) =    45.56  PRESS =     0.0
 Etot   =   -125792.8957  EKtot   =      2880.1016  EPtot      =   -128672.9973
 BOND   =        52.4628  ANGLE   =       188.4785  DIHED      =       968.0405
 1-4 NB =       262.0621  1-4 EEL =     -3748.9760  VDWAALS    =     21343.3536
 EELEC  =   -147738.4189  EHBOND  =         0.0000  RESTRAINT  =         0.0000
 ------------------------------------------------------------------------------


 NSTEP =     2100   TIME(PS) =       4.200  TEMP(K) =    45.82  PRESS =     0.0
 Etot   =   -125774.6212  EKtot   =      2896.2920  EPtot      =   -128670.9131
 BOND   =        54.9571  ANGLE   =       190.9645  DIHED      =       969.7607
 1-4 NB =       260.8773  1-4 EEL =     -3753.6998  VDWAALS    =     21471.0569
 EELEC  =   -147864.8298  EHBOND  =         0.0000  RESTRAINT  =         0.0000
 ------------------------------------------------------------------------------


 NSTEP =     2150   TIME(PS) =       4.300  TEMP(K) =    46.30  PRESS =     0.0
 Etot   =   -125757.2895  EKtot   =      2926.4624  EPtot      =   -128683.7519
 BOND   =        54.3675  ANGLE   =       182.7684  DIHED      =       971.1188
 1-4 NB =       262.9439  1-4 EEL =     -3755.8536  VDWAALS    =     21522.4604
 EELEC  =   -147921.5573  EHBOND  =         0.0000  RESTRAINT  =         0.0000
 ------------------------------------------------------------------------------


 NSTEP =     2200   TIME(PS) =       4.400  TEMP(K) =    46.69  PRESS =     0.0
 Etot   =   -125742.5550  EKtot   =      2951.2930  EPtot      =   -128693.8480
 BOND   =        59.4939  ANGLE   =       194.9559  DIHED      =       974.0974
 1-4 NB =       260.9063  1-4 EEL =     -3760.3193  VDWAALS    =     21614.9817
 EELEC  =   -148037.9640  EHBOND  =         0.0000  RESTRAINT  =         0.0000
 ------------------------------------------------------------------------------


 NSTEP =     2250   TIME(PS) =       4.500  TEMP(K) =    46.86  PRESS =     0.0
 Etot   =   -125728.3397  EKtot   =      2961.8469  EPtot      =   -128690.1867
 BOND   =        57.1897  ANGLE   =       190.4371  DIHED      =       981.8441
 1-4 NB =       261.0114  1-4 EEL =     -3752.5138  VDWAALS    =     21595.2149
 EELEC  =   -148023.3701  EHBOND  =         0.0000  RESTRAINT  =         0.0000
 ------------------------------------------------------------------------------


 NSTEP =     2300   TIME(PS) =       4.600  TEMP(K) =    47.18  PRESS =     0.0
 Etot   =   -125716.7780  EKtot   =      2982.2341  EPtot      =   -128699.0121
 BOND   =        55.1413  ANGLE   =       187.0768  DIHED      =       977.3647
 1-4 NB =       264.5447  1-4 EEL =     -3746.3483  VDWAALS    =     21571.2636
 EELEC  =   -148008.0549  EHBOND  =         0.0000  RESTRAINT  =         0.0000
 ------------------------------------------------------------------------------


 NSTEP =     2350   TIME(PS) =       4.700  TEMP(K) =    47.24  PRESS =     0.0
 Etot   =   -125706.0145  EKtot   =      2986.2627  EPtot      =   -128692.2772
 BOND   =        57.2378  ANGLE   =       194.6377  DIHED      =       973.6526
 1-4 NB =       260.8839  1-4 EEL =     -3759.1692  VDWAALS    =     21550.8124
 EELEC  =   -147970.3325  EHBOND  =         0.0000  RESTRAINT  =         0.0000
 ------------------------------------------------------------------------------


 NSTEP =     2400   TIME(PS) =       4.800  TEMP(K) =    47.62  PRESS =     0.0
 Etot   =   -125696.3481  EKtot   =      3009.9141  EPtot      =   -128706.2622
 BOND   =        55.7378  ANGLE   =       181.9470  DIHED      =       974.1353
 1-4 NB =       266.4029  1-4 EEL =     -3746.9722  VDWAALS    =     21712.7912
 EELEC  =   -148150.3040  EHBOND  =         0.0000  RESTRAINT  =         0.0000
 ------------------------------------------------------------------------------


 NSTEP =     2450   TIME(PS) =       4.900  TEMP(K) =    47.57  PRESS =     0.0
 Etot   =   -125685.8351  EKtot   =      3006.8330  EPtot      =   -128692.6682
 BOND   =        57.6059  ANGLE   =       191.4903  DIHED      =       970.7513
 1-4 NB =       258.8214  1-4 EEL =     -3760.3869  VDWAALS    =     21701.9170
 EELEC  =   -148112.8672  EHBOND  =         0.0000  RESTRAINT  =         0.0000
 ------------------------------------------------------------------------------


 NSTEP =     2500   TIME(PS) =       5.000  TEMP(K) =    48.03  PRESS =     0.0
 Etot   =   -125676.4160  EKtot   =      3035.9106  EPtot      =   -128712.3266
 BOND   =        56.8474  ANGLE   =       183.7977  DIHED      =       972.6169
 1-4 NB =       261.8131  1-4 EEL =     -3746.0439  VDWAALS    =     21579.7511
 EELEC  =   -148021.1090  EHBOND  =         0.0000  RESTRAINT  =         0.0000
 ------------------------------------------------------------------------------


      A V E R A G E S   O V E R      50 S T E P S


 NSTEP =     2500   TIME(PS) =       5.000  TEMP(K) =    34.01  PRESS =     0.0
 Etot   =   -126648.4870  EKtot   =      2149.5448  EPtot      =   -128798.0318
 BOND   =        53.2719  ANGLE   =       177.9560  DIHED      =       968.5088
 1-4 NB =       260.2906  1-4 EEL =     -3754.0053  VDWAALS    =     21506.2812
 EELEC  =   -148010.3350  EHBOND  =         0.0000  RESTRAINT  =         0.0000
 ------------------------------------------------------------------------------


      R M S  F L U C T U A T I O N S


 NSTEP =     2500   TIME(PS) =       5.000  TEMP(K) =    11.98  PRESS =     0.0
 Etot   =       939.1510  EKtot   =       757.2217  EPtot      =       195.8665
 BOND   =         2.5094  ANGLE   =         8.1818  DIHED      =         5.0662
 1-4 NB =         2.4553  1-4 EEL =         5.1058  VDWAALS    =       265.0108
 EELEC  =       344.3185  EHBOND  =         0.0000  RESTRAINT  =         0.0000
 ------------------------------------------------------------------------------

--------------------------------------------------------------------------------
   5.  TIMINGS
--------------------------------------------------------------------------------

|  NonSetup CPU Time in Major Routines:
|
|     Routine           Sec        %
|     ------------------------------
|     Nonbond           0.18    9.20
|     Bond              0.00    0.00
|     Angle             0.00    0.00
|     Dihedral          0.00    0.00
|     Shake             0.02    0.87
|     RunMD             1.80   89.67
|     Other             0.01    0.26
|     ------------------------------
|     Total             2.00

|  PME Nonbond Pairlist CPU Time:
|
|     Routine              Sec        %
|     ---------------------------------
|     Set Up Cit           0.00    0.00
|     Build List           0.00    0.00
|     ---------------------------------
|     Total                0.00    0.00

|  PME Direct Force CPU Time:
|
|     Routine              Sec        %
|     ---------------------------------
|     NonBonded Calc       0.00    0.00
|     Exclude Masked       0.00    0.00
|     Other                0.00    0.15
|     ---------------------------------
|     Total                0.00    0.15

|  PME Reciprocal Force CPU Time:
|
|     Routine              Sec        %
|     ---------------------------------
|     1D bspline           0.00    0.00
|     Grid Charges         0.00    0.00
|     Scalar Sum           0.00    0.00
|     Gradient Sum         0.00    0.00
|     FFT                  0.00    0.00
|     ---------------------------------
|     Total                0.00    0.00

|  Final Performance Info:
|     -----------------------------------------------------
|     Average timings for last    2500 steps:
|     Elapsed(s) =       4.01 Per Step(ms) =       1.60
|         ns/day =     107.71   seconds/ns =     802.14
|
|     Average timings for all steps:
|     Elapsed(s) =       4.01 Per Step(ms) =       1.60
|         ns/day =     107.71   seconds/ns =     802.14
|     -----------------------------------------------------

|  Setup CPU time:            0.64 seconds
|  NonSetup CPU time:         2.00 seconds
|  Total CPU time:            2.65 seconds     0.00 hours

|  Setup wall time:           1    seconds
|  NonSetup wall time:        4    seconds
|  Total wall time:           5    seconds     0.00 hours
