
          -------------------------------------------------------
          Amber 16 PMEMD                              2016
          -------------------------------------------------------

| PMEMD implementation of SANDER, Release 16

| Run on 01/29/2021 at 15:10:32

|   Executable path: pmemd.cuda
| Working directory: /home/kyq/T7RNADNA/7/nLG7
|          Hostname: gpu01

  [-O]verwriting output

File Assignments:
|   MDIN: min3.in                                                               
|  MDOUT: cmp_min3.out                                                          
| INPCRD: cmp_min2.rst                                                          
|   PARM: cmp.prmtop                                                            
| RESTRT: cmp_heat0.rst                                                         
|   REFC: cmp.inpcrd                                                            
|  MDVEL: mdvel                                                                 
|   MDEN: mden                                                                  
|  MDCRD: mdcrd                                                                 
| MDINFO: mdinfo                                                                
|  MDFRC: mdfrc                                                                 

 
 Here is the input file:
 
Initial minimisation of our structures                                         
 &cntrl                                                                        
  imin=1, maxcyc=10000, ncyc=5000,                                             
  cut=10, ntb=1,                                                               
/                                                                              


Note: ig = -1. Setting random seed to   872447 based on wallclock time in 
      microseconds.
 
|--------------------- INFORMATION ----------------------
| GPU (CUDA) Version of PMEMD in use: NVIDIA GPU IN USE.
|                    Version 16.0.0
| 
|                      02/25/2016
| 
| Implementation by:
|                    Ross C. Walker     (SDSC)
|                    Scott Le Grand     (nVIDIA)
| 
| Precision model in use:
|      [SPFP] - Single Precision Forces, 64-bit Fixed Point
|               Accumulation. (Default)
| 
|--------------------------------------------------------
 
|----------------- CITATION INFORMATION -----------------
|
|    When publishing work that utilized the CUDA version
|    of AMBER, please cite the following in addition to
|    the regular AMBER citations:
|
|  - Romelia Salomon-Ferrer; Andreas W. Goetz; Duncan
|    Poole; Scott Le Grand; Ross C. Walker "Routine
|    microsecond molecular dynamics simulations with
|    AMBER - Part II: Particle Mesh Ewald", J. Chem.
|    Theory Comput., 2013, 9 (9), pp3878-3888,
|    DOI: 10.1021/ct400314y.
|
|  - Andreas W. Goetz; Mark J. Williamson; Dong Xu;
|    Duncan Poole; Scott Le Grand; Ross C. Walker
|    "Routine microsecond molecular dynamics simulations
|    with AMBER - Part I: Generalized Born", J. Chem.
|    Theory Comput., 2012, 8 (5), pp1542-1555.
|
|  - Scott Le Grand; Andreas W. Goetz; Ross C. Walker
|    "SPFP: Speed without compromise - a mixed precision
|    model for GPU accelerated molecular dynamics
|    simulations.", Comp. Phys. Comm., 2013, 184
|    pp374-380, DOI: 10.1016/j.cpc.2012.09.022
|
|--------------------------------------------------------
 
|------------------- GPU DEVICE INFO --------------------
|
|            CUDA_VISIBLE_DEVICES: 0
|   CUDA Capable Devices Detected:      1
|           CUDA Device ID in use:      0
|                CUDA Device Name: Tesla P100-PCIE-16GB
|     CUDA Device Global Mem Size:  16276 MB
| CUDA Device Num Multiprocessors:     56
|           CUDA Device Core Freq:   1.33 GHz
|
|--------------------------------------------------------
 
 
| Conditional Compilation Defines Used:
| PUBFFT
| BINTRAJ
| CUDA
| EMIL
 
| Largest sphere to fit in unit cell has radius =    33.139

| New format PARM file being parsed.
| Version =    1.000 Date = 01/29/21 Time = 15:09:20

| Note: 1-4 EEL scale factors are being read from the topology file.

| Note: 1-4 VDW scale factors are being read from the topology file.
| Duplicated    0 dihedrals

| Duplicated    0 dihedrals

--------------------------------------------------------------------------------
   1.  RESOURCE   USE: 
--------------------------------------------------------------------------------

 getting box info from netcdf restart file
 NATOM  =   36508 NTYPES =      18 NBONH =   35769 MBONA  =     790
 NTHETH =     882 MTHETA =    1223 NPHIH =    1873 MPHIA  =    2451
 NHPARM =       0 NPARM  =       0 NNB   =   53274 NRES   =   11862
 NBONA  =     790 NTHETA =    1223 NPHIA =    2451 NUMBND =      73
 NUMANG =     152 NPTRA  =      87 NATYP =      37 NPHB   =       1
 IFBOX  =       2 NMXRS  =      34 IFCAP =       0 NEXTRA =       0
 NCOPY  =       0

| Coordinate Index Table dimensions:    13   13   13
| Direct force subcell size =     6.2440    6.2440    6.2440

     BOX TYPE: TRUNCATED OCTAHEDRON

--------------------------------------------------------------------------------
   2.  CONTROL  DATA  FOR  THE  RUN
--------------------------------------------------------------------------------

default_name                                                                    

General flags:
     imin    =       1, nmropt  =       0

Nature and format of input:
     ntx     =       1, irest   =       0, ntrx    =       1

Nature and format of output:
     ntxo    =       2, ntpr    =      50, ntrx    =       1, ntwr    =       1
     iwrap   =       0, ntwx    =       0, ntwv    =       0, ntwe    =       0
     ioutfm  =       1, ntwprt  =       0, idecomp =       0, rbornstat=      0

Potential function:
     ntf     =       1, ntb     =       1, igb     =       0, nsnb    =      25
     ipol    =       0, gbsa    =       0, iesp    =       0
     dielc   =   1.00000, cut     =  10.00000, intdiel =   1.00000

Frozen or restrained atoms:
     ibelly  =       0, ntr     =       0

Energy minimization:
     maxcyc  =   10000, ncyc    =    5000, ntmin   =       1
     dx0     =   0.01000, drms    =   0.00010

| Intermolecular bonds treatment:
|     no_intermolecular_bonds =       1

| Energy averages sample interval:
|     ene_avg_sampling =       1

Ewald parameters:
     verbose =       0, ew_type =       0, nbflag  =       1, use_pme =       1
     vdwmeth =       1, eedmeth =       1, netfrc  =       0
     Box X =   81.172   Box Y =   81.172   Box Z =   81.172
     Alpha =  109.471   Beta  =  109.471   Gamma =  109.471
     NFFT1 =   84       NFFT2 =   84       NFFT3 =   84
     Cutoff=   10.000   Tol   =0.100E-04
     Ewald Coefficient =  0.27511
     Interpolation order =    4

--------------------------------------------------------------------------------
   3.  ATOMIC COORDINATES AND VELOCITIES
--------------------------------------------------------------------------------

default_name                                                                    
 begin time read from input coords =     0.000 ps

 
 Number of triangulated 3-point waters found:    11796

     Sum of charges from parm topology file =   0.00000010
     Forcing neutrality...

| Dynamic Memory, Types Used:
| Reals              948301
| Integers           877670

| Nonbonded Pairs Initial Allocation:    11042757

| GPU memory information (estimate):
| KB of GPU memory in use:    169688
| KB of CPU memory in use:     58556

--------------------------------------------------------------------------------
   4.  RESULTS
--------------------------------------------------------------------------------

 ---------------------------------------------------
 APPROXIMATING switch and d/dx switch using CUBIC SPLINE INTERPOLATION
 using   5000.0 points per unit in tabled values
 TESTING RELATIVE ERROR over r ranging from 0.0 to cutoff
| CHECK switch(x): max rel err =   0.3316E-14   at   2.351880
| CHECK d/dx switch(x): max rel err =   0.8066E-11   at   2.747240
 ---------------------------------------------------
|---------------------------------------------------
| APPROXIMATING direct energy using CUBIC SPLINE INTERPOLATION
|  with   50.0 points per unit in tabled values
| Relative Error Limit not exceeded for r .gt.   2.34
| APPROXIMATING direct force using CUBIC SPLINE INTERPOLATION
|  with   50.0 points per unit in tabled values
| Relative Error Limit not exceeded for r .gt.   2.81
|---------------------------------------------------


   NSTEP       ENERGY          RMS            GMAX         NAME    NUMBER
      1      -1.6165E+05     8.2873E-02     4.4793E+00     C5        713

 BOND    =    12141.4109  ANGLE   =      231.2840  DIHED      =      823.8150
 VDWAALS =    31426.9734  EEL     =  -202050.8726  HBOND      =        0.0000
 1-4 VDW =      253.9286  1-4 EEL =    -4475.4125  RESTRAINT  =        0.0000


   NSTEP       ENERGY          RMS            GMAX         NAME    NUMBER
     50      -1.6165E+05     6.5887E-02     3.7501E+00     H2      12901

 BOND    =    12139.5050  ANGLE   =      231.1991  DIHED      =      823.4648
 VDWAALS =    31426.5538  EEL     =  -202051.0931  HBOND      =        0.0000
 1-4 VDW =      254.1125  1-4 EEL =    -4475.5864  RESTRAINT  =        0.0000


   NSTEP       ENERGY          RMS            GMAX         NAME    NUMBER
    100      -1.6165E+05     3.6751E-02     2.1223E+00     H1      12900

 BOND    =    12141.2027  ANGLE   =      231.0625  DIHED      =      823.3024
 VDWAALS =    31427.2515  EEL     =  -202054.4903  HBOND      =        0.0000
 1-4 VDW =      254.1706  1-4 EEL =    -4475.5116  RESTRAINT  =        0.0000


   NSTEP       ENERGY          RMS            GMAX         NAME    NUMBER
    150      -1.6165E+05     3.4529E-02     1.9961E+00     C4        748

 BOND    =    12140.6250  ANGLE   =      231.0589  DIHED      =      823.1949
 VDWAALS =    31428.0076  EEL     =  -202055.7300  HBOND      =        0.0000
 1-4 VDW =      254.2161  1-4 EEL =    -4475.5045  RESTRAINT  =        0.0000


   NSTEP       ENERGY          RMS            GMAX         NAME    NUMBER
    200      -1.6166E+05     2.1525E-02     9.9293E-01     C4         81

 BOND    =    12140.6868  ANGLE   =      231.1352  DIHED      =      823.1174
 VDWAALS =    31428.7502  EEL     =  -202057.6559  HBOND      =        0.0000
 1-4 VDW =      254.2684  1-4 EEL =    -4475.5567  RESTRAINT  =        0.0000


   NSTEP       ENERGY          RMS            GMAX         NAME    NUMBER
    250      -1.6166E+05     4.2357E-02     2.3320E+00     C4         81

 BOND    =    12140.8320  ANGLE   =      231.1760  DIHED      =      823.0544
 VDWAALS =    31429.4920  EEL     =  -202059.7373  HBOND      =        0.0000
 1-4 VDW =      254.3178  1-4 EEL =    -4475.5723  RESTRAINT  =        0.0000


   NSTEP       ENERGY          RMS            GMAX         NAME    NUMBER
    300      -1.6166E+05     2.2130E-02     1.9554E+00     C6        581

 BOND    =    12141.0168  ANGLE   =      231.1748  DIHED      =      823.0060
 VDWAALS =    31430.2218  EEL     =  -202061.8903  HBOND      =        0.0000
 1-4 VDW =      254.3070  1-4 EEL =    -4475.5195  RESTRAINT  =        0.0000


   NSTEP       ENERGY          RMS            GMAX         NAME    NUMBER
    350      -1.6166E+05     2.8953E-02     3.3227E+00     C6        581

 BOND    =    12141.1745  ANGLE   =      231.2201  DIHED      =      822.9638
 VDWAALS =    31430.9527  EEL     =  -202064.0148  HBOND      =        0.0000
 1-4 VDW =      254.3211  1-4 EEL =    -4475.5074  RESTRAINT  =        0.0000


   NSTEP       ENERGY          RMS            GMAX         NAME    NUMBER
    400      -1.6166E+05     6.3397E-02     8.9427E+00     C6        581

 BOND    =    12141.3404  ANGLE   =      231.3254  DIHED      =      822.9262
 VDWAALS =    31431.7365  EEL     =  -202066.2565  HBOND      =        0.0000
 1-4 VDW =      254.3164  1-4 EEL =    -4475.5012  RESTRAINT  =        0.0000


   NSTEP       ENERGY          RMS            GMAX         NAME    NUMBER
    450      -1.6166E+05     2.0200E-02     1.3289E+00     O       26786

 BOND    =    12141.6059  ANGLE   =      231.2091  DIHED      =      822.8904
 VDWAALS =    31432.5484  EEL     =  -202068.6378  HBOND      =        0.0000
 1-4 VDW =      254.3652  1-4 EEL =    -4475.4479  RESTRAINT  =        0.0000


   NSTEP       ENERGY          RMS            GMAX         NAME    NUMBER
    500      -1.6166E+05     5.5301E-02     7.7261E+00     C6        581

 BOND    =    12141.9271  ANGLE   =      231.1584  DIHED      =      822.8569
 VDWAALS =    31433.4570  EEL     =  -202071.2423  HBOND      =        0.0000
 1-4 VDW =      254.3993  1-4 EEL =    -4475.4015  RESTRAINT  =        0.0000


   NSTEP       ENERGY          RMS            GMAX         NAME    NUMBER
    550      -1.6166E+05     7.9552E-02     1.1411E+01     C6        581

 BOND    =    12142.2425  ANGLE   =      231.1420  DIHED      =      822.8271
 VDWAALS =    31434.3894  EEL     =  -202073.7984  HBOND      =        0.0000
 1-4 VDW =      254.4210  1-4 EEL =    -4475.3601  RESTRAINT  =        0.0000


   NSTEP       ENERGY          RMS            GMAX         NAME    NUMBER
    600      -1.6167E+05     4.4085E-02     1.5991E+00     H2       5545

 BOND    =    12142.3514  ANGLE   =      231.3054  DIHED      =      822.7987
 VDWAALS =    31435.4423  EEL     =  -202076.5715  HBOND      =        0.0000
 1-4 VDW =      254.3927  1-4 EEL =    -4475.3676  RESTRAINT  =        0.0000


   NSTEP       ENERGY          RMS            GMAX         NAME    NUMBER
    650      -1.6167E+05     1.8368E-02     1.1035E+00     H2      26194

 BOND    =    12142.5851  ANGLE   =      231.3069  DIHED      =      822.7709
 VDWAALS =    31436.5195  EEL     =  -202079.3862  HBOND      =        0.0000
 1-4 VDW =      254.3988  1-4 EEL =    -4475.3272  RESTRAINT  =        0.0000


   NSTEP       ENERGY          RMS            GMAX         NAME    NUMBER
    700      -1.6167E+05     1.8039E-02     1.1105E+00     H2      26194

 BOND    =    12142.8537  ANGLE   =      231.3263  DIHED      =      822.7439
 VDWAALS =    31437.6089  EEL     =  -202082.1071  HBOND      =        0.0000
 1-4 VDW =      254.4053  1-4 EEL =    -4475.2919  RESTRAINT  =        0.0000


   NSTEP       ENERGY          RMS            GMAX         NAME    NUMBER
    750      -1.6167E+05     5.0773E-02     5.0688E+00     C2        585

 BOND    =    12143.0454  ANGLE   =      231.3104  DIHED      =      822.7192
 VDWAALS =    31438.6683  EEL     =  -202084.5131  HBOND      =        0.0000
 1-4 VDW =      254.3797  1-4 EEL =    -4475.2638  RESTRAINT  =        0.0000


   NSTEP       ENERGY          RMS            GMAX         NAME    NUMBER
    800      -1.6167E+05     7.3372E-02     1.2174E+01     C2        585

 BOND    =    12143.5418  ANGLE   =      231.3189  DIHED      =      822.6957
 VDWAALS =    31439.6992  EEL     =  -202087.2055  HBOND      =        0.0000
 1-4 VDW =      254.3587  1-4 EEL =    -4475.2565  RESTRAINT  =        0.0000


   NSTEP       ENERGY          RMS            GMAX         NAME    NUMBER
    850      -1.6167E+05     3.0569E-02     4.4184E+00     C2        585

 BOND    =    12143.7349  ANGLE   =      231.3963  DIHED      =      822.6699
 VDWAALS =    31440.6011  EEL     =  -202089.8146  HBOND      =        0.0000
 1-4 VDW =      254.4429  1-4 EEL =    -4475.1611  RESTRAINT  =        0.0000


   NSTEP       ENERGY          RMS            GMAX         NAME    NUMBER
    900      -1.6167E+05     6.7043E-02     1.0291E+01     C2        585

 BOND    =    12144.0712  ANGLE   =      231.3773  DIHED      =      822.6484
 VDWAALS =    31441.3899  EEL     =  -202092.0363  HBOND      =        0.0000
 1-4 VDW =      254.4803  1-4 EEL =    -4475.0938  RESTRAINT  =        0.0000


   NSTEP       ENERGY          RMS            GMAX         NAME    NUMBER
    950      -1.6167E+05     3.2741E-02     4.5847E+00     C2        585

 BOND    =    12144.2571  ANGLE   =      231.3977  DIHED      =      822.6318
 VDWAALS =    31442.1655  EEL     =  -202094.0793  HBOND      =        0.0000
 1-4 VDW =      254.4198  1-4 EEL =    -4475.1240  RESTRAINT  =        0.0000


   NSTEP       ENERGY          RMS            GMAX         NAME    NUMBER
   1000      -1.6168E+05     1.5672E-02     1.0628E+00     H2      26194

 BOND    =    12144.4810  ANGLE   =      231.4256  DIHED      =      822.6121
 VDWAALS =    31442.8468  EEL     =  -202096.1469  HBOND      =        0.0000
 1-4 VDW =      254.4385  1-4 EEL =    -4475.0636  RESTRAINT  =        0.0000


   NSTEP       ENERGY          RMS            GMAX         NAME    NUMBER
   1050      -1.6168E+05     1.6222E-02     1.0703E+00     H2      26194

 BOND    =    12144.7306  ANGLE   =      231.4370  DIHED      =      822.5949
 VDWAALS =    31443.4993  EEL     =  -202098.2319  HBOND      =        0.0000
 1-4 VDW =      254.4427  1-4 EEL =    -4475.0233  RESTRAINT  =        0.0000


   NSTEP       ENERGY          RMS            GMAX         NAME    NUMBER
   1100      -1.6168E+05     4.9782E-02     5.1026E+00     C2        585

 BOND    =    12145.0430  ANGLE   =      231.4320  DIHED      =      822.5773
 VDWAALS =    31444.1282  EEL     =  -202100.3581  HBOND      =        0.0000
 1-4 VDW =      254.4382  1-4 EEL =    -4474.9668  RESTRAINT  =        0.0000


   NSTEP       ENERGY          RMS            GMAX         NAME    NUMBER
   1150      -1.6168E+05     1.6985E-02     1.1293E+00     H2      26194

 BOND    =    12145.1929  ANGLE   =      231.4648  DIHED      =      822.5659
 VDWAALS =    31444.6779  EEL     =  -202102.2117  HBOND      =        0.0000
 1-4 VDW =      254.4527  1-4 EEL =    -4474.9596  RESTRAINT  =        0.0000


   NSTEP       ENERGY          RMS            GMAX         NAME    NUMBER
   1200      -1.6168E+05     2.7790E-02     2.6591E+00     C2        585

 BOND    =    12145.3913  ANGLE   =      231.5113  DIHED      =      822.5537
 VDWAALS =    31445.2568  EEL     =  -202104.2724  HBOND      =        0.0000
 1-4 VDW =      254.4635  1-4 EEL =    -4474.9424  RESTRAINT  =        0.0000


   NSTEP       ENERGY          RMS            GMAX         NAME    NUMBER
   1250      -1.6168E+05     6.4527E-02     5.9809E+00     C6        680

 BOND    =    12145.5435  ANGLE   =      231.6927  DIHED      =      822.5416
 VDWAALS =    31445.7933  EEL     =  -202106.2243  HBOND      =        0.0000
 1-4 VDW =      254.4114  1-4 EEL =    -4474.9331  RESTRAINT  =        0.0000


   NSTEP       ENERGY          RMS            GMAX         NAME    NUMBER
   1300      -1.6168E+05     1.9189E-02     1.2630E+00     H2      26194

 BOND    =    12145.9231  ANGLE   =      231.4584  DIHED      =      822.5299
 VDWAALS =    31446.2237  EEL     =  -202108.0890  HBOND      =        0.0000
 1-4 VDW =      254.4679  1-4 EEL =    -4474.8448  RESTRAINT  =        0.0000


   NSTEP       ENERGY          RMS            GMAX         NAME    NUMBER
   1350      -1.6168E+05     5.3226E-02     4.7763E+00     C6        680

 BOND    =    12146.2819  ANGLE   =      231.3430  DIHED      =      822.5203
 VDWAALS =    31446.7015  EEL     =  -202109.9720  HBOND      =        0.0000
 1-4 VDW =      254.5050  1-4 EEL =    -4474.7830  RESTRAINT  =        0.0000


   NSTEP       ENERGY          RMS            GMAX         NAME    NUMBER
   1400      -1.6168E+05     2.7259E-02     1.8328E+00     C6        680

 BOND    =    12146.2534  ANGLE   =      231.5814  DIHED      =      822.5133
 VDWAALS =    31447.2925  EEL     =  -202111.8402  HBOND      =        0.0000
 1-4 VDW =      254.4479  1-4 EEL =    -4474.8097  RESTRAINT  =        0.0000


   NSTEP       ENERGY          RMS            GMAX         NAME    NUMBER
   1450      -1.6169E+05     4.5164E-02     2.4028E+00     H2       7822

 BOND    =    12146.5190  ANGLE   =      231.5284  DIHED      =      822.5052
 VDWAALS =    31447.9274  EEL     =  -202113.8111  HBOND      =        0.0000
 1-4 VDW =      254.4680  1-4 EEL =    -4474.7650  RESTRAINT  =        0.0000


   NSTEP       ENERGY          RMS            GMAX         NAME    NUMBER
   1500      -1.6169E+05     1.5589E-02     8.7176E-01     H2      26194

 BOND    =    12146.7765  ANGLE   =      231.5158  DIHED      =      822.4978
 VDWAALS =    31448.6600  EEL     =  -202115.9658  HBOND      =        0.0000
 1-4 VDW =      254.4702  1-4 EEL =    -4474.7239  RESTRAINT  =        0.0000


   NSTEP       ENERGY          RMS            GMAX         NAME    NUMBER
   1550      -1.6169E+05     3.5079E-02     2.7187E+00     C2        684

 BOND    =    12147.0259  ANGLE   =      231.4935  DIHED      =      822.4929
 VDWAALS =    31449.5093  EEL     =  -202118.0592  HBOND      =        0.0000
 1-4 VDW =      254.4395  1-4 EEL =    -4474.7109  RESTRAINT  =        0.0000


   NSTEP       ENERGY          RMS            GMAX         NAME    NUMBER
   1600      -1.6169E+05     1.5199E-02     4.8841E-01     O       20270

 BOND    =    12147.2312  ANGLE   =      231.5357  DIHED      =      822.4861
 VDWAALS =    31450.3837  EEL     =  -202120.2048  HBOND      =        0.0000
 1-4 VDW =      254.4821  1-4 EEL =    -4474.6515  RESTRAINT  =        0.0000


   NSTEP       ENERGY          RMS            GMAX         NAME    NUMBER
   1650      -1.6169E+05     1.4256E-02     4.5341E-01     H1      14682

 BOND    =    12147.4346  ANGLE   =      231.5438  DIHED      =      822.4816
 VDWAALS =    31451.2183  EEL     =  -202122.0840  HBOND      =        0.0000
 1-4 VDW =      254.4794  1-4 EEL =    -4474.6241  RESTRAINT  =        0.0000


   NSTEP       ENERGY          RMS            GMAX         NAME    NUMBER
   1700      -1.6169E+05     1.4475E-02     6.3051E-01     C4        624

 BOND    =    12147.6462  ANGLE   =      231.5297  DIHED      =      822.4777
 VDWAALS =    31452.0403  EEL     =  -202123.8633  HBOND      =        0.0000
 1-4 VDW =      254.4828  1-4 EEL =    -4474.5942  RESTRAINT  =        0.0000


   NSTEP       ENERGY          RMS            GMAX         NAME    NUMBER
   1750      -1.6169E+05     2.8141E-02     2.6419E+00     C6        615

 BOND    =    12147.8420  ANGLE   =      231.5076  DIHED      =      822.4744
 VDWAALS =    31452.8229  EEL     =  -202125.5316  HBOND      =        0.0000
 1-4 VDW =      254.4958  1-4 EEL =    -4474.5588  RESTRAINT  =        0.0000


   NSTEP       ENERGY          RMS            GMAX         NAME    NUMBER
   1800      -1.6169E+05     1.3370E-02     5.9809E-01     H1      14682

 BOND    =    12147.9873  ANGLE   =      231.5458  DIHED      =      822.4736
 VDWAALS =    31453.5945  EEL     =  -202127.1488  HBOND      =        0.0000
 1-4 VDW =      254.4871  1-4 EEL =    -4474.5371  RESTRAINT  =        0.0000


   NSTEP       ENERGY          RMS            GMAX         NAME    NUMBER
   1850      -1.6169E+05     1.8465E-02     1.1017E+00     H2      36508

 BOND    =    12148.1484  ANGLE   =      231.5512  DIHED      =      822.4707
 VDWAALS =    31454.4027  EEL     =  -202128.8266  HBOND      =        0.0000
 1-4 VDW =      254.4882  1-4 EEL =    -4474.5085  RESTRAINT  =        0.0000


   NSTEP       ENERGY          RMS            GMAX         NAME    NUMBER
   1900      -1.6169E+05     3.4830E-02     2.3694E+00     H2      36508

 BOND    =    12148.2417  ANGLE   =      231.5514  DIHED      =      822.4693
 VDWAALS =    31455.1988  EEL     =  -202130.3882  HBOND      =        0.0000
 1-4 VDW =      254.4878  1-4 EEL =    -4474.4819  RESTRAINT  =        0.0000


   NSTEP       ENERGY          RMS            GMAX         NAME    NUMBER
   1950      -1.6169E+05     1.2770E-02     7.5932E-01     H1      14682

 BOND    =    12148.5098  ANGLE   =      231.5611  DIHED      =      822.4676
 VDWAALS =    31455.9445  EEL     =  -202132.0972  HBOND      =        0.0000
 1-4 VDW =      254.4928  1-4 EEL =    -4474.4512  RESTRAINT  =        0.0000


   NSTEP       ENERGY          RMS            GMAX         NAME    NUMBER
   2000      -1.6169E+05     2.2420E-02     8.0136E-01     H1      14682

 BOND    =    12148.8675  ANGLE   =      231.5751  DIHED      =      822.4657
 VDWAALS =    31456.7259  EEL     =  -202133.9504  HBOND      =        0.0000
 1-4 VDW =      254.5003  1-4 EEL =    -4474.4150  RESTRAINT  =        0.0000


   NSTEP       ENERGY          RMS            GMAX         NAME    NUMBER
   2050      -1.6169E+05     1.3059E-02     8.4161E-01     H1      14682

 BOND    =    12148.9090  ANGLE   =      231.5736  DIHED      =      822.4660
 VDWAALS =    31457.4771  EEL     =  -202135.4544  HBOND      =        0.0000
 1-4 VDW =      254.5000  1-4 EEL =    -4474.3878  RESTRAINT  =        0.0000


   NSTEP       ENERGY          RMS            GMAX         NAME    NUMBER
   2100      -1.6170E+05     1.8066E-02     1.6960E+00     P         253

 BOND    =    12149.0540  ANGLE   =      231.5873  DIHED      =      822.4644
 VDWAALS =    31458.2330  EEL     =  -202137.1517  HBOND      =        0.0000
 1-4 VDW =      254.5090  1-4 EEL =    -4474.3465  RESTRAINT  =        0.0000


   NSTEP       ENERGY          RMS            GMAX         NAME    NUMBER
   2150      -1.6170E+05     3.3855E-02     3.3673E+00     P         253

 BOND    =    12149.2194  ANGLE   =      231.6110  DIHED      =      822.4623
 VDWAALS =    31458.9390  EEL     =  -202138.7851  HBOND      =        0.0000
 1-4 VDW =      254.5278  1-4 EEL =    -4474.2933  RESTRAINT  =        0.0000


   NSTEP       ENERGY          RMS            GMAX         NAME    NUMBER
   2200      -1.6170E+05     1.2760E-02     8.5449E-01     H1      14682

 BOND    =    12149.3834  ANGLE   =      231.5745  DIHED      =      822.4689
 VDWAALS =    31459.6291  EEL     =  -202140.2539  HBOND      =        0.0000
 1-4 VDW =      254.5025  1-4 EEL =    -4474.3023  RESTRAINT  =        0.0000


   NSTEP       ENERGY          RMS            GMAX         NAME    NUMBER
   2250      -1.6170E+05     1.8967E-02     1.1654E+00     C2        619

 BOND    =    12149.5454  ANGLE   =      231.5832  DIHED      =      822.4708
 VDWAALS =    31460.2803  EEL     =  -202141.7483  HBOND      =        0.0000
 1-4 VDW =      254.4921  1-4 EEL =    -4474.2853  RESTRAINT  =        0.0000


   NSTEP       ENERGY          RMS            GMAX         NAME    NUMBER
   2300      -1.6170E+05     4.0229E-02     3.0599E+00     C2        619

 BOND    =    12149.7014  ANGLE   =      231.6078  DIHED      =      822.4729
 VDWAALS =    31460.9070  EEL     =  -202143.1381  HBOND      =        0.0000
 1-4 VDW =      254.4668  1-4 EEL =    -4474.2826  RESTRAINT  =        0.0000


   NSTEP       ENERGY          RMS            GMAX         NAME    NUMBER
   2350      -1.6170E+05     1.7981E-02     1.2715E+00     C2        619

 BOND    =    12149.8408  ANGLE   =      231.5995  DIHED      =      822.4742
 VDWAALS =    31461.5010  EEL     =  -202144.7018  HBOND      =        0.0000
 1-4 VDW =      254.5233  1-4 EEL =    -4474.1996  RESTRAINT  =        0.0000


   NSTEP       ENERGY          RMS            GMAX         NAME    NUMBER
   2400      -1.6170E+05     1.2059E-02     6.5445E-01     H1      14682

 BOND    =    12149.9966  ANGLE   =      231.5828  DIHED      =      822.4767
 VDWAALS =    31462.0725  EEL     =  -202146.0646  HBOND      =        0.0000
 1-4 VDW =      254.5156  1-4 EEL =    -4474.1818  RESTRAINT  =        0.0000


   NSTEP       ENERGY          RMS            GMAX         NAME    NUMBER
   2450      -1.6170E+05     1.7530E-02     6.0418E-01     H2      27028

 BOND    =    12150.1828  ANGLE   =      231.5884  DIHED      =      822.4792
 VDWAALS =    31462.6022  EEL     =  -202147.4253  HBOND      =        0.0000
 1-4 VDW =      254.5160  1-4 EEL =    -4474.1575  RESTRAINT  =        0.0000


   NSTEP       ENERGY          RMS            GMAX         NAME    NUMBER
   2500      -1.6170E+05     2.0804E-02     9.5066E-01     H2      13294

 BOND    =    12150.3206  ANGLE   =      231.5873  DIHED      =      822.4828
 VDWAALS =    31463.1659  EEL     =  -202148.8049  HBOND      =        0.0000
 1-4 VDW =      254.5196  1-4 EEL =    -4474.1307  RESTRAINT  =        0.0000


   NSTEP       ENERGY          RMS            GMAX         NAME    NUMBER
   2550      -1.6170E+05     4.3444E-02     2.2614E+00     H2      13294

 BOND    =    12150.6400  ANGLE   =      231.5892  DIHED      =      822.4873
 VDWAALS =    31463.7109  EEL     =  -202150.2858  HBOND      =        0.0000
 1-4 VDW =      254.5229  1-4 EEL =    -4474.1062  RESTRAINT  =        0.0000


   NSTEP       ENERGY          RMS            GMAX         NAME    NUMBER
   2600      -1.6170E+05     1.6214E-02     6.9644E-01     H2      27028

 BOND    =    12150.6387  ANGLE   =      231.5886  DIHED      =      822.4904
 VDWAALS =    31464.2720  EEL     =  -202151.5109  HBOND      =        0.0000
 1-4 VDW =      254.5242  1-4 EEL =    -4474.0764  RESTRAINT  =        0.0000


   NSTEP       ENERGY          RMS            GMAX         NAME    NUMBER
   2650      -1.6170E+05     3.8790E-02     2.8082E+00     P         957

 BOND    =    12150.9715  ANGLE   =      231.5929  DIHED      =      822.5031
 VDWAALS =    31464.8117  EEL     =  -202152.9928  HBOND      =        0.0000
 1-4 VDW =      254.5321  1-4 EEL =    -4474.0694  RESTRAINT  =        0.0000


   NSTEP       ENERGY          RMS            GMAX         NAME    NUMBER
   2700      -1.6170E+05     5.6202E-02     5.4052E+00     P         957

 BOND    =    12150.6694  ANGLE   =      231.6024  DIHED      =      822.4800
 VDWAALS =    31465.4301  EEL     =  -202153.9437  HBOND      =        0.0000
 1-4 VDW =      254.5150  1-4 EEL =    -4473.9860  RESTRAINT  =        0.0000


   NSTEP       ENERGY          RMS            GMAX         NAME    NUMBER
   2750      -1.6170E+05     3.2003E-02     2.7295E+00     P          94

 BOND    =    12150.9475  ANGLE   =      231.5915  DIHED      =      822.5139
 VDWAALS =    31465.9762  EEL     =  -202155.4728  HBOND      =        0.0000
 1-4 VDW =      254.5335  1-4 EEL =    -4474.0191  RESTRAINT  =        0.0000


   NSTEP       ENERGY          RMS            GMAX         NAME    NUMBER
   2800      -1.6170E+05     1.2002E-02     8.3016E-01     H2      27028

 BOND    =    12151.0936  ANGLE   =      231.5911  DIHED      =      822.5066
 VDWAALS =    31466.5973  EEL     =  -202156.9373  HBOND      =        0.0000
 1-4 VDW =      254.5305  1-4 EEL =    -4473.9641  RESTRAINT  =        0.0000


   NSTEP       ENERGY          RMS            GMAX         NAME    NUMBER
   2850      -1.6171E+05     2.7745E-02     2.5551E+00     P         890

 BOND    =    12151.2716  ANGLE   =      231.5741  DIHED      =      822.5071
 VDWAALS =    31467.2137  EEL     =  -202158.3854  HBOND      =        0.0000
 1-4 VDW =      254.5284  1-4 EEL =    -4473.9144  RESTRAINT  =        0.0000


   NSTEP       ENERGY          RMS            GMAX         NAME    NUMBER
   2900      -1.6171E+05     3.7722E-02     3.7624E+00     P         890

 BOND    =    12151.4249  ANGLE   =      231.5634  DIHED      =      822.5118
 VDWAALS =    31467.8064  EEL     =  -202159.7677  HBOND      =        0.0000
 1-4 VDW =      254.5270  1-4 EEL =    -4473.8771  RESTRAINT  =        0.0000


   NSTEP       ENERGY          RMS            GMAX         NAME    NUMBER
   2950      -1.6171E+05     1.8659E-02     1.5872E+00     C6        680

 BOND    =    12151.4656  ANGLE   =      231.6001  DIHED      =      822.5245
 VDWAALS =    31468.3800  EEL     =  -202161.0168  HBOND      =        0.0000
 1-4 VDW =      254.5335  1-4 EEL =    -4473.8883  RESTRAINT  =        0.0000


   NSTEP       ENERGY          RMS            GMAX         NAME    NUMBER
   3000      -1.6171E+05     3.8215E-02     4.0212E+00     C6        680

 BOND    =    12151.6195  ANGLE   =      231.5941  DIHED      =      822.5300
 VDWAALS =    31468.9536  EEL     =  -202162.2991  HBOND      =        0.0000
 1-4 VDW =      254.5407  1-4 EEL =    -4473.8588  RESTRAINT  =        0.0000


   NSTEP       ENERGY          RMS            GMAX         NAME    NUMBER
   3050      -1.6171E+05     1.1879E-02     7.3071E-01     H2      27028

 BOND    =    12151.6891  ANGLE   =      231.5919  DIHED      =      822.5369
 VDWAALS =    31469.5440  EEL     =  -202163.5892  HBOND      =        0.0000
 1-4 VDW =      254.5372  1-4 EEL =    -4473.8363  RESTRAINT  =        0.0000


   NSTEP       ENERGY          RMS            GMAX         NAME    NUMBER
   3100      -1.6171E+05     1.6724E-02     1.1811E+00     P         890

 BOND    =    12151.8452  ANGLE   =      231.5748  DIHED      =      822.5450
 VDWAALS =    31470.2685  EEL     =  -202165.1537  HBOND      =        0.0000
 1-4 VDW =      254.5337  1-4 EEL =    -4473.8006  RESTRAINT  =        0.0000


   NSTEP       ENERGY          RMS            GMAX         NAME    NUMBER
   3150      -1.6171E+05     1.3867E-02     6.6519E-01     C6        680

 BOND    =    12151.9482  ANGLE   =      231.5852  DIHED      =      822.5514
 VDWAALS =    31470.9507  EEL     =  -202166.5641  HBOND      =        0.0000
 1-4 VDW =      254.5392  1-4 EEL =    -4473.7826  RESTRAINT  =        0.0000


   NSTEP       ENERGY          RMS            GMAX         NAME    NUMBER
   3200      -1.6171E+05     3.0284E-02     3.1762E+00     C6        680

 BOND    =    12152.0750  ANGLE   =      231.5830  DIHED      =      822.5575
 VDWAALS =    31471.6259  EEL     =  -202167.9253  HBOND      =        0.0000
 1-4 VDW =      254.5442  1-4 EEL =    -4473.7585  RESTRAINT  =        0.0000


   NSTEP       ENERGY          RMS            GMAX         NAME    NUMBER
   3250      -1.6171E+05     4.2738E-02     4.6285E+00     C6        680

 BOND    =    12152.1969  ANGLE   =      231.5821  DIHED      =      822.5642
 VDWAALS =    31472.3058  EEL     =  -202169.2687  HBOND      =        0.0000
 1-4 VDW =      254.5464  1-4 EEL =    -4473.7342  RESTRAINT  =        0.0000


   NSTEP       ENERGY          RMS            GMAX         NAME    NUMBER
   3300      -1.6171E+05     1.4813E-02     9.7723E-01     C6        680

 BOND    =    12152.2877  ANGLE   =      231.5899  DIHED      =      822.5713
 VDWAALS =    31473.0448  EEL     =  -202170.7103  HBOND      =        0.0000
 1-4 VDW =      254.5428  1-4 EEL =    -4473.7136  RESTRAINT  =        0.0000


   NSTEP       ENERGY          RMS            GMAX         NAME    NUMBER
   3350      -1.6171E+05     3.2933E-02     2.0658E+00     H2      27985

 BOND    =    12152.4834  ANGLE   =      231.5835  DIHED      =      822.5789
 VDWAALS =    31473.7692  EEL     =  -202172.1801  HBOND      =        0.0000
 1-4 VDW =      254.5428  1-4 EEL =    -4473.6861  RESTRAINT  =        0.0000


   NSTEP       ENERGY          RMS            GMAX         NAME    NUMBER
   3400      -1.6171E+05     1.4839E-02     6.2117E-01     H2      27985

 BOND    =    12152.5410  ANGLE   =      231.5911  DIHED      =      822.5868
 VDWAALS =    31474.5415  EEL     =  -202173.6278  HBOND      =        0.0000
 1-4 VDW =      254.5435  1-4 EEL =    -4473.6640  RESTRAINT  =        0.0000


   NSTEP       ENERGY          RMS            GMAX         NAME    NUMBER
   3450      -1.6171E+05     1.9144E-02     9.4016E-01     H2      27985

 BOND    =    12152.5279  ANGLE   =      231.5920  DIHED      =      822.5955
 VDWAALS =    31475.3423  EEL     =  -202175.0653  HBOND      =        0.0000
 1-4 VDW =      254.5442  1-4 EEL =    -4473.6366  RESTRAINT  =        0.0000


   NSTEP       ENERGY          RMS            GMAX         NAME    NUMBER
   3500      -1.6171E+05     1.2144E-02     5.7657E-01     H2      33319

 BOND    =    12152.7261  ANGLE   =      231.5900  DIHED      =      822.6047
 VDWAALS =    31476.1590  EEL     =  -202176.7475  HBOND      =        0.0000
 1-4 VDW =      254.5448  1-4 EEL =    -4473.6081  RESTRAINT  =        0.0000


   NSTEP       ENERGY          RMS            GMAX         NAME    NUMBER
   3550      -1.6171E+05     6.1717E-02     3.4935E+00     C8        577

 BOND    =    12153.8206  ANGLE   =      231.6127  DIHED      =      822.6141
 VDWAALS =    31476.9477  EEL     =  -202179.3219  HBOND      =        0.0000
 1-4 VDW =      254.5624  1-4 EEL =    -4473.5838  RESTRAINT  =        0.0000


   NSTEP       ENERGY          RMS            GMAX         NAME    NUMBER
   3600      -1.6171E+05     1.5234E-02     6.2891E-01     H1      12225

 BOND    =    12152.9936  ANGLE   =      231.5878  DIHED      =      822.6238
 VDWAALS =    31477.7061  EEL     =  -202179.8818  HBOND      =        0.0000
 1-4 VDW =      254.5468  1-4 EEL =    -4473.5536  RESTRAINT  =        0.0000


   NSTEP       ENERGY          RMS            GMAX         NAME    NUMBER
   3650      -1.6171E+05     1.2854E-02     5.4984E-01     H2      35374

 BOND    =    12153.1596  ANGLE   =      231.5862  DIHED      =      822.6338
 VDWAALS =    31478.4477  EEL     =  -202181.4752  HBOND      =        0.0000
 1-4 VDW =      254.5457  1-4 EEL =    -4473.5240  RESTRAINT  =        0.0000


   NSTEP       ENERGY          RMS            GMAX         NAME    NUMBER
   3700      -1.6172E+05     2.6973E-02     1.2659E+00     H1      12225

 BOND    =    12153.1560  ANGLE   =      231.5928  DIHED      =      822.6424
 VDWAALS =    31479.1328  EEL     =  -202182.7741  HBOND      =        0.0000
 1-4 VDW =      254.5514  1-4 EEL =    -4473.5088  RESTRAINT  =        0.0000


   NSTEP       ENERGY          RMS            GMAX         NAME    NUMBER
   3750      -1.6172E+05     3.9943E-02     4.0441E+00     C4         81

 BOND    =    12153.3316  ANGLE   =      231.6431  DIHED      =      822.6507
 VDWAALS =    31479.8570  EEL     =  -202184.3700  HBOND      =        0.0000
 1-4 VDW =      254.5710  1-4 EEL =    -4473.5169  RESTRAINT  =        0.0000


   NSTEP       ENERGY          RMS            GMAX         NAME    NUMBER
   3800      -1.6172E+05     2.0071E-02     1.8206E+00     C4         81

 BOND    =    12153.5070  ANGLE   =      231.6038  DIHED      =      822.6644
 VDWAALS =    31480.5081  EEL     =  -202185.8769  HBOND      =        0.0000
 1-4 VDW =      254.5600  1-4 EEL =    -4473.4617  RESTRAINT  =        0.0000


   NSTEP       ENERGY          RMS            GMAX         NAME    NUMBER
   3850      -1.6172E+05     3.7542E-02     3.6674E+00     C4         81

 BOND    =    12153.6673  ANGLE   =      231.5824  DIHED      =      822.6752
 VDWAALS =    31481.1482  EEL     =  -202187.4160  HBOND      =        0.0000
 1-4 VDW =      254.5814  1-4 EEL =    -4473.4436  RESTRAINT  =        0.0000


   NSTEP       ENERGY          RMS            GMAX         NAME    NUMBER
   3900      -1.6172E+05     1.5040E-02     1.0904E+00     C4         81

 BOND    =    12153.8318  ANGLE   =      231.5645  DIHED      =      822.6899
 VDWAALS =    31481.7643  EEL     =  -202188.8911  HBOND      =        0.0000
 1-4 VDW =      254.5432  1-4 EEL =    -4473.3725  RESTRAINT  =        0.0000


   NSTEP       ENERGY          RMS            GMAX         NAME    NUMBER
   3950      -1.6172E+05     2.6050E-02     1.7433E+00     C4         81

 BOND    =    12154.0528  ANGLE   =      231.4851  DIHED      =      822.7011
 VDWAALS =    31482.3288  EEL     =  -202190.3031  HBOND      =        0.0000
 1-4 VDW =      254.5554  1-4 EEL =    -4473.3267  RESTRAINT  =        0.0000


   NSTEP       ENERGY          RMS            GMAX         NAME    NUMBER
   4000      -1.6172E+05     1.4878E-02     7.2479E-01     H2      35374

 BOND    =    12154.0471  ANGLE   =      231.6177  DIHED      =      822.7103
 VDWAALS =    31482.8392  EEL     =  -202191.4816  HBOND      =        0.0000
 1-4 VDW =      254.5409  1-4 EEL =    -4473.3396  RESTRAINT  =        0.0000


   NSTEP       ENERGY          RMS            GMAX         NAME    NUMBER
   4050      -1.6172E+05     3.0367E-02     2.2651E+00     C6        680

 BOND    =    12154.1192  ANGLE   =      231.6979  DIHED      =      822.7207
 VDWAALS =    31483.3348  EEL     =  -202192.7022  HBOND      =        0.0000
 1-4 VDW =      254.5226  1-4 EEL =    -4473.3272  RESTRAINT  =        0.0000


   NSTEP       ENERGY          RMS            GMAX         NAME    NUMBER
   4100      -1.6172E+05     1.3456E-02     8.0572E-01     H2       3916

 BOND    =    12154.3291  ANGLE   =      231.5978  DIHED      =      822.7316
 VDWAALS =    31483.7736  EEL     =  -202193.9263  HBOND      =        0.0000
 1-4 VDW =      254.5427  1-4 EEL =    -4473.2857  RESTRAINT  =        0.0000


   NSTEP       ENERGY          RMS            GMAX         NAME    NUMBER
   4150      -1.6172E+05     1.3582E-02     9.1701E-01     H2       3916

 BOND    =    12154.4800  ANGLE   =      231.5794  DIHED      =      822.7426
 VDWAALS =    31484.1958  EEL     =  -202195.1403  HBOND      =        0.0000
 1-4 VDW =      254.5459  1-4 EEL =    -4473.2589  RESTRAINT  =        0.0000


   NSTEP       ENERGY          RMS            GMAX         NAME    NUMBER
   4200      -1.6172E+05     2.6024E-02     1.1212E+00     H2       1537

 BOND    =    12154.6265  ANGLE   =      231.5808  DIHED      =      822.7543
 VDWAALS =    31484.6267  EEL     =  -202196.4631  HBOND      =        0.0000
 1-4 VDW =      254.5456  1-4 EEL =    -4473.2330  RESTRAINT  =        0.0000


   NSTEP       ENERGY          RMS            GMAX         NAME    NUMBER
   4250      -1.6172E+05     4.9441E-02     2.4513E+00     H2       1537

 BOND    =    12154.8055  ANGLE   =      231.5807  DIHED      =      822.7658
 VDWAALS =    31485.0342  EEL     =  -202197.7659  HBOND      =        0.0000
 1-4 VDW =      254.5449  1-4 EEL =    -4473.2077  RESTRAINT  =        0.0000


   NSTEP       ENERGY          RMS            GMAX         NAME    NUMBER
   4300      -1.6172E+05     2.7203E-02     1.3717E+00     H2       3916

 BOND    =    12154.9256  ANGLE   =      231.5761  DIHED      =      822.7782
 VDWAALS =    31485.4262  EEL     =  -202199.1200  HBOND      =        0.0000
 1-4 VDW =      254.5437  1-4 EEL =    -4473.1805  RESTRAINT  =        0.0000


   NSTEP       ENERGY          RMS            GMAX         NAME    NUMBER
   4350      -1.6172E+05     4.2106E-02     2.0392E+00     H2       1537

 BOND    =    12155.0763  ANGLE   =      231.5778  DIHED      =      822.7901
 VDWAALS =    31485.8112  EEL     =  -202200.4425  HBOND      =        0.0000
 1-4 VDW =      254.5440  1-4 EEL =    -4473.1552  RESTRAINT  =        0.0000


   NSTEP       ENERGY          RMS            GMAX         NAME    NUMBER
   4400      -1.6172E+05     5.9883E-02     2.9219E+00     H2       1537

 BOND    =    12155.2494  ANGLE   =      231.5860  DIHED      =      822.8021
 VDWAALS =    31486.2111  EEL     =  -202201.8562  HBOND      =        0.0000
 1-4 VDW =      254.5474  1-4 EEL =    -4473.1303  RESTRAINT  =        0.0000


   NSTEP       ENERGY          RMS            GMAX         NAME    NUMBER
   4450      -1.6173E+05     3.5006E-02     1.9081E+00     C8        676

 BOND    =    12155.4277  ANGLE   =      231.5528  DIHED      =      822.8154
 VDWAALS =    31486.6596  EEL     =  -202203.3863  HBOND      =        0.0000
 1-4 VDW =      254.5264  1-4 EEL =    -4473.1052  RESTRAINT  =        0.0000


   NSTEP       ENERGY          RMS            GMAX         NAME    NUMBER
   4500      -1.6173E+05     4.6599E-02     3.2626E+00     P         253

 BOND    =    12155.5353  ANGLE   =      231.5506  DIHED      =      822.8278
 VDWAALS =    31487.1623  EEL     =  -202204.8808  HBOND      =        0.0000
 1-4 VDW =      254.5190  1-4 EEL =    -4473.0927  RESTRAINT  =        0.0000


   NSTEP       ENERGY          RMS            GMAX         NAME    NUMBER
   4550      -1.6173E+05     1.7518E-02     1.1987E+00     H2       3916

 BOND    =    12155.7354  ANGLE   =      231.5703  DIHED      =      822.8397
 VDWAALS =    31487.6858  EEL     =  -202206.4462  HBOND      =        0.0000
 1-4 VDW =      254.5341  1-4 EEL =    -4473.0602  RESTRAINT  =        0.0000


   NSTEP       ENERGY          RMS            GMAX         NAME    NUMBER
   4600      -1.6173E+05     4.0422E-02     2.8342E+00     C4         81

 BOND    =    12155.8564  ANGLE   =      231.6081  DIHED      =      822.8514
 VDWAALS =    31488.2364  EEL     =  -202207.8819  HBOND      =        0.0000
 1-4 VDW =      254.5414  1-4 EEL =    -4473.0650  RESTRAINT  =        0.0000


   NSTEP       ENERGY          RMS            GMAX         NAME    NUMBER
   4650      -1.6173E+05     2.6749E-02     2.4522E+00     C6        581

 BOND    =    12156.0711  ANGLE   =      231.5849  DIHED      =      822.8650
 VDWAALS =    31488.8209  EEL     =  -202209.4824  HBOND      =        0.0000
 1-4 VDW =      254.5297  1-4 EEL =    -4473.0069  RESTRAINT  =        0.0000


   NSTEP       ENERGY          RMS            GMAX         NAME    NUMBER
   4700      -1.6173E+05     1.2417E-02     5.6571E-01     H1      19236

 BOND    =    12156.2046  ANGLE   =      231.5686  DIHED      =      822.8760
 VDWAALS =    31489.2956  EEL     =  -202210.7209  HBOND      =        0.0000
 1-4 VDW =      254.5280  1-4 EEL =    -4472.9805  RESTRAINT  =        0.0000


   NSTEP       ENERGY          RMS            GMAX         NAME    NUMBER
   4750      -1.6173E+05     1.4490E-02     6.3367E-01     P          64

 BOND    =    12156.3430  ANGLE   =      231.5714  DIHED      =      822.8880
 VDWAALS =    31489.8111  EEL     =  -202212.0857  HBOND      =        0.0000
 1-4 VDW =      254.5261  1-4 EEL =    -4472.9545  RESTRAINT  =        0.0000


   NSTEP       ENERGY          RMS            GMAX         NAME    NUMBER
   4800      -1.6173E+05     2.1435E-02     1.5902E+00     P          64

 BOND    =    12156.5117  ANGLE   =      231.5706  DIHED      =      822.9002
 VDWAALS =    31490.3330  EEL     =  -202213.5275  HBOND      =        0.0000
 1-4 VDW =      254.5237  1-4 EEL =    -4472.9262  RESTRAINT  =        0.0000


   NSTEP       ENERGY          RMS            GMAX         NAME    NUMBER
   4850      -1.6173E+05     4.6653E-02     3.0047E+00     P          64

 BOND    =    12156.7279  ANGLE   =      231.5226  DIHED      =      822.9114
 VDWAALS =    31490.8180  EEL     =  -202214.8470  HBOND      =        0.0000
 1-4 VDW =      254.5344  1-4 EEL =    -4472.8782  RESTRAINT  =        0.0000


   NSTEP       ENERGY          RMS            GMAX         NAME    NUMBER
   4900      -1.6173E+05     2.4049E-02     1.7697E+00     P          64

 BOND    =    12156.7314  ANGLE   =      231.5813  DIHED      =      822.9236
 VDWAALS =    31491.2634  EEL     =  -202215.9849  HBOND      =        0.0000
 1-4 VDW =      254.5181  1-4 EEL =    -4472.9060  RESTRAINT  =        0.0000


   NSTEP       ENERGY          RMS            GMAX         NAME    NUMBER
   4950      -1.6173E+05     3.9661E-02     3.4148E+00     C6        296

 BOND    =    12156.9230  ANGLE   =      231.5557  DIHED      =      822.9332
 VDWAALS =    31491.7055  EEL     =  -202217.2505  HBOND      =        0.0000
 1-4 VDW =      254.5144  1-4 EEL =    -4472.8476  RESTRAINT  =        0.0000


   NSTEP       ENERGY          RMS            GMAX         NAME    NUMBER
   5000      -1.6173E+05     1.2537E-02     8.6570E-01     H1      19236

 BOND    =    12156.9969  ANGLE   =      231.5685  DIHED      =      822.9440
 VDWAALS =    31492.1027  EEL     =  -202218.3576  HBOND      =        0.0000
 1-4 VDW =      254.5104  1-4 EEL =    -4472.8479  RESTRAINT  =        0.0000


   NSTEP       ENERGY          RMS            GMAX         NAME    NUMBER
   5050      -1.6174E+05     3.0200E-02     3.0898E+00     H1      19236

 BOND    =    12158.9551  ANGLE   =      231.5861  DIHED      =      823.1781
 VDWAALS =    31500.6347  EEL     =  -202239.7489  HBOND      =        0.0000
 1-4 VDW =      254.4295  1-4 EEL =    -4472.3377  RESTRAINT  =        0.0000


   NSTEP       ENERGY          RMS            GMAX         NAME    NUMBER
   5100      -1.6175E+05     3.4425E-02     2.1153E+00     O       10394

 BOND    =    12159.2659  ANGLE   =      231.5797  DIHED      =      823.2820
 VDWAALS =    31501.5374  EEL     =  -202244.5796  HBOND      =        0.0000
 1-4 VDW =      254.3943  1-4 EEL =    -4472.2389  RESTRAINT  =        0.0000


   NSTEP       ENERGY          RMS            GMAX         NAME    NUMBER
   5150      -1.6175E+05     3.0820E-02     2.1485E+00     H1      10395

 BOND    =    12159.7099  ANGLE   =      231.5812  DIHED      =      823.3326
 VDWAALS =    31502.6696  EEL     =  -202249.2007  HBOND      =        0.0000
 1-4 VDW =      254.3822  1-4 EEL =    -4472.0770  RESTRAINT  =        0.0000


   NSTEP       ENERGY          RMS            GMAX         NAME    NUMBER
   5200      -1.6175E+05     2.8842E-02     1.4938E+00     O       10394

 BOND    =    12160.0100  ANGLE   =      231.6030  DIHED      =      823.4040
 VDWAALS =    31503.4974  EEL     =  -202252.8025  HBOND      =        0.0000
 1-4 VDW =      254.3872  1-4 EEL =    -4472.0371  RESTRAINT  =        0.0000


   NSTEP       ENERGY          RMS            GMAX         NAME    NUMBER
   5250      -1.6175E+05     4.0055E-02     2.4754E+00     O       10394

 BOND    =    12159.8040  ANGLE   =      231.7789  DIHED      =      823.4906
 VDWAALS =    31503.9176  EEL     =  -202254.8589  HBOND      =        0.0000
 1-4 VDW =      254.4361  1-4 EEL =    -4472.1107  RESTRAINT  =        0.0000


   NSTEP       ENERGY          RMS            GMAX         NAME    NUMBER
   5300      -1.6176E+05     1.5326E-02     6.1338E-01     H2      24493

 BOND    =    12160.0387  ANGLE   =      231.8018  DIHED      =      823.4920
 VDWAALS =    31503.9536  EEL     =  -202256.7408  HBOND      =        0.0000
 1-4 VDW =      254.3894  1-4 EEL =    -4471.9505  RESTRAINT  =        0.0000


   NSTEP       ENERGY          RMS            GMAX         NAME    NUMBER
   5350      -1.6176E+05     6.6078E-02     5.0245E+00     P          64

 BOND    =    12160.1673  ANGLE   =      232.2409  DIHED      =      823.8586
 VDWAALS =    31501.2502  EEL     =  -202262.2197  HBOND      =        0.0000
 1-4 VDW =      254.4551  1-4 EEL =    -4471.8442  RESTRAINT  =        0.0000


   NSTEP       ENERGY          RMS            GMAX         NAME    NUMBER
   5400      -1.6177E+05     3.5189E-02     2.0865E+00     P         564

 BOND    =    12160.2693  ANGLE   =      232.1953  DIHED      =      823.9721
 VDWAALS =    31500.2651  EEL     =  -202266.1181  HBOND      =        0.0000
 1-4 VDW =      254.4595  1-4 EEL =    -4471.5177  RESTRAINT  =        0.0000


   NSTEP       ENERGY          RMS            GMAX         NAME    NUMBER
   5450      -1.6177E+05     4.3772E-02     1.9041E+00     C6        615

 BOND    =    12159.4295  ANGLE   =      232.1203  DIHED      =      824.1551
 VDWAALS =    31496.7497  EEL     =  -202268.0620  HBOND      =        0.0000
 1-4 VDW =      254.5698  1-4 EEL =    -4471.1042  RESTRAINT  =        0.0000


   NSTEP       ENERGY          RMS            GMAX         NAME    NUMBER
   5500      -1.6177E+05     7.3170E-02     3.9566E+00     P         564

 BOND    =    12159.8460  ANGLE   =      232.3679  DIHED      =      824.2799
 VDWAALS =    31498.4323  EEL     =  -202272.7994  HBOND      =        0.0000
 1-4 VDW =      254.5449  1-4 EEL =    -4471.2373  RESTRAINT  =        0.0000


   NSTEP       ENERGY          RMS            GMAX         NAME    NUMBER
   5550      -1.6178E+05     2.2343E-02     1.2729E+00     O        9815

 BOND    =    12160.2591  ANGLE   =      232.1214  DIHED      =      824.2212
 VDWAALS =    31497.3833  EEL     =  -202273.8214  HBOND      =        0.0000
 1-4 VDW =      254.5708  1-4 EEL =    -4471.0777  RESTRAINT  =        0.0000


   NSTEP       ENERGY          RMS            GMAX         NAME    NUMBER
   5600      -1.6178E+05     2.6536E-02     1.2412E+00     P         564

 BOND    =    12160.6153  ANGLE   =      232.1309  DIHED      =      824.2938
 VDWAALS =    31498.1190  EEL     =  -202278.6622  HBOND      =        0.0000
 1-4 VDW =      254.6199  1-4 EEL =    -4470.9631  RESTRAINT  =        0.0000


   NSTEP       ENERGY          RMS            GMAX         NAME    NUMBER
   5650      -1.6178E+05     3.1772E-02     1.5391E+00     H2      24493

 BOND    =    12160.9478  ANGLE   =      232.0962  DIHED      =      824.4008
 VDWAALS =    31499.6307  EEL     =  -202284.6603  HBOND      =        0.0000
 1-4 VDW =      254.6255  1-4 EEL =    -4470.7588  RESTRAINT  =        0.0000


   NSTEP       ENERGY          RMS            GMAX         NAME    NUMBER
   5700      -1.6179E+05     1.0010E-01     5.9456E+00     H2      23287

 BOND    =    12162.5644  ANGLE   =      232.8767  DIHED      =      824.4600
 VDWAALS =    31499.5223  EEL     =  -202289.6047  HBOND      =        0.0000
 1-4 VDW =      254.6978  1-4 EEL =    -4471.3613  RESTRAINT  =        0.0000


   NSTEP       ENERGY          RMS            GMAX         NAME    NUMBER
   5750      -1.6179E+05     3.2861E-02     1.8980E+00     O4'       539

 BOND    =    12161.7754  ANGLE   =      232.1054  DIHED      =      824.5458
 VDWAALS =    31499.2906  EEL     =  -202291.1694  HBOND      =        0.0000
 1-4 VDW =      254.5850  1-4 EEL =    -4470.6469  RESTRAINT  =        0.0000


   NSTEP       ENERGY          RMS            GMAX         NAME    NUMBER
   5800      -1.6179E+05     2.5904E-02     1.2502E+00     C4'       571

 BOND    =    12162.6100  ANGLE   =      232.0173  DIHED      =      824.5665
 VDWAALS =    31502.7952  EEL     =  -202299.9561  HBOND      =        0.0000
 1-4 VDW =      254.6244  1-4 EEL =    -4470.6699  RESTRAINT  =        0.0000


   NSTEP       ENERGY          RMS            GMAX         NAME    NUMBER
   5850      -1.6180E+05     3.2907E-02     1.4549E+00     C2        370

 BOND    =    12162.8789  ANGLE   =      232.0206  DIHED      =      824.5694
 VDWAALS =    31503.6302  EEL     =  -202302.5016  HBOND      =        0.0000
 1-4 VDW =      254.6146  1-4 EEL =    -4470.7060  RESTRAINT  =        0.0000


   NSTEP       ENERGY          RMS            GMAX         NAME    NUMBER
   5900      -1.6180E+05     2.2093E-02     1.1052E+00     C6        680

 BOND    =    12163.1054  ANGLE   =      232.0877  DIHED      =      824.6248
 VDWAALS =    31504.1816  EEL     =  -202304.3044  HBOND      =        0.0000
 1-4 VDW =      254.6354  1-4 EEL =    -4470.8688  RESTRAINT  =        0.0000


   NSTEP       ENERGY          RMS            GMAX         NAME    NUMBER
   5950      -1.6180E+05     1.5543E-02     5.3673E-01     P         220

 BOND    =    12163.7849  ANGLE   =      232.0332  DIHED      =      824.6664
 VDWAALS =    31506.4227  EEL     =  -202310.2364  HBOND      =        0.0000
 1-4 VDW =      254.6412  1-4 EEL =    -4470.8380  RESTRAINT  =        0.0000


   NSTEP       ENERGY          RMS            GMAX         NAME    NUMBER
   6000      -1.6180E+05     3.8449E-02     1.9369E+00     H2      25582

 BOND    =    12165.0090  ANGLE   =      231.8167  DIHED      =      824.7100
 VDWAALS =    31510.0242  EEL     =  -202318.6618  HBOND      =        0.0000
 1-4 VDW =      254.6221  1-4 EEL =    -4470.7656  RESTRAINT  =        0.0000


   NSTEP       ENERGY          RMS            GMAX         NAME    NUMBER
   6050      -1.6181E+05     1.1229E-01     1.2760E+01     H1      21630

 BOND    =    12165.8034  ANGLE   =      232.3005  DIHED      =      824.9021
 VDWAALS =    31511.6113  EEL     =  -202323.8466  HBOND      =        0.0000
 1-4 VDW =      254.7010  1-4 EEL =    -4470.9953  RESTRAINT  =        0.0000


   NSTEP       ENERGY          RMS            GMAX         NAME    NUMBER
   6100      -1.6181E+05     5.9128E-02     4.4234E+00     H2      21883

 BOND    =    12165.3737  ANGLE   =      231.8893  DIHED      =      824.7375
 VDWAALS =    31512.7393  EEL     =  -202325.6881  HBOND      =        0.0000
 1-4 VDW =      254.6097  1-4 EEL =    -4470.7546  RESTRAINT  =        0.0000


   NSTEP       ENERGY          RMS            GMAX         NAME    NUMBER
   6150      -1.6181E+05     4.8419E-02     2.8171E+00     C6        680

 BOND    =    12165.9238  ANGLE   =      231.7902  DIHED      =      824.7706
 VDWAALS =    31517.2112  EEL     =  -202334.4343  HBOND      =        0.0000
 1-4 VDW =      254.6444  1-4 EEL =    -4470.7182  RESTRAINT  =        0.0000


   NSTEP       ENERGY          RMS            GMAX         NAME    NUMBER
   6200      -1.6182E+05     5.5090E-02     2.6312E+00     C5        844

 BOND    =    12167.1485  ANGLE   =      231.7899  DIHED      =      824.8634
 VDWAALS =    31523.4792  EEL     =  -202348.5283  HBOND      =        0.0000
 1-4 VDW =      254.5923  1-4 EEL =    -4470.6086  RESTRAINT  =        0.0000


   NSTEP       ENERGY          RMS            GMAX         NAME    NUMBER
   6250      -1.6182E+05     6.3704E-02     2.9252E+00     O       25610

 BOND    =    12166.8324  ANGLE   =      231.8913  DIHED      =      824.9266
 VDWAALS =    31527.8207  EEL     =  -202357.0476  HBOND      =        0.0000
 1-4 VDW =      254.6029  1-4 EEL =    -4470.5948  RESTRAINT  =        0.0000


   NSTEP       ENERGY          RMS            GMAX         NAME    NUMBER
   6300      -1.6183E+05     5.6567E-02     2.8516E+00     H1      35604

 BOND    =    12169.2742  ANGLE   =      231.8166  DIHED      =      824.9961
 VDWAALS =    31533.0284  EEL     =  -202370.7944  HBOND      =        0.0000
 1-4 VDW =      254.5929  1-4 EEL =    -4470.5100  RESTRAINT  =        0.0000


   NSTEP       ENERGY          RMS            GMAX         NAME    NUMBER
   6350      -1.6183E+05     5.2533E-02     1.9916E+00     C5        875

 BOND    =    12170.0600  ANGLE   =      231.9782  DIHED      =      825.0322
 VDWAALS =    31535.1360  EEL     =  -202377.3140  HBOND      =        0.0000
 1-4 VDW =      254.5794  1-4 EEL =    -4470.6433  RESTRAINT  =        0.0000


   NSTEP       ENERGY          RMS            GMAX         NAME    NUMBER
   6400      -1.6183E+05     3.3919E-02     1.7354E+00     H1      29646

 BOND    =    12170.3638  ANGLE   =      231.9082  DIHED      =      825.0040
 VDWAALS =    31537.5932  EEL     =  -202383.4333  HBOND      =        0.0000
 1-4 VDW =      254.5909  1-4 EEL =    -4470.5974  RESTRAINT  =        0.0000


   NSTEP       ENERGY          RMS            GMAX         NAME    NUMBER
   6450      -1.6184E+05     1.2383E-01     8.4752E+00     C4        877

 BOND    =    12171.5981  ANGLE   =      232.2880  DIHED      =      825.0150
 VDWAALS =    31544.4799  EEL     =  -202395.4521  HBOND      =        0.0000
 1-4 VDW =      254.5867  1-4 EEL =    -4470.5249  RESTRAINT  =        0.0000


   NSTEP       ENERGY          RMS            GMAX         NAME    NUMBER
   6500      -1.6184E+05     1.1189E-01     6.5112E+00     H2      21082

 BOND    =    12174.0038  ANGLE   =      232.5078  DIHED      =      825.1772
 VDWAALS =    31552.7395  EEL     =  -202411.9335  HBOND      =        0.0000
 1-4 VDW =      254.6001  1-4 EEL =    -4470.4938  RESTRAINT  =        0.0000


   NSTEP       ENERGY          RMS            GMAX         NAME    NUMBER
   6550      -1.6185E+05     7.6087E-02     4.0292E+00     O       35603

 BOND    =    12176.3634  ANGLE   =      231.9065  DIHED      =      825.3901
 VDWAALS =    31559.7708  EEL     =  -202428.5228  HBOND      =        0.0000
 1-4 VDW =      254.7015  1-4 EEL =    -4470.4704  RESTRAINT  =        0.0000


   NSTEP       ENERGY          RMS            GMAX         NAME    NUMBER
   6600      -1.6185E+05     4.0983E-02     1.9511E+00     C3'       591

 BOND    =    12175.7711  ANGLE   =      231.8155  DIHED      =      825.4094
 VDWAALS =    31563.3852  EEL     =  -202435.3462  HBOND      =        0.0000
 1-4 VDW =      254.7179  1-4 EEL =    -4470.1823  RESTRAINT  =        0.0000


   NSTEP       ENERGY          RMS            GMAX         NAME    NUMBER
   6650      -1.6186E+05     5.0443E-02     2.5501E+00     O       18887

 BOND    =    12176.2687  ANGLE   =      231.7229  DIHED      =      825.3386
 VDWAALS =    31566.2596  EEL     =  -202441.3453  HBOND      =        0.0000
 1-4 VDW =      254.7151  1-4 EEL =    -4469.9085  RESTRAINT  =        0.0000


   NSTEP       ENERGY          RMS            GMAX         NAME    NUMBER
   6700      -1.6186E+05     3.7858E-02     2.3682E+00     HO2'      695

 BOND    =    12175.9718  ANGLE   =      231.4969  DIHED      =      824.9286
 VDWAALS =    31568.0953  EEL     =  -202445.8239  HBOND      =        0.0000
 1-4 VDW =      254.6776  1-4 EEL =    -4469.4659  RESTRAINT  =        0.0000


   NSTEP       ENERGY          RMS            GMAX         NAME    NUMBER
   6750      -1.6186E+05     2.6060E-02     1.6939E+00     C2        851

 BOND    =    12176.6566  ANGLE   =      231.1620  DIHED      =      824.6116
 VDWAALS =    31571.0181  EEL     =  -202453.6722  HBOND      =        0.0000
 1-4 VDW =      254.5634  1-4 EEL =    -4468.9976  RESTRAINT  =        0.0000


   NSTEP       ENERGY          RMS            GMAX         NAME    NUMBER
   6800      -1.6187E+05     3.3426E-02     1.6726E+00     C4'       670

 BOND    =    12178.2695  ANGLE   =      231.3279  DIHED      =      824.2937
 VDWAALS =    31581.2956  EEL     =  -202470.4692  HBOND      =        0.0000
 1-4 VDW =      254.5425  1-4 EEL =    -4469.1839  RESTRAINT  =        0.0000


   NSTEP       ENERGY          RMS            GMAX         NAME    NUMBER
   6850      -1.6187E+05     5.3488E-02     2.9375E+00     C4'       670

 BOND    =    12179.0483  ANGLE   =      231.1802  DIHED      =      824.4152
 VDWAALS =    31590.1609  EEL     =  -202484.1901  HBOND      =        0.0000
 1-4 VDW =      254.6046  1-4 EEL =    -4469.0380  RESTRAINT  =        0.0000


   NSTEP       ENERGY          RMS            GMAX         NAME    NUMBER
   6900      -1.6188E+05     4.2685E-02     1.8633E+00     C3'       690

 BOND    =    12179.8271  ANGLE   =      231.1234  DIHED      =      824.3210
 VDWAALS =    31593.0146  EEL     =  -202490.1026  HBOND      =        0.0000
 1-4 VDW =      254.6326  1-4 EEL =    -4469.2866  RESTRAINT  =        0.0000


   NSTEP       ENERGY          RMS            GMAX         NAME    NUMBER
   6950      -1.6188E+05     4.3886E-02     2.4241E+00     C4'       571

 BOND    =    12180.9768  ANGLE   =      231.3174  DIHED      =      824.2232
 VDWAALS =    31596.9063  EEL     =  -202497.6853  HBOND      =        0.0000
 1-4 VDW =      254.5872  1-4 EEL =    -4468.9991  RESTRAINT  =        0.0000


   NSTEP       ENERGY          RMS            GMAX         NAME    NUMBER
   7000      -1.6188E+05     3.8939E-02     1.4539E+00     O       22991

 BOND    =    12182.0657  ANGLE   =      231.1128  DIHED      =      824.1940
 VDWAALS =    31600.2396  EEL     =  -202503.4328  HBOND      =        0.0000
 1-4 VDW =      254.6353  1-4 EEL =    -4469.1205  RESTRAINT  =        0.0000


   NSTEP       ENERGY          RMS            GMAX         NAME    NUMBER
   7050      -1.6188E+05     1.7213E-02     7.1812E-01     C4        689

 BOND    =    12182.0517  ANGLE   =      231.1170  DIHED      =      824.2392
 VDWAALS =    31601.0860  EEL     =  -202504.6567  HBOND      =        0.0000
 1-4 VDW =      254.6005  1-4 EEL =    -4469.2262  RESTRAINT  =        0.0000


   NSTEP       ENERGY          RMS            GMAX         NAME    NUMBER
   7100      -1.6188E+05     1.7681E-02     1.5041E+00     O        5714

 BOND    =    12183.3562  ANGLE   =      231.0022  DIHED      =      824.1642
 VDWAALS =    31609.3949  EEL     =  -202518.2240  HBOND      =        0.0000
 1-4 VDW =      254.5948  1-4 EEL =    -4469.2488  RESTRAINT  =        0.0000


   NSTEP       ENERGY          RMS            GMAX         NAME    NUMBER
   7150      -1.6189E+05     1.9980E-02     1.1851E+00     H2       5716

 BOND    =    12183.6576  ANGLE   =      230.8861  DIHED      =      824.1471
 VDWAALS =    31610.5175  EEL     =  -202521.3994  HBOND      =        0.0000
 1-4 VDW =      254.6134  1-4 EEL =    -4469.2968  RESTRAINT  =        0.0000


   NSTEP       ENERGY          RMS            GMAX         NAME    NUMBER
   7200      -1.6189E+05     1.4115E-02     9.6644E-01     H2      29380

 BOND    =    12184.1894  ANGLE   =      230.8847  DIHED      =      824.1649
 VDWAALS =    31611.2139  EEL     =  -202523.6524  HBOND      =        0.0000
 1-4 VDW =      254.6086  1-4 EEL =    -4469.2426  RESTRAINT  =        0.0000


   NSTEP       ENERGY          RMS            GMAX         NAME    NUMBER
   7250      -1.6189E+05     2.5766E-02     2.5389E+00     H1      29379

 BOND    =    12185.0022  ANGLE   =      230.7617  DIHED      =      824.1378
 VDWAALS =    31612.9614  EEL     =  -202529.4393  HBOND      =        0.0000
 1-4 VDW =      254.5874  1-4 EEL =    -4469.2856  RESTRAINT  =        0.0000


   NSTEP       ENERGY          RMS            GMAX         NAME    NUMBER
   7300      -1.6189E+05     2.8496E-02     1.2618E+00     P         348

 BOND    =    12186.1476  ANGLE   =      230.6275  DIHED      =      824.0992
 VDWAALS =    31615.2942  EEL     =  -202535.2511  HBOND      =        0.0000
 1-4 VDW =      254.5924  1-4 EEL =    -4469.2587  RESTRAINT  =        0.0000


   NSTEP       ENERGY          RMS            GMAX         NAME    NUMBER
   7350      -1.6189E+05     2.7302E-02     1.2908E+00     H2      29380

 BOND    =    12185.7356  ANGLE   =      230.5436  DIHED      =      824.0610
 VDWAALS =    31616.0933  EEL     =  -202536.4239  HBOND      =        0.0000
 1-4 VDW =      254.6116  1-4 EEL =    -4469.2045  RESTRAINT  =        0.0000


   NSTEP       ENERGY          RMS            GMAX         NAME    NUMBER
   7400      -1.6190E+05     1.3253E-01     5.3238E+00     H2      24943

 BOND    =    12187.8453  ANGLE   =      230.3387  DIHED      =      824.1098
 VDWAALS =    31618.9022  EEL     =  -202543.4580  HBOND      =        0.0000
 1-4 VDW =      254.4314  1-4 EEL =    -4469.3147  RESTRAINT  =        0.0000


   NSTEP       ENERGY          RMS            GMAX         NAME    NUMBER
   7450      -1.6190E+05     4.4239E-02     2.6811E+00     O       24881

 BOND    =    12188.4074  ANGLE   =      230.2012  DIHED      =      824.0019
 VDWAALS =    31621.5830  EEL     =  -202550.9949  HBOND      =        0.0000
 1-4 VDW =      254.4729  1-4 EEL =    -4469.3704  RESTRAINT  =        0.0000


   NSTEP       ENERGY          RMS            GMAX         NAME    NUMBER
   7500      -1.6190E+05     6.5414E-02     3.3418E+00     C4        877

 BOND    =    12189.2306  ANGLE   =      230.0560  DIHED      =      824.0135
 VDWAALS =    31620.7069  EEL     =  -202553.6457  HBOND      =        0.0000
 1-4 VDW =      254.3968  1-4 EEL =    -4468.9957  RESTRAINT  =        0.0000


   NSTEP       ENERGY          RMS            GMAX         NAME    NUMBER
   7550      -1.6191E+05     5.5783E-02     4.5451E+00     C4        877

 BOND    =    12189.3070  ANGLE   =      230.0507  DIHED      =      823.9965
 VDWAALS =    31621.2335  EEL     =  -202556.3968  HBOND      =        0.0000
 1-4 VDW =      254.4770  1-4 EEL =    -4469.3228  RESTRAINT  =        0.0000


   NSTEP       ENERGY          RMS            GMAX         NAME    NUMBER
   7600      -1.6191E+05     5.4234E-02     2.4364E+00     H2      18823

 BOND    =    12189.8148  ANGLE   =      230.0272  DIHED      =      823.9695
 VDWAALS =    31622.3165  EEL     =  -202558.9825  HBOND      =        0.0000
 1-4 VDW =      254.4083  1-4 EEL =    -4469.3848  RESTRAINT  =        0.0000


   NSTEP       ENERGY          RMS            GMAX         NAME    NUMBER
   7650      -1.6191E+05     1.2935E-02     4.2868E-01     O       18821

 BOND    =    12189.9118  ANGLE   =      229.8678  DIHED      =      823.9546
 VDWAALS =    31623.1175  EEL     =  -202560.6575  HBOND      =        0.0000
 1-4 VDW =      254.4079  1-4 EEL =    -4469.2396  RESTRAINT  =        0.0000


   NSTEP       ENERGY          RMS            GMAX         NAME    NUMBER
   7700      -1.6191E+05     1.1769E-02     4.0237E-01     C8        710

 BOND    =    12190.1200  ANGLE   =      229.8724  DIHED      =      823.9671
 VDWAALS =    31623.2129  EEL     =  -202561.6348  HBOND      =        0.0000
 1-4 VDW =      254.3849  1-4 EEL =    -4469.2179  RESTRAINT  =        0.0000


   NSTEP       ENERGY          RMS            GMAX         NAME    NUMBER
   7750      -1.6191E+05     1.5087E-02     7.5191E-01     P         731

 BOND    =    12190.1124  ANGLE   =      229.8411  DIHED      =      823.9495
 VDWAALS =    31623.2304  EEL     =  -202562.5710  HBOND      =        0.0000
 1-4 VDW =      254.3716  1-4 EEL =    -4469.1724  RESTRAINT  =        0.0000

     .... RESTARTED DUE TO LINMIN FAILURE ...


   NSTEP       ENERGY          RMS            GMAX         NAME    NUMBER
   7800      -1.6191E+05     3.6578E-02     3.7408E+00     O       22856

 BOND    =    12190.2711  ANGLE   =      229.7117  DIHED      =      823.9841
 VDWAALS =    31621.6747  EEL     =  -202564.7833  HBOND      =        0.0000
 1-4 VDW =      254.3396  1-4 EEL =    -4468.9286  RESTRAINT  =        0.0000


   NSTEP       ENERGY          RMS            GMAX         NAME    NUMBER
   7850      -1.6191E+05     3.7992E-02     3.5853E+00     C6        680

 BOND    =    12191.1428  ANGLE   =      229.8190  DIHED      =      823.9794
 VDWAALS =    31622.6865  EEL     =  -202567.3406  HBOND      =        0.0000
 1-4 VDW =      254.3190  1-4 EEL =    -4468.9618  RESTRAINT  =        0.0000


   NSTEP       ENERGY          RMS            GMAX         NAME    NUMBER
   7900      -1.6191E+05     4.3623E-02     2.5978E+00     O       22748

 BOND    =    12191.2135  ANGLE   =      229.6495  DIHED      =      823.9893
 VDWAALS =    31624.8461  EEL     =  -202570.0871  HBOND      =        0.0000
 1-4 VDW =      254.3330  1-4 EEL =    -4468.9159  RESTRAINT  =        0.0000


   NSTEP       ENERGY          RMS            GMAX         NAME    NUMBER
   7950      -1.6192E+05     1.0927E-02     5.8135E-01     O2'       694

 BOND    =    12191.3714  ANGLE   =      229.7195  DIHED      =      823.9855
 VDWAALS =    31625.1244  EEL     =  -202570.9966  HBOND      =        0.0000
 1-4 VDW =      254.3783  1-4 EEL =    -4468.9450  RESTRAINT  =        0.0000


   NSTEP       ENERGY          RMS            GMAX         NAME    NUMBER
   8000      -1.6192E+05     5.9290E-03     1.9295E-01     H1       5649

 BOND    =    12191.4031  ANGLE   =      229.7167  DIHED      =      823.9772
 VDWAALS =    31625.1758  EEL     =  -202571.0694  HBOND      =        0.0000
 1-4 VDW =      254.3582  1-4 EEL =    -4468.9455  RESTRAINT  =        0.0000


   NSTEP       ENERGY          RMS            GMAX         NAME    NUMBER
   8050      -1.6192E+05     1.3185E-02     8.1405E-01     C5'       352

 BOND    =    12191.4170  ANGLE   =      229.7325  DIHED      =      823.9737
 VDWAALS =    31625.3412  EEL     =  -202571.3670  HBOND      =        0.0000
 1-4 VDW =      254.3384  1-4 EEL =    -4468.9357  RESTRAINT  =        0.0000


   NSTEP       ENERGY          RMS            GMAX         NAME    NUMBER
   8100      -1.6192E+05     5.5894E-02     2.3197E+00     C6        139

 BOND    =    12192.8782  ANGLE   =      229.6344  DIHED      =      824.0517
 VDWAALS =    31629.8207  EEL     =  -202582.8145  HBOND      =        0.0000
 1-4 VDW =      254.3976  1-4 EEL =    -4468.6683  RESTRAINT  =        0.0000


   NSTEP       ENERGY          RMS            GMAX         NAME    NUMBER
   8150      -1.6192E+05     3.5471E-02     1.7756E+00     C6        680

 BOND    =    12193.4928  ANGLE   =      229.6561  DIHED      =      824.0596
 VDWAALS =    31630.8247  EEL     =  -202585.9738  HBOND      =        0.0000
 1-4 VDW =      254.4060  1-4 EEL =    -4468.6194  RESTRAINT  =        0.0000


   NSTEP       ENERGY          RMS            GMAX         NAME    NUMBER
   8200      -1.6192E+05     2.1442E-02     1.0713E+00     C4'       670

 BOND    =    12193.0798  ANGLE   =      229.5477  DIHED      =      824.0778
 VDWAALS =    31632.3862  EEL     =  -202588.0895  HBOND      =        0.0000
 1-4 VDW =      254.4111  1-4 EEL =    -4468.6124  RESTRAINT  =        0.0000


   NSTEP       ENERGY          RMS            GMAX         NAME    NUMBER
   8250      -1.6193E+05     3.9797E-02     4.4011E+00     O       12839

 BOND    =    12194.6488  ANGLE   =      229.6042  DIHED      =      824.1245
 VDWAALS =    31637.7373  EEL     =  -202597.2760  HBOND      =        0.0000
 1-4 VDW =      254.4234  1-4 EEL =    -4468.5381  RESTRAINT  =        0.0000


   NSTEP       ENERGY          RMS            GMAX         NAME    NUMBER
   8300      -1.6193E+05     4.2223E-02     3.3644E+00     O       12839

 BOND    =    12195.1678  ANGLE   =      229.6118  DIHED      =      824.1234
 VDWAALS =    31638.8874  EEL     =  -202600.2052  HBOND      =        0.0000
 1-4 VDW =      254.4382  1-4 EEL =    -4468.4087  RESTRAINT  =        0.0000


   NSTEP       ENERGY          RMS            GMAX         NAME    NUMBER
   8350      -1.6193E+05     5.3158E-02     6.2685E+00     H2      17956

 BOND    =    12196.9517  ANGLE   =      229.6173  DIHED      =      824.1907
 VDWAALS =    31645.6464  EEL     =  -202611.2346  HBOND      =        0.0000
 1-4 VDW =      254.4817  1-4 EEL =    -4468.4827  RESTRAINT  =        0.0000


   NSTEP       ENERGY          RMS            GMAX         NAME    NUMBER
   8400      -1.6193E+05     3.6937E-02     2.3078E+00     H1      24465

 BOND    =    12198.4967  ANGLE   =      229.5218  DIHED      =      824.2358
 VDWAALS =    31651.3130  EEL     =  -202621.4570  HBOND      =        0.0000
 1-4 VDW =      254.4593  1-4 EEL =    -4468.3858  RESTRAINT  =        0.0000


   NSTEP       ENERGY          RMS            GMAX         NAME    NUMBER
   8450      -1.6193E+05     5.1444E-02     4.3020E+00     H1      24465

 BOND    =    12198.4338  ANGLE   =      229.4818  DIHED      =      824.2983
 VDWAALS =    31654.7957  EEL     =  -202627.4292  HBOND      =        0.0000
 1-4 VDW =      254.4741  1-4 EEL =    -4468.2291  RESTRAINT  =        0.0000


   NSTEP       ENERGY          RMS            GMAX         NAME    NUMBER
   8500      -1.6194E+05     1.1127E-01     5.4065E+00     N9        675

 BOND    =    12199.5436  ANGLE   =      229.8083  DIHED      =      824.4801
 VDWAALS =    31660.7804  EEL     =  -202640.8357  HBOND      =        0.0000
 1-4 VDW =      254.5835  1-4 EEL =    -4468.0661  RESTRAINT  =        0.0000


   NSTEP       ENERGY          RMS            GMAX         NAME    NUMBER
   8550      -1.6195E+05     4.1622E-02     1.8814E+00     C4        689

 BOND    =    12200.5563  ANGLE   =      229.3427  DIHED      =      824.5540
 VDWAALS =    31665.4215  EEL     =  -202652.1585  HBOND      =        0.0000
 1-4 VDW =      254.5594  1-4 EEL =    -4468.0049  RESTRAINT  =        0.0000


   NSTEP       ENERGY          RMS            GMAX         NAME    NUMBER
   8600      -1.6195E+05     6.4065E-02     3.7909E+00     O       12737

 BOND    =    12202.5099  ANGLE   =      229.3552  DIHED      =      824.7556
 VDWAALS =    31673.0490  EEL     =  -202664.4978  HBOND      =        0.0000
 1-4 VDW =      254.4962  1-4 EEL =    -4468.0834  RESTRAINT  =        0.0000


   NSTEP       ENERGY          RMS            GMAX         NAME    NUMBER
   8650      -1.6195E+05     1.0003E-01     4.9409E+00     H1      12738

 BOND    =    12203.0235  ANGLE   =      229.1780  DIHED      =      824.9261
 VDWAALS =    31675.3407  EEL     =  -202669.7729  HBOND      =        0.0000
 1-4 VDW =      254.6312  1-4 EEL =    -4467.9403  RESTRAINT  =        0.0000


   NSTEP       ENERGY          RMS            GMAX         NAME    NUMBER
   8700      -1.6195E+05     4.5173E-02     2.7590E+00     C6        296

 BOND    =    12202.7783  ANGLE   =      229.2885  DIHED      =      825.0032
 VDWAALS =    31676.2973  EEL     =  -202671.9437  HBOND      =        0.0000
 1-4 VDW =      254.5073  1-4 EEL =    -4467.8621  RESTRAINT  =        0.0000


   NSTEP       ENERGY          RMS            GMAX         NAME    NUMBER
   8750      -1.6196E+05     3.1490E-02     2.1278E+00     P          94

 BOND    =    12204.0101  ANGLE   =      229.1570  DIHED      =      825.3284
 VDWAALS =    31683.0924  EEL     =  -202686.0922  HBOND      =        0.0000
 1-4 VDW =      254.6094  1-4 EEL =    -4467.6539  RESTRAINT  =        0.0000


   NSTEP       ENERGY          RMS            GMAX         NAME    NUMBER
   8800      -1.6196E+05     3.0247E-02     1.1150E+00     H2      25879

 BOND    =    12204.9191  ANGLE   =      229.0466  DIHED      =      825.4927
 VDWAALS =    31687.7000  EEL     =  -202697.3262  HBOND      =        0.0000
 1-4 VDW =      254.6488  1-4 EEL =    -4467.5717  RESTRAINT  =        0.0000


   NSTEP       ENERGY          RMS            GMAX         NAME    NUMBER
   8850      -1.6196E+05     2.6479E-02     9.6096E-01     O2'       857

 BOND    =    12205.2513  ANGLE   =      229.1594  DIHED      =      825.4611
 VDWAALS =    31689.5557  EEL     =  -202701.5377  HBOND      =        0.0000
 1-4 VDW =      254.6770  1-4 EEL =    -4467.5269  RESTRAINT  =        0.0000


   NSTEP       ENERGY          RMS            GMAX         NAME    NUMBER
   8900      -1.6197E+05     4.9430E-02     3.2058E+00     H1      15054

 BOND    =    12206.6841  ANGLE   =      229.1108  DIHED      =      825.6027
 VDWAALS =    31695.7354  EEL     =  -202713.3144  HBOND      =        0.0000
 1-4 VDW =      254.7310  1-4 EEL =    -4467.5513  RESTRAINT  =        0.0000


   NSTEP       ENERGY          RMS            GMAX         NAME    NUMBER
   8950      -1.6197E+05     2.9525E-02     1.9901E+00     H1      15054

 BOND    =    12206.7604  ANGLE   =      229.0879  DIHED      =      825.6344
 VDWAALS =    31697.5612  EEL     =  -202717.1201  HBOND      =        0.0000
 1-4 VDW =      254.7443  1-4 EEL =    -4467.5193  RESTRAINT  =        0.0000


   NSTEP       ENERGY          RMS            GMAX         NAME    NUMBER
   9000      -1.6197E+05     2.3442E-02     1.0695E+00     O       15053

 BOND    =    12206.7435  ANGLE   =      229.0364  DIHED      =      825.6481
 VDWAALS =    31698.9111  EEL     =  -202718.9951  HBOND      =        0.0000
 1-4 VDW =      254.7332  1-4 EEL =    -4467.4819  RESTRAINT  =        0.0000


   NSTEP       ENERGY          RMS            GMAX         NAME    NUMBER
   9050      -1.6197E+05     9.9821E-02     5.0932E+00     O2'       857

 BOND    =    12208.3952  ANGLE   =      229.2553  DIHED      =      825.7756
 VDWAALS =    31705.2597  EEL     =  -202731.0269  HBOND      =        0.0000
 1-4 VDW =      254.7106  1-4 EEL =    -4467.3349  RESTRAINT  =        0.0000


   NSTEP       ENERGY          RMS            GMAX         NAME    NUMBER
   9100      -1.6198E+05     9.1444E-02     4.9876E+00     H1      15348

 BOND    =    12211.6024  ANGLE   =      228.9981  DIHED      =      826.0069
 VDWAALS =    31719.9945  EEL     =  -202753.6849  HBOND      =        0.0000
 1-4 VDW =      254.8736  1-4 EEL =    -4467.3077  RESTRAINT  =        0.0000


   NSTEP       ENERGY          RMS            GMAX         NAME    NUMBER
   9150      -1.6198E+05     6.6003E-02     2.5126E+00     O2'       826

 BOND    =    12211.3292  ANGLE   =      229.0977  DIHED      =      826.0355
 VDWAALS =    31718.8220  EEL     =  -202756.0982  HBOND      =        0.0000
 1-4 VDW =      254.8302  1-4 EEL =    -4467.4484  RESTRAINT  =        0.0000


   NSTEP       ENERGY          RMS            GMAX         NAME    NUMBER
   9200      -1.6199E+05     6.8163E-02     2.3677E+00     H2      17782

 BOND    =    12211.4581  ANGLE   =      229.0652  DIHED      =      826.0879
 VDWAALS =    31724.4830  EEL     =  -202765.0861  HBOND      =        0.0000
 1-4 VDW =      254.8089  1-4 EEL =    -4467.4743  RESTRAINT  =        0.0000


   NSTEP       ENERGY          RMS            GMAX         NAME    NUMBER
   9250      -1.6199E+05     1.9581E-02     1.0655E+00     H2      13360

 BOND    =    12211.3409  ANGLE   =      228.9705  DIHED      =      826.1568
 VDWAALS =    31727.4687  EEL     =  -202769.6395  HBOND      =        0.0000
 1-4 VDW =      254.8681  1-4 EEL =    -4467.3894  RESTRAINT  =        0.0000


   NSTEP       ENERGY          RMS            GMAX         NAME    NUMBER
   9300      -1.6200E+05     2.5880E-01     1.7833E+01     H1      13359

 BOND    =    12217.3306  ANGLE   =      229.2911  DIHED      =      826.3286
 VDWAALS =    31741.4765  EEL     =  -202797.9803  HBOND      =        0.0000
 1-4 VDW =      254.8653  1-4 EEL =    -4467.6071  RESTRAINT  =        0.0000


   NSTEP       ENERGY          RMS            GMAX         NAME    NUMBER
   9350      -1.6200E+05     5.2859E-02     2.2941E+00     O5'       832

 BOND    =    12214.1746  ANGLE   =      228.8774  DIHED      =      826.3275
 VDWAALS =    31744.0288  EEL     =  -202802.2155  HBOND      =        0.0000
 1-4 VDW =      254.9497  1-4 EEL =    -4467.2597  RESTRAINT  =        0.0000


   NSTEP       ENERGY          RMS            GMAX         NAME    NUMBER
   9400      -1.6200E+05     3.7373E-02     1.3456E+00     C2        463

 BOND    =    12214.9654  ANGLE   =      228.9768  DIHED      =      826.3703
 VDWAALS =    31747.5503  EEL     =  -202809.1826  HBOND      =        0.0000
 1-4 VDW =      254.9710  1-4 EEL =    -4467.0720  RESTRAINT  =        0.0000


   NSTEP       ENERGY          RMS            GMAX         NAME    NUMBER
   9450      -1.6201E+05     2.4911E-02     9.9509E-01     C6        425

 BOND    =    12215.2745  ANGLE   =      228.9050  DIHED      =      826.4185
 VDWAALS =    31751.5461  EEL     =  -202815.3261  HBOND      =        0.0000
 1-4 VDW =      254.9422  1-4 EEL =    -4467.2202  RESTRAINT  =        0.0000


   NSTEP       ENERGY          RMS            GMAX         NAME    NUMBER
   9500      -1.6201E+05     2.3394E-02     1.0823E+00     C6        425

 BOND    =    12216.4615  ANGLE   =      228.7987  DIHED      =      826.5409
 VDWAALS =    31757.5027  EEL     =  -202825.9515  HBOND      =        0.0000
 1-4 VDW =      254.9693  1-4 EEL =    -4467.2752  RESTRAINT  =        0.0000


   NSTEP       ENERGY          RMS            GMAX         NAME    NUMBER
   9550      -1.6202E+05     2.4714E-02     1.1997E+00     O       26873

 BOND    =    12218.3482  ANGLE   =      228.6369  DIHED      =      826.6936
 VDWAALS =    31765.0372  EEL     =  -202842.4361  HBOND      =        0.0000
 1-4 VDW =      255.0452  1-4 EEL =    -4467.2354  RESTRAINT  =        0.0000


   NSTEP       ENERGY          RMS            GMAX         NAME    NUMBER
   9600      -1.6202E+05     4.1650E-02     2.0316E+00     O5'       863

 BOND    =    12218.7831  ANGLE   =      228.6361  DIHED      =      826.6952
 VDWAALS =    31768.3503  EEL     =  -202852.8209  HBOND      =        0.0000
 1-4 VDW =      255.0474  1-4 EEL =    -4467.1901  RESTRAINT  =        0.0000


   NSTEP       ENERGY          RMS            GMAX         NAME    NUMBER
   9650      -1.6203E+05     3.2550E-02     1.7616E+00     C2        429

 BOND    =    12218.9117  ANGLE   =      228.5612  DIHED      =      826.7459
 VDWAALS =    31772.0417  EEL     =  -202859.8491  HBOND      =        0.0000
 1-4 VDW =      255.0619  1-4 EEL =    -4467.1814  RESTRAINT  =        0.0000


   NSTEP       ENERGY          RMS            GMAX         NAME    NUMBER
   9700      -1.6203E+05     6.1305E-02     3.7602E+00     C1'       967

 BOND    =    12221.4377  ANGLE   =      228.6457  DIHED      =      826.7569
 VDWAALS =    31778.9478  EEL     =  -202874.1889  HBOND      =        0.0000
 1-4 VDW =      255.0798  1-4 EEL =    -4467.0282  RESTRAINT  =        0.0000


   NSTEP       ENERGY          RMS            GMAX         NAME    NUMBER
   9750      -1.6203E+05     2.5945E-02     1.2607E+00     O       13565

 BOND    =    12222.2641  ANGLE   =      228.6246  DIHED      =      826.7826
 VDWAALS =    31786.4709  EEL     =  -202886.6702  HBOND      =        0.0000
 1-4 VDW =      255.0536  1-4 EEL =    -4467.1903  RESTRAINT  =        0.0000

     .... RESTARTED DUE TO LINMIN FAILURE ...


   NSTEP       ENERGY          RMS            GMAX         NAME    NUMBER
   9800      -1.6204E+05     1.6367E-01     1.2772E+01     O3'       859

 BOND    =    12228.2444  ANGLE   =      229.5108  DIHED      =      826.9609
 VDWAALS =    31790.9936  EEL     =  -202898.7771  HBOND      =        0.0000
 1-4 VDW =      254.8801  1-4 EEL =    -4467.1655  RESTRAINT  =        0.0000


   NSTEP       ENERGY          RMS            GMAX         NAME    NUMBER
   9850      -1.6204E+05     7.1204E-02     4.4746E+00     O3'       859

 BOND    =    12225.9894  ANGLE   =      228.5775  DIHED      =      826.8728
 VDWAALS =    31794.3542  EEL     =  -202902.8981  HBOND      =        0.0000
 1-4 VDW =      255.0221  1-4 EEL =    -4467.1897  RESTRAINT  =        0.0000


   NSTEP       ENERGY          RMS            GMAX         NAME    NUMBER
   9900      -1.6204E+05     5.2335E-02     2.7789E+00     O3'       859

 BOND    =    12224.3226  ANGLE   =      228.5691  DIHED      =      826.8986
 VDWAALS =    31797.2443  EEL     =  -202906.2298  HBOND      =        0.0000
 1-4 VDW =      254.9749  1-4 EEL =    -4467.1894  RESTRAINT  =        0.0000


   NSTEP       ENERGY          RMS            GMAX         NAME    NUMBER
   9950      -1.6205E+05     1.5083E-01     6.7836E+00     O2'       857

 BOND    =    12223.8059  ANGLE   =      228.4970  DIHED      =      826.9184
 VDWAALS =    31804.9279  EEL     =  -202916.9366  HBOND      =        0.0000
 1-4 VDW =      255.3041  1-4 EEL =    -4467.5613  RESTRAINT  =        0.0000


   NSTEP       ENERGY          RMS            GMAX         NAME    NUMBER
  10000      -1.6205E+05     4.2987E-02     4.0447E+00     C4        982

 BOND    =    12225.5245  ANGLE   =      228.4877  DIHED      =      826.7464
 VDWAALS =    31806.5816  EEL     =  -202922.0811  HBOND      =        0.0000
 1-4 VDW =      255.1500  1-4 EEL =    -4467.4457  RESTRAINT  =        0.0000


  Maximum number of minimization cycles reached.


                    FINAL RESULTS



   NSTEP       ENERGY          RMS            GMAX         NAME    NUMBER
  10000      -1.6205E+05     4.2987E-02     4.0447E+00     C4        982

 BOND    =    12225.5245  ANGLE   =      228.4877  DIHED      =      826.7464
 VDWAALS =    31806.5816  EEL     =  -202922.0811  HBOND      =        0.0000
 1-4 VDW =      255.1500  1-4 EEL =    -4467.4457  RESTRAINT  =        0.0000
--------------------------------------------------------------------------------
   5.  TIMINGS
--------------------------------------------------------------------------------

|  NonSetup CPU Time in Major Routines:
|
|     Routine           Sec        %
|     ------------------------------
|     Nonbond          25.84   57.93
|     Bond              0.00    0.00
|     Angle             0.00    0.00
|     Dihedral          0.00    0.00
|     Shake             0.00    0.00
|     Other            18.76   42.07
|     ------------------------------
|     Total            44.60

|  PME Nonbond Pairlist CPU Time:
|
|     Routine              Sec        %
|     ---------------------------------
|     Set Up Cit           0.00    0.00
|     Build List           0.00    0.00
|     ---------------------------------
|     Total                0.00    0.00

|  PME Direct Force CPU Time:
|
|     Routine              Sec        %
|     ---------------------------------
|     NonBonded Calc       0.00    0.00
|     Exclude Masked       0.00    0.00
|     Other                0.01    0.02
|     ---------------------------------
|     Total                0.01    0.02

|  PME Reciprocal Force CPU Time:
|
|     Routine              Sec        %
|     ---------------------------------
|     1D bspline           0.00    0.00
|     Grid Charges         0.00    0.00
|     Scalar Sum           0.00    0.00
|     Gradient Sum         0.00    0.00
|     FFT                  0.00    0.00
|     ---------------------------------
|     Total                0.00    0.00

|  Setup CPU time:            0.97 seconds
|  NonSetup CPU time:        44.60 seconds
|  Total CPU time:           45.56 seconds     0.01 hours

|  Setup wall time:           1    seconds
|  NonSetup wall time:       44    seconds
|  Total wall time:          45    seconds     0.01 hours
