
          -------------------------------------------------------
          Amber 16 PMEMD                              2016
          -------------------------------------------------------

| PMEMD implementation of SANDER, Release 16

| Run on 01/29/2021 at 11:09:49

|   Executable path: pmemd.cuda
| Working directory: /home/kyq/T7RNADNA/4/nLG4
|          Hostname: gpu01

  [-O]verwriting output

File Assignments:
|   MDIN: heat3.in                                                              
|  MDOUT: cmp_heat3.out                                                         
| INPCRD: cmp_heat2.rst                                                         
|   PARM: cmp.prmtop                                                            
| RESTRT: cmp_heat3.rst                                                         
|   REFC: cmp.inpcrd                                                            
|  MDVEL: mdvel                                                                 
|   MDEN: mden                                                                  
|  MDCRD: cmp_heat3.mdcrd                                                       
| MDINFO: mdinfo                                                                
|  MDFRC: mdfrc                                                                 

 
 Here is the input file:
 
Stage 2 equilibration 1 0-5ns                                                  
 &cntrl                                                                        
  imin=0, irest=1, ntx=5,                                                      
  nstlim=2500, dt=0.002,                                                       
  ntc=2, ntf=2,                                                                
  ntt=1, tautp=1.5,                                                            
  tempi=100.0, temp0=150.0,                                                    
  ntpr=50, ntwx=50,                                                            
  ntb=1,                                                                       
  cut=10,                                                                      
 /                                                                             


Note: ig = -1. Setting random seed to   123507 based on wallclock time in 
      microseconds.
 
|--------------------- INFORMATION ----------------------
| GPU (CUDA) Version of PMEMD in use: NVIDIA GPU IN USE.
|                    Version 16.0.0
| 
|                      02/25/2016
| 
| Implementation by:
|                    Ross C. Walker     (SDSC)
|                    Scott Le Grand     (nVIDIA)
| 
| Precision model in use:
|      [SPFP] - Single Precision Forces, 64-bit Fixed Point
|               Accumulation. (Default)
| 
|--------------------------------------------------------
 
|----------------- CITATION INFORMATION -----------------
|
|    When publishing work that utilized the CUDA version
|    of AMBER, please cite the following in addition to
|    the regular AMBER citations:
|
|  - Romelia Salomon-Ferrer; Andreas W. Goetz; Duncan
|    Poole; Scott Le Grand; Ross C. Walker "Routine
|    microsecond molecular dynamics simulations with
|    AMBER - Part II: Particle Mesh Ewald", J. Chem.
|    Theory Comput., 2013, 9 (9), pp3878-3888,
|    DOI: 10.1021/ct400314y.
|
|  - Andreas W. Goetz; Mark J. Williamson; Dong Xu;
|    Duncan Poole; Scott Le Grand; Ross C. Walker
|    "Routine microsecond molecular dynamics simulations
|    with AMBER - Part I: Generalized Born", J. Chem.
|    Theory Comput., 2012, 8 (5), pp1542-1555.
|
|  - Scott Le Grand; Andreas W. Goetz; Ross C. Walker
|    "SPFP: Speed without compromise - a mixed precision
|    model for GPU accelerated molecular dynamics
|    simulations.", Comp. Phys. Comm., 2013, 184
|    pp374-380, DOI: 10.1016/j.cpc.2012.09.022
|
|--------------------------------------------------------
 
|------------------- GPU DEVICE INFO --------------------
|
|            CUDA_VISIBLE_DEVICES: 0
|   CUDA Capable Devices Detected:      1
|           CUDA Device ID in use:      0
|                CUDA Device Name: Tesla P100-PCIE-16GB
|     CUDA Device Global Mem Size:  16276 MB
| CUDA Device Num Multiprocessors:     56
|           CUDA Device Core Freq:   1.33 GHz
|
|--------------------------------------------------------
 
 
| Conditional Compilation Defines Used:
| PUBFFT
| BINTRAJ
| CUDA
| EMIL
 
| Largest sphere to fit in unit cell has radius =    33.338

| New format PARM file being parsed.
| Version =    1.000 Date = 01/29/21 Time = 11:07:54

| Note: 1-4 EEL scale factors are being read from the topology file.

| Note: 1-4 VDW scale factors are being read from the topology file.
| Duplicated    0 dihedrals

| Duplicated    0 dihedrals

--------------------------------------------------------------------------------
   1.  RESOURCE   USE: 
--------------------------------------------------------------------------------

 getting box info from netcdf restart file
 NATOM  =   37057 NTYPES =      18 NBONH =   36318 MBONA  =     790
 NTHETH =     882 MTHETA =    1223 NPHIH =    1873 MPHIA  =    2451
 NHPARM =       0 NPARM  =       0 NNB   =   54006 NRES   =   12045
 NBONA  =     790 NTHETA =    1223 NPHIA =    2451 NUMBND =      73
 NUMANG =     152 NPTRA  =      87 NATYP =      37 NPHB   =       1
 IFBOX  =       2 NMXRS  =      34 IFCAP =       0 NEXTRA =       0
 NCOPY  =       0

| Coordinate Index Table dimensions:    13   13   13
| Direct force subcell size =     6.2816    6.2816    6.2816

     BOX TYPE: TRUNCATED OCTAHEDRON

--------------------------------------------------------------------------------
   2.  CONTROL  DATA  FOR  THE  RUN
--------------------------------------------------------------------------------

default_name                                                                    

General flags:
     imin    =       0, nmropt  =       0

Nature and format of input:
     ntx     =       5, irest   =       1, ntrx    =       1

Nature and format of output:
     ntxo    =       2, ntpr    =      50, ntrx    =       1, ntwr    =    2500
     iwrap   =       0, ntwx    =      50, ntwv    =       0, ntwe    =       0
     ioutfm  =       1, ntwprt  =       0, idecomp =       0, rbornstat=      0

Potential function:
     ntf     =       2, ntb     =       1, igb     =       0, nsnb    =      25
     ipol    =       0, gbsa    =       0, iesp    =       0
     dielc   =   1.00000, cut     =  10.00000, intdiel =   1.00000

Frozen or restrained atoms:
     ibelly  =       0, ntr     =       0

Molecular dynamics:
     nstlim  =      2500, nscm    =      1000, nrespa  =         1
     t       =   0.00000, dt      =   0.00200, vlimit  =  -1.00000

Berendsen (weak-coupling) temperature regulation:
     temp0   = 150.00000, tempi   = 100.00000, tautp   =   1.50000

SHAKE:
     ntc     =       2, jfastw  =       0
     tol     =   0.00001

| Intermolecular bonds treatment:
|     no_intermolecular_bonds =       1

| Energy averages sample interval:
|     ene_avg_sampling =      50

Ewald parameters:
     verbose =       0, ew_type =       0, nbflag  =       1, use_pme =       1
     vdwmeth =       1, eedmeth =       1, netfrc  =       1
     Box X =   81.661   Box Y =   81.661   Box Z =   81.661
     Alpha =  109.471   Beta  =  109.471   Gamma =  109.471
     NFFT1 =   84       NFFT2 =   84       NFFT3 =   84
     Cutoff=   10.000   Tol   =0.100E-04
     Ewald Coefficient =  0.27511
     Interpolation order =    4

--------------------------------------------------------------------------------
   3.  ATOMIC COORDINATES AND VELOCITIES
--------------------------------------------------------------------------------

default_name                                                                    
 begin time read from input coords =    10.000 ps

 
 Number of triangulated 3-point waters found:    11979

     Sum of charges from parm topology file =   0.00000010
     Forcing neutrality...

| Dynamic Memory, Types Used:
| Reals             1071931
| Integers           890144

| Nonbonded Pairs Initial Allocation:    11208816

| GPU memory information (estimate):
| KB of GPU memory in use:    207104
| KB of CPU memory in use:     61952

--------------------------------------------------------------------------------
   4.  RESULTS
--------------------------------------------------------------------------------

 ---------------------------------------------------
 APPROXIMATING switch and d/dx switch using CUBIC SPLINE INTERPOLATION
 using   5000.0 points per unit in tabled values
 TESTING RELATIVE ERROR over r ranging from 0.0 to cutoff
| CHECK switch(x): max rel err =   0.3316E-14   at   2.351880
| CHECK d/dx switch(x): max rel err =   0.8066E-11   at   2.747240
 ---------------------------------------------------
|---------------------------------------------------
| APPROXIMATING direct energy using CUBIC SPLINE INTERPOLATION
|  with   50.0 points per unit in tabled values
| Relative Error Limit not exceeded for r .gt.   2.34
| APPROXIMATING direct force using CUBIC SPLINE INTERPOLATION
|  with   50.0 points per unit in tabled values
| Relative Error Limit not exceeded for r .gt.   2.81
|---------------------------------------------------

 NSTEP =       50   TIME(PS) =      10.100  TEMP(K) =    94.73  PRESS =     0.0
 Etot   =   -141423.9234  EKtot   =      7045.1299  EPtot      =   -148469.0533
 BOND   =        88.1900  ANGLE   =       289.5171  DIHED      =       850.1656
 1-4 NB =       267.1128  1-4 EEL =     -4490.6463  VDWAALS    =     24775.7865
 EELEC  =   -170249.1789  EHBOND  =         0.0000  RESTRAINT  =         0.0000
 ------------------------------------------------------------------------------


 NSTEP =      100   TIME(PS) =      10.200  TEMP(K) =    96.53  PRESS =     0.0
 Etot   =   -141155.0011  EKtot   =      7178.7012  EPtot      =   -148333.7023
 BOND   =        86.6444  ANGLE   =       292.4087  DIHED      =       857.3581
 1-4 NB =       269.2101  1-4 EEL =     -4492.2890  VDWAALS    =     24744.4159
 EELEC  =   -170091.4505  EHBOND  =         0.0000  RESTRAINT  =         0.0000
 ------------------------------------------------------------------------------


 NSTEP =      150   TIME(PS) =      10.300  TEMP(K) =    97.68  PRESS =     0.0
 Etot   =   -140891.4762  EKtot   =      7264.7871  EPtot      =   -148156.2633
 BOND   =        90.5671  ANGLE   =       288.7245  DIHED      =       854.2411
 1-4 NB =       267.7397  1-4 EEL =     -4475.4014  VDWAALS    =     24653.8580
 EELEC  =   -169835.9922  EHBOND  =         0.0000  RESTRAINT  =         0.0000
 ------------------------------------------------------------------------------


 NSTEP =      200   TIME(PS) =      10.400  TEMP(K) =    98.86  PRESS =     0.0
 Etot   =   -140635.3351  EKtot   =      7352.1162  EPtot      =   -147987.4513
 BOND   =        96.2684  ANGLE   =       296.0722  DIHED      =       851.9642
 1-4 NB =       274.6856  1-4 EEL =     -4482.8957  VDWAALS    =     24568.2744
 EELEC  =   -169591.8203  EHBOND  =         0.0000  RESTRAINT  =         0.0000
 ------------------------------------------------------------------------------


 NSTEP =      250   TIME(PS) =      10.500  TEMP(K) =   101.49  PRESS =     0.0
 Etot   =   -140389.8784  EKtot   =      7548.1465  EPtot      =   -147938.0249
 BOND   =        89.4050  ANGLE   =       300.0044  DIHED      =       859.0040
 1-4 NB =       266.0393  1-4 EEL =     -4473.7361  VDWAALS    =     24621.6039
 EELEC  =   -169600.3453  EHBOND  =         0.0000  RESTRAINT  =         0.0000
 ------------------------------------------------------------------------------


 NSTEP =      300   TIME(PS) =      10.600  TEMP(K) =   102.62  PRESS =     0.0
 Etot   =   -140153.1073  EKtot   =      7631.6328  EPtot      =   -147784.7401
 BOND   =        93.9151  ANGLE   =       304.4412  DIHED      =       845.1676
 1-4 NB =       264.4990  1-4 EEL =     -4480.2234  VDWAALS    =     24570.2152
 EELEC  =   -169382.7548  EHBOND  =         0.0000  RESTRAINT  =         0.0000
 ------------------------------------------------------------------------------


 NSTEP =      350   TIME(PS) =      10.700  TEMP(K) =   104.58  PRESS =     0.0
 Etot   =   -139924.2629  EKtot   =      7777.7222  EPtot      =   -147701.9851
 BOND   =        93.2022  ANGLE   =       296.3534  DIHED      =       838.9869
 1-4 NB =       267.5012  1-4 EEL =     -4469.5087  VDWAALS    =     24654.1972
 EELEC  =   -169382.7173  EHBOND  =         0.0000  RESTRAINT  =         0.0000
 ------------------------------------------------------------------------------


 NSTEP =      400   TIME(PS) =      10.800  TEMP(K) =   105.19  PRESS =     0.0
 Etot   =   -139702.5375  EKtot   =      7822.8018  EPtot      =   -147525.3392
 BOND   =        90.8170  ANGLE   =       311.0031  DIHED      =       843.9101
 1-4 NB =       267.4567  1-4 EEL =     -4474.4538  VDWAALS    =     24535.3162
 EELEC  =   -169099.3885  EHBOND  =         0.0000  RESTRAINT  =         0.0000
 ------------------------------------------------------------------------------


 NSTEP =      450   TIME(PS) =      10.900  TEMP(K) =   107.09  PRESS =     0.0
 Etot   =   -139486.9044  EKtot   =      7964.1348  EPtot      =   -147451.0392
 BOND   =        95.6207  ANGLE   =       300.1326  DIHED      =       846.3752
 1-4 NB =       270.5432  1-4 EEL =     -4487.7116  VDWAALS    =     24537.3336
 EELEC  =   -169013.3329  EHBOND  =         0.0000  RESTRAINT  =         0.0000
 ------------------------------------------------------------------------------


 NSTEP =      500   TIME(PS) =      11.000  TEMP(K) =   108.67  PRESS =     0.0
 Etot   =   -139279.1476  EKtot   =      8081.7637  EPtot      =   -147360.9113
 BOND   =        96.8404  ANGLE   =       305.3823  DIHED      =       850.7153
 1-4 NB =       273.7856  1-4 EEL =     -4485.7489  VDWAALS    =     24347.0337
 EELEC  =   -168748.9196  EHBOND  =         0.0000  RESTRAINT  =         0.0000
 ------------------------------------------------------------------------------


 NSTEP =      550   TIME(PS) =      11.100  TEMP(K) =   108.72  PRESS =     0.0
 Etot   =   -139076.1080  EKtot   =      8085.2979  EPtot      =   -147161.4059
 BOND   =        95.6295  ANGLE   =       309.8462  DIHED      =       849.0595
 1-4 NB =       273.0030  1-4 EEL =     -4501.6633  VDWAALS    =     24330.8196
 EELEC  =   -168518.1003  EHBOND  =         0.0000  RESTRAINT  =         0.0000
 ------------------------------------------------------------------------------


 NSTEP =      600   TIME(PS) =      11.200  TEMP(K) =   110.10  PRESS =     0.0
 Etot   =   -138879.0243  EKtot   =      8188.3428  EPtot      =   -147067.3671
 BOND   =        89.2874  ANGLE   =       310.6357  DIHED      =       846.9443
 1-4 NB =       263.9674  1-4 EEL =     -4473.9022  VDWAALS    =     24308.1228
 EELEC  =   -168412.4225  EHBOND  =         0.0000  RESTRAINT  =         0.0000
 ------------------------------------------------------------------------------


 NSTEP =      650   TIME(PS) =      11.300  TEMP(K) =   112.87  PRESS =     0.0
 Etot   =   -138689.2096  EKtot   =      8394.4277  EPtot      =   -147083.6374
 BOND   =        92.5743  ANGLE   =       325.2398  DIHED      =       844.1636
 1-4 NB =       266.1335  1-4 EEL =     -4459.6609  VDWAALS    =     24272.7682
 EELEC  =   -168424.8558  EHBOND  =         0.0000  RESTRAINT  =         0.0000
 ------------------------------------------------------------------------------


 NSTEP =      700   TIME(PS) =      11.400  TEMP(K) =   113.41  PRESS =     0.0
 Etot   =   -138506.2936  EKtot   =      8434.4844  EPtot      =   -146940.7780
 BOND   =       100.8452  ANGLE   =       303.8777  DIHED      =       846.1416
 1-4 NB =       274.0691  1-4 EEL =     -4467.2458  VDWAALS    =     24480.8264
 EELEC  =   -168479.2922  EHBOND  =         0.0000  RESTRAINT  =         0.0000
 ------------------------------------------------------------------------------


 NSTEP =      750   TIME(PS) =      11.500  TEMP(K) =   114.38  PRESS =     0.0
 Etot   =   -138327.5322  EKtot   =      8506.6738  EPtot      =   -146834.2060
 BOND   =        95.2004  ANGLE   =       326.6115  DIHED      =       854.2746
 1-4 NB =       273.0899  1-4 EEL =     -4488.5463  VDWAALS    =     24219.2431
 EELEC  =   -168114.0793  EHBOND  =         0.0000  RESTRAINT  =         0.0000
 ------------------------------------------------------------------------------


 NSTEP =      800   TIME(PS) =      11.600  TEMP(K) =   116.16  PRESS =     0.0
 Etot   =   -138156.5413  EKtot   =      8639.1348  EPtot      =   -146795.6761
 BOND   =       108.6390  ANGLE   =       312.2603  DIHED      =       846.8770
 1-4 NB =       269.6626  1-4 EEL =     -4493.1447  VDWAALS    =     24385.7162
 EELEC  =   -168225.6866  EHBOND  =         0.0000  RESTRAINT  =         0.0000
 ------------------------------------------------------------------------------


 NSTEP =      850   TIME(PS) =      11.700  TEMP(K) =   117.50  PRESS =     0.0
 Etot   =   -137992.2058  EKtot   =      8738.4922  EPtot      =   -146730.6980
 BOND   =        94.0261  ANGLE   =       324.7281  DIHED      =       843.3796
 1-4 NB =       272.0922  1-4 EEL =     -4467.6484  VDWAALS    =     24255.6244
 EELEC  =   -168052.9000  EHBOND  =         0.0000  RESTRAINT  =         0.0000
 ------------------------------------------------------------------------------


 NSTEP =      900   TIME(PS) =      11.800  TEMP(K) =   117.61  PRESS =     0.0
 Etot   =   -137829.8824  EKtot   =      8746.6914  EPtot      =   -146576.5738
 BOND   =        91.6560  ANGLE   =       312.6797  DIHED      =       850.5277
 1-4 NB =       274.0230  1-4 EEL =     -4471.8062  VDWAALS    =     24304.8497
 EELEC  =   -167938.5036  EHBOND  =         0.0000  RESTRAINT  =         0.0000
 ------------------------------------------------------------------------------


 NSTEP =      950   TIME(PS) =      11.900  TEMP(K) =   118.23  PRESS =     0.0
 Etot   =   -137672.4701  EKtot   =      8792.7266  EPtot      =   -146465.1967
 BOND   =        99.9204  ANGLE   =       318.6559  DIHED      =       844.6817
 1-4 NB =       269.5240  1-4 EEL =     -4468.9579  VDWAALS    =     24110.9939
 EELEC  =   -167640.0146  EHBOND  =         0.0000  RESTRAINT  =         0.0000
 ------------------------------------------------------------------------------

check COM velocity, temp:        0.000027     0.00(Removed)

 NSTEP =     1000   TIME(PS) =      12.000  TEMP(K) =   120.37  PRESS =     0.0
 Etot   =   -137521.4527  EKtot   =      8951.8389  EPtot      =   -146473.2916
 BOND   =       100.3786  ANGLE   =       307.7890  DIHED      =       846.2918
 1-4 NB =       267.8226  1-4 EEL =     -4480.7684  VDWAALS    =     24213.5704
 EELEC  =   -167728.3755  EHBOND  =         0.0000  RESTRAINT  =         0.0000
 ------------------------------------------------------------------------------


 NSTEP =     1050   TIME(PS) =      12.100  TEMP(K) =   121.51  PRESS =     0.0
 Etot   =   -137375.8010  EKtot   =      9036.9766  EPtot      =   -146412.7775
 BOND   =        98.4052  ANGLE   =       315.2306  DIHED      =       854.6954
 1-4 NB =       269.6279  1-4 EEL =     -4466.6714  VDWAALS    =     24047.6895
 EELEC  =   -167531.7548  EHBOND  =         0.0000  RESTRAINT  =         0.0000
 ------------------------------------------------------------------------------


 NSTEP =     1100   TIME(PS) =      12.200  TEMP(K) =   122.35  PRESS =     0.0
 Etot   =   -137234.1745  EKtot   =      9099.0391  EPtot      =   -146333.2136
 BOND   =        97.7063  ANGLE   =       323.7311  DIHED      =       853.2188
 1-4 NB =       265.9981  1-4 EEL =     -4470.2484  VDWAALS    =     24046.3347
 EELEC  =   -167449.9540  EHBOND  =         0.0000  RESTRAINT  =         0.0000
 ------------------------------------------------------------------------------


 NSTEP =     1150   TIME(PS) =      12.300  TEMP(K) =   123.01  PRESS =     0.0
 Etot   =   -137099.8171  EKtot   =      9148.4170  EPtot      =   -146248.2341
 BOND   =       100.1825  ANGLE   =       319.4579  DIHED      =       846.4610
 1-4 NB =       268.1256  1-4 EEL =     -4448.0965  VDWAALS    =     24155.1474
 EELEC  =   -167489.5121  EHBOND  =         0.0000  RESTRAINT  =         0.0000
 ------------------------------------------------------------------------------


 NSTEP =     1200   TIME(PS) =      12.400  TEMP(K) =   123.85  PRESS =     0.0
 Etot   =   -136967.8645  EKtot   =      9210.5566  EPtot      =   -146178.4211
 BOND   =       101.9541  ANGLE   =       311.2702  DIHED      =       853.5869
 1-4 NB =       270.5948  1-4 EEL =     -4467.0192  VDWAALS    =     24159.3473
 EELEC  =   -167408.1552  EHBOND  =         0.0000  RESTRAINT  =         0.0000
 ------------------------------------------------------------------------------


 NSTEP =     1250   TIME(PS) =      12.500  TEMP(K) =   124.75  PRESS =     0.0
 Etot   =   -136841.6236  EKtot   =      9277.4961  EPtot      =   -146119.1197
 BOND   =       109.3223  ANGLE   =       324.4860  DIHED      =       853.7929
 1-4 NB =       271.4794  1-4 EEL =     -4467.2713  VDWAALS    =     24172.0426
 EELEC  =   -167382.9716  EHBOND  =         0.0000  RESTRAINT  =         0.0000
 ------------------------------------------------------------------------------


 NSTEP =     1300   TIME(PS) =      12.600  TEMP(K) =   125.53  PRESS =     0.0
 Etot   =   -136718.1322  EKtot   =      9335.9268  EPtot      =   -146054.0590
 BOND   =       103.8872  ANGLE   =       316.6246  DIHED      =       849.7238
 1-4 NB =       276.1977  1-4 EEL =     -4477.3463  VDWAALS    =     24048.6624
 EELEC  =   -167171.8083  EHBOND  =         0.0000  RESTRAINT  =         0.0000
 ------------------------------------------------------------------------------


 NSTEP =     1350   TIME(PS) =      12.700  TEMP(K) =   125.92  PRESS =     0.0
 Etot   =   -136596.9623  EKtot   =      9364.5059  EPtot      =   -145961.4681
 BOND   =        98.7995  ANGLE   =       320.8676  DIHED      =       858.7189
 1-4 NB =       271.9256  1-4 EEL =     -4472.7921  VDWAALS    =     24097.2637
 EELEC  =   -167136.2513  EHBOND  =         0.0000  RESTRAINT  =         0.0000
 ------------------------------------------------------------------------------


 NSTEP =     1400   TIME(PS) =      12.800  TEMP(K) =   127.64  PRESS =     0.0
 Etot   =   -136483.7286  EKtot   =      9492.4990  EPtot      =   -145976.2276
 BOND   =       104.9572  ANGLE   =       330.6725  DIHED      =       851.8081
 1-4 NB =       267.0856  1-4 EEL =     -4470.1028  VDWAALS    =     24121.9241
 EELEC  =   -167182.5723  EHBOND  =         0.0000  RESTRAINT  =         0.0000
 ------------------------------------------------------------------------------


 NSTEP =     1450   TIME(PS) =      12.900  TEMP(K) =   128.10  PRESS =     0.0
 Etot   =   -136373.7741  EKtot   =      9527.0410  EPtot      =   -145900.8151
 BOND   =       106.5026  ANGLE   =       317.5175  DIHED      =       843.8785
 1-4 NB =       273.4851  1-4 EEL =     -4478.1008  VDWAALS    =     23936.5624
 EELEC  =   -166900.6604  EHBOND  =         0.0000  RESTRAINT  =         0.0000
 ------------------------------------------------------------------------------


 NSTEP =     1500   TIME(PS) =      13.000  TEMP(K) =   128.52  PRESS =     0.0
 Etot   =   -136265.2517  EKtot   =      9558.4629  EPtot      =   -145823.7146
 BOND   =       107.8675  ANGLE   =       334.0361  DIHED      =       852.2892
 1-4 NB =       267.8477  1-4 EEL =     -4468.1702  VDWAALS    =     23893.6260
 EELEC  =   -166811.2109  EHBOND  =         0.0000  RESTRAINT  =         0.0000
 ------------------------------------------------------------------------------


 NSTEP =     1550   TIME(PS) =      13.100  TEMP(K) =   129.45  PRESS =     0.0
 Etot   =   -136162.6719  EKtot   =      9626.9727  EPtot      =   -145789.6445
 BOND   =       110.2183  ANGLE   =       328.3456  DIHED      =       844.7432
 1-4 NB =       268.1119  1-4 EEL =     -4475.0783  VDWAALS    =     23926.4963
 EELEC  =   -166792.4814  EHBOND  =         0.0000  RESTRAINT  =         0.0000
 ------------------------------------------------------------------------------


 NSTEP =     1600   TIME(PS) =      13.200  TEMP(K) =   130.71  PRESS =     0.0
 Etot   =   -136060.6932  EKtot   =      9721.1104  EPtot      =   -145781.8035
 BOND   =       104.1683  ANGLE   =       334.0095  DIHED      =       847.8403
 1-4 NB =       272.4789  1-4 EEL =     -4477.6593  VDWAALS    =     23892.4190
 EELEC  =   -166755.0603  EHBOND  =         0.0000  RESTRAINT  =         0.0000
 ------------------------------------------------------------------------------


 NSTEP =     1650   TIME(PS) =      13.300  TEMP(K) =   131.14  PRESS =     0.0
 Etot   =   -135965.0046  EKtot   =      9753.2773  EPtot      =   -145718.2819
 BOND   =       116.1318  ANGLE   =       321.1703  DIHED      =       857.3008
 1-4 NB =       272.0842  1-4 EEL =     -4488.1086  VDWAALS    =     23960.1579
 EELEC  =   -166757.0182  EHBOND  =         0.0000  RESTRAINT  =         0.0000
 ------------------------------------------------------------------------------


 NSTEP =     1700   TIME(PS) =      13.400  TEMP(K) =   130.81  PRESS =     0.0
 Etot   =   -135869.0375  EKtot   =      9728.3926  EPtot      =   -145597.4301
 BOND   =       111.9015  ANGLE   =       330.8357  DIHED      =       852.1381
 1-4 NB =       268.7587  1-4 EEL =     -4484.8613  VDWAALS    =     23983.4870
 EELEC  =   -166659.6898  EHBOND  =         0.0000  RESTRAINT  =         0.0000
 ------------------------------------------------------------------------------


 NSTEP =     1750   TIME(PS) =      13.500  TEMP(K) =   131.71  PRESS =     0.0
 Etot   =   -135777.6949  EKtot   =      9795.0947  EPtot      =   -145572.7896
 BOND   =       101.8057  ANGLE   =       313.8189  DIHED      =       859.4014
 1-4 NB =       271.5078  1-4 EEL =     -4459.9240  VDWAALS    =     23976.2812
 EELEC  =   -166635.6805  EHBOND  =         0.0000  RESTRAINT  =         0.0000
 ------------------------------------------------------------------------------


 NSTEP =     1800   TIME(PS) =      13.600  TEMP(K) =   132.81  PRESS =     0.0
 Etot   =   -135689.0594  EKtot   =      9876.8330  EPtot      =   -145565.8924
 BOND   =       113.5466  ANGLE   =       338.1409  DIHED      =       859.2953
 1-4 NB =       271.5454  1-4 EEL =     -4481.7271  VDWAALS    =     23752.3983
 EELEC  =   -166419.0919  EHBOND  =         0.0000  RESTRAINT  =         0.0000
 ------------------------------------------------------------------------------


 NSTEP =     1850   TIME(PS) =      13.700  TEMP(K) =   133.08  PRESS =     0.0
 Etot   =   -135603.9957  EKtot   =      9897.0840  EPtot      =   -145501.0797
 BOND   =       101.5606  ANGLE   =       324.5644  DIHED      =       857.6508
 1-4 NB =       274.8880  1-4 EEL =     -4447.9507  VDWAALS    =     23801.4567
 EELEC  =   -166413.2496  EHBOND  =         0.0000  RESTRAINT  =         0.0000
 ------------------------------------------------------------------------------


 NSTEP =     1900   TIME(PS) =      13.800  TEMP(K) =   134.26  PRESS =     0.0
 Etot   =   -135521.8235  EKtot   =      9984.8291  EPtot      =   -145506.6526
 BOND   =       107.4052  ANGLE   =       331.0026  DIHED      =       853.3818
 1-4 NB =       271.2000  1-4 EEL =     -4465.8238  VDWAALS    =     23799.4126
 EELEC  =   -166403.2311  EHBOND  =         0.0000  RESTRAINT  =         0.0000
 ------------------------------------------------------------------------------


 NSTEP =     1950   TIME(PS) =      13.900  TEMP(K) =   134.44  PRESS =     0.0
 Etot   =   -135442.5788  EKtot   =      9998.7441  EPtot      =   -145441.3229
 BOND   =       108.8149  ANGLE   =       331.2383  DIHED      =       858.0401
 1-4 NB =       275.1909  1-4 EEL =     -4465.5050  VDWAALS    =     23910.8716
 EELEC  =   -166459.9736  EHBOND  =         0.0000  RESTRAINT  =         0.0000
 ------------------------------------------------------------------------------

check COM velocity, temp:        0.000009     0.00(Removed)

 NSTEP =     2000   TIME(PS) =      14.000  TEMP(K) =   134.49  PRESS =     0.0
 Etot   =   -135369.1590  EKtot   =     10001.7969  EPtot      =   -145370.9559
 BOND   =       116.0660  ANGLE   =       351.3708  DIHED      =       851.0507
 1-4 NB =       269.6821  1-4 EEL =     -4482.9342  VDWAALS    =     23720.0260
 EELEC  =   -166196.2173  EHBOND  =         0.0000  RESTRAINT  =         0.0000
 ------------------------------------------------------------------------------


 NSTEP =     2050   TIME(PS) =      14.100  TEMP(K) =   134.84  PRESS =     0.0
 Etot   =   -135293.2504  EKtot   =     10027.8613  EPtot      =   -145321.1117
 BOND   =       112.3650  ANGLE   =       341.7920  DIHED      =       860.3672
 1-4 NB =       271.6464  1-4 EEL =     -4479.9586  VDWAALS    =     23683.8875
 EELEC  =   -166111.2111  EHBOND  =         0.0000  RESTRAINT  =         0.0000
 ------------------------------------------------------------------------------


 NSTEP =     2100   TIME(PS) =      14.200  TEMP(K) =   135.35  PRESS =     0.0
 Etot   =   -135222.7240  EKtot   =     10066.0645  EPtot      =   -145288.7884
 BOND   =       108.9821  ANGLE   =       337.8104  DIHED      =       863.2991
 1-4 NB =       266.8134  1-4 EEL =     -4480.8193  VDWAALS    =     23984.9233
 EELEC  =   -166369.7974  EHBOND  =         0.0000  RESTRAINT  =         0.0000
 ------------------------------------------------------------------------------


 NSTEP =     2150   TIME(PS) =      14.300  TEMP(K) =   135.80  PRESS =     0.0
 Etot   =   -135153.6736  EKtot   =     10099.3496  EPtot      =   -145253.0233
 BOND   =       116.1608  ANGLE   =       339.8144  DIHED      =       858.8283
 1-4 NB =       265.4032  1-4 EEL =     -4477.5041  VDWAALS    =     23800.5430
 EELEC  =   -166156.2690  EHBOND  =         0.0000  RESTRAINT  =         0.0000
 ------------------------------------------------------------------------------


 NSTEP =     2200   TIME(PS) =      14.400  TEMP(K) =   137.41  PRESS =     0.0
 Etot   =   -135088.3373  EKtot   =     10219.1875  EPtot      =   -145307.5248
 BOND   =       116.4127  ANGLE   =       352.8767  DIHED      =       855.9074
 1-4 NB =       273.5268  1-4 EEL =     -4490.4357  VDWAALS    =     23729.0765
 EELEC  =   -166144.8892  EHBOND  =         0.0000  RESTRAINT  =         0.0000
 ------------------------------------------------------------------------------


 NSTEP =     2250   TIME(PS) =      14.500  TEMP(K) =   136.92  PRESS =     0.0
 Etot   =   -135021.5899  EKtot   =     10183.1465  EPtot      =   -145204.7364
 BOND   =       120.5043  ANGLE   =       337.9370  DIHED      =       857.6319
 1-4 NB =       272.2879  1-4 EEL =     -4488.2418  VDWAALS    =     23486.5896
 EELEC  =   -165791.4451  EHBOND  =         0.0000  RESTRAINT  =         0.0000
 ------------------------------------------------------------------------------


 NSTEP =     2300   TIME(PS) =      14.600  TEMP(K) =   137.29  PRESS =     0.0
 Etot   =   -134957.2724  EKtot   =     10210.2939  EPtot      =   -145167.5664
 BOND   =       118.6616  ANGLE   =       347.6481  DIHED      =       856.4325
 1-4 NB =       264.7745  1-4 EEL =     -4481.5197  VDWAALS    =     23592.6091
 EELEC  =   -165866.1725  EHBOND  =         0.0000  RESTRAINT  =         0.0000
 ------------------------------------------------------------------------------


 NSTEP =     2350   TIME(PS) =      14.700  TEMP(K) =   139.13  PRESS =     0.0
 Etot   =   -134897.7581  EKtot   =     10346.9473  EPtot      =   -145244.7054
 BOND   =       116.0759  ANGLE   =       334.7450  DIHED      =       862.1094
 1-4 NB =       279.2412  1-4 EEL =     -4488.6923  VDWAALS    =     23663.5415
 EELEC  =   -166011.7262  EHBOND  =         0.0000  RESTRAINT  =         0.0000
 ------------------------------------------------------------------------------


 NSTEP =     2400   TIME(PS) =      14.800  TEMP(K) =   137.57  PRESS =     0.0
 Etot   =   -134839.4966  EKtot   =     10231.4883  EPtot      =   -145070.9849
 BOND   =       117.6027  ANGLE   =       359.8067  DIHED      =       853.9832
 1-4 NB =       260.7946  1-4 EEL =     -4485.7346  VDWAALS    =     23730.8243
 EELEC  =   -165908.2617  EHBOND  =         0.0000  RESTRAINT  =         0.0000
 ------------------------------------------------------------------------------


 NSTEP =     2450   TIME(PS) =      14.900  TEMP(K) =   139.34  PRESS =     0.0
 Etot   =   -134785.2294  EKtot   =     10362.5996  EPtot      =   -145147.8290
 BOND   =       125.8921  ANGLE   =       347.5202  DIHED      =       860.5063
 1-4 NB =       269.1357  1-4 EEL =     -4478.5834  VDWAALS    =     23859.8560
 EELEC  =   -166132.1560  EHBOND  =         0.0000  RESTRAINT  =         0.0000
 ------------------------------------------------------------------------------


 NSTEP =     2500   TIME(PS) =      15.000  TEMP(K) =   139.58  PRESS =     0.0
 Etot   =   -134736.7227  EKtot   =     10380.6279  EPtot      =   -145117.3506
 BOND   =       123.5280  ANGLE   =       348.3848  DIHED      =       860.5999
 1-4 NB =       276.3836  1-4 EEL =     -4499.4679  VDWAALS    =     23703.6833
 EELEC  =   -165930.4623  EHBOND  =         0.0000  RESTRAINT  =         0.0000
 ------------------------------------------------------------------------------


      A V E R A G E S   O V E R      50 S T E P S


 NSTEP =     2500   TIME(PS) =      15.000  TEMP(K) =   122.28  PRESS =     0.0
 Etot   =   -137222.1439  EKtot   =      9094.1534  EPtot      =   -146316.2973
 BOND   =       103.7403  ANGLE   =       322.0618  DIHED      =       852.3782
 1-4 NB =       270.1957  1-4 EEL =     -4477.0462  VDWAALS    =     24110.5542
 EELEC  =   -167498.1813  EHBOND  =         0.0000  RESTRAINT  =         0.0000
 ------------------------------------------------------------------------------


      R M S  F L U C T U A T I O N S


 NSTEP =     2500   TIME(PS) =      15.000  TEMP(K) =    13.06  PRESS =     0.0
 Etot   =      1940.2566  EKtot   =       971.5771  EPtot      =       970.0807
 BOND   =        10.0951  ANGLE   =        17.2692  DIHED      =         5.8652
 1-4 NB =         3.6670  1-4 EEL =        11.2873  VDWAALS    =       327.4698
 EELEC  =      1259.2540  EHBOND  =         0.0000  RESTRAINT  =         0.0000
 ------------------------------------------------------------------------------

--------------------------------------------------------------------------------
   5.  TIMINGS
--------------------------------------------------------------------------------

|  NonSetup CPU Time in Major Routines:
|
|     Routine           Sec        %
|     ------------------------------
|     Nonbond           0.96    8.85
|     Bond              0.00    0.00
|     Angle             0.00    0.00
|     Dihedral          0.00    0.00
|     Shake             0.02    0.18
|     RunMD             9.91   90.88
|     Other             0.01    0.09
|     ------------------------------
|     Total            10.90

|  PME Nonbond Pairlist CPU Time:
|
|     Routine              Sec        %
|     ---------------------------------
|     Set Up Cit           0.00    0.00
|     Build List           0.00    0.00
|     ---------------------------------
|     Total                0.00    0.00

|  PME Direct Force CPU Time:
|
|     Routine              Sec        %
|     ---------------------------------
|     NonBonded Calc       0.00    0.00
|     Exclude Masked       0.00    0.00
|     Other                0.01    0.06
|     ---------------------------------
|     Total                0.01    0.06

|  PME Reciprocal Force CPU Time:
|
|     Routine              Sec        %
|     ---------------------------------
|     1D bspline           0.00    0.00
|     Grid Charges         0.00    0.00
|     Scalar Sum           0.00    0.00
|     Gradient Sum         0.00    0.00
|     FFT                  0.00    0.00
|     ---------------------------------
|     Total                0.00    0.00

|  Final Performance Info:
|     -----------------------------------------------------
|     Average timings for last    2450 steps:
|     Elapsed(s) =      10.68 Per Step(ms) =       4.36
|         ns/day =      39.65   seconds/ns =    2179.04
|
|     Average timings for all steps:
|     Elapsed(s) =      10.90 Per Step(ms) =       4.36
|         ns/day =      39.63   seconds/ns =    2180.21
|     -----------------------------------------------------

|  Setup CPU time:            0.92 seconds
|  NonSetup CPU time:        10.90 seconds
|  Total CPU time:           11.82 seconds     0.00 hours

|  Setup wall time:           1    seconds
|  NonSetup wall time:       11    seconds
|  Total wall time:          12    seconds     0.00 hours
