
          -------------------------------------------------------
          Amber 16 PMEMD                              2016
          -------------------------------------------------------

| PMEMD implementation of SANDER, Release 16

| Run on 01/29/2021 at 11:09:56

|   Executable path: pmemd.cuda
| Working directory: /home/kyq/T7RNADNA/4/nLT4
|          Hostname: gpu01

  [-O]verwriting output

File Assignments:
|   MDIN: min2.in                                                               
|  MDOUT: cmp_min2.out                                                          
| INPCRD: cmp_min1.rst                                                          
|   PARM: cmp.prmtop                                                            
| RESTRT: cmp_min2.rst                                                          
|   REFC: cmp.inpcrd                                                            
|  MDVEL: mdvel                                                                 
|   MDEN: mden                                                                  
|  MDCRD: mdcrd                                                                 
| MDINFO: mdinfo                                                                
|  MDFRC: mdfrc                                                                 

 
 Here is the input file:
 
Initial minimisation of our structures                                         
 &cntrl                                                                        
  imin=1, maxcyc=10000, ncyc=5000,                                             
  cut=10, ntb=1,ntr=1,                                                         
  restraint_wt=2.0                                                             
  restraintmask=':1-34@C5'                                                     
                                                                               
/                                                                              


Note: ig = -1. Setting random seed to   820520 based on wallclock time in 
      microseconds.
 
|--------------------- INFORMATION ----------------------
| GPU (CUDA) Version of PMEMD in use: NVIDIA GPU IN USE.
|                    Version 16.0.0
| 
|                      02/25/2016
| 
| Implementation by:
|                    Ross C. Walker     (SDSC)
|                    Scott Le Grand     (nVIDIA)
| 
| Precision model in use:
|      [SPFP] - Single Precision Forces, 64-bit Fixed Point
|               Accumulation. (Default)
| 
|--------------------------------------------------------
 
|----------------- CITATION INFORMATION -----------------
|
|    When publishing work that utilized the CUDA version
|    of AMBER, please cite the following in addition to
|    the regular AMBER citations:
|
|  - Romelia Salomon-Ferrer; Andreas W. Goetz; Duncan
|    Poole; Scott Le Grand; Ross C. Walker "Routine
|    microsecond molecular dynamics simulations with
|    AMBER - Part II: Particle Mesh Ewald", J. Chem.
|    Theory Comput., 2013, 9 (9), pp3878-3888,
|    DOI: 10.1021/ct400314y.
|
|  - Andreas W. Goetz; Mark J. Williamson; Dong Xu;
|    Duncan Poole; Scott Le Grand; Ross C. Walker
|    "Routine microsecond molecular dynamics simulations
|    with AMBER - Part I: Generalized Born", J. Chem.
|    Theory Comput., 2012, 8 (5), pp1542-1555.
|
|  - Scott Le Grand; Andreas W. Goetz; Ross C. Walker
|    "SPFP: Speed without compromise - a mixed precision
|    model for GPU accelerated molecular dynamics
|    simulations.", Comp. Phys. Comm., 2013, 184
|    pp374-380, DOI: 10.1016/j.cpc.2012.09.022
|
|--------------------------------------------------------
 
|------------------- GPU DEVICE INFO --------------------
|
|            CUDA_VISIBLE_DEVICES: 0
|   CUDA Capable Devices Detected:      1
|           CUDA Device ID in use:      0
|                CUDA Device Name: Tesla P100-PCIE-16GB
|     CUDA Device Global Mem Size:  16276 MB
| CUDA Device Num Multiprocessors:     56
|           CUDA Device Core Freq:   1.33 GHz
|
|--------------------------------------------------------
 
 
| Conditional Compilation Defines Used:
| PUBFFT
| BINTRAJ
| CUDA
| EMIL
 
| Largest sphere to fit in unit cell has radius =    33.493

| New format PARM file being parsed.
| Version =    1.000 Date = 01/29/21 Time = 11:09:30

| Note: 1-4 EEL scale factors are being read from the topology file.

| Note: 1-4 VDW scale factors are being read from the topology file.
| Duplicated    0 dihedrals

| Duplicated    0 dihedrals

--------------------------------------------------------------------------------
   1.  RESOURCE   USE: 
--------------------------------------------------------------------------------

 getting box info from netcdf restart file
 NATOM  =   37588 NTYPES =      18 NBONH =   36849 MBONA  =     790
 NTHETH =     891 MTHETA =    1223 NPHIH =    1882 MPHIA  =    2460
 NHPARM =       0 NPARM  =       0 NNB   =   54728 NRES   =   12221
 NBONA  =     790 NTHETA =    1223 NPHIA =    2460 NUMBND =      73
 NUMANG =     152 NPTRA  =      87 NATYP =      37 NPHB   =       1
 IFBOX  =       2 NMXRS  =      34 IFCAP =       0 NEXTRA =       0
 NCOPY  =       0

| Coordinate Index Table dimensions:    13   13   13
| Direct force subcell size =     6.3108    6.3108    6.3108

     BOX TYPE: TRUNCATED OCTAHEDRON

--------------------------------------------------------------------------------
   2.  CONTROL  DATA  FOR  THE  RUN
--------------------------------------------------------------------------------

default_name                                                                    

General flags:
     imin    =       1, nmropt  =       0

Nature and format of input:
     ntx     =       1, irest   =       0, ntrx    =       1

Nature and format of output:
     ntxo    =       2, ntpr    =      50, ntrx    =       1, ntwr    =       1
     iwrap   =       0, ntwx    =       0, ntwv    =       0, ntwe    =       0
     ioutfm  =       1, ntwprt  =       0, idecomp =       0, rbornstat=      0

Potential function:
     ntf     =       1, ntb     =       1, igb     =       0, nsnb    =      25
     ipol    =       0, gbsa    =       0, iesp    =       0
     dielc   =   1.00000, cut     =  10.00000, intdiel =   1.00000

Frozen or restrained atoms:
     ibelly  =       0, ntr     =       1
     restraint_wt =   2.00000

Energy minimization:
     maxcyc  =   10000, ncyc    =    5000, ntmin   =       1
     dx0     =   0.01000, drms    =   0.00010

| Intermolecular bonds treatment:
|     no_intermolecular_bonds =       1

| Energy averages sample interval:
|     ene_avg_sampling =       1

Ewald parameters:
     verbose =       0, ew_type =       0, nbflag  =       1, use_pme =       1
     vdwmeth =       1, eedmeth =       1, netfrc  =       0
     Box X =   82.041   Box Y =   82.041   Box Z =   82.041
     Alpha =  109.471   Beta  =  109.471   Gamma =  109.471
     NFFT1 =   84       NFFT2 =   84       NFFT3 =   84
     Cutoff=   10.000   Tol   =0.100E-04
     Ewald Coefficient =  0.27511
     Interpolation order =    4

    LOADING THE CONSTRAINED ATOMS AS GROUPS


   5.  REFERENCE ATOM COORDINATES

  default_name                                                                    
     Mask :1-34@C5; matches    34 atoms

--------------------------------------------------------------------------------
   3.  ATOMIC COORDINATES AND VELOCITIES
--------------------------------------------------------------------------------

default_name                                                                    
 begin time read from input coords =     0.000 ps

 
 Number of triangulated 3-point waters found:    12155

     Sum of charges from parm topology file =   0.00000011
     Forcing neutrality...

| Dynamic Memory, Types Used:
| Reals             1122413
| Integers           938639

| Nonbonded Pairs Initial Allocation:    11369430

| GPU memory information (estimate):
| KB of GPU memory in use:    208558
| KB of CPU memory in use:     63405

--------------------------------------------------------------------------------
   4.  RESULTS
--------------------------------------------------------------------------------

 ---------------------------------------------------
 APPROXIMATING switch and d/dx switch using CUBIC SPLINE INTERPOLATION
 using   5000.0 points per unit in tabled values
 TESTING RELATIVE ERROR over r ranging from 0.0 to cutoff
| CHECK switch(x): max rel err =   0.3316E-14   at   2.351880
| CHECK d/dx switch(x): max rel err =   0.8066E-11   at   2.747240
 ---------------------------------------------------
|---------------------------------------------------
| APPROXIMATING direct energy using CUBIC SPLINE INTERPOLATION
|  with   50.0 points per unit in tabled values
| Relative Error Limit not exceeded for r .gt.   2.34
| APPROXIMATING direct force using CUBIC SPLINE INTERPOLATION
|  with   50.0 points per unit in tabled values
| Relative Error Limit not exceeded for r .gt.   2.81
|---------------------------------------------------


   NSTEP       ENERGY          RMS            GMAX         NAME    NUMBER
      1      -1.6367E+05     1.4177E-01     5.6706E+00     H5'       411

 BOND    =    12140.7662  ANGLE   =      231.5099  DIHED      =      855.8161
 VDWAALS =    30744.3489  EEL     =  -204440.8179  HBOND      =        0.0000
 1-4 VDW =      255.9461  1-4 EEL =    -3455.0528  RESTRAINT  =        1.4010
 EAMBER  =  -163667.4834


   NSTEP       ENERGY          RMS            GMAX         NAME    NUMBER
     50      -1.6370E+05     7.5000E-02     2.8833E+00     HO2'     1056

 BOND    =    12146.2618  ANGLE   =      230.7864  DIHED      =      852.6040
 VDWAALS =    30744.9557  EEL     =  -204474.8749  HBOND      =        0.0000
 1-4 VDW =      255.5839  1-4 EEL =    -3454.9358  RESTRAINT  =        1.6429
 EAMBER  =  -163699.6188


   NSTEP       ENERGY          RMS            GMAX         NAME    NUMBER
    100      -1.6372E+05     2.1841E-01     1.4987E+01     H1      19755

 BOND    =    12167.9971  ANGLE   =      230.6678  DIHED      =      850.3239
 VDWAALS =    30747.6392  EEL     =  -204518.0160  HBOND      =        0.0000
 1-4 VDW =      255.2837  1-4 EEL =    -3453.2358  RESTRAINT  =        1.8529
 EAMBER  =  -163719.3400


   NSTEP       ENERGY          RMS            GMAX         NAME    NUMBER
    150      -1.6374E+05     6.4166E-02     4.1012E+00     P         893

 BOND    =    12145.6739  ANGLE   =      230.6690  DIHED      =      848.2887
 VDWAALS =    30750.6597  EEL     =  -204515.9201  HBOND      =        0.0000
 1-4 VDW =      255.0038  1-4 EEL =    -3452.0441  RESTRAINT  =        2.0421
 EAMBER  =  -163737.6692


   NSTEP       ENERGY          RMS            GMAX         NAME    NUMBER
    200      -1.6375E+05     1.9165E-01     3.4771E+01     P         893

 BOND    =    12148.6388  ANGLE   =      231.0385  DIHED      =      846.3259
 VDWAALS =    30754.2553  EEL     =  -204538.0025  HBOND      =        0.0000
 1-4 VDW =      254.7656  1-4 EEL =    -3451.1842  RESTRAINT  =        2.2273
 EAMBER  =  -163754.1627


   NSTEP       ENERGY          RMS            GMAX         NAME    NUMBER
    250      -1.6377E+05     8.1794E-02     7.2164E+00     P         406

 BOND    =    12150.5971  ANGLE   =      230.5702  DIHED      =      844.6031
 VDWAALS =    30758.1763  EEL     =  -204558.4134  HBOND      =        0.0000
 1-4 VDW =      254.4669  1-4 EEL =    -3450.2759  RESTRAINT  =        2.3959
 EAMBER  =  -163770.2758


   NSTEP       ENERGY          RMS            GMAX         NAME    NUMBER
    300      -1.6378E+05     9.8684E-02     9.1925E+00     P         406

 BOND    =    12152.1827  ANGLE   =      230.5337  DIHED      =      843.0611
 VDWAALS =    30762.4594  EEL     =  -204577.5160  HBOND      =        0.0000
 1-4 VDW =      254.2423  1-4 EEL =    -3449.5784  RESTRAINT  =        2.5580
 EAMBER  =  -163784.6153


   NSTEP       ENERGY          RMS            GMAX         NAME    NUMBER
    350      -1.6379E+05     2.1348E-01     2.0963E+01     C4        515

 BOND    =    12154.3246  ANGLE   =      230.3216  DIHED      =      841.7223
 VDWAALS =    30766.9767  EEL     =  -204596.0496  HBOND      =        0.0000
 1-4 VDW =      254.0124  1-4 EEL =    -3448.7894  RESTRAINT  =        2.7122
 EAMBER  =  -163797.4814


   NSTEP       ENERGY          RMS            GMAX         NAME    NUMBER
    400      -1.6381E+05     8.3040E-02     5.9963E+00     C4        515

 BOND    =    12155.3092  ANGLE   =      230.7753  DIHED      =      840.4835
 VDWAALS =    30771.7233  EEL     =  -204614.8360  HBOND      =        0.0000
 1-4 VDW =      253.9428  1-4 EEL =    -3448.7352  RESTRAINT  =        2.8656
 EAMBER  =  -163811.3370


   NSTEP       ENERGY          RMS            GMAX         NAME    NUMBER
    450      -1.6382E+05     1.8258E-01     1.8033E+01     C4        515

 BOND    =    12157.2022  ANGLE   =      231.2167  DIHED      =      839.4432
 VDWAALS =    30776.4567  EEL     =  -204632.5435  HBOND      =        0.0000
 1-4 VDW =      253.8085  1-4 EEL =    -3448.4876  RESTRAINT  =        3.0091
 EAMBER  =  -163822.9037


   NSTEP       ENERGY          RMS            GMAX         NAME    NUMBER
    500      -1.6383E+05     1.0341E-01     9.2939E+00     C4        515

 BOND    =    12158.2203  ANGLE   =      230.5458  DIHED      =      838.5772
 VDWAALS =    30781.2405  EEL     =  -204649.7317  HBOND      =        0.0000
 1-4 VDW =      253.6052  1-4 EEL =    -3447.4809  RESTRAINT  =        3.1523
 EAMBER  =  -163835.0237


   NSTEP       ENERGY          RMS            GMAX         NAME    NUMBER
    550      -1.6384E+05     1.5719E-01     1.2546E+01     C4        515

 BOND    =    12159.7154  ANGLE   =      230.6857  DIHED      =      837.7958
 VDWAALS =    30786.1876  EEL     =  -204667.0619  HBOND      =        0.0000
 1-4 VDW =      253.4504  1-4 EEL =    -3446.9147  RESTRAINT  =        3.2944
 EAMBER  =  -163846.1418


   NSTEP       ENERGY          RMS            GMAX         NAME    NUMBER
    600      -1.6385E+05     5.2417E-02     1.5221E+00     H1      31740

 BOND    =    12161.0456  ANGLE   =      230.6854  DIHED      =      837.1287
 VDWAALS =    30790.9398  EEL     =  -204683.6998  HBOND      =        0.0000
 1-4 VDW =      253.4492  1-4 EEL =    -3446.6508  RESTRAINT  =        3.4209
 EAMBER  =  -163857.1020


   NSTEP       ENERGY          RMS            GMAX         NAME    NUMBER
    650      -1.6386E+05     1.3633E-01     1.0562E+01     C4        515

 BOND    =    12162.8393  ANGLE   =      230.8634  DIHED      =      836.5257
 VDWAALS =    30796.2162  EEL     =  -204701.2668  HBOND      =        0.0000
 1-4 VDW =      253.4021  1-4 EEL =    -3446.2688  RESTRAINT  =        3.5541
 EAMBER  =  -163867.6888


   NSTEP       ENERGY          RMS            GMAX         NAME    NUMBER
    700      -1.6387E+05     1.9777E-01     1.4089E+01     C4        515

 BOND    =    12164.6062  ANGLE   =      230.6763  DIHED      =      836.0305
 VDWAALS =    30801.3917  EEL     =  -204718.0392  HBOND      =        0.0000
 1-4 VDW =      253.4471  1-4 EEL =    -3445.7031  RESTRAINT  =        3.6809
 EAMBER  =  -163877.5905


   NSTEP       ENERGY          RMS            GMAX         NAME    NUMBER
    750      -1.6388E+05     8.7809E-02     6.2445E+00     C4        515

 BOND    =    12164.9231  ANGLE   =      230.4903  DIHED      =      835.6311
 VDWAALS =    30806.7609  EEL     =  -204734.4861  HBOND      =        0.0000
 1-4 VDW =      253.2315  1-4 EEL =    -3444.7857  RESTRAINT  =        3.8152
 EAMBER  =  -163888.2348


   NSTEP       ENERGY          RMS            GMAX         NAME    NUMBER
    800      -1.6389E+05     1.6560E-01     1.2488E+01     C4        515

 BOND    =    12166.4352  ANGLE   =      230.2942  DIHED      =      835.2450
 VDWAALS =    30812.1174  EEL     =  -204751.1687  HBOND      =        0.0000
 1-4 VDW =      253.1979  1-4 EEL =    -3444.0774  RESTRAINT  =        3.9441
 EAMBER  =  -163897.9564


   NSTEP       ENERGY          RMS            GMAX         NAME    NUMBER
    850      -1.6390E+05     9.1070E-02     6.2796E+00     C2        368

 BOND    =    12167.7673  ANGLE   =      230.4820  DIHED      =      834.8377
 VDWAALS =    30817.6035  EEL     =  -204768.1623  HBOND      =        0.0000
 1-4 VDW =      253.1803  1-4 EEL =    -3443.9635  RESTRAINT  =        4.0634
 EAMBER  =  -163908.2550


   NSTEP       ENERGY          RMS            GMAX         NAME    NUMBER
    900      -1.6391E+05     1.3817E-01     9.6583E+00     C2        368

 BOND    =    12169.2868  ANGLE   =      230.4124  DIHED      =      834.4722
 VDWAALS =    30822.8241  EEL     =  -204783.9815  HBOND      =        0.0000
 1-4 VDW =      253.1721  1-4 EEL =    -3443.5902  RESTRAINT  =        4.1817
 EAMBER  =  -163917.4041


   NSTEP       ENERGY          RMS            GMAX         NAME    NUMBER
    950      -1.6392E+05     6.9225E-02     4.2267E+00     C2        368

 BOND    =    12169.8114  ANGLE   =      230.3445  DIHED      =      834.1163
 VDWAALS =    30828.2016  EEL     =  -204799.8186  HBOND      =        0.0000
 1-4 VDW =      253.0626  1-4 EEL =    -3442.9716  RESTRAINT  =        4.3112
 EAMBER  =  -163927.2537


   NSTEP       ENERGY          RMS            GMAX         NAME    NUMBER
   1000      -1.6393E+05     8.8564E-02     5.3786E+00     C2        368

 BOND    =    12170.9365  ANGLE   =      230.4216  DIHED      =      833.7408
 VDWAALS =    30833.5060  EEL     =  -204815.1650  HBOND      =        0.0000
 1-4 VDW =      252.9719  1-4 EEL =    -3442.6658  RESTRAINT  =        4.4307
 EAMBER  =  -163936.2539


   NSTEP       ENERGY          RMS            GMAX         NAME    NUMBER
   1050      -1.6394E+05     1.9568E-01     1.6793E+01     C6        544

 BOND    =    12172.2049  ANGLE   =      230.7697  DIHED      =      833.3504
 VDWAALS =    30838.8427  EEL     =  -204830.2922  HBOND      =        0.0000
 1-4 VDW =      252.8309  1-4 EEL =    -3442.3941  RESTRAINT  =        4.5528
 EAMBER  =  -163944.6877


   NSTEP       ENERGY          RMS            GMAX         NAME    NUMBER
   1100      -1.6395E+05     8.1453E-02     5.3672E+00     C2        368

 BOND    =    12173.6303  ANGLE   =      230.2843  DIHED      =      832.9259
 VDWAALS =    30844.0383  EEL     =  -204845.4189  HBOND      =        0.0000
 1-4 VDW =      252.8938  1-4 EEL =    -3442.3592  RESTRAINT  =        4.6611
 EAMBER  =  -163954.0057


   NSTEP       ENERGY          RMS            GMAX         NAME    NUMBER
   1150      -1.6396E+05     4.7060E-02     1.5879E+00     C2        368

 BOND    =    12174.5106  ANGLE   =      230.1906  DIHED      =      832.5139
 VDWAALS =    30849.1795  EEL     =  -204859.8692  HBOND      =        0.0000
 1-4 VDW =      252.8450  1-4 EEL =    -3442.0662  RESTRAINT  =        4.7830
 EAMBER  =  -163962.6958


   NSTEP       ENERGY          RMS            GMAX         NAME    NUMBER
   1200      -1.6397E+05     7.8721E-02     5.7526E+00     C2        368

 BOND    =    12175.5926  ANGLE   =      230.1886  DIHED      =      832.0756
 VDWAALS =    30854.4350  EEL     =  -204874.6560  HBOND      =        0.0000
 1-4 VDW =      252.7949  1-4 EEL =    -3441.8648  RESTRAINT  =        4.9072
 EAMBER  =  -163971.4341


   NSTEP       ENERGY          RMS            GMAX         NAME    NUMBER
   1250      -1.6397E+05     1.2291E-01     1.0003E+01     C2        368

 BOND    =    12176.6322  ANGLE   =      230.3349  DIHED      =      831.6425
 VDWAALS =    30859.5206  EEL     =  -204888.8925  HBOND      =        0.0000
 1-4 VDW =      252.7098  1-4 EEL =    -3441.7202  RESTRAINT  =        5.0292
 EAMBER  =  -163979.7728


   NSTEP       ENERGY          RMS            GMAX         NAME    NUMBER
   1300      -1.6398E+05     6.1536E-02     4.0532E+00     C2        368

 BOND    =    12178.1320  ANGLE   =      230.0492  DIHED      =      831.2038
 VDWAALS =    30864.4802  EEL     =  -204902.9620  HBOND      =        0.0000
 1-4 VDW =      252.6931  1-4 EEL =    -3441.7772  RESTRAINT  =        5.1368
 EAMBER  =  -163988.1808


   NSTEP       ENERGY          RMS            GMAX         NAME    NUMBER
   1350      -1.6399E+05     1.0708E-01     8.9592E+00     C2        368

 BOND    =    12179.5758  ANGLE   =      230.0035  DIHED      =      830.7591
 VDWAALS =    30869.5686  EEL     =  -204917.0782  HBOND      =        0.0000
 1-4 VDW =      252.6456  1-4 EEL =    -3441.7425  RESTRAINT  =        5.2540
 EAMBER  =  -163996.2681


   NSTEP       ENERGY          RMS            GMAX         NAME    NUMBER
   1400      -1.6400E+05     1.8067E-01     1.7602E+01     C6        544

 BOND    =    12180.6519  ANGLE   =      230.5463  DIHED      =      830.3363
 VDWAALS =    30874.6882  EEL     =  -204930.8088  HBOND      =        0.0000
 1-4 VDW =      252.4757  1-4 EEL =    -3441.7486  RESTRAINT  =        5.3742
 EAMBER  =  -164003.8590


   NSTEP       ENERGY          RMS            GMAX         NAME    NUMBER
   1450      -1.6401E+05     7.0251E-02     5.1525E+00     C2        368

 BOND    =    12181.1590  ANGLE   =      230.2504  DIHED      =      829.9427
 VDWAALS =    30879.5775  EEL     =  -204944.0899  HBOND      =        0.0000
 1-4 VDW =      252.5227  1-4 EEL =    -3441.4251  RESTRAINT  =        5.5002
 EAMBER  =  -164012.0626


   NSTEP       ENERGY          RMS            GMAX         NAME    NUMBER
   1500      -1.6401E+05     1.3991E-01     1.0284E+01     C2        368

 BOND    =    12182.3807  ANGLE   =      230.2808  DIHED      =      829.5812
 VDWAALS =    30884.4735  EEL     =  -204957.3669  HBOND      =        0.0000
 1-4 VDW =      252.5056  1-4 EEL =    -3441.2512  RESTRAINT  =        5.6201
 EAMBER  =  -164019.3965


   NSTEP       ENERGY          RMS            GMAX         NAME    NUMBER
   1550      -1.6402E+05     4.6375E-02     2.2639E+00     C2        368

 BOND    =    12183.5684  ANGLE   =      230.3415  DIHED      =      829.2481
 VDWAALS =    30889.3935  EEL     =  -204970.7914  HBOND      =        0.0000
 1-4 VDW =      252.4057  1-4 EEL =    -3441.3382  RESTRAINT  =        5.7280
 EAMBER  =  -164027.1724


   NSTEP       ENERGY          RMS            GMAX         NAME    NUMBER
   1600      -1.6403E+05     1.1093E-01     1.0001E+01     C2        368

 BOND    =    12185.1538  ANGLE   =      230.3539  DIHED      =      828.9388
 VDWAALS =    30894.2537  EEL     =  -204984.2815  HBOND      =        0.0000
 1-4 VDW =      252.3545  1-4 EEL =    -3441.3160  RESTRAINT  =        5.8409
 EAMBER  =  -164034.5428


   NSTEP       ENERGY          RMS            GMAX         NAME    NUMBER
   1650      -1.6404E+05     1.7618E-01     1.2680E+01     C6        578

 BOND    =    12186.8338  ANGLE   =      230.1666  DIHED      =      828.6558
 VDWAALS =    30898.8703  EEL     =  -204997.3228  HBOND      =        0.0000
 1-4 VDW =      252.3795  1-4 EEL =    -3441.1726  RESTRAINT  =        5.9563
 EAMBER  =  -164041.5894


   NSTEP       ENERGY          RMS            GMAX         NAME    NUMBER
   1700      -1.6404E+05     1.0358E-01     7.5377E+00     C2        368

 BOND    =    12186.5705  ANGLE   =      231.0048  DIHED      =      828.3985
 VDWAALS =    30903.3852  EEL     =  -205009.7838  HBOND      =        0.0000
 1-4 VDW =      252.1987  1-4 EEL =    -3440.9909  RESTRAINT  =        6.0861
 EAMBER  =  -164049.2170


   NSTEP       ENERGY          RMS            GMAX         NAME    NUMBER
   1750      -1.6405E+05     1.5015E-01     1.2036E+01     C6        544

 BOND    =    12188.0373  ANGLE   =      230.7292  DIHED      =      828.1619
 VDWAALS =    30907.5119  EEL     =  -205022.1167  HBOND      =        0.0000
 1-4 VDW =      252.2715  1-4 EEL =    -3440.7766  RESTRAINT  =        6.1992
 EAMBER  =  -164056.1815


   NSTEP       ENERGY          RMS            GMAX         NAME    NUMBER
   1800      -1.6406E+05     4.3664E-02     1.7407E+00     C2        368

 BOND    =    12189.1124  ANGLE   =      230.8694  DIHED      =      827.9458
 VDWAALS =    30911.6851  EEL     =  -205034.4658  HBOND      =        0.0000
 1-4 VDW =      252.1389  1-4 EEL =    -3440.8513  RESTRAINT  =        6.3024
 EAMBER  =  -164063.5655


   NSTEP       ENERGY          RMS            GMAX         NAME    NUMBER
   1850      -1.6406E+05     1.1807E-01     1.0918E+01     C2        368

 BOND    =    12190.7801  ANGLE   =      230.8861  DIHED      =      827.7386
 VDWAALS =    30915.8557  EEL     =  -205046.9352  HBOND      =        0.0000
 1-4 VDW =      252.0847  1-4 EEL =    -3440.8449  RESTRAINT  =        6.4084
 EAMBER  =  -164070.4350


   NSTEP       ENERGY          RMS            GMAX         NAME    NUMBER
   1900      -1.6407E+05     1.7526E-01     1.5735E+01     C5        361

 BOND    =    12192.4832  ANGLE   =      230.8691  DIHED      =      827.5442
 VDWAALS =    30920.1229  EEL     =  -205059.6259  HBOND      =        0.0000
 1-4 VDW =      252.0530  1-4 EEL =    -3440.7858  RESTRAINT  =        6.5166
 EAMBER  =  -164077.3393


   NSTEP       ENERGY          RMS            GMAX         NAME    NUMBER
   1950      -1.6408E+05     6.1546E-02     4.4002E+00     C2        368

 BOND    =    12192.2917  ANGLE   =      231.3030  DIHED      =      827.3584
 VDWAALS =    30924.3994  EEL     =  -205071.9052  HBOND      =        0.0000
 1-4 VDW =      252.0131  1-4 EEL =    -3440.5201  RESTRAINT  =        6.6421
 EAMBER  =  -164085.0598


   NSTEP       ENERGY          RMS            GMAX         NAME    NUMBER
   2000      -1.6409E+05     4.6971E-02     2.5252E+00     C2        368

 BOND    =    12193.7561  ANGLE   =      231.1982  DIHED      =      827.1911
 VDWAALS =    30928.7134  EEL     =  -205084.4765  HBOND      =        0.0000
 1-4 VDW =      251.9987  1-4 EEL =    -3440.4860  RESTRAINT  =        6.7446
 EAMBER  =  -164092.1050


   NSTEP       ENERGY          RMS            GMAX         NAME    NUMBER
   2050      -1.6409E+05     6.8878E-02     5.4465E+00     C2        368

 BOND    =    12195.0604  ANGLE   =      231.2112  DIHED      =      827.0390
 VDWAALS =    30932.9803  EEL     =  -205096.7108  HBOND      =        0.0000
 1-4 VDW =      251.9825  1-4 EEL =    -3440.4288  RESTRAINT  =        6.8450
 EAMBER  =  -164098.8662


   NSTEP       ENERGY          RMS            GMAX         NAME    NUMBER
   2100      -1.6410E+05     4.1369E-02     1.4843E+00     C2        368

 BOND    =    12195.8990  ANGLE   =      231.3554  DIHED      =      826.8926
 VDWAALS =    30937.3495  EEL     =  -205108.8879  HBOND      =        0.0000
 1-4 VDW =      251.9798  1-4 EEL =    -3440.2780  RESTRAINT  =        6.9518
 EAMBER  =  -164105.6896


   NSTEP       ENERGY          RMS            GMAX         NAME    NUMBER
   2150      -1.6411E+05     4.2879E-02     1.8390E+00     C2        368

 BOND    =    12197.0423  ANGLE   =      231.3985  DIHED      =      826.7572
 VDWAALS =    30941.7053  EEL     =  -205121.0713  HBOND      =        0.0000
 1-4 VDW =      251.9734  1-4 EEL =    -3440.1925  RESTRAINT  =        7.0489
 EAMBER  =  -164112.3871


   NSTEP       ENERGY          RMS            GMAX         NAME    NUMBER
   2200      -1.6411E+05     1.0886E-01     9.1155E+00     C2        368

 BOND    =    12198.1409  ANGLE   =      231.4959  DIHED      =      826.6248
 VDWAALS =    30946.1715  EEL     =  -205133.3216  HBOND      =        0.0000
 1-4 VDW =      251.9963  1-4 EEL =    -3440.0208  RESTRAINT  =        7.1498
 EAMBER  =  -164118.9130


   NSTEP       ENERGY          RMS            GMAX         NAME    NUMBER
   2250      -1.6412E+05     5.0510E-02     3.1683E+00     C2        368

 BOND    =    12199.6195  ANGLE   =      231.4186  DIHED      =      826.5044
 VDWAALS =    30950.7974  EEL     =  -205146.0385  HBOND      =        0.0000
 1-4 VDW =      251.9432  1-4 EEL =    -3440.0785  RESTRAINT  =        7.2334
 EAMBER  =  -164125.8338


   NSTEP       ENERGY          RMS            GMAX         NAME    NUMBER
   2300      -1.6413E+05     7.1287E-02     5.2089E+00     C2        368

 BOND    =    12200.9786  ANGLE   =      231.3647  DIHED      =      826.3876
 VDWAALS =    30955.3641  EEL     =  -205158.4514  HBOND      =        0.0000
 1-4 VDW =      251.9480  1-4 EEL =    -3440.0031  RESTRAINT  =        7.3210
 EAMBER  =  -164132.4116


   NSTEP       ENERGY          RMS            GMAX         NAME    NUMBER
   2350      -1.6413E+05     4.3764E-02     1.9260E+00     C2        368

 BOND    =    12201.8301  ANGLE   =      231.5934  DIHED      =      826.2693
 VDWAALS =    30960.1934  EEL     =  -205171.4210  HBOND      =        0.0000
 1-4 VDW =      251.9187  1-4 EEL =    -3439.8674  RESTRAINT  =        7.4161
 EAMBER  =  -164139.4835


   NSTEP       ENERGY          RMS            GMAX         NAME    NUMBER
   2400      -1.6414E+05     7.1873E-02     5.4561E+00     C5        361

 BOND    =    12202.9832  ANGLE   =      231.7297  DIHED      =      826.1547
 VDWAALS =    30965.1265  EEL     =  -205184.6505  HBOND      =        0.0000
 1-4 VDW =      251.9007  1-4 EEL =    -3439.7487  RESTRAINT  =        7.5067
 EAMBER  =  -164146.5045


   NSTEP       ENERGY          RMS            GMAX         NAME    NUMBER
   2450      -1.6415E+05     1.1374E-01     9.7944E+00     C2        368

 BOND    =    12204.2072  ANGLE   =      231.8117  DIHED      =      826.0478
 VDWAALS =    30969.9860  EEL     =  -205197.5614  HBOND      =        0.0000
 1-4 VDW =      251.9024  1-4 EEL =    -3439.6138  RESTRAINT  =        7.5923
 EAMBER  =  -164153.2201


   NSTEP       ENERGY          RMS            GMAX         NAME    NUMBER
   2500      -1.6415E+05     4.2248E-02     1.8576E+00     H1      24978

 BOND    =    12205.6820  ANGLE   =      231.6934  DIHED      =      825.9514
 VDWAALS =    30974.9081  EEL     =  -205210.6427  HBOND      =        0.0000
 1-4 VDW =      251.8578  1-4 EEL =    -3439.6548  RESTRAINT  =        7.6617
 EAMBER  =  -164160.2049


   NSTEP       ENERGY          RMS            GMAX         NAME    NUMBER
   2550      -1.6416E+05     6.7923E-02     4.5406E+00     C2        368

 BOND    =    12207.0893  ANGLE   =      231.8189  DIHED      =      825.8511
 VDWAALS =    30980.2487  EEL     =  -205224.4793  HBOND      =        0.0000
 1-4 VDW =      251.8051  1-4 EEL =    -3439.6217  RESTRAINT  =        7.7402
 EAMBER  =  -164167.2879


   NSTEP       ENERGY          RMS            GMAX         NAME    NUMBER
   2600      -1.6417E+05     1.4184E-01     1.2725E+01     C2        368

 BOND    =    12208.9826  ANGLE   =      231.7722  DIHED      =      825.7585
 VDWAALS =    30985.4999  EEL     =  -205238.0619  HBOND      =        0.0000
 1-4 VDW =      251.7814  1-4 EEL =    -3439.6143  RESTRAINT  =        7.8100
 EAMBER  =  -164173.8817


   NSTEP       ENERGY          RMS            GMAX         NAME    NUMBER
   2650      -1.6417E+05     8.1751E-02     6.7344E+00     C2        368

 BOND    =    12209.3407  ANGLE   =      232.0712  DIHED      =      825.6568
 VDWAALS =    30990.9655  EEL     =  -205251.7065  HBOND      =        0.0000
 1-4 VDW =      251.7853  1-4 EEL =    -3439.3362  RESTRAINT  =        7.9024
 EAMBER  =  -164181.2232


   NSTEP       ENERGY          RMS            GMAX         NAME    NUMBER
   2700      -1.6418E+05     1.2916E-01     9.7980E+00     C6        578

 BOND    =    12210.5988  ANGLE   =      232.4255  DIHED      =      825.5662
 VDWAALS =    30996.3572  EEL     =  -205265.2241  HBOND      =        0.0000
 1-4 VDW =      251.7015  1-4 EEL =    -3439.2928  RESTRAINT  =        7.9778
 EAMBER  =  -164187.8677


   NSTEP       ENERGY          RMS            GMAX         NAME    NUMBER
   2750      -1.6419E+05     4.3182E-02     1.8360E+00     C2        368

 BOND    =    12212.2485  ANGLE   =      232.0289  DIHED      =      825.4836
 VDWAALS =    31001.4997  EEL     =  -205278.5509  HBOND      =        0.0000
 1-4 VDW =      251.7351  1-4 EEL =    -3439.2537  RESTRAINT  =        8.0414
 EAMBER  =  -164194.8089


   NSTEP       ENERGY          RMS            GMAX         NAME    NUMBER
   2800      -1.6419E+05     1.1546E-01     9.2492E+00     C2        368

 BOND    =    12213.9583  ANGLE   =      232.1537  DIHED      =      825.4001
 VDWAALS =    31006.8369  EEL     =  -205292.2377  HBOND      =        0.0000
 1-4 VDW =      251.6714  1-4 EEL =    -3439.2683  RESTRAINT  =        8.1092
 EAMBER  =  -164201.4856


   NSTEP       ENERGY          RMS            GMAX         NAME    NUMBER
   2850      -1.6420E+05     4.8197E-02     2.9300E+00     C2        368

 BOND    =    12214.6952  ANGLE   =      232.2240  DIHED      =      825.3157
 VDWAALS =    31011.8309  EEL     =  -205304.8434  HBOND      =        0.0000
 1-4 VDW =      251.6965  1-4 EEL =    -3439.0399  RESTRAINT  =        8.1884
 EAMBER  =  -164208.1211


   NSTEP       ENERGY          RMS            GMAX         NAME    NUMBER
   2900      -1.6421E+05     9.0009E-02     7.8197E+00     C2        368

 BOND    =    12215.9022  ANGLE   =      232.3450  DIHED      =      825.2352
 VDWAALS =    31016.8547  EEL     =  -205317.6116  HBOND      =        0.0000
 1-4 VDW =      251.6906  1-4 EEL =    -3438.9016  RESTRAINT  =        8.2631
 EAMBER  =  -164214.4855


   NSTEP       ENERGY          RMS            GMAX         NAME    NUMBER
   2950      -1.6421E+05     4.0518E-02     1.6026E+00     C2        368

 BOND    =    12217.3851  ANGLE   =      232.2711  DIHED      =      825.1640
 VDWAALS =    31021.6723  EEL     =  -205330.2313  HBOND      =        0.0000
 1-4 VDW =      251.6510  1-4 EEL =    -3438.9146  RESTRAINT  =        8.3257
 EAMBER  =  -164221.0024


   NSTEP       ENERGY          RMS            GMAX         NAME    NUMBER
   3000      -1.6422E+05     5.4568E-02     3.4006E+00     C2        368

 BOND    =    12218.7108  ANGLE   =      232.2480  DIHED      =      825.0930
 VDWAALS =    31026.1881  EEL     =  -205342.3008  HBOND      =        0.0000
 1-4 VDW =      251.6451  1-4 EEL =    -3438.8362  RESTRAINT  =        8.3929
 EAMBER  =  -164227.2520


   NSTEP       ENERGY          RMS            GMAX         NAME    NUMBER
   3050      -1.6422E+05     1.1816E-01     1.0640E+01     C2        368

 BOND    =    12220.3473  ANGLE   =      232.2169  DIHED      =      825.0264
 VDWAALS =    31030.5296  EEL     =  -205354.2533  HBOND      =        0.0000
 1-4 VDW =      251.6250  1-4 EEL =    -3438.8195  RESTRAINT  =        8.4555
 EAMBER  =  -164233.3276


   NSTEP       ENERGY          RMS            GMAX         NAME    NUMBER
   3100      -1.6423E+05     5.2719E-02     3.6601E+00     C2        368

 BOND    =    12220.7111  ANGLE   =      232.5423  DIHED      =      824.9552
 VDWAALS =    31034.7552  EEL     =  -205365.8466  HBOND      =        0.0000
 1-4 VDW =      251.5962  1-4 EEL =    -3438.6177  RESTRAINT  =        8.5346
 EAMBER  =  -164239.9042


   NSTEP       ENERGY          RMS            GMAX         NAME    NUMBER
   3150      -1.6424E+05     9.8422E-02     8.4622E+00     C2        368

 BOND    =    12221.6999  ANGLE   =      232.7765  DIHED      =      824.8895
 VDWAALS =    31038.8272  EEL     =  -205377.1806  HBOND      =        0.0000
 1-4 VDW =      251.5634  1-4 EEL =    -3438.5055  RESTRAINT  =        8.6056
 EAMBER  =  -164245.9298


   NSTEP       ENERGY          RMS            GMAX         NAME    NUMBER
   3200      -1.6424E+05     4.3452E-02     2.2436E+00     C2        368

 BOND    =    12223.1228  ANGLE   =      232.5689  DIHED      =      824.8319
 VDWAALS =    31042.7654  EEL     =  -205388.4421  HBOND      =        0.0000
 1-4 VDW =      251.5554  1-4 EEL =    -3438.5110  RESTRAINT  =        8.6622
 EAMBER  =  -164252.1087


   NSTEP       ENERGY          RMS            GMAX         NAME    NUMBER
   3250      -1.6425E+05     5.9891E-02     4.4043E+00     C2        368

 BOND    =    12224.3653  ANGLE   =      232.5481  DIHED      =      824.7704
 VDWAALS =    31046.8390  EEL     =  -205399.9629  HBOND      =        0.0000
 1-4 VDW =      251.5506  1-4 EEL =    -3438.4375  RESTRAINT  =        8.7271
 EAMBER  =  -164258.3270


   NSTEP       ENERGY          RMS            GMAX         NAME    NUMBER
   3300      -1.6426E+05     1.1864E-01     9.0497E+00     C2        368

 BOND    =    12225.6297  ANGLE   =      232.7995  DIHED      =      824.7118
 VDWAALS =    31050.9408  EEL     =  -205411.2757  HBOND      =        0.0000
 1-4 VDW =      251.4694  1-4 EEL =    -3438.4483  RESTRAINT  =        8.7892
 EAMBER  =  -164264.1728


   NSTEP       ENERGY          RMS            GMAX         NAME    NUMBER
   3350      -1.6426E+05     4.1422E-02     1.9941E+00     C2        368

 BOND    =    12226.1873  ANGLE   =      232.8055  DIHED      =      824.6478
 VDWAALS =    31054.8898  EEL     =  -205422.1717  HBOND      =        0.0000
 1-4 VDW =      251.5102  1-4 EEL =    -3438.2244  RESTRAINT  =        8.8612
 EAMBER  =  -164270.3555


   NSTEP       ENERGY          RMS            GMAX         NAME    NUMBER
   3400      -1.6427E+05     1.0824E-01     9.1682E+00     C2        368

 BOND    =    12227.0992  ANGLE   =      233.1328  DIHED      =      824.5829
 VDWAALS =    31059.1408  EEL     =  -205433.6601  HBOND      =        0.0000
 1-4 VDW =      251.4680  1-4 EEL =    -3438.1020  RESTRAINT  =        8.9340
 EAMBER  =  -164276.3384


   NSTEP       ENERGY          RMS            GMAX         NAME    NUMBER
   3450      -1.6427E+05     1.5294E-01     1.3127E+01     C2        368

 BOND    =    12228.3670  ANGLE   =      232.9840  DIHED      =      824.5213
 VDWAALS =    31063.0903  EEL     =  -205444.7313  HBOND      =        0.0000
 1-4 VDW =      251.5423  1-4 EEL =    -3437.9239  RESTRAINT  =        8.9997
 EAMBER  =  -164282.1503


   NSTEP       ENERGY          RMS            GMAX         NAME    NUMBER
   3500      -1.6428E+05     8.7118E-02     7.4838E+00     C2        368

 BOND    =    12229.9434  ANGLE   =      232.7848  DIHED      =      824.4707
 VDWAALS =    31067.2338  EEL     =  -205456.3042  HBOND      =        0.0000
 1-4 VDW =      251.4772  1-4 EEL =    -3438.0647  RESTRAINT  =        9.0487
 EAMBER  =  -164288.4590


   NSTEP       ENERGY          RMS            GMAX         NAME    NUMBER
   3550      -1.6429E+05     3.9100E-02     1.3650E+00     C2        368

 BOND    =    12230.5697  ANGLE   =      233.0258  DIHED      =      824.4091
 VDWAALS =    31071.3196  EEL     =  -205467.5399  HBOND      =        0.0000
 1-4 VDW =      251.4520  1-4 EEL =    -3437.9258  RESTRAINT  =        9.1186
 EAMBER  =  -164294.6894


   NSTEP       ENERGY          RMS            GMAX         NAME    NUMBER
   3600      -1.6429E+05     6.6335E-02     5.4405E+00     C2        368

 BOND    =    12231.6078  ANGLE   =      233.1270  DIHED      =      824.3493
 VDWAALS =    31075.4650  EEL     =  -205479.0131  HBOND      =        0.0000
 1-4 VDW =      251.4501  1-4 EEL =    -3437.8114  RESTRAINT  =        9.1853
 EAMBER  =  -164300.8254


   NSTEP       ENERGY          RMS            GMAX         NAME    NUMBER
   3650      -1.6430E+05     1.1641E-01     1.0270E+01     C2        368

 BOND    =    12232.7602  ANGLE   =      233.2024  DIHED      =      824.2893
 VDWAALS =    31079.6685  EEL     =  -205490.7443  HBOND      =        0.0000
 1-4 VDW =      251.4658  1-4 EEL =    -3437.6785  RESTRAINT  =        9.2526
 EAMBER  =  -164307.0366


   NSTEP       ENERGY          RMS            GMAX         NAME    NUMBER
   3700      -1.6430E+05     3.9301E-02     1.4412E+00     H2       8164

 BOND    =    12234.0480  ANGLE   =      233.1506  DIHED      =      824.2381
 VDWAALS =    31083.7767  EEL     =  -205502.2831  HBOND      =        0.0000
 1-4 VDW =      251.4155  1-4 EEL =    -3437.7442  RESTRAINT  =        9.3057
 EAMBER  =  -164313.3985


   NSTEP       ENERGY          RMS            GMAX         NAME    NUMBER
   3750      -1.6431E+05     5.5092E-02     4.2220E+00     C2        368

 BOND    =    12235.3364  ANGLE   =      233.1823  DIHED      =      824.1789
 VDWAALS =    31088.0865  EEL     =  -205514.2232  HBOND      =        0.0000
 1-4 VDW =      251.4009  1-4 EEL =    -3437.7025  RESTRAINT  =        9.3697
 EAMBER  =  -164319.7407


   NSTEP       ENERGY          RMS            GMAX         NAME    NUMBER
   3800      -1.6432E+05     1.3772E-01     1.1590E+01     C2        368

 BOND    =    12237.0383  ANGLE   =      233.0016  DIHED      =      824.1256
 VDWAALS =    31092.0024  EEL     =  -205525.2462  HBOND      =        0.0000
 1-4 VDW =      251.4346  1-4 EEL =    -3437.6681  RESTRAINT  =        9.4266
 EAMBER  =  -164325.3119


   NSTEP       ENERGY          RMS            GMAX         NAME    NUMBER
   3850      -1.6432E+05     7.6970E-02     6.7139E+00     C2        368

 BOND    =    12237.0724  ANGLE   =      233.4453  DIHED      =      824.0638
 VDWAALS =    31095.7970  EEL     =  -205535.7041  HBOND      =        0.0000
 1-4 VDW =      251.4003  1-4 EEL =    -3437.4684  RESTRAINT  =        9.5021
 EAMBER  =  -164331.3937


   NSTEP       ENERGY          RMS            GMAX         NAME    NUMBER
   3900      -1.6433E+05     1.0772E-01     1.0391E+01     C2        368

 BOND    =    12238.0059  ANGLE   =      233.6129  DIHED      =      824.0085
 VDWAALS =    31099.4543  EEL     =  -205546.0825  HBOND      =        0.0000
 1-4 VDW =      251.3870  1-4 EEL =    -3437.3817  RESTRAINT  =        9.5664
 EAMBER  =  -164336.9956


   NSTEP       ENERGY          RMS            GMAX         NAME    NUMBER
   3950      -1.6433E+05     3.9734E-02     1.8064E+00     C2        368

 BOND    =    12239.2966  ANGLE   =      233.4803  DIHED      =      823.9595
 VDWAALS =    31103.1528  EEL     =  -205556.9119  HBOND      =        0.0000
 1-4 VDW =      251.3629  1-4 EEL =    -3437.4388  RESTRAINT  =        9.6194
 EAMBER  =  -164343.0987


   NSTEP       ENERGY          RMS            GMAX         NAME    NUMBER
   4000      -1.6434E+05     1.0280E-01     9.3797E+00     C2        368

 BOND    =    12240.7645  ANGLE   =      233.3949  DIHED      =      823.9090
 VDWAALS =    31106.8519  EEL     =  -205567.5671  HBOND      =        0.0000
 1-4 VDW =      251.3696  1-4 EEL =    -3437.4332  RESTRAINT  =        9.6756
 EAMBER  =  -164348.7104


   NSTEP       ENERGY          RMS            GMAX         NAME    NUMBER
   4050      -1.6434E+05     4.3546E-02     2.6259E+00     C2        368

 BOND    =    12241.1146  ANGLE   =      233.6761  DIHED      =      823.8544
 VDWAALS =    31110.5829  EEL     =  -205577.8386  HBOND      =        0.0000
 1-4 VDW =      251.3562  1-4 EEL =    -3437.2729  RESTRAINT  =        9.7452
 EAMBER  =  -164354.5272


   NSTEP       ENERGY          RMS            GMAX         NAME    NUMBER
   4100      -1.6435E+05     6.6571E-02     5.8603E+00     C2        368

 BOND    =    12242.0331  ANGLE   =      233.8309  DIHED      =      823.7993
 VDWAALS =    31114.4721  EEL     =  -205588.4451  HBOND      =        0.0000
 1-4 VDW =      251.3497  1-4 EEL =    -3437.1873  RESTRAINT  =        9.8090
 EAMBER  =  -164360.1474


   NSTEP       ENERGY          RMS            GMAX         NAME    NUMBER
   4150      -1.6436E+05     3.6854E-02     1.3532E+00     C2        368

 BOND    =    12243.3073  ANGLE   =      233.7855  DIHED      =      823.7489
 VDWAALS =    31118.5370  EEL     =  -205599.3769  HBOND      =        0.0000
 1-4 VDW =      251.3411  1-4 EEL =    -3437.1934  RESTRAINT  =        9.8665
 EAMBER  =  -164365.8504


   NSTEP       ENERGY          RMS            GMAX         NAME    NUMBER
   4200      -1.6436E+05     6.4772E-02     5.4426E+00     C2        368

 BOND    =    12244.5222  ANGLE   =      233.8014  DIHED      =      823.6993
 VDWAALS =    31122.4697  EEL     =  -205609.8246  HBOND      =        0.0000
 1-4 VDW =      251.3384  1-4 EEL =    -3437.1684  RESTRAINT  =        9.9237
 EAMBER  =  -164371.1620


   NSTEP       ENERGY          RMS            GMAX         NAME    NUMBER
   4250      -1.6437E+05     1.0897E-01     1.0187E+01     C2        368

 BOND    =    12245.7571  ANGLE   =      233.9403  DIHED      =      823.6503
 VDWAALS =    31126.4170  EEL     =  -205620.2350  HBOND      =        0.0000
 1-4 VDW =      251.3076  1-4 EEL =    -3437.1732  RESTRAINT  =        9.9804
 EAMBER  =  -164376.3360


   NSTEP       ENERGY          RMS            GMAX         NAME    NUMBER
   4300      -1.6437E+05     3.6357E-02     1.2766E+00     C2        368

 BOND    =    12246.1308  ANGLE   =      234.1177  DIHED      =      823.5960
 VDWAALS =    31130.2460  EEL     =  -205630.2839  HBOND      =        0.0000
 1-4 VDW =      251.3333  1-4 EEL =    -3436.9960  RESTRAINT  =       10.0466
 EAMBER  =  -164381.8561


   NSTEP       ENERGY          RMS            GMAX         NAME    NUMBER
   4350      -1.6438E+05     8.8080E-02     7.6176E+00     C2        368

 BOND    =    12247.0333  ANGLE   =      234.2410  DIHED      =      823.5425
 VDWAALS =    31134.1900  EEL     =  -205640.5988  HBOND      =        0.0000
 1-4 VDW =      251.3681  1-4 EEL =    -3436.8540  RESTRAINT  =       10.1105
 EAMBER  =  -164387.0779


   NSTEP       ENERGY          RMS            GMAX         NAME    NUMBER
   4400      -1.6438E+05     1.3730E-01     1.0497E+01     C2        368

 BOND    =    12248.1484  ANGLE   =      234.2832  DIHED      =      823.4921
 VDWAALS =    31138.0786  EEL     =  -205650.7992  HBOND      =        0.0000
 1-4 VDW =      251.4120  1-4 EEL =    -3436.7360  RESTRAINT  =       10.1697
 EAMBER  =  -164392.1208


   NSTEP       ENERGY          RMS            GMAX         NAME    NUMBER
   4450      -1.6439E+05     5.5285E-02     4.1775E+00     C2        368

 BOND    =    12249.3383  ANGLE   =      234.3241  DIHED      =      823.4515
 VDWAALS =    31142.1258  EEL     =  -205661.3247  HBOND      =        0.0000
 1-4 VDW =      251.3419  1-4 EEL =    -3436.8585  RESTRAINT  =       10.2160
 EAMBER  =  -164397.6016


   NSTEP       ENERGY          RMS            GMAX         NAME    NUMBER
   4500      -1.6439E+05     1.2568E-01     1.0660E+01     C2        368

 BOND    =    12250.6316  ANGLE   =      234.6353  DIHED      =      823.4081
 VDWAALS =    31146.4089  EEL     =  -205672.0781  HBOND      =        0.0000
 1-4 VDW =      251.2755  1-4 EEL =    -3436.9075  RESTRAINT  =       10.2704
 EAMBER  =  -164402.6261


   NSTEP       ENERGY          RMS            GMAX         NAME    NUMBER
   4550      -1.6440E+05     3.6758E-02     1.4826E+00     C2        368

 BOND    =    12251.0572  ANGLE   =      234.7134  DIHED      =      823.3606
 VDWAALS =    31150.5098  EEL     =  -205682.1862  HBOND      =        0.0000
 1-4 VDW =      251.3312  1-4 EEL =    -3436.6999  RESTRAINT  =       10.3347
 EAMBER  =  -164407.9139


   NSTEP       ENERGY          RMS            GMAX         NAME    NUMBER
   4600      -1.6440E+05     1.0015E-01     8.9283E+00     C2        368

 BOND    =    12251.8743  ANGLE   =      235.0561  DIHED      =      823.3188
 VDWAALS =    31154.8344  EEL     =  -205692.8369  HBOND      =        0.0000
 1-4 VDW =      251.3170  1-4 EEL =    -3436.5879  RESTRAINT  =       10.3979
 EAMBER  =  -164413.0242


   NSTEP       ENERGY          RMS            GMAX         NAME    NUMBER
   4650      -1.6441E+05     4.0408E-02     2.3198E+00     C2        368

 BOND    =    12253.2251  ANGLE   =      234.8521  DIHED      =      823.2910
 VDWAALS =    31158.9088  EEL     =  -205703.1682  HBOND      =        0.0000
 1-4 VDW =      251.3336  1-4 EEL =    -3436.6126  RESTRAINT  =       10.4443
 EAMBER  =  -164418.1704


   NSTEP       ENERGY          RMS            GMAX         NAME    NUMBER
   4700      -1.6441E+05     5.9274E-02     4.7100E+00     C2        368

 BOND    =    12254.3426  ANGLE   =      234.8740  DIHED      =      823.2645
 VDWAALS =    31162.9351  EEL     =  -205713.3501  HBOND      =        0.0000
 1-4 VDW =      251.3412  1-4 EEL =    -3436.5693  RESTRAINT  =       10.4977
 EAMBER  =  -164423.1619


   NSTEP       ENERGY          RMS            GMAX         NAME    NUMBER
   4750      -1.6442E+05     3.6773E-02     1.5860E+00     C2        368

 BOND    =    12255.0167  ANGLE   =      235.0816  DIHED      =      823.2386
 VDWAALS =    31166.8265  EEL     =  -205723.2978  HBOND      =        0.0000
 1-4 VDW =      251.3326  1-4 EEL =    -3436.4638  RESTRAINT  =       10.5573
 EAMBER  =  -164428.2655


   NSTEP       ENERGY          RMS            GMAX         NAME    NUMBER
   4800      -1.6442E+05     6.0727E-02     5.0756E+00     C2        368

 BOND    =    12255.9234  ANGLE   =      235.1585  DIHED      =      823.2176
 VDWAALS =    31170.5720  EEL     =  -205733.1987  HBOND      =        0.0000
 1-4 VDW =      251.3453  1-4 EEL =    -3436.3652  RESTRAINT  =       10.6141
 EAMBER  =  -164433.3470


   NSTEP       ENERGY          RMS            GMAX         NAME    NUMBER
   4850      -1.6443E+05     9.6826E-02     8.9693E+00     C2        368

 BOND    =    12256.7764  ANGLE   =      235.3813  DIHED      =      823.1997
 VDWAALS =    31174.2295  EEL     =  -205743.2452  HBOND      =        0.0000
 1-4 VDW =      251.3216  1-4 EEL =    -3436.2933  RESTRAINT  =       10.6711
 EAMBER  =  -164438.6300


   NSTEP       ENERGY          RMS            GMAX         NAME    NUMBER
   4900      -1.6443E+05     1.3917E-01     1.4306E+01     C2        368

 BOND    =    12257.8120  ANGLE   =      235.4631  DIHED      =      823.1840
 VDWAALS =    31177.8672  EEL     =  -205753.4786  HBOND      =        0.0000
 1-4 VDW =      251.3355  1-4 EEL =    -3436.1749  RESTRAINT  =       10.7291
 EAMBER  =  -164443.9918


   NSTEP       ENERGY          RMS            GMAX         NAME    NUMBER
   4950      -1.6444E+05     5.7571E-02     4.5748E+00     C2        368

 BOND    =    12259.2688  ANGLE   =      235.1618  DIHED      =      823.1806
 VDWAALS =    31181.5700  EEL     =  -205764.1975  HBOND      =        0.0000
 1-4 VDW =      251.3209  1-4 EEL =    -3436.2875  RESTRAINT  =       10.7709
 EAMBER  =  -164449.9829


   NSTEP       ENERGY          RMS            GMAX         NAME    NUMBER
   5000      -1.6444E+05     3.8207E-02     1.8934E+00     H2      23881

 BOND    =    12260.0274  ANGLE   =      235.2315  DIHED      =      823.1664
 VDWAALS =    31185.1964  EEL     =  -205774.3955  HBOND      =        0.0000
 1-4 VDW =      251.3335  1-4 EEL =    -3436.1616  RESTRAINT  =       10.8284
 EAMBER  =  -164455.6019


   NSTEP       ENERGY          RMS            GMAX         NAME    NUMBER
   5050      -1.6451E+05     1.3965E-01     1.0922E+01     H1      24354

 BOND    =    12272.5916  ANGLE   =      235.3601  DIHED      =      823.0228
 VDWAALS =    31252.0547  EEL     =  -205923.6593  HBOND      =        0.0000
 1-4 VDW =      251.3377  1-4 EEL =    -3435.2861  RESTRAINT  =       11.6834
 EAMBER  =  -164524.5786


   NSTEP       ENERGY          RMS            GMAX         NAME    NUMBER
   5100      -1.6454E+05     1.0274E-01     4.7306E+00     C6        578

 BOND    =    12277.8927  ANGLE   =      235.7285  DIHED      =      823.0220
 VDWAALS =    31262.7886  EEL     =  -205964.1981  HBOND      =        0.0000
 1-4 VDW =      251.3074  1-4 EEL =    -3434.4492  RESTRAINT  =       11.8968
 EAMBER  =  -164547.9082


   NSTEP       ENERGY          RMS            GMAX         NAME    NUMBER
   5150      -1.6456E+05     6.3433E-02     3.1742E+00     O       24353

 BOND    =    12283.9822  ANGLE   =      235.4731  DIHED      =      823.1444
 VDWAALS =    31281.8237  EEL     =  -206016.0184  HBOND      =        0.0000
 1-4 VDW =      251.3088  1-4 EEL =    -3434.7406  RESTRAINT  =       12.1745
 EAMBER  =  -164575.0268


   NSTEP       ENERGY          RMS            GMAX         NAME    NUMBER
   5200      -1.6460E+05     1.2509E-01     1.0110E+01     H2      17035

 BOND    =    12290.1863  ANGLE   =      235.4412  DIHED      =      823.4455
 VDWAALS =    31312.6171  EEL     =  -206095.1483  HBOND      =        0.0000
 1-4 VDW =      251.1841  1-4 EEL =    -3433.1484  RESTRAINT  =       12.5669
 EAMBER  =  -164615.4224


   NSTEP       ENERGY          RMS            GMAX         NAME    NUMBER
   5250      -1.6463E+05     1.2620E-01     7.0261E+00     H2      17035

 BOND    =    12295.8882  ANGLE   =      235.2783  DIHED      =      823.7853
 VDWAALS =    31333.7572  EEL     =  -206146.5185  HBOND      =        0.0000
 1-4 VDW =      251.6071  1-4 EEL =    -3433.3569  RESTRAINT  =       12.7109
 EAMBER  =  -164639.5595


   NSTEP       ENERGY          RMS            GMAX         NAME    NUMBER
   5300      -1.6464E+05     9.9207E-02     4.2861E+00     Na+      1102

 BOND    =    12300.2922  ANGLE   =      235.2806  DIHED      =      824.0972
 VDWAALS =    31347.0579  EEL     =  -206180.6953  HBOND      =        0.0000
 1-4 VDW =      251.5839  1-4 EEL =    -3432.8041  RESTRAINT  =       12.8056
 EAMBER  =  -164655.1876


   NSTEP       ENERGY          RMS            GMAX         NAME    NUMBER
   5350      -1.6466E+05     1.2569E-01     6.9543E+00     C1'       356

 BOND    =    12302.7174  ANGLE   =      235.4485  DIHED      =      824.4060
 VDWAALS =    31359.4553  EEL     =  -206211.0328  HBOND      =        0.0000
 1-4 VDW =      251.6509  1-4 EEL =    -3432.4304  RESTRAINT  =       12.8886
 EAMBER  =  -164669.7850


   NSTEP       ENERGY          RMS            GMAX         NAME    NUMBER
   5400      -1.6467E+05     1.4285E-01     8.0143E+00     HO2'      627

 BOND    =    12304.4860  ANGLE   =      235.7979  DIHED      =      824.0421
 VDWAALS =    31372.4124  EEL     =  -206243.2247  HBOND      =        0.0000
 1-4 VDW =      251.9904  1-4 EEL =    -3431.4853  RESTRAINT  =       12.9582
 EAMBER  =  -164685.9812


   NSTEP       ENERGY          RMS            GMAX         NAME    NUMBER
   5450      -1.6469E+05     1.3452E-01     6.3791E+00     HO2'      627

 BOND    =    12305.8160  ANGLE   =      234.6442  DIHED      =      824.3045
 VDWAALS =    31388.5812  EEL     =  -206279.2906  HBOND      =        0.0000
 1-4 VDW =      251.0133  1-4 EEL =    -3429.4229  RESTRAINT  =       13.0627
 EAMBER  =  -164704.3543


   NSTEP       ENERGY          RMS            GMAX         NAME    NUMBER
   5500      -1.6471E+05     1.3723E-01     9.0630E+00     O2'       626

 BOND    =    12311.3285  ANGLE   =      235.3480  DIHED      =      823.7864
 VDWAALS =    31405.3765  EEL     =  -206321.1762  HBOND      =        0.0000
 1-4 VDW =      251.1157  1-4 EEL =    -3429.4426  RESTRAINT  =       13.1466
 EAMBER  =  -164723.6638


   NSTEP       ENERGY          RMS            GMAX         NAME    NUMBER
   5550      -1.6473E+05     1.8868E-01     1.2686E+01     HO2'      627

 BOND    =    12315.3703  ANGLE   =      235.4104  DIHED      =      823.7261
 VDWAALS =    31426.3940  EEL     =  -206367.0402  HBOND      =        0.0000
 1-4 VDW =      251.1745  1-4 EEL =    -3428.8709  RESTRAINT  =       13.2375
 EAMBER  =  -164743.8358


   NSTEP       ENERGY          RMS            GMAX         NAME    NUMBER
   5600      -1.6477E+05     1.8856E-01     1.3740E+01     O        2999

 BOND    =    12326.9343  ANGLE   =      235.8405  DIHED      =      823.4130
 VDWAALS =    31455.1456  EEL     =  -206443.5583  HBOND      =        0.0000
 1-4 VDW =      251.1481  1-4 EEL =    -3428.6546  RESTRAINT  =       13.3652
 EAMBER  =  -164779.7315


   NSTEP       ENERGY          RMS            GMAX         NAME    NUMBER
   5650      -1.6479E+05     1.5594E-01     8.4486E+00     C2'       624

 BOND    =    12324.5383  ANGLE   =      235.9120  DIHED      =      823.3174
 VDWAALS =    31463.4482  EEL     =  -206473.5940  HBOND      =        0.0000
 1-4 VDW =      251.2405  1-4 EEL =    -3428.4128  RESTRAINT  =       13.4335
 EAMBER  =  -164803.5503


   NSTEP       ENERGY          RMS            GMAX         NAME    NUMBER
   5700      -1.6481E+05     1.7951E-01     9.9998E+00     C2'       624

 BOND    =    12326.9695  ANGLE   =      235.6106  DIHED      =      823.2557
 VDWAALS =    31475.7722  EEL     =  -206507.1303  HBOND      =        0.0000
 1-4 VDW =      251.2566  1-4 EEL =    -3428.2513  RESTRAINT  =       13.5002
 EAMBER  =  -164822.5172


   NSTEP       ENERGY          RMS            GMAX         NAME    NUMBER
   5750      -1.6482E+05     1.3152E-01     8.1183E+00     C2'       624

 BOND    =    12331.1284  ANGLE   =      235.6121  DIHED      =      823.1858
 VDWAALS =    31486.9170  EEL     =  -206537.4637  HBOND      =        0.0000
 1-4 VDW =      251.2429  1-4 EEL =    -3428.2560  RESTRAINT  =       13.5483
 EAMBER  =  -164837.6335


   NSTEP       ENERGY          RMS            GMAX         NAME    NUMBER
   5800      -1.6484E+05     1.3351E-01     6.6923E+00     C2'       624

 BOND    =    12333.7316  ANGLE   =      235.6328  DIHED      =      823.1444
 VDWAALS =    31499.5986  EEL     =  -206565.5427  HBOND      =        0.0000
 1-4 VDW =      251.2706  1-4 EEL =    -3428.2035  RESTRAINT  =       13.5959
 EAMBER  =  -164850.3682


   NSTEP       ENERGY          RMS            GMAX         NAME    NUMBER
   5850      -1.6485E+05     1.4474E-01     7.0327E+00     C2        274

 BOND    =    12336.8446  ANGLE   =      235.5367  DIHED      =      823.1417
 VDWAALS =    31513.6432  EEL     =  -206595.7433  HBOND      =        0.0000
 1-4 VDW =      251.3027  1-4 EEL =    -3428.2836  RESTRAINT  =       13.6500
 EAMBER  =  -164863.5581


   NSTEP       ENERGY          RMS            GMAX         NAME    NUMBER
   5900      -1.6486E+05     1.5904E-01     1.0037E+01     C1'       356

 BOND    =    12339.9284  ANGLE   =      235.2808  DIHED      =      823.1824
 VDWAALS =    31526.4941  EEL     =  -206625.2576  HBOND      =        0.0000
 1-4 VDW =      251.2836  1-4 EEL =    -3428.3514  RESTRAINT  =       13.7078
 EAMBER  =  -164877.4396


   NSTEP       ENERGY          RMS            GMAX         NAME    NUMBER
   5950      -1.6487E+05     1.6903E-01     7.2078E+00     C6        389

 BOND    =    12351.9544  ANGLE   =      235.2589  DIHED      =      823.1566
 VDWAALS =    31535.2175  EEL     =  -206657.4416  HBOND      =        0.0000
 1-4 VDW =      251.1708  1-4 EEL =    -3427.9026  RESTRAINT  =       13.7572
 EAMBER  =  -164888.5859


   NSTEP       ENERGY          RMS            GMAX         NAME    NUMBER
   6000      -1.6489E+05     8.3288E-02     4.3229E+00     O2'       626

 BOND    =    12348.3460  ANGLE   =      234.9885  DIHED      =      823.1765
 VDWAALS =    31544.1251  EEL     =  -206673.3864  HBOND      =        0.0000
 1-4 VDW =      251.2774  1-4 EEL =    -3428.2677  RESTRAINT  =       13.8071
 EAMBER  =  -164899.7406


   NSTEP       ENERGY          RMS            GMAX         NAME    NUMBER
   6050      -1.6490E+05     1.0972E-01     4.4437E+00     O3'       560

 BOND    =    12351.6873  ANGLE   =      235.2118  DIHED      =      823.1845
 VDWAALS =    31552.7609  EEL     =  -206698.5458  HBOND      =        0.0000
 1-4 VDW =      251.3092  1-4 EEL =    -3427.8739  RESTRAINT  =       13.8671
 EAMBER  =  -164912.2661


   NSTEP       ENERGY          RMS            GMAX         NAME    NUMBER
   6100      -1.6492E+05     5.3420E-02     2.3059E+00     H1      23370

 BOND    =    12350.5873  ANGLE   =      234.8139  DIHED      =      823.2605
 VDWAALS =    31567.6170  EEL     =  -206729.6935  HBOND      =        0.0000
 1-4 VDW =      251.3236  1-4 EEL =    -3428.9845  RESTRAINT  =       13.9481
 EAMBER  =  -164931.0758


   NSTEP       ENERGY          RMS            GMAX         NAME    NUMBER
   6150      -1.6494E+05     4.2939E-02     1.2688E+00     H2      24355

 BOND    =    12355.4318  ANGLE   =      234.8521  DIHED      =      823.3092
 VDWAALS =    31586.1734  EEL     =  -206771.8572  HBOND      =        0.0000
 1-4 VDW =      251.3257  1-4 EEL =    -3429.2017  RESTRAINT  =       14.0426
 EAMBER  =  -164949.9667


   NSTEP       ENERGY          RMS            GMAX         NAME    NUMBER
   6200      -1.6496E+05     1.2106E-01     5.6604E+00     C5'       599

 BOND    =    12360.5642  ANGLE   =      234.9982  DIHED      =      823.3787
 VDWAALS =    31609.5865  EEL     =  -206820.9069  HBOND      =        0.0000
 1-4 VDW =      251.4368  1-4 EEL =    -3429.2425  RESTRAINT  =       14.1398
 EAMBER  =  -164970.1850


   NSTEP       ENERGY          RMS            GMAX         NAME    NUMBER
   6250      -1.6498E+05     8.3101E-02     3.4943E+00     Na+      1095

 BOND    =    12364.7478  ANGLE   =      234.9402  DIHED      =      823.4852
 VDWAALS =    31626.9606  EEL     =  -206863.4043  HBOND      =        0.0000
 1-4 VDW =      251.5026  1-4 EEL =    -3429.5993  RESTRAINT  =       14.2061
 EAMBER  =  -164991.3671


   NSTEP       ENERGY          RMS            GMAX         NAME    NUMBER
   6300      -1.6500E+05     6.4525E-02     5.7629E+00     Na+      1095

 BOND    =    12368.8502  ANGLE   =      235.1668  DIHED      =      823.5710
 VDWAALS =    31647.4530  EEL     =  -206908.5736  HBOND      =        0.0000
 1-4 VDW =      251.4601  1-4 EEL =    -3429.6746  RESTRAINT  =       14.2642
 EAMBER  =  -165011.7470


   NSTEP       ENERGY          RMS            GMAX         NAME    NUMBER
   6350      -1.6501E+05     7.2257E-02     5.3627E+00     Na+      1095

 BOND    =    12371.9488  ANGLE   =      235.1970  DIHED      =      823.6470
 VDWAALS =    31660.8983  EEL     =  -206937.8206  HBOND      =        0.0000
 1-4 VDW =      251.4271  1-4 EEL =    -3429.7358  RESTRAINT  =       14.2974
 EAMBER  =  -165024.4381


   NSTEP       ENERGY          RMS            GMAX         NAME    NUMBER
   6400      -1.6502E+05     1.0424E-01     9.2928E+00     Na+      1095

 BOND    =    12375.1543  ANGLE   =      235.4211  DIHED      =      823.5525
 VDWAALS =    31672.4724  EEL     =  -206962.8332  HBOND      =        0.0000
 1-4 VDW =      251.2817  1-4 EEL =    -3429.7074  RESTRAINT  =       14.3200
 EAMBER  =  -165034.6585


   NSTEP       ENERGY          RMS            GMAX         NAME    NUMBER
   6450      -1.6503E+05     7.8740E-02     4.9979E+00     Na+      1095

 BOND    =    12376.0301  ANGLE   =      235.2481  DIHED      =      823.4495
 VDWAALS =    31679.1578  EEL     =  -206979.0372  HBOND      =        0.0000
 1-4 VDW =      251.3431  1-4 EEL =    -3429.9573  RESTRAINT  =       14.3424
 EAMBER  =  -165043.7659


   NSTEP       ENERGY          RMS            GMAX         NAME    NUMBER
   6500      -1.6504E+05     1.1342E-01     7.9026E+00     Na+      1095

 BOND    =    12377.6715  ANGLE   =      235.6879  DIHED      =      823.5285
 VDWAALS =    31685.9762  EEL     =  -206995.0171  HBOND      =        0.0000
 1-4 VDW =      251.2592  1-4 EEL =    -3430.1391  RESTRAINT  =       14.3580
 EAMBER  =  -165051.0328


   NSTEP       ENERGY          RMS            GMAX         NAME    NUMBER
   6550      -1.6505E+05     1.0296E-01     6.8368E+00     Na+      1095

 BOND    =    12379.4451  ANGLE   =      235.4872  DIHED      =      823.6377
 VDWAALS =    31693.2760  EEL     =  -207012.4106  HBOND      =        0.0000
 1-4 VDW =      251.2971  1-4 EEL =    -3430.2106  RESTRAINT  =       14.3860
 EAMBER  =  -165059.4781


   NSTEP       ENERGY          RMS            GMAX         NAME    NUMBER
   6600      -1.6506E+05     1.4888E-01     9.2954E+00     H1       4212

 BOND    =    12381.6628  ANGLE   =      234.8164  DIHED      =      823.7599
 VDWAALS =    31705.0422  EEL     =  -207036.3037  HBOND      =        0.0000
 1-4 VDW =      251.6633  1-4 EEL =    -3430.7845  RESTRAINT  =       14.4374
 EAMBER  =  -165070.1437


   NSTEP       ENERGY          RMS            GMAX         NAME    NUMBER
   6650      -1.6507E+05     1.1613E-01     6.7476E+00     H1       4212

 BOND    =    12385.5232  ANGLE   =      235.2020  DIHED      =      823.8290
 VDWAALS =    31713.5779  EEL     =  -207060.7578  HBOND      =        0.0000
 1-4 VDW =      251.6602  1-4 EEL =    -3430.9502  RESTRAINT  =       14.4988
 EAMBER  =  -165081.9156


   NSTEP       ENERGY          RMS            GMAX         NAME    NUMBER
   6700      -1.6508E+05     1.3945E-01     1.0175E+01     C6        578

 BOND    =    12387.2559  ANGLE   =      235.1748  DIHED      =      823.9183
 VDWAALS =    31720.8364  EEL     =  -207081.3104  HBOND      =        0.0000
 1-4 VDW =      251.7354  1-4 EEL =    -3431.2144  RESTRAINT  =       14.5700
 EAMBER  =  -165093.6040


   NSTEP       ENERGY          RMS            GMAX         NAME    NUMBER
   6750      -1.6509E+05     1.3252E-01     6.1142E+00     C2'       624

 BOND    =    12390.1638  ANGLE   =      235.3033  DIHED      =      824.0018
 VDWAALS =    31727.3966  EEL     =  -207102.9235  HBOND      =        0.0000
 1-4 VDW =      251.7201  1-4 EEL =    -3431.3319  RESTRAINT  =       14.6458
 EAMBER  =  -165105.6699


   NSTEP       ENERGY          RMS            GMAX         NAME    NUMBER
   6800      -1.6510E+05     1.5670E-01     1.2942E+01     C2'       624

 BOND    =    12391.2147  ANGLE   =      235.7505  DIHED      =      824.0777
 VDWAALS =    31736.4289  EEL     =  -207126.2434  HBOND      =        0.0000
 1-4 VDW =      251.7955  1-4 EEL =    -3431.4051  RESTRAINT  =       14.7374
 EAMBER  =  -165118.3811


   NSTEP       ENERGY          RMS            GMAX         NAME    NUMBER
   6850      -1.6511E+05     1.5781E-01     1.2315E+01     Na+      1095

 BOND    =    12393.9473  ANGLE   =      236.0670  DIHED      =      824.1846
 VDWAALS =    31747.9997  EEL     =  -207152.0541  HBOND      =        0.0000
 1-4 VDW =      251.7674  1-4 EEL =    -3431.3906  RESTRAINT  =       14.8585
 EAMBER  =  -165129.4788


   NSTEP       ENERGY          RMS            GMAX         NAME    NUMBER
   6900      -1.6513E+05     2.3245E-01     1.1273E+01     P         595

 BOND    =    12401.7497  ANGLE   =      236.1382  DIHED      =      824.1793
 VDWAALS =    31762.9087  EEL     =  -207185.9875  HBOND      =        0.0000
 1-4 VDW =      251.6849  1-4 EEL =    -3431.2729  RESTRAINT  =       14.9928
 EAMBER  =  -165140.5996


   NSTEP       ENERGY          RMS            GMAX         NAME    NUMBER
   6950      -1.6514E+05     1.8473E-01     8.8442E+00     C6        578

 BOND    =    12398.0944  ANGLE   =      236.2839  DIHED      =      824.1197
 VDWAALS =    31773.5507  EEL     =  -207203.5435  HBOND      =        0.0000
 1-4 VDW =      251.6179  1-4 EEL =    -3431.5148  RESTRAINT  =       15.1083
 EAMBER  =  -165151.3918


   NSTEP       ENERGY          RMS            GMAX         NAME    NUMBER
   7000      -1.6515E+05     2.4718E-01     1.5964E+01     H1      15801

 BOND    =    12422.0352  ANGLE   =      236.6377  DIHED      =      824.1702
 VDWAALS =    31791.0531  EEL     =  -207260.5651  HBOND      =        0.0000
 1-4 VDW =      251.6605  1-4 EEL =    -3431.3719  RESTRAINT  =       15.2202
 EAMBER  =  -165166.3803


   NSTEP       ENERGY          RMS            GMAX         NAME    NUMBER
   7050      -1.6516E+05     1.0102E-01     4.3522E+00     C1'       356

 BOND    =    12410.2719  ANGLE   =      236.1761  DIHED      =      824.2020
 VDWAALS =    31790.8556  EEL     =  -207260.4148  HBOND      =        0.0000
 1-4 VDW =      251.6030  1-4 EEL =    -3431.4568  RESTRAINT  =       15.2714
 EAMBER  =  -165178.7629


   NSTEP       ENERGY          RMS            GMAX         NAME    NUMBER
   7100      -1.6517E+05     8.0701E-02     3.5308E+00     C1'       356

 BOND    =    12409.1291  ANGLE   =      236.0169  DIHED      =      824.2896
 VDWAALS =    31795.8889  EEL     =  -207272.2545  HBOND      =        0.0000
 1-4 VDW =      251.6317  1-4 EEL =    -3431.5117  RESTRAINT  =       15.3167
 EAMBER  =  -165186.8100


   NSTEP       ENERGY          RMS            GMAX         NAME    NUMBER
   7150      -1.6518E+05     8.0526E-02     4.9406E+00     C1'       356

 BOND    =    12410.6002  ANGLE   =      235.9034  DIHED      =      824.3370
 VDWAALS =    31798.6030  EEL     =  -207282.9410  HBOND      =        0.0000
 1-4 VDW =      251.6164  1-4 EEL =    -3431.4985  RESTRAINT  =       15.3514
 EAMBER  =  -165193.3794


   NSTEP       ENERGY          RMS            GMAX         NAME    NUMBER
   7200      -1.6519E+05     1.0893E-01     7.0523E+00     C6        389

 BOND    =    12399.4248  ANGLE   =      235.9218  DIHED      =      824.4038
 VDWAALS =    31801.0093  EEL     =  -207281.4800  HBOND      =        0.0000
 1-4 VDW =      251.6015  1-4 EEL =    -3431.4680  RESTRAINT  =       15.4038
 EAMBER  =  -165200.5869


   NSTEP       ENERGY          RMS            GMAX         NAME    NUMBER
   7250      -1.6519E+05     8.4791E-02     4.0651E+00     C6        389

 BOND    =    12404.0681  ANGLE   =      235.8632  DIHED      =      824.4522
 VDWAALS =    31804.5726  EEL     =  -207297.5861  HBOND      =        0.0000
 1-4 VDW =      251.6898  1-4 EEL =    -3431.6691  RESTRAINT  =       15.4237
 EAMBER  =  -165208.6093


   NSTEP       ENERGY          RMS            GMAX         NAME    NUMBER
   7300      -1.6520E+05     6.1346E-02     1.9892E+00     Na+      1095

 BOND    =    12408.5894  ANGLE   =      235.7987  DIHED      =      824.4846
 VDWAALS =    31809.0208  EEL     =  -207313.3666  HBOND      =        0.0000
 1-4 VDW =      251.6953  1-4 EEL =    -3431.6211  RESTRAINT  =       15.4567
 EAMBER  =  -165215.3989


   NSTEP       ENERGY          RMS            GMAX         NAME    NUMBER
   7350      -1.6521E+05     7.7351E-02     3.1710E+00     C1'       356

 BOND    =    12411.3141  ANGLE   =      235.8359  DIHED      =      824.5480
 VDWAALS =    31813.5254  EEL     =  -207327.6505  HBOND      =        0.0000
 1-4 VDW =      251.7270  1-4 EEL =    -3431.7197  RESTRAINT  =       15.4878
 EAMBER  =  -165222.4197


   NSTEP       ENERGY          RMS            GMAX         NAME    NUMBER
   7400      -1.6521E+05     6.5664E-02     2.1815E+00     Na+      1095

 BOND    =    12412.3126  ANGLE   =      235.7987  DIHED      =      824.5989
 VDWAALS =    31816.8609  EEL     =  -207339.8067  HBOND      =        0.0000
 1-4 VDW =      251.7524  1-4 EEL =    -3431.7078  RESTRAINT  =       15.5184
 EAMBER  =  -165230.1911


   NSTEP       ENERGY          RMS            GMAX         NAME    NUMBER
   7450      -1.6522E+05     6.7737E-02     3.0978E+00     C1'       356

 BOND    =    12413.9460  ANGLE   =      235.8086  DIHED      =      824.6727
 VDWAALS =    31820.1146  EEL     =  -207353.7274  HBOND      =        0.0000
 1-4 VDW =      251.7841  1-4 EEL =    -3431.7840  RESTRAINT  =       15.5499
 EAMBER  =  -165239.1853


   NSTEP       ENERGY          RMS            GMAX         NAME    NUMBER
   7500      -1.6523E+05     6.3753E-02     3.1122E+00     Na+      1095

 BOND    =    12415.5715  ANGLE   =      235.7951  DIHED      =      824.7391
 VDWAALS =    31824.3624  EEL     =  -207366.2048  HBOND      =        0.0000
 1-4 VDW =      251.8237  1-4 EEL =    -3431.8363  RESTRAINT  =       15.5786
 EAMBER  =  -165245.7492


   NSTEP       ENERGY          RMS            GMAX         NAME    NUMBER
   7550      -1.6524E+05     1.0058E-01     5.6803E+00     P         595

 BOND    =    12416.7620  ANGLE   =      235.5711  DIHED      =      824.8002
 VDWAALS =    31829.1058  EEL     =  -207378.0453  HBOND      =        0.0000
 1-4 VDW =      251.7880  1-4 EEL =    -3432.0934  RESTRAINT  =       15.6067
 EAMBER  =  -165252.1117


   NSTEP       ENERGY          RMS            GMAX         NAME    NUMBER
   7600      -1.6524E+05     1.2651E-01     6.0165E+00     P         595

 BOND    =    12419.8867  ANGLE   =      235.6463  DIHED      =      824.9410
 VDWAALS =    31834.6698  EEL     =  -207393.6716  HBOND      =        0.0000
 1-4 VDW =      251.8968  1-4 EEL =    -3432.2072  RESTRAINT  =       15.6387
 EAMBER  =  -165258.8382


   NSTEP       ENERGY          RMS            GMAX         NAME    NUMBER
   7650      -1.6526E+05     1.7158E-01     1.0162E+01     O        5099

 BOND    =    12421.4181  ANGLE   =      236.1611  DIHED      =      825.2527
 VDWAALS =    31849.0216  EEL     =  -207424.9264  HBOND      =        0.0000
 1-4 VDW =      252.0628  1-4 EEL =    -3431.7387  RESTRAINT  =       15.7513
 EAMBER  =  -165272.7488


   NSTEP       ENERGY          RMS            GMAX         NAME    NUMBER
   7700      -1.6527E+05     1.1008E-01     5.9127E+00     P        1027

 BOND    =    12420.8746  ANGLE   =      235.6062  DIHED      =      825.2457
 VDWAALS =    31857.7502  EEL     =  -207444.0534  HBOND      =        0.0000
 1-4 VDW =      252.0088  1-4 EEL =    -3431.7441  RESTRAINT  =       15.7920
 EAMBER  =  -165284.3120


   NSTEP       ENERGY          RMS            GMAX         NAME    NUMBER
   7750      -1.6527E+05     1.0769E-01     7.9999E+00     P         595

 BOND    =    12421.0751  ANGLE   =      235.3987  DIHED      =      825.3485
 VDWAALS =    31862.0556  EEL     =  -207454.6564  HBOND      =        0.0000
 1-4 VDW =      251.9705  1-4 EEL =    -3431.9663  RESTRAINT  =       15.8267
 EAMBER  =  -165290.7744


   NSTEP       ENERGY          RMS            GMAX         NAME    NUMBER
   7800      -1.6528E+05     1.0953E-01     8.2524E+00     H2       5101

 BOND    =    12431.1184  ANGLE   =      235.1572  DIHED      =      825.4009
 VDWAALS =    31867.1466  EEL     =  -207474.3253  HBOND      =        0.0000
 1-4 VDW =      251.9122  1-4 EEL =    -3432.1093  RESTRAINT  =       15.8553
 EAMBER  =  -165295.6994


   NSTEP       ENERGY          RMS            GMAX         NAME    NUMBER
   7850      -1.6529E+05     1.8680E-01     1.4669E+01     P        1027

 BOND    =    12425.4932  ANGLE   =      235.7404  DIHED      =      825.4595
 VDWAALS =    31871.7147  EEL     =  -207479.3518  HBOND      =        0.0000
 1-4 VDW =      251.7688  1-4 EEL =    -3431.8369  RESTRAINT  =       15.8852
 EAMBER  =  -165301.0120


   NSTEP       ENERGY          RMS            GMAX         NAME    NUMBER
   7900      -1.6529E+05     1.1336E-01     5.6437E+00     P         629

 BOND    =    12426.9947  ANGLE   =      235.5983  DIHED      =      825.6218
 VDWAALS =    31878.5430  EEL     =  -207495.6597  HBOND      =        0.0000
 1-4 VDW =      251.8071  1-4 EEL =    -3431.9908  RESTRAINT  =       15.9292
 EAMBER  =  -165309.0856


   NSTEP       ENERGY          RMS            GMAX         NAME    NUMBER
   7950      -1.6530E+05     8.9481E-02     4.9831E+00     Na+      1095

 BOND    =    12429.2543  ANGLE   =      235.5468  DIHED      =      825.7213
 VDWAALS =    31884.2913  EEL     =  -207510.4503  HBOND      =        0.0000
 1-4 VDW =      251.8407  1-4 EEL =    -3432.4877  RESTRAINT  =       15.9706
 EAMBER  =  -165316.2836


   NSTEP       ENERGY          RMS            GMAX         NAME    NUMBER
   8000      -1.6531E+05     1.1770E-01     4.5879E+00     Na+      1095

 BOND    =    12430.4834  ANGLE   =      235.4274  DIHED      =      825.7593
 VDWAALS =    31890.1847  EEL     =  -207523.5769  HBOND      =        0.0000
 1-4 VDW =      251.8015  1-4 EEL =    -3432.5213  RESTRAINT  =       16.0094
 EAMBER  =  -165322.4420


   NSTEP       ENERGY          RMS            GMAX         NAME    NUMBER
   8050      -1.6532E+05     1.4615E-01     8.4246E+00     H1      11967

 BOND    =    12434.8819  ANGLE   =      235.3596  DIHED      =      825.8692
 VDWAALS =    31908.9734  EEL     =  -207566.6645  HBOND      =        0.0000
 1-4 VDW =      251.9644  1-4 EEL =    -3430.8445  RESTRAINT  =       16.1436
 EAMBER  =  -165340.4604


   NSTEP       ENERGY          RMS            GMAX         NAME    NUMBER
   8100      -1.6534E+05     9.1292E-02     5.5445E+00     OP2       500

 BOND    =    12438.6525  ANGLE   =      235.4461  DIHED      =      825.8183
 VDWAALS =    31918.8121  EEL     =  -207597.0267  HBOND      =        0.0000
 1-4 VDW =      251.9538  1-4 EEL =    -3430.9868  RESTRAINT  =       16.1848
 EAMBER  =  -165357.3307


   NSTEP       ENERGY          RMS            GMAX         NAME    NUMBER
   8150      -1.6535E+05     7.6908E-02     3.1462E+00     C6        544

 BOND    =    12439.9530  ANGLE   =      235.2047  DIHED      =      826.0101
 VDWAALS =    31922.6716  EEL     =  -207609.3351  HBOND      =        0.0000
 1-4 VDW =      252.1868  1-4 EEL =    -3430.7059  RESTRAINT  =       16.2296
 EAMBER  =  -165364.0147


   NSTEP       ENERGY          RMS            GMAX         NAME    NUMBER
   8200      -1.6535E+05     8.6567E-02     3.7108E+00     O       11966

 BOND    =    12441.4131  ANGLE   =      235.4104  DIHED      =      826.1026
 VDWAALS =    31927.9777  EEL     =  -207623.0796  HBOND      =        0.0000
 1-4 VDW =      252.2395  1-4 EEL =    -3430.8251  RESTRAINT  =       16.2627
 EAMBER  =  -165370.7614


   NSTEP       ENERGY          RMS            GMAX         NAME    NUMBER
   8250      -1.6536E+05     9.7362E-02     4.5888E+00     C6        389

 BOND    =    12441.8033  ANGLE   =      235.6411  DIHED      =      826.1707
 VDWAALS =    31931.9665  EEL     =  -207634.1903  HBOND      =        0.0000
 1-4 VDW =      252.2290  1-4 EEL =    -3431.1694  RESTRAINT  =       16.2836
 EAMBER  =  -165377.5491


   NSTEP       ENERGY          RMS            GMAX         NAME    NUMBER
   8300      -1.6537E+05     8.3163E-02     3.9175E+00     P         346

 BOND    =    12442.7118  ANGLE   =      235.7129  DIHED      =      826.2134
 VDWAALS =    31937.5830  EEL     =  -207648.7560  HBOND      =        0.0000
 1-4 VDW =      252.2495  1-4 EEL =    -3431.3949  RESTRAINT  =       16.3050
 EAMBER  =  -165385.6802


   NSTEP       ENERGY          RMS            GMAX         NAME    NUMBER
   8350      -1.6538E+05     7.5555E-02     4.0730E+00     C1'       356

 BOND    =    12444.0702  ANGLE   =      235.6488  DIHED      =      826.2201
 VDWAALS =    31944.5997  EEL     =  -207664.2896  HBOND      =        0.0000
 1-4 VDW =      252.2557  1-4 EEL =    -3431.3945  RESTRAINT  =       16.3355
 EAMBER  =  -165392.8897


   NSTEP       ENERGY          RMS            GMAX         NAME    NUMBER
   8400      -1.6538E+05     9.0742E-02     3.4588E+00     C1'       356

 BOND    =    12446.0453  ANGLE   =      235.4152  DIHED      =      826.1778
 VDWAALS =    31951.6256  EEL     =  -207680.0219  HBOND      =        0.0000
 1-4 VDW =      252.1943  1-4 EEL =    -3431.3271  RESTRAINT  =       16.3553
 EAMBER  =  -165399.8908


   NSTEP       ENERGY          RMS            GMAX         NAME    NUMBER
   8450      -1.6539E+05     9.4099E-02     3.8574E+00     O        4493

 BOND    =    12447.4150  ANGLE   =      235.2192  DIHED      =      826.0905
 VDWAALS =    31959.4423  EEL     =  -207696.9588  HBOND      =        0.0000
 1-4 VDW =      252.3459  1-4 EEL =    -3431.5006  RESTRAINT  =       16.3816
 EAMBER  =  -165407.9465


   NSTEP       ENERGY          RMS            GMAX         NAME    NUMBER
   8500      -1.6540E+05     7.2886E-02     2.2653E+00     H1      33699

 BOND    =    12449.0535  ANGLE   =      235.0778  DIHED      =      826.0870
 VDWAALS =    31968.7100  EEL     =  -207716.3314  HBOND      =        0.0000
 1-4 VDW =      252.4108  1-4 EEL =    -3431.5599  RESTRAINT  =       16.4041
 EAMBER  =  -165416.5523


   NSTEP       ENERGY          RMS            GMAX         NAME    NUMBER
   8550      -1.6541E+05     1.0114E-01     4.6464E+00     C6        876

 BOND    =    12451.4775  ANGLE   =      235.1089  DIHED      =      826.0727
 VDWAALS =    31982.7108  EEL     =  -207740.2335  HBOND      =        0.0000
 1-4 VDW =      252.5022  1-4 EEL =    -3431.6792  RESTRAINT  =       16.4235
 EAMBER  =  -165424.0405


   NSTEP       ENERGY          RMS            GMAX         NAME    NUMBER
   8600      -1.6542E+05     2.0031E-01     1.2453E+01     C6        876

 BOND    =    12457.6688  ANGLE   =      234.9551  DIHED      =      826.1394
 VDWAALS =    32015.8760  EEL     =  -207790.8914  HBOND      =        0.0000
 1-4 VDW =      252.4413  1-4 EEL =    -3431.3380  RESTRAINT  =       16.4863
 EAMBER  =  -165435.1488


   NSTEP       ENERGY          RMS            GMAX         NAME    NUMBER
   8650      -1.6543E+05     7.3541E-02     2.6173E+00     O       18668

 BOND    =    12458.6094  ANGLE   =      235.0543  DIHED      =      826.0545
 VDWAALS =    32019.4413  EEL     =  -207803.8288  HBOND      =        0.0000
 1-4 VDW =      252.5143  1-4 EEL =    -3431.4712  RESTRAINT  =       16.4924
 EAMBER  =  -165443.6262


   NSTEP       ENERGY          RMS            GMAX         NAME    NUMBER
   8700      -1.6543E+05     6.5448E-02     4.0989E+00     O       11579

 BOND    =    12459.9787  ANGLE   =      235.1467  DIHED      =      825.9837
 VDWAALS =    32025.8672  EEL     =  -207816.7396  HBOND      =        0.0000
 1-4 VDW =      252.5645  1-4 EEL =    -3431.5945  RESTRAINT  =       16.5034
 EAMBER  =  -165448.7932


   NSTEP       ENERGY          RMS            GMAX         NAME    NUMBER
   8750      -1.6544E+05     4.7767E-02     2.1519E+00     C6        578

 BOND    =    12460.3052  ANGLE   =      235.0963  DIHED      =      825.9378
 VDWAALS =    32032.7030  EEL     =  -207828.3336  HBOND      =        0.0000
 1-4 VDW =      252.5536  1-4 EEL =    -3431.7296  RESTRAINT  =       16.5161
 EAMBER  =  -165453.4673


   NSTEP       ENERGY          RMS            GMAX         NAME    NUMBER
   8800      -1.6544E+05     3.8627E-02     1.8408E+00     C6        578

 BOND    =    12460.6794  ANGLE   =      235.1447  DIHED      =      825.9619
 VDWAALS =    32033.8747  EEL     =  -207831.7685  HBOND      =        0.0000
 1-4 VDW =      252.5272  1-4 EEL =    -3431.5822  RESTRAINT  =       16.5215
 EAMBER  =  -165455.1628


   NSTEP       ENERGY          RMS            GMAX         NAME    NUMBER
   8850      -1.6545E+05     4.6871E-02     2.0156E+00     C6        419

 BOND    =    12465.5144  ANGLE   =      234.6532  DIHED      =      825.9815
 VDWAALS =    32055.1858  EEL     =  -207870.0751  HBOND      =        0.0000
 1-4 VDW =      252.7945  1-4 EEL =    -3431.5296  RESTRAINT  =       16.5720
 EAMBER  =  -165467.4753


   NSTEP       ENERGY          RMS            GMAX         NAME    NUMBER
   8900      -1.6545E+05     5.3485E-02     3.6263E+00     C6        544

 BOND    =    12465.5556  ANGLE   =      234.7736  DIHED      =      826.0045
 VDWAALS =    32059.9660  EEL     =  -207878.6926  HBOND      =        0.0000
 1-4 VDW =      252.7466  1-4 EEL =    -3431.7734  RESTRAINT  =       16.5920
 EAMBER  =  -165471.4198


   NSTEP       ENERGY          RMS            GMAX         NAME    NUMBER
   8950      -1.6546E+05     2.7209E-02     1.1115E+00     C8        608

 BOND    =    12466.3998  ANGLE   =      234.6427  DIHED      =      825.9965
 VDWAALS =    32065.3117  EEL     =  -207890.0212  HBOND      =        0.0000
 1-4 VDW =      252.7611  1-4 EEL =    -3431.8696  RESTRAINT  =       16.6189
 EAMBER  =  -165476.7790


   NSTEP       ENERGY          RMS            GMAX         NAME    NUMBER
   9000      -1.6547E+05     3.2380E-02     1.1490E+00     C2        651

 BOND    =    12470.1811  ANGLE   =      234.3404  DIHED      =      826.1014
 VDWAALS =    32075.8524  EEL     =  -207917.2058  HBOND      =        0.0000
 1-4 VDW =      252.8208  1-4 EEL =    -3432.0224  RESTRAINT  =       16.6789
 EAMBER  =  -165489.9322


   NSTEP       ENERGY          RMS            GMAX         NAME    NUMBER
   9050      -1.6548E+05     8.9867E-02     4.9818E+00     C8        608

 BOND    =    12470.9056  ANGLE   =      234.3596  DIHED      =      826.0583
 VDWAALS =    32078.3508  EEL     =  -207925.8796  HBOND      =        0.0000
 1-4 VDW =      252.9097  1-4 EEL =    -3432.2003  RESTRAINT  =       16.7201
 EAMBER  =  -165495.4959


   NSTEP       ENERGY          RMS            GMAX         NAME    NUMBER
   9100      -1.6548E+05     1.6553E-01     8.8079E+00     C6        578

 BOND    =    12473.1139  ANGLE   =      234.3979  DIHED      =      826.3687
 VDWAALS =    32080.7532  EEL     =  -207936.2906  HBOND      =        0.0000
 1-4 VDW =      252.4461  1-4 EEL =    -3431.0196  RESTRAINT  =       16.7362
 EAMBER  =  -165500.2304


   NSTEP       ENERGY          RMS            GMAX         NAME    NUMBER
   9150      -1.6549E+05     1.1917E-01     1.0465E+01     H2      36493

 BOND    =    12475.4658  ANGLE   =      234.0933  DIHED      =      826.3093
 VDWAALS =    32081.8688  EEL     =  -207947.4908  HBOND      =        0.0000
 1-4 VDW =      252.9934  1-4 EEL =    -3432.6854  RESTRAINT  =       16.7618
 EAMBER  =  -165509.4456


   NSTEP       ENERGY          RMS            GMAX         NAME    NUMBER
   9200      -1.6550E+05     3.8553E-02     1.8146E+00     H2      36493

 BOND    =    12474.0590  ANGLE   =      234.1710  DIHED      =      826.2727
 VDWAALS =    32083.3418  EEL     =  -207951.5675  HBOND      =        0.0000
 1-4 VDW =      252.8537  1-4 EEL =    -3432.0868  RESTRAINT  =       16.7651
 EAMBER  =  -165512.9563


   NSTEP       ENERGY          RMS            GMAX         NAME    NUMBER
   9250      -1.6550E+05     3.4399E-02     1.1254E+00     O       13901

 BOND    =    12475.1861  ANGLE   =      234.2178  DIHED      =      826.3058
 VDWAALS =    32089.7710  EEL     =  -207964.8069  HBOND      =        0.0000
 1-4 VDW =      252.8751  1-4 EEL =    -3432.2094  RESTRAINT  =       16.7741
 EAMBER  =  -165518.6606


   NSTEP       ENERGY          RMS            GMAX         NAME    NUMBER
   9300      -1.6551E+05     3.1384E-02     1.4125E+00     O       33962

 BOND    =    12476.9155  ANGLE   =      234.1483  DIHED      =      826.3662
 VDWAALS =    32096.4659  EEL     =  -207978.9432  HBOND      =        0.0000
 1-4 VDW =      252.8777  1-4 EEL =    -3432.2079  RESTRAINT  =       16.7878
 EAMBER  =  -165524.3776


   NSTEP       ENERGY          RMS            GMAX         NAME    NUMBER
   9350      -1.6552E+05     3.9806E-02     1.4056E+00     C2'       624

 BOND    =    12480.0465  ANGLE   =      234.3144  DIHED      =      826.4231
 VDWAALS =    32109.1535  EEL     =  -208003.8362  HBOND      =        0.0000
 1-4 VDW =      252.9003  1-4 EEL =    -3432.4428  RESTRAINT  =       16.8005
 EAMBER  =  -165533.4411


   NSTEP       ENERGY          RMS            GMAX         NAME    NUMBER
   9400      -1.6552E+05     6.5519E-02     2.8841E+00     C5        361

 BOND    =    12479.8795  ANGLE   =      234.4670  DIHED      =      826.4635
 VDWAALS =    32117.4635  EEL     =  -208019.1858  HBOND      =        0.0000
 1-4 VDW =      252.8713  1-4 EEL =    -3432.3422  RESTRAINT  =       16.8119
 EAMBER  =  -165540.3832


   NSTEP       ENERGY          RMS            GMAX         NAME    NUMBER
   9450      -1.6553E+05     7.9371E-02     5.0031E+00     O       22274

 BOND    =    12483.0822  ANGLE   =      234.0991  DIHED      =      826.5201
 VDWAALS =    32121.1601  EEL     =  -208028.5115  HBOND      =        0.0000
 1-4 VDW =      253.0711  1-4 EEL =    -3432.6851  RESTRAINT  =       16.8059
 EAMBER  =  -165543.2640


   NSTEP       ENERGY          RMS            GMAX         NAME    NUMBER
   9500      -1.6553E+05     6.2340E-02     3.5380E+00     N3        489

 BOND    =    12482.4840  ANGLE   =      234.2833  DIHED      =      826.4729
 VDWAALS =    32124.6974  EEL     =  -208034.8134  HBOND      =        0.0000
 1-4 VDW =      253.0963  1-4 EEL =    -3433.0530  RESTRAINT  =       16.8096
 EAMBER  =  -165546.8326


   NSTEP       ENERGY          RMS            GMAX         NAME    NUMBER
   9550      -1.6553E+05     7.4918E-02     3.4396E+00     C2        651

 BOND    =    12485.3149  ANGLE   =      234.3373  DIHED      =      826.5326
 VDWAALS =    32127.1359  EEL     =  -208043.9673  HBOND      =        0.0000
 1-4 VDW =      252.8881  1-4 EEL =    -3432.7839  RESTRAINT  =       16.8084
 EAMBER  =  -165550.5423


   NSTEP       ENERGY          RMS            GMAX         NAME    NUMBER
   9600      -1.6554E+05     4.9966E-02     2.5916E+00     N3        489

 BOND    =    12484.0474  ANGLE   =      234.1786  DIHED      =      826.5838
 VDWAALS =    32129.5394  EEL     =  -208048.5145  HBOND      =        0.0000
 1-4 VDW =      252.9969  1-4 EEL =    -3432.8656  RESTRAINT  =       16.8037
 EAMBER  =  -165554.0340


   NSTEP       ENERGY          RMS            GMAX         NAME    NUMBER
   9650      -1.6554E+05     7.2873E-02     3.4408E+00     C3'       622

 BOND    =    12485.4476  ANGLE   =      234.4399  DIHED      =      826.6599
 VDWAALS =    32132.3984  EEL     =  -208058.1098  HBOND      =        0.0000
 1-4 VDW =      253.2800  1-4 EEL =    -3433.0144  RESTRAINT  =       16.8101
 EAMBER  =  -165558.8983


   NSTEP       ENERGY          RMS            GMAX         NAME    NUMBER
   9700      -1.6555E+05     8.0631E-02     5.2053E+00     O       15476

 BOND    =    12485.9914  ANGLE   =      234.3751  DIHED      =      826.6353
 VDWAALS =    32135.8386  EEL     =  -208066.7183  HBOND      =        0.0000
 1-4 VDW =      253.2195  1-4 EEL =    -3433.2615  RESTRAINT  =       16.7953
 EAMBER  =  -165563.9201


   NSTEP       ENERGY          RMS            GMAX         NAME    NUMBER
   9750      -1.6555E+05     9.1541E-02     3.6254E+00     C5'       633

 BOND    =    12485.6790  ANGLE   =      234.3194  DIHED      =      826.5766
 VDWAALS =    32138.6954  EEL     =  -208073.3044  HBOND      =        0.0000
 1-4 VDW =      253.3861  1-4 EEL =    -3433.5161  RESTRAINT  =       16.7952
 EAMBER  =  -165568.1640


   NSTEP       ENERGY          RMS            GMAX         NAME    NUMBER
   9800      -1.6556E+05     1.6409E-01     9.4903E+00     C8        608

 BOND    =    12486.6398  ANGLE   =      234.3568  DIHED      =      826.5606
 VDWAALS =    32141.7575  EEL     =  -208083.2997  HBOND      =        0.0000
 1-4 VDW =      253.4092  1-4 EEL =    -3433.2862  RESTRAINT  =       16.7900
 EAMBER  =  -165573.8621


   NSTEP       ENERGY          RMS            GMAX         NAME    NUMBER
   9850      -1.6557E+05     1.7403E-01     1.0743E+01     P         730

 BOND    =    12487.3837  ANGLE   =      234.5312  DIHED      =      826.4698
 VDWAALS =    32146.2794  EEL     =  -208097.6710  HBOND      =        0.0000
 1-4 VDW =      253.3592  1-4 EEL =    -3433.6029  RESTRAINT  =       16.7983
 EAMBER  =  -165583.2505


   NSTEP       ENERGY          RMS            GMAX         NAME    NUMBER
   9900      -1.6558E+05     9.2196E-02     4.9576E+00     C1'       356

 BOND    =    12488.9888  ANGLE   =      234.3223  DIHED      =      826.4578
 VDWAALS =    32150.3121  EEL     =  -208112.5287  HBOND      =        0.0000
 1-4 VDW =      253.4076  1-4 EEL =    -3433.5428  RESTRAINT  =       16.7996
 EAMBER  =  -165592.5829


   NSTEP       ENERGY          RMS            GMAX         NAME    NUMBER
   9950      -1.6558E+05     1.1870E-01     7.2831E+00     C1'       356

 BOND    =    12490.7841  ANGLE   =      234.1263  DIHED      =      826.4440
 VDWAALS =    32158.2973  EEL     =  -208129.8527  HBOND      =        0.0000
 1-4 VDW =      253.4203  1-4 EEL =    -3433.4581  RESTRAINT  =       16.8055
 EAMBER  =  -165600.2388


   NSTEP       ENERGY          RMS            GMAX         NAME    NUMBER
  10000      -1.6559E+05     1.1450E-01     6.5338E+00     C6        419

 BOND    =    12491.6155  ANGLE   =      234.3096  DIHED      =      826.4576
 VDWAALS =    32162.3987  EEL     =  -208140.3135  HBOND      =        0.0000
 1-4 VDW =      253.3754  1-4 EEL =    -3433.2360  RESTRAINT  =       16.8083
 EAMBER  =  -165605.3927


  Maximum number of minimization cycles reached.


                    FINAL RESULTS



   NSTEP       ENERGY          RMS            GMAX         NAME    NUMBER
  10000      -1.6559E+05     1.1450E-01     6.5338E+00     C6        419

 BOND    =    12491.6155  ANGLE   =      234.3096  DIHED      =      826.4576
 VDWAALS =    32162.3987  EEL     =  -208140.3135  HBOND      =        0.0000
 1-4 VDW =      253.3754  1-4 EEL =    -3433.2360  RESTRAINT  =       16.8083
 EAMBER  =  -165605.3927
--------------------------------------------------------------------------------
   5.  TIMINGS
--------------------------------------------------------------------------------

|  NonSetup CPU Time in Major Routines:
|
|     Routine           Sec        %
|     ------------------------------
|     Nonbond          22.13   55.67
|     Bond              0.00    0.00
|     Angle             0.00    0.00
|     Dihedral          0.00    0.00
|     Shake             0.00    0.00
|     Other            17.62   44.33
|     ------------------------------
|     Total            39.75

|  PME Nonbond Pairlist CPU Time:
|
|     Routine              Sec        %
|     ---------------------------------
|     Set Up Cit           0.00    0.00
|     Build List           0.00    0.00
|     ---------------------------------
|     Total                0.00    0.00

|  PME Direct Force CPU Time:
|
|     Routine              Sec        %
|     ---------------------------------
|     NonBonded Calc       0.00    0.00
|     Exclude Masked       0.00    0.00
|     Other                0.02    0.04
|     ---------------------------------
|     Total                0.02    0.04

|  PME Reciprocal Force CPU Time:
|
|     Routine              Sec        %
|     ---------------------------------
|     1D bspline           0.00    0.00
|     Grid Charges         0.00    0.00
|     Scalar Sum           0.00    0.00
|     Gradient Sum         0.00    0.00
|     FFT                  0.00    0.00
|     ---------------------------------
|     Total                0.00    0.00

|  Setup CPU time:            0.96 seconds
|  NonSetup CPU time:        39.75 seconds
|  Total CPU time:           40.71 seconds     0.01 hours

|  Setup wall time:           1    seconds
|  NonSetup wall time:       40    seconds
|  Total wall time:          41    seconds     0.01 hours
