
          -------------------------------------------------------
          Amber 16 PMEMD                              2016
          -------------------------------------------------------

| PMEMD implementation of SANDER, Release 16

| Run on 11/28/2020 at 22:23:20

|   Executable path: pmemd.cuda
| Working directory: /home/kyq/T7RNADNA/4/nDT4
|          Hostname: gpu01

  [-O]verwriting output

File Assignments:
|   MDIN: min2.in                                                               
|  MDOUT: cmp_min2.out                                                          
| INPCRD: cmp_min1.rst                                                          
|   PARM: cmp.prmtop                                                            
| RESTRT: cmp_min2.rst                                                          
|   REFC: cmp.inpcrd                                                            
|  MDVEL: mdvel                                                                 
|   MDEN: mden                                                                  
|  MDCRD: mdcrd                                                                 
| MDINFO: mdinfo                                                                
|  MDFRC: mdfrc                                                                 

 
 Here is the input file:
 
Initial minimisation of our structures                                         
 &cntrl                                                                        
  imin=1, maxcyc=10000, ncyc=5000,                                             
  cut=10, ntb=1,ntr=1,                                                         
  restraint_wt=2.0                                                             
  restraintmask=':1-34@C5'                                                     
                                                                               
/                                                                              


Note: ig = -1. Setting random seed to    92426 based on wallclock time in 
      microseconds.
 
|--------------------- INFORMATION ----------------------
| GPU (CUDA) Version of PMEMD in use: NVIDIA GPU IN USE.
|                    Version 16.0.0
| 
|                      02/25/2016
| 
| Implementation by:
|                    Ross C. Walker     (SDSC)
|                    Scott Le Grand     (nVIDIA)
| 
| Precision model in use:
|      [SPFP] - Single Precision Forces, 64-bit Fixed Point
|               Accumulation. (Default)
| 
|--------------------------------------------------------
 
|----------------- CITATION INFORMATION -----------------
|
|    When publishing work that utilized the CUDA version
|    of AMBER, please cite the following in addition to
|    the regular AMBER citations:
|
|  - Romelia Salomon-Ferrer; Andreas W. Goetz; Duncan
|    Poole; Scott Le Grand; Ross C. Walker "Routine
|    microsecond molecular dynamics simulations with
|    AMBER - Part II: Particle Mesh Ewald", J. Chem.
|    Theory Comput., 2013, 9 (9), pp3878-3888,
|    DOI: 10.1021/ct400314y.
|
|  - Andreas W. Goetz; Mark J. Williamson; Dong Xu;
|    Duncan Poole; Scott Le Grand; Ross C. Walker
|    "Routine microsecond molecular dynamics simulations
|    with AMBER - Part I: Generalized Born", J. Chem.
|    Theory Comput., 2012, 8 (5), pp1542-1555.
|
|  - Scott Le Grand; Andreas W. Goetz; Ross C. Walker
|    "SPFP: Speed without compromise - a mixed precision
|    model for GPU accelerated molecular dynamics
|    simulations.", Comp. Phys. Comm., 2013, 184
|    pp374-380, DOI: 10.1016/j.cpc.2012.09.022
|
|--------------------------------------------------------
 
|------------------- GPU DEVICE INFO --------------------
|
|            CUDA_VISIBLE_DEVICES: 0
|   CUDA Capable Devices Detected:      1
|           CUDA Device ID in use:      0
|                CUDA Device Name: Tesla P100-PCIE-16GB
|     CUDA Device Global Mem Size:  16276 MB
| CUDA Device Num Multiprocessors:     56
|           CUDA Device Core Freq:   1.33 GHz
|
|--------------------------------------------------------
 
 
| Conditional Compilation Defines Used:
| PUBFFT
| BINTRAJ
| CUDA
| EMIL
 
| Largest sphere to fit in unit cell has radius =    31.627

| New format PARM file being parsed.
| Version =    1.000 Date = 11/28/20 Time = 22:20:46

| Note: 1-4 EEL scale factors are being read from the topology file.

| Note: 1-4 VDW scale factors are being read from the topology file.
| Duplicated    0 dihedrals

| Duplicated    0 dihedrals

--------------------------------------------------------------------------------
   1.  RESOURCE   USE: 
--------------------------------------------------------------------------------

 getting box info from netcdf restart file
 NATOM  =   31354 NTYPES =      18 NBONH =   30615 MBONA  =     790
 NTHETH =     891 MTHETA =    1223 NPHIH =    1882 MPHIA  =    2460
 NHPARM =       0 NPARM  =       0 NNB   =   46416 NRES   =   10143
 NBONA  =     790 NTHETA =    1223 NPHIA =    2460 NUMBND =      73
 NUMANG =     152 NPTRA  =      87 NATYP =      37 NPHB   =       1
 IFBOX  =       2 NMXRS  =      34 IFCAP =       0 NEXTRA =       0
 NCOPY  =       0

| Coordinate Index Table dimensions:    12   12   12
| Direct force subcell size =     6.4558    6.4558    6.4558

     BOX TYPE: TRUNCATED OCTAHEDRON

--------------------------------------------------------------------------------
   2.  CONTROL  DATA  FOR  THE  RUN
--------------------------------------------------------------------------------

default_name                                                                    

General flags:
     imin    =       1, nmropt  =       0

Nature and format of input:
     ntx     =       1, irest   =       0, ntrx    =       1

Nature and format of output:
     ntxo    =       2, ntpr    =      50, ntrx    =       1, ntwr    =       1
     iwrap   =       0, ntwx    =       0, ntwv    =       0, ntwe    =       0
     ioutfm  =       1, ntwprt  =       0, idecomp =       0, rbornstat=      0

Potential function:
     ntf     =       1, ntb     =       1, igb     =       0, nsnb    =      25
     ipol    =       0, gbsa    =       0, iesp    =       0
     dielc   =   1.00000, cut     =  10.00000, intdiel =   1.00000

Frozen or restrained atoms:
     ibelly  =       0, ntr     =       1
     restraint_wt =   2.00000

Energy minimization:
     maxcyc  =   10000, ncyc    =    5000, ntmin   =       1
     dx0     =   0.01000, drms    =   0.00010

| Intermolecular bonds treatment:
|     no_intermolecular_bonds =       1

| Energy averages sample interval:
|     ene_avg_sampling =       1

Ewald parameters:
     verbose =       0, ew_type =       0, nbflag  =       1, use_pme =       1
     vdwmeth =       1, eedmeth =       1, netfrc  =       0
     Box X =   77.470   Box Y =   77.470   Box Z =   77.470
     Alpha =  109.471   Beta  =  109.471   Gamma =  109.471
     NFFT1 =   80       NFFT2 =   80       NFFT3 =   80
     Cutoff=   10.000   Tol   =0.100E-04
     Ewald Coefficient =  0.27511
     Interpolation order =    4

    LOADING THE CONSTRAINED ATOMS AS GROUPS


   5.  REFERENCE ATOM COORDINATES

  default_name                                                                    
     Mask :1-34@C5; matches    34 atoms

--------------------------------------------------------------------------------
   3.  ATOMIC COORDINATES AND VELOCITIES
--------------------------------------------------------------------------------

default_name                                                                    
 begin time read from input coords =     0.000 ps

 
 Number of triangulated 3-point waters found:    10077

     Sum of charges from parm topology file =   0.00000011
     Forcing neutrality...

| Dynamic Memory, Types Used:
| Reals              960313
| Integers           799413

| Nonbonded Pairs Initial Allocation:     9483801

| GPU memory information (estimate):
| KB of GPU memory in use:    163800
| KB of CPU memory in use:     52668

--------------------------------------------------------------------------------
   4.  RESULTS
--------------------------------------------------------------------------------

 ---------------------------------------------------
 APPROXIMATING switch and d/dx switch using CUBIC SPLINE INTERPOLATION
 using   5000.0 points per unit in tabled values
 TESTING RELATIVE ERROR over r ranging from 0.0 to cutoff
| CHECK switch(x): max rel err =   0.3316E-14   at   2.351880
| CHECK d/dx switch(x): max rel err =   0.8066E-11   at   2.747240
 ---------------------------------------------------
|---------------------------------------------------
| APPROXIMATING direct energy using CUBIC SPLINE INTERPOLATION
|  with   50.0 points per unit in tabled values
| Relative Error Limit not exceeded for r .gt.   2.34
| APPROXIMATING direct force using CUBIC SPLINE INTERPOLATION
|  with   50.0 points per unit in tabled values
| Relative Error Limit not exceeded for r .gt.   2.81
|---------------------------------------------------


   NSTEP       ENERGY          RMS            GMAX         NAME    NUMBER
      1      -1.3704E+05     2.1745E-01     8.6366E+00     O        6986

 BOND    =    10073.5280  ANGLE   =      194.2966  DIHED      =      835.8268
 VDWAALS =    25339.2519  EEL     =  -170294.0743  HBOND      =        0.0000
 1-4 VDW =      268.3332  1-4 EEL =    -3459.1841  RESTRAINT  =        0.6150
 EAMBER  =  -137042.0218


   NSTEP       ENERGY          RMS            GMAX         NAME    NUMBER
     50      -1.3707E+05     1.0370E-01     3.4845E+00     H2      24340

 BOND    =    10074.0306  ANGLE   =      189.4707  DIHED      =      838.5787
 VDWAALS =    25343.8526  EEL     =  -170322.9238  HBOND      =        0.0000
 1-4 VDW =      266.3406  1-4 EEL =    -3463.2876  RESTRAINT  =        0.7551
 EAMBER  =  -137073.9382


   NSTEP       ENERGY          RMS            GMAX         NAME    NUMBER
    100      -1.3709E+05     2.3156E-01     1.1149E+01     H2      24340

 BOND    =    10064.7978  ANGLE   =      187.6948  DIHED      =      840.1887
 VDWAALS =    25349.0283  EEL     =  -170337.8674  HBOND      =        0.0000
 1-4 VDW =      266.7815  1-4 EEL =    -3462.7006  RESTRAINT  =        0.8771
 EAMBER  =  -137092.0768


   NSTEP       ENERGY          RMS            GMAX         NAME    NUMBER
    150      -1.3711E+05     1.3319E-01     7.5983E+00     P         376

 BOND    =    10090.1539  ANGLE   =      186.1637  DIHED      =      841.3314
 VDWAALS =    25354.4244  EEL     =  -170386.8648  HBOND      =        0.0000
 1-4 VDW =      267.1729  1-4 EEL =    -3461.4983  RESTRAINT  =        0.9881
 EAMBER  =  -137109.1169


   NSTEP       ENERGY          RMS            GMAX         NAME    NUMBER
    200      -1.3712E+05     1.9641E-01     2.7280E+01     P         376

 BOND    =    10095.3087  ANGLE   =      184.8732  DIHED      =      842.0705
 VDWAALS =    25360.0033  EEL     =  -170413.6578  HBOND      =        0.0000
 1-4 VDW =      267.4446  1-4 EEL =    -3460.1680  RESTRAINT  =        1.0971
 EAMBER  =  -137124.1256


   NSTEP       ENERGY          RMS            GMAX         NAME    NUMBER
    250      -1.3714E+05     9.6150E-02     1.2603E+01     P         376

 BOND    =    10081.9848  ANGLE   =      183.2131  DIHED      =      842.4971
 VDWAALS =    25365.7848  EEL     =  -170421.0974  HBOND      =        0.0000
 1-4 VDW =      267.5643  1-4 EEL =    -3458.7651  RESTRAINT  =        1.2050
 EAMBER  =  -137138.8183


   NSTEP       ENERGY          RMS            GMAX         NAME    NUMBER
    300      -1.3715E+05     1.7185E-01     2.5854E+01     P         376

 BOND    =    10083.7654  ANGLE   =      181.9915  DIHED      =      842.6655
 VDWAALS =    25371.8216  EEL     =  -170442.3325  HBOND      =        0.0000
 1-4 VDW =      267.6563  1-4 EEL =    -3457.4361  RESTRAINT  =        1.3093
 EAMBER  =  -137151.8682


   NSTEP       ENERGY          RMS            GMAX         NAME    NUMBER
    350      -1.3716E+05     2.3608E-01     3.2006E+01     P         376

 BOND    =    10085.4270  ANGLE   =      180.9887  DIHED      =      842.6636
 VDWAALS =    25377.8348  EEL     =  -170462.3489  HBOND      =        0.0000
 1-4 VDW =      267.7216  1-4 EEL =    -3456.2158  RESTRAINT  =        1.4071
 EAMBER  =  -137163.9289


   NSTEP       ENERGY          RMS            GMAX         NAME    NUMBER
    400      -1.3718E+05     1.4075E-01     1.9365E+01     P         696

 BOND    =    10086.7000  ANGLE   =      180.3830  DIHED      =      842.5068
 VDWAALS =    25384.4297  EEL     =  -170483.9664  HBOND      =        0.0000
 1-4 VDW =      267.9303  1-4 EEL =    -3455.0358  RESTRAINT  =        1.5016
 EAMBER  =  -137177.0525


   NSTEP       ENERGY          RMS            GMAX         NAME    NUMBER
    450      -1.3719E+05     1.9355E-01     1.9531E+01     C6        419

 BOND    =    10088.2895  ANGLE   =      179.6764  DIHED      =      842.3216
 VDWAALS =    25390.9298  EEL     =  -170504.2829  HBOND      =        0.0000
 1-4 VDW =      267.9837  1-4 EEL =    -3453.9025  RESTRAINT  =        1.5929
 EAMBER  =  -137188.9843


   NSTEP       ENERGY          RMS            GMAX         NAME    NUMBER
    500      -1.3720E+05     1.1450E-01     1.2373E+01     C6        419

 BOND    =    10089.4162  ANGLE   =      178.8858  DIHED      =      842.1366
 VDWAALS =    25397.3624  EEL     =  -170523.9362  HBOND      =        0.0000
 1-4 VDW =      268.0217  1-4 EEL =    -3452.8642  RESTRAINT  =        1.6803
 EAMBER  =  -137200.9776


   NSTEP       ENERGY          RMS            GMAX         NAME    NUMBER
    550      -1.3721E+05     1.9320E-01     2.4608E+01     C6        419

 BOND    =    10091.4311  ANGLE   =      178.1536  DIHED      =      841.9399
 VDWAALS =    25403.7388  EEL     =  -170543.1523  HBOND      =        0.0000
 1-4 VDW =      268.1379  1-4 EEL =    -3451.8434  RESTRAINT  =        1.7616
 EAMBER  =  -137211.5946


   NSTEP       ENERGY          RMS            GMAX         NAME    NUMBER
    600      -1.3722E+05     5.8164E-02     3.2727E+00     C6        419

 BOND    =    10092.0823  ANGLE   =      177.8526  DIHED      =      841.7428
 VDWAALS =    25410.0856  EEL     =  -170561.5812  HBOND      =        0.0000
 1-4 VDW =      268.1628  1-4 EEL =    -3450.9820  RESTRAINT  =        1.8357
 EAMBER  =  -137222.6372


   NSTEP       ENERGY          RMS            GMAX         NAME    NUMBER
    650      -1.3723E+05     1.4283E-01     1.4905E+01     C6        419

 BOND    =    10093.7763  ANGLE   =      177.3607  DIHED      =      841.5699
 VDWAALS =    25416.6501  EEL     =  -170580.5086  HBOND      =        0.0000
 1-4 VDW =      268.2444  1-4 EEL =    -3450.1043  RESTRAINT  =        1.9108
 EAMBER  =  -137233.0114


   NSTEP       ENERGY          RMS            GMAX         NAME    NUMBER
    700      -1.3724E+05     6.6690E-02     5.5667E+00     C6        419

 BOND    =    10094.8822  ANGLE   =      176.8959  DIHED      =      841.4362
 VDWAALS =    25423.0248  EEL     =  -170598.6288  HBOND      =        0.0000
 1-4 VDW =      268.2868  1-4 EEL =    -3449.2567  RESTRAINT  =        1.9822
 EAMBER  =  -137243.3596


   NSTEP       ENERGY          RMS            GMAX         NAME    NUMBER
    750      -1.3725E+05     1.2542E-01     1.3148E+01     C6        419

 BOND    =    10096.3678  ANGLE   =      176.4246  DIHED      =      841.3250
 VDWAALS =    25429.2558  EEL     =  -170616.4420  HBOND      =        0.0000
 1-4 VDW =      268.3402  1-4 EEL =    -3448.4440  RESTRAINT  =        2.0518
 EAMBER  =  -137253.1726


   NSTEP       ENERGY          RMS            GMAX         NAME    NUMBER
    800      -1.3726E+05     5.6044E-02     3.3384E+00     C6        419

 BOND    =    10097.4999  ANGLE   =      175.8691  DIHED      =      841.2423
 VDWAALS =    25434.9543  EEL     =  -170633.0879  HBOND      =        0.0000
 1-4 VDW =      268.4106  1-4 EEL =    -3447.7592  RESTRAINT  =        2.1158
 EAMBER  =  -137262.8710


   NSTEP       ENERGY          RMS            GMAX         NAME    NUMBER
    850      -1.3727E+05     1.0363E-01     9.8014E+00     C6        419

 BOND    =    10098.8998  ANGLE   =      175.3982  DIHED      =      841.1900
 VDWAALS =    25440.4863  EEL     =  -170649.6037  HBOND      =        0.0000
 1-4 VDW =      268.4668  1-4 EEL =    -3447.0960  RESTRAINT  =        2.1785
 EAMBER  =  -137272.2586


   NSTEP       ENERGY          RMS            GMAX         NAME    NUMBER
    900      -1.3728E+05     1.5192E-01     1.6749E+01     C6        419

 BOND    =    10100.3116  ANGLE   =      175.0135  DIHED      =      841.1630
 VDWAALS =    25445.8500  EEL     =  -170665.8923  HBOND      =        0.0000
 1-4 VDW =      268.5076  1-4 EEL =    -3446.4809  RESTRAINT  =        2.2381
 EAMBER  =  -137281.5274


   NSTEP       ENERGY          RMS            GMAX         NAME    NUMBER
    950      -1.3729E+05     7.2980E-02     6.3649E+00     C6        419

 BOND    =    10101.3427  ANGLE   =      174.6532  DIHED      =      841.1640
 VDWAALS =    25451.2623  EEL     =  -170682.6904  HBOND      =        0.0000
 1-4 VDW =      268.5137  1-4 EEL =    -3445.8261  RESTRAINT  =        2.2977
 EAMBER  =  -137291.5807


   NSTEP       ENERGY          RMS            GMAX         NAME    NUMBER
   1000      -1.3730E+05     9.7340E-02     1.2457E+01     C6        419

 BOND    =    10102.7050  ANGLE   =      174.3270  DIHED      =      841.1776
 VDWAALS =    25456.5450  EEL     =  -170699.1561  HBOND      =        0.0000
 1-4 VDW =      268.5357  1-4 EEL =    -3445.2528  RESTRAINT  =        2.3556
 EAMBER  =  -137301.1185


   NSTEP       ENERGY          RMS            GMAX         NAME    NUMBER
   1050      -1.3731E+05     1.9273E-01     2.8203E+01     C6        419

 BOND    =    10104.3867  ANGLE   =      174.0662  DIHED      =      841.2054
 VDWAALS =    25461.6321  EEL     =  -170715.1254  HBOND      =        0.0000
 1-4 VDW =      268.5513  1-4 EEL =    -3444.6941  RESTRAINT  =        2.4113
 EAMBER  =  -137309.9778


   NSTEP       ENERGY          RMS            GMAX         NAME    NUMBER
   1100      -1.3732E+05     7.0812E-02     7.9097E+00     C6        419

 BOND    =    10105.1138  ANGLE   =      173.7702  DIHED      =      841.2286
 VDWAALS =    25466.6861  EEL     =  -170730.7506  HBOND      =        0.0000
 1-4 VDW =      268.5889  1-4 EEL =    -3444.2706  RESTRAINT  =        2.4620
 EAMBER  =  -137319.6336


   NSTEP       ENERGY          RMS            GMAX         NAME    NUMBER
   1150      -1.3733E+05     1.6789E-01     2.5627E+01     C6        419

 BOND    =    10106.5642  ANGLE   =      173.6357  DIHED      =      841.2631
 VDWAALS =    25471.8703  EEL     =  -170746.5050  HBOND      =        0.0000
 1-4 VDW =      268.6069  1-4 EEL =    -3443.8250  RESTRAINT  =        2.5131
 EAMBER  =  -137328.3898


   NSTEP       ENERGY          RMS            GMAX         NAME    NUMBER
   1200      -1.3733E+05     5.1837E-02     2.9674E+00     C6        419

 BOND    =    10107.5448  ANGLE   =      173.2975  DIHED      =      841.3110
 VDWAALS =    25477.0159  EEL     =  -170761.9271  HBOND      =        0.0000
 1-4 VDW =      268.6117  1-4 EEL =    -3443.3238  RESTRAINT  =        2.5655
 EAMBER  =  -137337.4700


   NSTEP       ENERGY          RMS            GMAX         NAME    NUMBER
   1250      -1.3734E+05     1.5692E-01     1.6962E+01     C4        426

 BOND    =    10108.8335  ANGLE   =      173.3148  DIHED      =      841.3524
 VDWAALS =    25482.5631  EEL     =  -170777.8236  HBOND      =        0.0000
 1-4 VDW =      268.5866  1-4 EEL =    -3442.8478  RESTRAINT  =        2.6156
 EAMBER  =  -137346.0210


   NSTEP       ENERGY          RMS            GMAX         NAME    NUMBER
   1300      -1.3735E+05     5.7108E-02     3.8061E+00     C6        419

 BOND    =    10109.9471  ANGLE   =      172.9144  DIHED      =      841.3865
 VDWAALS =    25488.0504  EEL     =  -170793.0549  HBOND      =        0.0000
 1-4 VDW =      268.6454  1-4 EEL =    -3442.5430  RESTRAINT  =        2.6651
 EAMBER  =  -137354.6539


   NSTEP       ENERGY          RMS            GMAX         NAME    NUMBER
   1350      -1.3736E+05     1.2475E-01     1.3195E+01     C6        419

 BOND    =    10111.1952  ANGLE   =      172.8582  DIHED      =      841.4121
 VDWAALS =    25493.7069  EEL     =  -170808.1177  HBOND      =        0.0000
 1-4 VDW =      268.6505  1-4 EEL =    -3442.2556  RESTRAINT  =        2.7129
 EAMBER  =  -137362.5503


   NSTEP       ENERGY          RMS            GMAX         NAME    NUMBER
   1400      -1.3737E+05     1.7620E-01     1.4641E+01     C4        426

 BOND    =    10112.9920  ANGLE   =      172.3055  DIHED      =      841.4331
 VDWAALS =    25499.1579  EEL     =  -170822.7204  HBOND      =        0.0000
 1-4 VDW =      268.7808  1-4 EEL =    -3441.8968  RESTRAINT  =        2.7583
 EAMBER  =  -137369.9478


   NSTEP       ENERGY          RMS            GMAX         NAME    NUMBER
   1450      -1.3738E+05     1.0219E-01     1.0273E+01     C6        419

 BOND    =    10113.4015  ANGLE   =      172.4338  DIHED      =      841.4457
 VDWAALS =    25504.7569  EEL     =  -170837.1174  HBOND      =        0.0000
 1-4 VDW =      268.7176  1-4 EEL =    -3441.4860  RESTRAINT  =        2.8019
 EAMBER  =  -137377.8478


   NSTEP       ENERGY          RMS            GMAX         NAME    NUMBER
   1500      -1.3738E+05     1.4363E-01     1.5948E+01     C6        419

 BOND    =    10114.8161  ANGLE   =      172.1683  DIHED      =      841.4525
 VDWAALS =    25510.3185  EEL     =  -170851.6886  HBOND      =        0.0000
 1-4 VDW =      268.7843  1-4 EEL =    -3441.1597  RESTRAINT  =        2.8467
 EAMBER  =  -137385.3086


   NSTEP       ENERGY          RMS            GMAX         NAME    NUMBER
   1550      -1.3739E+05     4.9587E-02     2.4033E+00     C6        419

 BOND    =    10115.6001  ANGLE   =      172.1696  DIHED      =      841.4486
 VDWAALS =    25515.5349  EEL     =  -170865.4048  HBOND      =        0.0000
 1-4 VDW =      268.7862  1-4 EEL =    -3441.0704  RESTRAINT  =        2.8883
 EAMBER  =  -137392.9357


   NSTEP       ENERGY          RMS            GMAX         NAME    NUMBER
   1600      -1.3740E+05     1.3638E-01     1.5013E+01     C6        419

 BOND    =    10116.9038  ANGLE   =      172.2034  DIHED      =      841.4421
 VDWAALS =    25520.8659  EEL     =  -170879.5052  HBOND      =        0.0000
 1-4 VDW =      268.8071  1-4 EEL =    -3440.9442  RESTRAINT  =        2.9302
 EAMBER  =  -137400.2271


   NSTEP       ENERGY          RMS            GMAX         NAME    NUMBER
   1650      -1.3740E+05     1.8942E-01     2.2638E+01     C6        419

 BOND    =    10118.2358  ANGLE   =      172.1811  DIHED      =      841.4328
 VDWAALS =    25526.0630  EEL     =  -170893.4115  HBOND      =        0.0000
 1-4 VDW =      268.8511  1-4 EEL =    -3440.7800  RESTRAINT  =        2.9696
 EAMBER  =  -137407.4276


   NSTEP       ENERGY          RMS            GMAX         NAME    NUMBER
   1700      -1.3741E+05     1.0881E-01     1.0036E+01     C6        419

 BOND    =    10119.1832  ANGLE   =      171.8956  DIHED      =      841.4280
 VDWAALS =    25531.4468  EEL     =  -170907.8100  HBOND      =        0.0000
 1-4 VDW =      268.9021  1-4 EEL =    -3440.3680  RESTRAINT  =        3.0088
 EAMBER  =  -137415.3223


   NSTEP       ENERGY          RMS            GMAX         NAME    NUMBER
   1750      -1.3742E+05     1.5774E-01     1.2885E+01     N3        428

 BOND    =    10120.3440  ANGLE   =      171.9930  DIHED      =      841.4149
 VDWAALS =    25536.7775  EEL     =  -170921.7653  HBOND      =        0.0000
 1-4 VDW =      268.9183  1-4 EEL =    -3440.1726  RESTRAINT  =        3.0467
 EAMBER  =  -137422.4903


   NSTEP       ENERGY          RMS            GMAX         NAME    NUMBER
   1800      -1.3743E+05     6.1034E-02     4.9364E+00     C6        419

 BOND    =    10121.4827  ANGLE   =      171.6612  DIHED      =      841.4009
 VDWAALS =    25541.8770  EEL     =  -170935.2794  HBOND      =        0.0000
 1-4 VDW =      269.0391  1-4 EEL =    -3440.1110  RESTRAINT  =        3.0843
 EAMBER  =  -137429.9296


   NSTEP       ENERGY          RMS            GMAX         NAME    NUMBER
   1850      -1.3743E+05     1.3182E-01     1.2252E+01     C6        419

 BOND    =    10122.9381  ANGLE   =      171.5522  DIHED      =      841.3896
 VDWAALS =    25547.0929  EEL     =  -170948.9755  HBOND      =        0.0000
 1-4 VDW =      269.1180  1-4 EEL =    -3440.0024  RESTRAINT  =        3.1221
 EAMBER  =  -137436.8872


   NSTEP       ENERGY          RMS            GMAX         NAME    NUMBER
   1900      -1.3744E+05     4.5946E-02     1.9263E+00     H1       7059

 BOND    =    10123.7330  ANGLE   =      171.4428  DIHED      =      841.3853
 VDWAALS =    25551.9783  EEL     =  -170961.8812  HBOND      =        0.0000
 1-4 VDW =      269.1579  1-4 EEL =    -3439.7230  RESTRAINT  =        3.1550
 EAMBER  =  -137443.9069


   NSTEP       ENERGY          RMS            GMAX         NAME    NUMBER
   1950      -1.3745E+05     1.1198E-01     9.7819E+00     C6        419

 BOND    =    10124.9523  ANGLE   =      171.3823  DIHED      =      841.3852
 VDWAALS =    25556.9666  EEL     =  -170974.9603  HBOND      =        0.0000
 1-4 VDW =      269.2004  1-4 EEL =    -3439.4842  RESTRAINT  =        3.1881
 EAMBER  =  -137450.5576


   NSTEP       ENERGY          RMS            GMAX         NAME    NUMBER
   2000      -1.3745E+05     1.8746E-01     1.3584E+01     C4        426

 BOND    =    10125.7732  ANGLE   =      171.8887  DIHED      =      841.3863
 VDWAALS =    25562.1083  EEL     =  -170987.9510  HBOND      =        0.0000
 1-4 VDW =      269.1254  1-4 EEL =    -3439.3872  RESTRAINT  =        3.2201
 EAMBER  =  -137457.0563


   NSTEP       ENERGY          RMS            GMAX         NAME    NUMBER
   2050      -1.3746E+05     9.7194E-02     8.7850E+00     C2         86

 BOND    =    10127.4729  ANGLE   =      171.1169  DIHED      =      841.3975
 VDWAALS =    25567.0960  EEL     =  -171001.1408  HBOND      =        0.0000
 1-4 VDW =      269.3157  1-4 EEL =    -3439.3172  RESTRAINT  =        3.2538
 EAMBER  =  -137464.0590


   NSTEP       ENERGY          RMS            GMAX         NAME    NUMBER
   2100      -1.3747E+05     4.4637E-02     1.9699E+00     C2         86

 BOND    =    10128.3589  ANGLE   =      171.0898  DIHED      =      841.4115
 VDWAALS =    25572.2940  EEL     =  -171014.1630  HBOND      =        0.0000
 1-4 VDW =      269.3345  1-4 EEL =    -3439.0603  RESTRAINT  =        3.2823
 EAMBER  =  -137470.7345


   NSTEP       ENERGY          RMS            GMAX         NAME    NUMBER
   2150      -1.3747E+05     4.2120E-02     1.6753E+00     H2      17206

 BOND    =    10129.5029  ANGLE   =      171.0278  DIHED      =      841.4299
 VDWAALS =    25577.5179  EEL     =  -171026.8859  HBOND      =        0.0000
 1-4 VDW =      269.3619  1-4 EEL =    -3438.9045  RESTRAINT  =        3.3112
 EAMBER  =  -137476.9500


   NSTEP       ENERGY          RMS            GMAX         NAME    NUMBER
   2200      -1.3748E+05     1.1844E-01     1.1619E+01     C2         86

 BOND    =    10130.5082  ANGLE   =      171.1833  DIHED      =      841.4508
 VDWAALS =    25582.8846  EEL     =  -171039.4366  HBOND      =        0.0000
 1-4 VDW =      269.3486  1-4 EEL =    -3438.6732  RESTRAINT  =        3.3390
 EAMBER  =  -137482.7344


   NSTEP       ENERGY          RMS            GMAX         NAME    NUMBER
   2250      -1.3749E+05     4.1346E-02     1.8754E+00     H2      17206

 BOND    =    10131.8295  ANGLE   =      170.8585  DIHED      =      841.4764
 VDWAALS =    25587.9009  EEL     =  -171051.5840  HBOND      =        0.0000
 1-4 VDW =      269.4198  1-4 EEL =    -3438.5869  RESTRAINT  =        3.3683
 EAMBER  =  -137488.6857


   NSTEP       ENERGY          RMS            GMAX         NAME    NUMBER
   2300      -1.3749E+05     1.0730E-01     9.9466E+00     C2         86

 BOND    =    10133.4091  ANGLE   =      170.5646  DIHED      =      841.5038
 VDWAALS =    25592.8555  EEL     =  -171063.7090  HBOND      =        0.0000
 1-4 VDW =      269.5011  1-4 EEL =    -3438.4434  RESTRAINT  =        3.3975
 EAMBER  =  -137494.3183


   NSTEP       ENERGY          RMS            GMAX         NAME    NUMBER
   2350      -1.3750E+05     1.7400E-01     1.5964E+01     C6        578

 BOND    =    10134.9835  ANGLE   =      170.2089  DIHED      =      841.5300
 VDWAALS =    25597.4969  EEL     =  -171075.3461  HBOND      =        0.0000
 1-4 VDW =      269.6159  1-4 EEL =    -3438.2027  RESTRAINT  =        3.4240
 EAMBER  =  -137499.7135


   NSTEP       ENERGY          RMS            GMAX         NAME    NUMBER
   2400      -1.3750E+05     6.6623E-02     5.9453E+00     C2         86

 BOND    =    10134.9849  ANGLE   =      170.6600  DIHED      =      841.5526
 VDWAALS =    25602.2905  EEL     =  -171086.7498  HBOND      =        0.0000
 1-4 VDW =      269.4910  1-4 EEL =    -3437.9806  RESTRAINT  =        3.4502
 EAMBER  =  -137505.7514


   NSTEP       ENERGY          RMS            GMAX         NAME    NUMBER
   2450      -1.3751E+05     4.0801E-02     1.7459E+00     C2         86

 BOND    =    10136.0624  ANGLE   =      170.5798  DIHED      =      841.5784
 VDWAALS =    25606.7586  EEL     =  -171097.8230  HBOND      =        0.0000
 1-4 VDW =      269.5071  1-4 EEL =    -3437.8702  RESTRAINT  =        3.4786
 EAMBER  =  -137511.2068


   NSTEP       ENERGY          RMS            GMAX         NAME    NUMBER
   2500      -1.3751E+05     6.7533E-02     6.0369E+00     C2         86

 BOND    =    10137.2202  ANGLE   =      170.4678  DIHED      =      841.6041
 VDWAALS =    25611.2591  EEL     =  -171108.9094  HBOND      =        0.0000
 1-4 VDW =      269.5392  1-4 EEL =    -3437.7150  RESTRAINT  =        3.5069
 EAMBER  =  -137516.5340


   NSTEP       ENERGY          RMS            GMAX         NAME    NUMBER
   2550      -1.3752E+05     1.2775E-01     1.0505E+01     C2         86

 BOND    =    10138.6727  ANGLE   =      170.1893  DIHED      =      841.6303
 VDWAALS =    25615.7440  EEL     =  -171120.0212  HBOND      =        0.0000
 1-4 VDW =      269.6200  1-4 EEL =    -3437.5206  RESTRAINT  =        3.5351
 EAMBER  =  -137521.6854


   NSTEP       ENERGY          RMS            GMAX         NAME    NUMBER
   2600      -1.3752E+05     4.7834E-02     3.4592E+00     C2         86

 BOND    =    10138.9484  ANGLE   =      170.4689  DIHED      =      841.6533
 VDWAALS =    25620.2966  EEL     =  -171130.5814  HBOND      =        0.0000
 1-4 VDW =      269.5499  1-4 EEL =    -3437.2685  RESTRAINT  =        3.5610
 EAMBER  =  -137526.9329


   NSTEP       ENERGY          RMS            GMAX         NAME    NUMBER
   2650      -1.3753E+05     9.9036E-02     9.3568E+00     C2         86

 BOND    =    10139.6922  ANGLE   =      170.6628  DIHED      =      841.6772
 VDWAALS =    25624.7321  EEL     =  -171140.8371  HBOND      =        0.0000
 1-4 VDW =      269.5136  1-4 EEL =    -3437.0633  RESTRAINT  =        3.5879
 EAMBER  =  -137531.6224


   NSTEP       ENERGY          RMS            GMAX         NAME    NUMBER
   2700      -1.3753E+05     1.3281E-01     1.4479E+01     C2         86

 BOND    =    10140.7324  ANGLE   =      170.5646  DIHED      =      841.7027
 VDWAALS =    25629.1030  EEL     =  -171151.2156  HBOND      =        0.0000
 1-4 VDW =      269.5542  1-4 EEL =    -3436.8066  RESTRAINT  =        3.6148
 EAMBER  =  -137536.3652


   NSTEP       ENERGY          RMS            GMAX         NAME    NUMBER
   2750      -1.3754E+05     7.9395E-02     8.1043E+00     C2         86

 BOND    =    10141.9801  ANGLE   =      170.2569  DIHED      =      841.7347
 VDWAALS =    25633.4988  EEL     =  -171161.6984  HBOND      =        0.0000
 1-4 VDW =      269.6129  1-4 EEL =    -3436.7652  RESTRAINT  =        3.6474
 EAMBER  =  -137541.3803


   NSTEP       ENERGY          RMS            GMAX         NAME    NUMBER
   2800      -1.3754E+05     1.1824E-01     1.1643E+01     C2         86

 BOND    =    10142.7529  ANGLE   =      170.4425  DIHED      =      841.7638
 VDWAALS =    25637.7537  EEL     =  -171171.4568  HBOND      =        0.0000
 1-4 VDW =      269.5768  1-4 EEL =    -3436.6357  RESTRAINT  =        3.6762
 EAMBER  =  -137545.8029


   NSTEP       ENERGY          RMS            GMAX         NAME    NUMBER
   2850      -1.3755E+05     6.1450E-02     5.9086E+00     C2         86

 BOND    =    10143.2739  ANGLE   =      170.3510  DIHED      =      841.7941
 VDWAALS =    25642.0224  EEL     =  -171181.3952  HBOND      =        0.0000
 1-4 VDW =      269.6224  1-4 EEL =    -3436.2610  RESTRAINT  =        3.7009
 EAMBER  =  -137550.5925


   NSTEP       ENERGY          RMS            GMAX         NAME    NUMBER
   2900      -1.3755E+05     1.0538E-01     1.1512E+01     C2         86

 BOND    =    10144.1614  ANGLE   =      170.3108  DIHED      =      841.8306
 VDWAALS =    25646.3198  EEL     =  -171191.3830  HBOND      =        0.0000
 1-4 VDW =      269.6586  1-4 EEL =    -3435.9892  RESTRAINT  =        3.7286
 EAMBER  =  -137555.0911


   NSTEP       ENERGY          RMS            GMAX         NAME    NUMBER
   2950      -1.3756E+05     3.6487E-02     1.5322E+00     C2         86

 BOND    =    10145.0112  ANGLE   =      170.2083  DIHED      =      841.8718
 VDWAALS =    25650.3304  EEL     =  -171200.6948  HBOND      =        0.0000
 1-4 VDW =      269.6721  1-4 EEL =    -3435.8816  RESTRAINT  =        3.7585
 EAMBER  =  -137559.4826


   NSTEP       ENERGY          RMS            GMAX         NAME    NUMBER
   3000      -1.3756E+05     9.1151E-02     8.0265E+00     C2         86

 BOND    =    10145.8288  ANGLE   =      170.3393  DIHED      =      841.9186
 VDWAALS =    25654.4980  EEL     =  -171210.2836  HBOND      =        0.0000
 1-4 VDW =      269.6509  1-4 EEL =    -3435.7367  RESTRAINT  =        3.7887
 EAMBER  =  -137563.7847


   NSTEP       ENERGY          RMS            GMAX         NAME    NUMBER
   3050      -1.3756E+05     1.4021E-01     1.2164E+01     C6        578

 BOND    =    10146.5155  ANGLE   =      170.5519  DIHED      =      841.9690
 VDWAALS =    25658.5069  EEL     =  -171219.4532  HBOND      =        0.0000
 1-4 VDW =      269.6228  1-4 EEL =    -3435.5569  RESTRAINT  =        3.8170
 EAMBER  =  -137567.8440


   NSTEP       ENERGY          RMS            GMAX         NAME    NUMBER
   3100      -1.3757E+05     6.8935E-02     6.8542E+00     C2         86

 BOND    =    10147.2223  ANGLE   =      170.1911  DIHED      =      842.0254
 VDWAALS =    25662.4450  EEL     =  -171228.7931  HBOND      =        0.0000
 1-4 VDW =      269.7476  1-4 EEL =    -3435.1202  RESTRAINT  =        3.8410
 EAMBER  =  -137572.2819


   NSTEP       ENERGY          RMS            GMAX         NAME    NUMBER
   3150      -1.3757E+05     1.1329E-01     8.7708E+00     C6        578

 BOND    =    10148.2480  ANGLE   =      169.9875  DIHED      =      842.0907
 VDWAALS =    25666.2799  EEL     =  -171238.0324  HBOND      =        0.0000
 1-4 VDW =      269.8318  1-4 EEL =    -3434.8247  RESTRAINT  =        3.8680
 EAMBER  =  -137576.4192


   NSTEP       ENERGY          RMS            GMAX         NAME    NUMBER
   3200      -1.3758E+05     3.7282E-02     2.0580E+00     C2         86

 BOND    =    10148.7994  ANGLE   =      170.1234  DIHED      =      842.1633
 VDWAALS =    25670.0754  EEL     =  -171246.8853  HBOND      =        0.0000
 1-4 VDW =      269.7956  1-4 EEL =    -3434.7091  RESTRAINT  =        3.8980
 EAMBER  =  -137580.6375


   NSTEP       ENERGY          RMS            GMAX         NAME    NUMBER
   3250      -1.3758E+05     9.4494E-02     9.3691E+00     C2         86

 BOND    =    10149.9322  ANGLE   =      169.9468  DIHED      =      842.2476
 VDWAALS =    25673.9219  EEL     =  -171256.1854  HBOND      =        0.0000
 1-4 VDW =      269.8642  1-4 EEL =    -3434.4789  RESTRAINT  =        3.9278
 EAMBER  =  -137584.7516


   NSTEP       ENERGY          RMS            GMAX         NAME    NUMBER
   3300      -1.3758E+05     1.4602E-01     1.1328E+01     C6        578

 BOND    =    10150.3585  ANGLE   =      170.4431  DIHED      =      842.3335
 VDWAALS =    25677.7636  EEL     =  -171265.0280  HBOND      =        0.0000
 1-4 VDW =      269.7732  1-4 EEL =    -3434.3296  RESTRAINT  =        3.9569
 EAMBER  =  -137588.6857


   NSTEP       ENERGY          RMS            GMAX         NAME    NUMBER
   3350      -1.3759E+05     3.6935E-02     1.7737E+00     C2         86

 BOND    =    10150.9703  ANGLE   =      170.1101  DIHED      =      842.4232
 VDWAALS =    25681.4480  EEL     =  -171274.0473  HBOND      =        0.0000
 1-4 VDW =      269.8939  1-4 EEL =    -3433.9151  RESTRAINT  =        3.9803
 EAMBER  =  -137593.1168


   NSTEP       ENERGY          RMS            GMAX         NAME    NUMBER
   3400      -1.3759E+05     1.0942E-01     1.2234E+01     C2         86

 BOND    =    10151.6376  ANGLE   =      170.2562  DIHED      =      842.5205
 VDWAALS =    25685.3790  EEL     =  -171283.2866  HBOND      =        0.0000
 1-4 VDW =      269.9136  1-4 EEL =    -3433.5910  RESTRAINT  =        4.0061
 EAMBER  =  -137597.1707


   NSTEP       ENERGY          RMS            GMAX         NAME    NUMBER
   3450      -1.3760E+05     3.8298E-02     2.3218E+00     C2         86

 BOND    =    10152.6170  ANGLE   =      170.0875  DIHED      =      842.6275
 VDWAALS =    25689.4099  EEL     =  -171292.8912  HBOND      =        0.0000
 1-4 VDW =      269.9597  1-4 EEL =    -3433.4364  RESTRAINT  =        4.0374
 EAMBER  =  -137601.6260


   NSTEP       ENERGY          RMS            GMAX         NAME    NUMBER
   3500      -1.3760E+05     1.0481E-01     1.0478E+01     C2         86

 BOND    =    10153.8610  ANGLE   =      169.9084  DIHED      =      842.7350
 VDWAALS =    25693.4644  EEL     =  -171302.4166  HBOND      =        0.0000
 1-4 VDW =      270.0336  1-4 EEL =    -3433.2217  RESTRAINT  =        4.0669
 EAMBER  =  -137605.6360


   NSTEP       ENERGY          RMS            GMAX         NAME    NUMBER
   3550      -1.3761E+05     4.4949E-02     3.6340E+00     C2         86

 BOND    =    10154.1117  ANGLE   =      170.1472  DIHED      =      842.8351
 VDWAALS =    25697.5965  EEL     =  -171311.4918  HBOND      =        0.0000
 1-4 VDW =      270.0204  1-4 EEL =    -3432.9167  RESTRAINT  =        4.0911
 EAMBER  =  -137609.6976


   NSTEP       ENERGY          RMS            GMAX         NAME    NUMBER
   3600      -1.3761E+05     8.0631E-02     7.2582E+00     C2         86

 BOND    =    10155.0565  ANGLE   =      170.0611  DIHED      =      842.9413
 VDWAALS =    25701.7807  EEL     =  -171320.9029  HBOND      =        0.0000
 1-4 VDW =      270.0843  1-4 EEL =    -3432.6413  RESTRAINT  =        4.1177
 EAMBER  =  -137613.6203


   NSTEP       ENERGY          RMS            GMAX         NAME    NUMBER
   3650      -1.3761E+05     1.1684E-01     1.3037E+01     C2         86

 BOND    =    10155.7033  ANGLE   =      170.2812  DIHED      =      843.0435
 VDWAALS =    25705.9047  EEL     =  -171329.9362  HBOND      =        0.0000
 1-4 VDW =      270.0711  1-4 EEL =    -3432.4204  RESTRAINT  =        4.1435
 EAMBER  =  -137617.3528


   NSTEP       ENERGY          RMS            GMAX         NAME    NUMBER
   3700      -1.3762E+05     4.2711E-02     3.1918E+00     C2         86

 BOND    =    10156.8007  ANGLE   =      170.0426  DIHED      =      843.1533
 VDWAALS =    25709.9898  EEL     =  -171339.1792  HBOND      =        0.0000
 1-4 VDW =      270.1190  1-4 EEL =    -3432.3198  RESTRAINT  =        4.1746
 EAMBER  =  -137621.3937


   NSTEP       ENERGY          RMS            GMAX         NAME    NUMBER
   3750      -1.3762E+05     1.0356E-01     1.0016E+01     C2         86

 BOND    =    10157.7135  ANGLE   =      170.1857  DIHED      =      843.2589
 VDWAALS =    25714.0669  EEL     =  -171348.2595  HBOND      =        0.0000
 1-4 VDW =      270.0997  1-4 EEL =    -3432.2137  RESTRAINT  =        4.2035
 EAMBER  =  -137625.1484


   NSTEP       ENERGY          RMS            GMAX         NAME    NUMBER
   3800      -1.3762E+05     3.4860E-02     1.6862E+00     C2         86

 BOND    =    10158.3296  ANGLE   =      170.0846  DIHED      =      843.3582
 VDWAALS =    25717.9374  EEL     =  -171356.9481  HBOND      =        0.0000
 1-4 VDW =      270.1603  1-4 EEL =    -3431.9263  RESTRAINT  =        4.2266
 EAMBER  =  -137629.0042


   NSTEP       ENERGY          RMS            GMAX         NAME    NUMBER
   3850      -1.3763E+05     9.2145E-02     8.4499E+00     C2         86

 BOND    =    10159.0149  ANGLE   =      170.3026  DIHED      =      843.4657
 VDWAALS =    25722.0986  EEL     =  -171366.1113  HBOND      =        0.0000
 1-4 VDW =      270.1420  1-4 EEL =    -3431.7233  RESTRAINT  =        4.2532
 EAMBER  =  -137632.8108


   NSTEP       ENERGY          RMS            GMAX         NAME    NUMBER
   3900      -1.3763E+05     3.6792E-02     2.1565E+00     C2         86

 BOND    =    10160.1702  ANGLE   =      170.0329  DIHED      =      843.5753
 VDWAALS =    25726.0164  EEL     =  -171375.1917  HBOND      =        0.0000
 1-4 VDW =      270.2011  1-4 EEL =    -3431.6109  RESTRAINT  =        4.2832
 EAMBER  =  -137636.8067


   NSTEP       ENERGY          RMS            GMAX         NAME    NUMBER
   3950      -1.3764E+05     5.7497E-02     5.5369E+00     C2         86

 BOND    =    10161.1318  ANGLE   =      170.0084  DIHED      =      843.6829
 VDWAALS =    25729.9382  EEL     =  -171384.1568  HBOND      =        0.0000
 1-4 VDW =      270.2159  1-4 EEL =    -3431.4796  RESTRAINT  =        4.3115
 EAMBER  =  -137640.6592


   NSTEP       ENERGY          RMS            GMAX         NAME    NUMBER
   4000      -1.3764E+05     3.4773E-02     1.6455E+00     C2         86

 BOND    =    10161.7984  ANGLE   =      170.0341  DIHED      =      843.7835
 VDWAALS =    25733.7070  EEL     =  -171392.8472  HBOND      =        0.0000
 1-4 VDW =      270.2338  1-4 EEL =    -3431.2805  RESTRAINT  =        4.3359
 EAMBER  =  -137644.5709


   NSTEP       ENERGY          RMS            GMAX         NAME    NUMBER
   4050      -1.3764E+05     5.1726E-02     4.7182E+00     C2         86

 BOND    =    10162.5935  ANGLE   =      170.0439  DIHED      =      843.8858
 VDWAALS =    25737.4892  EEL     =  -171401.5312  HBOND      =        0.0000
 1-4 VDW =      270.2484  1-4 EEL =    -3431.1180  RESTRAINT  =        4.3615
 EAMBER  =  -137648.3884


   NSTEP       ENERGY          RMS            GMAX         NAME    NUMBER
   4100      -1.3765E+05     8.8643E-02     9.4905E+00     C2         86

 BOND    =    10163.4341  ANGLE   =      170.0634  DIHED      =      843.9898
 VDWAALS =    25741.3377  EEL     =  -171410.3743  HBOND      =        0.0000
 1-4 VDW =      270.2667  1-4 EEL =    -3430.9436  RESTRAINT  =        4.3870
 EAMBER  =  -137652.2262


   NSTEP       ENERGY          RMS            GMAX         NAME    NUMBER
   4150      -1.3765E+05     3.2833E-02     1.5150E+00     H1      29439

 BOND    =    10164.4112  ANGLE   =      169.9390  DIHED      =      844.0949
 VDWAALS =    25745.1195  EEL     =  -171419.1663  HBOND      =        0.0000
 1-4 VDW =      270.2783  1-4 EEL =    -3430.8910  RESTRAINT  =        4.4160
 EAMBER  =  -137656.2145


   NSTEP       ENERGY          RMS            GMAX         NAME    NUMBER
   4200      -1.3766E+05     5.9814E-02     5.4312E+00     C2         86

 BOND    =    10165.5049  ANGLE   =      169.8171  DIHED      =      844.2038
 VDWAALS =    25749.1439  EEL     =  -171428.4300  HBOND      =        0.0000
 1-4 VDW =      270.3079  1-4 EEL =    -3430.7794  RESTRAINT  =        4.4447
 EAMBER  =  -137660.2318


   NSTEP       ENERGY          RMS            GMAX         NAME    NUMBER
   4250      -1.3766E+05     3.3676E-02     1.3731E+00     C2         86

 BOND    =    10166.1109  ANGLE   =      169.9020  DIHED      =      844.3024
 VDWAALS =    25753.0713  EEL     =  -171437.1154  HBOND      =        0.0000
 1-4 VDW =      270.3053  1-4 EEL =    -3430.6211  RESTRAINT  =        4.4691
 EAMBER  =  -137664.0446


   NSTEP       ENERGY          RMS            GMAX         NAME    NUMBER
   4300      -1.3766E+05     4.7678E-02     3.5908E+00     C2         86

 BOND    =    10166.9986  ANGLE   =      169.8404  DIHED      =      844.4027
 VDWAALS =    25757.1074  EEL     =  -171446.1012  HBOND      =        0.0000
 1-4 VDW =      270.3323  1-4 EEL =    -3430.4746  RESTRAINT  =        4.4948
 EAMBER  =  -137667.8944


   NSTEP       ENERGY          RMS            GMAX         NAME    NUMBER
   4350      -1.3767E+05     1.1496E-01     9.4612E+00     C2         86

 BOND    =    10168.0261  ANGLE   =      169.7289  DIHED      =      844.5002
 VDWAALS =    25761.1857  EEL     =  -171455.0115  HBOND      =        0.0000
 1-4 VDW =      270.3907  1-4 EEL =    -3430.2829  RESTRAINT  =        4.5190
 EAMBER  =  -137671.4628


   NSTEP       ENERGY          RMS            GMAX         NAME    NUMBER
   4400      -1.3767E+05     1.3961E-01     1.4443E+01     C2         86

 BOND    =    10168.4875  ANGLE   =      170.1470  DIHED      =      844.5936
 VDWAALS =    25765.3246  EEL     =  -171463.6797  HBOND      =        0.0000
 1-4 VDW =      270.2983  1-4 EEL =    -3430.2126  RESTRAINT  =        4.5452
 EAMBER  =  -137675.0413


   NSTEP       ENERGY          RMS            GMAX         NAME    NUMBER
   4450      -1.3767E+05     8.1524E-02     8.3314E+00     C2         86

 BOND    =    10169.9111  ANGLE   =      169.6429  DIHED      =      844.6936
 VDWAALS =    25769.2697  EEL     =  -171472.5163  HBOND      =        0.0000
 1-4 VDW =      270.3707  1-4 EEL =    -3430.2215  RESTRAINT  =        4.5766
 EAMBER  =  -137678.8498


   NSTEP       ENERGY          RMS            GMAX         NAME    NUMBER
   4500      -1.3768E+05     1.3773E-01     1.2642E+01     C6        578

 BOND    =    10170.4559  ANGLE   =      170.0793  DIHED      =      844.7847
 VDWAALS =    25773.4476  EEL     =  -171481.1722  HBOND      =        0.0000
 1-4 VDW =      270.2705  1-4 EEL =    -3430.1960  RESTRAINT  =        4.6044
 EAMBER  =  -137682.3303


   NSTEP       ENERGY          RMS            GMAX         NAME    NUMBER
   4550      -1.3768E+05     6.8837E-02     6.1214E+00     C2         86

 BOND    =    10171.2924  ANGLE   =      169.6790  DIHED      =      844.8710
 VDWAALS =    25777.4675  EEL     =  -171490.0147  HBOND      =        0.0000
 1-4 VDW =      270.3978  1-4 EEL =    -3429.9019  RESTRAINT  =        4.6247
 EAMBER  =  -137686.2088


   NSTEP       ENERGY          RMS            GMAX         NAME    NUMBER
   4600      -1.3769E+05     1.0538E-01     1.0126E+01     C2         86

 BOND    =    10171.8783  ANGLE   =      169.9568  DIHED      =      844.9557
 VDWAALS =    25781.6131  EEL     =  -171498.6110  HBOND      =        0.0000
 1-4 VDW =      270.3408  1-4 EEL =    -3429.8231  RESTRAINT  =        4.6507
 EAMBER  =  -137689.6894


   NSTEP       ENERGY          RMS            GMAX         NAME    NUMBER
   4650      -1.3769E+05     5.3676E-02     4.9223E+00     C2         86

 BOND    =    10173.1473  ANGLE   =      169.5633  DIHED      =      845.0437
 VDWAALS =    25785.6528  EEL     =  -171507.4555  HBOND      =        0.0000
 1-4 VDW =      270.4069  1-4 EEL =    -3429.7903  RESTRAINT  =        4.6803
 EAMBER  =  -137693.4317


   NSTEP       ENERGY          RMS            GMAX         NAME    NUMBER
   4700      -1.3769E+05     9.1904E-02     8.0907E+00     C2         86

 BOND    =    10174.2668  ANGLE   =      169.3884  DIHED      =      845.1275
 VDWAALS =    25789.8669  EEL     =  -171516.4414  HBOND      =        0.0000
 1-4 VDW =      270.4542  1-4 EEL =    -3429.6885  RESTRAINT  =        4.7075
 EAMBER  =  -137697.0261


   NSTEP       ENERGY          RMS            GMAX         NAME    NUMBER
   4750      -1.3770E+05     4.0705E-02     3.1894E+00     C2         86

 BOND    =    10174.6070  ANGLE   =      169.6161  DIHED      =      845.2021
 VDWAALS =    25794.0930  EEL     =  -171524.9670  HBOND      =        0.0000
 1-4 VDW =      270.4134  1-4 EEL =    -3429.5530  RESTRAINT  =        4.7304
 EAMBER  =  -137700.5884


   NSTEP       ENERGY          RMS            GMAX         NAME    NUMBER
   4800      -1.3770E+05     6.2256E-02     6.3501E+00     C2         86

 BOND    =    10175.4317  ANGLE   =      169.6314  DIHED      =      845.2802
 VDWAALS =    25798.5225  EEL     =  -171534.0377  HBOND      =        0.0000
 1-4 VDW =      270.4196  1-4 EEL =    -3429.4401  RESTRAINT  =        4.7565
 EAMBER  =  -137704.1923


   NSTEP       ENERGY          RMS            GMAX         NAME    NUMBER
   4850      -1.3770E+05     1.2479E-01     1.2779E+01     C6        578

 BOND    =    10176.0519  ANGLE   =      169.9648  DIHED      =      845.3522
 VDWAALS =    25802.8526  EEL     =  -171542.6783  HBOND      =        0.0000
 1-4 VDW =      270.3454  1-4 EEL =    -3429.4111  RESTRAINT  =        4.7831
 EAMBER  =  -137707.5225


   NSTEP       ENERGY          RMS            GMAX         NAME    NUMBER
   4900      -1.3771E+05     5.9608E-02     5.9165E+00     C2         86

 BOND    =    10177.3457  ANGLE   =      169.4760  DIHED      =      845.4261
 VDWAALS =    25806.9684  EEL     =  -171551.4678  HBOND      =        0.0000
 1-4 VDW =      270.4397  1-4 EEL =    -3429.3594  RESTRAINT  =        4.8120
 EAMBER  =  -137711.1714


   NSTEP       ENERGY          RMS            GMAX         NAME    NUMBER
   4950      -1.3771E+05     9.1869E-02     9.5812E+00     C2         86

 BOND    =    10178.2412  ANGLE   =      169.4966  DIHED      =      845.4943
 VDWAALS =    25811.1132  EEL     =  -171559.9561  HBOND      =        0.0000
 1-4 VDW =      270.4332  1-4 EEL =    -3429.3159  RESTRAINT  =        4.8391
 EAMBER  =  -137714.4935


   NSTEP       ENERGY          RMS            GMAX         NAME    NUMBER
   5000      -1.3771E+05     3.9649E-02     2.8717E+00     C2         86

 BOND    =    10178.8054  ANGLE   =      169.4721  DIHED      =      845.5570
 VDWAALS =    25815.1883  EEL     =  -171568.5516  HBOND      =        0.0000
 1-4 VDW =      270.4616  1-4 EEL =    -3429.1340  RESTRAINT  =        4.8611
 EAMBER  =  -137718.2011


   NSTEP       ENERGY          RMS            GMAX         NAME    NUMBER
   5050      -1.3776E+05     1.3721E-01     1.3992E+01     H1      19176

 BOND    =    10191.6148  ANGLE   =      169.4560  DIHED      =      846.4188
 VDWAALS =    25871.9882  EEL     =  -171687.1270  HBOND      =        0.0000
 1-4 VDW =      270.5251  1-4 EEL =    -3428.1535  RESTRAINT  =        5.2868
 EAMBER  =  -137765.2775


   NSTEP       ENERGY          RMS            GMAX         NAME    NUMBER
   5100      -1.3777E+05     1.2142E-01     8.7111E+00     O       19280

 BOND    =    10193.4322  ANGLE   =      169.3136  DIHED      =      846.5554
 VDWAALS =    25884.2972  EEL     =  -171715.9547  HBOND      =        0.0000
 1-4 VDW =      270.6115  1-4 EEL =    -3428.0361  RESTRAINT  =        5.4147
 EAMBER  =  -137779.7810


   NSTEP       ENERGY          RMS            GMAX         NAME    NUMBER
   5150      -1.3779E+05     1.7012E-01     8.4985E+00     C2'      1053

 BOND    =    10194.2042  ANGLE   =      169.6849  DIHED      =      846.7771
 VDWAALS =    25895.7613  EEL     =  -171742.6798  HBOND      =        0.0000
 1-4 VDW =      270.7445  1-4 EEL =    -3427.8505  RESTRAINT  =        5.5559
 EAMBER  =  -137793.3582


   NSTEP       ENERGY          RMS            GMAX         NAME    NUMBER
   5200      -1.3780E+05     1.5583E-01     8.4061E+00     C6        578

 BOND    =    10197.2781  ANGLE   =      169.2221  DIHED      =      846.8950
 VDWAALS =    25902.8805  EEL     =  -171765.9669  HBOND      =        0.0000
 1-4 VDW =      270.6172  1-4 EEL =    -3427.5435  RESTRAINT  =        5.6555
 EAMBER  =  -137806.6176


   NSTEP       ENERGY          RMS            GMAX         NAME    NUMBER
   5250      -1.3781E+05     1.3470E-01     6.7534E+00     N3       1048

 BOND    =    10201.9065  ANGLE   =      170.0587  DIHED      =      847.0235
 VDWAALS =    25911.2927  EEL     =  -171793.9305  HBOND      =        0.0000
 1-4 VDW =      270.4762  1-4 EEL =    -3427.5387  RESTRAINT  =        5.7736
 EAMBER  =  -137820.7116


   NSTEP       ENERGY          RMS            GMAX         NAME    NUMBER
   5300      -1.3783E+05     1.2852E-01     6.0710E+00     H1      19176

 BOND    =    10204.5703  ANGLE   =      169.8849  DIHED      =      847.0906
 VDWAALS =    25922.5583  EEL     =  -171820.9954  HBOND      =        0.0000
 1-4 VDW =      270.5024  1-4 EEL =    -3427.0752  RESTRAINT  =        5.8811
 EAMBER  =  -137833.4642


   NSTEP       ENERGY          RMS            GMAX         NAME    NUMBER
   5350      -1.3784E+05     1.8596E-01     9.1656E+00     H1      19176

 BOND    =    10210.0636  ANGLE   =      170.1830  DIHED      =      847.2123
 VDWAALS =    25935.7456  EEL     =  -171853.1912  HBOND      =        0.0000
 1-4 VDW =      270.6502  1-4 EEL =    -3427.0158  RESTRAINT  =        5.9993
 EAMBER  =  -137846.3524


   NSTEP       ENERGY          RMS            GMAX         NAME    NUMBER
   5400      -1.3785E+05     1.0833E-01     6.1511E+00     H1      19176

 BOND    =    10209.8863  ANGLE   =      169.6463  DIHED      =      847.2178
 VDWAALS =    25947.4872  EEL     =  -171876.6176  HBOND      =        0.0000
 1-4 VDW =      270.5309  1-4 EEL =    -3426.8464  RESTRAINT  =        6.1022
 EAMBER  =  -137858.6953


   NSTEP       ENERGY          RMS            GMAX         NAME    NUMBER
   5450      -1.3786E+05     1.4397E-01     6.0800E+00     C4         81

 BOND    =    10210.8662  ANGLE   =      169.7328  DIHED      =      847.2483
 VDWAALS =    25959.7451  EEL     =  -171902.3461  HBOND      =        0.0000
 1-4 VDW =      270.5359  1-4 EEL =    -3426.8126  RESTRAINT  =        6.2068
 EAMBER  =  -137871.0303


   NSTEP       ENERGY          RMS            GMAX         NAME    NUMBER
   5500      -1.3788E+05     9.4536E-02     4.7817E+00     O       19307

 BOND    =    10213.8497  ANGLE   =      169.9061  DIHED      =      847.2964
 VDWAALS =    25969.9494  EEL     =  -171927.9382  HBOND      =        0.0000
 1-4 VDW =      270.5165  1-4 EEL =    -3426.8547  RESTRAINT  =        6.2955
 EAMBER  =  -137883.2747


   NSTEP       ENERGY          RMS            GMAX         NAME    NUMBER
   5550      -1.3789E+05     6.8876E-02     2.9796E+00     H1      19176

 BOND    =    10217.2691  ANGLE   =      169.8441  DIHED      =      847.2972
 VDWAALS =    25982.4338  EEL     =  -171956.5362  HBOND      =        0.0000
 1-4 VDW =      270.5437  1-4 EEL =    -3426.7719  RESTRAINT  =        6.3977
 EAMBER  =  -137895.9202


   NSTEP       ENERGY          RMS            GMAX         NAME    NUMBER
   5600      -1.3790E+05     8.7948E-02     6.0744E+00     C2'      1053

 BOND    =    10219.4959  ANGLE   =      170.2678  DIHED      =      847.3026
 VDWAALS =    25996.0617  EEL     =  -171987.1808  HBOND      =        0.0000
 1-4 VDW =      270.5755  1-4 EEL =    -3426.5150  RESTRAINT  =        6.5042
 EAMBER  =  -137909.9923


   NSTEP       ENERGY          RMS            GMAX         NAME    NUMBER
   5650      -1.3792E+05     7.3654E-02     4.0737E+00     C1'      1037

 BOND    =    10221.8353  ANGLE   =      170.3138  DIHED      =      847.3021
 VDWAALS =    26008.6096  EEL     =  -172014.7191  HBOND      =        0.0000
 1-4 VDW =      270.5867  1-4 EEL =    -3426.2920  RESTRAINT  =        6.5982
 EAMBER  =  -137922.3637


   NSTEP       ENERGY          RMS            GMAX         NAME    NUMBER
   5700      -1.3793E+05     9.7669E-02     4.1561E+00     H1       5886

 BOND    =    10224.3950  ANGLE   =      170.4434  DIHED      =      847.3082
 VDWAALS =    26022.6231  EEL     =  -172043.5445  HBOND      =        0.0000
 1-4 VDW =      270.6062  1-4 EEL =    -3426.0791  RESTRAINT  =        6.6949
 EAMBER  =  -137934.2476


   NSTEP       ENERGY          RMS            GMAX         NAME    NUMBER
   5750      -1.3794E+05     8.3827E-02     6.6090E+00     C2'      1053

 BOND    =    10227.3250  ANGLE   =      170.2911  DIHED      =      847.3832
 VDWAALS =    26033.7385  EEL     =  -172068.3181  HBOND      =        0.0000
 1-4 VDW =      270.6374  1-4 EEL =    -3426.0410  RESTRAINT  =        6.7786
 EAMBER  =  -137944.9840


   NSTEP       ENERGY          RMS            GMAX         NAME    NUMBER
   5800      -1.3795E+05     6.9885E-02     2.6947E+00     Na+      1104

 BOND    =    10229.4793  ANGLE   =      170.3881  DIHED      =      847.4179
 VDWAALS =    26045.4704  EEL     =  -172094.6155  HBOND      =        0.0000
 1-4 VDW =      270.5843  1-4 EEL =    -3425.8291  RESTRAINT  =        6.8707
 EAMBER  =  -137957.1046


   NSTEP       ENERGY          RMS            GMAX         NAME    NUMBER
   5850      -1.3796E+05     9.9536E-02     4.7753E+00     Na+      1104

 BOND    =    10232.4917  ANGLE   =      170.4585  DIHED      =      847.4148
 VDWAALS =    26058.6177  EEL     =  -172122.5386  HBOND      =        0.0000
 1-4 VDW =      270.5953  1-4 EEL =    -3425.6907  RESTRAINT  =        6.9697
 EAMBER  =  -137968.6512


   NSTEP       ENERGY          RMS            GMAX         NAME    NUMBER
   5900      -1.3797E+05     8.9919E-02     3.3956E+00     C4        855

 BOND    =    10234.4180  ANGLE   =      170.6034  DIHED      =      847.4354
 VDWAALS =    26068.6268  EEL     =  -172145.0754  HBOND      =        0.0000
 1-4 VDW =      270.5708  1-4 EEL =    -3425.6493  RESTRAINT  =        7.0604
 EAMBER  =  -137979.0703


   NSTEP       ENERGY          RMS            GMAX         NAME    NUMBER
   5950      -1.3798E+05     1.0458E-01     6.9491E+00     Na+      1104

 BOND    =    10237.0442  ANGLE   =      170.7037  DIHED      =      847.3670
 VDWAALS =    26079.0564  EEL     =  -172169.0903  HBOND      =        0.0000
 1-4 VDW =      270.5974  1-4 EEL =    -3425.3370  RESTRAINT  =        7.1517
 EAMBER  =  -137989.6587


   NSTEP       ENERGY          RMS            GMAX         NAME    NUMBER
   6000      -1.3799E+05     1.2732E-01     6.9851E+00     C2'      1053

 BOND    =    10238.4232  ANGLE   =      170.6355  DIHED      =      847.4049
 VDWAALS =    26088.9254  EEL     =  -172189.9502  HBOND      =        0.0000
 1-4 VDW =      270.6573  1-4 EEL =    -3425.4374  RESTRAINT  =        7.2430
 EAMBER  =  -137999.3414


   NSTEP       ENERGY          RMS            GMAX         NAME    NUMBER
   6050      -1.3800E+05     1.2486E-01     5.7368E+00     C2'      1053

 BOND    =    10240.2084  ANGLE   =      170.8875  DIHED      =      847.4010
 VDWAALS =    26098.5557  EEL     =  -172211.5956  HBOND      =        0.0000
 1-4 VDW =      270.6902  1-4 EEL =    -3425.2876  RESTRAINT  =        7.3342
 EAMBER  =  -138009.1404


   NSTEP       ENERGY          RMS            GMAX         NAME    NUMBER
   6100      -1.3801E+05     1.3112E-01     5.4428E+00     H1      19176

 BOND    =    10241.9642  ANGLE   =      171.1148  DIHED      =      847.4135
 VDWAALS =    26107.4118  EEL     =  -172231.7965  HBOND      =        0.0000
 1-4 VDW =      270.6644  1-4 EEL =    -3425.1918  RESTRAINT  =        7.4204
 EAMBER  =  -138018.4197


   NSTEP       ENERGY          RMS            GMAX         NAME    NUMBER
   6150      -1.3802E+05     9.3504E-02     4.1568E+00     C2'      1053

 BOND    =    10243.5198  ANGLE   =      171.1370  DIHED      =      847.3369
 VDWAALS =    26113.1659  EEL     =  -172248.4356  HBOND      =        0.0000
 1-4 VDW =      270.7247  1-4 EEL =    -3424.9981  RESTRAINT  =        7.4871
 EAMBER  =  -138027.5494


   NSTEP       ENERGY          RMS            GMAX         NAME    NUMBER
   6200      -1.3803E+05     1.1462E-01     6.5689E+00     C2'      1053

 BOND    =    10246.0483  ANGLE   =      171.2000  DIHED      =      847.2826
 VDWAALS =    26120.9155  EEL     =  -172269.2394  HBOND      =        0.0000
 1-4 VDW =      270.8085  1-4 EEL =    -3424.7515  RESTRAINT  =        7.5686
 EAMBER  =  -138037.7359


   NSTEP       ENERGY          RMS            GMAX         NAME    NUMBER
   6250      -1.3804E+05     9.9809E-02     6.9265E+00     C2'      1053

 BOND    =    10247.5305  ANGLE   =      171.2874  DIHED      =      847.2253
 VDWAALS =    26130.6844  EEL     =  -172290.2246  HBOND      =        0.0000
 1-4 VDW =      270.8269  1-4 EEL =    -3424.4297  RESTRAINT  =        7.6510
 EAMBER  =  -138047.0998


   NSTEP       ENERGY          RMS            GMAX         NAME    NUMBER
   6300      -1.3805E+05     9.1469E-02     3.6511E+00     C6        578

 BOND    =    10249.8321  ANGLE   =      171.1530  DIHED      =      847.2211
 VDWAALS =    26142.7310  EEL     =  -172315.1716  HBOND      =        0.0000
 1-4 VDW =      270.8417  1-4 EEL =    -3424.2313  RESTRAINT  =        7.7413
 EAMBER  =  -138057.6240


   NSTEP       ENERGY          RMS            GMAX         NAME    NUMBER
   6350      -1.3806E+05     7.9677E-02     3.8902E+00     C2'      1053

 BOND    =    10252.2009  ANGLE   =      171.3599  DIHED      =      847.2011
 VDWAALS =    26157.4999  EEL     =  -172343.4564  HBOND      =        0.0000
 1-4 VDW =      270.8260  1-4 EEL =    -3424.1747  RESTRAINT  =        7.8378
 EAMBER  =  -138068.5433


   NSTEP       ENERGY          RMS            GMAX         NAME    NUMBER
   6400      -1.3807E+05     9.3437E-02     6.5836E+00     C2'      1053

 BOND    =    10254.9987  ANGLE   =      171.4352  DIHED      =      847.1835
 VDWAALS =    26169.3791  EEL     =  -172369.1137  HBOND      =        0.0000
 1-4 VDW =      270.8217  1-4 EEL =    -3424.0714  RESTRAINT  =        7.9274
 EAMBER  =  -138079.3670


   NSTEP       ENERGY          RMS            GMAX         NAME    NUMBER
   6450      -1.3808E+05     8.8806E-02     5.4730E+00     C2'      1053

 BOND    =    10257.2648  ANGLE   =      171.4248  DIHED      =      847.1756
 VDWAALS =    26179.3407  EEL     =  -172394.2824  HBOND      =        0.0000
 1-4 VDW =      270.8353  1-4 EEL =    -3423.9729  RESTRAINT  =        8.0113
 EAMBER  =  -138092.2140


   NSTEP       ENERGY          RMS            GMAX         NAME    NUMBER
   6500      -1.3809E+05     7.2542E-02     4.4284E+00     C2'      1053

 BOND    =    10259.4960  ANGLE   =      171.3531  DIHED      =      847.1677
 VDWAALS =    26189.7387  EEL     =  -172417.7368  HBOND      =        0.0000
 1-4 VDW =      270.8535  1-4 EEL =    -3423.8868  RESTRAINT  =        8.0821
 EAMBER  =  -138103.0147


   NSTEP       ENERGY          RMS            GMAX         NAME    NUMBER
   6550      -1.3811E+05     8.4057E-02     3.7807E+00     C2'      1053

 BOND    =    10262.6458  ANGLE   =      171.4445  DIHED      =      847.1554
 VDWAALS =    26204.6382  EEL     =  -172448.5836  HBOND      =        0.0000
 1-4 VDW =      270.8476  1-4 EEL =    -3423.8004  RESTRAINT  =        8.1820
 EAMBER  =  -138115.6525


   NSTEP       ENERGY          RMS            GMAX         NAME    NUMBER
   6600      -1.3812E+05     8.4581E-02     3.3644E+00     C1'      1037

 BOND    =    10265.5893  ANGLE   =      171.5510  DIHED      =      847.1833
 VDWAALS =    26217.5561  EEL     =  -172476.1611  HBOND      =        0.0000
 1-4 VDW =      270.7918  1-4 EEL =    -3423.7962  RESTRAINT  =        8.2765
 EAMBER  =  -138127.2857


   NSTEP       ENERGY          RMS            GMAX         NAME    NUMBER
   6650      -1.3813E+05     6.7868E-02     3.0111E+00     C6       1010

 BOND    =    10268.3081  ANGLE   =      171.6109  DIHED      =      847.2377
 VDWAALS =    26233.6698  EEL     =  -172509.1985  HBOND      =        0.0000
 1-4 VDW =      270.7878  1-4 EEL =    -3423.8260  RESTRAINT  =        8.3927
 EAMBER  =  -138141.4101


   NSTEP       ENERGY          RMS            GMAX         NAME    NUMBER
   6700      -1.3814E+05     6.0286E-02     2.0635E+00     O2'      1055

 BOND    =    10270.0986  ANGLE   =      171.5287  DIHED      =      847.2826
 VDWAALS =    26243.8100  EEL     =  -172530.3695  HBOND      =        0.0000
 1-4 VDW =      270.7937  1-4 EEL =    -3423.8377  RESTRAINT  =        8.4749
 EAMBER  =  -138150.6936


   NSTEP       ENERGY          RMS            GMAX         NAME    NUMBER
   6750      -1.3816E+05     7.4092E-02     2.7539E+00     O       19307

 BOND    =    10273.5803  ANGLE   =      171.4965  DIHED      =      847.3534
 VDWAALS =    26261.7609  EEL     =  -172568.0632  HBOND      =        0.0000
 1-4 VDW =      270.8026  1-4 EEL =    -3423.8881  RESTRAINT  =        8.6257
 EAMBER  =  -138166.9576


   NSTEP       ENERGY          RMS            GMAX         NAME    NUMBER
   6800      -1.3818E+05     8.2928E-02     3.4795E+00     C2'      1053

 BOND    =    10278.4218  ANGLE   =      171.5286  DIHED      =      847.5345
 VDWAALS =    26281.7368  EEL     =  -172613.2396  HBOND      =        0.0000
 1-4 VDW =      270.8027  1-4 EEL =    -3424.0655  RESTRAINT  =        8.8108
 EAMBER  =  -138187.2807


   NSTEP       ENERGY          RMS            GMAX         NAME    NUMBER
   6850      -1.3819E+05     6.5642E-02     2.3019E+00     C3'      1051

 BOND    =    10279.4058  ANGLE   =      171.6008  DIHED      =      847.5822
 VDWAALS =    26287.3418  EEL     =  -172629.2213  HBOND      =        0.0000
 1-4 VDW =      270.8068  1-4 EEL =    -3424.1087  RESTRAINT  =        8.8827
 EAMBER  =  -138196.5927


   NSTEP       ENERGY          RMS            GMAX         NAME    NUMBER
   6900      -1.3820E+05     8.2216E-02     4.0274E+00     C2'      1053

 BOND    =    10281.1098  ANGLE   =      171.6710  DIHED      =      847.6495
 VDWAALS =    26293.5275  EEL     =  -172646.7037  HBOND      =        0.0000
 1-4 VDW =      270.7864  1-4 EEL =    -3424.1513  RESTRAINT  =        8.9559
 EAMBER  =  -138206.1106


   NSTEP       ENERGY          RMS            GMAX         NAME    NUMBER
   6950      -1.3821E+05     1.2372E-01     5.0436E+00     C3'      1051

 BOND    =    10283.2429  ANGLE   =      171.8043  DIHED      =      847.7479
 VDWAALS =    26299.6104  EEL     =  -172663.9706  HBOND      =        0.0000
 1-4 VDW =      270.6894  1-4 EEL =    -3424.0549  RESTRAINT  =        9.0347
 EAMBER  =  -138214.9306


   NSTEP       ENERGY          RMS            GMAX         NAME    NUMBER
   7000      -1.3821E+05     9.8544E-02     4.1861E+00     O       19274

 BOND    =    10284.0298  ANGLE   =      171.6653  DIHED      =      847.8169
 VDWAALS =    26305.4768  EEL     =  -172678.8620  HBOND      =        0.0000
 1-4 VDW =      270.7265  1-4 EEL =    -3424.1838  RESTRAINT  =        9.1000
 EAMBER  =  -138223.3306


   NSTEP       ENERGY          RMS            GMAX         NAME    NUMBER
   7050      -1.3822E+05     8.7460E-02     3.3707E+00     C3'      1051

 BOND    =    10284.8399  ANGLE   =      171.6550  DIHED      =      847.8715
 VDWAALS =    26311.5169  EEL     =  -172693.6152  HBOND      =        0.0000
 1-4 VDW =      270.7402  1-4 EEL =    -3424.1805  RESTRAINT  =        9.1700
 EAMBER  =  -138231.1722


   NSTEP       ENERGY          RMS            GMAX         NAME    NUMBER
   7100      -1.3823E+05     1.0147E-01     4.3050E+00     P        1027

 BOND    =    10285.6201  ANGLE   =      171.7257  DIHED      =      847.9317
 VDWAALS =    26316.9754  EEL     =  -172708.4538  HBOND      =        0.0000
 1-4 VDW =      270.7553  1-4 EEL =    -3424.4034  RESTRAINT  =        9.2475
 EAMBER  =  -138239.8490


   NSTEP       ENERGY          RMS            GMAX         NAME    NUMBER
   7150      -1.3824E+05     8.7670E-02     3.4755E+00     O       19274

 BOND    =    10288.0538  ANGLE   =      171.6299  DIHED      =      847.9768
 VDWAALS =    26322.5515  EEL     =  -172725.7961  HBOND      =        0.0000
 1-4 VDW =      270.7792  1-4 EEL =    -3424.3757  RESTRAINT  =        9.3217
 EAMBER  =  -138249.1805


   NSTEP       ENERGY          RMS            GMAX         NAME    NUMBER
   7200      -1.3825E+05     1.1179E-01     4.7712E+00     O       19175

 BOND    =    10290.4311  ANGLE   =      171.5615  DIHED      =      848.0124
 VDWAALS =    26331.0518  EEL     =  -172746.2293  HBOND      =        0.0000
 1-4 VDW =      270.8220  1-4 EEL =    -3424.4199  RESTRAINT  =        9.4106
 EAMBER  =  -138258.7704


   NSTEP       ENERGY          RMS            GMAX         NAME    NUMBER
   7250      -1.3826E+05     1.2221E-01     7.7648E+00     O       26633

 BOND    =    10291.8959  ANGLE   =      171.6232  DIHED      =      848.0792
 VDWAALS =    26344.2055  EEL     =  -172775.5168  HBOND      =        0.0000
 1-4 VDW =      270.8282  1-4 EEL =    -3424.0860  RESTRAINT  =        9.5772
 EAMBER  =  -138272.9708


   NSTEP       ENERGY          RMS            GMAX         NAME    NUMBER
   7300      -1.3828E+05     1.7845E-01     9.0962E+00     H1      26634

 BOND    =    10295.8076  ANGLE   =      171.2915  DIHED      =      848.3799
 VDWAALS =    26358.3881  EEL     =  -172804.9268  HBOND      =        0.0000
 1-4 VDW =      270.9489  1-4 EEL =    -3424.9305  RESTRAINT  =        9.6875
 EAMBER  =  -138285.0413


   NSTEP       ENERGY          RMS            GMAX         NAME    NUMBER
   7350      -1.3829E+05     8.1756E-02     4.4924E+00     O       26633

 BOND    =    10297.3868  ANGLE   =      171.7658  DIHED      =      848.5238
 VDWAALS =    26367.1252  EEL     =  -172826.5817  HBOND      =        0.0000
 1-4 VDW =      270.8157  1-4 EEL =    -3424.7492  RESTRAINT  =        9.7906
 EAMBER  =  -138295.7136


   NSTEP       ENERGY          RMS            GMAX         NAME    NUMBER
   7400      -1.3829E+05     1.6550E-01     1.1918E+01     O3'      1026

 BOND    =    10299.2361  ANGLE   =      172.0307  DIHED      =      848.5767
 VDWAALS =    26378.1846  EEL     =  -172848.3636  HBOND      =        0.0000
 1-4 VDW =      270.7117  1-4 EEL =    -3424.4921  RESTRAINT  =        9.9365
 EAMBER  =  -138304.1159


   NSTEP       ENERGY          RMS            GMAX         NAME    NUMBER
   7450      -1.3830E+05     1.3251E-01     7.0313E+00     O       26633

 BOND    =    10301.3854  ANGLE   =      172.0314  DIHED      =      848.5863
 VDWAALS =    26386.0196  EEL     =  -172868.0499  HBOND      =        0.0000
 1-4 VDW =      270.7828  1-4 EEL =    -3424.8539  RESTRAINT  =       10.0431
 EAMBER  =  -138314.0984


   NSTEP       ENERGY          RMS            GMAX         NAME    NUMBER
   7500      -1.3831E+05     1.4954E-01     7.4305E+00     O       26633

 BOND    =    10304.1312  ANGLE   =      171.9523  DIHED      =      848.6788
 VDWAALS =    26392.5743  EEL     =  -172886.3471  HBOND      =        0.0000
 1-4 VDW =      270.7712  1-4 EEL =    -3424.9888  RESTRAINT  =       10.1347
 EAMBER  =  -138323.2281


   NSTEP       ENERGY          RMS            GMAX         NAME    NUMBER
   7550      -1.3833E+05     1.8691E-01     1.1520E+01     P        1058

 BOND    =    10307.0911  ANGLE   =      172.0645  DIHED      =      848.7410
 VDWAALS =    26401.1005  EEL     =  -172910.3897  HBOND      =        0.0000
 1-4 VDW =      270.7628  1-4 EEL =    -3424.9588  RESTRAINT  =       10.2519
 EAMBER  =  -138335.5886


   NSTEP       ENERGY          RMS            GMAX         NAME    NUMBER
   7600      -1.3834E+05     1.5026E-01     7.7424E+00     P        1058

 BOND    =    10307.0180  ANGLE   =      171.8302  DIHED      =      848.8421
 VDWAALS =    26404.9511  EEL     =  -172926.4775  HBOND      =        0.0000
 1-4 VDW =      270.7588  1-4 EEL =    -3424.8043  RESTRAINT  =       10.3344
 EAMBER  =  -138347.8816


   NSTEP       ENERGY          RMS            GMAX         NAME    NUMBER
   7650      -1.3835E+05     9.9396E-02     5.3101E+00     C2        148

 BOND    =    10307.5385  ANGLE   =      171.8167  DIHED      =      848.8215
 VDWAALS =    26407.2904  EEL     =  -172937.9403  HBOND      =        0.0000
 1-4 VDW =      270.6762  1-4 EEL =    -3424.6129  RESTRAINT  =       10.4135
 EAMBER  =  -138356.4099


   NSTEP       ENERGY          RMS            GMAX         NAME    NUMBER
   7700      -1.3835E+05     1.1508E-01     6.4768E+00     P        1058

 BOND    =    10306.2249  ANGLE   =      172.0295  DIHED      =      848.8398
 VDWAALS =    26410.0974  EEL     =  -172948.5243  HBOND      =        0.0000
 1-4 VDW =      270.5346  1-4 EEL =    -3424.5244  RESTRAINT  =       10.4831
 EAMBER  =  -138365.3224


   NSTEP       ENERGY          RMS            GMAX         NAME    NUMBER
   7750      -1.3836E+05     1.1357E-01     5.3799E+00     P        1058

 BOND    =    10306.7185  ANGLE   =      172.1661  DIHED      =      848.8347
 VDWAALS =    26411.7160  EEL     =  -172959.2223  HBOND      =        0.0000
 1-4 VDW =      270.3923  1-4 EEL =    -3424.2886  RESTRAINT  =       10.5490
 EAMBER  =  -138373.6833


   NSTEP       ENERGY          RMS            GMAX         NAME    NUMBER
   7800      -1.3837E+05     1.0470E-01     5.9562E+00     P        1058

 BOND    =    10307.2912  ANGLE   =      172.1740  DIHED      =      848.7896
 VDWAALS =    26415.3468  EEL     =  -172971.9855  HBOND      =        0.0000
 1-4 VDW =      270.3999  1-4 EEL =    -3424.1413  RESTRAINT  =       10.6065
 EAMBER  =  -138382.1252


   NSTEP       ENERGY          RMS            GMAX         NAME    NUMBER
   7850      -1.3838E+05     1.1089E-01     7.6072E+00     P        1058

 BOND    =    10306.5991  ANGLE   =      172.0315  DIHED      =      848.7455
 VDWAALS =    26419.0387  EEL     =  -172984.1261  HBOND      =        0.0000
 1-4 VDW =      270.5080  1-4 EEL =    -3423.9244  RESTRAINT  =       10.6699
 EAMBER  =  -138391.1278


   NSTEP       ENERGY          RMS            GMAX         NAME    NUMBER
   7900      -1.3839E+05     1.0198E-01     8.4729E+00     P        1058

 BOND    =    10308.9721  ANGLE   =      171.7191  DIHED      =      848.6319
 VDWAALS =    26425.0341  EEL     =  -173002.5512  HBOND      =        0.0000
 1-4 VDW =      270.5894  1-4 EEL =    -3423.3623  RESTRAINT  =       10.7526
 EAMBER  =  -138400.9669


   NSTEP       ENERGY          RMS            GMAX         NAME    NUMBER
   7950      -1.3840E+05     8.0176E-02     4.9670E+00     P        1058

 BOND    =    10314.4442  ANGLE   =      171.8771  DIHED      =      848.6417
 VDWAALS =    26429.1140  EEL     =  -173021.9929  HBOND      =        0.0000
 1-4 VDW =      270.5572  1-4 EEL =    -3423.4212  RESTRAINT  =       10.8104
 EAMBER  =  -138410.7801


   NSTEP       ENERGY          RMS            GMAX         NAME    NUMBER
   8000      -1.3841E+05     9.1151E-02     3.4557E+00     C2        982

 BOND    =    10313.5766  ANGLE   =      172.1084  DIHED      =      848.4666
 VDWAALS =    26433.9774  EEL     =  -173034.7868  HBOND      =        0.0000
 1-4 VDW =      270.4314  1-4 EEL =    -3423.5772  RESTRAINT  =       10.8957
 EAMBER  =  -138419.8036


   NSTEP       ENERGY          RMS            GMAX         NAME    NUMBER
   8050      -1.3842E+05     6.7024E-02     2.6745E+00     C2'       152

 BOND    =    10313.1442  ANGLE   =      172.2526  DIHED      =      848.3691
 VDWAALS =    26437.5445  EEL     =  -173046.6889  HBOND      =        0.0000
 1-4 VDW =      270.5806  1-4 EEL =    -3423.3719  RESTRAINT  =       10.9684
 EAMBER  =  -138428.1697


   NSTEP       ENERGY          RMS            GMAX         NAME    NUMBER
   8100      -1.3842E+05     7.9841E-02     3.2261E+00     C1'       198

 BOND    =    10313.5808  ANGLE   =      172.5289  DIHED      =      848.2646
 VDWAALS =    26441.8263  EEL     =  -173059.0094  HBOND      =        0.0000
 1-4 VDW =      270.6363  1-4 EEL =    -3423.3031  RESTRAINT  =       11.0571
 EAMBER  =  -138435.4757


   NSTEP       ENERGY          RMS            GMAX         NAME    NUMBER
   8150      -1.3843E+05     9.7736E-02     3.9214E+00     C2'       152

 BOND    =    10313.9369  ANGLE   =      172.7900  DIHED      =      848.1139
 VDWAALS =    26446.9304  EEL     =  -173071.5742  HBOND      =        0.0000
 1-4 VDW =      270.6831  1-4 EEL =    -3423.0655  RESTRAINT  =       11.1618
 EAMBER  =  -138442.1855


   NSTEP       ENERGY          RMS            GMAX         NAME    NUMBER
   8200      -1.3844E+05     2.1767E-01     1.3000E+01     C6        139

 BOND    =    10316.5785  ANGLE   =      173.3596  DIHED      =      847.8977
 VDWAALS =    26453.0040  EEL     =  -173087.3974  HBOND      =        0.0000
 1-4 VDW =      270.6111  1-4 EEL =    -3422.6087  RESTRAINT  =       11.2976
 EAMBER  =  -138448.5553


   NSTEP       ENERGY          RMS            GMAX         NAME    NUMBER
   8250      -1.3844E+05     1.1505E-01     6.7871E+00     C1'       136

 BOND    =    10315.8957  ANGLE   =      172.8618  DIHED      =      847.6412
 VDWAALS =    26457.5729  EEL     =  -173098.5088  HBOND      =        0.0000
 1-4 VDW =      270.6049  1-4 EEL =    -3422.4760  RESTRAINT  =       11.4279
 EAMBER  =  -138456.4084


   NSTEP       ENERGY          RMS            GMAX         NAME    NUMBER
   8300      -1.3845E+05     1.8309E-01     1.3881E+01     O       27446

 BOND    =    10318.2259  ANGLE   =      172.5269  DIHED      =      847.3216
 VDWAALS =    26462.2427  EEL     =  -173113.2348  HBOND      =        0.0000
 1-4 VDW =      270.7425  1-4 EEL =    -3422.2949  RESTRAINT  =       11.5841
 EAMBER  =  -138464.4701


   NSTEP       ENERGY          RMS            GMAX         NAME    NUMBER
   8350      -1.3846E+05     9.4335E-02     3.2991E+00     C2'       152

 BOND    =    10319.2477  ANGLE   =      172.7626  DIHED      =      846.9371
 VDWAALS =    26466.4438  EEL     =  -173126.1091  HBOND      =        0.0000
 1-4 VDW =      270.6420  1-4 EEL =    -3422.1754  RESTRAINT  =       11.7563
 EAMBER  =  -138472.2512


   NSTEP       ENERGY          RMS            GMAX         NAME    NUMBER
   8400      -1.3847E+05     1.5148E-01     8.4162E+00     O       27446

 BOND    =    10319.7894  ANGLE   =      173.2087  DIHED      =      846.4026
 VDWAALS =    26473.1186  EEL     =  -173142.2289  HBOND      =        0.0000
 1-4 VDW =      270.6323  1-4 EEL =    -3422.4144  RESTRAINT  =       11.9880
 EAMBER  =  -138481.4917


   NSTEP       ENERGY          RMS            GMAX         NAME    NUMBER
   8450      -1.3848E+05     1.8837E-01     1.5076E+01     O       27446

 BOND    =    10319.1731  ANGLE   =      173.7537  DIHED      =      845.7842
 VDWAALS =    26477.4197  EEL     =  -173154.0769  HBOND      =        0.0000
 1-4 VDW =      270.5075  1-4 EEL =    -3422.4888  RESTRAINT  =       12.1895
 EAMBER  =  -138489.9275


   NSTEP       ENERGY          RMS            GMAX         NAME    NUMBER
   8500      -1.3849E+05     2.0588E-01     1.9138E+01     O       27446

 BOND    =    10319.0742  ANGLE   =      173.7017  DIHED      =      845.0356
 VDWAALS =    26484.9982  EEL     =  -173169.2514  HBOND      =        0.0000
 1-4 VDW =      270.4397  1-4 EEL =    -3422.0457  RESTRAINT  =       12.4169
 EAMBER  =  -138498.0476


   NSTEP       ENERGY          RMS            GMAX         NAME    NUMBER
   8550      -1.3849E+05     5.7261E-02     2.2318E+00     O       19331

 BOND    =    10324.2517  ANGLE   =      173.7955  DIHED      =      844.7979
 VDWAALS =    26486.5169  EEL     =  -173182.6848  HBOND      =        0.0000
 1-4 VDW =      270.4612  1-4 EEL =    -3421.8220  RESTRAINT  =       12.5228
 EAMBER  =  -138504.6836


   NSTEP       ENERGY          RMS            GMAX         NAME    NUMBER
   8600      -1.3850E+05     5.9251E-02     2.5129E+00     C2        148

 BOND    =    10323.8034  ANGLE   =      174.0333  DIHED      =      844.6117
 VDWAALS =    26488.1585  EEL     =  -173187.6608  HBOND      =        0.0000
 1-4 VDW =      270.4338  1-4 EEL =    -3421.7610  RESTRAINT  =       12.6045
 EAMBER  =  -138508.3811


   NSTEP       ENERGY          RMS            GMAX         NAME    NUMBER
   8650      -1.3850E+05     5.5710E-02     2.3253E+00     C4'      1034

 BOND    =    10325.2387  ANGLE   =      174.1174  DIHED      =      844.4636
 VDWAALS =    26490.1042  EEL     =  -173195.2760  HBOND      =        0.0000
 1-4 VDW =      270.5126  1-4 EEL =    -3421.6572  RESTRAINT  =       12.6911
 EAMBER  =  -138512.4966


   NSTEP       ENERGY          RMS            GMAX         NAME    NUMBER
   8700      -1.3850E+05     4.9278E-02     2.1567E+00     C2'       152

 BOND    =    10323.9298  ANGLE   =      174.1725  DIHED      =      844.3160
 VDWAALS =    26492.1848  EEL     =  -173199.7894  HBOND      =        0.0000
 1-4 VDW =      270.5629  1-4 EEL =    -3421.7386  RESTRAINT  =       12.7804
 EAMBER  =  -138516.3619


   NSTEP       ENERGY          RMS            GMAX         NAME    NUMBER
   8750      -1.3851E+05     2.7224E-02     9.3952E-01     C6        578

 BOND    =    10324.1390  ANGLE   =      174.0441  DIHED      =      843.9818
 VDWAALS =    26495.2431  EEL     =  -173210.5134  HBOND      =        0.0000
 1-4 VDW =      270.5859  1-4 EEL =    -3421.3911  RESTRAINT  =       12.9686
 EAMBER  =  -138523.9105


   NSTEP       ENERGY          RMS            GMAX         NAME    NUMBER
   8800      -1.3853E+05     6.3056E-02     2.0684E+00     N4        394

 BOND    =    10328.2934  ANGLE   =      174.3512  DIHED      =      843.6285
 VDWAALS =    26505.4525  EEL     =  -173243.9088  HBOND      =        0.0000
 1-4 VDW =      270.7139  1-4 EEL =    -3420.7520  RESTRAINT  =       13.4733
 EAMBER  =  -138542.2212


   NSTEP       ENERGY          RMS            GMAX         NAME    NUMBER
   8850      -1.3853E+05     5.8405E-02     2.9735E+00     C2'      1022

 BOND    =    10329.9342  ANGLE   =      174.4452  DIHED      =      843.6349
 VDWAALS =    26509.0970  EEL     =  -173254.8867  HBOND      =        0.0000
 1-4 VDW =      270.7371  1-4 EEL =    -3420.5285  RESTRAINT  =       13.5787
 EAMBER  =  -138547.5669


   NSTEP       ENERGY          RMS            GMAX         NAME    NUMBER
   8900      -1.3854E+05     5.6543E-02     2.9510E+00     C2'      1022

 BOND    =    10330.2837  ANGLE   =      174.4530  DIHED      =      843.6656
 VDWAALS =    26512.9488  EEL     =  -173264.4194  HBOND      =        0.0000
 1-4 VDW =      270.8059  1-4 EEL =    -3420.2277  RESTRAINT  =       13.6811
 EAMBER  =  -138552.4902


   NSTEP       ENERGY          RMS            GMAX         NAME    NUMBER
   8950      -1.3854E+05     5.6048E-02     2.1845E+00     C6        578

 BOND    =    10331.2649  ANGLE   =      174.3901  DIHED      =      843.7398
 VDWAALS =    26517.3626  EEL     =  -173276.4312  HBOND      =        0.0000
 1-4 VDW =      270.8711  1-4 EEL =    -3419.8414  RESTRAINT  =       13.8020
 EAMBER  =  -138558.6442


   NSTEP       ENERGY          RMS            GMAX         NAME    NUMBER
   9000      -1.3855E+05     3.8380E-02     1.8623E+00     C2'      1022

 BOND    =    10332.1835  ANGLE   =      174.3350  DIHED      =      843.8726
 VDWAALS =    26521.5833  EEL     =  -173287.9771  HBOND      =        0.0000
 1-4 VDW =      270.9337  1-4 EEL =    -3419.4032  RESTRAINT  =       13.9332
 EAMBER  =  -138564.4722


   NSTEP       ENERGY          RMS            GMAX         NAME    NUMBER
   9050      -1.3856E+05     3.4520E-02     1.2325E+00     H1      15984

 BOND    =    10332.9626  ANGLE   =      174.4491  DIHED      =      844.2237
 VDWAALS =    26526.9827  EEL     =  -173305.3129  HBOND      =        0.0000
 1-4 VDW =      271.0815  1-4 EEL =    -3418.4517  RESTRAINT  =       14.1706
 EAMBER  =  -138574.0650


   NSTEP       ENERGY          RMS            GMAX         NAME    NUMBER
   9100      -1.3857E+05     7.6904E-02     2.5964E+00     O       19865

 BOND    =    10336.4207  ANGLE   =      174.7384  DIHED      =      844.4562
 VDWAALS =    26536.7800  EEL     =  -173333.3815  HBOND      =        0.0000
 1-4 VDW =      271.2973  1-4 EEL =    -3417.5106  RESTRAINT  =       14.4365
 EAMBER  =  -138587.1995


   NSTEP       ENERGY          RMS            GMAX         NAME    NUMBER
   9150      -1.3858E+05     8.6805E-02     3.4478E+00     O       19646

 BOND    =    10342.9025  ANGLE   =      174.6089  DIHED      =      844.4520
 VDWAALS =    26540.3538  EEL     =  -173350.4449  HBOND      =        0.0000
 1-4 VDW =      271.2320  1-4 EEL =    -3417.2841  RESTRAINT  =       14.5395
 EAMBER  =  -138594.1797


   NSTEP       ENERGY          RMS            GMAX         NAME    NUMBER
   9200      -1.3859E+05     5.1649E-02     2.3564E+00     H2       4231

 BOND    =    10336.1465  ANGLE   =      174.6603  DIHED      =      844.5086
 VDWAALS =    26543.5658  EEL     =  -173353.0697  HBOND      =        0.0000
 1-4 VDW =      271.2145  1-4 EEL =    -3417.2108  RESTRAINT  =       14.6428
 EAMBER  =  -138600.1847


   NSTEP       ENERGY          RMS            GMAX         NAME    NUMBER
   9250      -1.3860E+05     3.1084E-02     1.2199E+00     O       17957

 BOND    =    10338.5800  ANGLE   =      174.7092  DIHED      =      844.6148
 VDWAALS =    26547.7265  EEL     =  -173372.5785  HBOND      =        0.0000
 1-4 VDW =      271.1409  1-4 EEL =    -3417.1944  RESTRAINT  =       14.8781
 EAMBER  =  -138613.0015


   NSTEP       ENERGY          RMS            GMAX         NAME    NUMBER
   9300      -1.3861E+05     3.7915E-02     1.9318E+00     Na+      1097

 BOND    =    10339.2271  ANGLE   =      174.7468  DIHED      =      844.6673
 VDWAALS =    26554.2617  EEL     =  -173388.3532  HBOND      =        0.0000
 1-4 VDW =      271.1987  1-4 EEL =    -3417.1041  RESTRAINT  =       15.0600
 EAMBER  =  -138621.3558


   NSTEP       ENERGY          RMS            GMAX         NAME    NUMBER
   9350      -1.3861E+05     5.4313E-02     1.8374E+00     C4        755

 BOND    =    10341.4520  ANGLE   =      174.7689  DIHED      =      844.8648
 VDWAALS =    26560.2849  EEL     =  -173404.6823  HBOND      =        0.0000
 1-4 VDW =      271.1998  1-4 EEL =    -3416.8448  RESTRAINT  =       15.3055
 EAMBER  =  -138628.9567


   NSTEP       ENERGY          RMS            GMAX         NAME    NUMBER
   9400      -1.3862E+05     7.8609E-02     3.0557E+00     P          94

 BOND    =    10339.6832  ANGLE   =      175.0201  DIHED      =      844.9045
 VDWAALS =    26563.7073  EEL     =  -173409.8482  HBOND      =        0.0000
 1-4 VDW =      271.3156  1-4 EEL =    -3417.1365  RESTRAINT  =       15.4227
 EAMBER  =  -138632.3541


   NSTEP       ENERGY          RMS            GMAX         NAME    NUMBER
   9450      -1.3862E+05     6.2393E-02     3.2587E+00     Na+      1097

 BOND    =    10342.8295  ANGLE   =      175.0769  DIHED      =      844.9552
 VDWAALS =    26567.6012  EEL     =  -173421.2297  HBOND      =        0.0000
 1-4 VDW =      271.3281  1-4 EEL =    -3417.2433  RESTRAINT  =       15.5502
 EAMBER  =  -138636.6822


   NSTEP       ENERGY          RMS            GMAX         NAME    NUMBER
   9500      -1.3862E+05     8.8613E-02     3.7806E+00     C5'       130

 BOND    =    10345.0435  ANGLE   =      174.8975  DIHED      =      845.0364
 VDWAALS =    26569.5592  EEL     =  -173429.2899  HBOND      =        0.0000
 1-4 VDW =      271.3566  1-4 EEL =    -3416.6955  RESTRAINT  =       15.6559
 EAMBER  =  -138640.0922


   NSTEP       ENERGY          RMS            GMAX         NAME    NUMBER
   9550      -1.3863E+05     5.5521E-02     1.9553E+00     P        1027

 BOND    =    10343.3178  ANGLE   =      174.8443  DIHED      =      845.0549
 VDWAALS =    26572.1667  EEL     =  -173432.7204  HBOND      =        0.0000
 1-4 VDW =      271.3493  1-4 EEL =    -3416.8377  RESTRAINT  =       15.7418
 EAMBER  =  -138642.8250


   NSTEP       ENERGY          RMS            GMAX         NAME    NUMBER
   9600      -1.3863E+05     6.3841E-02     4.8648E+00     O       17957

 BOND    =    10344.5076  ANGLE   =      174.6745  DIHED      =      845.0345
 VDWAALS =    26575.2660  EEL     =  -173440.2601  HBOND      =        0.0000
 1-4 VDW =      271.3366  1-4 EEL =    -3416.9753  RESTRAINT  =       15.8521
 EAMBER  =  -138646.4162


   NSTEP       ENERGY          RMS            GMAX         NAME    NUMBER
   9650      -1.3864E+05     1.4434E-01     7.1533E+00     N4        394

 BOND    =    10346.9793  ANGLE   =      175.3869  DIHED      =      845.4192
 VDWAALS =    26585.9126  EEL     =  -173461.1424  HBOND      =        0.0000
 1-4 VDW =      271.0410  1-4 EEL =    -3417.1622  RESTRAINT  =       16.1479
 EAMBER  =  -138653.5656


   NSTEP       ENERGY          RMS            GMAX         NAME    NUMBER
   9700      -1.3864E+05     8.8290E-02     7.6347E+00     O        7898

 BOND    =    10347.6175  ANGLE   =      174.7531  DIHED      =      845.1391
 VDWAALS =    26588.0343  EEL     =  -173470.2190  HBOND      =        0.0000
 1-4 VDW =      271.2672  1-4 EEL =    -3417.2536  RESTRAINT  =       16.2073
 EAMBER  =  -138660.6614


   NSTEP       ENERGY          RMS            GMAX         NAME    NUMBER
   9750      -1.3865E+05     5.0766E-02     2.7613E+00     O        7898

 BOND    =    10348.2441  ANGLE   =      174.6075  DIHED      =      845.1048
 VDWAALS =    26590.3624  EEL     =  -173476.1492  HBOND      =        0.0000
 1-4 VDW =      271.3854  1-4 EEL =    -3417.3204  RESTRAINT  =       16.2611
 EAMBER  =  -138663.7655


   NSTEP       ENERGY          RMS            GMAX         NAME    NUMBER
   9800      -1.3865E+05     6.1465E-02     3.1537E+00     P        1058

 BOND    =    10348.6493  ANGLE   =      174.5160  DIHED      =      845.0934
 VDWAALS =    26593.3491  EEL     =  -173482.4494  HBOND      =        0.0000
 1-4 VDW =      271.4157  1-4 EEL =    -3417.2946  RESTRAINT  =       16.3097
 EAMBER  =  -138666.7205


   NSTEP       ENERGY          RMS            GMAX         NAME    NUMBER
   9850      -1.3866E+05     1.0592E-01     3.7238E+00     P        1058

 BOND    =    10351.8420  ANGLE   =      174.2443  DIHED      =      844.8907
 VDWAALS =    26602.9086  EEL     =  -173501.6307  HBOND      =        0.0000
 1-4 VDW =      271.8306  1-4 EEL =    -3417.4262  RESTRAINT  =       16.5316
 EAMBER  =  -138673.3407


   NSTEP       ENERGY          RMS            GMAX         NAME    NUMBER
   9900      -1.3867E+05     9.2780E-02     5.7346E+00     H2      29356

 BOND    =    10353.8555  ANGLE   =      174.2960  DIHED      =      845.0317
 VDWAALS =    26611.2623  EEL     =  -173524.1600  HBOND      =        0.0000
 1-4 VDW =      271.6637  1-4 EEL =    -3418.0743  RESTRAINT  =       16.5843
 EAMBER  =  -138686.1251


   NSTEP       ENERGY          RMS            GMAX         NAME    NUMBER
   9950      -1.3867E+05     6.4756E-02     2.7895E+00     C5'       834

 BOND    =    10353.6240  ANGLE   =      174.5899  DIHED      =      845.0429
 VDWAALS =    26610.1867  EEL     =  -173529.3249  HBOND      =        0.0000
 1-4 VDW =      271.5651  1-4 EEL =    -3417.0810  RESTRAINT  =       16.6166
 EAMBER  =  -138691.3973


   NSTEP       ENERGY          RMS            GMAX         NAME    NUMBER
  10000      -1.3868E+05     4.1109E-02     1.8339E+00     C2'       152

 BOND    =    10353.8027  ANGLE   =      174.3454  DIHED      =      845.1229
 VDWAALS =    26611.0706  EEL     =  -173531.8202  HBOND      =        0.0000
 1-4 VDW =      271.6805  1-4 EEL =    -3417.7196  RESTRAINT  =       16.6209
 EAMBER  =  -138693.5177


  Maximum number of minimization cycles reached.


                    FINAL RESULTS



   NSTEP       ENERGY          RMS            GMAX         NAME    NUMBER
  10000      -1.3868E+05     4.1109E-02     1.8339E+00     C2'       152

 BOND    =    10353.8027  ANGLE   =      174.3454  DIHED      =      845.1229
 VDWAALS =    26611.0706  EEL     =  -173531.8202  HBOND      =        0.0000
 1-4 VDW =      271.6805  1-4 EEL =    -3417.7196  RESTRAINT  =       16.6209
 EAMBER  =  -138693.5177
--------------------------------------------------------------------------------
   5.  TIMINGS
--------------------------------------------------------------------------------

|  NonSetup CPU Time in Major Routines:
|
|     Routine           Sec        %
|     ------------------------------
|     Nonbond           9.76   37.48
|     Bond              0.00    0.00
|     Angle             0.00    0.00
|     Dihedral          0.00    0.00
|     Shake             0.00    0.00
|     Other            16.27   62.52
|     ------------------------------
|     Total            26.03

|  PME Nonbond Pairlist CPU Time:
|
|     Routine              Sec        %
|     ---------------------------------
|     Set Up Cit           0.00    0.00
|     Build List           0.00    0.00
|     ---------------------------------
|     Total                0.00    0.00

|  PME Direct Force CPU Time:
|
|     Routine              Sec        %
|     ---------------------------------
|     NonBonded Calc       0.00    0.00
|     Exclude Masked       0.00    0.00
|     Other                0.01    0.05
|     ---------------------------------
|     Total                0.01    0.05

|  PME Reciprocal Force CPU Time:
|
|     Routine              Sec        %
|     ---------------------------------
|     1D bspline           0.00    0.00
|     Grid Charges         0.00    0.00
|     Scalar Sum           0.00    0.00
|     Gradient Sum         0.00    0.00
|     FFT                  0.00    0.00
|     ---------------------------------
|     Total                0.00    0.00

|  Setup CPU time:            0.72 seconds
|  NonSetup CPU time:        26.03 seconds
|  Total CPU time:           26.75 seconds     0.01 hours

|  Setup wall time:           1    seconds
|  NonSetup wall time:       26    seconds
|  Total wall time:          27    seconds     0.01 hours
