
          -------------------------------------------------------
          Amber 16 PMEMD                              2016
          -------------------------------------------------------

| PMEMD implementation of SANDER, Release 16

| Run on 10/12/2020 at 20:44:16

|   Executable path: pmemd.cuda
| Working directory: /home/kyq/T7RNADNA/DC4
|          Hostname: gpu01

  [-O]verwriting output

File Assignments:
|   MDIN: min1.in                                                               
|  MDOUT: cmp_min1.out                                                          
| INPCRD: cmp.inpcrd                                                            
|   PARM: cmp.prmtop                                                            
| RESTRT: cmp_min1.rst                                                          
|   REFC: cmp.inpcrd                                                            
|  MDVEL: mdvel                                                                 
|   MDEN: mden                                                                  
|  MDCRD: mdcrd                                                                 
| MDINFO: mdinfo                                                                
|  MDFRC: mdfrc                                                                 

 
 Here is the input file:
 
Initial minimisation of our structures                                         
 &cntrl                                                                        
  imin=1, maxcyc=4000, ncyc=2000,                                              
  cut=10, ntb=1,ntr=1,                                                         
  restraint_wt=2.0                                                             
  restraintmask=':1-34'                                                        
/                                                                              


Note: ig = -1. Setting random seed to   293726 based on wallclock time in 
      microseconds.
 
|--------------------- INFORMATION ----------------------
| GPU (CUDA) Version of PMEMD in use: NVIDIA GPU IN USE.
|                    Version 16.0.0
| 
|                      02/25/2016
| 
| Implementation by:
|                    Ross C. Walker     (SDSC)
|                    Scott Le Grand     (nVIDIA)
| 
| Precision model in use:
|      [SPFP] - Single Precision Forces, 64-bit Fixed Point
|               Accumulation. (Default)
| 
|--------------------------------------------------------
 
|----------------- CITATION INFORMATION -----------------
|
|    When publishing work that utilized the CUDA version
|    of AMBER, please cite the following in addition to
|    the regular AMBER citations:
|
|  - Romelia Salomon-Ferrer; Andreas W. Goetz; Duncan
|    Poole; Scott Le Grand; Ross C. Walker "Routine
|    microsecond molecular dynamics simulations with
|    AMBER - Part II: Particle Mesh Ewald", J. Chem.
|    Theory Comput., 2013, 9 (9), pp3878-3888,
|    DOI: 10.1021/ct400314y.
|
|  - Andreas W. Goetz; Mark J. Williamson; Dong Xu;
|    Duncan Poole; Scott Le Grand; Ross C. Walker
|    "Routine microsecond molecular dynamics simulations
|    with AMBER - Part I: Generalized Born", J. Chem.
|    Theory Comput., 2012, 8 (5), pp1542-1555.
|
|  - Scott Le Grand; Andreas W. Goetz; Ross C. Walker
|    "SPFP: Speed without compromise - a mixed precision
|    model for GPU accelerated molecular dynamics
|    simulations.", Comp. Phys. Comm., 2013, 184
|    pp374-380, DOI: 10.1016/j.cpc.2012.09.022
|
|--------------------------------------------------------
 
|------------------- GPU DEVICE INFO --------------------
|
|            CUDA_VISIBLE_DEVICES: 0
|   CUDA Capable Devices Detected:      1
|           CUDA Device ID in use:      0
|                CUDA Device Name: Tesla P100-PCIE-16GB
|     CUDA Device Global Mem Size:  16276 MB
| CUDA Device Num Multiprocessors:     56
|           CUDA Device Core Freq:   1.33 GHz
|
|--------------------------------------------------------
 
 
| Conditional Compilation Defines Used:
| PUBFFT
| BINTRAJ
| CUDA
| EMIL
 
| Largest sphere to fit in unit cell has radius =    31.313

| New format PARM file being parsed.
| Version =    1.000 Date = 10/12/20 Time = 20:41:12

| Note: 1-4 EEL scale factors are being read from the topology file.

| Note: 1-4 VDW scale factors are being read from the topology file.
| Duplicated    0 dihedrals

| Duplicated    0 dihedrals

--------------------------------------------------------------------------------
   1.  RESOURCE   USE: 
--------------------------------------------------------------------------------

 getting new box info from bottom of inpcrd
 NATOM  =   30486 NTYPES =      18 NBONH =   29763 MBONA  =     774
 NTHETH =     898 MTHETA =    1191 NPHIH =    1825 MPHIA  =    2463
 NHPARM =       0 NPARM  =       0 NNB   =   45170 NRES   =    9860
 NBONA  =     774 NTHETA =    1191 NPHIA =    2463 NUMBND =      61
 NUMANG =     127 NPTRA  =      75 NATYP =      34 NPHB   =       1
 IFBOX  =       2 NMXRS  =      33 IFCAP =       0 NEXTRA =       0
 NCOPY  =       0

| Coordinate Index Table dimensions:    12   12   12
| Direct force subcell size =     6.3917    6.3917    6.3917

     BOX TYPE: TRUNCATED OCTAHEDRON

--------------------------------------------------------------------------------
   2.  CONTROL  DATA  FOR  THE  RUN
--------------------------------------------------------------------------------

default_name                                                                    

General flags:
     imin    =       1, nmropt  =       0

Nature and format of input:
     ntx     =       1, irest   =       0, ntrx    =       1

Nature and format of output:
     ntxo    =       2, ntpr    =      50, ntrx    =       1, ntwr    =       1
     iwrap   =       0, ntwx    =       0, ntwv    =       0, ntwe    =       0
     ioutfm  =       1, ntwprt  =       0, idecomp =       0, rbornstat=      0

Potential function:
     ntf     =       1, ntb     =       1, igb     =       0, nsnb    =      25
     ipol    =       0, gbsa    =       0, iesp    =       0
     dielc   =   1.00000, cut     =  10.00000, intdiel =   1.00000

Frozen or restrained atoms:
     ibelly  =       0, ntr     =       1
     restraint_wt =   2.00000

Energy minimization:
     maxcyc  =    4000, ncyc    =    2000, ntmin   =       1
     dx0     =   0.01000, drms    =   0.00010

| Intermolecular bonds treatment:
|     no_intermolecular_bonds =       1

| Energy averages sample interval:
|     ene_avg_sampling =       1

Ewald parameters:
     verbose =       0, ew_type =       0, nbflag  =       1, use_pme =       1
     vdwmeth =       1, eedmeth =       1, netfrc  =       0
     Box X =   76.701   Box Y =   76.701   Box Z =   76.701
     Alpha =  109.471   Beta  =  109.471   Gamma =  109.471
     NFFT1 =   80       NFFT2 =   80       NFFT3 =   80
     Cutoff=   10.000   Tol   =0.100E-04
     Ewald Coefficient =  0.27511
     Interpolation order =    4

    LOADING THE CONSTRAINED ATOMS AS GROUPS


   5.  REFERENCE ATOM COORDINATES

  default_name                                                                    
     Mask :1-34; matches  1072 atoms

--------------------------------------------------------------------------------
   3.  ATOMIC COORDINATES AND VELOCITIES
--------------------------------------------------------------------------------

default_name                                                                    
 begin time read from input coords =     0.000 ps

 
 Number of triangulated 3-point waters found:     9794

     Sum of charges from parm topology file =   0.00000020
     Forcing neutrality...

| Dynamic Memory, Types Used:
| Reals              937575
| Integers           778500

| Nonbonded Pairs Initial Allocation:     9221252

| GPU memory information (estimate):
| KB of GPU memory in use:    130225
| KB of CPU memory in use:     48577

--------------------------------------------------------------------------------
   4.  RESULTS
--------------------------------------------------------------------------------

 ---------------------------------------------------
 APPROXIMATING switch and d/dx switch using CUBIC SPLINE INTERPOLATION
 using   5000.0 points per unit in tabled values
 TESTING RELATIVE ERROR over r ranging from 0.0 to cutoff
| CHECK switch(x): max rel err =   0.3316E-14   at   2.351880
| CHECK d/dx switch(x): max rel err =   0.8066E-11   at   2.747240
 ---------------------------------------------------
|---------------------------------------------------
| APPROXIMATING direct energy using CUBIC SPLINE INTERPOLATION
|  with   50.0 points per unit in tabled values
| Relative Error Limit not exceeded for r .gt.   2.34
| APPROXIMATING direct force using CUBIC SPLINE INTERPOLATION
|  with   50.0 points per unit in tabled values
| Relative Error Limit not exceeded for r .gt.   2.81
|---------------------------------------------------


   NSTEP       ENERGY          RMS            GMAX         NAME    NUMBER
      1       4.4232E+04     4.0102E+02     1.4128E+04     OP2       314

 BOND    =     2441.8644  ANGLE   =     2697.2138  DIHED      =      922.1147
 VDWAALS =   121507.7244  EEL     =   -97184.5166  HBOND      =        0.0000
 1-4 VDW =    18539.8304  1-4 EEL =    -4692.3715  RESTRAINT  =        0.0000


   NSTEP       ENERGY          RMS            GMAX         NAME    NUMBER
     50      -1.0586E+05     5.3848E+00     1.1305E+02     P         250

 BOND    =     4984.3017  ANGLE   =      316.8474  DIHED      =      967.8269
 VDWAALS =     9209.2607  EEL     =  -116945.7992  HBOND      =        0.0000
 1-4 VDW =      308.6952  1-4 EEL =    -4851.9179  RESTRAINT  =      146.8395
 EAMBER  =  -106010.7851


   NSTEP       ENERGY          RMS            GMAX         NAME    NUMBER
    100      -1.1242E+05     3.5331E+00     1.5838E+02     P        1040

 BOND    =     6557.3619  ANGLE   =      231.7726  DIHED      =      972.2262
 VDWAALS =    10097.9466  EEL     =  -125943.3277  HBOND      =        0.0000
 1-4 VDW =      280.0093  1-4 EEL =    -4836.5892  RESTRAINT  =      216.3884
 EAMBER  =  -112640.6003


   NSTEP       ENERGY          RMS            GMAX         NAME    NUMBER
    150      -1.1543E+05     1.0874E+00     4.9988E+01     P        1040

 BOND    =     6555.4128  ANGLE   =      210.7122  DIHED      =      976.3615
 VDWAALS =    11031.1801  EEL     =  -129900.3547  HBOND      =        0.0000
 1-4 VDW =      275.5941  1-4 EEL =    -4835.3983  RESTRAINT  =      258.2359
 EAMBER  =  -115686.4923


   NSTEP       ENERGY          RMS            GMAX         NAME    NUMBER
    200      -1.1727E+05     2.7105E+00     1.9498E+02     P        1040

 BOND    =     6877.7846  ANGLE   =      227.5253  DIHED      =      978.5520
 VDWAALS =    11916.1262  EEL     =  -132995.3179  HBOND      =        0.0000
 1-4 VDW =      271.7635  1-4 EEL =    -4837.0643  RESTRAINT  =      288.2342
 EAMBER  =  -117560.6308


   NSTEP       ENERGY          RMS            GMAX         NAME    NUMBER
    250      -1.1879E+05     1.5849E+00     8.9360E+01     P         492

 BOND    =     7036.5632  ANGLE   =      206.8164  DIHED      =      978.5808
 VDWAALS =    12726.0397  EEL     =  -135481.3480  HBOND      =        0.0000
 1-4 VDW =      270.3643  1-4 EEL =    -4832.0230  RESTRAINT  =      307.9642
 EAMBER  =  -119095.0066


   NSTEP       ENERGY          RMS            GMAX         NAME    NUMBER
    300      -1.1991E+05     5.3974E-01     1.6671E+01     Na+      1083

 BOND    =     7169.4970  ANGLE   =      203.2036  DIHED      =      978.1193
 VDWAALS =    13408.7474  EEL     =  -137421.5909  HBOND      =        0.0000
 1-4 VDW =      269.2278  1-4 EEL =    -4833.8948  RESTRAINT  =      320.6179
 EAMBER  =  -120226.6906


   NSTEP       ENERGY          RMS            GMAX         NAME    NUMBER
    350      -1.2079E+05     1.3265E+00     4.9743E+01     C6        169

 BOND    =     7330.4408  ANGLE   =      204.0758  DIHED      =      977.2636
 VDWAALS =    14044.0458  EEL     =  -139107.6243  HBOND      =        0.0000
 1-4 VDW =      269.1590  1-4 EEL =    -4834.3444  RESTRAINT  =      326.4549
 EAMBER  =  -121116.9837


   NSTEP       ENERGY          RMS            GMAX         NAME    NUMBER
    400      -1.2156E+05     4.4739E-01     1.1618E+01     Na+      1092

 BOND    =     7451.6408  ANGLE   =      197.0266  DIHED      =      976.0887
 VDWAALS =    14594.9431  EEL     =  -140546.9752  HBOND      =        0.0000
 1-4 VDW =      268.6270  1-4 EEL =    -4831.3212  RESTRAINT  =      329.2838
 EAMBER  =  -121889.9702


   NSTEP       ENERGY          RMS            GMAX         NAME    NUMBER
    450      -1.2222E+05     1.1842E+00     4.8856E+01     C4        176

 BOND    =     7598.0618  ANGLE   =      195.7612  DIHED      =      974.9288
 VDWAALS =    15095.4809  EEL     =  -141850.7413  HBOND      =        0.0000
 1-4 VDW =      268.1632  1-4 EEL =    -4830.3845  RESTRAINT  =      331.1281
 EAMBER  =  -122548.7298


   NSTEP       ENERGY          RMS            GMAX         NAME    NUMBER
    500      -1.2278E+05     1.6628E+00     7.8046E+01     C6        293

 BOND    =     7717.0018  ANGLE   =      203.9722  DIHED      =      973.7660
 VDWAALS =    15531.7907  EEL     =  -142974.1385  HBOND      =        0.0000
 1-4 VDW =      266.4117  1-4 EEL =    -4831.5261  RESTRAINT  =      332.0655
 EAMBER  =  -123112.7221


   NSTEP       ENERGY          RMS            GMAX         NAME    NUMBER
    550      -1.2332E+05     1.0916E+00     3.3613E+01     C6        604

 BOND    =     7775.5900  ANGLE   =      195.7905  DIHED      =      972.5238
 VDWAALS =    15941.8825  EEL     =  -143980.7458  HBOND      =        0.0000
 1-4 VDW =      270.1679  1-4 EEL =    -4827.8652  RESTRAINT  =      331.5701
 EAMBER  =  -123652.6563


   NSTEP       ENERGY          RMS            GMAX         NAME    NUMBER
    600      -1.2379E+05     4.4435E-01     1.3037E+01     Na+      1092

 BOND    =     7855.1124  ANGLE   =      194.9625  DIHED      =      971.4888
 VDWAALS =    16299.7814  EEL     =  -144881.3592  HBOND      =        0.0000
 1-4 VDW =      268.1495  1-4 EEL =    -4829.2311  RESTRAINT  =      331.2632
 EAMBER  =  -124121.0957


   NSTEP       ENERGY          RMS            GMAX         NAME    NUMBER
    650      -1.2420E+05     8.2918E-01     2.9680E+01     C5        387

 BOND    =     7944.0333  ANGLE   =      195.6268  DIHED      =      970.7431
 VDWAALS =    16639.0346  EEL     =  -145715.5252  HBOND      =        0.0000
 1-4 VDW =      267.7419  1-4 EEL =    -4829.5646  RESTRAINT  =      330.5084
 EAMBER  =  -124527.9101


   NSTEP       ENERGY          RMS            GMAX         NAME    NUMBER
    700      -1.2455E+05     1.3946E+00     7.4953E+01     C6        637

 BOND    =     8036.8591  ANGLE   =      191.4865  DIHED      =      970.1373
 VDWAALS =    16952.7093  EEL     =  -146475.3898  HBOND      =        0.0000
 1-4 VDW =      270.0185  1-4 EEL =    -4827.9829  RESTRAINT  =      329.3204
 EAMBER  =  -124882.1619


   NSTEP       ENERGY          RMS            GMAX         NAME    NUMBER
    750      -1.2491E+05     7.2286E-01     2.6957E+01     C2        394

 BOND    =     8069.2679  ANGLE   =      193.6091  DIHED      =      969.1431
 VDWAALS =    17249.3290  EEL     =  -147163.6786  HBOND      =        0.0000
 1-4 VDW =      269.3108  1-4 EEL =    -4826.3635  RESTRAINT  =      328.0238
 EAMBER  =  -125239.3822


   NSTEP       ENERGY          RMS            GMAX         NAME    NUMBER
    800      -1.2522E+05     1.0547E+00     4.0632E+01     C2        394

 BOND    =     8135.8076  ANGLE   =      195.8379  DIHED      =      968.4093
 VDWAALS =    17523.7038  EEL     =  -147813.2383  HBOND      =        0.0000
 1-4 VDW =      269.5434  1-4 EEL =    -4825.7046  RESTRAINT  =      326.8088
 EAMBER  =  -125545.6409


   NSTEP       ENERGY          RMS            GMAX         NAME    NUMBER
    850      -1.2553E+05     3.9818E-01     1.1281E+01     C2        394

 BOND    =     8196.2149  ANGLE   =      190.8788  DIHED      =      967.8908
 VDWAALS =    17779.9812  EEL     =  -148433.0864  HBOND      =        0.0000
 1-4 VDW =      269.7986  1-4 EEL =    -4827.2919  RESTRAINT  =      325.6422
 EAMBER  =  -125855.6141


   NSTEP       ENERGY          RMS            GMAX         NAME    NUMBER
    900      -1.2580E+05     9.0595E-01     3.6665E+01     C6        604

 BOND    =     8258.3603  ANGLE   =      196.3589  DIHED      =      967.2146
 VDWAALS =    18025.6123  EEL     =  -149009.6527  HBOND      =        0.0000
 1-4 VDW =      269.0261  1-4 EEL =    -4828.4901  RESTRAINT  =      324.5611
 EAMBER  =  -126121.5708


   NSTEP       ENERGY          RMS            GMAX         NAME    NUMBER
    950      -1.2606E+05     2.8188E-01     5.1020E+00     Na+      1078

 BOND    =     8298.9366  ANGLE   =      191.5855  DIHED      =      966.5853
 VDWAALS =    18253.2308  EEL     =  -149540.0984  HBOND      =        0.0000
 1-4 VDW =      270.3960  1-4 EEL =    -4825.9643  RESTRAINT  =      323.5161
 EAMBER  =  -126385.3285


   NSTEP       ENERGY          RMS            GMAX         NAME    NUMBER
   1000      -1.2630E+05     8.7848E-01     3.5004E+01     C6        637

 BOND    =     8350.1652  ANGLE   =      196.3959  DIHED      =      965.9706
 VDWAALS =    18477.1099  EEL     =  -150058.1437  HBOND      =        0.0000
 1-4 VDW =      270.2564  1-4 EEL =    -4824.8045  RESTRAINT  =      322.5016
 EAMBER  =  -126623.0503


   NSTEP       ENERGY          RMS            GMAX         NAME    NUMBER
   1050      -1.2652E+05     1.0844E+00     4.6279E+01     C2        394

 BOND    =     8400.6845  ANGLE   =      196.6586  DIHED      =      965.5870
 VDWAALS =    18676.6664  EEL     =  -150524.3430  HBOND      =        0.0000
 1-4 VDW =      271.0844  1-4 EEL =    -4823.4573  RESTRAINT  =      321.5256
 EAMBER  =  -126837.1194


   NSTEP       ENERGY          RMS            GMAX         NAME    NUMBER
   1100      -1.2674E+05     7.1693E-01     2.6935E+01     C2        394

 BOND    =     8447.7536  ANGLE   =      196.2342  DIHED      =      965.4290
 VDWAALS =    18872.5088  EEL     =  -150990.3925  HBOND      =        0.0000
 1-4 VDW =      270.6851  1-4 EEL =    -4827.0839  RESTRAINT  =      320.3457
 EAMBER  =  -127064.8656


   NSTEP       ENERGY          RMS            GMAX         NAME    NUMBER
   1150      -1.2695E+05     2.9204E-01     8.5907E+00     C2        394

 BOND    =     8479.0651  ANGLE   =      193.5286  DIHED      =      965.0412
 VDWAALS =    19050.5633  EEL     =  -151400.7043  HBOND      =        0.0000
 1-4 VDW =      271.4456  1-4 EEL =    -4824.8583  RESTRAINT  =      319.1661
 EAMBER  =  -127265.9187


   NSTEP       ENERGY          RMS            GMAX         NAME    NUMBER
   1200      -1.2714E+05     5.5372E-01     2.5021E+01     C2        394

 BOND    =     8519.0540  ANGLE   =      194.1704  DIHED      =      964.7426
 VDWAALS =    19223.8489  EEL     =  -151802.9688  HBOND      =        0.0000
 1-4 VDW =      271.6744  1-4 EEL =    -4823.9933  RESTRAINT  =      318.0573
 EAMBER  =  -127453.4718


   NSTEP       ENERGY          RMS            GMAX         NAME    NUMBER
   1250      -1.2732E+05     2.4308E-01     5.3272E+00     C2        394

 BOND    =     8557.7463  ANGLE   =      193.3615  DIHED      =      964.5859
 VDWAALS =    19386.8008  EEL     =  -152188.0919  HBOND      =        0.0000
 1-4 VDW =      271.7958  1-4 EEL =    -4825.3204  RESTRAINT  =      317.0760
 EAMBER  =  -127639.1220


   NSTEP       ENERGY          RMS            GMAX         NAME    NUMBER
   1300      -1.2750E+05     4.8131E-01     2.4443E+01     C2        394

 BOND    =     8599.0021  ANGLE   =      193.3169  DIHED      =      964.3749
 VDWAALS =    19544.4534  EEL     =  -152560.3229  HBOND      =        0.0000
 1-4 VDW =      271.9989  1-4 EEL =    -4825.8233  RESTRAINT  =      316.2415
 EAMBER  =  -127813.0000


   NSTEP       ENERGY          RMS            GMAX         NAME    NUMBER
   1350      -1.2766E+05     7.0410E-01     3.1229E+01     C6        604

 BOND    =     8632.4181  ANGLE   =      196.5559  DIHED      =      964.0587
 VDWAALS =    19691.5183  EEL     =  -152902.0099  HBOND      =        0.0000
 1-4 VDW =      271.4434  1-4 EEL =    -4826.5254  RESTRAINT  =      315.6091
 EAMBER  =  -127972.5408


   NSTEP       ENERGY          RMS            GMAX         NAME    NUMBER
   1400      -1.2782E+05     2.2777E-01     4.6902E+00     C2        394

 BOND    =     8657.3288  ANGLE   =      192.7480  DIHED      =      963.7138
 VDWAALS =    19829.7345  EEL     =  -153223.2874  HBOND      =        0.0000
 1-4 VDW =      272.1998  1-4 EEL =    -4824.5852  RESTRAINT  =      315.1559
 EAMBER  =  -128132.1476


   NSTEP       ENERGY          RMS            GMAX         NAME    NUMBER
   1450      -1.2796E+05     6.7033E-01     2.7510E+01     C6        604

 BOND    =     8691.6656  ANGLE   =      192.4158  DIHED      =      963.4079
 VDWAALS =    19966.2923  EEL     =  -153539.6841  HBOND      =        0.0000
 1-4 VDW =      272.6698  1-4 EEL =    -4823.2807  RESTRAINT  =      314.7566
 EAMBER  =  -128276.5133


   NSTEP       ENERGY          RMS            GMAX         NAME    NUMBER
   1500      -1.2812E+05     2.8025E-01     1.0099E+01     C2        394

 BOND    =     8720.7909  ANGLE   =      192.8367  DIHED      =      963.2360
 VDWAALS =    20099.3222  EEL     =  -153853.1542  HBOND      =        0.0000
 1-4 VDW =      272.2121  1-4 EEL =    -4825.3008  RESTRAINT  =      314.2092
 EAMBER  =  -128430.0571


   NSTEP       ENERGY          RMS            GMAX         NAME    NUMBER
   1550      -1.2825E+05     5.6206E-01     3.0589E+01     C6        604

 BOND    =     8755.2184  ANGLE   =      192.2274  DIHED      =      963.0479
 VDWAALS =    20223.2920  EEL     =  -154147.2995  HBOND      =        0.0000
 1-4 VDW =      272.6350  1-4 EEL =    -4825.5176  RESTRAINT  =      313.5988
 EAMBER  =  -128566.3964


   NSTEP       ENERGY          RMS            GMAX         NAME    NUMBER
   1600      -1.2838E+05     7.9281E-01     5.0142E+01     C6        604

 BOND    =     8787.0316  ANGLE   =      192.2463  DIHED      =      962.8649
 VDWAALS =    20336.2275  EEL     =  -154416.0487  HBOND      =        0.0000
 1-4 VDW =      272.9289  1-4 EEL =    -4825.5877  RESTRAINT  =      312.9722
 EAMBER  =  -128690.3371


   NSTEP       ENERGY          RMS            GMAX         NAME    NUMBER
   1650      -1.2851E+05     3.3484E-01     1.3671E+01     C2        394

 BOND    =     8799.1254  ANGLE   =      193.1174  DIHED      =      962.4681
 VDWAALS =    20449.3411  EEL     =  -154676.0104  HBOND      =        0.0000
 1-4 VDW =      272.1870  1-4 EEL =    -4824.0710  RESTRAINT  =      312.2602
 EAMBER  =  -128823.8424


   NSTEP       ENERGY          RMS            GMAX         NAME    NUMBER
   1700      -1.2863E+05     1.9910E-01     4.2557E+00     C2        394

 BOND    =     8825.2945  ANGLE   =      192.5676  DIHED      =      962.3089
 VDWAALS =    20553.9568  EEL     =  -154925.9593  HBOND      =        0.0000
 1-4 VDW =      272.3243  1-4 EEL =    -4824.7305  RESTRAINT  =      311.5435
 EAMBER  =  -128944.2377


   NSTEP       ENERGY          RMS            GMAX         NAME    NUMBER
   1750      -1.2875E+05     3.5167E-01     1.4850E+01     C2        394

 BOND    =     8851.5479  ANGLE   =      192.9031  DIHED      =      962.1234
 VDWAALS =    20656.7144  EEL     =  -155169.3655  HBOND      =        0.0000
 1-4 VDW =      272.3177  1-4 EEL =    -4825.1668  RESTRAINT  =      310.8120
 EAMBER  =  -129058.9257


   NSTEP       ENERGY          RMS            GMAX         NAME    NUMBER
   1800      -1.2886E+05     5.3449E-01     2.4536E+01     C2        394

 BOND    =     8878.3351  ANGLE   =      192.7076  DIHED      =      961.9453
 VDWAALS =    20755.2653  EEL     =  -155401.9407  HBOND      =        0.0000
 1-4 VDW =      272.5268  1-4 EEL =    -4825.3882  RESTRAINT  =      310.1022
 EAMBER  =  -129166.5487


   NSTEP       ENERGY          RMS            GMAX         NAME    NUMBER
   1850      -1.2896E+05     1.8373E-01     3.5268E+00     C2        394

 BOND    =     8892.5897  ANGLE   =      192.3240  DIHED      =      961.6190
 VDWAALS =    20850.0122  EEL     =  -155618.6187  HBOND      =        0.0000
 1-4 VDW =      272.3401  1-4 EEL =    -4824.0761  RESTRAINT  =      309.4078
 EAMBER  =  -129273.8097


   NSTEP       ENERGY          RMS            GMAX         NAME    NUMBER
   1900      -1.2906E+05     4.9607E-01     2.0525E+01     C2        394

 BOND    =     8915.2285  ANGLE   =      192.0750  DIHED      =      961.3406
 VDWAALS =    20944.0833  EEL     =  -155835.7224  HBOND      =        0.0000
 1-4 VDW =      272.5513  1-4 EEL =    -4822.9640  RESTRAINT  =      308.7066
 EAMBER  =  -129373.4078


   NSTEP       ENERGY          RMS            GMAX         NAME    NUMBER
   1950      -1.2916E+05     6.8024E-01     2.9916E+01     C2        394

 BOND    =     8936.9544  ANGLE   =      192.6793  DIHED      =      961.0673
 VDWAALS =    21034.4418  EEL     =  -156044.2621  HBOND      =        0.0000
 1-4 VDW =      272.5415  1-4 EEL =    -4822.3735  RESTRAINT  =      308.0005
 EAMBER  =  -129468.9514


   NSTEP       ENERGY          RMS            GMAX         NAME    NUMBER
   2000      -1.2926E+05     3.9180E-01     1.7246E+01     C2        394

 BOND    =     8958.4866  ANGLE   =      192.2693  DIHED      =      960.9786
 VDWAALS =    21119.6042  EEL     =  -156247.4426  HBOND      =        0.0000
 1-4 VDW =      272.4319  1-4 EEL =    -4824.6891  RESTRAINT  =      307.2725
 EAMBER  =  -129568.3612


   NSTEP       ENERGY          RMS            GMAX         NAME    NUMBER
   2050      -1.3013E+05     4.2668E-01     2.1684E+01     H2       1800

 BOND    =     9177.8531  ANGLE   =      192.4909  DIHED      =      958.3563
 VDWAALS =    22185.5336  EEL     =  -158396.1804  HBOND      =        0.0000
 1-4 VDW =      272.1178  1-4 EEL =    -4820.1671  RESTRAINT  =      297.0485
 EAMBER  =  -130429.9959


   NSTEP       ENERGY          RMS            GMAX         NAME    NUMBER
   2100      -1.3039E+05     6.1777E-01     3.5988E+01     P          94

 BOND    =     9220.5969  ANGLE   =      199.8134  DIHED      =      957.6586
 VDWAALS =    22323.7515  EEL     =  -158838.9618  HBOND      =        0.0000
 1-4 VDW =      272.1332  1-4 EEL =    -4819.1458  RESTRAINT  =      295.1056
 EAMBER  =  -130684.1540


   NSTEP       ENERGY          RMS            GMAX         NAME    NUMBER
   2150      -1.3059E+05     5.1425E-01     2.9940E+01     P          94

 BOND    =     9243.4291  ANGLE   =      198.4202  DIHED      =      957.2870
 VDWAALS =    22452.4926  EEL     =  -159184.5355  HBOND      =        0.0000
 1-4 VDW =      272.7797  1-4 EEL =    -4820.1195  RESTRAINT  =      294.9397
 EAMBER  =  -130880.2464


   NSTEP       ENERGY          RMS            GMAX         NAME    NUMBER
   2200      -1.3076E+05     4.8551E-01     2.9367E+01     P          94

 BOND    =     9274.8789  ANGLE   =      197.1642  DIHED      =      956.9664
 VDWAALS =    22572.5822  EEL     =  -159505.9708  HBOND      =        0.0000
 1-4 VDW =      273.0368  1-4 EEL =    -4820.1472  RESTRAINT  =      294.5379
 EAMBER  =  -131051.4894


   NSTEP       ENERGY          RMS            GMAX         NAME    NUMBER
   2250      -1.3092E+05     4.5378E-01     2.9255E+01     P          94

 BOND    =     9298.9866  ANGLE   =      195.8722  DIHED      =      956.5714
 VDWAALS =    22692.0236  EEL     =  -159811.4583  HBOND      =        0.0000
 1-4 VDW =      273.2328  1-4 EEL =    -4820.4518  RESTRAINT  =      293.3298
 EAMBER  =  -131215.2235


   NSTEP       ENERGY          RMS            GMAX         NAME    NUMBER
   2300      -1.3109E+05     4.3748E-01     3.1018E+01     P          94

 BOND    =     9325.9978  ANGLE   =      195.2214  DIHED      =      956.0253
 VDWAALS =    22810.8468  EEL     =  -160123.2868  HBOND      =        0.0000
 1-4 VDW =      273.5594  1-4 EEL =    -4820.3447  RESTRAINT  =      291.9392
 EAMBER  =  -131381.9808


   NSTEP       ENERGY          RMS            GMAX         NAME    NUMBER
   2350      -1.3125E+05     4.2204E-01     3.4514E+01     P          94

 BOND    =     9351.3798  ANGLE   =      194.5537  DIHED      =      955.8296
 VDWAALS =    22906.3110  EEL     =  -160401.6762  HBOND      =        0.0000
 1-4 VDW =      273.5990  1-4 EEL =    -4820.2134  RESTRAINT  =      291.8319
 EAMBER  =  -131540.2165


   NSTEP       ENERGY          RMS            GMAX         NAME    NUMBER
   2400      -1.3139E+05     4.1138E-01     3.1814E+01     P          94

 BOND    =     9375.2269  ANGLE   =      194.2773  DIHED      =      955.7150
 VDWAALS =    22996.3552  EEL     =  -160652.7282  HBOND      =        0.0000
 1-4 VDW =      273.6376  1-4 EEL =    -4820.0744  RESTRAINT  =      291.2516
 EAMBER  =  -131677.5905


   NSTEP       ENERGY          RMS            GMAX         NAME    NUMBER
   2450      -1.3150E+05     3.9163E-01     2.4436E+01     P          94

 BOND    =     9393.5646  ANGLE   =      193.5552  DIHED      =      955.5565
 VDWAALS =    23074.7375  EEL     =  -160860.4048  HBOND      =        0.0000
 1-4 VDW =      273.8336  1-4 EEL =    -4820.1414  RESTRAINT  =      290.3452
 EAMBER  =  -131789.2988


   NSTEP       ENERGY          RMS            GMAX         NAME    NUMBER
   2500      -1.3161E+05     3.7910E-01     2.0098E+01     P          94

 BOND    =     9409.6787  ANGLE   =      193.7376  DIHED      =      955.2462
 VDWAALS =    23161.2836  EEL     =  -161073.6596  HBOND      =        0.0000
 1-4 VDW =      274.0873  1-4 EEL =    -4820.1583  RESTRAINT  =      289.5219
 EAMBER  =  -131899.7845


   NSTEP       ENERGY          RMS            GMAX         NAME    NUMBER
   2550      -1.3172E+05     3.8554E-01     1.8106E+01     P          94

 BOND    =     9429.9582  ANGLE   =      194.0431  DIHED      =      955.0401
 VDWAALS =    23249.0197  EEL     =  -161293.1372  HBOND      =        0.0000
 1-4 VDW =      274.1978  1-4 EEL =    -4820.1611  RESTRAINT  =      288.8052
 EAMBER  =  -132011.0393


   NSTEP       ENERGY          RMS            GMAX         NAME    NUMBER
   2600      -1.3185E+05     4.1917E-01     1.7508E+01     C4        114

 BOND    =     9461.0837  ANGLE   =      194.1480  DIHED      =      954.8872
 VDWAALS =    23386.1768  EEL     =  -161583.9226  HBOND      =        0.0000
 1-4 VDW =      274.7272  1-4 EEL =    -4820.8383  RESTRAINT  =      288.1759
 EAMBER  =  -132133.7378


   NSTEP       ENERGY          RMS            GMAX         NAME    NUMBER
   2650      -1.3198E+05     4.0638E-01     1.8803E+01     C4        114

 BOND    =     9488.1463  ANGLE   =      193.3504  DIHED      =      954.9462
 VDWAALS =    23490.1971  EEL     =  -161848.3278  HBOND      =        0.0000
 1-4 VDW =      274.5191  1-4 EEL =    -4821.0687  RESTRAINT  =      287.5869
 EAMBER  =  -132268.2374


   NSTEP       ENERGY          RMS            GMAX         NAME    NUMBER
   2700      -1.3211E+05     4.2580E-01     2.2143E+01     P          94

 BOND    =     9513.5708  ANGLE   =      192.6725  DIHED      =      954.9761
 VDWAALS =    23583.4636  EEL     =  -162097.8386  HBOND      =        0.0000
 1-4 VDW =      274.8201  1-4 EEL =    -4821.5720  RESTRAINT  =      286.6542
 EAMBER  =  -132399.9076


   NSTEP       ENERGY          RMS            GMAX         NAME    NUMBER
   2750      -1.3234E+05     4.1950E-01     1.5776E+01     P         126

 BOND    =     9556.8080  ANGLE   =      191.8689  DIHED      =      954.9665
 VDWAALS =    23784.4031  EEL     =  -162567.4705  HBOND      =        0.0000
 1-4 VDW =      274.9119  1-4 EEL =    -4821.3305  RESTRAINT  =      285.5895
 EAMBER  =  -132625.8424


   NSTEP       ENERGY          RMS            GMAX         NAME    NUMBER
   2800      -1.3249E+05     3.7421E-01     1.7287E+01     C5'       254

 BOND    =     9584.0642  ANGLE   =      191.5309  DIHED      =      954.7423
 VDWAALS =    23841.6701  EEL     =  -162801.9517  HBOND      =        0.0000
 1-4 VDW =      275.0070  1-4 EEL =    -4820.3402  RESTRAINT  =      284.7872
 EAMBER  =  -132775.2774


   NSTEP       ENERGY          RMS            GMAX         NAME    NUMBER
   2850      -1.3259E+05     2.8106E-01     1.2205E+01     OP2       252

 BOND    =     9588.4496  ANGLE   =      189.4161  DIHED      =      954.2245
 VDWAALS =    23869.9033  EEL     =  -162927.8083  HBOND      =        0.0000
 1-4 VDW =      274.7849  1-4 EEL =    -4820.3052  RESTRAINT  =      285.4179
 EAMBER  =  -132871.3352


   NSTEP       ENERGY          RMS            GMAX         NAME    NUMBER
   2900      -1.3266E+05     3.0247E-01     1.3593E+01     C4'       227

 BOND    =     9602.8150  ANGLE   =      188.9558  DIHED      =      953.9844
 VDWAALS =    23908.7350  EEL     =  -163052.0477  HBOND      =        0.0000
 1-4 VDW =      274.7268  1-4 EEL =    -4820.0676  RESTRAINT  =      285.9202
 EAMBER  =  -132942.8982


   NSTEP       ENERGY          RMS            GMAX         NAME    NUMBER
   2950      -1.3272E+05     2.6470E-01     9.3690E+00     H5''      256

 BOND    =     9613.8782  ANGLE   =      188.7982  DIHED      =      953.7607
 VDWAALS =    23950.7753  EEL     =  -163168.1528  HBOND      =        0.0000
 1-4 VDW =      274.5860  1-4 EEL =    -4819.9079  RESTRAINT  =      285.7663
 EAMBER  =  -133006.2624


   NSTEP       ENERGY          RMS            GMAX         NAME    NUMBER
   3000      -1.3278E+05     3.0564E-01     1.8713E+01     O       15844

 BOND    =     9621.6888  ANGLE   =      188.8242  DIHED      =      953.4855
 VDWAALS =    23997.9069  EEL     =  -163286.4393  HBOND      =        0.0000
 1-4 VDW =      274.7153  1-4 EEL =    -4819.8516  RESTRAINT  =      285.7295
 EAMBER  =  -133069.6703


   NSTEP       ENERGY          RMS            GMAX         NAME    NUMBER
   3050      -1.3284E+05     2.3814E-01     9.6929E+00     O       22318

 BOND    =     9631.5695  ANGLE   =      188.5546  DIHED      =      953.3175
 VDWAALS =    24033.9852  EEL     =  -163389.5070  HBOND      =        0.0000
 1-4 VDW =      274.4342  1-4 EEL =    -4819.7484  RESTRAINT  =      285.6975
 EAMBER  =  -133127.3943


   NSTEP       ENERGY          RMS            GMAX         NAME    NUMBER
   3100      -1.3290E+05     2.5810E-01     1.0086E+01     C6        475

 BOND    =     9640.6393  ANGLE   =      188.7255  DIHED      =      953.1239
 VDWAALS =    24073.8826  EEL     =  -163499.6591  HBOND      =        0.0000
 1-4 VDW =      274.3519  1-4 EEL =    -4819.6015  RESTRAINT  =      285.6387
 EAMBER  =  -133188.5373


   NSTEP       ENERGY          RMS            GMAX         NAME    NUMBER
   3150      -1.3297E+05     2.2421E-01     7.7425E+00     O       15844

 BOND    =     9646.8067  ANGLE   =      188.7904  DIHED      =      952.9988
 VDWAALS =    24111.6583  EEL     =  -163612.1125  HBOND      =        0.0000
 1-4 VDW =      274.1188  1-4 EEL =    -4819.4113  RESTRAINT  =      285.5891
 EAMBER  =  -133257.1510


   NSTEP       ENERGY          RMS            GMAX         NAME    NUMBER
   3200      -1.3303E+05     2.1878E-01     1.0221E+01     O       15844

 BOND    =     9658.9456  ANGLE   =      188.4390  DIHED      =      952.8478
 VDWAALS =    24146.3156  EEL     =  -163717.3862  HBOND      =        0.0000
 1-4 VDW =      274.1952  1-4 EEL =    -4819.3385  RESTRAINT  =      285.4923
 EAMBER  =  -133315.9815


   NSTEP       ENERGY          RMS            GMAX         NAME    NUMBER
   3250      -1.3310E+05     2.4120E-01     1.3518E+01     O       15844

 BOND    =     9674.9163  ANGLE   =      189.1421  DIHED      =      952.8414
 VDWAALS =    24190.7259  EEL     =  -163851.8863  HBOND      =        0.0000
 1-4 VDW =      274.1886  1-4 EEL =    -4819.2620  RESTRAINT  =      285.2790
 EAMBER  =  -133389.3340


   NSTEP       ENERGY          RMS            GMAX         NAME    NUMBER
   3300      -1.3316E+05     1.8477E-01     7.9380E+00     O       15844

 BOND    =     9682.8476  ANGLE   =      188.5869  DIHED      =      952.7776
 VDWAALS =    24223.5157  EEL     =  -163944.5373  HBOND      =        0.0000
 1-4 VDW =      274.2066  1-4 EEL =    -4819.3625  RESTRAINT  =      285.1047
 EAMBER  =  -133441.9653


   NSTEP       ENERGY          RMS            GMAX         NAME    NUMBER
   3350      -1.3321E+05     1.8174E-01     7.8837E+00     C6        475

 BOND    =     9691.1545  ANGLE   =      188.1236  DIHED      =      952.7689
 VDWAALS =    24255.3833  EEL     =  -164033.8972  HBOND      =        0.0000
 1-4 VDW =      274.1870  1-4 EEL =    -4819.4036  RESTRAINT  =      285.0395
 EAMBER  =  -133491.6835


   NSTEP       ENERGY          RMS            GMAX         NAME    NUMBER
   3400      -1.3325E+05     1.5863E-01     6.0352E+00     C5        477

 BOND    =     9699.3978  ANGLE   =      187.6818  DIHED      =      952.7684
 VDWAALS =    24291.5739  EEL     =  -164124.5941  HBOND      =        0.0000
 1-4 VDW =      274.1787  1-4 EEL =    -4819.4546  RESTRAINT  =      284.9539
 EAMBER  =  -133538.4481


   NSTEP       ENERGY          RMS            GMAX         NAME    NUMBER
   3450      -1.3330E+05     1.5089E-01     5.2858E+00     O       15844

 BOND    =     9708.0708  ANGLE   =      187.5988  DIHED      =      952.8701
 VDWAALS =    24324.8085  EEL     =  -164208.5972  HBOND      =        0.0000
 1-4 VDW =      274.0707  1-4 EEL =    -4819.3432  RESTRAINT  =      284.9211
 EAMBER  =  -133580.5215


   NSTEP       ENERGY          RMS            GMAX         NAME    NUMBER
   3500      -1.3335E+05     1.9309E-01     9.9532E+00     C6        475

 BOND    =     9719.8718  ANGLE   =      188.2441  DIHED      =      953.0621
 VDWAALS =    24372.2783  EEL     =  -164321.4098  HBOND      =        0.0000
 1-4 VDW =      274.1069  1-4 EEL =    -4819.1533  RESTRAINT  =      284.7454
 EAMBER  =  -133632.9998


   NSTEP       ENERGY          RMS            GMAX         NAME    NUMBER
   3550      -1.3339E+05     1.8523E-01     8.4047E+00     C2        484

 BOND    =     9729.8771  ANGLE   =      188.7370  DIHED      =      953.1875
 VDWAALS =    24412.2929  EEL     =  -164416.7987  HBOND      =        0.0000
 1-4 VDW =      274.0290  1-4 EEL =    -4818.7685  RESTRAINT  =      284.6614
 EAMBER  =  -133677.4437


   NSTEP       ENERGY          RMS            GMAX         NAME    NUMBER
   3600      -1.3346E+05     1.8924E-01     5.8794E+00     C2'       276

 BOND    =     9744.5671  ANGLE   =      187.7527  DIHED      =      952.8814
 VDWAALS =    24489.7808  EEL     =  -164573.5902  HBOND      =        0.0000
 1-4 VDW =      274.1753  1-4 EEL =    -4818.7085  RESTRAINT  =      284.2786
 EAMBER  =  -133743.1415


   NSTEP       ENERGY          RMS            GMAX         NAME    NUMBER
   3650      -1.3350E+05     1.7341E-01     5.3524E+00     C1'       260

 BOND    =     9753.7765  ANGLE   =      187.7993  DIHED      =      952.9947
 VDWAALS =    24529.6972  EEL     =  -164658.6795  HBOND      =        0.0000
 1-4 VDW =      274.0607  1-4 EEL =    -4818.8900  RESTRAINT  =      284.1324
 EAMBER  =  -133779.2411


   NSTEP       ENERGY          RMS            GMAX         NAME    NUMBER
   3700      -1.3355E+05     1.9950E-01     6.2642E+00     C6        604

 BOND    =     9768.6838  ANGLE   =      187.5686  DIHED      =      953.2143
 VDWAALS =    24604.6260  EEL     =  -164803.6809  HBOND      =        0.0000
 1-4 VDW =      274.0857  1-4 EEL =    -4819.6227  RESTRAINT  =      283.8719
 EAMBER  =  -133835.1252


   NSTEP       ENERGY          RMS            GMAX         NAME    NUMBER
   3750      -1.3359E+05     1.6413E-01     4.7371E+00     O       15868

 BOND    =     9778.4867  ANGLE   =      187.6209  DIHED      =      953.2821
 VDWAALS =    24651.1663  EEL     =  -164896.3247  HBOND      =        0.0000
 1-4 VDW =      274.2217  1-4 EEL =    -4819.6195  RESTRAINT  =      283.7969
 EAMBER  =  -133871.1665


   NSTEP       ENERGY          RMS            GMAX         NAME    NUMBER
   3800      -1.3362E+05     2.2665E-01     8.3588E+00     C6        604

 BOND    =     9788.9203  ANGLE   =      187.9416  DIHED      =      953.3342
 VDWAALS =    24706.0813  EEL     =  -164995.6563  HBOND      =        0.0000
 1-4 VDW =      274.1777  1-4 EEL =    -4819.5258  RESTRAINT  =      283.7323
 EAMBER  =  -133904.7269


   NSTEP       ENERGY          RMS            GMAX         NAME    NUMBER
   3850      -1.3365E+05     2.0688E-01     6.2754E+00     C3'       274

 BOND    =     9795.7183  ANGLE   =      188.0794  DIHED      =      953.4671
 VDWAALS =    24738.2760  EEL     =  -165063.5352  HBOND      =        0.0000
 1-4 VDW =      274.1255  1-4 EEL =    -4819.4947  RESTRAINT  =      283.7496
 EAMBER  =  -133933.3636


   NSTEP       ENERGY          RMS            GMAX         NAME    NUMBER
   3900      -1.3368E+05     1.7680E-01     6.1919E+00     C3'       274

 BOND    =     9801.9030  ANGLE   =      187.7606  DIHED      =      953.5091
 VDWAALS =    24770.2699  EEL     =  -165128.1246  HBOND      =        0.0000
 1-4 VDW =      274.1942  1-4 EEL =    -4819.3775  RESTRAINT  =      283.7511
 EAMBER  =  -133959.8653


   NSTEP       ENERGY          RMS            GMAX         NAME    NUMBER
   3950      -1.3370E+05     1.7803E-01     5.7895E+00     C3'       274

 BOND    =     9808.0466  ANGLE   =      187.7271  DIHED      =      953.6041
 VDWAALS =    24800.6023  EEL     =  -165191.1402  HBOND      =        0.0000
 1-4 VDW =      274.1761  1-4 EEL =    -4819.3084  RESTRAINT  =      283.7742
 EAMBER  =  -133986.2924


   NSTEP       ENERGY          RMS            GMAX         NAME    NUMBER
   4000      -1.3373E+05     1.5389E-01     4.6754E+00     C3'       274

 BOND    =     9813.1171  ANGLE   =      187.6249  DIHED      =      953.6831
 VDWAALS =    24830.7495  EEL     =  -165251.2509  HBOND      =        0.0000
 1-4 VDW =      274.2211  1-4 EEL =    -4819.2194  RESTRAINT  =      283.8126
 EAMBER  =  -134011.0746


  Maximum number of minimization cycles reached.


                    FINAL RESULTS



   NSTEP       ENERGY          RMS            GMAX         NAME    NUMBER
   4000      -1.3373E+05     1.5389E-01     4.6754E+00     C3'       274

 BOND    =     9813.1171  ANGLE   =      187.6249  DIHED      =      953.6831
 VDWAALS =    24830.7495  EEL     =  -165251.2509  HBOND      =        0.0000
 1-4 VDW =      274.2211  1-4 EEL =    -4819.2194  RESTRAINT  =      283.8126
 EAMBER  =  -134011.0746
--------------------------------------------------------------------------------
   5.  TIMINGS
--------------------------------------------------------------------------------

|  NonSetup CPU Time in Major Routines:
|
|     Routine           Sec        %
|     ------------------------------
|     Nonbond           6.40   47.28
|     Bond              0.00    0.00
|     Angle             0.00    0.00
|     Dihedral          0.00    0.00
|     Shake             0.00    0.00
|     Other             7.14   52.72
|     ------------------------------
|     Total            13.54

|  PME Nonbond Pairlist CPU Time:
|
|     Routine              Sec        %
|     ---------------------------------
|     Set Up Cit           0.00    0.00
|     Build List           0.00    0.00
|     ---------------------------------
|     Total                0.00    0.00

|  PME Direct Force CPU Time:
|
|     Routine              Sec        %
|     ---------------------------------
|     NonBonded Calc       0.00    0.00
|     Exclude Masked       0.00    0.00
|     Other                0.01    0.04
|     ---------------------------------
|     Total                0.01    0.04

|  PME Reciprocal Force CPU Time:
|
|     Routine              Sec        %
|     ---------------------------------
|     1D bspline           0.00    0.00
|     Grid Charges         0.00    0.00
|     Scalar Sum           0.00    0.00
|     Gradient Sum         0.00    0.00
|     FFT                  0.00    0.00
|     ---------------------------------
|     Total                0.00    0.00

|  Setup CPU time:            1.15 seconds
|  NonSetup CPU time:        13.54 seconds
|  Total CPU time:           14.68 seconds     0.00 hours

|  Setup wall time:           3    seconds
|  NonSetup wall time:       27    seconds
|  Total wall time:          30    seconds     0.01 hours
