#Res        AtomicFlx
   1.000       3.8612
   2.000       2.8660
   3.000       2.2946
   4.000       1.9031
   5.000       1.8751
   6.000       2.0972
   7.000       2.3131
   8.000       2.1316
   9.000       2.0968
  10.000       1.9823
  11.000       1.6474
  12.000       1.6082
  13.000       1.7282
  14.000       1.5999
  15.000       1.7756
  16.000       2.1917
  17.000       2.9225
  18.000       3.1728
  19.000       2.5941
  20.000       1.9460
  21.000       1.7679
  22.000       1.8290
  23.000       1.8522
  24.000       2.0164
  25.000       2.1650
  26.000       1.9446
  27.000       1.8011
  28.000       1.8170
  29.000       1.6905
  30.000       1.6534
  31.000       1.7730
  32.000       1.9409
  33.000       2.3106
  34.000       3.3280
  35.000      18.1356
  36.000      32.8332
  37.000      23.8106
  38.000      27.7001
  39.000      26.2116
  40.000      28.6839
  41.000      17.4781
  42.000      26.4823
  43.000      19.9690
  44.000      34.7362
  45.000      20.1859
  46.000      31.5741
  47.000      24.8655
  48.000      22.7140
  49.000      15.2341
  50.000      26.6156
  51.000      25.5354
  52.000      23.7226
  53.000      26.8838
  54.000      21.9543
  55.000      25.9230
  56.000      26.4344
  57.000      26.9526
  58.000      23.8232
  59.000      28.0431
  60.000      24.6493
  61.000      23.8109
  62.000      23.5797
  63.000      32.3673
  64.000      28.8854
  65.000      19.9252
  66.000      15.3713
