
          -------------------------------------------------------
          Amber 16 PMEMD                              2016
          -------------------------------------------------------

| PMEMD implementation of SANDER, Release 16

| Run on 11/09/2020 at 17:16:20

|   Executable path: pmemd.cuda
| Working directory: /home/kyq/T7RNADNA/newLC4
|          Hostname: gpu01

  [-O]verwriting output

File Assignments:
|   MDIN: min2.in                                                               
|  MDOUT: cmp_min2.out                                                          
| INPCRD: cmp_min1.rst                                                          
|   PARM: cmp.prmtop                                                            
| RESTRT: cmp_min2.rst                                                          
|   REFC: cmp.inpcrd                                                            
|  MDVEL: mdvel                                                                 
|   MDEN: mden                                                                  
|  MDCRD: mdcrd                                                                 
| MDINFO: mdinfo                                                                
|  MDFRC: mdfrc                                                                 

 
 Here is the input file:
 
Initial minimisation of our structures                                         
 &cntrl                                                                        
  imin=1, maxcyc=10000, ncyc=5000,                                             
  cut=10, ntb=1,ntr=1,                                                         
  restraint_wt=2.0                                                             
  restraintmask=':1-34@C5'                                                     
                                                                               
/                                                                              


Note: ig = -1. Setting random seed to   186015 based on wallclock time in 
      microseconds.
 
|--------------------- INFORMATION ----------------------
| GPU (CUDA) Version of PMEMD in use: NVIDIA GPU IN USE.
|                    Version 16.0.0
| 
|                      02/25/2016
| 
| Implementation by:
|                    Ross C. Walker     (SDSC)
|                    Scott Le Grand     (nVIDIA)
| 
| Precision model in use:
|      [SPFP] - Single Precision Forces, 64-bit Fixed Point
|               Accumulation. (Default)
| 
|--------------------------------------------------------
 
|----------------- CITATION INFORMATION -----------------
|
|    When publishing work that utilized the CUDA version
|    of AMBER, please cite the following in addition to
|    the regular AMBER citations:
|
|  - Romelia Salomon-Ferrer; Andreas W. Goetz; Duncan
|    Poole; Scott Le Grand; Ross C. Walker "Routine
|    microsecond molecular dynamics simulations with
|    AMBER - Part II: Particle Mesh Ewald", J. Chem.
|    Theory Comput., 2013, 9 (9), pp3878-3888,
|    DOI: 10.1021/ct400314y.
|
|  - Andreas W. Goetz; Mark J. Williamson; Dong Xu;
|    Duncan Poole; Scott Le Grand; Ross C. Walker
|    "Routine microsecond molecular dynamics simulations
|    with AMBER - Part I: Generalized Born", J. Chem.
|    Theory Comput., 2012, 8 (5), pp1542-1555.
|
|  - Scott Le Grand; Andreas W. Goetz; Ross C. Walker
|    "SPFP: Speed without compromise - a mixed precision
|    model for GPU accelerated molecular dynamics
|    simulations.", Comp. Phys. Comm., 2013, 184
|    pp374-380, DOI: 10.1016/j.cpc.2012.09.022
|
|--------------------------------------------------------
 
|------------------- GPU DEVICE INFO --------------------
|
|            CUDA_VISIBLE_DEVICES: 0
|   CUDA Capable Devices Detected:      1
|           CUDA Device ID in use:      0
|                CUDA Device Name: Tesla P100-PCIE-16GB
|     CUDA Device Global Mem Size:  16276 MB
| CUDA Device Num Multiprocessors:     56
|           CUDA Device Core Freq:   1.33 GHz
|
|--------------------------------------------------------
 
 
| Conditional Compilation Defines Used:
| PUBFFT
| BINTRAJ
| CUDA
| EMIL
 
| Largest sphere to fit in unit cell has radius =    31.674

| New format PARM file being parsed.
| Version =    1.000 Date = 11/09/20 Time = 17:15:25

| Note: 1-4 EEL scale factors are being read from the topology file.

| Note: 1-4 VDW scale factors are being read from the topology file.
| Duplicated    0 dihedrals

| Duplicated    0 dihedrals

--------------------------------------------------------------------------------
   1.  RESOURCE   USE: 
--------------------------------------------------------------------------------

 getting box info from netcdf restart file
 NATOM  =   31539 NTYPES =      18 NBONH =   30816 MBONA  =     774
 NTHETH =     898 MTHETA =    1191 NPHIH =    1825 MPHIA  =    2463
 NHPARM =       0 NPARM  =       0 NNB   =   46574 NRES   =   10211
 NBONA  =     774 NTHETA =    1191 NPHIA =    2463 NUMBND =      61
 NUMANG =     127 NPTRA  =      75 NATYP =      34 NPHB   =       1
 IFBOX  =       2 NMXRS  =      33 IFCAP =       0 NEXTRA =       0
 NCOPY  =       0

| Coordinate Index Table dimensions:    12   12   12
| Direct force subcell size =     6.4654    6.4654    6.4654

     BOX TYPE: TRUNCATED OCTAHEDRON

--------------------------------------------------------------------------------
   2.  CONTROL  DATA  FOR  THE  RUN
--------------------------------------------------------------------------------

default_name                                                                    

General flags:
     imin    =       1, nmropt  =       0

Nature and format of input:
     ntx     =       1, irest   =       0, ntrx    =       1

Nature and format of output:
     ntxo    =       2, ntpr    =      50, ntrx    =       1, ntwr    =       1
     iwrap   =       0, ntwx    =       0, ntwv    =       0, ntwe    =       0
     ioutfm  =       1, ntwprt  =       0, idecomp =       0, rbornstat=      0

Potential function:
     ntf     =       1, ntb     =       1, igb     =       0, nsnb    =      25
     ipol    =       0, gbsa    =       0, iesp    =       0
     dielc   =   1.00000, cut     =  10.00000, intdiel =   1.00000

Frozen or restrained atoms:
     ibelly  =       0, ntr     =       1
     restraint_wt =   2.00000

Energy minimization:
     maxcyc  =   10000, ncyc    =    5000, ntmin   =       1
     dx0     =   0.01000, drms    =   0.00010

| Intermolecular bonds treatment:
|     no_intermolecular_bonds =       1

| Energy averages sample interval:
|     ene_avg_sampling =       1

Ewald parameters:
     verbose =       0, ew_type =       0, nbflag  =       1, use_pme =       1
     vdwmeth =       1, eedmeth =       1, netfrc  =       0
     Box X =   77.585   Box Y =   77.585   Box Z =   77.585
     Alpha =  109.471   Beta  =  109.471   Gamma =  109.471
     NFFT1 =   80       NFFT2 =   80       NFFT3 =   80
     Cutoff=   10.000   Tol   =0.100E-04
     Ewald Coefficient =  0.27511
     Interpolation order =    4

    LOADING THE CONSTRAINED ATOMS AS GROUPS


   5.  REFERENCE ATOM COORDINATES

  default_name                                                                    
     Mask :1-34@C5; matches    34 atoms

--------------------------------------------------------------------------------
   3.  ATOMIC COORDINATES AND VELOCITIES
--------------------------------------------------------------------------------

default_name                                                                    
 begin time read from input coords =     0.000 ps

 
 Number of triangulated 3-point waters found:    10145

     Sum of charges from parm topology file =   0.00000020
     Forcing neutrality...

| Dynamic Memory, Types Used:
| Reals              964953
| Integers           802017

| Nonbonded Pairs Initial Allocation:     9539759

| GPU memory information (estimate):
| KB of GPU memory in use:    163915
| KB of CPU memory in use:     52783

--------------------------------------------------------------------------------
   4.  RESULTS
--------------------------------------------------------------------------------

 ---------------------------------------------------
 APPROXIMATING switch and d/dx switch using CUBIC SPLINE INTERPOLATION
 using   5000.0 points per unit in tabled values
 TESTING RELATIVE ERROR over r ranging from 0.0 to cutoff
| CHECK switch(x): max rel err =   0.3316E-14   at   2.351880
| CHECK d/dx switch(x): max rel err =   0.8066E-11   at   2.747240
 ---------------------------------------------------
|---------------------------------------------------
| APPROXIMATING direct energy using CUBIC SPLINE INTERPOLATION
|  with   50.0 points per unit in tabled values
| Relative Error Limit not exceeded for r .gt.   2.34
| APPROXIMATING direct force using CUBIC SPLINE INTERPOLATION
|  with   50.0 points per unit in tabled values
| Relative Error Limit not exceeded for r .gt.   2.81
|---------------------------------------------------


   NSTEP       ENERGY          RMS            GMAX         NAME    NUMBER
      1      -1.3835E+05     1.8492E-01     7.7007E+00     H5''      408

 BOND    =    10206.4101  ANGLE   =      190.9808  DIHED      =      970.5147
 VDWAALS =    25919.7338  EEL     =  -171093.0259  HBOND      =        0.0000
 1-4 VDW =      260.8135  1-4 EEL =    -4807.7083  RESTRAINT  =        1.0886
 EAMBER  =  -138352.2812


   NSTEP       ENERGY          RMS            GMAX         NAME    NUMBER
     50      -1.3838E+05     8.0355E-02     3.9874E+00     N9        829

 BOND    =    10209.3178  ANGLE   =      187.4025  DIHED      =      972.4006
 VDWAALS =    25930.2754  EEL     =  -171127.5069  HBOND      =        0.0000
 1-4 VDW =      259.0868  1-4 EEL =    -4814.4377  RESTRAINT  =        1.3508
 EAMBER  =  -138383.4615


   NSTEP       ENERGY          RMS            GMAX         NAME    NUMBER
    100      -1.3840E+05     2.2162E-01     2.2866E+01     C4        843

 BOND    =    10210.8871  ANGLE   =      186.6796  DIHED      =      972.5533
 VDWAALS =    25938.7999  EEL     =  -171154.1004  HBOND      =        0.0000
 1-4 VDW =      258.9571  1-4 EEL =    -4815.5308  RESTRAINT  =        1.6065
 EAMBER  =  -138401.7541


   NSTEP       ENERGY          RMS            GMAX         NAME    NUMBER
    150      -1.3842E+05     1.2233E-01     1.1601E+01     C4        843

 BOND    =    10212.1061  ANGLE   =      185.1651  DIHED      =      972.5367
 VDWAALS =    25946.4731  EEL     =  -171177.4733  HBOND      =        0.0000
 1-4 VDW =      259.4175  1-4 EEL =    -4816.2153  RESTRAINT  =        1.8461
 EAMBER  =  -138417.9901


   NSTEP       ENERGY          RMS            GMAX         NAME    NUMBER
    200      -1.3843E+05     1.9497E-01     1.6126E+01     C4        843

 BOND    =    10213.1488  ANGLE   =      184.7444  DIHED      =      972.4677
 VDWAALS =    25953.7314  EEL     =  -171198.5301  HBOND      =        0.0000
 1-4 VDW =      259.3694  1-4 EEL =    -4816.4101  RESTRAINT  =        2.0678
 EAMBER  =  -138431.4785


   NSTEP       ENERGY          RMS            GMAX         NAME    NUMBER
    250      -1.3844E+05     6.1351E-02     2.5936E+00     C4        843

 BOND    =    10214.8142  ANGLE   =      183.0688  DIHED      =      972.3882
 VDWAALS =    25960.2948  EEL     =  -171218.4990  HBOND      =        0.0000
 1-4 VDW =      259.4107  1-4 EEL =    -4815.9717  RESTRAINT  =        2.2675
 EAMBER  =  -138444.4940


   NSTEP       ENERGY          RMS            GMAX         NAME    NUMBER
    300      -1.3845E+05     1.5541E-01     1.6403E+01     C4        843

 BOND    =    10216.4453  ANGLE   =      182.3855  DIHED      =      972.2936
 VDWAALS =    25966.9708  EEL     =  -171237.9346  HBOND      =        0.0000
 1-4 VDW =      259.3019  1-4 EEL =    -4815.6849  RESTRAINT  =        2.4608
 EAMBER  =  -138456.2223


   NSTEP       ENERGY          RMS            GMAX         NAME    NUMBER
    350      -1.3847E+05     7.6854E-02     5.2885E+00     C4        843

 BOND    =    10217.6079  ANGLE   =      181.7213  DIHED      =      972.1901
 VDWAALS =    25973.6466  EEL     =  -171256.8881  HBOND      =        0.0000
 1-4 VDW =      259.4527  1-4 EEL =    -4815.8669  RESTRAINT  =        2.6470
 EAMBER  =  -138468.1364


   NSTEP       ENERGY          RMS            GMAX         NAME    NUMBER
    400      -1.3848E+05     9.0764E-02     6.4966E+00     C4        843

 BOND    =    10218.9991  ANGLE   =      181.1689  DIHED      =      972.0936
 VDWAALS =    25980.0981  EEL     =  -171274.8100  HBOND      =        0.0000
 1-4 VDW =      259.4396  1-4 EEL =    -4815.7374  RESTRAINT  =        2.8144
 EAMBER  =  -138478.7481


   NSTEP       ENERGY          RMS            GMAX         NAME    NUMBER
    450      -1.3849E+05     2.0940E-01     1.5862E+01     C4        843

 BOND    =    10220.7570  ANGLE   =      180.8477  DIHED      =      972.0013
 VDWAALS =    25986.4401  EEL     =  -171292.0840  HBOND      =        0.0000
 1-4 VDW =      259.4651  1-4 EEL =    -4815.7309  RESTRAINT  =        2.9704
 EAMBER  =  -138488.3037


   NSTEP       ENERGY          RMS            GMAX         NAME    NUMBER
    500      -1.3850E+05     8.3670E-02     5.9590E+00     C4        843

 BOND    =    10221.5870  ANGLE   =      180.0849  DIHED      =      971.9177
 VDWAALS =    25992.6750  EEL     =  -171308.9012  HBOND      =        0.0000
 1-4 VDW =      259.3150  1-4 EEL =    -4815.1841  RESTRAINT  =        3.1137
 EAMBER  =  -138498.5055


   NSTEP       ENERGY          RMS            GMAX         NAME    NUMBER
    550      -1.3850E+05     1.5981E-01     1.2816E+01     C4        843

 BOND    =    10223.0040  ANGLE   =      179.7657  DIHED      =      971.8400
 VDWAALS =    25998.9180  EEL     =  -171325.5466  HBOND      =        0.0000
 1-4 VDW =      259.2089  1-4 EEL =    -4814.8793  RESTRAINT  =        3.2521
 EAMBER  =  -138507.6894


   NSTEP       ENERGY          RMS            GMAX         NAME    NUMBER
    600      -1.3851E+05     9.0958E-02     5.6949E+00     C4        843

 BOND    =    10224.5331  ANGLE   =      179.1563  DIHED      =      971.7780
 VDWAALS =    26004.9385  EEL     =  -171341.8339  HBOND      =        0.0000
 1-4 VDW =      259.3276  1-4 EEL =    -4815.0965  RESTRAINT  =        3.3860
 EAMBER  =  -138517.1969


   NSTEP       ENERGY          RMS            GMAX         NAME    NUMBER
    650      -1.3852E+05     1.6722E-01     1.1311E+01     C4        843

 BOND    =    10225.9172  ANGLE   =      179.0388  DIHED      =      971.7321
 VDWAALS =    26010.7387  EEL     =  -171357.3913  HBOND      =        0.0000
 1-4 VDW =      259.2589  1-4 EEL =    -4815.0821  RESTRAINT  =        3.5122
 EAMBER  =  -138525.7877


   NSTEP       ENERGY          RMS            GMAX         NAME    NUMBER
    700      -1.3853E+05     2.1289E-01     1.6152E+01     C4        843

 BOND    =    10227.6891  ANGLE   =      178.2994  DIHED      =      971.7091
 VDWAALS =    26016.1023  EEL     =  -171372.1643  HBOND      =        0.0000
 1-4 VDW =      259.3692  1-4 EEL =    -4814.9400  RESTRAINT  =        3.6268
 EAMBER  =  -138533.9354


   NSTEP       ENERGY          RMS            GMAX         NAME    NUMBER
    750      -1.3854E+05     1.3047E-01     8.4349E+00     C4        843

 BOND    =    10228.2641  ANGLE   =      177.8457  DIHED      =      971.7068
 VDWAALS =    26021.6294  EEL     =  -171387.4019  HBOND      =        0.0000
 1-4 VDW =      259.1317  1-4 EEL =    -4814.3156  RESTRAINT  =        3.7413
 EAMBER  =  -138543.1397


   NSTEP       ENERGY          RMS            GMAX         NAME    NUMBER
    800      -1.3855E+05     1.8135E-01     1.3943E+01     C4        843

 BOND    =    10229.5941  ANGLE   =      177.5547  DIHED      =      971.7308
 VDWAALS =    26026.8754  EEL     =  -171402.1394  HBOND      =        0.0000
 1-4 VDW =      259.0344  1-4 EEL =    -4814.0869  RESTRAINT  =        3.8521
 EAMBER  =  -138551.4369


   NSTEP       ENERGY          RMS            GMAX         NAME    NUMBER
    850      -1.3856E+05     1.0608E-01     6.1368E+00     C2        484

 BOND    =    10230.8223  ANGLE   =      177.2868  DIHED      =      971.7803
 VDWAALS =    26032.0543  EEL     =  -171416.7251  HBOND      =        0.0000
 1-4 VDW =      259.0569  1-4 EEL =    -4814.4905  RESTRAINT  =        3.9660
 EAMBER  =  -138560.2151


   NSTEP       ENERGY          RMS            GMAX         NAME    NUMBER
    900      -1.3856E+05     4.9731E-02     1.5124E+00     HO5'        1

 BOND    =    10231.7191  ANGLE   =      176.8472  DIHED      =      971.8397
 VDWAALS =    26036.9742  EEL     =  -171430.5178  HBOND      =        0.0000
 1-4 VDW =      258.9870  1-4 EEL =    -4814.1832  RESTRAINT  =        4.0664
 EAMBER  =  -138568.3338


   NSTEP       ENERGY          RMS            GMAX         NAME    NUMBER
    950      -1.3857E+05     5.2589E-02     1.9610E+00     C4        843

 BOND    =    10232.8725  ANGLE   =      176.5185  DIHED      =      971.9084
 VDWAALS =    26041.8355  EEL     =  -171444.2875  HBOND      =        0.0000
 1-4 VDW =      258.9351  1-4 EEL =    -4814.0996  RESTRAINT  =        4.1670
 EAMBER  =  -138576.3171


   NSTEP       ENERGY          RMS            GMAX         NAME    NUMBER
   1000      -1.3858E+05     1.3034E-01     7.9446E+00     C4        843

 BOND    =    10233.8690  ANGLE   =      176.4530  DIHED      =      971.9782
 VDWAALS =    26046.8330  EEL     =  -171458.2212  HBOND      =        0.0000
 1-4 VDW =      258.7944  1-4 EEL =    -4813.9289  RESTRAINT  =        4.2693
 EAMBER  =  -138584.2225


   NSTEP       ENERGY          RMS            GMAX         NAME    NUMBER
   1050      -1.3859E+05     5.7188E-02     2.4449E+00     C2        484

 BOND    =    10235.3210  ANGLE   =      175.8858  DIHED      =      972.0480
 VDWAALS =    26051.5139  EEL     =  -171471.8396  HBOND      =        0.0000
 1-4 VDW =      258.8753  1-4 EEL =    -4814.1221  RESTRAINT  =        4.3671
 EAMBER  =  -138592.3177


   NSTEP       ENERGY          RMS            GMAX         NAME    NUMBER
   1100      -1.3860E+05     1.1234E-01     7.0212E+00     C2        484

 BOND    =    10236.8448  ANGLE   =      175.4789  DIHED      =      972.1198
 VDWAALS =    26056.1214  EEL     =  -171485.5159  HBOND      =        0.0000
 1-4 VDW =      258.9063  1-4 EEL =    -4814.1942  RESTRAINT  =        4.4634
 EAMBER  =  -138600.2389


   NSTEP       ENERGY          RMS            GMAX         NAME    NUMBER
   1150      -1.3860E+05     5.1946E-02     2.3154E+00     H1      14297

 BOND    =    10237.4046  ANGLE   =      175.3653  DIHED      =      972.2033
 VDWAALS =    26060.8085  EEL     =  -171499.2176  HBOND      =        0.0000
 1-4 VDW =      258.7893  1-4 EEL =    -4813.9889  RESTRAINT  =        4.5586
 EAMBER  =  -138608.6355


   NSTEP       ENERGY          RMS            GMAX         NAME    NUMBER
   1200      -1.3861E+05     8.6381E-02     5.2641E+00     C2        484

 BOND    =    10238.3705  ANGLE   =      175.2328  DIHED      =      972.3148
 VDWAALS =    26065.3585  EEL     =  -171512.8763  HBOND      =        0.0000
 1-4 VDW =      258.7291  1-4 EEL =    -4813.9196  RESTRAINT  =        4.6519
 EAMBER  =  -138616.7902


   NSTEP       ENERGY          RMS            GMAX         NAME    NUMBER
   1250      -1.3862E+05     1.4946E-01     1.0101E+01     C2        484

 BOND    =    10239.2788  ANGLE   =      175.2756  DIHED      =      972.4601
 VDWAALS =    26069.9484  EEL     =  -171526.7140  HBOND      =        0.0000
 1-4 VDW =      258.6457  1-4 EEL =    -4813.8553  RESTRAINT  =        4.7462
 EAMBER  =  -138624.9606


   NSTEP       ENERGY          RMS            GMAX         NAME    NUMBER
   1300      -1.3863E+05     2.0335E-01     1.2998E+01     C2        484

 BOND    =    10240.2671  ANGLE   =      175.3933  DIHED      =      972.6318
 VDWAALS =    26074.4391  EEL     =  -171540.5302  HBOND      =        0.0000
 1-4 VDW =      258.5442  1-4 EEL =    -4813.8479  RESTRAINT  =        4.8373
 EAMBER  =  -138633.1024


   NSTEP       ENERGY          RMS            GMAX         NAME    NUMBER
   1350      -1.3864E+05     7.4838E-02     3.8728E+00     C2        484

 BOND    =    10242.0567  ANGLE   =      174.5939  DIHED      =      972.8384
 VDWAALS =    26078.7982  EEL     =  -171554.8363  HBOND      =        0.0000
 1-4 VDW =      258.6950  1-4 EEL =    -4814.2217  RESTRAINT  =        4.9266
 EAMBER  =  -138642.0759


   NSTEP       ENERGY          RMS            GMAX         NAME    NUMBER
   1400      -1.3865E+05     1.6919E-01     1.2126E+01     C2        484

 BOND    =    10244.1855  ANGLE   =      174.1610  DIHED      =      973.0621
 VDWAALS =    26083.4512  EEL     =  -171569.3600  HBOND      =        0.0000
 1-4 VDW =      258.7729  1-4 EEL =    -4814.4070  RESTRAINT  =        5.0158
 EAMBER  =  -138650.1343


   NSTEP       ENERGY          RMS            GMAX         NAME    NUMBER
   1450      -1.3865E+05     7.3893E-02     4.3115E+00     C2        484

 BOND    =    10244.1420  ANGLE   =      174.3127  DIHED      =      973.2934
 VDWAALS =    26088.7803  EEL     =  -171583.9919  HBOND      =        0.0000
 1-4 VDW =      258.6374  1-4 EEL =    -4814.0900  RESTRAINT  =        5.1073
 EAMBER  =  -138658.9161


   NSTEP       ENERGY          RMS            GMAX         NAME    NUMBER
   1500      -1.3866E+05     1.4542E-01     8.6883E+00     C2        484

 BOND    =    10245.8458  ANGLE   =      173.7511  DIHED      =      973.5231
 VDWAALS =    26094.0193  EEL     =  -171598.4560  HBOND      =        0.0000
 1-4 VDW =      258.7487  1-4 EEL =    -4813.9019  RESTRAINT  =        5.1908
 EAMBER  =  -138666.4698


   NSTEP       ENERGY          RMS            GMAX         NAME    NUMBER
   1550      -1.3867E+05     7.7607E-02     5.0734E+00     C2        484

 BOND    =    10247.3866  ANGLE   =      173.6009  DIHED      =      973.7528
 VDWAALS =    26099.3460  EEL     =  -171612.6226  HBOND      =        0.0000
 1-4 VDW =      258.6963  1-4 EEL =    -4814.2784  RESTRAINT  =        5.2825
 EAMBER  =  -138674.1186


   NSTEP       ENERGY          RMS            GMAX         NAME    NUMBER
   1600      -1.3868E+05     1.2363E-01     8.6445E+00     C2        484

 BOND    =    10249.1545  ANGLE   =      173.1749  DIHED      =      973.9747
 VDWAALS =    26104.6020  EEL     =  -171626.4764  HBOND      =        0.0000
 1-4 VDW =      258.7636  1-4 EEL =    -4814.3242  RESTRAINT  =        5.3681
 EAMBER  =  -138681.1309


   NSTEP       ENERGY          RMS            GMAX         NAME    NUMBER
   1650      -1.3868E+05     4.5588E-02     1.6218E+00     H2      29952

 BOND    =    10249.4251  ANGLE   =      173.3126  DIHED      =      974.1812
 VDWAALS =    26109.8596  EEL     =  -171639.5469  HBOND      =        0.0000
 1-4 VDW =      258.6896  1-4 EEL =    -4814.1617  RESTRAINT  =        5.4532
 EAMBER  =  -138688.2405


   NSTEP       ENERGY          RMS            GMAX         NAME    NUMBER
   1700      -1.3869E+05     1.0655E-01     7.3655E+00     C2        484

 BOND    =    10250.5426  ANGLE   =      173.1275  DIHED      =      974.3902
 VDWAALS =    26115.0415  EEL     =  -171652.7784  HBOND      =        0.0000
 1-4 VDW =      258.7192  1-4 EEL =    -4814.0166  RESTRAINT  =        5.5366
 EAMBER  =  -138694.9741


   NSTEP       ENERGY          RMS            GMAX         NAME    NUMBER
   1750      -1.3870E+05     1.7695E-01     1.1036E+01     C6        604

 BOND    =    10251.1174  ANGLE   =      173.7946  DIHED      =      974.5925
 VDWAALS =    26120.1737  EEL     =  -171665.4225  HBOND      =        0.0000
 1-4 VDW =      258.5201  1-4 EEL =    -4814.1839  RESTRAINT  =        5.6268
 EAMBER  =  -138701.4079


   NSTEP       ENERGY          RMS            GMAX         NAME    NUMBER
   1800      -1.3870E+05     4.7395E-02     1.8006E+00     C2        484

 BOND    =    10253.1558  ANGLE   =      172.7652  DIHED      =      974.7958
 VDWAALS =    26124.8191  EEL     =  -171678.2779  HBOND      =        0.0000
 1-4 VDW =      258.7164  1-4 EEL =    -4814.2977  RESTRAINT  =        5.7031
 EAMBER  =  -138708.3233


   NSTEP       ENERGY          RMS            GMAX         NAME    NUMBER
   1850      -1.3871E+05     1.3723E-01     9.0638E+00     C2        484

 BOND    =    10255.3222  ANGLE   =      172.2048  DIHED      =      975.0024
 VDWAALS =    26129.6892  EEL     =  -171691.4896  HBOND      =        0.0000
 1-4 VDW =      258.8258  1-4 EEL =    -4814.4127  RESTRAINT  =        5.7842
 EAMBER  =  -138714.8580


   NSTEP       ENERGY          RMS            GMAX         NAME    NUMBER
   1900      -1.3872E+05     4.5555E-02     2.0116E+00     H2      22185

 BOND    =    10255.2620  ANGLE   =      172.5647  DIHED      =      975.1869
 VDWAALS =    26134.5613  EEL     =  -171703.5689  HBOND      =        0.0000
 1-4 VDW =      258.7145  1-4 EEL =    -4814.2966  RESTRAINT  =        5.8649
 EAMBER  =  -138721.5761


   NSTEP       ENERGY          RMS            GMAX         NAME    NUMBER
   1950      -1.3872E+05     1.2202E-01     7.9870E+00     C2        484

 BOND    =    10256.4178  ANGLE   =      172.3532  DIHED      =      975.3739
 VDWAALS =    26139.3664  EEL     =  -171716.1015  HBOND      =        0.0000
 1-4 VDW =      258.7723  1-4 EEL =    -4814.1374  RESTRAINT  =        5.9406
 EAMBER  =  -138727.9552


   NSTEP       ENERGY          RMS            GMAX         NAME    NUMBER
   2000      -1.3873E+05     1.8454E-01     9.9633E+00     C2        484

 BOND    =    10256.8063  ANGLE   =      173.1729  DIHED      =      975.5565
 VDWAALS =    26144.3891  EEL     =  -171728.3948  HBOND      =        0.0000
 1-4 VDW =      258.5419  1-4 EEL =    -4814.3149  RESTRAINT  =        6.0267
 EAMBER  =  -138734.2431


   NSTEP       ENERGY          RMS            GMAX         NAME    NUMBER
   2050      -1.3874E+05     9.6471E-02     6.8820E+00     C2        484

 BOND    =    10259.4126  ANGLE   =      172.0177  DIHED      =      975.7468
 VDWAALS =    26149.0505  EEL     =  -171741.5301  HBOND      =        0.0000
 1-4 VDW =      258.7413  1-4 EEL =    -4814.5731  RESTRAINT  =        6.1000
 EAMBER  =  -138741.1343


   NSTEP       ENERGY          RMS            GMAX         NAME    NUMBER
   2100      -1.3874E+05     1.3998E-01     8.7070E+00     C2        484

 BOND    =    10261.1340  ANGLE   =      171.5819  DIHED      =      975.9258
 VDWAALS =    26153.8587  EEL     =  -171754.3500  HBOND      =        0.0000
 1-4 VDW =      258.8285  1-4 EEL =    -4814.5821  RESTRAINT  =        6.1735
 EAMBER  =  -138747.6032


   NSTEP       ENERGY          RMS            GMAX         NAME    NUMBER
   2150      -1.3875E+05     4.5414E-02     1.9269E+00     H1      19724

 BOND    =    10261.0620  ANGLE   =      171.9626  DIHED      =      976.0893
 VDWAALS =    26158.7004  EEL     =  -171766.4509  HBOND      =        0.0000
 1-4 VDW =      258.7207  1-4 EEL =    -4814.4771  RESTRAINT  =        6.2489
 EAMBER  =  -138754.3930


   NSTEP       ENERGY          RMS            GMAX         NAME    NUMBER
   2200      -1.3875E+05     1.3143E-01     8.4490E+00     C2        484

 BOND    =    10262.1898  ANGLE   =      171.8112  DIHED      =      976.2584
 VDWAALS =    26163.4156  EEL     =  -171779.1437  HBOND      =        0.0000
 1-4 VDW =      258.7776  1-4 EEL =    -4814.3138  RESTRAINT  =        6.3200
 EAMBER  =  -138761.0049


   NSTEP       ENERGY          RMS            GMAX         NAME    NUMBER
   2250      -1.3876E+05     1.7433E-01     1.2990E+01     C2        484

 BOND    =    10262.9349  ANGLE   =      172.1052  DIHED      =      976.4197
 VDWAALS =    26168.0032  EEL     =  -171791.4146  HBOND      =        0.0000
 1-4 VDW =      258.6993  1-4 EEL =    -4814.3018  RESTRAINT  =        6.3933
 EAMBER  =  -138767.5541


   NSTEP       ENERGY          RMS            GMAX         NAME    NUMBER
   2300      -1.3877E+05     4.5596E-02     1.5379E+00     H1      19724

 BOND    =    10264.6331  ANGLE   =      171.6695  DIHED      =      976.5949
 VDWAALS =    26172.5920  EEL     =  -171804.6404  HBOND      =        0.0000
 1-4 VDW =      258.7097  1-4 EEL =    -4814.6522  RESTRAINT  =        6.4689
 EAMBER  =  -138775.0932


   NSTEP       ENERGY          RMS            GMAX         NAME    NUMBER
   2350      -1.3878E+05     1.5238E-01     1.0021E+01     C2        484

 BOND    =    10266.7207  ANGLE   =      171.3874  DIHED      =      976.7689
 VDWAALS =    26177.2034  EEL     =  -171817.8201  HBOND      =        0.0000
 1-4 VDW =      258.7273  1-4 EEL =    -4814.8675  RESTRAINT  =        6.5456
 EAMBER  =  -138781.8798


   NSTEP       ENERGY          RMS            GMAX         NAME    NUMBER
   2400      -1.3878E+05     8.2358E-02     5.5203E+00     C2        484

 BOND    =    10266.4646  ANGLE   =      171.6585  DIHED      =      976.9210
 VDWAALS =    26181.8773  EEL     =  -171829.9290  HBOND      =        0.0000
 1-4 VDW =      258.7000  1-4 EEL =    -4814.5787  RESTRAINT  =        6.6109
 EAMBER  =  -138788.8862


   NSTEP       ENERGY          RMS            GMAX         NAME    NUMBER
   2450      -1.3879E+05     1.2701E-01     8.2510E+00     C2        484

 BOND    =    10267.4971  ANGLE   =      171.6440  DIHED      =      977.0807
 VDWAALS =    26186.4063  EEL     =  -171842.1422  HBOND      =        0.0000
 1-4 VDW =      258.6958  1-4 EEL =    -4814.5567  RESTRAINT  =        6.6809
 EAMBER  =  -138795.3751


   NSTEP       ENERGY          RMS            GMAX         NAME    NUMBER
   2500      -1.3879E+05     1.8887E-01     1.2428E+01     C2        484

 BOND    =    10268.4835  ANGLE   =      171.7479  DIHED      =      977.2367
 VDWAALS =    26190.8701  EEL     =  -171853.9877  HBOND      =        0.0000
 1-4 VDW =      258.6783  1-4 EEL =    -4814.5103  RESTRAINT  =        6.7492
 EAMBER  =  -138801.4815


   NSTEP       ENERGY          RMS            GMAX         NAME    NUMBER
   2550      -1.3880E+05     1.1542E-01     7.8055E+00     C2        484

 BOND    =    10270.5020  ANGLE   =      171.2498  DIHED      =      977.4031
 VDWAALS =    26195.1013  EEL     =  -171865.9746  HBOND      =        0.0000
 1-4 VDW =      258.6903  1-4 EEL =    -4814.9674  RESTRAINT  =        6.8178
 EAMBER  =  -138807.9955


   NSTEP       ENERGY          RMS            GMAX         NAME    NUMBER
   2600      -1.3881E+05     1.7123E-01     1.0046E+01     C6        670

 BOND    =    10271.7021  ANGLE   =      171.2766  DIHED      =      977.5611
 VDWAALS =    26199.3295  EEL     =  -171877.2840  HBOND      =        0.0000
 1-4 VDW =      258.6618  1-4 EEL =    -4815.0379  RESTRAINT  =        6.8872
 EAMBER  =  -138813.7909


   NSTEP       ENERGY          RMS            GMAX         NAME    NUMBER
   2650      -1.3881E+05     9.1976E-02     6.4201E+00     C2        484

 BOND    =    10271.4901  ANGLE   =      171.4254  DIHED      =      977.7118
 VDWAALS =    26203.6396  EEL     =  -171888.4504  HBOND      =        0.0000
 1-4 VDW =      258.6712  1-4 EEL =    -4814.7163  RESTRAINT  =        6.9478
 EAMBER  =  -138820.2286


   NSTEP       ENERGY          RMS            GMAX         NAME    NUMBER
   2700      -1.3882E+05     1.3648E-01     9.6863E+00     C5        477

 BOND    =    10272.4417  ANGLE   =      171.4835  DIHED      =      977.8764
 VDWAALS =    26207.7701  EEL     =  -171899.7162  HBOND      =        0.0000
 1-4 VDW =      258.6475  1-4 EEL =    -4814.7150  RESTRAINT  =        7.0167
 EAMBER  =  -138826.2119


   NSTEP       ENERGY          RMS            GMAX         NAME    NUMBER
   2750      -1.3883E+05     4.5619E-02     1.9021E+00     C2        484

 BOND    =    10273.8583  ANGLE   =      171.1487  DIHED      =      978.0363
 VDWAALS =    26211.5539  EEL     =  -171910.5925  HBOND      =        0.0000
 1-4 VDW =      258.6592  1-4 EEL =    -4814.9597  RESTRAINT  =        7.0816
 EAMBER  =  -138832.2958


   NSTEP       ENERGY          RMS            GMAX         NAME    NUMBER
   2800      -1.3883E+05     1.1368E-01     7.9788E+00     C2        484

 BOND    =    10275.3398  ANGLE   =      171.0066  DIHED      =      978.2072
 VDWAALS =    26215.5458  EEL     =  -171921.8726  HBOND      =        0.0000
 1-4 VDW =      258.6584  1-4 EEL =    -4815.1146  RESTRAINT  =        7.1500
 EAMBER  =  -138838.2295


   NSTEP       ENERGY          RMS            GMAX         NAME    NUMBER
   2850      -1.3884E+05     1.7318E-01     1.1077E+01     C2        484

 BOND    =    10276.6287  ANGLE   =      170.9199  DIHED      =      978.3711
 VDWAALS =    26219.3582  EEL     =  -171932.6982  HBOND      =        0.0000
 1-4 VDW =      258.6717  1-4 EEL =    -4815.1913  RESTRAINT  =        7.2139
 EAMBER  =  -138843.9400


   NSTEP       ENERGY          RMS            GMAX         NAME    NUMBER
   2900      -1.3884E+05     6.5529E-02     3.6270E+00     C2        484

 BOND    =    10276.2435  ANGLE   =      171.1189  DIHED      =      978.5332
 VDWAALS =    26223.2218  EEL     =  -171942.9281  HBOND      =        0.0000
 1-4 VDW =      258.6275  1-4 EEL =    -4814.9467  RESTRAINT  =        7.2811
 EAMBER  =  -138850.1299


   NSTEP       ENERGY          RMS            GMAX         NAME    NUMBER
   2950      -1.3885E+05     4.0490E-02     1.5904E+00     O       18193

 BOND    =    10277.3381  ANGLE   =      170.9754  DIHED      =      978.7023
 VDWAALS =    26226.7416  EEL     =  -171953.1877  HBOND      =        0.0000
 1-4 VDW =      258.6223  1-4 EEL =    -4815.0688  RESTRAINT  =        7.3458
 EAMBER  =  -138855.8767


   NSTEP       ENERGY          RMS            GMAX         NAME    NUMBER
   3000      -1.3885E+05     6.2205E-02     3.7517E+00     C2        484

 BOND    =    10278.3460  ANGLE   =      170.9083  DIHED      =      978.8742
 VDWAALS =    26230.1432  EEL     =  -171963.2765  HBOND      =        0.0000
 1-4 VDW =      258.6037  1-4 EEL =    -4815.1592  RESTRAINT  =        7.4116
 EAMBER  =  -138861.5602


   NSTEP       ENERGY          RMS            GMAX         NAME    NUMBER
   3050      -1.3886E+05     1.2832E-01     7.1744E+00     C6        670

 BOND    =    10279.1886  ANGLE   =      171.1468  DIHED      =      979.0467
 VDWAALS =    26233.3718  EEL     =  -171973.1179  HBOND      =        0.0000
 1-4 VDW =      258.5063  1-4 EEL =    -4815.3117  RESTRAINT  =        7.4807
 EAMBER  =  -138867.1694


   NSTEP       ENERGY          RMS            GMAX         NAME    NUMBER
   3100      -1.3887E+05     4.3541E-02     2.0246E+00     O       18193

 BOND    =    10279.5971  ANGLE   =      170.8865  DIHED      =      979.2084
 VDWAALS =    26236.2814  EEL     =  -171982.6685  HBOND      =        0.0000
 1-4 VDW =      258.5892  1-4 EEL =    -4815.0913  RESTRAINT  =        7.5384
 EAMBER  =  -138873.1974


   NSTEP       ENERGY          RMS            GMAX         NAME    NUMBER
   3150      -1.3887E+05     1.0406E-01     6.7566E+00     C2        484

 BOND    =    10280.2403  ANGLE   =      170.8663  DIHED      =      979.3761
 VDWAALS =    26239.1839  EEL     =  -171992.2908  HBOND      =        0.0000
 1-4 VDW =      258.6073  1-4 EEL =    -4814.9721  RESTRAINT  =        7.6010
 EAMBER  =  -138878.9889


   NSTEP       ENERGY          RMS            GMAX         NAME    NUMBER
   3200      -1.3888E+05     1.6387E-01     9.6669E+00     C2        484

 BOND    =    10280.4349  ANGLE   =      171.4641  DIHED      =      979.5418
 VDWAALS =    26242.3570  EEL     =  -172001.7258  HBOND      =        0.0000
 1-4 VDW =      258.4389  1-4 EEL =    -4815.0486  RESTRAINT  =        7.6709
 EAMBER  =  -138884.5378


   NSTEP       ENERGY          RMS            GMAX         NAME    NUMBER
   3250      -1.3888E+05     6.1489E-02     3.6070E+00     C2        484

 BOND    =    10282.1111  ANGLE   =      170.7365  DIHED      =      979.7178
 VDWAALS =    26245.8062  EEL     =  -172012.1482  HBOND      =        0.0000
 1-4 VDW =      258.5235  1-4 EEL =    -4815.2832  RESTRAINT  =        7.7353
 EAMBER  =  -138890.5362


   NSTEP       ENERGY          RMS            GMAX         NAME    NUMBER
   3300      -1.3889E+05     4.0503E-02     1.3008E+00     C2        484

 BOND    =    10282.4836  ANGLE   =      170.7523  DIHED      =      979.8776
 VDWAALS =    26249.4931  EEL     =  -172021.7364  HBOND      =        0.0000
 1-4 VDW =      258.5182  1-4 EEL =    -4815.1848  RESTRAINT  =        7.7984
 EAMBER  =  -138895.7964


   NSTEP       ENERGY          RMS            GMAX         NAME    NUMBER
   3350      -1.3889E+05     7.2332E-02     4.7319E+00     C2        484

 BOND    =    10283.0062  ANGLE   =      170.8146  DIHED      =      980.0421
 VDWAALS =    26253.1894  EEL     =  -172031.4766  HBOND      =        0.0000
 1-4 VDW =      258.4959  1-4 EEL =    -4815.1296  RESTRAINT  =        7.8653
 EAMBER  =  -138901.0581


   NSTEP       ENERGY          RMS            GMAX         NAME    NUMBER
   3400      -1.3890E+05     1.0824E-01     7.3806E+00     C2        484

 BOND    =    10283.7595  ANGLE   =      170.7173  DIHED      =      980.1981
 VDWAALS =    26256.5839  EEL     =  -172040.7442  HBOND      =        0.0000
 1-4 VDW =      258.5178  1-4 EEL =    -4815.0555  RESTRAINT  =        7.9281
 EAMBER  =  -138906.0231


   NSTEP       ENERGY          RMS            GMAX         NAME    NUMBER
   3450      -1.3890E+05     3.8973E-02     1.3093E+00     H2       4326

 BOND    =    10284.8093  ANGLE   =      170.5568  DIHED      =      980.3562
 VDWAALS =    26259.7726  EEL     =  -172049.8789  HBOND      =        0.0000
 1-4 VDW =      258.4805  1-4 EEL =    -4815.2684  RESTRAINT  =        7.9954
 EAMBER  =  -138911.1720


   NSTEP       ENERGY          RMS            GMAX         NAME    NUMBER
   3500      -1.3891E+05     7.3988E-02     4.5222E+00     C2        484

 BOND    =    10285.9421  ANGLE   =      170.3619  DIHED      =      980.5170
 VDWAALS =    26263.0459  EEL     =  -172059.4043  HBOND      =        0.0000
 1-4 VDW =      258.4920  1-4 EEL =    -4815.3358  RESTRAINT  =        8.0630
 EAMBER  =  -138916.3813


   NSTEP       ENERGY          RMS            GMAX         NAME    NUMBER
   3550      -1.3891E+05     4.2073E-02     1.5845E+00     H2       4326

 BOND    =    10286.0984  ANGLE   =      170.5537  DIHED      =      980.6637
 VDWAALS =    26266.1944  EEL     =  -172068.2951  HBOND      =        0.0000
 1-4 VDW =      258.4413  1-4 EEL =    -4815.2318  RESTRAINT  =        8.1281
 EAMBER  =  -138921.5754


   NSTEP       ENERGY          RMS            GMAX         NAME    NUMBER
   3600      -1.3892E+05     7.8190E-02     5.1248E+00     C2        484

 BOND    =    10286.6749  ANGLE   =      170.5977  DIHED      =      980.8124
 VDWAALS =    26269.3254  EEL     =  -172077.3900  HBOND      =        0.0000
 1-4 VDW =      258.4261  1-4 EEL =    -4815.1523  RESTRAINT  =        8.1938
 EAMBER  =  -138926.7058


   NSTEP       ENERGY          RMS            GMAX         NAME    NUMBER
   3650      -1.3892E+05     1.2518E-01     7.8068E+00     C6        670

 BOND    =    10287.0881  ANGLE   =      170.9991  DIHED      =      980.9618
 VDWAALS =    26272.5283  EEL     =  -172086.5463  HBOND      =        0.0000
 1-4 VDW =      258.2967  1-4 EEL =    -4815.2144  RESTRAINT  =        8.2661
 EAMBER  =  -138931.8867


   NSTEP       ENERGY          RMS            GMAX         NAME    NUMBER
   3700      -1.3893E+05     4.0641E-02     1.8020E+00     H2       4326

 BOND    =    10288.6126  ANGLE   =      170.3534  DIHED      =      981.1069
 VDWAALS =    26275.4154  EEL     =  -172095.7330  HBOND      =        0.0000
 1-4 VDW =      258.4022  1-4 EEL =    -4815.2877  RESTRAINT  =        8.3276
 EAMBER  =  -138937.1301


   NSTEP       ENERGY          RMS            GMAX         NAME    NUMBER
   3750      -1.3893E+05     1.0697E-01     6.8896E+00     C2        484

 BOND    =    10289.7753  ANGLE   =      170.3767  DIHED      =      981.2557
 VDWAALS =    26278.5992  EEL     =  -172105.1997  HBOND      =        0.0000
 1-4 VDW =      258.3462  1-4 EEL =    -4815.4374  RESTRAINT  =        8.3992
 EAMBER  =  -138942.2840


   NSTEP       ENERGY          RMS            GMAX         NAME    NUMBER
   3800      -1.3894E+05     1.5627E-01     9.2651E+00     C2        484

 BOND    =    10291.4581  ANGLE   =      169.7678  DIHED      =      981.3955
 VDWAALS =    26281.6545  EEL     =  -172114.5654  HBOND      =        0.0000
 1-4 VDW =      258.4940  1-4 EEL =    -4815.3597  RESTRAINT  =        8.4595
 EAMBER  =  -138947.1553


   NSTEP       ENERGY          RMS            GMAX         NAME    NUMBER
   3850      -1.3894E+05     5.2787E-02     2.7026E+00     C2        514

 BOND    =    10290.7299  ANGLE   =      170.3750  DIHED      =      981.5275
 VDWAALS =    26285.0828  EEL     =  -172123.4529  HBOND      =        0.0000
 1-4 VDW =      258.3436  1-4 EEL =    -4815.1656  RESTRAINT  =        8.5298
 EAMBER  =  -138952.5596


   NSTEP       ENERGY          RMS            GMAX         NAME    NUMBER
   3900      -1.3895E+05     1.2278E-01     8.6581E+00     C2        514

 BOND    =    10291.4293  ANGLE   =      170.3633  DIHED      =      981.6609
 VDWAALS =    26288.3947  EEL     =  -172132.5965  HBOND      =        0.0000
 1-4 VDW =      258.3706  1-4 EEL =    -4814.9811  RESTRAINT  =        8.5941
 EAMBER  =  -138957.3588


   NSTEP       ENERGY          RMS            GMAX         NAME    NUMBER
   3950      -1.3895E+05     3.9001E-02     1.0329E+00     H2      14070

 BOND    =    10292.6362  ANGLE   =      170.1328  DIHED      =      981.8016
 VDWAALS =    26291.5925  EEL     =  -172141.7903  HBOND      =        0.0000
 1-4 VDW =      258.3456  1-4 EEL =    -4815.1900  RESTRAINT  =        8.6650
 EAMBER  =  -138962.4716


   NSTEP       ENERGY          RMS            GMAX         NAME    NUMBER
   4000      -1.3896E+05     1.0391E-01     7.0455E+00     C2        514

 BOND    =    10294.1475  ANGLE   =      169.8091  DIHED      =      981.9424
 VDWAALS =    26294.8421  EEL     =  -172151.1428  HBOND      =        0.0000
 1-4 VDW =      258.3912  1-4 EEL =    -4815.2637  RESTRAINT  =        8.7338
 EAMBER  =  -138967.2741


   NSTEP       ENERGY          RMS            GMAX         NAME    NUMBER
   4050      -1.3896E+05     4.8501E-02     2.4494E+00     C2        514

 BOND    =    10294.0838  ANGLE   =      170.0374  DIHED      =      982.0714
 VDWAALS =    26298.1745  EEL     =  -172160.1003  HBOND      =        0.0000
 1-4 VDW =      258.3517  1-4 EEL =    -4815.0422  RESTRAINT  =        8.8007
 EAMBER  =  -138972.4235


   NSTEP       ENERGY          RMS            GMAX         NAME    NUMBER
   4100      -1.3897E+05     6.9549E-02     4.2265E+00     C2        514

 BOND    =    10294.7001  ANGLE   =      170.1260  DIHED      =      982.2068
 VDWAALS =    26301.4765  EEL     =  -172169.3244  HBOND      =        0.0000
 1-4 VDW =      258.3196  1-4 EEL =    -4814.9962  RESTRAINT  =        8.8704
 EAMBER  =  -138977.4917


   NSTEP       ENERGY          RMS            GMAX         NAME    NUMBER
   4150      -1.3897E+05     1.3544E-01     8.4319E+00     C2        514

 BOND    =    10295.7908  ANGLE   =      169.8262  DIHED      =      982.3430
 VDWAALS =    26304.7875  EEL     =  -172178.8915  HBOND      =        0.0000
 1-4 VDW =      258.4270  1-4 EEL =    -4814.7953  RESTRAINT  =        8.9351
 EAMBER  =  -138982.5123


   NSTEP       ENERGY          RMS            GMAX         NAME    NUMBER
   4200      -1.3898E+05     4.0322E-02     1.4826E+00     H1      18380

 BOND    =    10296.8179  ANGLE   =      169.7306  DIHED      =      982.4837
 VDWAALS =    26307.9845  EEL     =  -172188.0961  HBOND      =        0.0000
 1-4 VDW =      258.3690  1-4 EEL =    -4815.0458  RESTRAINT  =        9.0080
 EAMBER  =  -138987.7562


   NSTEP       ENERGY          RMS            GMAX         NAME    NUMBER
   4250      -1.3898E+05     1.1821E-01     6.8288E+00     C6        670

 BOND    =    10298.4570  ANGLE   =      169.2904  DIHED      =      982.6256
 VDWAALS =    26311.2804  EEL     =  -172197.8088  HBOND      =        0.0000
 1-4 VDW =      258.4684  1-4 EEL =    -4815.0891  RESTRAINT  =        9.0745
 EAMBER  =  -138992.7760


   NSTEP       ENERGY          RMS            GMAX         NAME    NUMBER
   4300      -1.3899E+05     3.8706E-02     1.4957E+00     H1      18380

 BOND    =    10298.2967  ANGLE   =      169.7079  DIHED      =      982.7590
 VDWAALS =    26314.7660  EEL     =  -172206.9841  HBOND      =        0.0000
 1-4 VDW =      258.3708  1-4 EEL =    -4815.0053  RESTRAINT  =        9.1436
 EAMBER  =  -138998.0890


   NSTEP       ENERGY          RMS            GMAX         NAME    NUMBER
   4350      -1.3899E+05     1.0166E-01     6.7404E+00     C2        514

 BOND    =    10299.0495  ANGLE   =      169.6458  DIHED      =      982.8977
 VDWAALS =    26318.2887  EEL     =  -172216.3940  HBOND      =        0.0000
 1-4 VDW =      258.4285  1-4 EEL =    -4814.8664  RESTRAINT  =        9.2067
 EAMBER  =  -139002.9501


   NSTEP       ENERGY          RMS            GMAX         NAME    NUMBER
   4400      -1.3900E+05     1.5649E-01     1.0565E+01     C6        670

 BOND    =    10300.3357  ANGLE   =      169.3197  DIHED      =      983.0393
 VDWAALS =    26321.6964  EEL     =  -172225.6837  HBOND      =        0.0000
 1-4 VDW =      258.5447  1-4 EEL =    -4814.8176  RESTRAINT  =        9.2665
 EAMBER  =  -139007.5655


   NSTEP       ENERGY          RMS            GMAX         NAME    NUMBER
   4450      -1.3900E+05     6.3618E-02     3.8562E+00     C2        514

 BOND    =    10301.2217  ANGLE   =      169.4727  DIHED      =      983.1963
 VDWAALS =    26325.2582  EEL     =  -172235.1504  HBOND      =        0.0000
 1-4 VDW =      258.4173  1-4 EEL =    -4815.2428  RESTRAINT  =        9.3412
 EAMBER  =  -139012.8271


   NSTEP       ENERGY          RMS            GMAX         NAME    NUMBER
   4500      -1.3901E+05     1.2308E-01     7.7328E+00     C2        514

 BOND    =    10302.2634  ANGLE   =      169.5504  DIHED      =      983.3478
 VDWAALS =    26328.5777  EEL     =  -172243.9634  HBOND      =        0.0000
 1-4 VDW =      258.3884  1-4 EEL =    -4815.4286  RESTRAINT  =        9.4059
 EAMBER  =  -139017.2643


   NSTEP       ENERGY          RMS            GMAX         NAME    NUMBER
   4550      -1.3901E+05     6.4878E-02     4.2249E+00     C2        514

 BOND    =    10302.4210  ANGLE   =      169.4600  DIHED      =      983.4953
 VDWAALS =    26331.8278  EEL     =  -172252.5585  HBOND      =        0.0000
 1-4 VDW =      258.4781  1-4 EEL =    -4815.1655  RESTRAINT  =        9.4596
 EAMBER  =  -139022.0418


   NSTEP       ENERGY          RMS            GMAX         NAME    NUMBER
   4600      -1.3902E+05     1.1901E-01     7.6324E+00     C6        670

 BOND    =    10303.4454  ANGLE   =      169.2197  DIHED      =      983.6506
 VDWAALS =    26334.8140  EEL     =  -172261.0438  HBOND      =        0.0000
 1-4 VDW =      258.5768  1-4 EEL =    -4815.1143  RESTRAINT  =        9.5142
 EAMBER  =  -139026.4516


   NSTEP       ENERGY          RMS            GMAX         NAME    NUMBER
   4650      -1.3902E+05     4.8819E-02     2.6570E+00     C2        514

 BOND    =    10304.3771  ANGLE   =      169.2007  DIHED      =      983.8104
 VDWAALS =    26337.5781  EEL     =  -172269.2020  HBOND      =        0.0000
 1-4 VDW =      258.5194  1-4 EEL =    -4815.4287  RESTRAINT  =        9.5763
 EAMBER  =  -139031.1450


   NSTEP       ENERGY          RMS            GMAX         NAME    NUMBER
   4700      -1.3903E+05     8.8403E-02     6.1441E+00     C2        514

 BOND    =    10305.3442  ANGLE   =      169.1564  DIHED      =      983.9715
 VDWAALS =    26340.2350  EEL     =  -172277.2561  HBOND      =        0.0000
 1-4 VDW =      258.5175  1-4 EEL =    -4815.5678  RESTRAINT  =        9.6340
 EAMBER  =  -139035.5992


   NSTEP       ENERGY          RMS            GMAX         NAME    NUMBER
   4750      -1.3903E+05     1.2716E-01     8.8065E+00     C2        514

 BOND    =    10306.6009  ANGLE   =      168.8126  DIHED      =      984.1330
 VDWAALS =    26342.6968  EEL     =  -172285.3736  HBOND      =        0.0000
 1-4 VDW =      258.6070  1-4 EEL =    -4815.6131  RESTRAINT  =        9.6866
 EAMBER  =  -139040.1364


   NSTEP       ENERGY          RMS            GMAX         NAME    NUMBER
   4800      -1.3904E+05     7.1026E-02     4.8130E+00     C2        514

 BOND    =    10306.0051  ANGLE   =      169.2437  DIHED      =      984.2894
 VDWAALS =    26345.2135  EEL     =  -172292.7905  HBOND      =        0.0000
 1-4 VDW =      258.5481  1-4 EEL =    -4815.3922  RESTRAINT  =        9.7400
 EAMBER  =  -139044.8828


   NSTEP       ENERGY          RMS            GMAX         NAME    NUMBER
   4850      -1.3904E+05     1.2506E-01     7.8250E+00     C6        670

 BOND    =    10306.9527  ANGLE   =      168.9597  DIHED      =      984.4543
 VDWAALS =    26347.4359  EEL     =  -172300.6521  HBOND      =        0.0000
 1-4 VDW =      258.6497  1-4 EEL =    -4815.3038  RESTRAINT  =        9.7894
 EAMBER  =  -139049.5036


   NSTEP       ENERGY          RMS            GMAX         NAME    NUMBER
   4900      -1.3904E+05     5.2354E-02     2.9410E+00     C2        514

 BOND    =    10307.8462  ANGLE   =      168.9257  DIHED      =      984.6302
 VDWAALS =    26349.5900  EEL     =  -172308.4856  HBOND      =        0.0000
 1-4 VDW =      258.5828  1-4 EEL =    -4815.6313  RESTRAINT  =        9.8495
 EAMBER  =  -139054.5419


   NSTEP       ENERGY          RMS            GMAX         NAME    NUMBER
   4950      -1.3905E+05     9.3692E-02     6.0314E+00     C2        514

 BOND    =    10308.9802  ANGLE   =      168.6336  DIHED      =      984.8047
 VDWAALS =    26351.8353  EEL     =  -172316.5980  HBOND      =        0.0000
 1-4 VDW =      258.6503  1-4 EEL =    -4815.6924  RESTRAINT  =        9.9020
 EAMBER  =  -139059.3862


   NSTEP       ENERGY          RMS            GMAX         NAME    NUMBER
   5000      -1.3905E+05     1.3542E-01     9.0855E+00     C2        514

 BOND    =    10309.6408  ANGLE   =      168.9097  DIHED      =      984.9811
 VDWAALS =    26354.5413  EEL     =  -172324.8713  HBOND      =        0.0000
 1-4 VDW =      258.5693  1-4 EEL =    -4815.8567  RESTRAINT  =        9.9623
 EAMBER  =  -139064.0857


   NSTEP       ENERGY          RMS            GMAX         NAME    NUMBER
   5050      -1.3912E+05     2.3492E-01     1.6217E+01     P        1010

 BOND    =    10324.6702  ANGLE   =      166.6472  DIHED      =      987.3096
 VDWAALS =    26413.3642  EEL     =  -172471.6868  HBOND      =        0.0000
 1-4 VDW =      259.3417  1-4 EEL =    -4815.0718  RESTRAINT  =       11.0181
 EAMBER  =  -139135.4256


   NSTEP       ENERGY          RMS            GMAX         NAME    NUMBER
   5100      -1.3915E+05     1.3662E-01     7.9784E+00     O       14731

 BOND    =    10326.9078  ANGLE   =      166.8478  DIHED      =      987.7064
 VDWAALS =    26418.5652  EEL     =  -172502.5300  HBOND      =        0.0000
 1-4 VDW =      259.2172  1-4 EEL =    -4814.2705  RESTRAINT  =       11.2556
 EAMBER  =  -139157.5561


   NSTEP       ENERGY          RMS            GMAX         NAME    NUMBER
   5150      -1.3917E+05     1.1765E-01     6.6390E+00     C3'      1004

 BOND    =    10328.6233  ANGLE   =      166.2234  DIHED      =      988.0566
 VDWAALS =    26423.0380  EEL     =  -172527.7912  HBOND      =        0.0000
 1-4 VDW =      259.2530  1-4 EEL =    -4814.0121  RESTRAINT  =       11.3998
 EAMBER  =  -139176.6091


   NSTEP       ENERGY          RMS            GMAX         NAME    NUMBER
   5200      -1.3918E+05     1.3753E-01     7.1219E+00     O       23641

 BOND    =    10329.6396  ANGLE   =      165.5313  DIHED      =      988.3205
 VDWAALS =    26429.3829  EEL     =  -172553.4672  HBOND      =        0.0000
 1-4 VDW =      259.2954  1-4 EEL =    -4813.4302  RESTRAINT  =       11.5324
 EAMBER  =  -139194.7277


   NSTEP       ENERGY          RMS            GMAX         NAME    NUMBER
   5250      -1.3920E+05     1.2792E-01     8.5055E+00     O       23641

 BOND    =    10330.3388  ANGLE   =      164.8751  DIHED      =      988.3631
 VDWAALS =    26437.1753  EEL     =  -172578.3398  HBOND      =        0.0000
 1-4 VDW =      259.4311  1-4 EEL =    -4812.9762  RESTRAINT  =       11.6615
 EAMBER  =  -139211.1327


   NSTEP       ENERGY          RMS            GMAX         NAME    NUMBER
   5300      -1.3922E+05     1.2771E-01     8.5757E+00     O       23641

 BOND    =    10333.9899  ANGLE   =      164.4196  DIHED      =      988.1737
 VDWAALS =    26444.9546  EEL     =  -172605.6165  HBOND      =        0.0000
 1-4 VDW =      259.4685  1-4 EEL =    -4812.4383  RESTRAINT  =       11.7831
 EAMBER  =  -139227.0486


   NSTEP       ENERGY          RMS            GMAX         NAME    NUMBER
   5350      -1.3923E+05     1.4071E-01     8.0940E+00     O       23641

 BOND    =    10339.7991  ANGLE   =      164.2966  DIHED      =      987.7565
 VDWAALS =    26455.2302  EEL     =  -172638.7304  HBOND      =        0.0000
 1-4 VDW =      259.4062  1-4 EEL =    -4812.1239  RESTRAINT  =       11.9068
 EAMBER  =  -139244.3657


   NSTEP       ENERGY          RMS            GMAX         NAME    NUMBER
   5400      -1.3925E+05     1.7627E-01     8.8444E+00     C3'      1004

 BOND    =    10344.1595  ANGLE   =      164.3644  DIHED      =      987.1543
 VDWAALS =    26465.4944  EEL     =  -172670.3538  HBOND      =        0.0000
 1-4 VDW =      259.2641  1-4 EEL =    -4811.0216  RESTRAINT  =       12.0234
 EAMBER  =  -139260.9388


   NSTEP       ENERGY          RMS            GMAX         NAME    NUMBER
   5450      -1.3926E+05     1.5897E-01     8.9703E+00     H2      23643

 BOND    =    10343.7128  ANGLE   =      164.6148  DIHED      =      986.5207
 VDWAALS =    26473.6007  EEL     =  -172692.4865  HBOND      =        0.0000
 1-4 VDW =      259.0976  1-4 EEL =    -4811.1040  RESTRAINT  =       12.1130
 EAMBER  =  -139276.0439


   NSTEP       ENERGY          RMS            GMAX         NAME    NUMBER
   5500      -1.3928E+05     1.1960E-01     8.7940E+00     C3'      1004

 BOND    =    10345.1385  ANGLE   =      164.9773  DIHED      =      985.6114
 VDWAALS =    26482.1745  EEL     =  -172719.7164  HBOND      =        0.0000
 1-4 VDW =      259.1548  1-4 EEL =    -4810.4886  RESTRAINT  =       12.2183
 EAMBER  =  -139293.1485


   NSTEP       ENERGY          RMS            GMAX         NAME    NUMBER
   5550      -1.3930E+05     8.5755E-02     4.3764E+00     O5'       980

 BOND    =    10346.2562  ANGLE   =      165.1171  DIHED      =      984.8060
 VDWAALS =    26491.3515  EEL     =  -172745.3592  HBOND      =        0.0000
 1-4 VDW =      259.4138  1-4 EEL =    -4810.9599  RESTRAINT  =       12.3201
 EAMBER  =  -139309.3745


   NSTEP       ENERGY          RMS            GMAX         NAME    NUMBER
   5600      -1.3931E+05     6.7365E-02     3.2534E+00     P        1010

 BOND    =    10349.1548  ANGLE   =      165.5863  DIHED      =      984.0417
 VDWAALS =    26502.7734  EEL     =  -172775.2888  HBOND      =        0.0000
 1-4 VDW =      259.3964  1-4 EEL =    -4810.6471  RESTRAINT  =       12.4375
 EAMBER  =  -139324.9833


   NSTEP       ENERGY          RMS            GMAX         NAME    NUMBER
   5650      -1.3933E+05     7.8081E-02     3.2553E+00     C5       1025

 BOND    =    10351.5483  ANGLE   =      165.8709  DIHED      =      983.5375
 VDWAALS =    26513.9119  EEL     =  -172803.7249  HBOND      =        0.0000
 1-4 VDW =      259.4455  1-4 EEL =    -4810.4144  RESTRAINT  =       12.5682
 EAMBER  =  -139339.8252


   NSTEP       ENERGY          RMS            GMAX         NAME    NUMBER
   5700      -1.3934E+05     5.2528E-02     2.0707E+00     Na+      1096

 BOND    =    10354.5093  ANGLE   =      166.1491  DIHED      =      983.1874
 VDWAALS =    26523.3126  EEL     =  -172829.6879  HBOND      =        0.0000
 1-4 VDW =      259.4276  1-4 EEL =    -4810.3577  RESTRAINT  =       12.6901
 EAMBER  =  -139353.4595


   NSTEP       ENERGY          RMS            GMAX         NAME    NUMBER
   5750      -1.3936E+05     7.3422E-02     3.0837E+00     Na+      1096

 BOND    =    10357.2639  ANGLE   =      166.4226  DIHED      =      982.8221
 VDWAALS =    26533.2525  EEL     =  -172858.0281  HBOND      =        0.0000
 1-4 VDW =      259.3437  1-4 EEL =    -4810.1807  RESTRAINT  =       12.8369
 EAMBER  =  -139369.1041


   NSTEP       ENERGY          RMS            GMAX         NAME    NUMBER
   5800      -1.3937E+05     5.9447E-02     3.2672E+00     Na+      1096

 BOND    =    10359.2503  ANGLE   =      166.5047  DIHED      =      982.5196
 VDWAALS =    26540.1444  EEL     =  -172878.2505  HBOND      =        0.0000
 1-4 VDW =      259.3419  1-4 EEL =    -4810.0270  RESTRAINT  =       12.9487
 EAMBER  =  -139380.5166


   NSTEP       ENERGY          RMS            GMAX         NAME    NUMBER
   5850      -1.3938E+05     5.7658E-02     3.0606E+00     Na+      1096

 BOND    =    10361.3993  ANGLE   =      166.5646  DIHED      =      982.2361
 VDWAALS =    26545.5516  EEL     =  -172896.0996  HBOND      =        0.0000
 1-4 VDW =      259.3248  1-4 EEL =    -4809.8996  RESTRAINT  =       13.0514
 EAMBER  =  -139390.9228


   NSTEP       ENERGY          RMS            GMAX         NAME    NUMBER
   5900      -1.3939E+05     6.7839E-02     3.3507E+00     Na+      1096

 BOND    =    10363.1984  ANGLE   =      166.5564  DIHED      =      981.8939
 VDWAALS =    26551.6739  EEL     =  -172916.9649  HBOND      =        0.0000
 1-4 VDW =      259.2286  1-4 EEL =    -4809.3879  RESTRAINT  =       13.1742
 EAMBER  =  -139403.8015


   NSTEP       ENERGY          RMS            GMAX         NAME    NUMBER
   5950      -1.3940E+05     6.9977E-02     2.9569E+00     Na+      1096

 BOND    =    10365.6354  ANGLE   =      166.4763  DIHED      =      981.5835
 VDWAALS =    26557.9479  EEL     =  -172937.8807  HBOND      =        0.0000
 1-4 VDW =      259.1864  1-4 EEL =    -4809.1762  RESTRAINT  =       13.2788
 EAMBER  =  -139416.2274


   NSTEP       ENERGY          RMS            GMAX         NAME    NUMBER
   6000      -1.3942E+05     9.9624E-02     5.9340E+00     P        1010

 BOND    =    10367.3633  ANGLE   =      166.8458  DIHED      =      981.1391
 VDWAALS =    26568.3188  EEL     =  -172965.8146  HBOND      =        0.0000
 1-4 VDW =      259.1205  1-4 EEL =    -4809.3009  RESTRAINT  =       13.4007
 EAMBER  =  -139432.3280


   NSTEP       ENERGY          RMS            GMAX         NAME    NUMBER
   6050      -1.3944E+05     1.4396E-01     1.2992E+01     Na+      1096

 BOND    =    10371.1946  ANGLE   =      167.3551  DIHED      =      980.6911
 VDWAALS =    26580.7409  EEL     =  -172999.3007  HBOND      =        0.0000
 1-4 VDW =      258.8773  1-4 EEL =    -4808.1938  RESTRAINT  =       13.5309
 EAMBER  =  -139448.6354


   NSTEP       ENERGY          RMS            GMAX         NAME    NUMBER
   6100      -1.3945E+05     7.0888E-02     4.7546E+00     P        1010

 BOND    =    10375.4803  ANGLE   =      167.6835  DIHED      =      980.2119
 VDWAALS =    26593.2569  EEL     =  -173030.0281  HBOND      =        0.0000
 1-4 VDW =      259.0094  1-4 EEL =    -4809.3429  RESTRAINT  =       13.6293
 EAMBER  =  -139463.7290


   NSTEP       ENERGY          RMS            GMAX         NAME    NUMBER
   6150      -1.3947E+05     5.9884E-02     5.3165E+00     P        1010

 BOND    =    10378.5542  ANGLE   =      167.8920  DIHED      =      979.6643
 VDWAALS =    26607.4517  EEL     =  -173063.3569  HBOND      =        0.0000
 1-4 VDW =      259.0832  1-4 EEL =    -4809.0434  RESTRAINT  =       13.7470
 EAMBER  =  -139479.7549


   NSTEP       ENERGY          RMS            GMAX         NAME    NUMBER
   6200      -1.3949E+05     5.8139E-02     3.1883E+00     P        1010

 BOND    =    10381.9173  ANGLE   =      168.0566  DIHED      =      978.8986
 VDWAALS =    26621.5123  EEL     =  -173100.0891  HBOND      =        0.0000
 1-4 VDW =      259.0701  1-4 EEL =    -4808.6803  RESTRAINT  =       13.8832
 EAMBER  =  -139499.3145


   NSTEP       ENERGY          RMS            GMAX         NAME    NUMBER
   6250      -1.3950E+05     5.2667E-02     2.6230E+00     OP2      1012

 BOND    =    10385.0105  ANGLE   =      168.3132  DIHED      =      978.1480
 VDWAALS =    26636.0412  EEL     =  -173133.3830  HBOND      =        0.0000
 1-4 VDW =      259.1023  1-4 EEL =    -4808.3617  RESTRAINT  =       13.9861
 EAMBER  =  -139515.1295


   NSTEP       ENERGY          RMS            GMAX         NAME    NUMBER
   6300      -1.3951E+05     6.2443E-02     4.2151E+00     P        1010

 BOND    =    10387.1836  ANGLE   =      168.6809  DIHED      =      977.4854
 VDWAALS =    26647.4808  EEL     =  -173158.4463  HBOND      =        0.0000
 1-4 VDW =      259.0935  1-4 EEL =    -4808.0551  RESTRAINT  =       14.0539
 EAMBER  =  -139526.5773


   NSTEP       ENERGY          RMS            GMAX         NAME    NUMBER
   6350      -1.3953E+05     7.5022E-02     3.0772E+00     C4        114

 BOND    =    10389.4311  ANGLE   =      169.1307  DIHED      =      976.7627
 VDWAALS =    26658.5668  EEL     =  -173184.6567  HBOND      =        0.0000
 1-4 VDW =      259.0510  1-4 EEL =    -4807.8035  RESTRAINT  =       14.1156
 EAMBER  =  -139539.5178


   NSTEP       ENERGY          RMS            GMAX         NAME    NUMBER
   6400      -1.3954E+05     6.7772E-02     2.3087E+00     H2'      1037

 BOND    =    10391.5219  ANGLE   =      169.2791  DIHED      =      976.2391
 VDWAALS =    26668.7413  EEL     =  -173208.3545  HBOND      =        0.0000
 1-4 VDW =      259.0964  1-4 EEL =    -4807.6160  RESTRAINT  =       14.1553
 EAMBER  =  -139551.0927


   NSTEP       ENERGY          RMS            GMAX         NAME    NUMBER
   6450      -1.3955E+05     6.7007E-02     3.9915E+00     P        1010

 BOND    =    10394.4229  ANGLE   =      169.5736  DIHED      =      975.6708
 VDWAALS =    26681.0670  EEL     =  -173235.3416  HBOND      =        0.0000
 1-4 VDW =      259.1240  1-4 EEL =    -4807.3515  RESTRAINT  =       14.1972
 EAMBER  =  -139562.8348


   NSTEP       ENERGY          RMS            GMAX         NAME    NUMBER
   6500      -1.3956E+05     1.8929E-01     1.3665E+01     P        1010

 BOND    =    10398.6386  ANGLE   =      169.9695  DIHED      =      975.2117
 VDWAALS =    26691.8149  EEL     =  -173259.1492  HBOND      =        0.0000
 1-4 VDW =      259.1424  1-4 EEL =    -4807.4474  RESTRAINT  =       14.2409
 EAMBER  =  -139571.8195


   NSTEP       ENERGY          RMS            GMAX         NAME    NUMBER
   6550      -1.3957E+05     7.4101E-02     7.6071E+00     P        1010

 BOND    =    10399.5191  ANGLE   =      169.9641  DIHED      =      974.8676
 VDWAALS =    26702.1875  EEL     =  -173280.7653  HBOND      =        0.0000
 1-4 VDW =      259.2005  1-4 EEL =    -4807.0477  RESTRAINT  =       14.2745
 EAMBER  =  -139582.0742


   NSTEP       ENERGY          RMS            GMAX         NAME    NUMBER
   6600      -1.3958E+05     6.0453E-02     3.0369E+00     O       25177

 BOND    =    10401.5596  ANGLE   =      170.2287  DIHED      =      974.5235
 VDWAALS =    26713.0307  EEL     =  -173303.5319  HBOND      =        0.0000
 1-4 VDW =      259.2163  1-4 EEL =    -4806.8642  RESTRAINT  =       14.3202
 EAMBER  =  -139591.8374


   NSTEP       ENERGY          RMS            GMAX         NAME    NUMBER
   6650      -1.3959E+05     7.1888E-02     3.3266E+00     C6        670

 BOND    =    10403.4311  ANGLE   =      170.3093  DIHED      =      974.1959
 VDWAALS =    26723.6659  EEL     =  -173325.6789  HBOND      =        0.0000
 1-4 VDW =      259.2921  1-4 EEL =    -4806.7076  RESTRAINT  =       14.3693
 EAMBER  =  -139601.4922


   NSTEP       ENERGY          RMS            GMAX         NAME    NUMBER
   6700      -1.3960E+05     9.4875E-02     5.0467E+00     C3'      1034

 BOND    =    10407.9141  ANGLE   =      170.4115  DIHED      =      973.9609
 VDWAALS =    26734.5358  EEL     =  -173351.1748  HBOND      =        0.0000
 1-4 VDW =      259.3024  1-4 EEL =    -4806.0198  RESTRAINT  =       14.4119
 EAMBER  =  -139611.0700


   NSTEP       ENERGY          RMS            GMAX         NAME    NUMBER
   6750      -1.3961E+05     1.2232E-01     8.1461E+00     C3'      1034

 BOND    =    10410.6691  ANGLE   =      170.3507  DIHED      =      973.7418
 VDWAALS =    26744.5143  EEL     =  -173373.8253  HBOND      =        0.0000
 1-4 VDW =      259.4099  1-4 EEL =    -4805.4817  RESTRAINT  =       14.4548
 EAMBER  =  -139620.6213


   NSTEP       ENERGY          RMS            GMAX         NAME    NUMBER
   6800      -1.3961E+05     7.3774E-02     6.0375E+00     C4'      1017

 BOND    =    10409.3669  ANGLE   =      170.6481  DIHED      =      973.4393
 VDWAALS =    26751.4143  EEL     =  -173386.8038  HBOND      =        0.0000
 1-4 VDW =      259.4151  1-4 EEL =    -4805.9812  RESTRAINT  =       14.4903
 EAMBER  =  -139628.5013


   NSTEP       ENERGY          RMS            GMAX         NAME    NUMBER
   6850      -1.3962E+05     1.0298E-01     6.0233E+00     O5'       980

 BOND    =    10412.8372  ANGLE   =      170.8374  DIHED      =      973.0172
 VDWAALS =    26760.5372  EEL     =  -173409.2337  HBOND      =        0.0000
 1-4 VDW =      259.3317  1-4 EEL =    -4805.6894  RESTRAINT  =       14.5320
 EAMBER  =  -139638.3624


   NSTEP       ENERGY          RMS            GMAX         NAME    NUMBER
   6900      -1.3964E+05     6.4889E-02     4.1764E+00     C4'      1017

 BOND    =    10414.1379  ANGLE   =      170.9781  DIHED      =      972.5562
 VDWAALS =    26768.9965  EEL     =  -173430.9501  HBOND      =        0.0000
 1-4 VDW =      259.4585  1-4 EEL =    -4805.3936  RESTRAINT  =       14.5813
 EAMBER  =  -139650.2165


   NSTEP       ENERGY          RMS            GMAX         NAME    NUMBER
   6950      -1.3965E+05     6.1495E-02     3.5103E+00     O3'      1039

 BOND    =    10415.8793  ANGLE   =      171.1162  DIHED      =      972.0355
 VDWAALS =    26777.6380  EEL     =  -173453.2296  HBOND      =        0.0000
 1-4 VDW =      259.4372  1-4 EEL =    -4805.0331  RESTRAINT  =       14.6195
 EAMBER  =  -139662.1566


   NSTEP       ENERGY          RMS            GMAX         NAME    NUMBER
   7000      -1.3966E+05     5.0940E-02     1.9450E+00     C4'      1017

 BOND    =    10418.5627  ANGLE   =      171.3849  DIHED      =      971.1700
 VDWAALS =    26786.7600  EEL     =  -173481.5671  HBOND      =        0.0000
 1-4 VDW =      259.3886  1-4 EEL =    -4804.3372  RESTRAINT  =       14.6692
 EAMBER  =  -139678.6381


   NSTEP       ENERGY          RMS            GMAX         NAME    NUMBER
   7050      -1.3968E+05     5.3412E-02     4.2236E+00     P        1010

 BOND    =    10420.0007  ANGLE   =      171.8515  DIHED      =      970.3096
 VDWAALS =    26792.8148  EEL     =  -173506.0432  HBOND      =        0.0000
 1-4 VDW =      259.2955  1-4 EEL =    -4803.7005  RESTRAINT  =       14.6959
 EAMBER  =  -139695.4716


   NSTEP       ENERGY          RMS            GMAX         NAME    NUMBER
   7100      -1.3969E+05     5.8361E-02     2.1133E+00     Na+      1096

 BOND    =    10421.3729  ANGLE   =      172.2062  DIHED      =      969.9123
 VDWAALS =    26794.0405  EEL     =  -173521.2417  HBOND      =        0.0000
 1-4 VDW =      259.1884  1-4 EEL =    -4803.6782  RESTRAINT  =       14.7039
 EAMBER  =  -139708.1996


   NSTEP       ENERGY          RMS            GMAX         NAME    NUMBER
   7150      -1.3971E+05     5.9874E-02     2.5590E+00     Na+      1096

 BOND    =    10421.8153  ANGLE   =      172.3764  DIHED      =      969.6579
 VDWAALS =    26792.5126  EEL     =  -173532.1600  HBOND      =        0.0000
 1-4 VDW =      259.1250  1-4 EEL =    -4803.5332  RESTRAINT  =       14.7171
 EAMBER  =  -139720.2061


   NSTEP       ENERGY          RMS            GMAX         NAME    NUMBER
   7200      -1.3972E+05     1.3148E-01     7.8189E+00     H1       3449

 BOND    =    10423.0594  ANGLE   =      172.6234  DIHED      =      969.3984
 VDWAALS =    26791.1978  EEL     =  -173548.8978  HBOND      =        0.0000
 1-4 VDW =      258.9702  1-4 EEL =    -4803.4778  RESTRAINT  =       14.7407
 EAMBER  =  -139737.1264


   NSTEP       ENERGY          RMS            GMAX         NAME    NUMBER
   7250      -1.3974E+05     6.7449E-02     3.3456E+00     P        1010

 BOND    =    10423.8733  ANGLE   =      173.0633  DIHED      =      969.0465
 VDWAALS =    26794.9701  EEL     =  -173570.2243  HBOND      =        0.0000
 1-4 VDW =      258.9662  1-4 EEL =    -4803.3292  RESTRAINT  =       14.7757
 EAMBER  =  -139753.6339


   NSTEP       ENERGY          RMS            GMAX         NAME    NUMBER
   7300      -1.3975E+05     6.8636E-02     6.1983E+00     P        1010

 BOND    =    10426.0574  ANGLE   =      173.3506  DIHED      =      968.7274
 VDWAALS =    26796.4505  EEL     =  -173586.3396  HBOND      =        0.0000
 1-4 VDW =      258.9413  1-4 EEL =    -4803.2839  RESTRAINT  =       14.8099
 EAMBER  =  -139766.0962


   NSTEP       ENERGY          RMS            GMAX         NAME    NUMBER
   7350      -1.3976E+05     8.0635E-02     7.4017E+00     P        1010

 BOND    =    10427.6561  ANGLE   =      173.4920  DIHED      =      968.4252
 VDWAALS =    26800.6998  EEL     =  -173604.4498  HBOND      =        0.0000
 1-4 VDW =      258.9479  1-4 EEL =    -4803.0977  RESTRAINT  =       14.8446
 EAMBER  =  -139778.3265


   NSTEP       ENERGY          RMS            GMAX         NAME    NUMBER
   7400      -1.3977E+05     7.2727E-02     5.6871E+00     P        1010

 BOND    =    10427.4410  ANGLE   =      173.5576  DIHED      =      968.1903
 VDWAALS =    26803.6723  EEL     =  -173615.6096  HBOND      =        0.0000
 1-4 VDW =      259.0138  1-4 EEL =    -4803.0597  RESTRAINT  =       14.8753
 EAMBER  =  -139786.7943


   NSTEP       ENERGY          RMS            GMAX         NAME    NUMBER
   7450      -1.3978E+05     6.2689E-02     5.3598E+00     P        1010

 BOND    =    10427.8059  ANGLE   =      173.5299  DIHED      =      968.0212
 VDWAALS =    26805.5029  EEL     =  -173625.0477  HBOND      =        0.0000
 1-4 VDW =      259.0154  1-4 EEL =    -4803.0123  RESTRAINT  =       14.9032
 EAMBER  =  -139794.1847


   NSTEP       ENERGY          RMS            GMAX         NAME    NUMBER
   7500      -1.3979E+05     5.1855E-02     3.8149E+00     P        1010

 BOND    =    10428.7643  ANGLE   =      173.6204  DIHED      =      967.8136
 VDWAALS =    26809.4477  EEL     =  -173639.2293  HBOND      =        0.0000
 1-4 VDW =      259.0685  1-4 EEL =    -4802.9982  RESTRAINT  =       14.9429
 EAMBER  =  -139803.5131


   NSTEP       ENERGY          RMS            GMAX         NAME    NUMBER
   7550      -1.3981E+05     6.4971E-02     3.4172E+00     C5       1025

 BOND    =    10432.5653  ANGLE   =      173.8486  DIHED      =      967.1695
 VDWAALS =    26827.5815  EEL     =  -173681.1409  HBOND      =        0.0000
 1-4 VDW =      259.1311  1-4 EEL =    -4802.7354  RESTRAINT  =       15.0580
 EAMBER  =  -139823.5803


   NSTEP       ENERGY          RMS            GMAX         NAME    NUMBER
   7600      -1.3982E+05     5.6803E-02     2.4818E+00     O3'      1039

 BOND    =    10433.8009  ANGLE   =      174.0793  DIHED      =      966.8825
 VDWAALS =    26833.6188  EEL     =  -173696.2774  HBOND      =        0.0000
 1-4 VDW =      259.1159  1-4 EEL =    -4802.6255  RESTRAINT  =       15.0935
 EAMBER  =  -139831.4055


   NSTEP       ENERGY          RMS            GMAX         NAME    NUMBER
   7650      -1.3982E+05     7.6604E-02     3.5094E+00     O3'      1039

 BOND    =    10435.2654  ANGLE   =      174.2486  DIHED      =      966.6629
 VDWAALS =    26838.2402  EEL     =  -173708.3923  HBOND      =        0.0000
 1-4 VDW =      259.1630  1-4 EEL =    -4802.5340  RESTRAINT  =       15.1167
 EAMBER  =  -139837.3462


   NSTEP       ENERGY          RMS            GMAX         NAME    NUMBER
   7700      -1.3983E+05     5.7826E-02     2.6072E+00     P        1010

 BOND    =    10434.4741  ANGLE   =      174.3093  DIHED      =      966.4490
 VDWAALS =    26843.6633  EEL     =  -173719.1789  HBOND      =        0.0000
 1-4 VDW =      259.1107  1-4 EEL =    -4802.4416  RESTRAINT  =       15.1403
 EAMBER  =  -139843.6142


   NSTEP       ENERGY          RMS            GMAX         NAME    NUMBER
   7750      -1.3983E+05     7.1253E-02     4.0811E+00     P        1010

 BOND    =    10436.4514  ANGLE   =      174.4750  DIHED      =      966.2381
 VDWAALS =    26850.4618  EEL     =  -173733.7932  HBOND      =        0.0000
 1-4 VDW =      259.1316  1-4 EEL =    -4802.2992  RESTRAINT  =       15.1615
 EAMBER  =  -139849.3344


   NSTEP       ENERGY          RMS            GMAX         NAME    NUMBER
   7800      -1.3984E+05     6.9891E-02     5.5182E+00     P        1010

 BOND    =    10437.5823  ANGLE   =      174.4021  DIHED      =      966.0517
 VDWAALS =    26855.9576  EEL     =  -173744.8684  HBOND      =        0.0000
 1-4 VDW =      259.1030  1-4 EEL =    -4802.2737  RESTRAINT  =       15.1781
 EAMBER  =  -139854.0455


   NSTEP       ENERGY          RMS            GMAX         NAME    NUMBER
   7850      -1.3985E+05     2.0576E-01     9.2034E+00     P        1010

 BOND    =    10440.5979  ANGLE   =      175.1624  DIHED      =      965.8537
 VDWAALS =    26869.7577  EEL     =  -173772.3872  HBOND      =        0.0000
 1-4 VDW =      259.1403  1-4 EEL =    -4802.0236  RESTRAINT  =       15.2060
 EAMBER  =  -139863.8987


   NSTEP       ENERGY          RMS            GMAX         NAME    NUMBER
   7900      -1.3986E+05     1.4523E-01     5.7232E+00     O       14269

 BOND    =    10439.4279  ANGLE   =      175.0330  DIHED      =      965.4367
 VDWAALS =    26877.3536  EEL     =  -173785.5696  HBOND      =        0.0000
 1-4 VDW =      259.1370  1-4 EEL =    -4802.1114  RESTRAINT  =       15.2272
 EAMBER  =  -139871.2928


   NSTEP       ENERGY          RMS            GMAX         NAME    NUMBER
   7950      -1.3987E+05     1.8379E-01     1.0782E+01     O       14269

 BOND    =    10444.5328  ANGLE   =      175.5420  DIHED      =      964.6587
 VDWAALS =    26893.3531  EEL     =  -173816.9392  HBOND      =        0.0000
 1-4 VDW =      259.1291  1-4 EEL =    -4801.9899  RESTRAINT  =       15.2563
 EAMBER  =  -139881.7133


   NSTEP       ENERGY          RMS            GMAX         NAME    NUMBER
   8000      -1.3988E+05     2.0014E-01     9.3446E+00     OP2      1012

 BOND    =    10448.1722  ANGLE   =      176.5055  DIHED      =      963.7362
 VDWAALS =    26904.5770  EEL     =  -173844.6068  HBOND      =        0.0000
 1-4 VDW =      259.1104  1-4 EEL =    -4801.9045  RESTRAINT  =       15.2691
 EAMBER  =  -139894.4099


   NSTEP       ENERGY          RMS            GMAX         NAME    NUMBER
   8050      -1.3989E+05     1.5520E-01     9.3779E+00     C3'      1034

 BOND    =    10449.6252  ANGLE   =      177.0701  DIHED      =      962.8617
 VDWAALS =    26914.4683  EEL     =  -173869.7937  HBOND      =        0.0000
 1-4 VDW =      259.1927  1-4 EEL =    -4801.7343  RESTRAINT  =       15.2627
 EAMBER  =  -139908.3100


   NSTEP       ENERGY          RMS            GMAX         NAME    NUMBER
   8100      -1.3990E+05     1.0220E-01     4.5830E+00     C3'      1034

 BOND    =    10450.8718  ANGLE   =      176.7357  DIHED      =      962.5156
 VDWAALS =    26920.2737  EEL     =  -173883.3886  HBOND      =        0.0000
 1-4 VDW =      259.1591  1-4 EEL =    -4801.6643  RESTRAINT  =       15.2585
 EAMBER  =  -139915.4970


   NSTEP       ENERGY          RMS            GMAX         NAME    NUMBER
   8150      -1.3990E+05     9.0558E-02     5.9065E+00     P        1040

 BOND    =    10451.9206  ANGLE   =      176.7764  DIHED      =      962.3064
 VDWAALS =    26923.7112  EEL     =  -173892.2226  HBOND      =        0.0000
 1-4 VDW =      259.1272  1-4 EEL =    -4801.7001  RESTRAINT  =       15.2515
 EAMBER  =  -139920.0809

     .... RESTARTED DUE TO LINMIN FAILURE ...


   NSTEP       ENERGY          RMS            GMAX         NAME    NUMBER
   8200      -1.3991E+05     3.3426E-02     2.6427E+00     P        1040

 BOND    =    10451.8956  ANGLE   =      176.3934  DIHED      =      962.0523
 VDWAALS =    26924.2171  EEL     =  -173894.0693  HBOND      =        0.0000
 1-4 VDW =      259.0879  1-4 EEL =    -4801.8653  RESTRAINT  =       15.2550
 EAMBER  =  -139922.2883


   NSTEP       ENERGY          RMS            GMAX         NAME    NUMBER
   8250      -1.3992E+05     5.5825E-02     2.2447E+00     O        3880

 BOND    =    10454.3586  ANGLE   =      176.7917  DIHED      =      961.4826
 VDWAALS =    26937.0889  EEL     =  -173924.0678  HBOND      =        0.0000
 1-4 VDW =      259.0111  1-4 EEL =    -4801.9405  RESTRAINT  =       15.2413
 EAMBER  =  -139937.2754


   NSTEP       ENERGY          RMS            GMAX         NAME    NUMBER
   8300      -1.3993E+05     4.8415E-02     1.9022E+00     H2       1737

 BOND    =    10456.3164  ANGLE   =      177.1567  DIHED      =      961.3629
 VDWAALS =    26942.8413  EEL     =  -173939.4339  HBOND      =        0.0000
 1-4 VDW =      259.0305  1-4 EEL =    -4801.9298  RESTRAINT  =       15.2292
 EAMBER  =  -139944.6559

     .... RESTARTED DUE TO LINMIN FAILURE ...


   NSTEP       ENERGY          RMS            GMAX         NAME    NUMBER
   8350      -1.3994E+05     1.4751E-01     8.6892E+00     P        1010

 BOND    =    10459.0591  ANGLE   =      177.2761  DIHED      =      961.3635
 VDWAALS =    26956.4348  EEL     =  -173963.9470  HBOND      =        0.0000
 1-4 VDW =      258.7720  1-4 EEL =    -4802.1253  RESTRAINT  =       15.2066
 EAMBER  =  -139953.1668


   NSTEP       ENERGY          RMS            GMAX         NAME    NUMBER
   8400      -1.3995E+05     1.6627E-01     1.0785E+01     P        1010

 BOND    =    10462.1751  ANGLE   =      177.2119  DIHED      =      961.2354
 VDWAALS =    26962.0088  EEL     =  -173980.8145  HBOND      =        0.0000
 1-4 VDW =      258.8270  1-4 EEL =    -4802.0051  RESTRAINT  =       15.2123
 EAMBER  =  -139961.3614


   NSTEP       ENERGY          RMS            GMAX         NAME    NUMBER
   8450      -1.3995E+05     1.9245E-01     1.3346E+01     O        1735

 BOND    =    10463.2716  ANGLE   =      177.8295  DIHED      =      961.2262
 VDWAALS =    26965.7799  EEL     =  -173992.3051  HBOND      =        0.0000
 1-4 VDW =      258.7054  1-4 EEL =    -4802.1932  RESTRAINT  =       15.2154
 EAMBER  =  -139967.6856


   NSTEP       ENERGY          RMS            GMAX         NAME    NUMBER
   8500      -1.3996E+05     9.7354E-02     5.5287E+00     P        1010

 BOND    =    10463.3763  ANGLE   =      177.6342  DIHED      =      961.2190
 VDWAALS =    26969.5973  EEL     =  -174001.9400  HBOND      =        0.0000
 1-4 VDW =      258.7518  1-4 EEL =    -4802.0333  RESTRAINT  =       15.2180
 EAMBER  =  -139973.3947


   NSTEP       ENERGY          RMS            GMAX         NAME    NUMBER
   8550      -1.3996E+05     1.3024E-01     9.7957E+00     P        1010

 BOND    =    10464.4536  ANGLE   =      177.8085  DIHED      =      961.1990
 VDWAALS =    26973.0513  EEL     =  -174013.1889  HBOND      =        0.0000
 1-4 VDW =      258.6858  1-4 EEL =    -4802.0500  RESTRAINT  =       15.2296
 EAMBER  =  -139980.0406


   NSTEP       ENERGY          RMS            GMAX         NAME    NUMBER
   8600      -1.3997E+05     9.8217E-02     5.3392E+00     P        1010

 BOND    =    10465.9100  ANGLE   =      177.8864  DIHED      =      961.1576
 VDWAALS =    26975.6660  EEL     =  -174023.3368  HBOND      =        0.0000
 1-4 VDW =      258.6792  1-4 EEL =    -4802.0000  RESTRAINT  =       15.2438
 EAMBER  =  -139986.0376


   NSTEP       ENERGY          RMS            GMAX         NAME    NUMBER
   8650      -1.3998E+05     8.0404E-02     4.7570E+00     OP2      1012

 BOND    =    10466.6196  ANGLE   =      177.9651  DIHED      =      961.1040
 VDWAALS =    26978.0610  EEL     =  -174032.8576  HBOND      =        0.0000
 1-4 VDW =      258.6715  1-4 EEL =    -4801.9992  RESTRAINT  =       15.2589
 EAMBER  =  -139992.4355


   NSTEP       ENERGY          RMS            GMAX         NAME    NUMBER
   8700      -1.3998E+05     6.7793E-02     3.2337E+00     P        1010

 BOND    =    10466.3087  ANGLE   =      177.9618  DIHED      =      961.0996
 VDWAALS =    26980.8729  EEL     =  -174042.8776  HBOND      =        0.0000
 1-4 VDW =      258.7210  1-4 EEL =    -4801.9500  RESTRAINT  =       15.2772
 EAMBER  =  -139999.8635


   NSTEP       ENERGY          RMS            GMAX         NAME    NUMBER
   8750      -1.3999E+05     7.3114E-02     4.1621E+00     P        1010

 BOND    =    10467.2263  ANGLE   =      178.1487  DIHED      =      961.0699
 VDWAALS =    26985.3773  EEL     =  -174058.1553  HBOND      =        0.0000
 1-4 VDW =      258.6957  1-4 EEL =    -4801.8892  RESTRAINT  =       15.2916
 EAMBER  =  -140009.5267


   NSTEP       ENERGY          RMS            GMAX         NAME    NUMBER
   8800      -1.4000E+05     6.3353E-02     6.3874E+00     C5'      1014

 BOND    =    10468.7367  ANGLE   =      178.0354  DIHED      =      961.0260
 VDWAALS =    26988.9666  EEL     =  -174071.0025  HBOND      =        0.0000
 1-4 VDW =      258.6901  1-4 EEL =    -4801.9367  RESTRAINT  =       15.3021
 EAMBER  =  -140017.4845


   NSTEP       ENERGY          RMS            GMAX         NAME    NUMBER
   8850      -1.4001E+05     5.0019E-02     3.5411E+00     P        1010

 BOND    =    10469.3717  ANGLE   =      178.1275  DIHED      =      960.9693
 VDWAALS =    26992.5379  EEL     =  -174081.4886  HBOND      =        0.0000
 1-4 VDW =      258.6759  1-4 EEL =    -4801.8529  RESTRAINT  =       15.3222
 EAMBER  =  -140023.6592


   NSTEP       ENERGY          RMS            GMAX         NAME    NUMBER
   8900      -1.4001E+05     3.8906E-02     2.0048E+00     C2        933

 BOND    =    10470.3312  ANGLE   =      178.1680  DIHED      =      960.8895
 VDWAALS =    26996.4138  EEL     =  -174091.7986  HBOND      =        0.0000
 1-4 VDW =      258.6871  1-4 EEL =    -4801.8299  RESTRAINT  =       15.3501
 EAMBER  =  -140029.1389


   NSTEP       ENERGY          RMS            GMAX         NAME    NUMBER
   8950      -1.4003E+05     4.3204E-02     2.2602E+00     H2      19953

 BOND    =    10472.2199  ANGLE   =      178.2763  DIHED      =      960.6463
 VDWAALS =    27006.4812  EEL     =  -174116.9260  HBOND      =        0.0000
 1-4 VDW =      258.7399  1-4 EEL =    -4801.6646  RESTRAINT  =       15.4390
 EAMBER  =  -140042.2269


   NSTEP       ENERGY          RMS            GMAX         NAME    NUMBER
   9000      -1.4003E+05     1.1108E-01     5.6244E+00     C5'      1014

 BOND    =    10473.0183  ANGLE   =      178.3896  DIHED      =      960.5543
 VDWAALS =    27010.4109  EEL     =  -174128.2414  HBOND      =        0.0000
 1-4 VDW =      258.7061  1-4 EEL =    -4801.7099  RESTRAINT  =       15.4967
 EAMBER  =  -140048.8721


   NSTEP       ENERGY          RMS            GMAX         NAME    NUMBER
   9050      -1.4005E+05     4.8213E-02     3.9100E+00     O        3151

 BOND    =    10474.7132  ANGLE   =      178.4622  DIHED      =      960.3979
 VDWAALS =    27017.1625  EEL     =  -174149.5100  HBOND      =        0.0000
 1-4 VDW =      258.7535  1-4 EEL =    -4801.5808  RESTRAINT  =       15.6064
 EAMBER  =  -140061.6016


   NSTEP       ENERGY          RMS            GMAX         NAME    NUMBER
   9100      -1.4005E+05     5.0061E-02     2.4316E+00     P        1010

 BOND    =    10476.0783  ANGLE   =      178.3725  DIHED      =      960.3438
 VDWAALS =    27022.1606  EEL     =  -174162.4177  HBOND      =        0.0000
 1-4 VDW =      258.7469  1-4 EEL =    -4801.6641  RESTRAINT  =       15.6632
 EAMBER  =  -140068.3797


   NSTEP       ENERGY          RMS            GMAX         NAME    NUMBER
   9150      -1.4006E+05     5.0001E-02     2.4980E+00     C4'      1017

 BOND    =    10477.1770  ANGLE   =      178.5309  DIHED      =      960.2274
 VDWAALS =    27024.8393  EEL     =  -174172.2444  HBOND      =        0.0000
 1-4 VDW =      258.7269  1-4 EEL =    -4801.6500  RESTRAINT  =       15.7150
 EAMBER  =  -140074.3930


   NSTEP       ENERGY          RMS            GMAX         NAME    NUMBER
   9200      -1.4006E+05     4.5979E-02     1.6476E+00     C4       1065

 BOND    =    10478.0699  ANGLE   =      178.5075  DIHED      =      960.1850
 VDWAALS =    27028.2758  EEL     =  -174181.9069  HBOND      =        0.0000
 1-4 VDW =      258.7367  1-4 EEL =    -4801.5843  RESTRAINT  =       15.7598
 EAMBER  =  -140079.7163


   NSTEP       ENERGY          RMS            GMAX         NAME    NUMBER
   9250      -1.4007E+05     4.8864E-02     1.8192E+00     P         850

 BOND    =    10478.7987  ANGLE   =      178.5642  DIHED      =      960.1215
 VDWAALS =    27032.7163  EEL     =  -174192.0679  HBOND      =        0.0000
 1-4 VDW =      258.7620  1-4 EEL =    -4801.5315  RESTRAINT  =       15.8059
 EAMBER  =  -140084.6367


   NSTEP       ENERGY          RMS            GMAX         NAME    NUMBER
   9300      -1.4007E+05     5.8212E-02     2.9060E+00     P         850

 BOND    =    10479.7843  ANGLE   =      178.6526  DIHED      =      960.0885
 VDWAALS =    27036.5478  EEL     =  -174201.9349  HBOND      =        0.0000
 1-4 VDW =      258.7461  1-4 EEL =    -4801.4730  RESTRAINT  =       15.8458
 EAMBER  =  -140089.5887


   NSTEP       ENERGY          RMS            GMAX         NAME    NUMBER
   9350      -1.4008E+05     5.2263E-02     3.3408E+00     P         850

 BOND    =    10480.9019  ANGLE   =      178.8581  DIHED      =      960.0835
 VDWAALS =    27041.4304  EEL     =  -174214.0079  HBOND      =        0.0000
 1-4 VDW =      258.6994  1-4 EEL =    -4801.4986  RESTRAINT  =       15.8919
 EAMBER  =  -140095.5332


   NSTEP       ENERGY          RMS            GMAX         NAME    NUMBER
   9400      -1.4009E+05     7.9924E-02     6.0495E+00     C4       1065

 BOND    =    10481.6619  ANGLE   =      178.9469  DIHED      =      960.0498
 VDWAALS =    27045.9735  EEL     =  -174224.7490  HBOND      =        0.0000
 1-4 VDW =      258.7179  1-4 EEL =    -4801.6346  RESTRAINT  =       15.9372
 EAMBER  =  -140101.0335


   NSTEP       ENERGY          RMS            GMAX         NAME    NUMBER
   9450      -1.4009E+05     1.0277E-01     4.6516E+00     C5       1056

 BOND    =    10483.7909  ANGLE   =      178.6800  DIHED      =      959.8775
 VDWAALS =    27056.9957  EEL     =  -174246.9100  HBOND      =        0.0000
 1-4 VDW =      258.8044  1-4 EEL =    -4801.6597  RESTRAINT  =       16.0512
 EAMBER  =  -140110.4212


   NSTEP       ENERGY          RMS            GMAX         NAME    NUMBER
   9500      -1.4010E+05     5.9597E-02     2.8204E+00     C4       1065

 BOND    =    10485.1892  ANGLE   =      178.8900  DIHED      =      959.8095
 VDWAALS =    27059.2787  EEL     =  -174253.9085  HBOND      =        0.0000
 1-4 VDW =      258.8099  1-4 EEL =    -4801.6515  RESTRAINT  =       16.0985
 EAMBER  =  -140113.5828


   NSTEP       ENERGY          RMS            GMAX         NAME    NUMBER
   9550      -1.4010E+05     6.3869E-02     3.7985E+00     O3'      1039

 BOND    =    10486.0882  ANGLE   =      178.9710  DIHED      =      959.7310
 VDWAALS =    27061.4059  EEL     =  -174259.7803  HBOND      =        0.0000
 1-4 VDW =      258.7751  1-4 EEL =    -4801.7601  RESTRAINT  =       16.1406
 EAMBER  =  -140116.5694


   NSTEP       ENERGY          RMS            GMAX         NAME    NUMBER
   9600      -1.4010E+05     1.7489E-01     7.9339E+00     C1'      1050

 BOND    =    10488.6091  ANGLE   =      179.1416  DIHED      =      959.6770
 VDWAALS =    27063.7834  EEL     =  -174268.0840  HBOND      =        0.0000
 1-4 VDW =      258.7645  1-4 EEL =    -4802.0251  RESTRAINT  =       16.2030
 EAMBER  =  -140120.1334

     .... RESTARTED DUE TO LINMIN FAILURE ...


   NSTEP       ENERGY          RMS            GMAX         NAME    NUMBER
   9650      -1.4010E+05     3.3311E-01     1.7913E+01     O       21010

 BOND    =    10488.2003  ANGLE   =      180.2100  DIHED      =      959.4895
 VDWAALS =    27064.8752  EEL     =  -174269.8020  HBOND      =        0.0000
 1-4 VDW =      258.6219  1-4 EEL =    -4802.1856  RESTRAINT  =       16.2209
 EAMBER  =  -140120.5907


   NSTEP       ENERGY          RMS            GMAX         NAME    NUMBER
   9700      -1.4012E+05     1.4920E-01     1.4105E+01     H2      29880

 BOND    =    10490.2996  ANGLE   =      178.9332  DIHED      =      959.4232
 VDWAALS =    27071.0521  EEL     =  -174292.0860  HBOND      =        0.0000
 1-4 VDW =      258.7978  1-4 EEL =    -4801.5925  RESTRAINT  =       16.4346
 EAMBER  =  -140135.1726


   NSTEP       ENERGY          RMS            GMAX         NAME    NUMBER
   9750      -1.4013E+05     1.0649E-01     5.2013E+00     H1      29879

 BOND    =    10489.7309  ANGLE   =      178.9709  DIHED      =      959.4360
 VDWAALS =    27070.5052  EEL     =  -174299.8814  HBOND      =        0.0000
 1-4 VDW =      258.8039  1-4 EEL =    -4801.7833  RESTRAINT  =       16.4802
 EAMBER  =  -140144.2178


   NSTEP       ENERGY          RMS            GMAX         NAME    NUMBER
   9800      -1.4013E+05     6.1170E-02     3.2004E+00     Na+      1103

 BOND    =    10491.0973  ANGLE   =      178.9751  DIHED      =      959.3493
 VDWAALS =    27072.5619  EEL     =  -174308.5233  HBOND      =        0.0000
 1-4 VDW =      258.8002  1-4 EEL =    -4801.7660  RESTRAINT  =       16.5147
 EAMBER  =  -140149.5055


   NSTEP       ENERGY          RMS            GMAX         NAME    NUMBER
   9850      -1.4014E+05     9.6814E-02     4.8170E+00     O       28645

 BOND    =    10487.3268  ANGLE   =      179.1840  DIHED      =      959.2094
 VDWAALS =    27075.5820  EEL     =  -174312.7048  HBOND      =        0.0000
 1-4 VDW =      258.8619  1-4 EEL =    -4801.8521  RESTRAINT  =       16.5629
 EAMBER  =  -140154.3928


   NSTEP       ENERGY          RMS            GMAX         NAME    NUMBER
   9900      -1.4014E+05     1.2247E-01     7.8649E+00     P        1010

 BOND    =    10488.6639  ANGLE   =      179.2837  DIHED      =      959.1654
 VDWAALS =    27078.2011  EEL     =  -174320.4578  HBOND      =        0.0000
 1-4 VDW =      258.8517  1-4 EEL =    -4801.9196  RESTRAINT  =       16.5975
 EAMBER  =  -140158.2115


   NSTEP       ENERGY          RMS            GMAX         NAME    NUMBER
   9950      -1.4015E+05     2.1591E-01     7.9103E+00     C1'      1050

 BOND    =    10497.6373  ANGLE   =      179.6239  DIHED      =      959.4316
 VDWAALS =    27084.8784  EEL     =  -174343.7485  HBOND      =        0.0000
 1-4 VDW =      258.7145  1-4 EEL =    -4801.4251  RESTRAINT  =       16.6953
 EAMBER  =  -140164.8879


   NSTEP       ENERGY          RMS            GMAX         NAME    NUMBER
  10000      -1.4015E+05     8.2852E-02     3.6772E+00     C1'      1050

 BOND    =    10497.0054  ANGLE   =      179.4227  DIHED      =      959.1446
 VDWAALS =    27091.9858  EEL     =  -174355.7770  HBOND      =        0.0000
 1-4 VDW =      258.6910  1-4 EEL =    -4801.6846  RESTRAINT  =       16.7608
 EAMBER  =  -140171.2122


  Maximum number of minimization cycles reached.


                    FINAL RESULTS



   NSTEP       ENERGY          RMS            GMAX         NAME    NUMBER
  10000      -1.4015E+05     8.2852E-02     3.6772E+00     C1'      1050

 BOND    =    10497.0054  ANGLE   =      179.4227  DIHED      =      959.1446
 VDWAALS =    27091.9858  EEL     =  -174355.7770  HBOND      =        0.0000
 1-4 VDW =      258.6910  1-4 EEL =    -4801.6846  RESTRAINT  =       16.7608
 EAMBER  =  -140171.2122
--------------------------------------------------------------------------------
   5.  TIMINGS
--------------------------------------------------------------------------------

|  NonSetup CPU Time in Major Routines:
|
|     Routine           Sec        %
|     ------------------------------
|     Nonbond          17.48   45.13
|     Bond              0.00    0.00
|     Angle             0.00    0.00
|     Dihedral          0.00    0.00
|     Shake             0.00    0.00
|     Other            21.25   54.87
|     ------------------------------
|     Total            38.73

|  PME Nonbond Pairlist CPU Time:
|
|     Routine              Sec        %
|     ---------------------------------
|     Set Up Cit           0.00    0.00
|     Build List           0.00    0.00
|     ---------------------------------
|     Total                0.00    0.00

|  PME Direct Force CPU Time:
|
|     Routine              Sec        %
|     ---------------------------------
|     NonBonded Calc       0.00    0.00
|     Exclude Masked       0.00    0.00
|     Other                0.02    0.05
|     ---------------------------------
|     Total                0.02    0.05

|  PME Reciprocal Force CPU Time:
|
|     Routine              Sec        %
|     ---------------------------------
|     1D bspline           0.00    0.00
|     Grid Charges         0.00    0.00
|     Scalar Sum           0.00    0.00
|     Gradient Sum         0.00    0.00
|     FFT                  0.00    0.00
|     ---------------------------------
|     Total                0.00    0.00

|  Setup CPU time:            1.05 seconds
|  NonSetup CPU time:        38.73 seconds
|  Total CPU time:           39.78 seconds     0.01 hours

|  Setup wall time:           2    seconds
|  NonSetup wall time:       78    seconds
|  Total wall time:          80    seconds     0.02 hours
