
          -------------------------------------------------------
          Amber 16 PMEMD                              2016
          -------------------------------------------------------

| PMEMD implementation of SANDER, Release 16

| Run on 11/09/2020 at 17:20:50

|   Executable path: pmemd.cuda
| Working directory: /home/kyq/T7RNADNA/newLC4
|          Hostname: gpu01

  [-O]verwriting output

File Assignments:
|   MDIN: heat5.in                                                              
|  MDOUT: cmp_heat5.out                                                         
| INPCRD: cmp_heat4.rst                                                         
|   PARM: cmp.prmtop                                                            
| RESTRT: cmp_heat5.rst                                                         
|   REFC: cmp.inpcrd                                                            
|  MDVEL: mdvel                                                                 
|   MDEN: mden                                                                  
|  MDCRD: cmp_heat5.mdcrd                                                       
| MDINFO: mdinfo                                                                
|  MDFRC: mdfrc                                                                 

 
 Here is the input file:
 
Stage 2 equilibration 1 0-5ns                                                  
 &cntrl                                                                        
  imin=0, irest=1, ntx=5,                                                      
  nstlim=4000, dt=0.002,                                                       
  ntc=2, ntf=2,                                                                
  ntt=1, tautp=1.5,                                                            
  tempi=200.0, temp0=255.0,                                                    
  ntpr=50, ntwx=50,                                                            
  ntb=1,                                                                       
  cut=10,                                                                      
 /                                                                             


Note: ig = -1. Setting random seed to   520240 based on wallclock time in 
      microseconds.
 
|--------------------- INFORMATION ----------------------
| GPU (CUDA) Version of PMEMD in use: NVIDIA GPU IN USE.
|                    Version 16.0.0
| 
|                      02/25/2016
| 
| Implementation by:
|                    Ross C. Walker     (SDSC)
|                    Scott Le Grand     (nVIDIA)
| 
| Precision model in use:
|      [SPFP] - Single Precision Forces, 64-bit Fixed Point
|               Accumulation. (Default)
| 
|--------------------------------------------------------
 
|----------------- CITATION INFORMATION -----------------
|
|    When publishing work that utilized the CUDA version
|    of AMBER, please cite the following in addition to
|    the regular AMBER citations:
|
|  - Romelia Salomon-Ferrer; Andreas W. Goetz; Duncan
|    Poole; Scott Le Grand; Ross C. Walker "Routine
|    microsecond molecular dynamics simulations with
|    AMBER - Part II: Particle Mesh Ewald", J. Chem.
|    Theory Comput., 2013, 9 (9), pp3878-3888,
|    DOI: 10.1021/ct400314y.
|
|  - Andreas W. Goetz; Mark J. Williamson; Dong Xu;
|    Duncan Poole; Scott Le Grand; Ross C. Walker
|    "Routine microsecond molecular dynamics simulations
|    with AMBER - Part I: Generalized Born", J. Chem.
|    Theory Comput., 2012, 8 (5), pp1542-1555.
|
|  - Scott Le Grand; Andreas W. Goetz; Ross C. Walker
|    "SPFP: Speed without compromise - a mixed precision
|    model for GPU accelerated molecular dynamics
|    simulations.", Comp. Phys. Comm., 2013, 184
|    pp374-380, DOI: 10.1016/j.cpc.2012.09.022
|
|--------------------------------------------------------
 
|------------------- GPU DEVICE INFO --------------------
|
|            CUDA_VISIBLE_DEVICES: 0
|   CUDA Capable Devices Detected:      1
|           CUDA Device ID in use:      0
|                CUDA Device Name: Tesla P100-PCIE-16GB
|     CUDA Device Global Mem Size:  16276 MB
| CUDA Device Num Multiprocessors:     56
|           CUDA Device Core Freq:   1.33 GHz
|
|--------------------------------------------------------
 
 
| Conditional Compilation Defines Used:
| PUBFFT
| BINTRAJ
| CUDA
| EMIL
 
| Largest sphere to fit in unit cell has radius =    31.674

| New format PARM file being parsed.
| Version =    1.000 Date = 11/09/20 Time = 17:15:25

| Note: 1-4 EEL scale factors are being read from the topology file.

| Note: 1-4 VDW scale factors are being read from the topology file.
| Duplicated    0 dihedrals

| Duplicated    0 dihedrals

--------------------------------------------------------------------------------
   1.  RESOURCE   USE: 
--------------------------------------------------------------------------------

 getting box info from netcdf restart file
 NATOM  =   31539 NTYPES =      18 NBONH =   30816 MBONA  =     774
 NTHETH =     898 MTHETA =    1191 NPHIH =    1825 MPHIA  =    2463
 NHPARM =       0 NPARM  =       0 NNB   =   46574 NRES   =   10211
 NBONA  =     774 NTHETA =    1191 NPHIA =    2463 NUMBND =      61
 NUMANG =     127 NPTRA  =      75 NATYP =      34 NPHB   =       1
 IFBOX  =       2 NMXRS  =      33 IFCAP =       0 NEXTRA =       0
 NCOPY  =       0

| Coordinate Index Table dimensions:    12   12   12
| Direct force subcell size =     6.4654    6.4654    6.4654

     BOX TYPE: TRUNCATED OCTAHEDRON

--------------------------------------------------------------------------------
   2.  CONTROL  DATA  FOR  THE  RUN
--------------------------------------------------------------------------------

default_name                                                                    

General flags:
     imin    =       0, nmropt  =       0

Nature and format of input:
     ntx     =       5, irest   =       1, ntrx    =       1

Nature and format of output:
     ntxo    =       2, ntpr    =      50, ntrx    =       1, ntwr    =    4000
     iwrap   =       0, ntwx    =      50, ntwv    =       0, ntwe    =       0
     ioutfm  =       1, ntwprt  =       0, idecomp =       0, rbornstat=      0

Potential function:
     ntf     =       2, ntb     =       1, igb     =       0, nsnb    =      25
     ipol    =       0, gbsa    =       0, iesp    =       0
     dielc   =   1.00000, cut     =  10.00000, intdiel =   1.00000

Frozen or restrained atoms:
     ibelly  =       0, ntr     =       0

Molecular dynamics:
     nstlim  =      4000, nscm    =      1000, nrespa  =         1
     t       =   0.00000, dt      =   0.00200, vlimit  =  -1.00000

Berendsen (weak-coupling) temperature regulation:
     temp0   = 255.00000, tempi   = 200.00000, tautp   =   1.50000

SHAKE:
     ntc     =       2, jfastw  =       0
     tol     =   0.00001

| Intermolecular bonds treatment:
|     no_intermolecular_bonds =       1

| Energy averages sample interval:
|     ene_avg_sampling =      50

Ewald parameters:
     verbose =       0, ew_type =       0, nbflag  =       1, use_pme =       1
     vdwmeth =       1, eedmeth =       1, netfrc  =       1
     Box X =   77.585   Box Y =   77.585   Box Z =   77.585
     Alpha =  109.471   Beta  =  109.471   Gamma =  109.471
     NFFT1 =   80       NFFT2 =   80       NFFT3 =   80
     Cutoff=   10.000   Tol   =0.100E-04
     Ewald Coefficient =  0.27511
     Interpolation order =    4

--------------------------------------------------------------------------------
   3.  ATOMIC COORDINATES AND VELOCITIES
--------------------------------------------------------------------------------

default_name                                                                    
 begin time read from input coords =    20.000 ps

 
 Number of triangulated 3-point waters found:    10145

     Sum of charges from parm topology file =   0.00000020
     Forcing neutrality...

| Dynamic Memory, Types Used:
| Reals              933795
| Integers           771240

| Nonbonded Pairs Initial Allocation:     9539759

| GPU memory information (estimate):
| KB of GPU memory in use:    162964
| KB of CPU memory in use:     51832

--------------------------------------------------------------------------------
   4.  RESULTS
--------------------------------------------------------------------------------

 ---------------------------------------------------
 APPROXIMATING switch and d/dx switch using CUBIC SPLINE INTERPOLATION
 using   5000.0 points per unit in tabled values
 TESTING RELATIVE ERROR over r ranging from 0.0 to cutoff
| CHECK switch(x): max rel err =   0.3316E-14   at   2.351880
| CHECK d/dx switch(x): max rel err =   0.8066E-11   at   2.747240
 ---------------------------------------------------
|---------------------------------------------------
| APPROXIMATING direct energy using CUBIC SPLINE INTERPOLATION
|  with   50.0 points per unit in tabled values
| Relative Error Limit not exceeded for r .gt.   2.34
| APPROXIMATING direct force using CUBIC SPLINE INTERPOLATION
|  with   50.0 points per unit in tabled values
| Relative Error Limit not exceeded for r .gt.   2.81
|---------------------------------------------------

 NSTEP =       50   TIME(PS) =      20.100  TEMP(K) =   187.96  PRESS =     0.0
 Etot   =   -108636.5885  EKtot   =     11914.4609  EPtot      =   -120551.0495
 BOND   =       151.7964  ANGLE   =       360.2592  DIHED      =      1009.9743
 1-4 NB =       276.0995  1-4 EEL =     -4802.6883  VDWAALS    =     19159.6964
 EELEC  =   -136706.1870  EHBOND  =         0.0000  RESTRAINT  =         0.0000
 ------------------------------------------------------------------------------


 NSTEP =      100   TIME(PS) =      20.200  TEMP(K) =   189.80  PRESS =     0.0
 Etot   =   -108359.1137  EKtot   =     12031.4082  EPtot      =   -120390.5219
 BOND   =       147.9502  ANGLE   =       351.2111  DIHED      =      1005.7989
 1-4 NB =       272.3899  1-4 EEL =     -4781.2279  VDWAALS    =     18799.5091
 EELEC  =   -136186.1532  EHBOND  =         0.0000  RESTRAINT  =         0.0000
 ------------------------------------------------------------------------------


 NSTEP =      150   TIME(PS) =      20.300  TEMP(K) =   191.65  PRESS =     0.0
 Etot   =   -108087.1482  EKtot   =     12148.4961  EPtot      =   -120235.6443
 BOND   =       147.9089  ANGLE   =       363.3338  DIHED      =      1006.9141
 1-4 NB =       269.8605  1-4 EEL =     -4819.0526  VDWAALS    =     18709.0390
 EELEC  =   -135913.6479  EHBOND  =         0.0000  RESTRAINT  =         0.0000
 ------------------------------------------------------------------------------


 NSTEP =      200   TIME(PS) =      20.400  TEMP(K) =   194.44  PRESS =     0.0
 Etot   =   -107822.6870  EKtot   =     12325.4883  EPtot      =   -120148.1753
 BOND   =       165.6690  ANGLE   =       361.5909  DIHED      =      1012.4761
 1-4 NB =       269.0505  1-4 EEL =     -4816.6251  VDWAALS    =     18796.9180
 EELEC  =   -135937.2547  EHBOND  =         0.0000  RESTRAINT  =         0.0000
 ------------------------------------------------------------------------------


 NSTEP =      250   TIME(PS) =      20.500  TEMP(K) =   193.67  PRESS =     0.0
 Etot   =   -107562.2933  EKtot   =     12276.7305  EPtot      =   -119839.0238
 BOND   =       159.9438  ANGLE   =       374.0617  DIHED      =      1005.7198
 1-4 NB =       273.1867  1-4 EEL =     -4803.1543  VDWAALS    =     18626.7067
 EELEC  =   -135475.4882  EHBOND  =         0.0000  RESTRAINT  =         0.0000
 ------------------------------------------------------------------------------


 NSTEP =      300   TIME(PS) =      20.600  TEMP(K) =   196.60  PRESS =     0.0
 Etot   =   -107308.8222  EKtot   =     12462.5762  EPtot      =   -119771.3984
 BOND   =       161.6592  ANGLE   =       366.3458  DIHED      =      1005.8257
 1-4 NB =       279.1792  1-4 EEL =     -4799.7965  VDWAALS    =     18534.9027
 EELEC  =   -135319.5145  EHBOND  =         0.0000  RESTRAINT  =         0.0000
 ------------------------------------------------------------------------------


 NSTEP =      350   TIME(PS) =      20.700  TEMP(K) =   196.76  PRESS =     0.0
 Etot   =   -107060.3485  EKtot   =     12472.4834  EPtot      =   -119532.8319
 BOND   =       160.4646  ANGLE   =       390.8291  DIHED      =      1001.8626
 1-4 NB =       266.5736  1-4 EEL =     -4807.0140  VDWAALS    =     18353.3039
 EELEC  =   -134898.8517  EHBOND  =         0.0000  RESTRAINT  =         0.0000
 ------------------------------------------------------------------------------


 NSTEP =      400   TIME(PS) =      20.800  TEMP(K) =   198.95  PRESS =     0.0
 Etot   =   -106817.5061  EKtot   =     12611.2803  EPtot      =   -119428.7864
 BOND   =       160.4202  ANGLE   =       381.5527  DIHED      =      1014.8250
 1-4 NB =       274.9227  1-4 EEL =     -4794.5115  VDWAALS    =     18602.4483
 EELEC  =   -135068.4438  EHBOND  =         0.0000  RESTRAINT  =         0.0000
 ------------------------------------------------------------------------------


 NSTEP =      450   TIME(PS) =      20.900  TEMP(K) =   200.68  PRESS =     0.0
 Etot   =   -106583.6266  EKtot   =     12720.6973  EPtot      =   -119304.3239
 BOND   =       154.7030  ANGLE   =       379.1888  DIHED      =      1006.2982
 1-4 NB =       274.3552  1-4 EEL =     -4804.1840  VDWAALS    =     18719.0396
 EELEC  =   -135033.7246  EHBOND  =         0.0000  RESTRAINT  =         0.0000
 ------------------------------------------------------------------------------


 NSTEP =      500   TIME(PS) =      21.000  TEMP(K) =   202.48  PRESS =     0.0
 Etot   =   -106361.2884  EKtot   =     12835.3506  EPtot      =   -119196.6390
 BOND   =       153.3896  ANGLE   =       396.2117  DIHED      =      1012.9184
 1-4 NB =       278.9504  1-4 EEL =     -4817.6057  VDWAALS    =     18675.4575
 EELEC  =   -134895.9608  EHBOND  =         0.0000  RESTRAINT  =         0.0000
 ------------------------------------------------------------------------------


 NSTEP =      550   TIME(PS) =      21.100  TEMP(K) =   203.76  PRESS =     0.0
 Etot   =   -106142.5416  EKtot   =     12915.9473  EPtot      =   -119058.4888
 BOND   =       175.4200  ANGLE   =       375.6531  DIHED      =      1024.2753
 1-4 NB =       276.4336  1-4 EEL =     -4834.0927  VDWAALS    =     18301.6529
 EELEC  =   -134377.8312  EHBOND  =         0.0000  RESTRAINT  =         0.0000
 ------------------------------------------------------------------------------


 NSTEP =      600   TIME(PS) =      21.200  TEMP(K) =   203.81  PRESS =     0.0
 Etot   =   -105925.3157  EKtot   =     12919.1270  EPtot      =   -118844.4427
 BOND   =       171.3795  ANGLE   =       384.3831  DIHED      =      1010.5726
 1-4 NB =       274.5879  1-4 EEL =     -4815.6292  VDWAALS    =     18117.7951
 EELEC  =   -133987.5318  EHBOND  =         0.0000  RESTRAINT  =         0.0000
 ------------------------------------------------------------------------------


 NSTEP =      650   TIME(PS) =      21.300  TEMP(K) =   203.85  PRESS =     0.0
 Etot   =   -105714.6156  EKtot   =     12922.0801  EPtot      =   -118636.6957
 BOND   =       159.9125  ANGLE   =       385.4713  DIHED      =      1007.8455
 1-4 NB =       275.5173  1-4 EEL =     -4815.1714  VDWAALS    =     18139.1831
 EELEC  =   -133789.4541  EHBOND  =         0.0000  RESTRAINT  =         0.0000
 ------------------------------------------------------------------------------


 NSTEP =      700   TIME(PS) =      21.400  TEMP(K) =   206.81  PRESS =     0.0
 Etot   =   -105506.2335  EKtot   =     13109.3691  EPtot      =   -118615.6026
 BOND   =       171.2476  ANGLE   =       386.8381  DIHED      =      1017.6270
 1-4 NB =       275.2481  1-4 EEL =     -4806.2412  VDWAALS    =     18194.7632
 EELEC  =   -133855.0853  EHBOND  =         0.0000  RESTRAINT  =         0.0000
 ------------------------------------------------------------------------------


 NSTEP =      750   TIME(PS) =      21.500  TEMP(K) =   207.69  PRESS =     0.0
 Etot   =   -105303.0845  EKtot   =     13165.6641  EPtot      =   -118468.7486
 BOND   =       156.0974  ANGLE   =       393.6833  DIHED      =      1023.2215
 1-4 NB =       275.2428  1-4 EEL =     -4786.6245  VDWAALS    =     18051.5770
 EELEC  =   -133581.9460  EHBOND  =         0.0000  RESTRAINT  =         0.0000
 ------------------------------------------------------------------------------


 NSTEP =      800   TIME(PS) =      21.600  TEMP(K) =   208.77  PRESS =     0.0
 Etot   =   -105109.1086  EKtot   =     13233.5703  EPtot      =   -118342.6789
 BOND   =       176.4114  ANGLE   =       369.7188  DIHED      =      1013.1993
 1-4 NB =       269.6978  1-4 EEL =     -4816.0563  VDWAALS    =     18234.9522
 EELEC  =   -133590.6021  EHBOND  =         0.0000  RESTRAINT  =         0.0000
 ------------------------------------------------------------------------------


 NSTEP =      850   TIME(PS) =      21.700  TEMP(K) =   210.68  PRESS =     0.0
 Etot   =   -104919.6087  EKtot   =     13354.8711  EPtot      =   -118274.4798
 BOND   =       164.0884  ANGLE   =       381.2984  DIHED      =      1021.6872
 1-4 NB =       283.3975  1-4 EEL =     -4816.9371  VDWAALS    =     17950.7897
 EELEC  =   -133258.8039  EHBOND  =         0.0000  RESTRAINT  =         0.0000
 ------------------------------------------------------------------------------


 NSTEP =      900   TIME(PS) =      21.800  TEMP(K) =   210.74  PRESS =     0.0
 Etot   =   -104730.1855  EKtot   =     13358.8125  EPtot      =   -118088.9980
 BOND   =       184.0182  ANGLE   =       415.8515  DIHED      =      1009.3717
 1-4 NB =       276.5387  1-4 EEL =     -4805.3525  VDWAALS    =     17853.9303
 EELEC  =   -133023.3559  EHBOND  =         0.0000  RESTRAINT  =         0.0000
 ------------------------------------------------------------------------------


 NSTEP =      950   TIME(PS) =      21.900  TEMP(K) =   213.54  PRESS =     0.0
 Etot   =   -104549.0678  EKtot   =     13536.4668  EPtot      =   -118085.5346
 BOND   =       176.2481  ANGLE   =       390.6081  DIHED      =      1021.1752
 1-4 NB =       275.9726  1-4 EEL =     -4797.7096  VDWAALS    =     17897.5788
 EELEC  =   -133049.4079  EHBOND  =         0.0000  RESTRAINT  =         0.0000
 ------------------------------------------------------------------------------

check COM velocity, temp:        0.000014     0.00(Removed)

 NSTEP =     1000   TIME(PS) =      22.000  TEMP(K) =   212.09  PRESS =     0.0
 Etot   =   -104368.8211  EKtot   =     13444.3828  EPtot      =   -117813.2039
 BOND   =       181.8814  ANGLE   =       392.5119  DIHED      =      1020.3366
 1-4 NB =       275.3009  1-4 EEL =     -4810.5584  VDWAALS    =     17905.4631
 EELEC  =   -132778.1393  EHBOND  =         0.0000  RESTRAINT  =         0.0000
 ------------------------------------------------------------------------------


 NSTEP =     1050   TIME(PS) =      22.100  TEMP(K) =   214.44  PRESS =     0.0
 Etot   =   -104194.5837  EKtot   =     13593.0879  EPtot      =   -117787.6715
 BOND   =       204.4612  ANGLE   =       396.6500  DIHED      =      1007.6599
 1-4 NB =       280.5688  1-4 EEL =     -4833.9188  VDWAALS    =     17773.2165
 EELEC  =   -132616.3093  EHBOND  =         0.0000  RESTRAINT  =         0.0000
 ------------------------------------------------------------------------------


 NSTEP =     1100   TIME(PS) =      22.200  TEMP(K) =   215.57  PRESS =     0.0
 Etot   =   -104025.3402  EKtot   =     13664.8887  EPtot      =   -117690.2289
 BOND   =       192.8206  ANGLE   =       410.1575  DIHED      =      1010.6409
 1-4 NB =       282.1576  1-4 EEL =     -4811.5572  VDWAALS    =     17647.3991
 EELEC  =   -132421.8474  EHBOND  =         0.0000  RESTRAINT  =         0.0000
 ------------------------------------------------------------------------------


 NSTEP =     1150   TIME(PS) =      22.300  TEMP(K) =   217.14  PRESS =     0.0
 Etot   =   -103857.3870  EKtot   =     13764.6064  EPtot      =   -117621.9935
 BOND   =       169.4132  ANGLE   =       393.8517  DIHED      =      1024.9991
 1-4 NB =       279.3364  1-4 EEL =     -4801.4718  VDWAALS    =     17729.8753
 EELEC  =   -132417.9973  EHBOND  =         0.0000  RESTRAINT  =         0.0000
 ------------------------------------------------------------------------------


 NSTEP =     1200   TIME(PS) =      22.400  TEMP(K) =   219.07  PRESS =     0.0
 Etot   =   -103699.2826  EKtot   =     13886.5635  EPtot      =   -117585.8461
 BOND   =       181.5663  ANGLE   =       394.1570  DIHED      =      1026.8998
 1-4 NB =       280.3226  1-4 EEL =     -4807.5158  VDWAALS    =     17651.5161
 EELEC  =   -132312.7921  EHBOND  =         0.0000  RESTRAINT  =         0.0000
 ------------------------------------------------------------------------------


 NSTEP =     1250   TIME(PS) =      22.500  TEMP(K) =   217.31  PRESS =     0.0
 Etot   =   -103541.5442  EKtot   =     13774.9824  EPtot      =   -117316.5267
 BOND   =       181.1532  ANGLE   =       400.8869  DIHED      =      1024.6986
 1-4 NB =       270.2369  1-4 EEL =     -4808.5251  VDWAALS    =     17773.4753
 EELEC  =   -132158.4525  EHBOND  =         0.0000  RESTRAINT  =         0.0000
 ------------------------------------------------------------------------------


 NSTEP =     1300   TIME(PS) =      22.600  TEMP(K) =   217.88  PRESS =     0.0
 Etot   =   -103382.7923  EKtot   =     13811.1699  EPtot      =   -117193.9623
 BOND   =       179.3541  ANGLE   =       412.2908  DIHED      =      1020.7243
 1-4 NB =       271.2687  1-4 EEL =     -4802.6764  VDWAALS    =     17268.3710
 EELEC  =   -131543.2949  EHBOND  =         0.0000  RESTRAINT  =         0.0000
 ------------------------------------------------------------------------------


 NSTEP =     1350   TIME(PS) =      22.700  TEMP(K) =   217.31  PRESS =     0.0
 Etot   =   -103226.5737  EKtot   =     13775.0986  EPtot      =   -117001.6723
 BOND   =       188.1470  ANGLE   =       411.8482  DIHED      =      1021.0831
 1-4 NB =       278.3287  1-4 EEL =     -4812.3858  VDWAALS    =     17433.8492
 EELEC  =   -131522.5427  EHBOND  =         0.0000  RESTRAINT  =         0.0000
 ------------------------------------------------------------------------------


 NSTEP =     1400   TIME(PS) =      22.800  TEMP(K) =   221.37  PRESS =     0.0
 Etot   =   -103077.2407  EKtot   =     14032.7578  EPtot      =   -117109.9985
 BOND   =       178.4818  ANGLE   =       416.6191  DIHED      =      1033.5899
 1-4 NB =       276.5044  1-4 EEL =     -4789.5816  VDWAALS    =     17482.2495
 EELEC  =   -131707.8616  EHBOND  =         0.0000  RESTRAINT  =         0.0000
 ------------------------------------------------------------------------------


 NSTEP =     1450   TIME(PS) =      22.900  TEMP(K) =   220.79  PRESS =     0.0
 Etot   =   -102930.6781  EKtot   =     13995.8418  EPtot      =   -116926.5199
 BOND   =       176.7068  ANGLE   =       413.4987  DIHED      =      1034.1755
 1-4 NB =       280.1278  1-4 EEL =     -4786.7781  VDWAALS    =     17578.7089
 EELEC  =   -131622.9595  EHBOND  =         0.0000  RESTRAINT  =         0.0000
 ------------------------------------------------------------------------------


 NSTEP =     1500   TIME(PS) =      23.000  TEMP(K) =   219.40  PRESS =     0.0
 Etot   =   -102787.0089  EKtot   =     13907.3730  EPtot      =   -116694.3819
 BOND   =       169.4564  ANGLE   =       427.7404  DIHED      =      1017.4650
 1-4 NB =       284.3752  1-4 EEL =     -4821.2719  VDWAALS    =     17268.2655
 EELEC  =   -131040.4126  EHBOND  =         0.0000  RESTRAINT  =         0.0000
 ------------------------------------------------------------------------------


 NSTEP =     1550   TIME(PS) =      23.100  TEMP(K) =   221.52  PRESS =     0.0
 Etot   =   -102643.7908  EKtot   =     14041.8926  EPtot      =   -116685.6834
 BOND   =       182.9086  ANGLE   =       408.1069  DIHED      =      1030.6285
 1-4 NB =       275.5996  1-4 EEL =     -4808.1792  VDWAALS    =     17325.1101
 EELEC  =   -131099.8579  EHBOND  =         0.0000  RESTRAINT  =         0.0000
 ------------------------------------------------------------------------------


 NSTEP =     1600   TIME(PS) =      23.200  TEMP(K) =   223.65  PRESS =     0.0
 Etot   =   -102503.3042  EKtot   =     14177.1055  EPtot      =   -116680.4097
 BOND   =       172.3161  ANGLE   =       418.6786  DIHED      =      1044.9171
 1-4 NB =       286.4961  1-4 EEL =     -4802.2362  VDWAALS    =     17028.9301
 EELEC  =   -130829.5115  EHBOND  =         0.0000  RESTRAINT  =         0.0000
 ------------------------------------------------------------------------------


 NSTEP =     1650   TIME(PS) =      23.300  TEMP(K) =   223.41  PRESS =     0.0
 Etot   =   -102365.2437  EKtot   =     14161.5977  EPtot      =   -116526.8413
 BOND   =       175.6328  ANGLE   =       420.1792  DIHED      =      1021.6125
 1-4 NB =       270.9524  1-4 EEL =     -4783.1667  VDWAALS    =     17171.9335
 EELEC  =   -130803.9850  EHBOND  =         0.0000  RESTRAINT  =         0.0000
 ------------------------------------------------------------------------------


 NSTEP =     1700   TIME(PS) =      23.400  TEMP(K) =   222.63  PRESS =     0.0
 Etot   =   -102228.9492  EKtot   =     14112.6455  EPtot      =   -116341.5947
 BOND   =       184.7754  ANGLE   =       432.1271  DIHED      =      1046.0558
 1-4 NB =       277.3080  1-4 EEL =     -4806.8664  VDWAALS    =     17131.3043
 EELEC  =   -130606.2989  EHBOND  =         0.0000  RESTRAINT  =         0.0000
 ------------------------------------------------------------------------------


 NSTEP =     1750   TIME(PS) =      23.500  TEMP(K) =   224.86  PRESS =     0.0
 Etot   =   -102098.2881  EKtot   =     14253.6602  EPtot      =   -116351.9482
 BOND   =       191.1202  ANGLE   =       408.8216  DIHED      =      1047.0239
 1-4 NB =       285.1905  1-4 EEL =     -4803.3014  VDWAALS    =     17107.1127
 EELEC  =   -130587.9157  EHBOND  =         0.0000  RESTRAINT  =         0.0000
 ------------------------------------------------------------------------------


 NSTEP =     1800   TIME(PS) =      23.600  TEMP(K) =   224.30  PRESS =     0.0
 Etot   =   -101967.0654  EKtot   =     14218.5469  EPtot      =   -116185.6123
 BOND   =       182.2097  ANGLE   =       426.1328  DIHED      =      1041.3520
 1-4 NB =       280.1740  1-4 EEL =     -4788.6877  VDWAALS    =     17369.3266
 EELEC  =   -130696.1196  EHBOND  =         0.0000  RESTRAINT  =         0.0000
 ------------------------------------------------------------------------------


 NSTEP =     1850   TIME(PS) =      23.700  TEMP(K) =   225.44  PRESS =     0.0
 Etot   =   -101842.8582  EKtot   =     14290.6367  EPtot      =   -116133.4950
 BOND   =       206.3637  ANGLE   =       416.3575  DIHED      =      1037.4655
 1-4 NB =       273.2108  1-4 EEL =     -4803.8944  VDWAALS    =     17144.7836
 EELEC  =   -130407.7816  EHBOND  =         0.0000  RESTRAINT  =         0.0000
 ------------------------------------------------------------------------------


 NSTEP =     1900   TIME(PS) =      23.800  TEMP(K) =   226.91  PRESS =     0.0
 Etot   =   -101722.6371  EKtot   =     14383.6348  EPtot      =   -116106.2719
 BOND   =       183.5588  ANGLE   =       417.4552  DIHED      =      1037.5326
 1-4 NB =       289.2766  1-4 EEL =     -4783.3278  VDWAALS    =     17244.5866
 EELEC  =   -130495.3538  EHBOND  =         0.0000  RESTRAINT  =         0.0000
 ------------------------------------------------------------------------------


 NSTEP =     1950   TIME(PS) =      23.900  TEMP(K) =   227.77  PRESS =     0.0
 Etot   =   -101608.8768  EKtot   =     14438.2832  EPtot      =   -116047.1600
 BOND   =       202.7036  ANGLE   =       427.3409  DIHED      =      1033.0477
 1-4 NB =       282.5591  1-4 EEL =     -4822.6354  VDWAALS    =     17260.4061
 EELEC  =   -130430.5820  EHBOND  =         0.0000  RESTRAINT  =         0.0000
 ------------------------------------------------------------------------------

check COM velocity, temp:        0.000010     0.00(Removed)

 NSTEP =     2000   TIME(PS) =      24.000  TEMP(K) =   227.61  PRESS =     0.0
 Etot   =   -101492.6446  EKtot   =     14428.3721  EPtot      =   -115921.0167
 BOND   =       201.2244  ANGLE   =       429.2403  DIHED      =      1031.8424
 1-4 NB =       269.1937  1-4 EEL =     -4825.6173  VDWAALS    =     17025.4315
 EELEC  =   -130052.3317  EHBOND  =         0.0000  RESTRAINT  =         0.0000
 ------------------------------------------------------------------------------


 NSTEP =     2050   TIME(PS) =      24.100  TEMP(K) =   226.89  PRESS =     0.0
 Etot   =   -101377.0960  EKtot   =     14382.1797  EPtot      =   -115759.2757
 BOND   =       188.0542  ANGLE   =       439.5967  DIHED      =      1037.5332
 1-4 NB =       280.4998  1-4 EEL =     -4795.6656  VDWAALS    =     16926.9530
 EELEC  =   -129836.2470  EHBOND  =         0.0000  RESTRAINT  =         0.0000
 ------------------------------------------------------------------------------


 NSTEP =     2100   TIME(PS) =      24.200  TEMP(K) =   228.19  PRESS =     0.0
 Etot   =   -101264.5778  EKtot   =     14464.9219  EPtot      =   -115729.4997
 BOND   =       204.4152  ANGLE   =       425.2059  DIHED      =      1046.0460
 1-4 NB =       283.4986  1-4 EEL =     -4811.5828  VDWAALS    =     17166.1208
 EELEC  =   -130043.2035  EHBOND  =         0.0000  RESTRAINT  =         0.0000
 ------------------------------------------------------------------------------


 NSTEP =     2150   TIME(PS) =      24.300  TEMP(K) =   230.21  PRESS =     0.0
 Etot   =   -101155.7286  EKtot   =     14593.0723  EPtot      =   -115748.8008
 BOND   =       185.2719  ANGLE   =       447.6319  DIHED      =      1034.3809
 1-4 NB =       281.6284  1-4 EEL =     -4806.7845  VDWAALS    =     16753.3081
 EELEC  =   -129644.2376  EHBOND  =         0.0000  RESTRAINT  =         0.0000
 ------------------------------------------------------------------------------


 NSTEP =     2200   TIME(PS) =      24.400  TEMP(K) =   229.87  PRESS =     0.0
 Etot   =   -101048.9925  EKtot   =     14571.4570  EPtot      =   -115620.4495
 BOND   =       187.4860  ANGLE   =       422.9642  DIHED      =      1031.1209
 1-4 NB =       284.3225  1-4 EEL =     -4817.2088  VDWAALS    =     16764.7070
 EELEC  =   -129493.8414  EHBOND  =         0.0000  RESTRAINT  =         0.0000
 ------------------------------------------------------------------------------


 NSTEP =     2250   TIME(PS) =      24.500  TEMP(K) =   230.65  PRESS =     0.0
 Etot   =   -100941.6823  EKtot   =     14620.9668  EPtot      =   -115562.6491
 BOND   =       220.7124  ANGLE   =       431.5892  DIHED      =      1024.8788
 1-4 NB =       283.0198  1-4 EEL =     -4821.5058  VDWAALS    =     16947.5217
 EELEC  =   -129648.8651  EHBOND  =         0.0000  RESTRAINT  =         0.0000
 ------------------------------------------------------------------------------


 NSTEP =     2300   TIME(PS) =      24.600  TEMP(K) =   232.45  PRESS =     0.0
 Etot   =   -100840.7138  EKtot   =     14734.7363  EPtot      =   -115575.4501
 BOND   =       177.2501  ANGLE   =       404.0606  DIHED      =      1043.0073
 1-4 NB =       292.2756  1-4 EEL =     -4799.0395  VDWAALS    =     16823.6039
 EELEC  =   -129516.6082  EHBOND  =         0.0000  RESTRAINT  =         0.0000
 ------------------------------------------------------------------------------


 NSTEP =     2350   TIME(PS) =      24.700  TEMP(K) =   233.26  PRESS =     0.0
 Etot   =   -100741.4314  EKtot   =     14786.5098  EPtot      =   -115527.9412
 BOND   =       214.0914  ANGLE   =       456.5957  DIHED      =      1029.5635
 1-4 NB =       278.9576  1-4 EEL =     -4821.7956  VDWAALS    =     16940.8238
 EELEC  =   -129626.1774  EHBOND  =         0.0000  RESTRAINT  =         0.0000
 ------------------------------------------------------------------------------


 NSTEP =     2400   TIME(PS) =      24.800  TEMP(K) =   232.86  PRESS =     0.0
 Etot   =   -100647.8611  EKtot   =     14760.6992  EPtot      =   -115408.5603
 BOND   =       210.6013  ANGLE   =       440.4868  DIHED      =      1008.6867
 1-4 NB =       279.6908  1-4 EEL =     -4808.5552  VDWAALS    =     16792.9371
 EELEC  =   -129332.4079  EHBOND  =         0.0000  RESTRAINT  =         0.0000
 ------------------------------------------------------------------------------


 NSTEP =     2450   TIME(PS) =      24.900  TEMP(K) =   232.01  PRESS =     0.0
 Etot   =   -100548.9750  EKtot   =     14706.9326  EPtot      =   -115255.9077
 BOND   =       186.3723  ANGLE   =       455.9854  DIHED      =      1029.5054
 1-4 NB =       288.9148  1-4 EEL =     -4794.2451  VDWAALS    =     16766.5533
 EELEC  =   -129188.9937  EHBOND  =         0.0000  RESTRAINT  =         0.0000
 ------------------------------------------------------------------------------


 NSTEP =     2500   TIME(PS) =      25.000  TEMP(K) =   230.14  PRESS =     0.0
 Etot   =   -100450.0750  EKtot   =     14588.5166  EPtot      =   -115038.5916
 BOND   =       205.0380  ANGLE   =       437.7290  DIHED      =      1020.6824
 1-4 NB =       284.6964  1-4 EEL =     -4814.8072  VDWAALS    =     16758.5144
 EELEC  =   -128930.4446  EHBOND  =         0.0000  RESTRAINT  =         0.0000
 ------------------------------------------------------------------------------


 NSTEP =     2550   TIME(PS) =      25.100  TEMP(K) =   233.58  PRESS =     0.0
 Etot   =   -100357.8769  EKtot   =     14806.6953  EPtot      =   -115164.5722
 BOND   =       218.6518  ANGLE   =       446.5608  DIHED      =      1019.7293
 1-4 NB =       271.5220  1-4 EEL =     -4813.0367  VDWAALS    =     16782.0133
 EELEC  =   -129090.0127  EHBOND  =         0.0000  RESTRAINT  =         0.0000
 ------------------------------------------------------------------------------


 NSTEP =     2600   TIME(PS) =      25.200  TEMP(K) =   234.36  PRESS =     0.0
 Etot   =   -100270.6409  EKtot   =     14856.2217  EPtot      =   -115126.8626
 BOND   =       188.6043  ANGLE   =       465.5403  DIHED      =      1027.9529
 1-4 NB =       289.9763  1-4 EEL =     -4818.7983  VDWAALS    =     16792.0498
 EELEC  =   -129072.1880  EHBOND  =         0.0000  RESTRAINT  =         0.0000
 ------------------------------------------------------------------------------


 NSTEP =     2650   TIME(PS) =      25.300  TEMP(K) =   231.79  PRESS =     0.0
 Etot   =   -100178.3762  EKtot   =     14693.2539  EPtot      =   -114871.6301
 BOND   =       197.5507  ANGLE   =       428.3695  DIHED      =      1030.5778
 1-4 NB =       282.3192  1-4 EEL =     -4783.5465  VDWAALS    =     16608.8775
 EELEC  =   -128635.7783  EHBOND  =         0.0000  RESTRAINT  =         0.0000
 ------------------------------------------------------------------------------


 NSTEP =     2700   TIME(PS) =      25.400  TEMP(K) =   235.05  PRESS =     0.0
 Etot   =   -100090.2171  EKtot   =     14899.5332  EPtot      =   -114989.7503
 BOND   =       204.2719  ANGLE   =       442.0423  DIHED      =      1036.5067
 1-4 NB =       280.2552  1-4 EEL =     -4798.7784  VDWAALS    =     16616.8617
 EELEC  =   -128770.9097  EHBOND  =         0.0000  RESTRAINT  =         0.0000
 ------------------------------------------------------------------------------


 NSTEP =     2750   TIME(PS) =      25.500  TEMP(K) =   237.10  PRESS =     0.0
 Etot   =   -100006.4400  EKtot   =     15029.7012  EPtot      =   -115036.1412
 BOND   =       216.6144  ANGLE   =       446.9541  DIHED      =      1038.8359
 1-4 NB =       287.5275  1-4 EEL =     -4838.1128  VDWAALS    =     16657.6556
 EELEC  =   -128845.6159  EHBOND  =         0.0000  RESTRAINT  =         0.0000
 ------------------------------------------------------------------------------


 NSTEP =     2800   TIME(PS) =      25.600  TEMP(K) =   234.36  PRESS =     0.0
 Etot   =    -99921.8224  EKtot   =     14855.6719  EPtot      =   -114777.4943
 BOND   =       216.8279  ANGLE   =       444.3270  DIHED      =      1015.4708
 1-4 NB =       273.7334  1-4 EEL =     -4817.6089  VDWAALS    =     16672.4615
 EELEC  =   -128582.7061  EHBOND  =         0.0000  RESTRAINT  =         0.0000
 ------------------------------------------------------------------------------


 NSTEP =     2850   TIME(PS) =      25.700  TEMP(K) =   234.05  PRESS =     0.0
 Etot   =    -99835.4527  EKtot   =     14836.0303  EPtot      =   -114671.4830
 BOND   =       204.9054  ANGLE   =       445.6754  DIHED      =      1040.5928
 1-4 NB =       279.8869  1-4 EEL =     -4814.8450  VDWAALS    =     16623.2666
 EELEC  =   -128450.9651  EHBOND  =         0.0000  RESTRAINT  =         0.0000
 ------------------------------------------------------------------------------


 NSTEP =     2900   TIME(PS) =      25.800  TEMP(K) =   236.75  PRESS =     0.0
 Etot   =    -99752.3108  EKtot   =     15007.5801  EPtot      =   -114759.8909
 BOND   =       201.8822  ANGLE   =       468.3318  DIHED      =      1037.7903
 1-4 NB =       273.9140  1-4 EEL =     -4806.4565  VDWAALS    =     16648.1981
 EELEC  =   -128583.5508  EHBOND  =         0.0000  RESTRAINT  =         0.0000
 ------------------------------------------------------------------------------


 NSTEP =     2950   TIME(PS) =      25.900  TEMP(K) =   236.40  PRESS =     0.0
 Etot   =    -99676.1818  EKtot   =     14985.0010  EPtot      =   -114661.1828
 BOND   =       207.0871  ANGLE   =       443.0198  DIHED      =      1057.9840
 1-4 NB =       280.0392  1-4 EEL =     -4808.3076  VDWAALS    =     16655.9371
 EELEC  =   -128496.9425  EHBOND  =         0.0000  RESTRAINT  =         0.0000
 ------------------------------------------------------------------------------

check COM velocity, temp:        0.000011     0.00(Removed)

 NSTEP =     3000   TIME(PS) =      26.000  TEMP(K) =   236.68  PRESS =     0.0
 Etot   =    -99597.4476  EKtot   =     15003.0439  EPtot      =   -114600.4916
 BOND   =       215.2997  ANGLE   =       470.2726  DIHED      =      1033.7307
 1-4 NB =       273.5187  1-4 EEL =     -4807.6152  VDWAALS    =     16462.9768
 EELEC  =   -128248.6748  EHBOND  =         0.0000  RESTRAINT  =         0.0000
 ------------------------------------------------------------------------------


 NSTEP =     3050   TIME(PS) =      26.100  TEMP(K) =   236.39  PRESS =     0.0
 Etot   =    -99518.4216  EKtot   =     14984.7129  EPtot      =   -114503.1345
 BOND   =       210.5230  ANGLE   =       455.8920  DIHED      =      1045.2193
 1-4 NB =       288.3087  1-4 EEL =     -4812.6665  VDWAALS    =     16482.6351
 EELEC  =   -128173.0462  EHBOND  =         0.0000  RESTRAINT  =         0.0000
 ------------------------------------------------------------------------------


 NSTEP =     3100   TIME(PS) =      26.200  TEMP(K) =   236.84  PRESS =     0.0
 Etot   =    -99442.6061  EKtot   =     15013.1006  EPtot      =   -114455.7066
 BOND   =       225.1911  ANGLE   =       472.4100  DIHED      =      1037.0830
 1-4 NB =       267.6353  1-4 EEL =     -4817.7811  VDWAALS    =     16333.6565
 EELEC  =   -127973.9014  EHBOND  =         0.0000  RESTRAINT  =         0.0000
 ------------------------------------------------------------------------------


 NSTEP =     3150   TIME(PS) =      26.300  TEMP(K) =   236.93  PRESS =     0.0
 Etot   =    -99365.2704  EKtot   =     15018.8438  EPtot      =   -114384.1141
 BOND   =       198.1118  ANGLE   =       464.6076  DIHED      =      1045.5512
 1-4 NB =       287.7732  1-4 EEL =     -4807.4804  VDWAALS    =     16444.5968
 EELEC  =   -128017.2744  EHBOND  =         0.0000  RESTRAINT  =         0.0000
 ------------------------------------------------------------------------------


 NSTEP =     3200   TIME(PS) =      26.400  TEMP(K) =   239.41  PRESS =     0.0
 Etot   =    -99296.2355  EKtot   =     15175.8408  EPtot      =   -114472.0763
 BOND   =       197.8928  ANGLE   =       468.8521  DIHED      =      1040.5457
 1-4 NB =       285.7071  1-4 EEL =     -4786.6071  VDWAALS    =     16586.5760
 EELEC  =   -128265.0427  EHBOND  =         0.0000  RESTRAINT  =         0.0000
 ------------------------------------------------------------------------------


 NSTEP =     3250   TIME(PS) =      26.500  TEMP(K) =   238.84  PRESS =     0.0
 Etot   =    -99226.6243  EKtot   =     15140.1904  EPtot      =   -114366.8147
 BOND   =       198.2435  ANGLE   =       467.4519  DIHED      =      1047.4251
 1-4 NB =       280.6089  1-4 EEL =     -4796.3890  VDWAALS    =     16416.5668
 EELEC  =   -127980.7219  EHBOND  =         0.0000  RESTRAINT  =         0.0000
 ------------------------------------------------------------------------------


 NSTEP =     3300   TIME(PS) =      26.600  TEMP(K) =   237.86  PRESS =     0.0
 Etot   =    -99155.6999  EKtot   =     15077.6992  EPtot      =   -114233.3991
 BOND   =       214.8471  ANGLE   =       445.7014  DIHED      =      1031.2974
 1-4 NB =       276.3085  1-4 EEL =     -4790.0042  VDWAALS    =     16267.3383
 EELEC  =   -127678.8876  EHBOND  =         0.0000  RESTRAINT  =         0.0000
 ------------------------------------------------------------------------------


 NSTEP =     3350   TIME(PS) =      26.700  TEMP(K) =   238.45  PRESS =     0.0
 Etot   =    -99081.4268  EKtot   =     15115.2637  EPtot      =   -114196.6904
 BOND   =       228.4461  ANGLE   =       451.4395  DIHED      =      1046.8958
 1-4 NB =       278.9081  1-4 EEL =     -4790.3461  VDWAALS    =     16358.7375
 EELEC  =   -127770.7712  EHBOND  =         0.0000  RESTRAINT  =         0.0000
 ------------------------------------------------------------------------------


 NSTEP =     3400   TIME(PS) =      26.800  TEMP(K) =   236.82  PRESS =     0.0
 Etot   =    -99011.9208  EKtot   =     15011.7471  EPtot      =   -114023.6679
 BOND   =       216.8608  ANGLE   =       450.9576  DIHED      =      1038.8831
 1-4 NB =       280.6469  1-4 EEL =     -4795.6552  VDWAALS    =     16098.0496
 EELEC  =   -127313.4106  EHBOND  =         0.0000  RESTRAINT  =         0.0000
 ------------------------------------------------------------------------------


 NSTEP =     3450   TIME(PS) =      26.900  TEMP(K) =   239.00  PRESS =     0.0
 Etot   =    -98944.8979  EKtot   =     15150.1367  EPtot      =   -114095.0346
 BOND   =       207.7928  ANGLE   =       458.0397  DIHED      =      1035.3943
 1-4 NB =       292.2538  1-4 EEL =     -4810.0124  VDWAALS    =     16392.0505
 EELEC  =   -127670.5534  EHBOND  =         0.0000  RESTRAINT  =         0.0000
 ------------------------------------------------------------------------------


 NSTEP =     3500   TIME(PS) =      27.000  TEMP(K) =   241.69  PRESS =     0.0
 Etot   =    -98886.0442  EKtot   =     15320.4482  EPtot      =   -114206.4924
 BOND   =       222.3249  ANGLE   =       462.4174  DIHED      =      1039.8769
 1-4 NB =       289.3224  1-4 EEL =     -4821.3515  VDWAALS    =     16625.7519
 EELEC  =   -128024.8344  EHBOND  =         0.0000  RESTRAINT  =         0.0000
 ------------------------------------------------------------------------------


 NSTEP =     3550   TIME(PS) =      27.100  TEMP(K) =   240.53  PRESS =     0.0
 Etot   =    -98824.2003  EKtot   =     15247.1777  EPtot      =   -114071.3780
 BOND   =       216.6738  ANGLE   =       456.3155  DIHED      =      1033.6345
 1-4 NB =       284.8619  1-4 EEL =     -4799.6878  VDWAALS    =     16302.6979
 EELEC  =   -127565.8739  EHBOND  =         0.0000  RESTRAINT  =         0.0000
 ------------------------------------------------------------------------------


 NSTEP =     3600   TIME(PS) =      27.200  TEMP(K) =   239.84  PRESS =     0.0
 Etot   =    -98763.3355  EKtot   =     15203.5996  EPtot      =   -113966.9351
 BOND   =       230.0407  ANGLE   =       492.9526  DIHED      =      1019.1535
 1-4 NB =       277.0649  1-4 EEL =     -4831.6149  VDWAALS    =     16352.8637
 EELEC  =   -127507.3956  EHBOND  =         0.0000  RESTRAINT  =         0.0000
 ------------------------------------------------------------------------------


 NSTEP =     3650   TIME(PS) =      27.300  TEMP(K) =   240.67  PRESS =     0.0
 Etot   =    -98702.7777  EKtot   =     15256.1123  EPtot      =   -113958.8900
 BOND   =       210.2249  ANGLE   =       441.2141  DIHED      =      1039.7596
 1-4 NB =       284.1466  1-4 EEL =     -4756.2438  VDWAALS    =     16027.2330
 EELEC  =   -127205.2244  EHBOND  =         0.0000  RESTRAINT  =         0.0000
 ------------------------------------------------------------------------------


 NSTEP =     3700   TIME(PS) =      27.400  TEMP(K) =   239.91  PRESS =     0.0
 Etot   =    -98640.2058  EKtot   =     15207.5244  EPtot      =   -113847.7302
 BOND   =       209.5400  ANGLE   =       466.9488  DIHED      =      1031.5329
 1-4 NB =       284.5968  1-4 EEL =     -4800.6997  VDWAALS    =     16292.4581
 EELEC  =   -127332.1071  EHBOND  =         0.0000  RESTRAINT  =         0.0000
 ------------------------------------------------------------------------------


 NSTEP =     3750   TIME(PS) =      27.500  TEMP(K) =   242.67  PRESS =     0.0
 Etot   =    -98585.6191  EKtot   =     15382.8047  EPtot      =   -113968.4238
 BOND   =       199.9069  ANGLE   =       462.0159  DIHED      =      1039.8542
 1-4 NB =       284.0499  1-4 EEL =     -4772.4124  VDWAALS    =     16279.4724
 EELEC  =   -127461.3107  EHBOND  =         0.0000  RESTRAINT  =         0.0000
 ------------------------------------------------------------------------------


 NSTEP =     3800   TIME(PS) =      27.600  TEMP(K) =   239.88  PRESS =     0.0
 Etot   =    -98531.5660  EKtot   =     15205.8486  EPtot      =   -113737.4146
 BOND   =       235.1707  ANGLE   =       454.3199  DIHED      =      1048.9535
 1-4 NB =       283.4994  1-4 EEL =     -4822.1448  VDWAALS    =     16061.5606
 EELEC  =   -126998.7740  EHBOND  =         0.0000  RESTRAINT  =         0.0000
 ------------------------------------------------------------------------------


 NSTEP =     3850   TIME(PS) =      27.700  TEMP(K) =   239.61  PRESS =     0.0
 Etot   =    -98466.8965  EKtot   =     15188.7158  EPtot      =   -113655.6123
 BOND   =       236.9661  ANGLE   =       465.0294  DIHED      =      1047.1892
 1-4 NB =       283.3263  1-4 EEL =     -4825.9979  VDWAALS    =     16127.0798
 EELEC  =   -126989.2052  EHBOND  =         0.0000  RESTRAINT  =         0.0000
 ------------------------------------------------------------------------------


 NSTEP =     3900   TIME(PS) =      27.800  TEMP(K) =   240.09  PRESS =     0.0
 Etot   =    -98407.5656  EKtot   =     15218.9424  EPtot      =   -113626.5080
 BOND   =       200.9939  ANGLE   =       480.2409  DIHED      =      1030.0740
 1-4 NB =       298.7664  1-4 EEL =     -4818.8919  VDWAALS    =     16139.9253
 EELEC  =   -126957.6166  EHBOND  =         0.0000  RESTRAINT  =         0.0000
 ------------------------------------------------------------------------------


 NSTEP =     3950   TIME(PS) =      27.900  TEMP(K) =   241.26  PRESS =     0.0
 Etot   =    -98353.2892  EKtot   =     15293.3848  EPtot      =   -113646.6740
 BOND   =       246.9491  ANGLE   =       470.0984  DIHED      =      1053.4248
 1-4 NB =       283.5358  1-4 EEL =     -4792.5807  VDWAALS    =     16176.6880
 EELEC  =   -127084.7895  EHBOND  =         0.0000  RESTRAINT  =         0.0000
 ------------------------------------------------------------------------------

check COM velocity, temp:        0.000005     0.00(Removed)

 NSTEP =     4000   TIME(PS) =      28.000  TEMP(K) =   241.21  PRESS =     0.0
 Etot   =    -98294.3571  EKtot   =     15290.2793  EPtot      =   -113584.6364
 BOND   =       211.5490  ANGLE   =       476.3590  DIHED      =      1038.0595
 1-4 NB =       285.3152  1-4 EEL =     -4771.4350  VDWAALS    =     15921.9485
 EELEC  =   -126746.4325  EHBOND  =         0.0000  RESTRAINT  =         0.0000
 ------------------------------------------------------------------------------


      A V E R A G E S   O V E R      80 S T E P S


 NSTEP =     4000   TIME(PS) =      28.000  TEMP(K) =   223.85  PRESS =     0.0
 Etot   =   -102103.3369  EKtot   =     14189.4638  EPtot      =   -116292.8008
 BOND   =       191.9278  ANGLE   =       425.1118  DIHED      =      1028.4965
 1-4 NB =       279.6566  1-4 EEL =     -4805.9016  VDWAALS    =     17198.6223
 EELEC  =   -130610.7142  EHBOND  =         0.0000  RESTRAINT  =         0.0000
 ------------------------------------------------------------------------------


      R M S  F L U C T U A T I O N S


 NSTEP =     4000   TIME(PS) =      28.000  TEMP(K) =    15.01  PRESS =     0.0
 Etot   =      2932.0924  EKtot   =       951.3872  EPtot      =      1986.8978
 BOND   =        22.9265  ANGLE   =        34.1357  DIHED      =        13.5260
 1-4 NB =         6.3356  1-4 EEL =        14.8990  VDWAALS    =       822.0920
 EELEC  =      2735.2011  EHBOND  =         0.0000  RESTRAINT  =         0.0000
 ------------------------------------------------------------------------------

--------------------------------------------------------------------------------
   5.  TIMINGS
--------------------------------------------------------------------------------

|  NonSetup CPU Time in Major Routines:
|
|     Routine           Sec        %
|     ------------------------------
|     Nonbond           4.04   19.57
|     Bond              0.00    0.00
|     Angle             0.00    0.00
|     Dihedral          0.00    0.00
|     Shake             0.05    0.23
|     RunMD            16.52   80.13
|     Other             0.01    0.07
|     ------------------------------
|     Total            20.62

|  PME Nonbond Pairlist CPU Time:
|
|     Routine              Sec        %
|     ---------------------------------
|     Set Up Cit           0.00    0.00
|     Build List           0.00    0.00
|     ---------------------------------
|     Total                0.00    0.00

|  PME Direct Force CPU Time:
|
|     Routine              Sec        %
|     ---------------------------------
|     NonBonded Calc       0.00    0.00
|     Exclude Masked       0.00    0.00
|     Other                0.01    0.04
|     ---------------------------------
|     Total                0.01    0.04

|  PME Reciprocal Force CPU Time:
|
|     Routine              Sec        %
|     ---------------------------------
|     1D bspline           0.00    0.00
|     Grid Charges         0.00    0.00
|     Scalar Sum           0.00    0.00
|     Gradient Sum         0.00    0.00
|     FFT                  0.00    0.00
|     ---------------------------------
|     Total                0.00    0.00

|  Final Performance Info:
|     -----------------------------------------------------
|     Average timings for last    3950 steps:
|     Elapsed(s) =      40.68 Per Step(ms) =      10.30
|         ns/day =      16.78   seconds/ns =    5149.71
|
|     Average timings for all steps:
|     Elapsed(s) =      41.21 Per Step(ms) =      10.30
|         ns/day =      16.77   seconds/ns =    5151.80
|     -----------------------------------------------------

|  Setup CPU time:            1.20 seconds
|  NonSetup CPU time:        20.62 seconds
|  Total CPU time:           21.81 seconds     0.01 hours

|  Setup wall time:           2    seconds
|  NonSetup wall time:       41    seconds
|  Total wall time:          43    seconds     0.01 hours
