
          -------------------------------------------------------
          Amber 16 PMEMD                              2016
          -------------------------------------------------------

| PMEMD implementation of SANDER, Release 16

| Run on 11/09/2020 at 17:19:23

|   Executable path: pmemd.cuda
| Working directory: /home/kyq/T7RNADNA/newLC4
|          Hostname: gpu01

  [-O]verwriting output

File Assignments:
|   MDIN: heat2.in                                                              
|  MDOUT: cmp_heat2.out                                                         
| INPCRD: cmp_heat1.rst                                                         
|   PARM: cmp.prmtop                                                            
| RESTRT: cmp_heat2.rst                                                         
|   REFC: cmp.inpcrd                                                            
|  MDVEL: mdvel                                                                 
|   MDEN: mden                                                                  
|  MDCRD: cmp_heat2.mdcrd                                                       
| MDINFO: mdinfo                                                                
|  MDFRC: mdfrc                                                                 

 
 Here is the input file:
 
Stage 1 heating 1 5ps 0-100K                                                   
 &cntrl                                                                        
  imin=0, irest=1,ntx=5,                                                       
  nstlim=2500, dt=0.002,                                                       
  ntc=2, ntf=2,                                                                
  ntt=1, tautp=1.5,                                                            
  tempi=50.0, temp0=100.0,                                                     
  ntpr=50, ntwx=50,                                                            
  ntb=1,                                                                       
  cut=10,                                                                      
  /                                                                            


Note: ig = -1. Setting random seed to   461617 based on wallclock time in 
      microseconds.
 
|--------------------- INFORMATION ----------------------
| GPU (CUDA) Version of PMEMD in use: NVIDIA GPU IN USE.
|                    Version 16.0.0
| 
|                      02/25/2016
| 
| Implementation by:
|                    Ross C. Walker     (SDSC)
|                    Scott Le Grand     (nVIDIA)
| 
| Precision model in use:
|      [SPFP] - Single Precision Forces, 64-bit Fixed Point
|               Accumulation. (Default)
| 
|--------------------------------------------------------
 
|----------------- CITATION INFORMATION -----------------
|
|    When publishing work that utilized the CUDA version
|    of AMBER, please cite the following in addition to
|    the regular AMBER citations:
|
|  - Romelia Salomon-Ferrer; Andreas W. Goetz; Duncan
|    Poole; Scott Le Grand; Ross C. Walker "Routine
|    microsecond molecular dynamics simulations with
|    AMBER - Part II: Particle Mesh Ewald", J. Chem.
|    Theory Comput., 2013, 9 (9), pp3878-3888,
|    DOI: 10.1021/ct400314y.
|
|  - Andreas W. Goetz; Mark J. Williamson; Dong Xu;
|    Duncan Poole; Scott Le Grand; Ross C. Walker
|    "Routine microsecond molecular dynamics simulations
|    with AMBER - Part I: Generalized Born", J. Chem.
|    Theory Comput., 2012, 8 (5), pp1542-1555.
|
|  - Scott Le Grand; Andreas W. Goetz; Ross C. Walker
|    "SPFP: Speed without compromise - a mixed precision
|    model for GPU accelerated molecular dynamics
|    simulations.", Comp. Phys. Comm., 2013, 184
|    pp374-380, DOI: 10.1016/j.cpc.2012.09.022
|
|--------------------------------------------------------
 
|------------------- GPU DEVICE INFO --------------------
|
|            CUDA_VISIBLE_DEVICES: 0
|   CUDA Capable Devices Detected:      1
|           CUDA Device ID in use:      0
|                CUDA Device Name: Tesla P100-PCIE-16GB
|     CUDA Device Global Mem Size:  16276 MB
| CUDA Device Num Multiprocessors:     56
|           CUDA Device Core Freq:   1.33 GHz
|
|--------------------------------------------------------
 
 
| Conditional Compilation Defines Used:
| PUBFFT
| BINTRAJ
| CUDA
| EMIL
 
| Largest sphere to fit in unit cell has radius =    31.674

| New format PARM file being parsed.
| Version =    1.000 Date = 11/09/20 Time = 17:15:25

| Note: 1-4 EEL scale factors are being read from the topology file.

| Note: 1-4 VDW scale factors are being read from the topology file.
| Duplicated    0 dihedrals

| Duplicated    0 dihedrals

--------------------------------------------------------------------------------
   1.  RESOURCE   USE: 
--------------------------------------------------------------------------------

 getting box info from netcdf restart file
 NATOM  =   31539 NTYPES =      18 NBONH =   30816 MBONA  =     774
 NTHETH =     898 MTHETA =    1191 NPHIH =    1825 MPHIA  =    2463
 NHPARM =       0 NPARM  =       0 NNB   =   46574 NRES   =   10211
 NBONA  =     774 NTHETA =    1191 NPHIA =    2463 NUMBND =      61
 NUMANG =     127 NPTRA  =      75 NATYP =      34 NPHB   =       1
 IFBOX  =       2 NMXRS  =      33 IFCAP =       0 NEXTRA =       0
 NCOPY  =       0

| Coordinate Index Table dimensions:    12   12   12
| Direct force subcell size =     6.4654    6.4654    6.4654

     BOX TYPE: TRUNCATED OCTAHEDRON

--------------------------------------------------------------------------------
   2.  CONTROL  DATA  FOR  THE  RUN
--------------------------------------------------------------------------------

default_name                                                                    

General flags:
     imin    =       0, nmropt  =       0

Nature and format of input:
     ntx     =       5, irest   =       1, ntrx    =       1

Nature and format of output:
     ntxo    =       2, ntpr    =      50, ntrx    =       1, ntwr    =    2500
     iwrap   =       0, ntwx    =      50, ntwv    =       0, ntwe    =       0
     ioutfm  =       1, ntwprt  =       0, idecomp =       0, rbornstat=      0

Potential function:
     ntf     =       2, ntb     =       1, igb     =       0, nsnb    =      25
     ipol    =       0, gbsa    =       0, iesp    =       0
     dielc   =   1.00000, cut     =  10.00000, intdiel =   1.00000

Frozen or restrained atoms:
     ibelly  =       0, ntr     =       0

Molecular dynamics:
     nstlim  =      2500, nscm    =      1000, nrespa  =         1
     t       =   0.00000, dt      =   0.00200, vlimit  =  -1.00000

Berendsen (weak-coupling) temperature regulation:
     temp0   = 100.00000, tempi   =  50.00000, tautp   =   1.50000

SHAKE:
     ntc     =       2, jfastw  =       0
     tol     =   0.00001

| Intermolecular bonds treatment:
|     no_intermolecular_bonds =       1

| Energy averages sample interval:
|     ene_avg_sampling =      50

Ewald parameters:
     verbose =       0, ew_type =       0, nbflag  =       1, use_pme =       1
     vdwmeth =       1, eedmeth =       1, netfrc  =       1
     Box X =   77.585   Box Y =   77.585   Box Z =   77.585
     Alpha =  109.471   Beta  =  109.471   Gamma =  109.471
     NFFT1 =   80       NFFT2 =   80       NFFT3 =   80
     Cutoff=   10.000   Tol   =0.100E-04
     Ewald Coefficient =  0.27511
     Interpolation order =    4

--------------------------------------------------------------------------------
   3.  ATOMIC COORDINATES AND VELOCITIES
--------------------------------------------------------------------------------

default_name                                                                    
 begin time read from input coords =     5.000 ps

 
 Number of triangulated 3-point waters found:    10145

     Sum of charges from parm topology file =   0.00000020
     Forcing neutrality...

| Dynamic Memory, Types Used:
| Reals              933795
| Integers           771240

| Nonbonded Pairs Initial Allocation:     9539759

| GPU memory information (estimate):
| KB of GPU memory in use:    162964
| KB of CPU memory in use:     51832

--------------------------------------------------------------------------------
   4.  RESULTS
--------------------------------------------------------------------------------

 ---------------------------------------------------
 APPROXIMATING switch and d/dx switch using CUBIC SPLINE INTERPOLATION
 using   5000.0 points per unit in tabled values
 TESTING RELATIVE ERROR over r ranging from 0.0 to cutoff
| CHECK switch(x): max rel err =   0.3316E-14   at   2.351880
| CHECK d/dx switch(x): max rel err =   0.8066E-11   at   2.747240
 ---------------------------------------------------
|---------------------------------------------------
| APPROXIMATING direct energy using CUBIC SPLINE INTERPOLATION
|  with   50.0 points per unit in tabled values
| Relative Error Limit not exceeded for r .gt.   2.34
| APPROXIMATING direct force using CUBIC SPLINE INTERPOLATION
|  with   50.0 points per unit in tabled values
| Relative Error Limit not exceeded for r .gt.   2.81
|---------------------------------------------------

 NSTEP =       50   TIME(PS) =       5.100  TEMP(K) =    50.30  PRESS =     0.0
 Etot   =   -126377.5351  EKtot   =      3188.2461  EPtot      =   -129565.7811
 BOND   =        64.6692  ANGLE   =       203.5484  DIHED      =       959.0871
 1-4 NB =       260.3147  1-4 EEL =     -4809.2513  VDWAALS    =     21651.3694
 EELEC  =   -147895.5186  EHBOND  =         0.0000  RESTRAINT  =         0.0000
 ------------------------------------------------------------------------------


 NSTEP =      100   TIME(PS) =       5.200  TEMP(K) =    51.95  PRESS =     0.0
 Etot   =   -126170.6169  EKtot   =      3292.9849  EPtot      =   -129463.6018
 BOND   =        65.7008  ANGLE   =       201.7618  DIHED      =       966.1205
 1-4 NB =       261.0906  1-4 EEL =     -4812.5058  VDWAALS    =     21578.3324
 EELEC  =   -147724.1021  EHBOND  =         0.0000  RESTRAINT  =         0.0000
 ------------------------------------------------------------------------------


 NSTEP =      150   TIME(PS) =       5.300  TEMP(K) =    53.62  PRESS =     0.0
 Etot   =   -125970.1485  EKtot   =      3398.8940  EPtot      =   -129369.0425
 BOND   =        61.5669  ANGLE   =       207.3138  DIHED      =       957.7193
 1-4 NB =       259.9518  1-4 EEL =     -4798.5480  VDWAALS    =     21537.2192
 EELEC  =   -147594.2655  EHBOND  =         0.0000  RESTRAINT  =         0.0000
 ------------------------------------------------------------------------------


 NSTEP =      200   TIME(PS) =       5.400  TEMP(K) =    55.04  PRESS =     0.0
 Etot   =   -125776.9783  EKtot   =      3488.7368  EPtot      =   -129265.7151
 BOND   =        65.5617  ANGLE   =       200.0822  DIHED      =       965.3632
 1-4 NB =       258.6448  1-4 EEL =     -4807.7398  VDWAALS    =     21547.4977
 EELEC  =   -147495.1249  EHBOND  =         0.0000  RESTRAINT  =         0.0000
 ------------------------------------------------------------------------------


 NSTEP =      250   TIME(PS) =       5.500  TEMP(K) =    56.61  PRESS =     0.0
 Etot   =   -125590.9558  EKtot   =      3588.5171  EPtot      =   -129179.4729
 BOND   =        65.2257  ANGLE   =       202.3673  DIHED      =       967.1475
 1-4 NB =       266.9214  1-4 EEL =     -4813.2787  VDWAALS    =     21483.7683
 EELEC  =   -147351.6243  EHBOND  =         0.0000  RESTRAINT  =         0.0000
 ------------------------------------------------------------------------------


 NSTEP =      300   TIME(PS) =       5.600  TEMP(K) =    58.52  PRESS =     0.0
 Etot   =   -125412.0626  EKtot   =      3709.5491  EPtot      =   -129121.6116
 BOND   =        64.8802  ANGLE   =       207.5836  DIHED      =       962.6650
 1-4 NB =       267.5295  1-4 EEL =     -4817.7045  VDWAALS    =     21468.8784
 EELEC  =   -147275.4438  EHBOND  =         0.0000  RESTRAINT  =         0.0000
 ------------------------------------------------------------------------------


 NSTEP =      350   TIME(PS) =       5.700  TEMP(K) =    59.82  PRESS =     0.0
 Etot   =   -125237.7727  EKtot   =      3791.7883  EPtot      =   -129029.5610
 BOND   =        65.4984  ANGLE   =       208.6644  DIHED      =       958.6726
 1-4 NB =       260.9221  1-4 EEL =     -4810.0886  VDWAALS    =     21315.9065
 EELEC  =   -147029.1364  EHBOND  =         0.0000  RESTRAINT  =         0.0000
 ------------------------------------------------------------------------------


 NSTEP =      400   TIME(PS) =       5.800  TEMP(K) =    61.40  PRESS =     0.0
 Etot   =   -125072.0888  EKtot   =      3892.2739  EPtot      =   -128964.3628
 BOND   =        68.8832  ANGLE   =       207.0301  DIHED      =       966.8400
 1-4 NB =       262.2776  1-4 EEL =     -4808.9485  VDWAALS    =     21352.2808
 EELEC  =   -147012.7260  EHBOND  =         0.0000  RESTRAINT  =         0.0000
 ------------------------------------------------------------------------------


 NSTEP =      450   TIME(PS) =       5.900  TEMP(K) =    62.10  PRESS =     0.0
 Etot   =   -124909.7263  EKtot   =      3936.5684  EPtot      =   -128846.2947
 BOND   =        65.8544  ANGLE   =       207.5924  DIHED      =       966.3786
 1-4 NB =       266.5050  1-4 EEL =     -4805.4862  VDWAALS    =     21428.5812
 EELEC  =   -146975.7201  EHBOND  =         0.0000  RESTRAINT  =         0.0000
 ------------------------------------------------------------------------------


 NSTEP =      500   TIME(PS) =       6.000  TEMP(K) =    63.63  PRESS =     0.0
 Etot   =   -124753.9911  EKtot   =      4033.1675  EPtot      =   -128787.1586
 BOND   =        66.0069  ANGLE   =       217.8268  DIHED      =       960.4108
 1-4 NB =       264.3760  1-4 EEL =     -4805.4049  VDWAALS    =     21402.1445
 EELEC  =   -146892.5187  EHBOND  =         0.0000  RESTRAINT  =         0.0000
 ------------------------------------------------------------------------------


 NSTEP =      550   TIME(PS) =       6.100  TEMP(K) =    65.07  PRESS =     0.0
 Etot   =   -124605.4294  EKtot   =      4124.5522  EPtot      =   -128729.9817
 BOND   =        67.7327  ANGLE   =       213.8010  DIHED      =       965.8788
 1-4 NB =       264.2241  1-4 EEL =     -4803.2335  VDWAALS    =     21352.5930
 EELEC  =   -146790.9778  EHBOND  =         0.0000  RESTRAINT  =         0.0000
 ------------------------------------------------------------------------------


 NSTEP =      600   TIME(PS) =       6.200  TEMP(K) =    66.51  PRESS =     0.0
 Etot   =   -124459.7514  EKtot   =      4215.9785  EPtot      =   -128675.7299
 BOND   =        72.4692  ANGLE   =       220.5304  DIHED      =       961.0166
 1-4 NB =       262.1521  1-4 EEL =     -4812.8429  VDWAALS    =     21383.7495
 EELEC  =   -146762.8046  EHBOND  =         0.0000  RESTRAINT  =         0.0000
 ------------------------------------------------------------------------------


 NSTEP =      650   TIME(PS) =       6.300  TEMP(K) =    67.53  PRESS =     0.0
 Etot   =   -124320.5608  EKtot   =      4280.9004  EPtot      =   -128601.4612
 BOND   =        69.5177  ANGLE   =       224.7301  DIHED      =       967.0018
 1-4 NB =       264.5457  1-4 EEL =     -4806.6300  VDWAALS    =     21638.0232
 EELEC  =   -146958.6495  EHBOND  =         0.0000  RESTRAINT  =         0.0000
 ------------------------------------------------------------------------------


 NSTEP =      700   TIME(PS) =       6.400  TEMP(K) =    68.54  PRESS =     0.0
 Etot   =   -124184.9258  EKtot   =      4344.7881  EPtot      =   -128529.7139
 BOND   =        66.7984  ANGLE   =       224.9523  DIHED      =       965.8814
 1-4 NB =       260.9852  1-4 EEL =     -4806.7494  VDWAALS    =     21414.1020
 EELEC  =   -146655.6838  EHBOND  =         0.0000  RESTRAINT  =         0.0000
 ------------------------------------------------------------------------------


 NSTEP =      750   TIME(PS) =       6.500  TEMP(K) =    69.55  PRESS =     0.0
 Etot   =   -124054.2257  EKtot   =      4408.7324  EPtot      =   -128462.9582
 BOND   =        71.2315  ANGLE   =       212.6603  DIHED      =       971.2521
 1-4 NB =       260.8215  1-4 EEL =     -4800.8289  VDWAALS    =     21619.8452
 EELEC  =   -146797.9399  EHBOND  =         0.0000  RESTRAINT  =         0.0000
 ------------------------------------------------------------------------------


 NSTEP =      800   TIME(PS) =       6.600  TEMP(K) =    70.77  PRESS =     0.0
 Etot   =   -123929.1668  EKtot   =      4486.2012  EPtot      =   -128415.3680
 BOND   =        73.8326  ANGLE   =       217.0898  DIHED      =       966.9475
 1-4 NB =       263.2428  1-4 EEL =     -4808.0054  VDWAALS    =     21413.5325
 EELEC  =   -146542.0077  EHBOND  =         0.0000  RESTRAINT  =         0.0000
 ------------------------------------------------------------------------------


 NSTEP =      850   TIME(PS) =       6.700  TEMP(K) =    71.73  PRESS =     0.0
 Etot   =   -123810.3748  EKtot   =      4547.1265  EPtot      =   -128357.5012
 BOND   =        66.1780  ANGLE   =       219.9727  DIHED      =       957.8772
 1-4 NB =       268.0083  1-4 EEL =     -4795.0021  VDWAALS    =     21322.4177
 EELEC  =   -146396.9531  EHBOND  =         0.0000  RESTRAINT  =         0.0000
 ------------------------------------------------------------------------------


 NSTEP =      900   TIME(PS) =       6.800  TEMP(K) =    73.18  PRESS =     0.0
 Etot   =   -123693.4654  EKtot   =      4638.9951  EPtot      =   -128332.4605
 BOND   =        67.3326  ANGLE   =       211.2998  DIHED      =       964.2418
 1-4 NB =       263.6314  1-4 EEL =     -4793.2218  VDWAALS    =     21252.5947
 EELEC  =   -146298.3390  EHBOND  =         0.0000  RESTRAINT  =         0.0000
 ------------------------------------------------------------------------------


 NSTEP =      950   TIME(PS) =       6.900  TEMP(K) =    74.16  PRESS =     0.0
 Etot   =   -123583.0457  EKtot   =      4700.7749  EPtot      =   -128283.8206
 BOND   =        71.1202  ANGLE   =       218.5606  DIHED      =       964.8888
 1-4 NB =       261.1649  1-4 EEL =     -4800.0806  VDWAALS    =     21283.8323
 EELEC  =   -146283.3068  EHBOND  =         0.0000  RESTRAINT  =         0.0000
 ------------------------------------------------------------------------------

check COM velocity, temp:        0.000013     0.00(Removed)

 NSTEP =     1000   TIME(PS) =       7.000  TEMP(K) =    74.80  PRESS =     0.0
 Etot   =   -123474.5226  EKtot   =      4741.5850  EPtot      =   -128216.1076
 BOND   =        67.4634  ANGLE   =       227.2040  DIHED      =       962.1437
 1-4 NB =       265.6797  1-4 EEL =     -4803.3032  VDWAALS    =     21516.6545
 EELEC  =   -146451.9495  EHBOND  =         0.0000  RESTRAINT  =         0.0000
 ------------------------------------------------------------------------------


 NSTEP =     1050   TIME(PS) =       7.100  TEMP(K) =    75.11  PRESS =     0.0
 Etot   =   -123369.4873  EKtot   =      4761.1055  EPtot      =   -128130.5928
 BOND   =        72.1871  ANGLE   =       226.7585  DIHED      =       965.4289
 1-4 NB =       264.7667  1-4 EEL =     -4805.9848  VDWAALS    =     21260.4307
 EELEC  =   -146114.1799  EHBOND  =         0.0000  RESTRAINT  =         0.0000
 ------------------------------------------------------------------------------


 NSTEP =     1100   TIME(PS) =       7.200  TEMP(K) =    76.42  PRESS =     0.0
 Etot   =   -123268.3045  EKtot   =      4844.2646  EPtot      =   -128112.5692
 BOND   =        70.5553  ANGLE   =       221.3561  DIHED      =       964.5955
 1-4 NB =       264.1340  1-4 EEL =     -4800.2231  VDWAALS    =     21346.4449
 EELEC  =   -146179.4320  EHBOND  =         0.0000  RESTRAINT  =         0.0000
 ------------------------------------------------------------------------------


 NSTEP =     1150   TIME(PS) =       7.300  TEMP(K) =    77.00  PRESS =     0.0
 Etot   =   -123170.9650  EKtot   =      4880.9062  EPtot      =   -128051.8713
 BOND   =        71.2554  ANGLE   =       231.6602  DIHED      =       964.0774
 1-4 NB =       259.2825  1-4 EEL =     -4808.8721  VDWAALS    =     21344.5553
 EELEC  =   -146113.8300  EHBOND  =         0.0000  RESTRAINT  =         0.0000
 ------------------------------------------------------------------------------


 NSTEP =     1200   TIME(PS) =       7.400  TEMP(K) =    78.29  PRESS =     0.0
 Etot   =   -123077.4247  EKtot   =      4962.9434  EPtot      =   -128040.3680
 BOND   =        68.1673  ANGLE   =       215.9527  DIHED      =       975.0516
 1-4 NB =       264.7993  1-4 EEL =     -4804.0767  VDWAALS    =     21293.4183
 EELEC  =   -146053.6805  EHBOND  =         0.0000  RESTRAINT  =         0.0000
 ------------------------------------------------------------------------------


 NSTEP =     1250   TIME(PS) =       7.500  TEMP(K) =    78.83  PRESS =     0.0
 Etot   =   -122986.1625  EKtot   =      4997.2192  EPtot      =   -127983.3817
 BOND   =        70.2515  ANGLE   =       220.7368  DIHED      =       972.9777
 1-4 NB =       265.9020  1-4 EEL =     -4801.7903  VDWAALS    =     21444.4592
 EELEC  =   -146155.9185  EHBOND  =         0.0000  RESTRAINT  =         0.0000
 ------------------------------------------------------------------------------


 NSTEP =     1300   TIME(PS) =       7.600  TEMP(K) =    79.58  PRESS =     0.0
 Etot   =   -122899.7181  EKtot   =      5044.7700  EPtot      =   -127944.4881
 BOND   =        68.9815  ANGLE   =       230.5104  DIHED      =       966.3063
 1-4 NB =       261.5741  1-4 EEL =     -4806.1522  VDWAALS    =     21245.6599
 EELEC  =   -145911.3680  EHBOND  =         0.0000  RESTRAINT  =         0.0000
 ------------------------------------------------------------------------------


 NSTEP =     1350   TIME(PS) =       7.700  TEMP(K) =    80.78  PRESS =     0.0
 Etot   =   -122816.4320  EKtot   =      5120.5640  EPtot      =   -127936.9960
 BOND   =        75.8348  ANGLE   =       227.3479  DIHED      =       969.3696
 1-4 NB =       263.7600  1-4 EEL =     -4806.1850  VDWAALS    =     21286.6232
 EELEC  =   -145953.7464  EHBOND  =         0.0000  RESTRAINT  =         0.0000
 ------------------------------------------------------------------------------


 NSTEP =     1400   TIME(PS) =       7.800  TEMP(K) =    81.10  PRESS =     0.0
 Etot   =   -122735.4093  EKtot   =      5141.0107  EPtot      =   -127876.4201
 BOND   =        76.5242  ANGLE   =       225.1092  DIHED      =       967.2666
 1-4 NB =       262.4446  1-4 EEL =     -4815.4312  VDWAALS    =     21120.4874
 EELEC  =   -145712.8208  EHBOND  =         0.0000  RESTRAINT  =         0.0000
 ------------------------------------------------------------------------------


 NSTEP =     1450   TIME(PS) =       7.900  TEMP(K) =    82.08  PRESS =     0.0
 Etot   =   -122658.2109  EKtot   =      5203.0459  EPtot      =   -127861.2568
 BOND   =        75.1176  ANGLE   =       227.3371  DIHED      =       966.5549
 1-4 NB =       264.3884  1-4 EEL =     -4801.9825  VDWAALS    =     21212.1286
 EELEC  =   -145804.8009  EHBOND  =         0.0000  RESTRAINT  =         0.0000
 ------------------------------------------------------------------------------


 NSTEP =     1500   TIME(PS) =       8.000  TEMP(K) =    81.92  PRESS =     0.0
 Etot   =   -122581.7746  EKtot   =      5192.5464  EPtot      =   -127774.3210
 BOND   =        73.9108  ANGLE   =       221.9743  DIHED      =       970.0060
 1-4 NB =       267.1101  1-4 EEL =     -4799.2286  VDWAALS    =     21096.2948
 EELEC  =   -145604.3882  EHBOND  =         0.0000  RESTRAINT  =         0.0000
 ------------------------------------------------------------------------------


 NSTEP =     1550   TIME(PS) =       8.100  TEMP(K) =    82.87  PRESS =     0.0
 Etot   =   -122508.6643  EKtot   =      5253.2451  EPtot      =   -127761.9095
 BOND   =        69.8298  ANGLE   =       224.4979  DIHED      =       965.2428
 1-4 NB =       263.5117  1-4 EEL =     -4786.7743  VDWAALS    =     21205.1947
 EELEC  =   -145703.4121  EHBOND  =         0.0000  RESTRAINT  =         0.0000
 ------------------------------------------------------------------------------


 NSTEP =     1600   TIME(PS) =       8.200  TEMP(K) =    83.98  PRESS =     0.0
 Etot   =   -122440.5531  EKtot   =      5323.3921  EPtot      =   -127763.9452
 BOND   =        70.8897  ANGLE   =       216.3561  DIHED      =       975.9884
 1-4 NB =       266.4503  1-4 EEL =     -4796.6421  VDWAALS    =     21088.4442
 EELEC  =   -145585.4317  EHBOND  =         0.0000  RESTRAINT  =         0.0000
 ------------------------------------------------------------------------------


 NSTEP =     1650   TIME(PS) =       8.300  TEMP(K) =    83.61  PRESS =     0.0
 Etot   =   -122372.5312  EKtot   =      5299.9087  EPtot      =   -127672.4399
 BOND   =        75.8752  ANGLE   =       230.7282  DIHED      =       970.9096
 1-4 NB =       263.6020  1-4 EEL =     -4807.6965  VDWAALS    =     21049.5403
 EELEC  =   -145455.3986  EHBOND  =         0.0000  RESTRAINT  =         0.0000
 ------------------------------------------------------------------------------


 NSTEP =     1700   TIME(PS) =       8.400  TEMP(K) =    84.73  PRESS =     0.0
 Etot   =   -122305.9621  EKtot   =      5371.2578  EPtot      =   -127677.2199
 BOND   =        74.6207  ANGLE   =       227.5238  DIHED      =       977.8896
 1-4 NB =       267.2460  1-4 EEL =     -4813.3785  VDWAALS    =     21125.9158
 EELEC  =   -145537.0374  EHBOND  =         0.0000  RESTRAINT  =         0.0000
 ------------------------------------------------------------------------------


 NSTEP =     1750   TIME(PS) =       8.500  TEMP(K) =    85.27  PRESS =     0.0
 Etot   =   -122243.4809  EKtot   =      5405.0889  EPtot      =   -127648.5698
 BOND   =        77.6778  ANGLE   =       216.0317  DIHED      =       973.2175
 1-4 NB =       264.3888  1-4 EEL =     -4800.6710  VDWAALS    =     21171.9517
 EELEC  =   -145551.1663  EHBOND  =         0.0000  RESTRAINT  =         0.0000
 ------------------------------------------------------------------------------


 NSTEP =     1800   TIME(PS) =       8.600  TEMP(K) =    85.85  PRESS =     0.0
 Etot   =   -122182.8944  EKtot   =      5441.8936  EPtot      =   -127624.7880
 BOND   =        72.3294  ANGLE   =       215.9908  DIHED      =       979.4870
 1-4 NB =       264.5655  1-4 EEL =     -4786.2678  VDWAALS    =     21143.4990
 EELEC  =   -145514.3919  EHBOND  =         0.0000  RESTRAINT  =         0.0000
 ------------------------------------------------------------------------------


 NSTEP =     1850   TIME(PS) =       8.700  TEMP(K) =    86.29  PRESS =     0.0
 Etot   =   -122123.5110  EKtot   =      5469.9478  EPtot      =   -127593.4587
 BOND   =        77.6198  ANGLE   =       233.2758  DIHED      =       968.0998
 1-4 NB =       269.4693  1-4 EEL =     -4799.0517  VDWAALS    =     21103.0961
 EELEC  =   -145445.9678  EHBOND  =         0.0000  RESTRAINT  =         0.0000
 ------------------------------------------------------------------------------


 NSTEP =     1900   TIME(PS) =       8.800  TEMP(K) =    87.31  PRESS =     0.0
 Etot   =   -122067.3840  EKtot   =      5534.5073  EPtot      =   -127601.8913
 BOND   =        74.6767  ANGLE   =       245.2367  DIHED      =       963.5522
 1-4 NB =       263.4309  1-4 EEL =     -4815.3528  VDWAALS    =     21254.2340
 EELEC  =   -145587.6690  EHBOND  =         0.0000  RESTRAINT  =         0.0000
 ------------------------------------------------------------------------------


 NSTEP =     1950   TIME(PS) =       8.900  TEMP(K) =    87.57  PRESS =     0.0
 Etot   =   -122013.6257  EKtot   =      5551.1777  EPtot      =   -127564.8034
 BOND   =        76.2544  ANGLE   =       231.0970  DIHED      =       973.7540
 1-4 NB =       259.8247  1-4 EEL =     -4812.8600  VDWAALS    =     21162.9234
 EELEC  =   -145455.7969  EHBOND  =         0.0000  RESTRAINT  =         0.0000
 ------------------------------------------------------------------------------

check COM velocity, temp:        0.000016     0.00(Removed)

 NSTEP =     2000   TIME(PS) =       9.000  TEMP(K) =    88.34  PRESS =     0.0
 Etot   =   -121964.2991  EKtot   =      5599.7061  EPtot      =   -127564.0051
 BOND   =        76.0462  ANGLE   =       230.8714  DIHED      =       970.1657
 1-4 NB =       266.3097  1-4 EEL =     -4799.9548  VDWAALS    =     21370.5802
 EELEC  =   -145678.0235  EHBOND  =         0.0000  RESTRAINT  =         0.0000
 ------------------------------------------------------------------------------


 NSTEP =     2050   TIME(PS) =       9.100  TEMP(K) =    88.42  PRESS =     0.0
 Etot   =   -121915.7116  EKtot   =      5604.6919  EPtot      =   -127520.4035
 BOND   =        83.9056  ANGLE   =       227.6575  DIHED      =       981.7148
 1-4 NB =       270.4499  1-4 EEL =     -4820.5960  VDWAALS    =     21293.4864
 EELEC  =   -145557.0218  EHBOND  =         0.0000  RESTRAINT  =         0.0000
 ------------------------------------------------------------------------------


 NSTEP =     2100   TIME(PS) =       9.200  TEMP(K) =    89.60  PRESS =     0.0
 Etot   =   -121869.3966  EKtot   =      5679.9443  EPtot      =   -127549.3409
 BOND   =        77.6284  ANGLE   =       242.9079  DIHED      =       974.5121
 1-4 NB =       261.5166  1-4 EEL =     -4806.0962  VDWAALS    =     21240.5769
 EELEC  =   -145540.3866  EHBOND  =         0.0000  RESTRAINT  =         0.0000
 ------------------------------------------------------------------------------


 NSTEP =     2150   TIME(PS) =       9.300  TEMP(K) =    89.45  PRESS =     0.0
 Etot   =   -121826.7641  EKtot   =      5669.9087  EPtot      =   -127496.6728
 BOND   =        80.9142  ANGLE   =       232.2451  DIHED      =       979.6174
 1-4 NB =       261.0875  1-4 EEL =     -4804.7879  VDWAALS    =     21170.0802
 EELEC  =   -145415.8293  EHBOND  =         0.0000  RESTRAINT  =         0.0000
 ------------------------------------------------------------------------------


 NSTEP =     2200   TIME(PS) =       9.400  TEMP(K) =    90.30  PRESS =     0.0
 Etot   =   -121783.4574  EKtot   =      5724.0806  EPtot      =   -127507.5379
 BOND   =        75.7776  ANGLE   =       240.3632  DIHED      =       980.2183
 1-4 NB =       267.9886  1-4 EEL =     -4812.4104  VDWAALS    =     20980.7535
 EELEC  =   -145240.2288  EHBOND  =         0.0000  RESTRAINT  =         0.0000
 ------------------------------------------------------------------------------


 NSTEP =     2250   TIME(PS) =       9.500  TEMP(K) =    90.30  PRESS =     0.0
 Etot   =   -121741.6171  EKtot   =      5724.0596  EPtot      =   -127465.6767
 BOND   =        76.5715  ANGLE   =       242.8711  DIHED      =       975.0128
 1-4 NB =       270.9204  1-4 EEL =     -4814.2079  VDWAALS    =     20955.4538
 EELEC  =   -145172.2985  EHBOND  =         0.0000  RESTRAINT  =         0.0000
 ------------------------------------------------------------------------------


 NSTEP =     2300   TIME(PS) =       9.600  TEMP(K) =    90.94  PRESS =     0.0
 Etot   =   -121703.1771  EKtot   =      5764.8525  EPtot      =   -127468.0296
 BOND   =        83.3344  ANGLE   =       245.7825  DIHED      =       968.8508
 1-4 NB =       264.6596  1-4 EEL =     -4820.8684  VDWAALS    =     21004.8606
 EELEC  =   -145214.6491  EHBOND  =         0.0000  RESTRAINT  =         0.0000
 ------------------------------------------------------------------------------


 NSTEP =     2350   TIME(PS) =       9.700  TEMP(K) =    91.24  PRESS =     0.0
 Etot   =   -121666.1491  EKtot   =      5783.6318  EPtot      =   -127449.7809
 BOND   =        75.4016  ANGLE   =       233.9308  DIHED      =       981.4699
 1-4 NB =       268.1691  1-4 EEL =     -4809.9544  VDWAALS    =     21071.4059
 EELEC  =   -145270.2038  EHBOND  =         0.0000  RESTRAINT  =         0.0000
 ------------------------------------------------------------------------------


 NSTEP =     2400   TIME(PS) =       9.800  TEMP(K) =    91.23  PRESS =     0.0
 Etot   =   -121628.8408  EKtot   =      5782.7236  EPtot      =   -127411.5644
 BOND   =        73.9953  ANGLE   =       239.6997  DIHED      =       975.8004
 1-4 NB =       267.3957  1-4 EEL =     -4805.7424  VDWAALS    =     21038.8420
 EELEC  =   -145201.5551  EHBOND  =         0.0000  RESTRAINT  =         0.0000
 ------------------------------------------------------------------------------


 NSTEP =     2450   TIME(PS) =       9.900  TEMP(K) =    92.07  PRESS =     0.0
 Etot   =   -121593.6961  EKtot   =      5836.1714  EPtot      =   -127429.8675
 BOND   =        82.5776  ANGLE   =       237.6244  DIHED      =       975.4987
 1-4 NB =       266.9634  1-4 EEL =     -4807.0528  VDWAALS    =     21076.7158
 EELEC  =   -145262.1945  EHBOND  =         0.0000  RESTRAINT  =         0.0000
 ------------------------------------------------------------------------------


 NSTEP =     2500   TIME(PS) =      10.000  TEMP(K) =    92.90  PRESS =     0.0
 Etot   =   -121562.1177  EKtot   =      5888.9863  EPtot      =   -127451.1041
 BOND   =        84.4840  ANGLE   =       235.1140  DIHED      =       983.1993
 1-4 NB =       265.3107  1-4 EEL =     -4812.7089  VDWAALS    =     21065.0965
 EELEC  =   -145271.5995  EHBOND  =         0.0000  RESTRAINT  =         0.0000
 ------------------------------------------------------------------------------


      A V E R A G E S   O V E R      50 S T E P S


 NSTEP =     2500   TIME(PS) =      10.000  TEMP(K) =    76.56  PRESS =     0.0
 Etot   =   -123289.3013  EKtot   =      4853.3582  EPtot      =   -128142.6596
 BOND   =        72.2144  ANGLE   =       223.0624  DIHED      =       969.0674
 1-4 NB =       264.2882  1-4 EEL =     -4806.0371  VDWAALS    =     21283.7295
 EELEC  =   -146148.9844  EHBOND  =         0.0000  RESTRAINT  =         0.0000
 ------------------------------------------------------------------------------


      R M S  F L U C T U A T I O N S


 NSTEP =     2500   TIME(PS) =      10.000  TEMP(K) =    12.13  PRESS =     0.0
 Etot   =      1394.1420  EKtot   =       769.0964  EPtot      =       626.1447
 BOND   =         5.4911  ANGLE   =        11.9057  DIHED      =         6.5659
 1-4 NB =         2.9292  1-4 EEL =         7.3644  VDWAALS    =       179.8248
 EELEC  =       759.8418  EHBOND  =         0.0000  RESTRAINT  =         0.0000
 ------------------------------------------------------------------------------

--------------------------------------------------------------------------------
   5.  TIMINGS
--------------------------------------------------------------------------------

|  NonSetup CPU Time in Major Routines:
|
|     Routine           Sec        %
|     ------------------------------
|     Nonbond           1.44   12.22
|     Bond              0.00    0.00
|     Angle             0.00    0.00
|     Dihedral          0.00    0.00
|     Shake             0.03    0.27
|     RunMD            10.28   87.45
|     Other             0.01    0.06
|     ------------------------------
|     Total            11.75

|  PME Nonbond Pairlist CPU Time:
|
|     Routine              Sec        %
|     ---------------------------------
|     Set Up Cit           0.00    0.00
|     Build List           0.00    0.00
|     ---------------------------------
|     Total                0.00    0.00

|  PME Direct Force CPU Time:
|
|     Routine              Sec        %
|     ---------------------------------
|     NonBonded Calc       0.00    0.00
|     Exclude Masked       0.00    0.00
|     Other                0.00    0.04
|     ---------------------------------
|     Total                0.00    0.04

|  PME Reciprocal Force CPU Time:
|
|     Routine              Sec        %
|     ---------------------------------
|     1D bspline           0.00    0.00
|     Grid Charges         0.00    0.00
|     Scalar Sum           0.00    0.00
|     Gradient Sum         0.00    0.00
|     FFT                  0.00    0.00
|     ---------------------------------
|     Total                0.00    0.00

|  Final Performance Info:
|     -----------------------------------------------------
|     Average timings for last    2450 steps:
|     Elapsed(s) =      23.00 Per Step(ms) =       9.39
|         ns/day =      18.41   seconds/ns =    4694.21
|
|     Average timings for all steps:
|     Elapsed(s) =      23.50 Per Step(ms) =       9.40
|         ns/day =      18.38   seconds/ns =    4699.63
|     -----------------------------------------------------

|  Setup CPU time:            1.31 seconds
|  NonSetup CPU time:        11.75 seconds
|  Total CPU time:           13.06 seconds     0.00 hours

|  Setup wall time:           3    seconds
|  NonSetup wall time:       24    seconds
|  Total wall time:          27    seconds     0.01 hours
