
          -------------------------------------------------------
          Amber 16 PMEMD                              2016
          -------------------------------------------------------

| PMEMD implementation of SANDER, Release 16

| Run on 08/25/2020 at 10:46:03

|   Executable path: pmemd.cuda
| Working directory: /home/kyq/T7RNADNA/4/DA4
|          Hostname: gpu01

  [-O]verwriting output

File Assignments:
|   MDIN: min2.in                                                               
|  MDOUT: cmp_min2.out                                                          
| INPCRD: cmp_min1.rst                                                          
|   PARM: cmp.prmtop                                                            
| RESTRT: cmp_min2.rst                                                          
|   REFC: cmp.inpcrd                                                            
|  MDVEL: mdvel                                                                 
|   MDEN: mden                                                                  
|  MDCRD: mdcrd                                                                 
| MDINFO: mdinfo                                                                
|  MDFRC: mdfrc                                                                 

 
 Here is the input file:
 
Initial minimisation of our structures                                         
 &cntrl                                                                        
  imin=1, maxcyc=10000, ncyc=5000,                                             
  cut=10, ntb=1,ntr=1,                                                         
  restraint_wt=2.0                                                             
  restraintmask=':1-554@CA,N,C'                                                
                                                                               
/                                                                              


Note: ig = -1. Setting random seed to   896759 based on wallclock time in 
      microseconds.
 
|--------------------- INFORMATION ----------------------
| GPU (CUDA) Version of PMEMD in use: NVIDIA GPU IN USE.
|                    Version 16.0.0
| 
|                      02/25/2016
| 
| Implementation by:
|                    Ross C. Walker     (SDSC)
|                    Scott Le Grand     (nVIDIA)
| 
| Precision model in use:
|      [SPFP] - Single Precision Forces, 64-bit Fixed Point
|               Accumulation. (Default)
| 
|--------------------------------------------------------
 
|----------------- CITATION INFORMATION -----------------
|
|    When publishing work that utilized the CUDA version
|    of AMBER, please cite the following in addition to
|    the regular AMBER citations:
|
|  - Romelia Salomon-Ferrer; Andreas W. Goetz; Duncan
|    Poole; Scott Le Grand; Ross C. Walker "Routine
|    microsecond molecular dynamics simulations with
|    AMBER - Part II: Particle Mesh Ewald", J. Chem.
|    Theory Comput., 2013, 9 (9), pp3878-3888,
|    DOI: 10.1021/ct400314y.
|
|  - Andreas W. Goetz; Mark J. Williamson; Dong Xu;
|    Duncan Poole; Scott Le Grand; Ross C. Walker
|    "Routine microsecond molecular dynamics simulations
|    with AMBER - Part I: Generalized Born", J. Chem.
|    Theory Comput., 2012, 8 (5), pp1542-1555.
|
|  - Scott Le Grand; Andreas W. Goetz; Ross C. Walker
|    "SPFP: Speed without compromise - a mixed precision
|    model for GPU accelerated molecular dynamics
|    simulations.", Comp. Phys. Comm., 2013, 184
|    pp374-380, DOI: 10.1016/j.cpc.2012.09.022
|
|--------------------------------------------------------
 
|------------------- GPU DEVICE INFO --------------------
|
|            CUDA_VISIBLE_DEVICES: 0
|   CUDA Capable Devices Detected:      1
|           CUDA Device ID in use:      0
|                CUDA Device Name: Tesla P100-PCIE-16GB
|     CUDA Device Global Mem Size:  16276 MB
| CUDA Device Num Multiprocessors:     56
|           CUDA Device Core Freq:   1.33 GHz
|
|--------------------------------------------------------
 
 
| Conditional Compilation Defines Used:
| PUBFFT
| BINTRAJ
| CUDA
| EMIL
 
| Largest sphere to fit in unit cell has radius =    31.621

| New format PARM file being parsed.
| Version =    1.000 Date = 08/25/20 Time = 10:44:51

| Note: 1-4 EEL scale factors are being read from the topology file.

| Note: 1-4 VDW scale factors are being read from the topology file.
| Duplicated    0 dihedrals

| Duplicated    0 dihedrals

--------------------------------------------------------------------------------
   1.  RESOURCE   USE: 
--------------------------------------------------------------------------------

 getting box info from netcdf restart file
 NATOM  =   31353 NTYPES =      18 NBONH =   30630 MBONA  =     774
 NTHETH =     892 MTHETA =    1191 NPHIH =    1828 MPHIA  =    2451
 NHPARM =       0 NPARM  =       0 NNB   =   46321 NRES   =   10150
 NBONA  =     774 NTHETA =    1191 NPHIA =    2451 NUMBND =      61
 NUMANG =     127 NPTRA  =      75 NATYP =      34 NPHB   =       1
 IFBOX  =       2 NMXRS  =      33 IFCAP =       0 NEXTRA =       0
 NCOPY  =       0

| Coordinate Index Table dimensions:    12   12   12
| Direct force subcell size =     6.4547    6.4547    6.4547

     BOX TYPE: TRUNCATED OCTAHEDRON

--------------------------------------------------------------------------------
   2.  CONTROL  DATA  FOR  THE  RUN
--------------------------------------------------------------------------------

default_name                                                                    

General flags:
     imin    =       1, nmropt  =       0

Nature and format of input:
     ntx     =       1, irest   =       0, ntrx    =       1

Nature and format of output:
     ntxo    =       2, ntpr    =      50, ntrx    =       1, ntwr    =       1
     iwrap   =       0, ntwx    =       0, ntwv    =       0, ntwe    =       0
     ioutfm  =       1, ntwprt  =       0, idecomp =       0, rbornstat=      0

Potential function:
     ntf     =       1, ntb     =       1, igb     =       0, nsnb    =      25
     ipol    =       0, gbsa    =       0, iesp    =       0
     dielc   =   1.00000, cut     =  10.00000, intdiel =   1.00000

Frozen or restrained atoms:
     ibelly  =       0, ntr     =       1
     restraint_wt =   2.00000

Energy minimization:
     maxcyc  =   10000, ncyc    =    5000, ntmin   =       1
     dx0     =   0.01000, drms    =   0.00010

| Intermolecular bonds treatment:
|     no_intermolecular_bonds =       1

| Energy averages sample interval:
|     ene_avg_sampling =       1

Ewald parameters:
     verbose =       0, ew_type =       0, nbflag  =       1, use_pme =       1
     vdwmeth =       1, eedmeth =       1, netfrc  =       0
     Box X =   77.456   Box Y =   77.456   Box Z =   77.456
     Alpha =  109.471   Beta  =  109.471   Gamma =  109.471
     NFFT1 =   80       NFFT2 =   80       NFFT3 =   80
     Cutoff=   10.000   Tol   =0.100E-04
     Ewald Coefficient =  0.27511
     Interpolation order =    4

    LOADING THE CONSTRAINED ATOMS AS GROUPS


   5.  REFERENCE ATOM COORDINATES

  default_name                                                                    
     Mask :1-554@CA,N,C; matches     0 atoms

--------------------------------------------------------------------------------
   3.  ATOMIC COORDINATES AND VELOCITIES
--------------------------------------------------------------------------------

default_name                                                                    
 begin time read from input coords =     0.000 ps

 
 Number of triangulated 3-point waters found:    10084

     Sum of charges from parm topology file =   0.00000018
     Forcing neutrality...

| Dynamic Memory, Types Used:
| Reals              960117
| Integers           797696

| Nonbonded Pairs Initial Allocation:     9483498

| GPU memory information (estimate):
| KB of GPU memory in use:    163790
| KB of CPU memory in use:     52658

--------------------------------------------------------------------------------
   4.  RESULTS
--------------------------------------------------------------------------------

 ---------------------------------------------------
 APPROXIMATING switch and d/dx switch using CUBIC SPLINE INTERPOLATION
 using   5000.0 points per unit in tabled values
 TESTING RELATIVE ERROR over r ranging from 0.0 to cutoff
| CHECK switch(x): max rel err =   0.3316E-14   at   2.351880
| CHECK d/dx switch(x): max rel err =   0.8066E-11   at   2.747240
 ---------------------------------------------------
|---------------------------------------------------
| APPROXIMATING direct energy using CUBIC SPLINE INTERPOLATION
|  with   50.0 points per unit in tabled values
| Relative Error Limit not exceeded for r .gt.   2.34
| APPROXIMATING direct force using CUBIC SPLINE INTERPOLATION
|  with   50.0 points per unit in tabled values
| Relative Error Limit not exceeded for r .gt.   2.81
|---------------------------------------------------


   NSTEP       ENERGY          RMS            GMAX         NAME    NUMBER
      1       2.0425E+07     6.7072E+04     8.3886E+06     O6        802

 BOND    =   958932.1299  ANGLE   =    12652.7421  DIHED      =     1689.6483
 VDWAALS = 14825962.1841  EEL     =  -111413.2309  HBOND      =        0.0000
 1-4 VDW =  4741193.7433  1-4 EEL =    -3847.2369  RESTRAINT  =        0.0000


   NSTEP       ENERGY          RMS            GMAX         NAME    NUMBER
     50       6.8429E+04     1.0738E+02     1.3362E+04     C6        801

 BOND    =    44957.9565  ANGLE   =     7299.6016  DIHED      =     1501.8199
 VDWAALS =   131638.3618  EEL     =  -114318.4903  HBOND      =        0.0000
 1-4 VDW =     1298.9128  1-4 EEL =    -3949.6346  RESTRAINT  =        0.0000


   NSTEP       ENERGY          RMS            GMAX         NAME    NUMBER
    100      -1.1181E+05     2.8789E+00     2.4159E+02     C6        423

 BOND    =     6488.2930  ANGLE   =      845.1699  DIHED      =     1092.5720
 VDWAALS =     9937.0509  EEL     =  -126537.3052  HBOND      =        0.0000
 1-4 VDW =      290.0301  1-4 EEL =    -3925.2270  RESTRAINT  =        0.0000


   NSTEP       ENERGY          RMS            GMAX         NAME    NUMBER
    150      -1.1670E+05     9.6565E-01     3.9590E+01     C4        431

 BOND    =     6612.9274  ANGLE   =      435.1754  DIHED      =     1025.8327
 VDWAALS =    10901.8457  EEL     =  -132002.4141  HBOND      =        0.0000
 1-4 VDW =      268.9739  1-4 EEL =    -3943.0154  RESTRAINT  =        0.0000


   NSTEP       ENERGY          RMS            GMAX         NAME    NUMBER
    200      -1.1928E+05     7.7731E-01     3.2804E+01     N9        418

 BOND    =     6886.4856  ANGLE   =      345.3114  DIHED      =      995.5241
 VDWAALS =    11865.2232  EEL     =  -135688.0616  HBOND      =        0.0000
 1-4 VDW =      263.4195  1-4 EEL =    -3950.7097  RESTRAINT  =        0.0000


   NSTEP       ENERGY          RMS            GMAX         NAME    NUMBER
    250      -1.2098E+05     1.4744E+00     1.6051E+02     N9        418

 BOND    =     7136.2164  ANGLE   =      323.2402  DIHED      =      992.9375
 VDWAALS =    12723.7045  EEL     =  -138465.5469  HBOND      =        0.0000
 1-4 VDW =      259.4025  1-4 EEL =    -3953.3418  RESTRAINT  =        0.0000


   NSTEP       ENERGY          RMS            GMAX         NAME    NUMBER
    300      -1.2224E+05     2.3128E+00     2.0953E+02     C5        422

 BOND    =     7357.2312  ANGLE   =      325.0939  DIHED      =      992.1128
 VDWAALS =    13495.3330  EEL     =  -140717.8697  HBOND      =        0.0000
 1-4 VDW =      256.4957  1-4 EEL =    -3952.4502  RESTRAINT  =        0.0000


   NSTEP       ENERGY          RMS            GMAX         NAME    NUMBER
    350      -1.2331E+05     1.4144E+00     1.3715E+02     N9        418

 BOND    =     7475.2755  ANGLE   =      310.0990  DIHED      =      990.3631
 VDWAALS =    14161.7378  EEL     =  -142547.1257  HBOND      =        0.0000
 1-4 VDW =      257.8505  1-4 EEL =    -3955.9818  RESTRAINT  =        0.0000


   NSTEP       ENERGY          RMS            GMAX         NAME    NUMBER
    400      -1.2414E+05     1.8293E+00     2.2541E+02     N9        418

 BOND    =     7638.8700  ANGLE   =      304.1299  DIHED      =      988.3984
 VDWAALS =    14759.8280  EEL     =  -144130.6844  HBOND      =        0.0000
 1-4 VDW =      258.0898  1-4 EEL =    -3953.7960  RESTRAINT  =        0.0000


   NSTEP       ENERGY          RMS            GMAX         NAME    NUMBER
    450      -1.2490E+05     1.1835E+00     1.2841E+02     N9        418

 BOND    =     7742.7680  ANGLE   =      291.9909  DIHED      =      986.8850
 VDWAALS =    15301.3859  EEL     =  -145528.7433  HBOND      =        0.0000
 1-4 VDW =      253.6934  1-4 EEL =    -3947.9709  RESTRAINT  =        0.0000


   NSTEP       ENERGY          RMS            GMAX         NAME    NUMBER
    500      -1.2549E+05     1.7460E+00     1.6642E+02     N9        418

 BOND    =     7870.7881  ANGLE   =      293.8141  DIHED      =      985.7881
 VDWAALS =    15788.9038  EEL     =  -146738.5285  HBOND      =        0.0000
 1-4 VDW =      252.3033  1-4 EEL =    -3946.0583  RESTRAINT  =        0.0000


   NSTEP       ENERGY          RMS            GMAX         NAME    NUMBER
    550      -1.2607E+05     9.6577E-01     1.0743E+02     N9        418

 BOND    =     7948.3225  ANGLE   =      280.8059  DIHED      =      985.1615
 VDWAALS =    16228.6118  EEL     =  -147822.1856  HBOND      =        0.0000
 1-4 VDW =      253.6540  1-4 EEL =    -3946.5941  RESTRAINT  =        0.0000


   NSTEP       ENERGY          RMS            GMAX         NAME    NUMBER
    600      -1.2655E+05     1.3861E+00     1.6412E+02     N9        418

 BOND    =     8054.6800  ANGLE   =      279.4052  DIHED      =      984.7047
 VDWAALS =    16629.0086  EEL     =  -148807.1324  HBOND      =        0.0000
 1-4 VDW =      253.4323  1-4 EEL =    -3945.4384  RESTRAINT  =        0.0000


   NSTEP       ENERGY          RMS            GMAX         NAME    NUMBER
    650      -1.2703E+05     5.4579E-01     5.1993E+01     N9        418

 BOND    =     8124.7512  ANGLE   =      268.3676  DIHED      =      984.0530
 VDWAALS =    17001.9212  EEL     =  -149722.6786  HBOND      =        0.0000
 1-4 VDW =      251.8442  1-4 EEL =    -3942.2268  RESTRAINT  =        0.0000


   NSTEP       ENERGY          RMS            GMAX         NAME    NUMBER
    700      -1.2746E+05     3.8223E-01     2.3637E+01     N9        418

 BOND    =     8200.8790  ANGLE   =      267.5405  DIHED      =      983.6732
 VDWAALS =    17342.6836  EEL     =  -150561.3509  HBOND      =        0.0000
 1-4 VDW =      251.6068  1-4 EEL =    -3942.0253  RESTRAINT  =        0.0000


   NSTEP       ENERGY          RMS            GMAX         NAME    NUMBER
    750      -1.2785E+05     5.3268E-01     4.9401E+01     N9        418

 BOND    =     8275.2680  ANGLE   =      267.3376  DIHED      =      983.2456
 VDWAALS =    17659.1750  EEL     =  -151341.1252  HBOND      =        0.0000
 1-4 VDW =      251.5468  1-4 EEL =    -3941.1434  RESTRAINT  =        0.0000


   NSTEP       ENERGY          RMS            GMAX         NAME    NUMBER
    800      -1.2821E+05     3.3365E-01     1.6196E+01     N9        418

 BOND    =     8343.1783  ANGLE   =      260.1283  DIHED      =      982.5085
 VDWAALS =    17956.8886  EEL     =  -152064.8287  HBOND      =        0.0000
 1-4 VDW =      251.2706  1-4 EEL =    -3938.9449  RESTRAINT  =        0.0000


   NSTEP       ENERGY          RMS            GMAX         NAME    NUMBER
    850      -1.2859E+05     5.5020E-01     5.5426E+01     N9        418

 BOND    =     8412.1687  ANGLE   =      203.2976  DIHED      =      981.2413
 VDWAALS =    18237.5831  EEL     =  -152736.1251  HBOND      =        0.0000
 1-4 VDW =      250.0589  1-4 EEL =    -3937.7371  RESTRAINT  =        0.0000


   NSTEP       ENERGY          RMS            GMAX         NAME    NUMBER
    900      -1.2889E+05     8.6303E-01     8.9299E+01     N9        418

 BOND    =     8478.8304  ANGLE   =      197.8701  DIHED      =      980.0507
 VDWAALS =    18494.2056  EEL     =  -153359.1879  HBOND      =        0.0000
 1-4 VDW =      250.4719  1-4 EEL =    -3936.0510  RESTRAINT  =        0.0000


   NSTEP       ENERGY          RMS            GMAX         NAME    NUMBER
    950      -1.2919E+05     2.8553E-01     1.0933E+01     N9        418

 BOND    =     8523.8728  ANGLE   =      193.7639  DIHED      =      979.6282
 VDWAALS =    18736.3693  EEL     =  -153935.4633  HBOND      =        0.0000
 1-4 VDW =      251.0252  1-4 EEL =    -3936.0484  RESTRAINT  =        0.0000


   NSTEP       ENERGY          RMS            GMAX         NAME    NUMBER
   1000      -1.2945E+05     7.2345E-01     7.6895E+01     N9        418

 BOND    =     8582.3668  ANGLE   =      193.6000  DIHED      =      979.2913
 VDWAALS =    18972.9157  EEL     =  -154496.1310  HBOND      =        0.0000
 1-4 VDW =      251.4788  1-4 EEL =    -3935.8551  RESTRAINT  =        0.0000


   NSTEP       ENERGY          RMS            GMAX         NAME    NUMBER
   1050      -1.2970E+05     1.1051E+00     9.3845E+01     N9        418

 BOND    =     8639.5494  ANGLE   =      195.8115  DIHED      =      978.9509
 VDWAALS =    19195.5334  EEL     =  -155021.1640  HBOND      =        0.0000
 1-4 VDW =      251.3932  1-4 EEL =    -3935.9276  RESTRAINT  =        0.0000


   NSTEP       ENERGY          RMS            GMAX         NAME    NUMBER
   1100      -1.2994E+05     6.2346E-01     6.6173E+01     N9        418

 BOND    =     8681.2306  ANGLE   =      189.2250  DIHED      =      978.5354
 VDWAALS =    19398.8210  EEL     =  -155505.8414  HBOND      =        0.0000
 1-4 VDW =      251.0852  1-4 EEL =    -3934.0036  RESTRAINT  =        0.0000


   NSTEP       ENERGY          RMS            GMAX         NAME    NUMBER
   1150      -1.3015E+05     1.0483E+00     8.0785E+01     C6        544

 BOND    =     8730.8229  ANGLE   =      193.0786  DIHED      =      978.1537
 VDWAALS =    19592.4598  EEL     =  -155965.0414  HBOND      =        0.0000
 1-4 VDW =      250.5151  1-4 EEL =    -3934.0234  RESTRAINT  =        0.0000


   NSTEP       ENERGY          RMS            GMAX         NAME    NUMBER
   1200      -1.3037E+05     5.4069E-01     5.5258E+01     N9        418

 BOND    =     8763.4098  ANGLE   =      188.3796  DIHED      =      977.8671
 VDWAALS =    19771.5838  EEL     =  -156391.1954  HBOND      =        0.0000
 1-4 VDW =      251.5060  1-4 EEL =    -3933.9058  RESTRAINT  =        0.0000


   NSTEP       ENERGY          RMS            GMAX         NAME    NUMBER
   1250      -1.3056E+05     8.4650E-01     6.9278E+01     N9        418

 BOND    =     8807.3987  ANGLE   =      186.9543  DIHED      =      977.4754
 VDWAALS =    19939.6220  EEL     =  -156788.5663  HBOND      =        0.0000
 1-4 VDW =      252.1694  1-4 EEL =    -3933.0808  RESTRAINT  =        0.0000


   NSTEP       ENERGY          RMS            GMAX         NAME    NUMBER
   1300      -1.3075E+05     4.3965E-01     4.3927E+01     N9        418

 BOND    =     8838.9340  ANGLE   =      185.3727  DIHED      =      976.9566
 VDWAALS =    20106.1722  EEL     =  -157181.0429  HBOND      =        0.0000
 1-4 VDW =      251.4768  1-4 EEL =    -3932.4786  RESTRAINT  =        0.0000


   NSTEP       ENERGY          RMS            GMAX         NAME    NUMBER
   1350      -1.3092E+05     7.1282E-01     5.2323E+01     N9        418

 BOND    =     8875.0928  ANGLE   =      186.9705  DIHED      =      976.5090
 VDWAALS =    20260.0599  EEL     =  -157540.2733  HBOND      =        0.0000
 1-4 VDW =      251.2539  1-4 EEL =    -3932.3267  RESTRAINT  =        0.0000


   NSTEP       ENERGY          RMS            GMAX         NAME    NUMBER
   1400      -1.3109E+05     2.3742E-01     1.3491E+01     N9        418

 BOND    =     8903.2035  ANGLE   =      183.2736  DIHED      =      976.0964
 VDWAALS =    20405.3144  EEL     =  -157879.3762  HBOND      =        0.0000
 1-4 VDW =      251.9801  1-4 EEL =    -3931.8982  RESTRAINT  =        0.0000


   NSTEP       ENERGY          RMS            GMAX         NAME    NUMBER
   1450      -1.3125E+05     6.4277E-01     5.6451E+01     N9        418

 BOND    =     8937.4858  ANGLE   =      185.0333  DIHED      =      975.5865
 VDWAALS =    20549.1199  EEL     =  -158212.7316  HBOND      =        0.0000
 1-4 VDW =      251.9671  1-4 EEL =    -3931.9348  RESTRAINT  =        0.0000


   NSTEP       ENERGY          RMS            GMAX         NAME    NUMBER
   1500      -1.3140E+05     2.8448E-01     2.1863E+01     N9        418

 BOND    =     8964.6037  ANGLE   =      181.6668  DIHED      =      975.0123
 VDWAALS =    20679.4891  EEL     =  -158517.0392  HBOND      =        0.0000
 1-4 VDW =      251.9903  1-4 EEL =    -3930.9062  RESTRAINT  =        0.0000


   NSTEP       ENERGY          RMS            GMAX         NAME    NUMBER
   1550      -1.3153E+05     5.4524E-01     3.9952E+01     N9        418

 BOND    =     8996.5458  ANGLE   =      180.1228  DIHED      =      974.4537
 VDWAALS =    20805.8706  EEL     =  -158810.4888  HBOND      =        0.0000
 1-4 VDW =      252.3289  1-4 EEL =    -3930.2451  RESTRAINT  =        0.0000


   NSTEP       ENERGY          RMS            GMAX         NAME    NUMBER
   1600      -1.3166E+05     8.2193E-01     5.5712E+01     C6        577

 BOND    =     9028.0996  ANGLE   =      179.3145  DIHED      =      973.9287
 VDWAALS =    20924.8393  EEL     =  -159086.2238  HBOND      =        0.0000
 1-4 VDW =      252.6808  1-4 EEL =    -3929.7439  RESTRAINT  =        0.0000


   NSTEP       ENERGY          RMS            GMAX         NAME    NUMBER
   1650      -1.3179E+05     3.1906E-01     2.0457E+01     N9        418

 BOND    =     9044.2216  ANGLE   =      178.4468  DIHED      =      973.4534
 VDWAALS =    21039.2420  EEL     =  -159348.2490  HBOND      =        0.0000
 1-4 VDW =      252.5770  1-4 EEL =    -3929.8097  RESTRAINT  =        0.0000


   NSTEP       ENERGY          RMS            GMAX         NAME    NUMBER
   1700      -1.3190E+05     6.4269E-01     4.4958E+01     N9        418

 BOND    =     9069.9528  ANGLE   =      180.1815  DIHED      =      973.0119
 VDWAALS =    21148.1499  EEL     =  -159598.4315  HBOND      =        0.0000
 1-4 VDW =      252.4214  1-4 EEL =    -3929.7372  RESTRAINT  =        0.0000


   NSTEP       ENERGY          RMS            GMAX         NAME    NUMBER
   1750      -1.3202E+05     1.8008E-01     4.9517E+00     N9        418

 BOND    =     9090.7355  ANGLE   =      176.9961  DIHED      =      972.6027
 VDWAALS =    21251.3300  EEL     =  -159838.7895  HBOND      =        0.0000
 1-4 VDW =      252.6011  1-4 EEL =    -3929.2565  RESTRAINT  =        0.0000


   NSTEP       ENERGY          RMS            GMAX         NAME    NUMBER
   1800      -1.3213E+05     5.0655E-01     3.9272E+01     N9        418

 BOND    =     9117.5184  ANGLE   =      176.8064  DIHED      =      972.2093
 VDWAALS =    21353.6209  EEL     =  -160076.7493  HBOND      =        0.0000
 1-4 VDW =      252.6125  1-4 EEL =    -3928.9821  RESTRAINT  =        0.0000


   NSTEP       ENERGY          RMS            GMAX         NAME    NUMBER
   1850      -1.3224E+05     1.8619E-01     6.2574E+00     N9        418

 BOND    =     9134.3263  ANGLE   =      175.8176  DIHED      =      971.8741
 VDWAALS =    21448.5418  EEL     =  -160296.7137  HBOND      =        0.0000
 1-4 VDW =      252.8299  1-4 EEL =    -3928.7438  RESTRAINT  =        0.0000


   NSTEP       ENERGY          RMS            GMAX         NAME    NUMBER
   1900      -1.3234E+05     4.5862E-01     2.9489E+01     C2        398

 BOND    =     9155.4904  ANGLE   =      176.6974  DIHED      =      971.5180
 VDWAALS =    21541.1302  EEL     =  -160511.9177  HBOND      =        0.0000
 1-4 VDW =      252.7930  1-4 EEL =    -3928.5658  RESTRAINT  =        0.0000


   NSTEP       ENERGY          RMS            GMAX         NAME    NUMBER
   1950      -1.3244E+05     6.7393E-01     5.1075E+01     C5        391

 BOND    =     9178.3426  ANGLE   =      175.9994  DIHED      =      971.1784
 VDWAALS =    21628.2235  EEL     =  -160716.0778  HBOND      =        0.0000
 1-4 VDW =      253.1969  1-4 EEL =    -3927.9424  RESTRAINT  =        0.0000


   NSTEP       ENERGY          RMS            GMAX         NAME    NUMBER
   2000      -1.3254E+05     2.9786E-01     1.8925E+01     C2        398

 BOND    =     9194.4448  ANGLE   =      174.5665  DIHED      =      970.7792
 VDWAALS =    21713.1371  EEL     =  -160916.6005  HBOND      =        0.0000
 1-4 VDW =      252.9110  1-4 EEL =    -3928.1175  RESTRAINT  =        0.0000


   NSTEP       ENERGY          RMS            GMAX         NAME    NUMBER
   2050      -1.3263E+05     5.7839E-01     4.4033E+01     C2        398

 BOND    =     9216.5020  ANGLE   =      174.5919  DIHED      =      970.3967
 VDWAALS =    21794.5737  EEL     =  -161108.7232  HBOND      =        0.0000
 1-4 VDW =      252.9977  1-4 EEL =    -3927.9723  RESTRAINT  =        0.0000


   NSTEP       ENERGY          RMS            GMAX         NAME    NUMBER
   2100      -1.3272E+05     2.4480E-01     1.6357E+01     C2        398

 BOND    =     9227.4612  ANGLE   =      174.6556  DIHED      =      970.0135
 VDWAALS =    21872.6508  EEL     =  -161291.3960  HBOND      =        0.0000
 1-4 VDW =      252.8825  1-4 EEL =    -3927.5782  RESTRAINT  =        0.0000


   NSTEP       ENERGY          RMS            GMAX         NAME    NUMBER
   2150      -1.3281E+05     4.7126E-01     3.7855E+01     C2        398

 BOND    =     9245.9246  ANGLE   =      175.2534  DIHED      =      969.5978
 VDWAALS =    21951.2199  EEL     =  -161478.8241  HBOND      =        0.0000
 1-4 VDW =      252.9557  1-4 EEL =    -3927.3045  RESTRAINT  =        0.0000


   NSTEP       ENERGY          RMS            GMAX         NAME    NUMBER
   2200      -1.3290E+05     1.6760E-01     5.6540E+00     C2        398

 BOND    =     9261.1084  ANGLE   =      174.6048  DIHED      =      969.1679
 VDWAALS =    22024.3717  EEL     =  -161657.3944  HBOND      =        0.0000
 1-4 VDW =      252.7717  1-4 EEL =    -3927.3333  RESTRAINT  =        0.0000


   NSTEP       ENERGY          RMS            GMAX         NAME    NUMBER
   2250      -1.3299E+05     4.5154E-01     3.0592E+01     C5        391

 BOND    =     9280.5752  ANGLE   =      174.5732  DIHED      =      968.7459
 VDWAALS =    22095.5352  EEL     =  -161832.2167  HBOND      =        0.0000
 1-4 VDW =      252.8630  1-4 EEL =    -3927.1996  RESTRAINT  =        0.0000


   NSTEP       ENERGY          RMS            GMAX         NAME    NUMBER
   2300      -1.3307E+05     6.4483E-01     4.3688E+01     C2        398

 BOND    =     9298.8692  ANGLE   =      174.9771  DIHED      =      968.3348
 VDWAALS =    22163.1958  EEL     =  -161998.0466  HBOND      =        0.0000
 1-4 VDW =      252.9623  1-4 EEL =    -3927.0834  RESTRAINT  =        0.0000


   NSTEP       ENERGY          RMS            GMAX         NAME    NUMBER
   2350      -1.3315E+05     3.4887E-01     2.7747E+01     C2        398

 BOND    =     9306.9190  ANGLE   =      175.2963  DIHED      =      967.9037
 VDWAALS =    22230.1802  EEL     =  -162158.1266  HBOND      =        0.0000
 1-4 VDW =      252.7695  1-4 EEL =    -3926.4759  RESTRAINT  =        0.0000


   NSTEP       ENERGY          RMS            GMAX         NAME    NUMBER
   2400      -1.3323E+05     1.6108E-01     6.3695E+00     C2        398

 BOND    =     9321.3836  ANGLE   =      175.1538  DIHED      =      967.4535
 VDWAALS =    22295.6929  EEL     =  -162317.3097  HBOND      =        0.0000
 1-4 VDW =      252.6279  1-4 EEL =    -3926.5663  RESTRAINT  =        0.0000


   NSTEP       ENERGY          RMS            GMAX         NAME    NUMBER
   2450      -1.3331E+05     2.1390E-01     1.1983E+01     C2        398

 BOND    =     9336.2760  ANGLE   =      175.5469  DIHED      =      966.9783
 VDWAALS =    22362.1584  EEL     =  -162476.8880  HBOND      =        0.0000
 1-4 VDW =      252.4801  1-4 EEL =    -3926.4138  RESTRAINT  =        0.0000


   NSTEP       ENERGY          RMS            GMAX         NAME    NUMBER
   2500      -1.3338E+05     5.2237E-01     3.2226E+01     C5        391

 BOND    =     9354.6749  ANGLE   =      175.0073  DIHED      =      966.5318
 VDWAALS =    22424.6754  EEL     =  -162627.3032  HBOND      =        0.0000
 1-4 VDW =      252.7356  1-4 EEL =    -3926.1389  RESTRAINT  =        0.0000


   NSTEP       ENERGY          RMS            GMAX         NAME    NUMBER
   2550      -1.3345E+05     1.5168E-01     5.9104E+00     C5        391

 BOND    =     9362.1862  ANGLE   =      175.2815  DIHED      =      966.0984
 VDWAALS =    22483.8705  EEL     =  -162765.3700  HBOND      =        0.0000
 1-4 VDW =      252.5383  1-4 EEL =    -3925.7853  RESTRAINT  =        0.0000


   NSTEP       ENERGY          RMS            GMAX         NAME    NUMBER
   2600      -1.3352E+05     3.9694E-01     3.1612E+01     C5        391

 BOND    =     9376.6909  ANGLE   =      175.2964  DIHED      =      965.6532
 VDWAALS =    22544.5637  EEL     =  -162908.6907  HBOND      =        0.0000
 1-4 VDW =      252.6940  1-4 EEL =    -3925.2214  RESTRAINT  =        0.0000


   NSTEP       ENERGY          RMS            GMAX         NAME    NUMBER
   2650      -1.3359E+05     1.6481E-01     8.7997E+00     C5        391

 BOND    =     9388.7664  ANGLE   =      175.0164  DIHED      =      965.2129
 VDWAALS =    22600.7448  EEL     =  -163042.8296  HBOND      =        0.0000
 1-4 VDW =      252.5126  1-4 EEL =    -3925.4039  RESTRAINT  =        0.0000


   NSTEP       ENERGY          RMS            GMAX         NAME    NUMBER
   2700      -1.3365E+05     3.2506E-01     2.5452E+01     C5        391

 BOND    =     9402.6675  ANGLE   =      175.2997  DIHED      =      964.7581
 VDWAALS =    22656.8261  EEL     =  -163175.6453  HBOND      =        0.0000
 1-4 VDW =      252.4613  1-4 EEL =    -3925.3642  RESTRAINT  =        0.0000


   NSTEP       ENERGY          RMS            GMAX         NAME    NUMBER
   2750      -1.3371E+05     4.5872E-01     3.9176E+01     C5        391

 BOND    =     9416.9267  ANGLE   =      175.1603  DIHED      =      964.3034
 VDWAALS =    22711.2138  EEL     =  -163304.0973  HBOND      =        0.0000
 1-4 VDW =      252.5806  1-4 EEL =    -3925.2239  RESTRAINT  =        0.0000


   NSTEP       ENERGY          RMS            GMAX         NAME    NUMBER
   2800      -1.3377E+05     2.0084E-01     1.2565E+01     C5        391

 BOND    =     9424.8483  ANGLE   =      174.5071  DIHED      =      963.8394
 VDWAALS =    22765.4412  EEL     =  -163430.0041  HBOND      =        0.0000
 1-4 VDW =      252.7398  1-4 EEL =    -3924.4227  RESTRAINT  =        0.0000


   NSTEP       ENERGY          RMS            GMAX         NAME    NUMBER
   2850      -1.3383E+05     4.3918E-01     3.7005E+01     C5        391

 BOND    =     9437.8159  ANGLE   =      175.2247  DIHED      =      963.3664
 VDWAALS =    22820.0353  EEL     =  -163556.7403  HBOND      =        0.0000
 1-4 VDW =      252.7412  1-4 EEL =    -3924.0673  RESTRAINT  =        0.0000


   NSTEP       ENERGY          RMS            GMAX         NAME    NUMBER
   2900      -1.3389E+05     1.3788E-01     5.3637E+00     C5        391

 BOND    =     9448.0292  ANGLE   =      174.5079  DIHED      =      962.9096
 VDWAALS =    22870.7760  EEL     =  -163675.4681  HBOND      =        0.0000
 1-4 VDW =      252.7369  1-4 EEL =    -3924.2666  RESTRAINT  =        0.0000


   NSTEP       ENERGY          RMS            GMAX         NAME    NUMBER
   2950      -1.3395E+05     3.5575E-01     2.8755E+01     C2        398

 BOND    =     9461.3495  ANGLE   =      174.8563  DIHED      =      962.4402
 VDWAALS =    22922.8921  EEL     =  -163795.9360  HBOND      =        0.0000
 1-4 VDW =      252.7188  1-4 EEL =    -3924.3572  RESTRAINT  =        0.0000


   NSTEP       ENERGY          RMS            GMAX         NAME    NUMBER
   3000      -1.3400E+05     4.9962E-01     4.2841E+01     C2        398

 BOND    =     9473.8452  ANGLE   =      175.4119  DIHED      =      961.9865
 VDWAALS =    22973.0990  EEL     =  -163911.0257  HBOND      =        0.0000
 1-4 VDW =      252.6928  1-4 EEL =    -3924.4092  RESTRAINT  =        0.0000


   NSTEP       ENERGY          RMS            GMAX         NAME    NUMBER
   3050      -1.3405E+05     2.9321E-01     2.2836E+01     C2        398

 BOND    =     9479.8834  ANGLE   =      175.0968  DIHED      =      961.5514
 VDWAALS =    23022.7135  EEL     =  -164022.5945  HBOND      =        0.0000
 1-4 VDW =      252.8284  1-4 EEL =    -3923.6049  RESTRAINT  =        0.0000


   NSTEP       ENERGY          RMS            GMAX         NAME    NUMBER
   3100      -1.3410E+05     4.3466E-01     3.2570E+01     C2        398

 BOND    =     9491.0541  ANGLE   =      175.3698  DIHED      =      961.1356
 VDWAALS =    23071.0752  EEL     =  -164131.9352  HBOND      =        0.0000
 1-4 VDW =      252.9254  1-4 EEL =    -3923.3551  RESTRAINT  =        0.0000


   NSTEP       ENERGY          RMS            GMAX         NAME    NUMBER
   3150      -1.3416E+05     1.6675E-01     9.4375E+00     C5        391

 BOND    =     9500.1000  ANGLE   =      175.2988  DIHED      =      960.7244
 VDWAALS =    23118.7337  EEL     =  -164240.5143  HBOND      =        0.0000
 1-4 VDW =      252.7765  1-4 EEL =    -3923.7886  RESTRAINT  =        0.0000


   NSTEP       ENERGY          RMS            GMAX         NAME    NUMBER
   3200      -1.3420E+05     4.2990E-01     2.7454E+01     C5        391

 BOND    =     9512.6574  ANGLE   =      175.6211  DIHED      =      960.3343
 VDWAALS =    23165.1769  EEL     =  -164346.2972  HBOND      =        0.0000
 1-4 VDW =      252.9233  1-4 EEL =    -3923.8204  RESTRAINT  =        0.0000


   NSTEP       ENERGY          RMS            GMAX         NAME    NUMBER
   3250      -1.3425E+05     1.2525E-01     4.9536E+00     C5        391

 BOND    =     9518.5292  ANGLE   =      175.7106  DIHED      =      959.9606
 VDWAALS =    23209.7258  EEL     =  -164445.7484  HBOND      =        0.0000
 1-4 VDW =      252.8391  1-4 EEL =    -3923.4454  RESTRAINT  =        0.0000


   NSTEP       ENERGY          RMS            GMAX         NAME    NUMBER
   3300      -1.3430E+05     3.2230E-01     2.6849E+01     C5        391

 BOND    =     9528.3672  ANGLE   =      176.2066  DIHED      =      959.5896
 VDWAALS =    23254.4662  EEL     =  -164545.9735  HBOND      =        0.0000
 1-4 VDW =      252.8992  1-4 EEL =    -3923.0751  RESTRAINT  =        0.0000


   NSTEP       ENERGY          RMS            GMAX         NAME    NUMBER
   3350      -1.3434E+05     4.4850E-01     3.8010E+01     C2        398

 BOND    =     9538.6670  ANGLE   =      176.6593  DIHED      =      959.2300
 VDWAALS =    23298.4624  EEL     =  -164644.8170  HBOND      =        0.0000
 1-4 VDW =      252.9852  1-4 EEL =    -3922.8327  RESTRAINT  =        0.0000


   NSTEP       ENERGY          RMS            GMAX         NAME    NUMBER
   3400      -1.3439E+05     1.9124E-01     1.3374E+01     C2        398

 BOND    =     9547.4203  ANGLE   =      176.1254  DIHED      =      958.8865
 VDWAALS =    23340.6497  EEL     =  -164741.6913  HBOND      =        0.0000
 1-4 VDW =      253.0403  1-4 EEL =    -3923.2918  RESTRAINT  =        0.0000


   NSTEP       ENERGY          RMS            GMAX         NAME    NUMBER
   3450      -1.3443E+05     3.9557E-01     2.8832E+01     C5        391

 BOND    =     9557.7156  ANGLE   =      177.1561  DIHED      =      958.5640
 VDWAALS =    23382.0022  EEL     =  -164836.0660  HBOND      =        0.0000
 1-4 VDW =      252.9573  1-4 EEL =    -3923.4710  RESTRAINT  =        0.0000


   NSTEP       ENERGY          RMS            GMAX         NAME    NUMBER
   3500      -1.3448E+05     2.1294E-01     1.6190E+01     C2        398

 BOND    =     9564.0421  ANGLE   =      176.4597  DIHED      =      958.2765
 VDWAALS =    23421.8990  EEL     =  -164926.8442  HBOND      =        0.0000
 1-4 VDW =      253.2204  1-4 EEL =    -3922.6961  RESTRAINT  =        0.0000


   NSTEP       ENERGY          RMS            GMAX         NAME    NUMBER
   3550      -1.3452E+05     3.5264E-01     2.4434E+01     C6        577

 BOND    =     9572.3959  ANGLE   =      177.5096  DIHED      =      957.9873
 VDWAALS =    23460.6663  EEL     =  -165014.6246  HBOND      =        0.0000
 1-4 VDW =      253.1072  1-4 EEL =    -3922.6790  RESTRAINT  =        0.0000


   NSTEP       ENERGY          RMS            GMAX         NAME    NUMBER
   3600      -1.3456E+05     1.6553E-01     1.1233E+01     C2        398

 BOND    =     9581.3124  ANGLE   =      176.4746  DIHED      =      957.7048
 VDWAALS =    23497.4361  EEL     =  -165100.2715  HBOND      =        0.0000
 1-4 VDW =      253.3995  1-4 EEL =    -3922.7763  RESTRAINT  =        0.0000


   NSTEP       ENERGY          RMS            GMAX         NAME    NUMBER
   3650      -1.3459E+05     3.0120E-01     2.3418E+01     C2        398

 BOND    =     9590.5407  ANGLE   =      176.5066  DIHED      =      957.4176
 VDWAALS =    23532.5164  EEL     =  -165182.2988  HBOND      =        0.0000
 1-4 VDW =      253.5572  1-4 EEL =    -3922.7821  RESTRAINT  =        0.0000


   NSTEP       ENERGY          RMS            GMAX         NAME    NUMBER
   3700      -1.3463E+05     4.4341E-01     2.9434E+01     C6        577

 BOND    =     9599.9046  ANGLE   =      176.2298  DIHED      =      957.1264
 VDWAALS =    23565.9997  EEL     =  -165261.8874  HBOND      =        0.0000
 1-4 VDW =      253.8322  1-4 EEL =    -3922.5815  RESTRAINT  =        0.0000


   NSTEP       ENERGY          RMS            GMAX         NAME    NUMBER
   3750      -1.3467E+05     1.9264E-01     1.4700E+01     C2        398

 BOND    =     9603.3100  ANGLE   =      176.7430  DIHED      =      956.8249
 VDWAALS =    23598.8971  EEL     =  -165338.7483  HBOND      =        0.0000
 1-4 VDW =      253.6702  1-4 EEL =    -3922.1637  RESTRAINT  =        0.0000


   NSTEP       ENERGY          RMS            GMAX         NAME    NUMBER
   3800      -1.3471E+05     3.6188E-01     2.6302E+01     C2        398

 BOND    =     9610.9170  ANGLE   =      177.5685  DIHED      =      956.5166
 VDWAALS =    23631.1308  EEL     =  -165415.5122  HBOND      =        0.0000
 1-4 VDW =      253.6333  1-4 EEL =    -3922.0267  RESTRAINT  =        0.0000


   NSTEP       ENERGY          RMS            GMAX         NAME    NUMBER
   3850      -1.3475E+05     1.4713E-01     8.9058E+00     C2        398

 BOND    =     9618.4480  ANGLE   =      176.5233  DIHED      =      956.2189
 VDWAALS =    23661.1507  EEL     =  -165489.5756  HBOND      =        0.0000
 1-4 VDW =      253.9146  1-4 EEL =    -3922.2363  RESTRAINT  =        0.0000


   NSTEP       ENERGY          RMS            GMAX         NAME    NUMBER
   3900      -1.3478E+05     3.5061E-01     2.4116E+01     C2        398

 BOND    =     9627.7173  ANGLE   =      176.3792  DIHED      =      955.9121
 VDWAALS =    23691.5349  EEL     =  -165564.4324  HBOND      =        0.0000
 1-4 VDW =      254.1494  1-4 EEL =    -3922.2391  RESTRAINT  =        0.0000


   NSTEP       ENERGY          RMS            GMAX         NAME    NUMBER
   3950      -1.3482E+05     1.0242E-01     3.0231E+00     C2        398

 BOND    =     9631.8370  ANGLE   =      176.6760  DIHED      =      955.6188
 VDWAALS =    23720.1800  EEL     =  -165634.4088  HBOND      =        0.0000
 1-4 VDW =      254.0532  1-4 EEL =    -3921.9437  RESTRAINT  =        0.0000


   NSTEP       ENERGY          RMS            GMAX         NAME    NUMBER
   4000      -1.3485E+05     2.7286E-01     2.1280E+01     C2        398

 BOND    =     9639.0731  ANGLE   =      176.7256  DIHED      =      955.3340
 VDWAALS =    23747.9860  EEL     =  -165703.8180  HBOND      =        0.0000
 1-4 VDW =      254.1843  1-4 EEL =    -3921.6056  RESTRAINT  =        0.0000


   NSTEP       ENERGY          RMS            GMAX         NAME    NUMBER
   4050      -1.3489E+05     4.1000E-01     2.8586E+01     C6        577

 BOND    =     9645.4323  ANGLE   =      178.1425  DIHED      =      955.0513
 VDWAALS =    23775.0371  EEL     =  -165771.2025  HBOND      =        0.0000
 1-4 VDW =      253.9421  1-4 EEL =    -3921.7510  RESTRAINT  =        0.0000


   NSTEP       ENERGY          RMS            GMAX         NAME    NUMBER
   4100      -1.3492E+05     2.1449E-01     1.7329E+01     C2        398

 BOND    =     9652.7432  ANGLE   =      176.9353  DIHED      =      954.7757
 VDWAALS =    23801.3782  EEL     =  -165839.7942  HBOND      =        0.0000
 1-4 VDW =      254.2405  1-4 EEL =    -3922.0177  RESTRAINT  =        0.0000


   NSTEP       ENERGY          RMS            GMAX         NAME    NUMBER
   4150      -1.3495E+05     3.3388E-01     2.2541E+01     C2        398

 BOND    =     9660.5506  ANGLE   =      176.6639  DIHED      =      954.5127
 VDWAALS =    23827.0932  EEL     =  -165905.7312  HBOND      =        0.0000
 1-4 VDW =      254.4518  1-4 EEL =    -3921.9389  RESTRAINT  =        0.0000


   NSTEP       ENERGY          RMS            GMAX         NAME    NUMBER
   4200      -1.3499E+05     1.0209E-01     3.6317E+00     C2        398

 BOND    =     9664.2017  ANGLE   =      176.9197  DIHED      =      954.2549
 VDWAALS =    23852.3611  EEL     =  -165968.9052  HBOND      =        0.0000
 1-4 VDW =      254.3491  1-4 EEL =    -3921.6616  RESTRAINT  =        0.0000


   NSTEP       ENERGY          RMS            GMAX         NAME    NUMBER
   4250      -1.3502E+05     2.6377E-01     2.1808E+01     C2        398

 BOND    =     9670.7700  ANGLE   =      177.0885  DIHED      =      953.9940
 VDWAALS =    23878.1817  EEL     =  -166033.8771  HBOND      =        0.0000
 1-4 VDW =      254.4284  1-4 EEL =    -3921.3839  RESTRAINT  =        0.0000


   NSTEP       ENERGY          RMS            GMAX         NAME    NUMBER
   4300      -1.3505E+05     9.9284E-02     3.3167E+00     C2        398

 BOND    =     9676.7099  ANGLE   =      177.0023  DIHED      =      953.7450
 VDWAALS =    23902.3762  EEL     =  -166095.6264  HBOND      =        0.0000
 1-4 VDW =      254.4533  1-4 EEL =    -3921.7155  RESTRAINT  =        0.0000


   NSTEP       ENERGY          RMS            GMAX         NAME    NUMBER
   4350      -1.3508E+05     2.2819E-01     1.8166E+01     C2        398

 BOND    =     9683.6736  ANGLE   =      177.2501  DIHED      =      953.4931
 VDWAALS =    23926.8449  EEL     =  -166157.8244  HBOND      =        0.0000
 1-4 VDW =      254.4797  1-4 EEL =    -3921.9330  RESTRAINT  =        0.0000


   NSTEP       ENERGY          RMS            GMAX         NAME    NUMBER
   4400      -1.3511E+05     3.2794E-01     2.7662E+01     C2        398

 BOND    =     9690.6454  ANGLE   =      177.2986  DIHED      =      953.2528
 VDWAALS =    23950.2392  EEL     =  -166217.4923  HBOND      =        0.0000
 1-4 VDW =      254.5740  1-4 EEL =    -3922.0420  RESTRAINT  =        0.0000


   NSTEP       ENERGY          RMS            GMAX         NAME    NUMBER
   4450      -1.3515E+05     9.3508E-02     2.6640E+00     C5        391

 BOND    =     9694.0783  ANGLE   =      177.1732  DIHED      =      953.0134
 VDWAALS =    23973.7986  EEL     =  -166276.7301  HBOND      =        0.0000
 1-4 VDW =      254.6019  1-4 EEL =    -3921.6734  RESTRAINT  =        0.0000


   NSTEP       ENERGY          RMS            GMAX         NAME    NUMBER
   4500      -1.3517E+05     2.9571E-01     2.1690E+01     C2        398

 BOND    =     9700.4914  ANGLE   =      177.1451  DIHED      =      952.7802
 VDWAALS =    23996.5959  EEL     =  -166335.1734  HBOND      =        0.0000
 1-4 VDW =      254.7601  1-4 EEL =    -3921.3855  RESTRAINT  =        0.0000


   NSTEP       ENERGY          RMS            GMAX         NAME    NUMBER
   4550      -1.3520E+05     1.0026E-01     4.4611E+00     C2        398

 BOND    =     9705.3691  ANGLE   =      177.2200  DIHED      =      952.5547
 VDWAALS =    24017.5383  EEL     =  -166390.3382  HBOND      =        0.0000
 1-4 VDW =      254.7241  1-4 EEL =    -3921.8149  RESTRAINT  =        0.0000


   NSTEP       ENERGY          RMS            GMAX         NAME    NUMBER
   4600      -1.3523E+05     2.4610E-01     1.8818E+01     C2        398

 BOND    =     9712.1585  ANGLE   =      177.0627  DIHED      =      952.3301
 VDWAALS =    24038.2708  EEL     =  -166446.1716  HBOND      =        0.0000
 1-4 VDW =      254.8781  1-4 EEL =    -3921.9593  RESTRAINT  =        0.0000


   NSTEP       ENERGY          RMS            GMAX         NAME    NUMBER
   4650      -1.3526E+05     3.5702E-01     3.1801E+01     C2        398

 BOND    =     9718.4704  ANGLE   =      177.3948  DIHED      =      952.1156
 VDWAALS =    24057.8387  EEL     =  -166499.5018  HBOND      =        0.0000
 1-4 VDW =      254.9046  1-4 EEL =    -3922.1810  RESTRAINT  =        0.0000


   NSTEP       ENERGY          RMS            GMAX         NAME    NUMBER
   4700      -1.3529E+05     1.6790E-01     1.3013E+01     C2        398

 BOND    =     9720.8105  ANGLE   =      177.3638  DIHED      =      951.9090
 VDWAALS =    24077.0881  EEL     =  -166551.5486  HBOND      =        0.0000
 1-4 VDW =      254.8865  1-4 EEL =    -3921.6947  RESTRAINT  =        0.0000


   NSTEP       ENERGY          RMS            GMAX         NAME    NUMBER
   4750      -1.3532E+05     9.4303E-02     3.4667E+00     C2        398

 BOND    =     9726.0410  ANGLE   =      177.2857  DIHED      =      951.7034
 VDWAALS =    24095.4223  EEL     =  -166603.1020  HBOND      =        0.0000
 1-4 VDW =      254.9207  1-4 EEL =    -3921.9443  RESTRAINT  =        0.0000


   NSTEP       ENERGY          RMS            GMAX         NAME    NUMBER
   4800      -1.3535E+05     1.5863E-01     1.2178E+01     C2        398

 BOND    =     9731.5612  ANGLE   =      177.3105  DIHED      =      951.4974
 VDWAALS =    24113.7525  EEL     =  -166654.8641  HBOND      =        0.0000
 1-4 VDW =      254.9445  1-4 EEL =    -3922.0945  RESTRAINT  =        0.0000


   NSTEP       ENERGY          RMS            GMAX         NAME    NUMBER
   4850      -1.3538E+05     3.0067E-01     2.0953E+01     C2        398

 BOND    =     9738.0448  ANGLE   =      177.0125  DIHED      =      951.2933
 VDWAALS =    24131.8364  EEL     =  -166706.8754  HBOND      =        0.0000
 1-4 VDW =      255.0987  1-4 EEL =    -3922.1568  RESTRAINT  =        0.0000


   NSTEP       ENERGY          RMS            GMAX         NAME    NUMBER
   4900      -1.3540E+05     1.2769E-01     8.5780E+00     C2        398

 BOND    =     9740.6110  ANGLE   =      177.3423  DIHED      =      951.0991
 VDWAALS =    24149.4142  EEL     =  -166755.8543  HBOND      =        0.0000
 1-4 VDW =      254.9287  1-4 EEL =    -3921.9422  RESTRAINT  =        0.0000


   NSTEP       ENERGY          RMS            GMAX         NAME    NUMBER
   4950      -1.3543E+05     2.3039E-01     1.8918E+01     C2        398

 BOND    =     9745.7537  ANGLE   =      177.2664  DIHED      =      950.9090
 VDWAALS =    24166.6621  EEL     =  -166805.0664  HBOND      =        0.0000
 1-4 VDW =      254.9775  1-4 EEL =    -3921.8227  RESTRAINT  =        0.0000


   NSTEP       ENERGY          RMS            GMAX         NAME    NUMBER
   5000      -1.3546E+05     1.0102E-01     5.1461E+00     C2        398

 BOND    =     9750.4958  ANGLE   =      177.1137  DIHED      =      950.7229
 VDWAALS =    24183.4366  EEL     =  -166853.1522  HBOND      =        0.0000
 1-4 VDW =      254.9696  1-4 EEL =    -3922.1881  RESTRAINT  =        0.0000


   NSTEP       ENERGY          RMS            GMAX         NAME    NUMBER
   5050      -1.3578E+05     2.2048E-01     1.7619E+01     O       25432

 BOND    =     9817.8475  ANGLE   =      177.0176  DIHED      =      948.0452
 VDWAALS =    24467.8544  EEL     =  -167527.3859  HBOND      =        0.0000
 1-4 VDW =      255.3432  1-4 EEL =    -3922.3821  RESTRAINT  =        0.0000


   NSTEP       ENERGY          RMS            GMAX         NAME    NUMBER
   5100      -1.3589E+05     1.9066E-01     7.4160E+00     O       15493

 BOND    =     9830.9363  ANGLE   =      177.1560  DIHED      =      947.3059
 VDWAALS =    24526.0504  EEL     =  -167700.4133  HBOND      =        0.0000
 1-4 VDW =      255.6484  1-4 EEL =    -3922.5786  RESTRAINT  =        0.0000


   NSTEP       ENERGY          RMS            GMAX         NAME    NUMBER
   5150      -1.3598E+05     2.2186E-01     7.6869E+00     H1      21479

 BOND    =     9848.1875  ANGLE   =      176.8929  DIHED      =      946.5243
 VDWAALS =    24579.7529  EEL     =  -167861.9227  HBOND      =        0.0000
 1-4 VDW =      255.6253  1-4 EEL =    -3922.8844  RESTRAINT  =        0.0000


   NSTEP       ENERGY          RMS            GMAX         NAME    NUMBER
   5200      -1.3608E+05     2.3327E-01     9.5784E+00     C2        398

 BOND    =     9866.7253  ANGLE   =      177.1525  DIHED      =      945.6530
 VDWAALS =    24648.8531  EEL     =  -168046.2528  HBOND      =        0.0000
 1-4 VDW =      255.5597  1-4 EEL =    -3922.9959  RESTRAINT  =        0.0000


   NSTEP       ENERGY          RMS            GMAX         NAME    NUMBER
   5250      -1.3616E+05     1.8552E-01     7.7130E+00     C2        398

 BOND    =     9881.8972  ANGLE   =      178.1042  DIHED      =      944.7148
 VDWAALS =    24698.1153  EEL     =  -168189.7889  HBOND      =        0.0000
 1-4 VDW =      255.7604  1-4 EEL =    -3923.8627  RESTRAINT  =        0.0000


   NSTEP       ENERGY          RMS            GMAX         NAME    NUMBER
   5300      -1.3624E+05     1.5494E-01     5.5053E+00     O       21478

 BOND    =     9896.5594  ANGLE   =      178.2940  DIHED      =      943.7097
 VDWAALS =    24749.8842  EEL     =  -168341.5939  HBOND      =        0.0000
 1-4 VDW =      255.6565  1-4 EEL =    -3924.0859  RESTRAINT  =        0.0000


   NSTEP       ENERGY          RMS            GMAX         NAME    NUMBER
   5350      -1.3640E+05     1.7319E-01     6.5521E+00     H2       3429

 BOND    =     9925.2412  ANGLE   =      178.1160  DIHED      =      941.7628
 VDWAALS =    24867.5959  EEL     =  -168645.7942  HBOND      =        0.0000
 1-4 VDW =      255.1865  1-4 EEL =    -3923.6310  RESTRAINT  =        0.0000


   NSTEP       ENERGY          RMS            GMAX         NAME    NUMBER
   5400      -1.3648E+05     1.9022E-01     7.1455E+00     C2        180

 BOND    =     9939.2356  ANGLE   =      179.9133  DIHED      =      941.0317
 VDWAALS =    24906.2918  EEL     =  -168776.3783  HBOND      =        0.0000
 1-4 VDW =      254.8717  1-4 EEL =    -3924.0622  RESTRAINT  =        0.0000


   NSTEP       ENERGY          RMS            GMAX         NAME    NUMBER
   5450      -1.3662E+05     3.2844E-01     1.2394E+01     H1      16211

 BOND    =     9968.4130  ANGLE   =      181.8004  DIHED      =      940.1594
 VDWAALS =    24998.3804  EEL     =  -169034.3541  HBOND      =        0.0000
 1-4 VDW =      255.2827  1-4 EEL =    -3926.3993  RESTRAINT  =        0.0000


   NSTEP       ENERGY          RMS            GMAX         NAME    NUMBER
   5500      -1.3668E+05     2.0319E-01     6.4470E+00     C1'       919

 BOND    =     9977.1407  ANGLE   =      181.3513  DIHED      =      939.7420
 VDWAALS =    25031.3461  EEL     =  -169140.9485  HBOND      =        0.0000
 1-4 VDW =      255.5856  1-4 EEL =    -3926.0675  RESTRAINT  =        0.0000


   NSTEP       ENERGY          RMS            GMAX         NAME    NUMBER
   5550      -1.3679E+05     1.7509E-01     6.1797E+00     C4        176

 BOND    =     9994.5610  ANGLE   =      179.9058  DIHED      =      938.4743
 VDWAALS =    25104.8132  EEL     =  -169335.1258  HBOND      =        0.0000
 1-4 VDW =      255.4280  1-4 EEL =    -3924.6842  RESTRAINT  =        0.0000


   NSTEP       ENERGY          RMS            GMAX         NAME    NUMBER
   5600      -1.3685E+05     1.4710E-01     5.6345E+00     H1      12764

 BOND    =    10005.6788  ANGLE   =      180.2783  DIHED      =      937.9559
 VDWAALS =    25141.0210  EEL     =  -169444.3161  HBOND      =        0.0000
 1-4 VDW =      255.5066  1-4 EEL =    -3924.6492  RESTRAINT  =        0.0000


   NSTEP       ENERGY          RMS            GMAX         NAME    NUMBER
   5650      -1.3691E+05     1.3852E-01     4.5426E+00     C5        391

 BOND    =    10016.7893  ANGLE   =      180.4311  DIHED      =      937.3936
 VDWAALS =    25187.0604  EEL     =  -169563.0637  HBOND      =        0.0000
 1-4 VDW =      255.6900  1-4 EEL =    -3924.7164  RESTRAINT  =        0.0000


   NSTEP       ENERGY          RMS            GMAX         NAME    NUMBER
   5700      -1.3697E+05     1.3442E-01     5.7383E+00     Na+      1077

 BOND    =    10030.7362  ANGLE   =      180.3642  DIHED      =      936.9191
 VDWAALS =    25236.0516  EEL     =  -169687.1068  HBOND      =        0.0000
 1-4 VDW =      255.7973  1-4 EEL =    -3924.6149  RESTRAINT  =        0.0000


   NSTEP       ENERGY          RMS            GMAX         NAME    NUMBER
   5750      -1.3703E+05     1.2504E-01     7.1802E+00     Na+      1077

 BOND    =    10041.4064  ANGLE   =      180.5232  DIHED      =      936.4020
 VDWAALS =    25289.3041  EEL     =  -169809.3586  HBOND      =        0.0000
 1-4 VDW =      255.8970  1-4 EEL =    -3924.4569  RESTRAINT  =        0.0000


   NSTEP       ENERGY          RMS            GMAX         NAME    NUMBER
   5800      -1.3708E+05     1.3228E-01     5.9593E+00     Na+      1077

 BOND    =    10052.9172  ANGLE   =      180.6601  DIHED      =      935.9428
 VDWAALS =    25335.2641  EEL     =  -169915.9368  HBOND      =        0.0000
 1-4 VDW =      256.0731  1-4 EEL =    -3924.5885  RESTRAINT  =        0.0000


   NSTEP       ENERGY          RMS            GMAX         NAME    NUMBER
   5850      -1.3712E+05     1.5907E-01     5.6397E+00     O3'       125

 BOND    =    10060.4052  ANGLE   =      180.8935  DIHED      =      935.6980
 VDWAALS =    25366.2489  EEL     =  -169989.6938  HBOND      =        0.0000
 1-4 VDW =      256.2162  1-4 EEL =    -3924.7874  RESTRAINT  =        0.0000


   NSTEP       ENERGY          RMS            GMAX         NAME    NUMBER
   5900      -1.3715E+05     2.4866E-01     1.0064E+01     C2        398

 BOND    =    10068.3737  ANGLE   =      181.3032  DIHED      =      935.4888
 VDWAALS =    25395.3735  EEL     =  -170066.7322  HBOND      =        0.0000
 1-4 VDW =      256.3769  1-4 EEL =    -3924.8332  RESTRAINT  =        0.0000


   NSTEP       ENERGY          RMS            GMAX         NAME    NUMBER
   5950      -1.3719E+05     1.8001E-01     6.6515E+00     O3'       125

 BOND    =    10074.2074  ANGLE   =      181.3850  DIHED      =      935.3123
 VDWAALS =    25415.2168  EEL     =  -170127.2139  HBOND      =        0.0000
 1-4 VDW =      256.3525  1-4 EEL =    -3924.8575  RESTRAINT  =        0.0000


   NSTEP       ENERGY          RMS            GMAX         NAME    NUMBER
   6000      -1.3722E+05     1.5156E-01     6.4890E+00     O3'       125

 BOND    =    10079.6826  ANGLE   =      181.4763  DIHED      =      935.1143
 VDWAALS =    25441.3517  EEL     =  -170190.0367  HBOND      =        0.0000
 1-4 VDW =      256.4810  1-4 EEL =    -3924.8942  RESTRAINT  =        0.0000


   NSTEP       ENERGY          RMS            GMAX         NAME    NUMBER
   6050      -1.3725E+05     1.9123E-01     8.3020E+00     C5'       130

 BOND    =    10085.6898  ANGLE   =      181.6538  DIHED      =      934.9121
 VDWAALS =    25463.5456  EEL     =  -170249.7268  HBOND      =        0.0000
 1-4 VDW =      256.5798  1-4 EEL =    -3924.8513  RESTRAINT  =        0.0000


   NSTEP       ENERGY          RMS            GMAX         NAME    NUMBER
   6100      -1.3729E+05     1.9402E-01     8.9804E+00     C5'       130

 BOND    =    10091.3032  ANGLE   =      181.7954  DIHED      =      934.7471
 VDWAALS =    25483.5805  EEL     =  -170308.3933  HBOND      =        0.0000
 1-4 VDW =      256.5547  1-4 EEL =    -3924.7959  RESTRAINT  =        0.0000


   NSTEP       ENERGY          RMS            GMAX         NAME    NUMBER
   6150      -1.3731E+05     2.4099E-01     1.4518E+01     C6        991

 BOND    =    10097.1284  ANGLE   =      181.8589  DIHED      =      934.5868
 VDWAALS =    25511.5073  EEL     =  -170371.2668  HBOND      =        0.0000
 1-4 VDW =      256.7008  1-4 EEL =    -3924.6916  RESTRAINT  =        0.0000


   NSTEP       ENERGY          RMS            GMAX         NAME    NUMBER
   6200      -1.3734E+05     1.8893E-01     9.1094E+00     C5'       130

 BOND    =    10102.1809  ANGLE   =      182.4845  DIHED      =      934.4064
 VDWAALS =    25533.4180  EEL     =  -170426.7267  HBOND      =        0.0000
 1-4 VDW =      256.6818  1-4 EEL =    -3924.6230  RESTRAINT  =        0.0000


   NSTEP       ENERGY          RMS            GMAX         NAME    NUMBER
   6250      -1.3737E+05     2.0035E-01     1.1096E+01     C5'       130

 BOND    =    10107.2660  ANGLE   =      182.6677  DIHED      =      934.2516
 VDWAALS =    25553.6506  EEL     =  -170477.2632  HBOND      =        0.0000
 1-4 VDW =      256.7474  1-4 EEL =    -3924.5601  RESTRAINT  =        0.0000


   NSTEP       ENERGY          RMS            GMAX         NAME    NUMBER
   6300      -1.3739E+05     1.6519E-01     7.0376E+00     Na+      1077

 BOND    =    10111.8146  ANGLE   =      182.5746  DIHED      =      934.0926
 VDWAALS =    25576.0859  EEL     =  -170529.7157  HBOND      =        0.0000
 1-4 VDW =      256.7560  1-4 EEL =    -3924.4928  RESTRAINT  =        0.0000


   NSTEP       ENERGY          RMS            GMAX         NAME    NUMBER
   6350      -1.3742E+05     1.6206E-01     7.8054E+00     Na+      1077

 BOND    =    10117.0763  ANGLE   =      182.7108  DIHED      =      933.9775
 VDWAALS =    25596.5665  EEL     =  -170580.8723  HBOND      =        0.0000
 1-4 VDW =      256.7489  1-4 EEL =    -3924.3993  RESTRAINT  =        0.0000


   NSTEP       ENERGY          RMS            GMAX         NAME    NUMBER
   6400      -1.3744E+05     1.4630E-01     7.1735E+00     Na+      1077

 BOND    =    10122.1386  ANGLE   =      182.7654  DIHED      =      933.8486
 VDWAALS =    25617.9956  EEL     =  -170630.7989  HBOND      =        0.0000
 1-4 VDW =      256.7010  1-4 EEL =    -3924.2482  RESTRAINT  =        0.0000


   NSTEP       ENERGY          RMS            GMAX         NAME    NUMBER
   6450      -1.3747E+05     1.5860E-01     6.7017E+00     Na+      1077

 BOND    =    10127.6284  ANGLE   =      182.8546  DIHED      =      933.7332
 VDWAALS =    25637.5231  EEL     =  -170679.4162  HBOND      =        0.0000
 1-4 VDW =      256.7133  1-4 EEL =    -3924.1922  RESTRAINT  =        0.0000


   NSTEP       ENERGY          RMS            GMAX         NAME    NUMBER
   6500      -1.3749E+05     1.7751E-01     6.5753E+00     Na+      1077

 BOND    =    10132.3633  ANGLE   =      182.9587  DIHED      =      933.6208
 VDWAALS =    25654.3198  EEL     =  -170722.7510  HBOND      =        0.0000
 1-4 VDW =      256.7245  1-4 EEL =    -3924.0615  RESTRAINT  =        0.0000


   NSTEP       ENERGY          RMS            GMAX         NAME    NUMBER
   6550      -1.3751E+05     1.5333E-01     6.3711E+00     Na+      1077

 BOND    =    10136.0150  ANGLE   =      183.2113  DIHED      =      933.5040
 VDWAALS =    25670.2670  EEL     =  -170763.9428  HBOND      =        0.0000
 1-4 VDW =      256.6641  1-4 EEL =    -3923.9426  RESTRAINT  =        0.0000


   NSTEP       ENERGY          RMS            GMAX         NAME    NUMBER
   6600      -1.3753E+05     1.2628E-01     5.3449E+00     Na+      1077

 BOND    =    10139.3340  ANGLE   =      183.1813  DIHED      =      933.4008
 VDWAALS =    25685.6067  EEL     =  -170803.2434  HBOND      =        0.0000
 1-4 VDW =      256.6042  1-4 EEL =    -3923.8968  RESTRAINT  =        0.0000


   NSTEP       ENERGY          RMS            GMAX         NAME    NUMBER
   6650      -1.3755E+05     1.0457E-01     4.3398E+00     Na+      1077

 BOND    =    10143.0996  ANGLE   =      183.0930  DIHED      =      933.3121
 VDWAALS =    25703.7183  EEL     =  -170844.3798  HBOND      =        0.0000
 1-4 VDW =      256.5894  1-4 EEL =    -3924.1381  RESTRAINT  =        0.0000


   NSTEP       ENERGY          RMS            GMAX         NAME    NUMBER
   6700      -1.3757E+05     1.3536E-01     5.4198E+00     C5'       130

 BOND    =    10147.4591  ANGLE   =      182.8969  DIHED      =      933.2734
 VDWAALS =    25720.2411  EEL     =  -170884.4103  HBOND      =        0.0000
 1-4 VDW =      256.6420  1-4 EEL =    -3924.2719  RESTRAINT  =        0.0000


   NSTEP       ENERGY          RMS            GMAX         NAME    NUMBER
   6750      -1.3759E+05     1.2578E-01     6.9193E+00     C6        991

 BOND    =    10150.4555  ANGLE   =      182.9699  DIHED      =      933.2462
 VDWAALS =    25734.6997  EEL     =  -170921.0119  HBOND      =        0.0000
 1-4 VDW =      256.5405  1-4 EEL =    -3924.3061  RESTRAINT  =        0.0000


   NSTEP       ENERGY          RMS            GMAX         NAME    NUMBER
   6800      -1.3761E+05     1.1348E-01     4.7123E+00     O       12856

 BOND    =    10155.6933  ANGLE   =      182.3736  DIHED      =      933.2234
 VDWAALS =    25750.6076  EEL     =  -170965.4451  HBOND      =        0.0000
 1-4 VDW =      256.6193  1-4 EEL =    -3924.3824  RESTRAINT  =        0.0000


   NSTEP       ENERGY          RMS            GMAX         NAME    NUMBER
   6850      -1.3764E+05     1.2622E-01     4.5081E+00     Na+      1077

 BOND    =    10160.7290  ANGLE   =      182.1170  DIHED      =      933.2160
 VDWAALS =    25765.8784  EEL     =  -171009.1960  HBOND      =        0.0000
 1-4 VDW =      256.6142  1-4 EEL =    -3924.3636  RESTRAINT  =        0.0000


   NSTEP       ENERGY          RMS            GMAX         NAME    NUMBER
   6900      -1.3766E+05     1.1774E-01     3.1243E+00     O       21478

 BOND    =    10164.1705  ANGLE   =      181.8885  DIHED      =      933.2072
 VDWAALS =    25781.5373  EEL     =  -171051.1749  HBOND      =        0.0000
 1-4 VDW =      256.5992  1-4 EEL =    -3924.4088  RESTRAINT  =        0.0000


   NSTEP       ENERGY          RMS            GMAX         NAME    NUMBER
   6950      -1.3768E+05     1.3866E-01     3.6405E+00     C1'       136

 BOND    =    10167.6015  ANGLE   =      181.7711  DIHED      =      933.2002
 VDWAALS =    25796.4024  EEL     =  -171089.0383  HBOND      =        0.0000
 1-4 VDW =      256.6106  1-4 EEL =    -3924.4233  RESTRAINT  =        0.0000


   NSTEP       ENERGY          RMS            GMAX         NAME    NUMBER
   7000      -1.3769E+05     1.0540E-01     3.6987E+00     O       21478

 BOND    =    10169.9082  ANGLE   =      181.6213  DIHED      =      933.2121
 VDWAALS =    25808.6140  EEL     =  -171120.2534  HBOND      =        0.0000
 1-4 VDW =      256.6289  1-4 EEL =    -3924.4148  RESTRAINT  =        0.0000


   NSTEP       ENERGY          RMS            GMAX         NAME    NUMBER
   7050      -1.3771E+05     1.6453E-01     6.3709E+00     C5        391

 BOND    =    10172.1938  ANGLE   =      181.9723  DIHED      =      933.1998
 VDWAALS =    25822.1643  EEL     =  -171153.5804  HBOND      =        0.0000
 1-4 VDW =      256.6601  1-4 EEL =    -3924.4595  RESTRAINT  =        0.0000


   NSTEP       ENERGY          RMS            GMAX         NAME    NUMBER
   7100      -1.3773E+05     8.0797E-02     2.2109E+00     P         909

 BOND    =    10175.3953  ANGLE   =      181.8538  DIHED      =      933.2281
 VDWAALS =    25835.3317  EEL     =  -171185.1474  HBOND      =        0.0000
 1-4 VDW =      256.6900  1-4 EEL =    -3924.3336  RESTRAINT  =        0.0000


   NSTEP       ENERGY          RMS            GMAX         NAME    NUMBER
   7150      -1.3774E+05     8.5061E-02     2.2632E+00     C2        398

 BOND    =    10178.4850  ANGLE   =      181.8241  DIHED      =      933.2664
 VDWAALS =    25847.3159  EEL     =  -171216.6851  HBOND      =        0.0000
 1-4 VDW =      256.7280  1-4 EEL =    -3924.3251  RESTRAINT  =        0.0000


   NSTEP       ENERGY          RMS            GMAX         NAME    NUMBER
   7200      -1.3776E+05     1.1600E-01     4.2980E+00     C2        398

 BOND    =    10182.1273  ANGLE   =      181.9157  DIHED      =      933.3290
 VDWAALS =    25862.2322  EEL     =  -171255.3567  HBOND      =        0.0000
 1-4 VDW =      256.7753  1-4 EEL =    -3924.1610  RESTRAINT  =        0.0000


   NSTEP       ENERGY          RMS            GMAX         NAME    NUMBER
   7250      -1.3778E+05     9.1774E-02     2.5236E+00     C4        455

 BOND    =    10185.7715  ANGLE   =      182.3305  DIHED      =      933.4211
 VDWAALS =    25875.4115  EEL     =  -171291.3398  HBOND      =        0.0000
 1-4 VDW =      256.7862  1-4 EEL =    -3924.0776  RESTRAINT  =        0.0000


   NSTEP       ENERGY          RMS            GMAX         NAME    NUMBER
   7300      -1.3780E+05     1.0413E-01     2.6895E+00     C5'      1041

 BOND    =    10188.0399  ANGLE   =      182.6309  DIHED      =      933.5733
 VDWAALS =    25887.1243  EEL     =  -171325.3809  HBOND      =        0.0000
 1-4 VDW =      256.8257  1-4 EEL =    -3923.9671  RESTRAINT  =        0.0000


   NSTEP       ENERGY          RMS            GMAX         NAME    NUMBER
   7350      -1.3783E+05     1.0144E-01     4.7752E+00     C5'      1041

 BOND    =    10194.7055  ANGLE   =      183.2258  DIHED      =      933.8114
 VDWAALS =    25909.3045  EEL     =  -171385.7042  HBOND      =        0.0000
 1-4 VDW =      256.8439  1-4 EEL =    -3923.8921  RESTRAINT  =        0.0000


   NSTEP       ENERGY          RMS            GMAX         NAME    NUMBER
   7400      -1.3788E+05     1.2708E-01     4.5791E+00     O       13186

 BOND    =    10204.8303  ANGLE   =      183.3150  DIHED      =      933.9508
 VDWAALS =    25951.2798  EEL     =  -171485.3561  HBOND      =        0.0000
 1-4 VDW =      256.9455  1-4 EEL =    -3923.8717  RESTRAINT  =        0.0000


   NSTEP       ENERGY          RMS            GMAX         NAME    NUMBER
   7450      -1.3790E+05     1.3142E-01     4.4562E+00     O       12973

 BOND    =    10209.6005  ANGLE   =      183.5921  DIHED      =      934.1524
 VDWAALS =    25971.0161  EEL     =  -171533.3163  HBOND      =        0.0000
 1-4 VDW =      256.8721  1-4 EEL =    -3924.1081  RESTRAINT  =        0.0000


   NSTEP       ENERGY          RMS            GMAX         NAME    NUMBER
   7500      -1.3792E+05     1.8919E-01     1.1366E+01     H2      13188

 BOND    =    10213.9619  ANGLE   =      183.9142  DIHED      =      934.2815
 VDWAALS =    25986.6704  EEL     =  -171570.2507  HBOND      =        0.0000
 1-4 VDW =      256.9530  1-4 EEL =    -3924.4123  RESTRAINT  =        0.0000


   NSTEP       ENERGY          RMS            GMAX         NAME    NUMBER
   7550      -1.3793E+05     1.6496E-01     6.1753E+00     C6        451

 BOND    =    10213.4177  ANGLE   =      184.0067  DIHED      =      934.3314
 VDWAALS =    25998.1433  EEL     =  -171597.1609  HBOND      =        0.0000
 1-4 VDW =      256.9863  1-4 EEL =    -3924.4241  RESTRAINT  =        0.0000


   NSTEP       ENERGY          RMS            GMAX         NAME    NUMBER
   7600      -1.3795E+05     2.0052E-01     8.0570E+00     C4        455

 BOND    =    10215.5813  ANGLE   =      184.3825  DIHED      =      934.4500
 VDWAALS =    26010.4875  EEL     =  -171629.6598  HBOND      =        0.0000
 1-4 VDW =      256.9560  1-4 EEL =    -3924.4006  RESTRAINT  =        0.0000


   NSTEP       ENERGY          RMS            GMAX         NAME    NUMBER
   7650      -1.3797E+05     1.4037E-01     5.8908E+00     C4        455

 BOND    =    10218.3003  ANGLE   =      183.8323  DIHED      =      934.5054
 VDWAALS =    26020.7548  EEL     =  -171658.0264  HBOND      =        0.0000
 1-4 VDW =      256.9681  1-4 EEL =    -3924.4243  RESTRAINT  =        0.0000


   NSTEP       ENERGY          RMS            GMAX         NAME    NUMBER
   7700      -1.3798E+05     1.0244E-01     4.2813E+00     P         909

 BOND    =    10220.5240  ANGLE   =      183.5649  DIHED      =      934.5394
 VDWAALS =    26032.2467  EEL     =  -171686.1362  HBOND      =        0.0000
 1-4 VDW =      256.9643  1-4 EEL =    -3924.4399  RESTRAINT  =        0.0000


   NSTEP       ENERGY          RMS            GMAX         NAME    NUMBER
   7750      -1.3800E+05     1.2033E-01     5.4103E+00     C1'       136

 BOND    =    10222.4476  ANGLE   =      183.7591  DIHED      =      934.6155
 VDWAALS =    26044.3721  EEL     =  -171715.9026  HBOND      =        0.0000
 1-4 VDW =      256.9697  1-4 EEL =    -3924.5436  RESTRAINT  =        0.0000


   NSTEP       ENERGY          RMS            GMAX         NAME    NUMBER
   7800      -1.3802E+05     1.3247E-01     3.4791E+00     H2'       153

 BOND    =    10224.6318  ANGLE   =      183.9365  DIHED      =      934.7686
 VDWAALS =    26056.4812  EEL     =  -171747.6844  HBOND      =        0.0000
 1-4 VDW =      257.0392  1-4 EEL =    -3924.6506  RESTRAINT  =        0.0000


   NSTEP       ENERGY          RMS            GMAX         NAME    NUMBER
   7850      -1.3803E+05     1.1713E-01     3.4840E+00     H2'       153

 BOND    =    10227.7426  ANGLE   =      183.8694  DIHED      =      934.8455
 VDWAALS =    26068.3460  EEL     =  -171778.2704  HBOND      =        0.0000
 1-4 VDW =      257.0624  1-4 EEL =    -3924.7404  RESTRAINT  =        0.0000


   NSTEP       ENERGY          RMS            GMAX         NAME    NUMBER
   7900      -1.3805E+05     1.5470E-01     6.8437E+00     C4        455

 BOND    =    10230.5399  ANGLE   =      183.9560  DIHED      =      934.9218
 VDWAALS =    26081.2717  EEL     =  -171809.4754  HBOND      =        0.0000
 1-4 VDW =      257.0668  1-4 EEL =    -3924.7662  RESTRAINT  =        0.0000


   NSTEP       ENERGY          RMS            GMAX         NAME    NUMBER
   7950      -1.3806E+05     1.1994E-01     3.9490E+00     C2'       342

 BOND    =    10233.4737  ANGLE   =      184.0003  DIHED      =      934.9677
 VDWAALS =    26092.2574  EEL     =  -171837.3609  HBOND      =        0.0000
 1-4 VDW =      257.0893  1-4 EEL =    -3924.7780  RESTRAINT  =        0.0000


   NSTEP       ENERGY          RMS            GMAX         NAME    NUMBER
   8000      -1.3807E+05     1.7187E-01     4.8679E+00     N9        326

 BOND    =    10236.1282  ANGLE   =      184.2679  DIHED      =      935.0586
 VDWAALS =    26103.8544  EEL     =  -171865.9986  HBOND      =        0.0000
 1-4 VDW =      257.1315  1-4 EEL =    -3924.8430  RESTRAINT  =        0.0000


   NSTEP       ENERGY          RMS            GMAX         NAME    NUMBER
   8050      -1.3809E+05     1.6197E-01     6.1240E+00     N9        326

 BOND    =    10238.7161  ANGLE   =      184.2693  DIHED      =      935.1182
 VDWAALS =    26114.2041  EEL     =  -171892.4209  HBOND      =        0.0000
 1-4 VDW =      257.1467  1-4 EEL =    -3924.8396  RESTRAINT  =        0.0000


   NSTEP       ENERGY          RMS            GMAX         NAME    NUMBER
   8100      -1.3810E+05     1.6369E-01     5.6042E+00     C2'       342

 BOND    =    10241.5996  ANGLE   =      184.4315  DIHED      =      935.1845
 VDWAALS =    26124.4003  EEL     =  -171918.5273  HBOND      =        0.0000
 1-4 VDW =      257.1655  1-4 EEL =    -3924.8839  RESTRAINT  =        0.0000


   NSTEP       ENERGY          RMS            GMAX         NAME    NUMBER
   8150      -1.3811E+05     1.5386E-01     5.8023E+00     C2'       342

 BOND    =    10244.0690  ANGLE   =      184.3056  DIHED      =      935.1735
 VDWAALS =    26133.6230  EEL     =  -171942.4238  HBOND      =        0.0000
 1-4 VDW =      257.1711  1-4 EEL =    -3924.7700  RESTRAINT  =        0.0000


   NSTEP       ENERGY          RMS            GMAX         NAME    NUMBER
   8200      -1.3813E+05     9.6762E-02     3.6938E+00     P         468

 BOND    =    10249.9410  ANGLE   =      183.7104  DIHED      =      935.1689
 VDWAALS =    26151.2715  EEL     =  -171985.8120  HBOND      =        0.0000
 1-4 VDW =      257.2753  1-4 EEL =    -3924.4055  RESTRAINT  =        0.0000


   NSTEP       ENERGY          RMS            GMAX         NAME    NUMBER
   8250      -1.3816E+05     1.0539E-01     5.4735E+00     C6        991

 BOND    =    10256.6672  ANGLE   =      184.0252  DIHED      =      935.1931
 VDWAALS =    26179.7629  EEL     =  -172051.4328  HBOND      =        0.0000
 1-4 VDW =      257.2853  1-4 EEL =    -3924.4448  RESTRAINT  =        0.0000


   NSTEP       ENERGY          RMS            GMAX         NAME    NUMBER
   8300      -1.3818E+05     7.3959E-02     2.5602E+00     P         468

 BOND    =    10259.1627  ANGLE   =      183.8857  DIHED      =      935.2360
 VDWAALS =    26189.9907  EEL     =  -172078.9465  HBOND      =        0.0000
 1-4 VDW =      257.4018  1-4 EEL =    -3924.4474  RESTRAINT  =        0.0000


   NSTEP       ENERGY          RMS            GMAX         NAME    NUMBER
   8350      -1.3819E+05     9.1048E-02     3.2357E+00     P         468

 BOND    =    10262.5549  ANGLE   =      183.9990  DIHED      =      935.2531
 VDWAALS =    26200.5300  EEL     =  -172106.7916  HBOND      =        0.0000
 1-4 VDW =      257.4580  1-4 EEL =    -3924.4306  RESTRAINT  =        0.0000


   NSTEP       ENERGY          RMS            GMAX         NAME    NUMBER
   8400      -1.3820E+05     6.9617E-02     2.8097E+00     P         468

 BOND    =    10263.3517  ANGLE   =      184.1204  DIHED      =      935.2666
 VDWAALS =    26209.1892  EEL     =  -172129.8407  HBOND      =        0.0000
 1-4 VDW =      257.4821  1-4 EEL =    -3924.3821  RESTRAINT  =        0.0000


   NSTEP       ENERGY          RMS            GMAX         NAME    NUMBER
   8450      -1.3822E+05     8.2002E-02     3.0061E+00     C6        481

 BOND    =    10264.1473  ANGLE   =      184.2826  DIHED      =      935.2757
 VDWAALS =    26220.5144  EEL     =  -172156.6734  HBOND      =        0.0000
 1-4 VDW =      257.5052  1-4 EEL =    -3924.3389  RESTRAINT  =        0.0000


   NSTEP       ENERGY          RMS            GMAX         NAME    NUMBER
   8500      -1.3823E+05     1.0407E-01     4.2224E+00     C6        481

 BOND    =    10267.3068  ANGLE   =      184.5483  DIHED      =      935.3069
 VDWAALS =    26232.3756  EEL     =  -172184.1939  HBOND      =        0.0000
 1-4 VDW =      257.5701  1-4 EEL =    -3924.3859  RESTRAINT  =        0.0000


   NSTEP       ENERGY          RMS            GMAX         NAME    NUMBER
   8550      -1.3824E+05     1.0695E-01     4.1607E+00     C6        139

 BOND    =    10268.3494  ANGLE   =      184.8722  DIHED      =      935.3157
 VDWAALS =    26243.3899  EEL     =  -172209.0105  HBOND      =        0.0000
 1-4 VDW =      257.5698  1-4 EEL =    -3924.2783  RESTRAINT  =        0.0000


   NSTEP       ENERGY          RMS            GMAX         NAME    NUMBER
   8600      -1.3826E+05     1.1431E-01     3.9814E+00     C6        139

 BOND    =    10271.2673  ANGLE   =      184.9838  DIHED      =      935.3083
 VDWAALS =    26255.2778  EEL     =  -172236.4815  HBOND      =        0.0000
 1-4 VDW =      257.5959  1-4 EEL =    -3924.2123  RESTRAINT  =        0.0000


   NSTEP       ENERGY          RMS            GMAX         NAME    NUMBER
   8650      -1.3827E+05     1.1412E-01     5.0730E+00     P         909

 BOND    =    10279.3698  ANGLE   =      185.0038  DIHED      =      935.2646
 VDWAALS =    26266.1502  EEL     =  -172266.8481  HBOND      =        0.0000
 1-4 VDW =      257.6252  1-4 EEL =    -3924.1651  RESTRAINT  =        0.0000


   NSTEP       ENERGY          RMS            GMAX         NAME    NUMBER
   8700      -1.3828E+05     1.1383E-01     3.0132E+00     O5'        34

 BOND    =    10281.2999  ANGLE   =      185.2137  DIHED      =      935.2273
 VDWAALS =    26275.8508  EEL     =  -172289.7649  HBOND      =        0.0000
 1-4 VDW =      257.6126  1-4 EEL =    -3923.9837  RESTRAINT  =        0.0000


   NSTEP       ENERGY          RMS            GMAX         NAME    NUMBER
   8750      -1.3829E+05     1.5742E-01     5.9560E+00     O        4750

 BOND    =    10282.8371  ANGLE   =      185.3651  DIHED      =      935.1471
 VDWAALS =    26286.6491  EEL     =  -172313.3351  HBOND      =        0.0000
 1-4 VDW =      257.5489  1-4 EEL =    -3923.7928  RESTRAINT  =        0.0000


   NSTEP       ENERGY          RMS            GMAX         NAME    NUMBER
   8800      -1.3830E+05     1.5460E-01     5.4179E+00     P         468

 BOND    =    10279.6732  ANGLE   =      185.2548  DIHED      =      935.0269
 VDWAALS =    26297.6292  EEL     =  -172332.1272  HBOND      =        0.0000
 1-4 VDW =      257.5627  1-4 EEL =    -3923.8087  RESTRAINT  =        0.0000


   NSTEP       ENERGY          RMS            GMAX         NAME    NUMBER
   8850      -1.3831E+05     7.3122E-02     2.4593E+00     C4        834

 BOND    =    10281.2336  ANGLE   =      184.9496  DIHED      =      934.9431
 VDWAALS =    26304.9551  EEL     =  -172348.8863  HBOND      =        0.0000
 1-4 VDW =      257.5106  1-4 EEL =    -3923.6093  RESTRAINT  =        0.0000


   NSTEP       ENERGY          RMS            GMAX         NAME    NUMBER
   8900      -1.3832E+05     9.6841E-02     3.0903E+00     C3'       340

 BOND    =    10285.7054  ANGLE   =      185.0000  DIHED      =      934.8801
 VDWAALS =    26314.5504  EEL     =  -172371.3617  HBOND      =        0.0000
 1-4 VDW =      257.6046  1-4 EEL =    -3923.5970  RESTRAINT  =        0.0000


   NSTEP       ENERGY          RMS            GMAX         NAME    NUMBER
   8950      -1.3832E+05     1.5421E-01     5.0769E+00     C2        490

 BOND    =    10293.5749  ANGLE   =      185.1598  DIHED      =      934.8232
 VDWAALS =    26322.6905  EEL     =  -172394.7238  HBOND      =        0.0000
 1-4 VDW =      257.6447  1-4 EEL =    -3923.7780  RESTRAINT  =        0.0000


   NSTEP       ENERGY          RMS            GMAX         NAME    NUMBER
   9000      -1.3833E+05     2.3284E-01     1.0063E+01     C5        171

 BOND    =    10304.6304  ANGLE   =      184.8964  DIHED      =      934.7455
 VDWAALS =    26333.2220  EEL     =  -172425.3066  HBOND      =        0.0000
 1-4 VDW =      257.5716  1-4 EEL =    -3923.4896  RESTRAINT  =        0.0000


   NSTEP       ENERGY          RMS            GMAX         NAME    NUMBER
   9050      -1.3835E+05     6.6432E-02     3.9667E+00     O       27157

 BOND    =    10290.3207  ANGLE   =      184.7246  DIHED      =      934.6518
 VDWAALS =    26347.6197  EEL     =  -172442.4755  HBOND      =        0.0000
 1-4 VDW =      257.7186  1-4 EEL =    -3923.3327  RESTRAINT  =        0.0000


   NSTEP       ENERGY          RMS            GMAX         NAME    NUMBER
   9100      -1.3836E+05     5.6406E-02     2.6536E+00     H2      27159

 BOND    =    10294.5188  ANGLE   =      184.6181  DIHED      =      934.6169
 VDWAALS =    26360.8867  EEL     =  -172472.8355  HBOND      =        0.0000
 1-4 VDW =      257.7616  1-4 EEL =    -3923.2183  RESTRAINT  =        0.0000


   NSTEP       ENERGY          RMS            GMAX         NAME    NUMBER
   9150      -1.3838E+05     6.1623E-02     2.8289E+00     O       28690

 BOND    =    10298.7767  ANGLE   =      184.5260  DIHED      =      934.5848
 VDWAALS =    26376.0032  EEL     =  -172504.5549  HBOND      =        0.0000
 1-4 VDW =      257.8148  1-4 EEL =    -3923.1577  RESTRAINT  =        0.0000


   NSTEP       ENERGY          RMS            GMAX         NAME    NUMBER
   9200      -1.3839E+05     4.8848E-02     1.8204E+00     H2      11250

 BOND    =    10300.7516  ANGLE   =      184.2146  DIHED      =      934.5601
 VDWAALS =    26389.0726  EEL     =  -172533.2706  HBOND      =        0.0000
 1-4 VDW =      257.8497  1-4 EEL =    -3923.1069  RESTRAINT  =        0.0000


   NSTEP       ENERGY          RMS            GMAX         NAME    NUMBER
   9250      -1.3840E+05     5.8412E-02     1.9826E+00     O       26578

 BOND    =    10303.5918  ANGLE   =      184.0840  DIHED      =      934.5451
 VDWAALS =    26404.1813  EEL     =  -172565.1391  HBOND      =        0.0000
 1-4 VDW =      257.9698  1-4 EEL =    -3923.0608  RESTRAINT  =        0.0000


   NSTEP       ENERGY          RMS            GMAX         NAME    NUMBER
   9300      -1.3842E+05     4.8299E-02     2.1632E+00     H1       3434

 BOND    =    10305.2176  ANGLE   =      183.8022  DIHED      =      934.5523
 VDWAALS =    26412.9453  EEL     =  -172589.5607  HBOND      =        0.0000
 1-4 VDW =      258.1292  1-4 EEL =    -3922.9200  RESTRAINT  =        0.0000


   NSTEP       ENERGY          RMS            GMAX         NAME    NUMBER
   9350      -1.3843E+05     6.3293E-02     2.3992E+00     H2       3435

 BOND    =    10307.9652  ANGLE   =      183.8782  DIHED      =      934.4802
 VDWAALS =    26424.0528  EEL     =  -172616.8157  HBOND      =        0.0000
 1-4 VDW =      258.2227  1-4 EEL =    -3922.7417  RESTRAINT  =        0.0000


   NSTEP       ENERGY          RMS            GMAX         NAME    NUMBER
   9400      -1.3844E+05     1.1989E-01     7.9875E+00     P         626

 BOND    =    10306.8180  ANGLE   =      183.7006  DIHED      =      934.4585
 VDWAALS =    26430.8794  EEL     =  -172629.7977  HBOND      =        0.0000
 1-4 VDW =      258.3582  1-4 EEL =    -3922.6873  RESTRAINT  =        0.0000


   NSTEP       ENERGY          RMS            GMAX         NAME    NUMBER
   9450      -1.3845E+05     9.8518E-02     5.0049E+00     P         626

 BOND    =    10309.9828  ANGLE   =      184.0021  DIHED      =      934.3485
 VDWAALS =    26436.3125  EEL     =  -172646.5320  HBOND      =        0.0000
 1-4 VDW =      258.2583  1-4 EEL =    -3922.7644  RESTRAINT  =        0.0000


   NSTEP       ENERGY          RMS            GMAX         NAME    NUMBER
   9500      -1.3845E+05     6.2052E-02     2.4876E+00     N3        178

 BOND    =    10309.2171  ANGLE   =      183.7137  DIHED      =      934.2725
 VDWAALS =    26442.7348  EEL     =  -172659.5934  HBOND      =        0.0000
 1-4 VDW =      258.2702  1-4 EEL =    -3922.7842  RESTRAINT  =        0.0000


   NSTEP       ENERGY          RMS            GMAX         NAME    NUMBER
   9550      -1.3846E+05     7.7929E-02     2.7038E+00     C2'       342

 BOND    =    10312.8579  ANGLE   =      183.7837  DIHED      =      934.2363
 VDWAALS =    26450.0826  EEL     =  -172677.5885  HBOND      =        0.0000
 1-4 VDW =      258.2112  1-4 EEL =    -3922.8676  RESTRAINT  =        0.0000


   NSTEP       ENERGY          RMS            GMAX         NAME    NUMBER
   9600      -1.3847E+05     7.6940E-02     3.2636E+00     C2'        60

 BOND    =    10314.2972  ANGLE   =      183.7958  DIHED      =      934.1726
 VDWAALS =    26455.2647  EEL     =  -172690.6891  HBOND      =        0.0000
 1-4 VDW =      258.2427  1-4 EEL =    -3922.8437  RESTRAINT  =        0.0000


   NSTEP       ENERGY          RMS            GMAX         NAME    NUMBER
   9650      -1.3847E+05     7.7459E-02     2.9069E+00     C2'        60

 BOND    =    10313.3038  ANGLE   =      183.7651  DIHED      =      934.1059
 VDWAALS =    26459.9355  EEL     =  -172700.8452  HBOND      =        0.0000
 1-4 VDW =      258.2585  1-4 EEL =    -3922.8684  RESTRAINT  =        0.0000


   NSTEP       ENERGY          RMS            GMAX         NAME    NUMBER
   9700      -1.3848E+05     5.4327E-02     1.8092E+00     C2        520

 BOND    =    10315.5121  ANGLE   =      183.7116  DIHED      =      934.0701
 VDWAALS =    26463.3704  EEL     =  -172711.9119  HBOND      =        0.0000
 1-4 VDW =      258.1415  1-4 EEL =    -3922.4955  RESTRAINT  =        0.0000


   NSTEP       ENERGY          RMS            GMAX         NAME    NUMBER
   9750      -1.3849E+05     6.5176E-02     2.4031E+00     C3'       778

 BOND    =    10316.8190  ANGLE   =      183.6674  DIHED      =      934.0137
 VDWAALS =    26471.3577  EEL     =  -172730.1360  HBOND      =        0.0000
 1-4 VDW =      258.1822  1-4 EEL =    -3922.4188  RESTRAINT  =        0.0000


   NSTEP       ENERGY          RMS            GMAX         NAME    NUMBER
   9800      -1.3850E+05     6.5305E-02     2.3912E+00     C3'       778

 BOND    =    10317.9745  ANGLE   =      183.6996  DIHED      =      933.9330
 VDWAALS =    26480.0007  EEL     =  -172749.7023  HBOND      =        0.0000
 1-4 VDW =      258.1789  1-4 EEL =    -3922.4132  RESTRAINT  =        0.0000


   NSTEP       ENERGY          RMS            GMAX         NAME    NUMBER
   9850      -1.3851E+05     3.9289E-02     1.2110E+00     P         626

 BOND    =    10319.3256  ANGLE   =      183.6782  DIHED      =      933.8362
 VDWAALS =    26490.0866  EEL     =  -172775.3517  HBOND      =        0.0000
 1-4 VDW =      258.1524  1-4 EEL =    -3922.6142  RESTRAINT  =        0.0000


   NSTEP       ENERGY          RMS            GMAX         NAME    NUMBER
   9900      -1.3853E+05     7.0142E-02     3.5777E+00     O       30727

 BOND    =    10325.0694  ANGLE   =      183.7597  DIHED      =      933.7221
 VDWAALS =    26500.6458  EEL     =  -172810.9844  HBOND      =        0.0000
 1-4 VDW =      257.9647  1-4 EEL =    -3922.7400  RESTRAINT  =        0.0000


   NSTEP       ENERGY          RMS            GMAX         NAME    NUMBER
   9950      -1.3855E+05     7.9842E-02     3.1489E+00     O       30727

 BOND    =    10320.6661  ANGLE   =      183.9856  DIHED      =      933.6744
 VDWAALS =    26507.3573  EEL     =  -172827.0402  HBOND      =        0.0000
 1-4 VDW =      257.9160  1-4 EEL =    -3922.7528  RESTRAINT  =        0.0000


   NSTEP       ENERGY          RMS            GMAX         NAME    NUMBER
  10000      -1.3856E+05     7.1601E-02     3.3294E+00     P         909

 BOND    =    10323.4441  ANGLE   =      183.9249  DIHED      =      933.6300
 VDWAALS =    26513.7295  EEL     =  -172845.6208  HBOND      =        0.0000
 1-4 VDW =      257.8381  1-4 EEL =    -3922.7787  RESTRAINT  =        0.0000


  Maximum number of minimization cycles reached.


                    FINAL RESULTS



   NSTEP       ENERGY          RMS            GMAX         NAME    NUMBER
  10000      -1.3856E+05     7.1601E-02     3.3294E+00     P         909

 BOND    =    10323.4441  ANGLE   =      183.9249  DIHED      =      933.6300
 VDWAALS =    26513.7295  EEL     =  -172845.6208  HBOND      =        0.0000
 1-4 VDW =      257.8381  1-4 EEL =    -3922.7787  RESTRAINT  =        0.0000
--------------------------------------------------------------------------------
   5.  TIMINGS
--------------------------------------------------------------------------------

|  NonSetup CPU Time in Major Routines:
|
|     Routine           Sec        %
|     ------------------------------
|     Nonbond           9.12   32.34
|     Bond              0.00    0.00
|     Angle             0.00    0.00
|     Dihedral          0.00    0.00
|     Shake             0.00    0.00
|     Other            19.09   67.66
|     ------------------------------
|     Total            28.21

|  PME Nonbond Pairlist CPU Time:
|
|     Routine              Sec        %
|     ---------------------------------
|     Set Up Cit           0.00    0.00
|     Build List           0.00    0.00
|     ---------------------------------
|     Total                0.00    0.00

|  PME Direct Force CPU Time:
|
|     Routine              Sec        %
|     ---------------------------------
|     NonBonded Calc       0.00    0.00
|     Exclude Masked       0.00    0.00
|     Other                0.02    0.06
|     ---------------------------------
|     Total                0.02    0.06

|  PME Reciprocal Force CPU Time:
|
|     Routine              Sec        %
|     ---------------------------------
|     1D bspline           0.00    0.00
|     Grid Charges         0.00    0.00
|     Scalar Sum           0.00    0.00
|     Gradient Sum         0.00    0.00
|     FFT                  0.00    0.00
|     ---------------------------------
|     Total                0.00    0.00

|  Setup CPU time:            0.95 seconds
|  NonSetup CPU time:        28.21 seconds
|  Total CPU time:           29.16 seconds     0.01 hours

|  Setup wall time:           2    seconds
|  NonSetup wall time:       56    seconds
|  Total wall time:          58    seconds     0.02 hours
