
          -------------------------------------------------------
          Amber 16 PMEMD                              2016
          -------------------------------------------------------

| PMEMD implementation of SANDER, Release 16

| Run on 08/25/2020 at 10:45:49

|   Executable path: pmemd.cuda
| Working directory: /home/kyq/T7RNADNA/4/DA4
|          Hostname: gpu01

  [-O]verwriting output

File Assignments:
|   MDIN: min1.in                                                               
|  MDOUT: cmp_min1.out                                                          
| INPCRD: cmp.inpcrd                                                            
|   PARM: cmp.prmtop                                                            
| RESTRT: cmp_min1.rst                                                          
|   REFC: cmp.inpcrd                                                            
|  MDVEL: mdvel                                                                 
|   MDEN: mden                                                                  
|  MDCRD: mdcrd                                                                 
| MDINFO: mdinfo                                                                
|  MDFRC: mdfrc                                                                 

 
 Here is the input file:
 
Initial minimisation of our structures                                         
 &cntrl                                                                        
  imin=1, maxcyc=4000, ncyc=2000,                                              
  cut=10, ntb=1,ntr=1,                                                         
  restraint_wt=2.0                                                             
  restraintmask=':1-554'                                                       
/                                                                              


Note: ig = -1. Setting random seed to   178195 based on wallclock time in 
      microseconds.
 
|--------------------- INFORMATION ----------------------
| GPU (CUDA) Version of PMEMD in use: NVIDIA GPU IN USE.
|                    Version 16.0.0
| 
|                      02/25/2016
| 
| Implementation by:
|                    Ross C. Walker     (SDSC)
|                    Scott Le Grand     (nVIDIA)
| 
| Precision model in use:
|      [SPFP] - Single Precision Forces, 64-bit Fixed Point
|               Accumulation. (Default)
| 
|--------------------------------------------------------
 
|----------------- CITATION INFORMATION -----------------
|
|    When publishing work that utilized the CUDA version
|    of AMBER, please cite the following in addition to
|    the regular AMBER citations:
|
|  - Romelia Salomon-Ferrer; Andreas W. Goetz; Duncan
|    Poole; Scott Le Grand; Ross C. Walker "Routine
|    microsecond molecular dynamics simulations with
|    AMBER - Part II: Particle Mesh Ewald", J. Chem.
|    Theory Comput., 2013, 9 (9), pp3878-3888,
|    DOI: 10.1021/ct400314y.
|
|  - Andreas W. Goetz; Mark J. Williamson; Dong Xu;
|    Duncan Poole; Scott Le Grand; Ross C. Walker
|    "Routine microsecond molecular dynamics simulations
|    with AMBER - Part I: Generalized Born", J. Chem.
|    Theory Comput., 2012, 8 (5), pp1542-1555.
|
|  - Scott Le Grand; Andreas W. Goetz; Ross C. Walker
|    "SPFP: Speed without compromise - a mixed precision
|    model for GPU accelerated molecular dynamics
|    simulations.", Comp. Phys. Comm., 2013, 184
|    pp374-380, DOI: 10.1016/j.cpc.2012.09.022
|
|--------------------------------------------------------
 
|------------------- GPU DEVICE INFO --------------------
|
|            CUDA_VISIBLE_DEVICES: 0
|   CUDA Capable Devices Detected:      1
|           CUDA Device ID in use:      0
|                CUDA Device Name: Tesla P100-PCIE-16GB
|     CUDA Device Global Mem Size:  16276 MB
| CUDA Device Num Multiprocessors:     56
|           CUDA Device Core Freq:   1.33 GHz
|
|--------------------------------------------------------
 
 
| Conditional Compilation Defines Used:
| PUBFFT
| BINTRAJ
| CUDA
| EMIL
 
| Largest sphere to fit in unit cell has radius =    31.621

| New format PARM file being parsed.
| Version =    1.000 Date = 08/25/20 Time = 10:44:51

| Note: 1-4 EEL scale factors are being read from the topology file.

| Note: 1-4 VDW scale factors are being read from the topology file.
| Duplicated    0 dihedrals

| Duplicated    0 dihedrals

--------------------------------------------------------------------------------
   1.  RESOURCE   USE: 
--------------------------------------------------------------------------------

 getting new box info from bottom of inpcrd
 NATOM  =   31353 NTYPES =      18 NBONH =   30630 MBONA  =     774
 NTHETH =     892 MTHETA =    1191 NPHIH =    1828 MPHIA  =    2451
 NHPARM =       0 NPARM  =       0 NNB   =   46321 NRES   =   10150
 NBONA  =     774 NTHETA =    1191 NPHIA =    2451 NUMBND =      61
 NUMANG =     127 NPTRA  =      75 NATYP =      34 NPHB   =       1
 IFBOX  =       2 NMXRS  =      33 IFCAP =       0 NEXTRA =       0
 NCOPY  =       0

| Coordinate Index Table dimensions:    12   12   12
| Direct force subcell size =     6.4547    6.4547    6.4547

     BOX TYPE: TRUNCATED OCTAHEDRON

--------------------------------------------------------------------------------
   2.  CONTROL  DATA  FOR  THE  RUN
--------------------------------------------------------------------------------

default_name                                                                    

General flags:
     imin    =       1, nmropt  =       0

Nature and format of input:
     ntx     =       1, irest   =       0, ntrx    =       1

Nature and format of output:
     ntxo    =       2, ntpr    =      50, ntrx    =       1, ntwr    =       1
     iwrap   =       0, ntwx    =       0, ntwv    =       0, ntwe    =       0
     ioutfm  =       1, ntwprt  =       0, idecomp =       0, rbornstat=      0

Potential function:
     ntf     =       1, ntb     =       1, igb     =       0, nsnb    =      25
     ipol    =       0, gbsa    =       0, iesp    =       0
     dielc   =   1.00000, cut     =  10.00000, intdiel =   1.00000

Frozen or restrained atoms:
     ibelly  =       0, ntr     =       1
     restraint_wt =   2.00000

Energy minimization:
     maxcyc  =    4000, ncyc    =    2000, ntmin   =       1
     dx0     =   0.01000, drms    =   0.00010

| Intermolecular bonds treatment:
|     no_intermolecular_bonds =       1

| Energy averages sample interval:
|     ene_avg_sampling =       1

Ewald parameters:
     verbose =       0, ew_type =       0, nbflag  =       1, use_pme =       1
     vdwmeth =       1, eedmeth =       1, netfrc  =       0
     Box X =   77.456   Box Y =   77.456   Box Z =   77.456
     Alpha =  109.471   Beta  =  109.471   Gamma =  109.471
     NFFT1 =   80       NFFT2 =   80       NFFT3 =   80
     Cutoff=   10.000   Tol   =0.100E-04
     Ewald Coefficient =  0.27511
     Interpolation order =    4

    LOADING THE CONSTRAINED ATOMS AS GROUPS


   5.  REFERENCE ATOM COORDINATES

  default_name                                                                    
     Mask :1-554; matches  2565 atoms

--------------------------------------------------------------------------------
   3.  ATOMIC COORDINATES AND VELOCITIES
--------------------------------------------------------------------------------

default_name                                                                    
 begin time read from input coords =     0.000 ps

 
 Number of triangulated 3-point waters found:    10084

     Sum of charges from parm topology file =   0.00000018
     Forcing neutrality...

| Dynamic Memory, Types Used:
| Reals              960117
| Integers           797696

| Nonbonded Pairs Initial Allocation:     9483498

| GPU memory information (estimate):
| KB of GPU memory in use:    163890
| KB of CPU memory in use:     52758

--------------------------------------------------------------------------------
   4.  RESULTS
--------------------------------------------------------------------------------

 ---------------------------------------------------
 APPROXIMATING switch and d/dx switch using CUBIC SPLINE INTERPOLATION
 using   5000.0 points per unit in tabled values
 TESTING RELATIVE ERROR over r ranging from 0.0 to cutoff
| CHECK switch(x): max rel err =   0.3316E-14   at   2.351880
| CHECK d/dx switch(x): max rel err =   0.8066E-11   at   2.747240
 ---------------------------------------------------
|---------------------------------------------------
| APPROXIMATING direct energy using CUBIC SPLINE INTERPOLATION
|  with   50.0 points per unit in tabled values
| Relative Error Limit not exceeded for r .gt.   2.34
| APPROXIMATING direct force using CUBIC SPLINE INTERPOLATION
|  with   50.0 points per unit in tabled values
| Relative Error Limit not exceeded for r .gt.   2.81
|---------------------------------------------------


   NSTEP       ENERGY          RMS            GMAX         NAME    NUMBER
      1       1.3279E+09     2.7829E+02     2.4977E+04     C2        428

 BOND    =       56.1151  ANGLE   =     3028.4414  DIHED      =      903.1709
 VDWAALS = *************  EEL     =  -100459.1451  HBOND      =        0.0000
 1-4 VDW =      969.2329  1-4 EEL =    -3804.1036  RESTRAINT  =        0.0000


   NSTEP       ENERGY          RMS            GMAX         NAME    NUMBER
     50       1.3311E+09     2.7777E+02     2.5109E+04     C2        428

 BOND    =       56.0963  ANGLE   =     3027.9806  DIHED      =      903.1669
 VDWAALS = *************  EEL     =  -100463.1885  HBOND      =        0.0000
 1-4 VDW =      969.1737  1-4 EEL =    -3804.0626  RESTRAINT  =        0.0002
 EAMBER  = *************


   NSTEP       ENERGY          RMS            GMAX         NAME    NUMBER
    100       1.3312E+09     2.7776E+02     2.5112E+04     C2        428

 BOND    =       56.0968  ANGLE   =     3027.9721  DIHED      =      903.1669
 VDWAALS = *************  EEL     =  -100463.2652  HBOND      =        0.0000
 1-4 VDW =      969.1726  1-4 EEL =    -3804.0619  RESTRAINT  =        0.0002
 EAMBER  = *************


   NSTEP       ENERGY          RMS            GMAX         NAME    NUMBER
    150       1.3312E+09     2.7775E+02     2.5115E+04     C2        428

 BOND    =       56.0974  ANGLE   =     3027.9610  DIHED      =      903.1668
 VDWAALS = *************  EEL     =  -100463.3641  HBOND      =        0.0000
 1-4 VDW =      969.1712  1-4 EEL =    -3804.0609  RESTRAINT  =        0.0002
 EAMBER  = *************


   NSTEP       ENERGY          RMS            GMAX         NAME    NUMBER
    200       1.3313E+09     2.7774E+02     2.5117E+04     C2        428

 BOND    =       56.0978  ANGLE   =     3027.9527  DIHED      =      903.1668
 VDWAALS = *************  EEL     =  -100463.4391  HBOND      =        0.0000
 1-4 VDW =      969.1701  1-4 EEL =    -3804.0601  RESTRAINT  =        0.0002
 EAMBER  = *************


   NSTEP       ENERGY          RMS            GMAX         NAME    NUMBER
    250       1.3314E+09     2.7773E+02     2.5121E+04     C2        428

 BOND    =       56.0986  ANGLE   =     3027.9406  DIHED      =      903.1667
 VDWAALS = *************  EEL     =  -100463.5453  HBOND      =        0.0000
 1-4 VDW =      969.1686  1-4 EEL =    -3804.0590  RESTRAINT  =        0.0002
 EAMBER  = *************


   NSTEP       ENERGY          RMS            GMAX         NAME    NUMBER
    300       1.3315E+09     2.7772E+02     2.5124E+04     C2        428

 BOND    =       56.0992  ANGLE   =     3027.9308  DIHED      =      903.1667
 VDWAALS = *************  EEL     =  -100463.6314  HBOND      =        0.0000
 1-4 VDW =      969.1674  1-4 EEL =    -3804.0582  RESTRAINT  =        0.0003
 EAMBER  = *************


   NSTEP       ENERGY          RMS            GMAX         NAME    NUMBER
    350       1.3316E+09     2.7771E+02     2.5127E+04     C2        428

 BOND    =       56.0999  ANGLE   =     3027.9207  DIHED      =      903.1667
 VDWAALS = *************  EEL     =  -100463.7213  HBOND      =        0.0000
 1-4 VDW =      969.1661  1-4 EEL =    -3804.0572  RESTRAINT  =        0.0003
 EAMBER  = *************


   NSTEP       ENERGY          RMS            GMAX         NAME    NUMBER
    400       1.3316E+09     2.7770E+02     2.5129E+04     C2        428

 BOND    =       56.1007  ANGLE   =     3027.9108  DIHED      =      903.1666
 VDWAALS = *************  EEL     =  -100463.8097  HBOND      =        0.0000
 1-4 VDW =      969.1649  1-4 EEL =    -3804.0564  RESTRAINT  =        0.0003
 EAMBER  = *************


   NSTEP       ENERGY          RMS            GMAX         NAME    NUMBER
    450       1.3317E+09     2.7769E+02     2.5132E+04     C2        428

 BOND    =       56.1013  ANGLE   =     3027.9023  DIHED      =      903.1666
 VDWAALS = *************  EEL     =  -100463.8846  HBOND      =        0.0000
 1-4 VDW =      969.1638  1-4 EEL =    -3804.0556  RESTRAINT  =        0.0003
 EAMBER  = *************


   NSTEP       ENERGY          RMS            GMAX         NAME    NUMBER
    500       1.3318E+09     2.7768E+02     2.5135E+04     C2        428

 BOND    =       56.1022  ANGLE   =     3027.8917  DIHED      =      903.1665
 VDWAALS = *************  EEL     =  -100463.9789  HBOND      =        0.0000
 1-4 VDW =      969.1625  1-4 EEL =    -3804.0546  RESTRAINT  =        0.0003
 EAMBER  = *************


   NSTEP       ENERGY          RMS            GMAX         NAME    NUMBER
    550       1.3318E+09     2.7767E+02     2.5138E+04     C2        428

 BOND    =       56.1030  ANGLE   =     3027.8820  DIHED      =      903.1665
 VDWAALS = *************  EEL     =  -100464.0652  HBOND      =        0.0000
 1-4 VDW =      969.1612  1-4 EEL =    -3804.0538  RESTRAINT  =        0.0003
 EAMBER  = *************


   NSTEP       ENERGY          RMS            GMAX         NAME    NUMBER
    600       1.3320E+09     2.7766E+02     2.5141E+04     C2        428

 BOND    =       56.1041  ANGLE   =     3027.8700  DIHED      =      903.1665
 VDWAALS = *************  EEL     =  -100464.1711  HBOND      =        0.0000
 1-4 VDW =      969.1597  1-4 EEL =    -3804.0527  RESTRAINT  =        0.0003
 EAMBER  = *************


   NSTEP       ENERGY          RMS            GMAX         NAME    NUMBER
    650       1.3320E+09     2.7765E+02     2.5145E+04     C2        428

 BOND    =       56.1051  ANGLE   =     3027.8590  DIHED      =      903.1664
 VDWAALS = *************  EEL     =  -100464.2706  HBOND      =        0.0000
 1-4 VDW =      969.1584  1-4 EEL =    -3804.0517  RESTRAINT  =        0.0003
 EAMBER  = *************


   NSTEP       ENERGY          RMS            GMAX         NAME    NUMBER
    700       1.3321E+09     2.7764E+02     2.5148E+04     C2        428

 BOND    =       56.1063  ANGLE   =     3027.8465  DIHED      =      903.1664
 VDWAALS = *************  EEL     =  -100464.3813  HBOND      =        0.0000
 1-4 VDW =      969.1568  1-4 EEL =    -3804.0506  RESTRAINT  =        0.0003
 EAMBER  = *************


   NSTEP       ENERGY          RMS            GMAX         NAME    NUMBER
    750       1.3322E+09     2.7763E+02     2.5151E+04     C2        428

 BOND    =       56.1074  ANGLE   =     3027.8363  DIHED      =      903.1664
 VDWAALS = *************  EEL     =  -100464.4724  HBOND      =        0.0000
 1-4 VDW =      969.1555  1-4 EEL =    -3804.0496  RESTRAINT  =        0.0004
 EAMBER  = *************


   NSTEP       ENERGY          RMS            GMAX         NAME    NUMBER
    800       1.3323E+09     2.7762E+02     2.5154E+04     C2        428

 BOND    =       56.1086  ANGLE   =     3027.8255  DIHED      =      903.1664
 VDWAALS = *************  EEL     =  -100464.5694  HBOND      =        0.0000
 1-4 VDW =      969.1542  1-4 EEL =    -3804.0487  RESTRAINT  =        0.0004
 EAMBER  = *************


   NSTEP       ENERGY          RMS            GMAX         NAME    NUMBER
    850       1.3324E+09     2.7761E+02     2.5157E+04     C2        428

 BOND    =       56.1096  ANGLE   =     3027.8163  DIHED      =      903.1663
 VDWAALS = *************  EEL     =  -100464.6529  HBOND      =        0.0000
 1-4 VDW =      969.1530  1-4 EEL =    -3804.0478  RESTRAINT  =        0.0004
 EAMBER  = *************


   NSTEP       ENERGY          RMS            GMAX         NAME    NUMBER
    900       1.3324E+09     2.7760E+02     2.5161E+04     C2        428

 BOND    =       56.1110  ANGLE   =     3027.8037  DIHED      =      903.1663
 VDWAALS = *************  EEL     =  -100464.7646  HBOND      =        0.0000
 1-4 VDW =      969.1514  1-4 EEL =    -3804.0467  RESTRAINT  =        0.0004
 EAMBER  = *************


   NSTEP       ENERGY          RMS            GMAX         NAME    NUMBER
    950       1.3326E+09     2.7759E+02     2.5163E+04     C2        428

 BOND    =       56.1122  ANGLE   =     3027.7942  DIHED      =      903.1663
 VDWAALS = *************  EEL     =  -100464.8507  HBOND      =        0.0000
 1-4 VDW =      969.1502  1-4 EEL =    -3804.0458  RESTRAINT  =        0.0004
 EAMBER  = *************


   NSTEP       ENERGY          RMS            GMAX         NAME    NUMBER
   1000       1.3327E+09     2.7758E+02     2.5167E+04     C2        428

 BOND    =       56.1135  ANGLE   =     3027.7831  DIHED      =      903.1663
 VDWAALS = *************  EEL     =  -100464.9497  HBOND      =        0.0000
 1-4 VDW =      969.1489  1-4 EEL =    -3804.0448  RESTRAINT  =        0.0004
 EAMBER  = *************


   NSTEP       ENERGY          RMS            GMAX         NAME    NUMBER
   1050       1.3327E+09     2.7757E+02     2.5169E+04     C2        428

 BOND    =       56.1146  ANGLE   =     3027.7750  DIHED      =      903.1663
 VDWAALS = *************  EEL     =  -100465.0212  HBOND      =        0.0000
 1-4 VDW =      969.1479  1-4 EEL =    -3804.0441  RESTRAINT  =        0.0004
 EAMBER  = *************


   NSTEP       ENERGY          RMS            GMAX         NAME    NUMBER
   1100       1.3327E+09     2.7756E+02     2.5171E+04     C2        428

 BOND    =       56.1156  ANGLE   =     3027.7670  DIHED      =      903.1663
 VDWAALS = *************  EEL     =  -100465.0940  HBOND      =        0.0000
 1-4 VDW =      969.1469  1-4 EEL =    -3804.0434  RESTRAINT  =        0.0004
 EAMBER  = *************


   NSTEP       ENERGY          RMS            GMAX         NAME    NUMBER
   1150       1.3329E+09     2.7755E+02     2.5174E+04     C2        428

 BOND    =       56.1169  ANGLE   =     3027.7575  DIHED      =      903.1662
 VDWAALS = *************  EEL     =  -100465.1806  HBOND      =        0.0000
 1-4 VDW =      969.1457  1-4 EEL =    -3804.0425  RESTRAINT  =        0.0005
 EAMBER  = *************


   NSTEP       ENERGY          RMS            GMAX         NAME    NUMBER
   1200       1.3330E+09     2.7754E+02     2.5177E+04     C2        428

 BOND    =       56.1185  ANGLE   =     3027.7457  DIHED      =      903.1662
 VDWAALS = *************  EEL     =  -100465.2870  HBOND      =        0.0000
 1-4 VDW =      969.1442  1-4 EEL =    -3804.0415  RESTRAINT  =        0.0005
 EAMBER  = *************


   NSTEP       ENERGY          RMS            GMAX         NAME    NUMBER
   1250       1.3330E+09     2.7753E+02     2.5180E+04     C2        428

 BOND    =       56.1199  ANGLE   =     3027.7359  DIHED      =      903.1662
 VDWAALS = *************  EEL     =  -100465.3760  HBOND      =        0.0000
 1-4 VDW =      969.1430  1-4 EEL =    -3804.0406  RESTRAINT  =        0.0005
 EAMBER  = *************


   NSTEP       ENERGY          RMS            GMAX         NAME    NUMBER
   1300       1.3331E+09     2.7752E+02     2.5183E+04     C2        428

 BOND    =       56.1212  ANGLE   =     3027.7275  DIHED      =      903.1662
 VDWAALS = *************  EEL     =  -100465.4522  HBOND      =        0.0000
 1-4 VDW =      969.1419  1-4 EEL =    -3804.0398  RESTRAINT  =        0.0005
 EAMBER  = *************


   NSTEP       ENERGY          RMS            GMAX         NAME    NUMBER
   1350       1.3332E+09     2.7752E+02     2.5186E+04     C2        428

 BOND    =       56.1226  ANGLE   =     3027.7180  DIHED      =      903.1662
 VDWAALS = *************  EEL     =  -100465.5359  HBOND      =        0.0000
 1-4 VDW =      969.1408  1-4 EEL =    -3804.0389  RESTRAINT  =        0.0005
 EAMBER  = *************


   NSTEP       ENERGY          RMS            GMAX         NAME    NUMBER
   1400       1.3333E+09     2.7751E+02     2.5188E+04     C2        428

 BOND    =       56.1240  ANGLE   =     3027.7087  DIHED      =      903.1662
 VDWAALS = *************  EEL     =  -100465.6189  HBOND      =        0.0000
 1-4 VDW =      969.1396  1-4 EEL =    -3804.0381  RESTRAINT  =        0.0005
 EAMBER  = *************


   NSTEP       ENERGY          RMS            GMAX         NAME    NUMBER
   1450       1.3334E+09     2.7750E+02     2.5192E+04     C2        428

 BOND    =       56.1259  ANGLE   =     3027.6966  DIHED      =      903.1662
 VDWAALS = *************  EEL     =  -100465.7278  HBOND      =        0.0000
 1-4 VDW =      969.1381  1-4 EEL =    -3804.0370  RESTRAINT  =        0.0005
 EAMBER  = *************


   NSTEP       ENERGY          RMS            GMAX         NAME    NUMBER
   1500       1.3334E+09     2.7749E+02     2.5194E+04     C2        428

 BOND    =       56.1273  ANGLE   =     3027.6880  DIHED      =      903.1662
 VDWAALS = *************  EEL     =  -100465.8056  HBOND      =        0.0000
 1-4 VDW =      969.1370  1-4 EEL =    -3804.0362  RESTRAINT  =        0.0006
 EAMBER  = *************


   NSTEP       ENERGY          RMS            GMAX         NAME    NUMBER
   1550       1.3335E+09     2.7748E+02     2.5197E+04     C2        428

 BOND    =       56.1290  ANGLE   =     3027.6777  DIHED      =      903.1662
 VDWAALS = *************  EEL     =  -100465.8993  HBOND      =        0.0000
 1-4 VDW =      969.1358  1-4 EEL =    -3804.0353  RESTRAINT  =        0.0006
 EAMBER  = *************


   NSTEP       ENERGY          RMS            GMAX         NAME    NUMBER
   1600       1.3336E+09     2.7747E+02     2.5200E+04     C2        428

 BOND    =       56.1306  ANGLE   =     3027.6687  DIHED      =      903.1662
 VDWAALS = *************  EEL     =  -100465.9791  HBOND      =        0.0000
 1-4 VDW =      969.1346  1-4 EEL =    -3804.0345  RESTRAINT  =        0.0006
 EAMBER  = *************


   NSTEP       ENERGY          RMS            GMAX         NAME    NUMBER
   1650       1.3336E+09     2.7746E+02     2.5203E+04     C2        428

 BOND    =       56.1321  ANGLE   =     3027.6597  DIHED      =      903.1662
 VDWAALS = *************  EEL     =  -100466.0600  HBOND      =        0.0000
 1-4 VDW =      969.1335  1-4 EEL =    -3804.0337  RESTRAINT  =        0.0006
 EAMBER  = *************


   NSTEP       ENERGY          RMS            GMAX         NAME    NUMBER
   1700       1.3337E+09     2.7745E+02     2.5206E+04     C2        428

 BOND    =       56.1341  ANGLE   =     3027.6485  DIHED      =      903.1662
 VDWAALS = *************  EEL     =  -100466.1617  HBOND      =        0.0000
 1-4 VDW =      969.1321  1-4 EEL =    -3804.0326  RESTRAINT  =        0.0006
 EAMBER  = *************


   NSTEP       ENERGY          RMS            GMAX         NAME    NUMBER
   1750       1.3338E+09     2.7744E+02     2.5209E+04     C2        428

 BOND    =       56.1361  ANGLE   =     3027.6378  DIHED      =      903.1662
 VDWAALS = *************  EEL     =  -100466.2594  HBOND      =        0.0000
 1-4 VDW =      969.1308  1-4 EEL =    -3804.0317  RESTRAINT  =        0.0006
 EAMBER  = *************


   NSTEP       ENERGY          RMS            GMAX         NAME    NUMBER
   1800       1.3339E+09     2.7744E+02     2.5211E+04     C2        428

 BOND    =       56.1373  ANGLE   =     3027.6311  DIHED      =      903.1662
 VDWAALS = *************  EEL     =  -100466.3206  HBOND      =        0.0000
 1-4 VDW =      969.1300  1-4 EEL =    -3804.0311  RESTRAINT  =        0.0006
 EAMBER  = *************


   NSTEP       ENERGY          RMS            GMAX         NAME    NUMBER
   1850       1.3339E+09     2.7743E+02     2.5213E+04     C2        428

 BOND    =       56.1389  ANGLE   =     3027.6228  DIHED      =      903.1662
 VDWAALS = *************  EEL     =  -100466.3954  HBOND      =        0.0000
 1-4 VDW =      969.1290  1-4 EEL =    -3804.0303  RESTRAINT  =        0.0007
 EAMBER  = *************


   NSTEP       ENERGY          RMS            GMAX         NAME    NUMBER
   1900       1.3340E+09     2.7742E+02     2.5216E+04     C2        428

 BOND    =       56.1405  ANGLE   =     3027.6142  DIHED      =      903.1663
 VDWAALS = *************  EEL     =  -100466.4725  HBOND      =        0.0000
 1-4 VDW =      969.1279  1-4 EEL =    -3804.0295  RESTRAINT  =        0.0007
 EAMBER  = *************


   NSTEP       ENERGY          RMS            GMAX         NAME    NUMBER
   1950       1.3341E+09     2.7741E+02     2.5219E+04     C2        428

 BOND    =       56.1424  ANGLE   =     3027.6048  DIHED      =      903.1663
 VDWAALS = *************  EEL     =  -100466.5577  HBOND      =        0.0000
 1-4 VDW =      969.1267  1-4 EEL =    -3804.0287  RESTRAINT  =        0.0007
 EAMBER  = *************


   NSTEP       ENERGY          RMS            GMAX         NAME    NUMBER
   2000       1.3342E+09     2.7741E+02     2.5222E+04     C2        428

 BOND    =       56.1444  ANGLE   =     3027.5947  DIHED      =      903.1663
 VDWAALS = *************  EEL     =  -100466.6488  HBOND      =        0.0000
 1-4 VDW =      969.1255  1-4 EEL =    -3804.0277  RESTRAINT  =        0.0007
 EAMBER  = *************


   NSTEP       ENERGY          RMS            GMAX         NAME    NUMBER
   2050       5.5382E+05     2.2591E+02     2.7750E+04     N9        418

 BOND    =   588961.3361  ANGLE   =     6991.6046  DIHED      =     1387.8991
 VDWAALS =    61106.4637  EEL     =  -102998.5504  HBOND      =        0.0000
 1-4 VDW =      781.3419  1-4 EEL =    -3670.9469  RESTRAINT  =     1261.0415
 EAMBER  =   552559.1480


   NSTEP       ENERGY          RMS            GMAX         NAME    NUMBER
   2100       3.4505E+05     1.9848E+02     2.7599E+04     N9        418

 BOND    =   225316.2850  ANGLE   =     7389.9785  DIHED      =     1413.2293
 VDWAALS =   215010.5650  EEL     =  -104359.6724  HBOND      =        0.0000
 1-4 VDW =     3151.3120  1-4 EEL =    -3613.6916  RESTRAINT  =      742.6691
 EAMBER  =   344308.0059


   NSTEP       ENERGY          RMS            GMAX         NAME    NUMBER
   2150      -8.5635E+09     4.8222E+04     8.2869E+06     C5'       410

 BOND    = 12840393.9618  ANGLE   =    13658.0576  DIHED      =     1458.7775
 VDWAALS = *************  EEL     =  -111725.3811  HBOND      =        0.0000
 1-4 VDW =  6158119.3589  1-4 EEL =    -3780.7330  RESTRAINT  =    20886.5334
 EAMBER  = *************


   NSTEP       ENERGY          RMS            GMAX         NAME    NUMBER
   2200      -8.5698E+09     9.9376E+02     1.1948E+05     C1'       416

 BOND    = 13526381.8781  ANGLE   =    13677.0653  DIHED      =     1458.4919
 VDWAALS = *************  EEL     =  -111723.2713  HBOND      =        0.0000
 1-4 VDW =     2053.3830  1-4 EEL =    -3780.5735  RESTRAINT  =    21948.1590
 EAMBER  = *************


   NSTEP       ENERGY          RMS            GMAX         NAME    NUMBER
   2250       3.4064E+08     9.4905E+02     1.1496E+05     C1'       416

 BOND    = 12535314.1945  ANGLE   =    13468.6730  DIHED      =     1451.4811
 VDWAALS = *************  EEL     =  -111661.8468  HBOND      =        0.0000
 1-4 VDW =     1466.4408  1-4 EEL =    -3777.1631  RESTRAINT  =    20722.4588
 EAMBER  = *************


   NSTEP       ENERGY          RMS            GMAX         NAME    NUMBER
   2300      -8.5797E+09     6.7072E+04     8.3886E+06     O6        802

 BOND    =   958931.3606  ANGLE   =    12652.7413  DIHED      =     1689.6501
 VDWAALS = *************  EEL     =  -111373.3980  HBOND      =        0.0000
 1-4 VDW =  4765563.0324  1-4 EEL =    -3847.1880  RESTRAINT  =     5536.9123
 EAMBER  = *************

     .... RESTARTED DUE TO LINMIN FAILURE ...

     .... RESTARTED DUE TO LINMIN FAILURE ...

     .... RESTARTED DUE TO LINMIN FAILURE ...

     .... RESTARTED DUE TO LINMIN FAILURE ...


   NSTEP       ENERGY          RMS            GMAX         NAME    NUMBER
   2350      -8.5797E+09     6.7072E+04     8.3886E+06     O6        802

 BOND    =   958932.0416  ANGLE   =    12652.7420  DIHED      =     1689.6485
 VDWAALS = *************  EEL     =  -111373.3967  HBOND      =        0.0000
 1-4 VDW =  4743984.2705  1-4 EEL =    -3847.2313  RESTRAINT  =     5536.9103
 EAMBER  = *************

     .... RESTARTED DUE TO LINMIN FAILURE ...


                    FINAL RESULTS



   NSTEP       ENERGY          RMS            GMAX         NAME    NUMBER
   2359      -8.5797E+09     6.7072E+04     8.3886E+06     O6        802

 BOND    =   958932.1299  ANGLE   =    12652.7421  DIHED      =     1689.6483
 VDWAALS = *************  EEL     =  -111373.3967  HBOND      =        0.0000
 1-4 VDW =  4741193.7433  1-4 EEL =    -3847.2369  RESTRAINT  =     5536.9101
 EAMBER  = *************

     ***** REPEATED LINMIN FAILURE *****
--------------------------------------------------------------------------------
   5.  TIMINGS
--------------------------------------------------------------------------------

|  NonSetup CPU Time in Major Routines:
|
|     Routine           Sec        %
|     ------------------------------
|     Nonbond           2.10   33.56
|     Bond              0.00    0.00
|     Angle             0.00    0.00
|     Dihedral          0.00    0.00
|     Shake             0.00    0.00
|     Other             4.17   66.44
|     ------------------------------
|     Total             6.27

|  PME Nonbond Pairlist CPU Time:
|
|     Routine              Sec        %
|     ---------------------------------
|     Set Up Cit           0.00    0.00
|     Build List           0.00    0.00
|     ---------------------------------
|     Total                0.00    0.00

|  PME Direct Force CPU Time:
|
|     Routine              Sec        %
|     ---------------------------------
|     NonBonded Calc       0.00    0.00
|     Exclude Masked       0.00    0.00
|     Other                0.00    0.04
|     ---------------------------------
|     Total                0.00    0.04

|  PME Reciprocal Force CPU Time:
|
|     Routine              Sec        %
|     ---------------------------------
|     1D bspline           0.00    0.00
|     Grid Charges         0.00    0.00
|     Scalar Sum           0.00    0.00
|     Gradient Sum         0.00    0.00
|     FFT                  0.00    0.00
|     ---------------------------------
|     Total                0.00    0.00

|  Setup CPU time:            1.02 seconds
|  NonSetup CPU time:         6.27 seconds
|  Total CPU time:            7.29 seconds     0.00 hours

|  Setup wall time:           2    seconds
|  NonSetup wall time:       13    seconds
|  Total wall time:          15    seconds     0.00 hours
