
          -------------------------------------------------------
          Amber 16 PMEMD                              2016
          -------------------------------------------------------

| PMEMD implementation of SANDER, Release 16

| Run on 08/25/2020 at 10:47:02

|   Executable path: pmemd.cuda
| Working directory: /home/kyq/T7RNADNA/4/DA4
|          Hostname: gpu01

  [-O]verwriting output

File Assignments:
|   MDIN: min3.in                                                               
|  MDOUT: cmp_min3.out                                                          
| INPCRD: cmp_min2.rst                                                          
|   PARM: cmp.prmtop                                                            
| RESTRT: cmp_heat0.rst                                                         
|   REFC: cmp.inpcrd                                                            
|  MDVEL: mdvel                                                                 
|   MDEN: mden                                                                  
|  MDCRD: mdcrd                                                                 
| MDINFO: mdinfo                                                                
|  MDFRC: mdfrc                                                                 

 
 Here is the input file:
 
Initial minimisation of our structures                                         
 &cntrl                                                                        
  imin=1, maxcyc=10000, ncyc=5000,                                             
  cut=10, ntb=1,                                                               
/                                                                              


Note: ig = -1. Setting random seed to   394211 based on wallclock time in 
      microseconds.
 
|--------------------- INFORMATION ----------------------
| GPU (CUDA) Version of PMEMD in use: NVIDIA GPU IN USE.
|                    Version 16.0.0
| 
|                      02/25/2016
| 
| Implementation by:
|                    Ross C. Walker     (SDSC)
|                    Scott Le Grand     (nVIDIA)
| 
| Precision model in use:
|      [SPFP] - Single Precision Forces, 64-bit Fixed Point
|               Accumulation. (Default)
| 
|--------------------------------------------------------
 
|----------------- CITATION INFORMATION -----------------
|
|    When publishing work that utilized the CUDA version
|    of AMBER, please cite the following in addition to
|    the regular AMBER citations:
|
|  - Romelia Salomon-Ferrer; Andreas W. Goetz; Duncan
|    Poole; Scott Le Grand; Ross C. Walker "Routine
|    microsecond molecular dynamics simulations with
|    AMBER - Part II: Particle Mesh Ewald", J. Chem.
|    Theory Comput., 2013, 9 (9), pp3878-3888,
|    DOI: 10.1021/ct400314y.
|
|  - Andreas W. Goetz; Mark J. Williamson; Dong Xu;
|    Duncan Poole; Scott Le Grand; Ross C. Walker
|    "Routine microsecond molecular dynamics simulations
|    with AMBER - Part I: Generalized Born", J. Chem.
|    Theory Comput., 2012, 8 (5), pp1542-1555.
|
|  - Scott Le Grand; Andreas W. Goetz; Ross C. Walker
|    "SPFP: Speed without compromise - a mixed precision
|    model for GPU accelerated molecular dynamics
|    simulations.", Comp. Phys. Comm., 2013, 184
|    pp374-380, DOI: 10.1016/j.cpc.2012.09.022
|
|--------------------------------------------------------
 
|------------------- GPU DEVICE INFO --------------------
|
|            CUDA_VISIBLE_DEVICES: 0
|   CUDA Capable Devices Detected:      1
|           CUDA Device ID in use:      0
|                CUDA Device Name: Tesla P100-PCIE-16GB
|     CUDA Device Global Mem Size:  16276 MB
| CUDA Device Num Multiprocessors:     56
|           CUDA Device Core Freq:   1.33 GHz
|
|--------------------------------------------------------
 
 
| Conditional Compilation Defines Used:
| PUBFFT
| BINTRAJ
| CUDA
| EMIL
 
| Largest sphere to fit in unit cell has radius =    31.621

| New format PARM file being parsed.
| Version =    1.000 Date = 08/25/20 Time = 10:44:51

| Note: 1-4 EEL scale factors are being read from the topology file.

| Note: 1-4 VDW scale factors are being read from the topology file.
| Duplicated    0 dihedrals

| Duplicated    0 dihedrals

--------------------------------------------------------------------------------
   1.  RESOURCE   USE: 
--------------------------------------------------------------------------------

 getting box info from netcdf restart file
 NATOM  =   31353 NTYPES =      18 NBONH =   30630 MBONA  =     774
 NTHETH =     892 MTHETA =    1191 NPHIH =    1828 MPHIA  =    2451
 NHPARM =       0 NPARM  =       0 NNB   =   46321 NRES   =   10150
 NBONA  =     774 NTHETA =    1191 NPHIA =    2451 NUMBND =      61
 NUMANG =     127 NPTRA  =      75 NATYP =      34 NPHB   =       1
 IFBOX  =       2 NMXRS  =      33 IFCAP =       0 NEXTRA =       0
 NCOPY  =       0

| Coordinate Index Table dimensions:    12   12   12
| Direct force subcell size =     6.4547    6.4547    6.4547

     BOX TYPE: TRUNCATED OCTAHEDRON

--------------------------------------------------------------------------------
   2.  CONTROL  DATA  FOR  THE  RUN
--------------------------------------------------------------------------------

default_name                                                                    

General flags:
     imin    =       1, nmropt  =       0

Nature and format of input:
     ntx     =       1, irest   =       0, ntrx    =       1

Nature and format of output:
     ntxo    =       2, ntpr    =      50, ntrx    =       1, ntwr    =       1
     iwrap   =       0, ntwx    =       0, ntwv    =       0, ntwe    =       0
     ioutfm  =       1, ntwprt  =       0, idecomp =       0, rbornstat=      0

Potential function:
     ntf     =       1, ntb     =       1, igb     =       0, nsnb    =      25
     ipol    =       0, gbsa    =       0, iesp    =       0
     dielc   =   1.00000, cut     =  10.00000, intdiel =   1.00000

Frozen or restrained atoms:
     ibelly  =       0, ntr     =       0

Energy minimization:
     maxcyc  =   10000, ncyc    =    5000, ntmin   =       1
     dx0     =   0.01000, drms    =   0.00010

| Intermolecular bonds treatment:
|     no_intermolecular_bonds =       1

| Energy averages sample interval:
|     ene_avg_sampling =       1

Ewald parameters:
     verbose =       0, ew_type =       0, nbflag  =       1, use_pme =       1
     vdwmeth =       1, eedmeth =       1, netfrc  =       0
     Box X =   77.456   Box Y =   77.456   Box Z =   77.456
     Alpha =  109.471   Beta  =  109.471   Gamma =  109.471
     NFFT1 =   80       NFFT2 =   80       NFFT3 =   80
     Cutoff=   10.000   Tol   =0.100E-04
     Ewald Coefficient =  0.27511
     Interpolation order =    4

--------------------------------------------------------------------------------
   3.  ATOMIC COORDINATES AND VELOCITIES
--------------------------------------------------------------------------------

default_name                                                                    
 begin time read from input coords =     0.000 ps

 
 Number of triangulated 3-point waters found:    10084

     Sum of charges from parm topology file =   0.00000018
     Forcing neutrality...

| Dynamic Memory, Types Used:
| Reals              834705
| Integers           766343

| Nonbonded Pairs Initial Allocation:     9483498

| GPU memory information (estimate):
| KB of GPU memory in use:    163790
| KB of CPU memory in use:     52658

--------------------------------------------------------------------------------
   4.  RESULTS
--------------------------------------------------------------------------------

 ---------------------------------------------------
 APPROXIMATING switch and d/dx switch using CUBIC SPLINE INTERPOLATION
 using   5000.0 points per unit in tabled values
 TESTING RELATIVE ERROR over r ranging from 0.0 to cutoff
| CHECK switch(x): max rel err =   0.3316E-14   at   2.351880
| CHECK d/dx switch(x): max rel err =   0.8066E-11   at   2.747240
 ---------------------------------------------------
|---------------------------------------------------
| APPROXIMATING direct energy using CUBIC SPLINE INTERPOLATION
|  with   50.0 points per unit in tabled values
| Relative Error Limit not exceeded for r .gt.   2.34
| APPROXIMATING direct force using CUBIC SPLINE INTERPOLATION
|  with   50.0 points per unit in tabled values
| Relative Error Limit not exceeded for r .gt.   2.81
|---------------------------------------------------


   NSTEP       ENERGY          RMS            GMAX         NAME    NUMBER
      1      -1.3852E+05     3.0663E-01     6.1514E+01     Na+      1077

 BOND    =    10323.4441  ANGLE   =      183.9249  DIHED      =      933.6300
 VDWAALS =    26508.6486  EEL     =  -172806.7588  HBOND      =        0.0000
 1-4 VDW =      257.8381  1-4 EEL =    -3922.7787  RESTRAINT  =        0.0000


   NSTEP       ENERGY          RMS            GMAX         NAME    NUMBER
     50      -1.3855E+05     4.4607E-02     3.3338E+00     H1      16175

 BOND    =    10325.5358  ANGLE   =      183.0694  DIHED      =      933.7703
 VDWAALS =    26505.0792  EEL     =  -172831.5142  HBOND      =        0.0000
 1-4 VDW =      258.0089  1-4 EEL =    -3922.9577  RESTRAINT  =        0.0000


   NSTEP       ENERGY          RMS            GMAX         NAME    NUMBER
    100      -1.3855E+05     9.6017E-02     6.5050E+00     C6        991

 BOND    =    10325.6965  ANGLE   =      183.2675  DIHED      =      933.7777
 VDWAALS =    26505.6988  EEL     =  -172835.7598  HBOND      =        0.0000
 1-4 VDW =      257.8985  1-4 EEL =    -3922.8484  RESTRAINT  =        0.0000


   NSTEP       ENERGY          RMS            GMAX         NAME    NUMBER
    150      -1.3856E+05     3.0038E-02     1.8786E+00     H2       2736

 BOND    =    10326.1389  ANGLE   =      182.9721  DIHED      =      933.7527
 VDWAALS =    26506.5216  EEL     =  -172839.6272  HBOND      =        0.0000
 1-4 VDW =      257.8243  1-4 EEL =    -3922.6235  RESTRAINT  =        0.0000


   NSTEP       ENERGY          RMS            GMAX         NAME    NUMBER
    200      -1.3856E+05     8.4489E-02     5.6896E+00     C2        520

 BOND    =    10326.6211  ANGLE   =      182.8691  DIHED      =      933.7175
 VDWAALS =    26507.4784  EEL     =  -172843.3810  HBOND      =        0.0000
 1-4 VDW =      257.7494  1-4 EEL =    -3922.4688  RESTRAINT  =        0.0000


   NSTEP       ENERGY          RMS            GMAX         NAME    NUMBER
    250      -1.3856E+05     2.6252E-02     1.4911E+00     H2       2736

 BOND    =    10326.7255  ANGLE   =      182.9721  DIHED      =      933.6761
 VDWAALS =    26508.6226  EEL     =  -172847.1160  HBOND      =        0.0000
 1-4 VDW =      257.7526  1-4 EEL =    -3922.5035  RESTRAINT  =        0.0000


   NSTEP       ENERGY          RMS            GMAX         NAME    NUMBER
    300      -1.3856E+05     6.9536E-02     5.1003E+00     C2        520

 BOND    =    10327.0385  ANGLE   =      183.0366  DIHED      =      933.6362
 VDWAALS =    26509.9351  EEL     =  -172850.8540  HBOND      =        0.0000
 1-4 VDW =      257.7560  1-4 EEL =    -3922.5146  RESTRAINT  =        0.0000


   NSTEP       ENERGY          RMS            GMAX         NAME    NUMBER
    350      -1.3856E+05     3.0272E-02     1.7330E+00     C2        520

 BOND    =    10327.3532  ANGLE   =      182.9495  DIHED      =      933.5997
 VDWAALS =    26511.3286  EEL     =  -172854.5185  HBOND      =        0.0000
 1-4 VDW =      257.6880  1-4 EEL =    -3922.3991  RESTRAINT  =        0.0000


   NSTEP       ENERGY          RMS            GMAX         NAME    NUMBER
    400      -1.3857E+05     4.2492E-02     3.0068E+00     C2        520

 BOND    =    10327.7069  ANGLE   =      182.9214  DIHED      =      933.5617
 VDWAALS =    26512.8690  EEL     =  -172858.1801  HBOND      =        0.0000
 1-4 VDW =      257.6679  1-4 EEL =    -3922.3565  RESTRAINT  =        0.0000


   NSTEP       ENERGY          RMS            GMAX         NAME    NUMBER
    450      -1.3857E+05     2.4146E-02     9.8962E-01     C2        520

 BOND    =    10327.9660  ANGLE   =      182.9693  DIHED      =      933.5233
 VDWAALS =    26514.4741  EEL     =  -172861.8029  HBOND      =        0.0000
 1-4 VDW =      257.6730  1-4 EEL =    -3922.3805  RESTRAINT  =        0.0000


   NSTEP       ENERGY          RMS            GMAX         NAME    NUMBER
    500      -1.3857E+05     3.7654E-02     2.6548E+00     C2        520

 BOND    =    10328.3147  ANGLE   =      182.9551  DIHED      =      933.4859
 VDWAALS =    26516.1301  EEL     =  -172865.4335  HBOND      =        0.0000
 1-4 VDW =      257.6728  1-4 EEL =    -3922.3731  RESTRAINT  =        0.0000


   NSTEP       ENERGY          RMS            GMAX         NAME    NUMBER
    550      -1.3857E+05     2.1378E-02     6.3468E-01     O        2734

 BOND    =    10328.5507  ANGLE   =      183.0032  DIHED      =      933.4510
 VDWAALS =    26517.7592  EEL     =  -172868.8879  HBOND      =        0.0000
 1-4 VDW =      257.6279  1-4 EEL =    -3922.3342  RESTRAINT  =        0.0000


   NSTEP       ENERGY          RMS            GMAX         NAME    NUMBER
    600      -1.3857E+05     3.0615E-02     1.8961E+00     C6        991

 BOND    =    10328.7865  ANGLE   =      183.0873  DIHED      =      933.4158
 VDWAALS =    26519.4260  EEL     =  -172872.3532  HBOND      =        0.0000
 1-4 VDW =      257.5967  1-4 EEL =    -3922.3253  RESTRAINT  =        0.0000


   NSTEP       ENERGY          RMS            GMAX         NAME    NUMBER
    650      -1.3857E+05     8.4519E-02     7.8240E+00     C6        991

 BOND    =    10328.9077  ANGLE   =      183.3395  DIHED      =      933.3841
 VDWAALS =    26520.9678  EEL     =  -172875.4336  HBOND      =        0.0000
 1-4 VDW =      257.5459  1-4 EEL =    -3922.3539  RESTRAINT  =        0.0000


   NSTEP       ENERGY          RMS            GMAX         NAME    NUMBER
    700      -1.3858E+05     2.6668E-02     1.7111E+00     C6        991

 BOND    =    10329.4131  ANGLE   =      182.9961  DIHED      =      933.3567
 VDWAALS =    26522.3647  EEL     =  -172878.4427  HBOND      =        0.0000
 1-4 VDW =      257.5983  1-4 EEL =    -3922.2962  RESTRAINT  =        0.0000


   NSTEP       ENERGY          RMS            GMAX         NAME    NUMBER
    750      -1.3858E+05     6.1202E-02     5.5382E+00     C6        991

 BOND    =    10329.8143  ANGLE   =      182.8894  DIHED      =      933.3290
 VDWAALS =    26523.7744  EEL     =  -172881.4091  HBOND      =        0.0000
 1-4 VDW =      257.6106  1-4 EEL =    -3922.2675  RESTRAINT  =        0.0000


   NSTEP       ENERGY          RMS            GMAX         NAME    NUMBER
    800      -1.3858E+05     8.9626E-02     8.3518E+00     C6        991

 BOND    =    10330.1896  ANGLE   =      182.8244  DIHED      =      933.3019
 VDWAALS =    26525.1508  EEL     =  -172884.3692  HBOND      =        0.0000
 1-4 VDW =      257.6156  1-4 EEL =    -3922.2440  RESTRAINT  =        0.0000


   NSTEP       ENERGY          RMS            GMAX         NAME    NUMBER
    850      -1.3858E+05     3.0364E-02     1.9659E+00     C6        991

 BOND    =    10330.0156  ANGLE   =      183.1983  DIHED      =      933.2712
 VDWAALS =    26526.6110  EEL     =  -172887.3069  HBOND      =        0.0000
 1-4 VDW =      257.5266  1-4 EEL =    -3922.2915  RESTRAINT  =        0.0000


   NSTEP       ENERGY          RMS            GMAX         NAME    NUMBER
    900      -1.3858E+05     6.9701E-02     1.9661E+00     H2      17673

 BOND    =    10330.3454  ANGLE   =      183.2000  DIHED      =      933.2429
 VDWAALS =    26528.0092  EEL     =  -172890.3566  HBOND      =        0.0000
 1-4 VDW =      257.5148  1-4 EEL =    -3922.2867  RESTRAINT  =        0.0000


   NSTEP       ENERGY          RMS            GMAX         NAME    NUMBER
    950      -1.3858E+05     2.1605E-02     9.3124E-01     H2      26814

 BOND    =    10330.5334  ANGLE   =      183.1838  DIHED      =      933.2173
 VDWAALS =    26529.3723  EEL     =  -172893.4125  HBOND      =        0.0000
 1-4 VDW =      257.5084  1-4 EEL =    -3922.2641  RESTRAINT  =        0.0000


   NSTEP       ENERGY          RMS            GMAX         NAME    NUMBER
   1000      -1.3858E+05     5.9741E-02     2.7580E+00     H2       9426

 BOND    =    10330.7491  ANGLE   =      183.2264  DIHED      =      933.1891
 VDWAALS =    26530.8283  EEL     =  -172896.6290  HBOND      =        0.0000
 1-4 VDW =      257.4918  1-4 EEL =    -3922.2588  RESTRAINT  =        0.0000


   NSTEP       ENERGY          RMS            GMAX         NAME    NUMBER
   1050      -1.3859E+05     8.6779E-02     5.1017E+00     H2       9426

 BOND    =    10330.9281  ANGLE   =      183.2517  DIHED      =      933.1615
 VDWAALS =    26532.2609  EEL     =  -172899.8647  HBOND      =        0.0000
 1-4 VDW =      257.4696  1-4 EEL =    -3922.2506  RESTRAINT  =        0.0000


   NSTEP       ENERGY          RMS            GMAX         NAME    NUMBER
   1100      -1.3859E+05     5.0857E-02     2.5353E+00     H2       9426

 BOND    =    10331.4443  ANGLE   =      183.2999  DIHED      =      933.1351
 VDWAALS =    26533.5903  EEL     =  -172903.6443  HBOND      =        0.0000
 1-4 VDW =      257.4629  1-4 EEL =    -3922.2416  RESTRAINT  =        0.0000


   NSTEP       ENERGY          RMS            GMAX         NAME    NUMBER
   1150      -1.3859E+05     7.7409E-02     5.3219E+00     C8        987

 BOND    =    10331.8184  ANGLE   =      183.3871  DIHED      =      933.1088
 VDWAALS =    26534.8966  EEL     =  -172907.4482  HBOND      =        0.0000
 1-4 VDW =      257.4664  1-4 EEL =    -3922.2337  RESTRAINT  =        0.0000


   NSTEP       ENERGY          RMS            GMAX         NAME    NUMBER
   1200      -1.3859E+05     1.0155E-01     9.1240E+00     C8        987

 BOND    =    10331.8596  ANGLE   =      183.4948  DIHED      =      933.0842
 VDWAALS =    26536.2322  EEL     =  -172911.3663  HBOND      =        0.0000
 1-4 VDW =      257.4714  1-4 EEL =    -3922.2234  RESTRAINT  =        0.0000


   NSTEP       ENERGY          RMS            GMAX         NAME    NUMBER
   1250      -1.3859E+05     3.3519E-02     1.9380E+00     C2        995

 BOND    =    10331.8811  ANGLE   =      183.3891  DIHED      =      933.0562
 VDWAALS =    26537.5164  EEL     =  -172914.8335  HBOND      =        0.0000
 1-4 VDW =      257.3853  1-4 EEL =    -3922.2258  RESTRAINT  =        0.0000


   NSTEP       ENERGY          RMS            GMAX         NAME    NUMBER
   1300      -1.3860E+05     2.2758E-02     1.0910E+00     H2       7218

 BOND    =    10331.9685  ANGLE   =      183.4604  DIHED      =      933.0305
 VDWAALS =    26538.4250  EEL     =  -172917.8579  HBOND      =        0.0000
 1-4 VDW =      257.3885  1-4 EEL =    -3922.2065  RESTRAINT  =        0.0000


   NSTEP       ENERGY          RMS            GMAX         NAME    NUMBER
   1350      -1.3860E+05     3.5225E-02     2.3268E+00     C5        990

 BOND    =    10332.0849  ANGLE   =      183.5295  DIHED      =      933.0031
 VDWAALS =    26539.2279  EEL     =  -172920.6759  HBOND      =        0.0000
 1-4 VDW =      257.3851  1-4 EEL =    -3922.1864  RESTRAINT  =        0.0000


   NSTEP       ENERGY          RMS            GMAX         NAME    NUMBER
   1400      -1.3860E+05     7.3313E-02     5.1686E+00     C5        990

 BOND    =    10332.2060  ANGLE   =      183.6188  DIHED      =      932.9761
 VDWAALS =    26540.0480  EEL     =  -172923.4883  HBOND      =        0.0000
 1-4 VDW =      257.3982  1-4 EEL =    -3922.1614  RESTRAINT  =        0.0000


   NSTEP       ENERGY          RMS            GMAX         NAME    NUMBER
   1450      -1.3860E+05     1.0472E-01     7.1383E+00     C2        995

 BOND    =    10332.4075  ANGLE   =      183.6525  DIHED      =      932.9493
 VDWAALS =    26540.8415  EEL     =  -172926.1768  HBOND      =        0.0000
 1-4 VDW =      257.4141  1-4 EEL =    -3922.1356  RESTRAINT  =        0.0000


   NSTEP       ENERGY          RMS            GMAX         NAME    NUMBER
   1500      -1.3860E+05     6.6529E-02     3.8658E+00     C2        995

 BOND    =    10332.9205  ANGLE   =      183.5482  DIHED      =      932.9077
 VDWAALS =    26541.5882  EEL     =  -172928.9951  HBOND      =        0.0000
 1-4 VDW =      257.2716  1-4 EEL =    -3922.1751  RESTRAINT  =        0.0000


   NSTEP       ENERGY          RMS            GMAX         NAME    NUMBER
   1550      -1.3860E+05     9.2824E-02     5.6235E+00     C5        990

 BOND    =    10333.2907  ANGLE   =      183.5315  DIHED      =      932.8756
 VDWAALS =    26542.3459  EEL     =  -172931.8339  HBOND      =        0.0000
 1-4 VDW =      257.2473  1-4 EEL =    -3922.1543  RESTRAINT  =        0.0000


   NSTEP       ENERGY          RMS            GMAX         NAME    NUMBER
   1600      -1.3861E+05     3.6539E-02     1.6400E+00     N9        539

 BOND    =    10333.0768  ANGLE   =      183.6409  DIHED      =      932.8529
 VDWAALS =    26543.1223  EEL     =  -172934.6088  HBOND      =        0.0000
 1-4 VDW =      257.3128  1-4 EEL =    -3922.1300  RESTRAINT  =        0.0000


   NSTEP       ENERGY          RMS            GMAX         NAME    NUMBER
   1650      -1.3861E+05     8.6765E-02     4.8276E+00     N9        539

 BOND    =    10333.1086  ANGLE   =      183.8319  DIHED      =      932.8245
 VDWAALS =    26543.8544  EEL     =  -172937.4543  HBOND      =        0.0000
 1-4 VDW =      257.3131  1-4 EEL =    -3922.1420  RESTRAINT  =        0.0000


   NSTEP       ENERGY          RMS            GMAX         NAME    NUMBER
   1700      -1.3861E+05     2.6355E-02     1.4438E+00     O       24217

 BOND    =    10333.5719  ANGLE   =      183.7114  DIHED      =      932.7888
 VDWAALS =    26544.4228  EEL     =  -172940.4146  HBOND      =        0.0000
 1-4 VDW =      257.2452  1-4 EEL =    -3922.1056  RESTRAINT  =        0.0000


   NSTEP       ENERGY          RMS            GMAX         NAME    NUMBER
   1750      -1.3861E+05     6.9025E-02     4.3053E+00     C4        553

 BOND    =    10333.9711  ANGLE   =      183.7648  DIHED      =      932.7539
 VDWAALS =    26545.0920  EEL     =  -172943.5238  HBOND      =        0.0000
 1-4 VDW =      257.1823  1-4 EEL =    -3922.0830  RESTRAINT  =        0.0000


   NSTEP       ENERGY          RMS            GMAX         NAME    NUMBER
   1800      -1.3861E+05     2.8474E-02     1.1851E+00     O       24217

 BOND    =    10333.9085  ANGLE   =      183.7826  DIHED      =      932.7296
 VDWAALS =    26545.8776  EEL     =  -172946.4095  HBOND      =        0.0000
 1-4 VDW =      257.2389  1-4 EEL =    -3922.0863  RESTRAINT  =        0.0000


   NSTEP       ENERGY          RMS            GMAX         NAME    NUMBER
   1850      -1.3862E+05     3.9763E-02     2.2101E+00     N9        539

 BOND    =    10334.1039  ANGLE   =      183.7952  DIHED      =      932.6993
 VDWAALS =    26546.7324  EEL     =  -172949.4827  HBOND      =        0.0000
 1-4 VDW =      257.2429  1-4 EEL =    -3922.0753  RESTRAINT  =        0.0000


   NSTEP       ENERGY          RMS            GMAX         NAME    NUMBER
   1900      -1.3862E+05     2.3906E-02     1.0300E+00     O       24337

 BOND    =    10334.3909  ANGLE   =      183.8385  DIHED      =      932.6655
 VDWAALS =    26547.6285  EEL     =  -172952.5865  HBOND      =        0.0000
 1-4 VDW =      257.1871  1-4 EEL =    -3922.0484  RESTRAINT  =        0.0000


   NSTEP       ENERGY          RMS            GMAX         NAME    NUMBER
   1950      -1.3862E+05     2.4029E-02     1.0343E+00     O       24337

 BOND    =    10334.5801  ANGLE   =      183.8742  DIHED      =      932.6345
 VDWAALS =    26548.5273  EEL     =  -172955.5012  HBOND      =        0.0000
 1-4 VDW =      257.1717  1-4 EEL =    -3922.0340  RESTRAINT  =        0.0000


   NSTEP       ENERGY          RMS            GMAX         NAME    NUMBER
   2000      -1.3862E+05     2.2506E-02     9.9672E-01     O       24337

 BOND    =    10334.6946  ANGLE   =      183.9151  DIHED      =      932.6043
 VDWAALS =    26549.4362  EEL     =  -172958.3331  HBOND      =        0.0000
 1-4 VDW =      257.1767  1-4 EEL =    -3922.0287  RESTRAINT  =        0.0000


   NSTEP       ENERGY          RMS            GMAX         NAME    NUMBER
   2050      -1.3862E+05     3.3456E-02     2.0399E+00     N9        539

 BOND    =    10334.8043  ANGLE   =      183.9699  DIHED      =      932.5743
 VDWAALS =    26550.3236  EEL     =  -172961.0440  HBOND      =        0.0000
 1-4 VDW =      257.1803  1-4 EEL =    -3922.0255  RESTRAINT  =        0.0000


   NSTEP       ENERGY          RMS            GMAX         NAME    NUMBER
   2100      -1.3863E+05     6.3373E-02     4.4321E+00     N9        539

 BOND    =    10334.8451  ANGLE   =      184.0859  DIHED      =      932.5439
 VDWAALS =    26551.2776  EEL     =  -172963.6915  HBOND      =        0.0000
 1-4 VDW =      257.1908  1-4 EEL =    -3922.0376  RESTRAINT  =        0.0000


   NSTEP       ENERGY          RMS            GMAX         NAME    NUMBER
   2150      -1.3863E+05     8.5493E-02     7.0597E+00     C4        553

 BOND    =    10335.0608  ANGLE   =      184.0464  DIHED      =      932.5161
 VDWAALS =    26552.1899  EEL     =  -172966.2654  HBOND      =        0.0000
 1-4 VDW =      257.2255  1-4 EEL =    -3922.0170  RESTRAINT  =        0.0000


   NSTEP       ENERGY          RMS            GMAX         NAME    NUMBER
   2200      -1.3863E+05     5.1886E-02     3.6015E+00     C4        553

 BOND    =    10335.6844  ANGLE   =      183.9662  DIHED      =      932.4783
 VDWAALS =    26553.0811  EEL     =  -172969.1661  HBOND      =        0.0000
 1-4 VDW =      257.0776  1-4 EEL =    -3921.9305  RESTRAINT  =        0.0000


   NSTEP       ENERGY          RMS            GMAX         NAME    NUMBER
   2250      -1.3863E+05     1.9889E-02     6.6083E-01     H1      19061

 BOND    =    10335.5741  ANGLE   =      184.0752  DIHED      =      932.4500
 VDWAALS =    26554.0282  EEL     =  -172971.5350  HBOND      =        0.0000
 1-4 VDW =      257.1114  1-4 EEL =    -3921.9541  RESTRAINT  =        0.0000


   NSTEP       ENERGY          RMS            GMAX         NAME    NUMBER
   2300      -1.3863E+05     2.5226E-02     1.3238E+00     N9        539

 BOND    =    10335.6987  ANGLE   =      184.1198  DIHED      =      932.4194
 VDWAALS =    26554.9603  EEL     =  -172973.9951  HBOND      =        0.0000
 1-4 VDW =      257.1113  1-4 EEL =    -3921.9457  RESTRAINT  =        0.0000


   NSTEP       ENERGY          RMS            GMAX         NAME    NUMBER
   2350      -1.3863E+05     6.2729E-02     4.4965E+00     N9        539

 BOND    =    10335.6709  ANGLE   =      184.2529  DIHED      =      932.3890
 VDWAALS =    26555.8929  EEL     =  -172976.3650  HBOND      =        0.0000
 1-4 VDW =      257.1340  1-4 EEL =    -3921.9564  RESTRAINT  =        0.0000


   NSTEP       ENERGY          RMS            GMAX         NAME    NUMBER
   2400      -1.3863E+05     2.0965E-02     7.8093E-01     C4        553

 BOND    =    10336.1250  ANGLE   =      184.1621  DIHED      =      932.3552
 VDWAALS =    26556.6836  EEL     =  -172978.8398  HBOND      =        0.0000
 1-4 VDW =      257.0598  1-4 EEL =    -3921.9050  RESTRAINT  =        0.0000


   NSTEP       ENERGY          RMS            GMAX         NAME    NUMBER
   2450      -1.3864E+05     5.8128E-02     3.5926E+00     N9        539

 BOND    =    10336.5960  ANGLE   =      184.0640  DIHED      =      932.3229
 VDWAALS =    26557.4501  EEL     =  -172981.3377  HBOND      =        0.0000
 1-4 VDW =      257.0293  1-4 EEL =    -3921.8569  RESTRAINT  =        0.0000


   NSTEP       ENERGY          RMS            GMAX         NAME    NUMBER
   2500      -1.3864E+05     7.8431E-02     5.5013E+00     C4        553

 BOND    =    10336.8537  ANGLE   =      184.1161  DIHED      =      932.2906
 VDWAALS =    26558.1840  EEL     =  -172983.5791  HBOND      =        0.0000
 1-4 VDW =      256.9851  1-4 EEL =    -3921.8441  RESTRAINT  =        0.0000


   NSTEP       ENERGY          RMS            GMAX         NAME    NUMBER
   2550      -1.3864E+05     3.1841E-02     1.7100E+00     C2        490

 BOND    =    10336.4587  ANGLE   =      184.2596  DIHED      =      932.2639
 VDWAALS =    26558.9111  EEL     =  -172985.5372  HBOND      =        0.0000
 1-4 VDW =      257.0652  1-4 EEL =    -3921.8608  RESTRAINT  =        0.0000


   NSTEP       ENERGY          RMS            GMAX         NAME    NUMBER
   2600      -1.3864E+05     6.9034E-02     4.1941E+00     C2        490

 BOND    =    10336.5633  ANGLE   =      184.2695  DIHED      =      932.2349
 VDWAALS =    26559.5499  EEL     =  -172987.5888  HBOND      =        0.0000
 1-4 VDW =      257.1016  1-4 EEL =    -3921.8371  RESTRAINT  =        0.0000


   NSTEP       ENERGY          RMS            GMAX         NAME    NUMBER
   2650      -1.3864E+05     3.6991E-02     2.6064E+00     C2        490

 BOND    =    10336.9445  ANGLE   =      184.2869  DIHED      =      932.2000
 VDWAALS =    26560.1178  EEL     =  -172989.7269  HBOND      =        0.0000
 1-4 VDW =      256.9913  1-4 EEL =    -3921.8346  RESTRAINT  =        0.0000


   NSTEP       ENERGY          RMS            GMAX         NAME    NUMBER
   2700      -1.3864E+05     3.7706E-02     2.9644E+00     C2        490

 BOND    =    10337.0444  ANGLE   =      184.3406  DIHED      =      932.1686
 VDWAALS =    26560.6859  EEL     =  -172991.8109  HBOND      =        0.0000
 1-4 VDW =      256.9780  1-4 EEL =    -3921.8290  RESTRAINT  =        0.0000


   NSTEP       ENERGY          RMS            GMAX         NAME    NUMBER
   2750      -1.3864E+05     2.0292E-02     9.2742E-01     C2        490

 BOND    =    10336.9735  ANGLE   =      184.4147  DIHED      =      932.1391
 VDWAALS =    26561.2057  EEL     =  -172993.6877  HBOND      =        0.0000
 1-4 VDW =      256.9948  1-4 EEL =    -3921.8059  RESTRAINT  =        0.0000


   NSTEP       ENERGY          RMS            GMAX         NAME    NUMBER
   2800      -1.3864E+05     6.1920E-02     4.9488E+00     C6        577

 BOND    =    10336.9215  ANGLE   =      184.6393  DIHED      =      932.1095
 VDWAALS =    26561.6505  EEL     =  -172995.3806  HBOND      =        0.0000
 1-4 VDW =      256.9371  1-4 EEL =    -3921.8365  RESTRAINT  =        0.0000


   NSTEP       ENERGY          RMS            GMAX         NAME    NUMBER
   2850      -1.3865E+05     2.7812E-02     1.6858E+00     C6        577

 BOND    =    10337.2673  ANGLE   =      184.4040  DIHED      =      932.0830
 VDWAALS =    26561.9628  EEL     =  -172997.0698  HBOND      =        0.0000
 1-4 VDW =      256.9882  1-4 EEL =    -3921.7708  RESTRAINT  =        0.0000


   NSTEP       ENERGY          RMS            GMAX         NAME    NUMBER
   2900      -1.3865E+05     5.1125E-02     3.7728E+00     C6        577

 BOND    =    10337.4579  ANGLE   =      184.3623  DIHED      =      932.0558
 VDWAALS =    26562.2697  EEL     =  -172998.6930  HBOND      =        0.0000
 1-4 VDW =      256.9985  1-4 EEL =    -3921.7399  RESTRAINT  =        0.0000


   NSTEP       ENERGY          RMS            GMAX         NAME    NUMBER
   2950      -1.3865E+05     7.2250E-02     5.3280E+00     C6        577

 BOND    =    10337.6298  ANGLE   =      184.3416  DIHED      =      932.0284
 VDWAALS =    26562.5311  EEL     =  -173000.2974  HBOND      =        0.0000
 1-4 VDW =      257.0040  1-4 EEL =    -3921.7126  RESTRAINT  =        0.0000


   NSTEP       ENERGY          RMS            GMAX         NAME    NUMBER
   3000      -1.3865E+05     2.0087E-02     7.6486E-01     H1      19583

 BOND    =    10337.4210  ANGLE   =      184.5703  DIHED      =      932.0007
 VDWAALS =    26562.7729  EEL     =  -173001.6554  HBOND      =        0.0000
 1-4 VDW =      256.9414  1-4 EEL =    -3921.7521  RESTRAINT  =        0.0000


   NSTEP       ENERGY          RMS            GMAX         NAME    NUMBER
   3050      -1.3865E+05     6.1390E-02     3.8337E+00     C6        577

 BOND    =    10337.3766  ANGLE   =      184.7466  DIHED      =      931.9726
 VDWAALS =    26562.9721  EEL     =  -173003.0978  HBOND      =        0.0000
 1-4 VDW =      256.9005  1-4 EEL =    -3921.7750  RESTRAINT  =        0.0000


   NSTEP       ENERGY          RMS            GMAX         NAME    NUMBER
   3100      -1.3865E+05     1.9567E-02     8.9927E-01     H1      19583

 BOND    =    10337.5917  ANGLE   =      184.6151  DIHED      =      931.9440
 VDWAALS =    26563.1134  EEL     =  -173004.7083  HBOND      =        0.0000
 1-4 VDW =      256.9270  1-4 EEL =    -3921.7235  RESTRAINT  =        0.0000


   NSTEP       ENERGY          RMS            GMAX         NAME    NUMBER
   3150      -1.3865E+05     5.0563E-02     1.7516E+00     H2       3339

 BOND    =    10337.7908  ANGLE   =      184.6435  DIHED      =      931.9122
 VDWAALS =    26563.2422  EEL     =  -173006.4807  HBOND      =        0.0000
 1-4 VDW =      256.9167  1-4 EEL =    -3921.7093  RESTRAINT  =        0.0000


   NSTEP       ENERGY          RMS            GMAX         NAME    NUMBER
   3200      -1.3866E+05     6.9807E-02     2.6135E+00     H2       3339

 BOND    =    10338.0610  ANGLE   =      184.6783  DIHED      =      931.8801
 VDWAALS =    26563.3410  EEL     =  -173008.2559  HBOND      =        0.0000
 1-4 VDW =      256.9065  1-4 EEL =    -3921.6970  RESTRAINT  =        0.0000


   NSTEP       ENERGY          RMS            GMAX         NAME    NUMBER
   3250      -1.3866E+05     2.0837E-02     9.3534E-01     H1      19583

 BOND    =    10337.7928  ANGLE   =      184.7126  DIHED      =      931.8489
 VDWAALS =    26563.4237  EEL     =  -173009.5711  HBOND      =        0.0000
 1-4 VDW =      256.8985  1-4 EEL =    -3921.6826  RESTRAINT  =        0.0000


   NSTEP       ENERGY          RMS            GMAX         NAME    NUMBER
   3300      -1.3866E+05     6.0559E-02     1.9587E+00     H2       3339

 BOND    =    10337.4400  ANGLE   =      184.7480  DIHED      =      931.8169
 VDWAALS =    26563.4976  EEL     =  -173010.7960  HBOND      =        0.0000
 1-4 VDW =      256.8941  1-4 EEL =    -3921.6619  RESTRAINT  =        0.0000


   NSTEP       ENERGY          RMS            GMAX         NAME    NUMBER
   3350      -1.3866E+05     2.0812E-02     9.6752E-01     H1      19748

 BOND    =    10338.0688  ANGLE   =      184.7760  DIHED      =      931.7852
 VDWAALS =    26563.5751  EEL     =  -173012.9650  HBOND      =        0.0000
 1-4 VDW =      256.8792  1-4 EEL =    -3921.6567  RESTRAINT  =        0.0000


   NSTEP       ENERGY          RMS            GMAX         NAME    NUMBER
   3400      -1.3866E+05     2.8608E-02     1.4881E+00     P         560

 BOND    =    10338.1488  ANGLE   =      184.8090  DIHED      =      931.7497
 VDWAALS =    26563.6503  EEL     =  -173014.6325  HBOND      =        0.0000
 1-4 VDW =      256.8632  1-4 EEL =    -3921.6533  RESTRAINT  =        0.0000


   NSTEP       ENERGY          RMS            GMAX         NAME    NUMBER
   3450      -1.3866E+05     6.6688E-02     5.5315E+00     C4       1024

 BOND    =    10338.2597  ANGLE   =      184.8646  DIHED      =      931.7144
 VDWAALS =    26563.7190  EEL     =  -173016.2498  HBOND      =        0.0000
 1-4 VDW =      256.8463  1-4 EEL =    -3921.6812  RESTRAINT  =        0.0000


   NSTEP       ENERGY          RMS            GMAX         NAME    NUMBER
   3500      -1.3866E+05     2.5226E-02     1.6004E+00     C4       1024

 BOND    =    10338.3233  ANGLE   =      184.8752  DIHED      =      931.6794
 VDWAALS =    26563.7473  EEL     =  -173018.0355  HBOND      =        0.0000
 1-4 VDW =      256.8496  1-4 EEL =    -3921.5955  RESTRAINT  =        0.0000


   NSTEP       ENERGY          RMS            GMAX         NAME    NUMBER
   3550      -1.3867E+05     6.0579E-02     6.3784E+00     C4       1024

 BOND    =    10338.5352  ANGLE   =      184.8670  DIHED      =      931.6428
 VDWAALS =    26563.7787  EEL     =  -173019.7407  HBOND      =        0.0000
 1-4 VDW =      256.8419  1-4 EEL =    -3921.5368  RESTRAINT  =        0.0000


   NSTEP       ENERGY          RMS            GMAX         NAME    NUMBER
   3600      -1.3867E+05     2.4164E-02     1.6547E+00     C4       1024

 BOND    =    10338.5225  ANGLE   =      184.9551  DIHED      =      931.6083
 VDWAALS =    26563.8411  EEL     =  -173021.3043  HBOND      =        0.0000
 1-4 VDW =      256.8340  1-4 EEL =    -3921.5895  RESTRAINT  =        0.0000


   NSTEP       ENERGY          RMS            GMAX         NAME    NUMBER
   3650      -1.3867E+05     4.9738E-02     5.2029E+00     C4       1024

 BOND    =    10338.6510  ANGLE   =      184.9998  DIHED      =      931.5716
 VDWAALS =    26563.9228  EEL     =  -173022.9171  HBOND      =        0.0000
 1-4 VDW =      256.8334  1-4 EEL =    -3921.5958  RESTRAINT  =        0.0000


   NSTEP       ENERGY          RMS            GMAX         NAME    NUMBER
   3700      -1.3867E+05     2.1593E-02     1.1416E+00     C4       1024

 BOND    =    10338.7932  ANGLE   =      184.9961  DIHED      =      931.5360
 VDWAALS =    26564.0064  EEL     =  -173024.5666  HBOND      =        0.0000
 1-4 VDW =      256.8139  1-4 EEL =    -3921.5335  RESTRAINT  =        0.0000


   NSTEP       ENERGY          RMS            GMAX         NAME    NUMBER
   3750      -1.3867E+05     3.8724E-02     2.8107E+00     C4       1024

 BOND    =    10338.9022  ANGLE   =      185.0675  DIHED      =      931.4991
 VDWAALS =    26564.1208  EEL     =  -173026.2544  HBOND      =        0.0000
 1-4 VDW =      256.7908  1-4 EEL =    -3921.5122  RESTRAINT  =        0.0000


   NSTEP       ENERGY          RMS            GMAX         NAME    NUMBER
   3800      -1.3867E+05     6.0260E-02     6.1514E+00     C4       1024

 BOND    =    10339.1992  ANGLE   =      184.9741  DIHED      =      931.4611
 VDWAALS =    26564.2278  EEL     =  -173027.8869  HBOND      =        0.0000
 1-4 VDW =      256.8008  1-4 EEL =    -3921.4526  RESTRAINT  =        0.0000


   NSTEP       ENERGY          RMS            GMAX         NAME    NUMBER
   3850      -1.3867E+05     3.1569E-02     2.8657E+00     C4       1024

 BOND    =    10339.1526  ANGLE   =      185.1310  DIHED      =      931.4261
 VDWAALS =    26564.3808  EEL     =  -173029.4704  HBOND      =        0.0000
 1-4 VDW =      256.7923  1-4 EEL =    -3921.5130  RESTRAINT  =        0.0000


   NSTEP       ENERGY          RMS            GMAX         NAME    NUMBER
   3900      -1.3868E+05     5.6367E-02     5.9289E+00     C4       1024

 BOND    =    10339.3313  ANGLE   =      185.1497  DIHED      =      931.3882
 VDWAALS =    26564.5348  EEL     =  -173031.0957  HBOND      =        0.0000
 1-4 VDW =      256.7980  1-4 EEL =    -3921.5107  RESTRAINT  =        0.0000


   NSTEP       ENERGY          RMS            GMAX         NAME    NUMBER
   3950      -1.3868E+05     2.2886E-02     1.4425E+00     C4       1024

 BOND    =    10339.4914  ANGLE   =      185.1432  DIHED      =      931.3496
 VDWAALS =    26564.7033  EEL     =  -173032.8300  HBOND      =        0.0000
 1-4 VDW =      256.7720  1-4 EEL =    -3921.4422  RESTRAINT  =        0.0000


   NSTEP       ENERGY          RMS            GMAX         NAME    NUMBER
   4000      -1.3868E+05     4.5448E-02     4.6107E+00     C4       1024

 BOND    =    10339.7013  ANGLE   =      185.1502  DIHED      =      931.3093
 VDWAALS =    26564.8950  EEL     =  -173034.6642  HBOND      =        0.0000
 1-4 VDW =      256.7596  1-4 EEL =    -3921.3995  RESTRAINT  =        0.0000


   NSTEP       ENERGY          RMS            GMAX         NAME    NUMBER
   4050      -1.3868E+05     6.6756E-02     6.4058E+00     C4       1024

 BOND    =    10339.9846  ANGLE   =      185.1059  DIHED      =      931.2672
 VDWAALS =    26565.0882  EEL     =  -173036.5138  HBOND      =        0.0000
 1-4 VDW =      256.7657  1-4 EEL =    -3921.3564  RESTRAINT  =        0.0000


   NSTEP       ENERGY          RMS            GMAX         NAME    NUMBER
   4100      -1.3868E+05     2.0154E-02     8.7230E-01     H1       6050

 BOND    =    10339.9569  ANGLE   =      185.2419  DIHED      =      931.2302
 VDWAALS =    26565.2901  EEL     =  -173038.1970  HBOND      =        0.0000
 1-4 VDW =      256.7518  1-4 EEL =    -3921.3965  RESTRAINT  =        0.0000


   NSTEP       ENERGY          RMS            GMAX         NAME    NUMBER
   4150      -1.3868E+05     5.4770E-02     4.9783E+00     C4       1024

 BOND    =    10340.1328  ANGLE   =      185.2944  DIHED      =      931.1883
 VDWAALS =    26565.4985  EEL     =  -173040.1307  HBOND      =        0.0000
 1-4 VDW =      256.7500  1-4 EEL =    -3921.4002  RESTRAINT  =        0.0000


   NSTEP       ENERGY          RMS            GMAX         NAME    NUMBER
   4200      -1.3868E+05     2.4169E-02     1.2519E+00     C4       1024

 BOND    =    10340.3295  ANGLE   =      185.2823  DIHED      =      931.1468
 VDWAALS =    26565.6903  EEL     =  -173041.9987  HBOND      =        0.0000
 1-4 VDW =      256.7348  1-4 EEL =    -3921.3432  RESTRAINT  =        0.0000


   NSTEP       ENERGY          RMS            GMAX         NAME    NUMBER
   4250      -1.3869E+05     3.2382E-02     2.2229E+00     C4       1024

 BOND    =    10340.5263  ANGLE   =      185.2932  DIHED      =      931.1057
 VDWAALS =    26565.8832  EEL     =  -173043.8417  HBOND      =        0.0000
 1-4 VDW =      256.7290  1-4 EEL =    -3921.3165  RESTRAINT  =        0.0000


   NSTEP       ENERGY          RMS            GMAX         NAME    NUMBER
   4300      -1.3869E+05     6.8560E-02     5.4773E+00     C4       1024

 BOND    =    10340.7584  ANGLE   =      185.3404  DIHED      =      931.0641
 VDWAALS =    26566.1101  EEL     =  -173045.7613  HBOND      =        0.0000
 1-4 VDW =      256.7132  1-4 EEL =    -3921.2832  RESTRAINT  =        0.0000


   NSTEP       ENERGY          RMS            GMAX         NAME    NUMBER
   4350      -1.3869E+05     3.4905E-02     2.3414E+00     C6        735

 BOND    =    10340.8083  ANGLE   =      185.3937  DIHED      =      931.0248
 VDWAALS =    26566.3470  EEL     =  -173047.6042  HBOND      =        0.0000
 1-4 VDW =      256.7112  1-4 EEL =    -3921.3023  RESTRAINT  =        0.0000


   NSTEP       ENERGY          RMS            GMAX         NAME    NUMBER
   4400      -1.3869E+05     4.3426E-02     3.0940E+00     C6        735

 BOND    =    10340.9547  ANGLE   =      185.4636  DIHED      =      930.9842
 VDWAALS =    26566.6432  EEL     =  -173049.5258  HBOND      =        0.0000
 1-4 VDW =      256.6953  1-4 EEL =    -3921.2918  RESTRAINT  =        0.0000


   NSTEP       ENERGY          RMS            GMAX         NAME    NUMBER
   4450      -1.3869E+05     9.5260E-02     6.3608E+00     C6        991

 BOND    =    10340.9775  ANGLE   =      185.7555  DIHED      =      930.9431
 VDWAALS =    26567.0484  EEL     =  -173051.4621  HBOND      =        0.0000
 1-4 VDW =      256.6382  1-4 EEL =    -3921.3103  RESTRAINT  =        0.0000


   NSTEP       ENERGY          RMS            GMAX         NAME    NUMBER
   4500      -1.3869E+05     5.0713E-02     4.1481E+00     C6        735

 BOND    =    10341.4089  ANGLE   =      185.4690  DIHED      =      930.8998
 VDWAALS =    26567.4502  EEL     =  -173053.6320  HBOND      =        0.0000
 1-4 VDW =      256.6843  1-4 EEL =    -3921.2136  RESTRAINT  =        0.0000


   NSTEP       ENERGY          RMS            GMAX         NAME    NUMBER
   4550      -1.3869E+05     7.5258E-02     5.4340E+00     C6        735

 BOND    =    10341.5337  ANGLE   =      185.6164  DIHED      =      930.8577
 VDWAALS =    26567.9886  EEL     =  -173055.7363  HBOND      =        0.0000
 1-4 VDW =      256.6552  1-4 EEL =    -3921.2047  RESTRAINT  =        0.0000


   NSTEP       ENERGY          RMS            GMAX         NAME    NUMBER
   4600      -1.3870E+05     3.1326E-02     2.3173E+00     C6        735

 BOND    =    10341.7503  ANGLE   =      185.5019  DIHED      =      930.8183
 VDWAALS =    26568.5332  EEL     =  -173057.8306  HBOND      =        0.0000
 1-4 VDW =      256.6744  1-4 EEL =    -3921.1878  RESTRAINT  =        0.0000


   NSTEP       ENERGY          RMS            GMAX         NAME    NUMBER
   4650      -1.3870E+05     6.2982E-02     4.9316E+00     C6        735

 BOND    =    10342.0890  ANGLE   =      185.4110  DIHED      =      930.7781
 VDWAALS =    26569.1402  EEL     =  -173060.0545  HBOND      =        0.0000
 1-4 VDW =      256.6906  1-4 EEL =    -3921.1560  RESTRAINT  =        0.0000


   NSTEP       ENERGY          RMS            GMAX         NAME    NUMBER
   4700      -1.3870E+05     2.1480E-02     1.2954E+00     H1      16109

 BOND    =    10342.1796  ANGLE   =      185.5319  DIHED      =      930.7356
 VDWAALS =    26569.8512  EEL     =  -173062.3715  HBOND      =        0.0000
 1-4 VDW =      256.6634  1-4 EEL =    -3921.1381  RESTRAINT  =        0.0000


   NSTEP       ENERGY          RMS            GMAX         NAME    NUMBER
   4750      -1.3870E+05     5.2376E-02     4.4749E+00     C6        735

 BOND    =    10342.3990  ANGLE   =      185.6065  DIHED      =      930.6930
 VDWAALS =    26570.6168  EEL     =  -173064.8274  HBOND      =        0.0000
 1-4 VDW =      256.6491  1-4 EEL =    -3921.1178  RESTRAINT  =        0.0000


   NSTEP       ENERGY          RMS            GMAX         NAME    NUMBER
   4800      -1.3870E+05     2.1373E-02     1.5886E+00     H1      16109

 BOND    =    10342.6136  ANGLE   =      185.5639  DIHED      =      930.6531
 VDWAALS =    26571.3899  EEL     =  -173067.3196  HBOND      =        0.0000
 1-4 VDW =      256.6511  1-4 EEL =    -3921.0952  RESTRAINT  =        0.0000


   NSTEP       ENERGY          RMS            GMAX         NAME    NUMBER
   4850      -1.3870E+05     2.2809E-02     1.6374E+00     H1      16109

 BOND    =    10342.8183  ANGLE   =      185.6026  DIHED      =      930.6121
 VDWAALS =    26572.2363  EEL     =  -173069.9177  HBOND      =        0.0000
 1-4 VDW =      256.6405  1-4 EEL =    -3921.0773  RESTRAINT  =        0.0000


   NSTEP       ENERGY          RMS            GMAX         NAME    NUMBER
   4900      -1.3870E+05     2.1253E-02     1.5669E+00     H1      16109

 BOND    =    10343.0689  ANGLE   =      185.5988  DIHED      =      930.5724
 VDWAALS =    26573.1015  EEL     =  -173072.5316  HBOND      =        0.0000
 1-4 VDW =      256.6396  1-4 EEL =    -3921.0527  RESTRAINT  =        0.0000


   NSTEP       ENERGY          RMS            GMAX         NAME    NUMBER
   4950      -1.3871E+05     3.2579E-02     2.2503E+00     C6        991

 BOND    =    10343.3593  ANGLE   =      185.5433  DIHED      =      930.5341
 VDWAALS =    26573.9839  EEL     =  -173075.1356  HBOND      =        0.0000
 1-4 VDW =      256.6485  1-4 EEL =    -3921.0201  RESTRAINT  =        0.0000


   NSTEP       ENERGY          RMS            GMAX         NAME    NUMBER
   5000      -1.3871E+05     6.8370E-02     6.0645E+00     C6        991

 BOND    =    10343.7356  ANGLE   =      185.4248  DIHED      =      930.4978
 VDWAALS =    26574.8539  EEL     =  -173077.6899  HBOND      =        0.0000
 1-4 VDW =      256.6709  1-4 EEL =    -3920.9831  RESTRAINT  =        0.0000


   NSTEP       ENERGY          RMS            GMAX         NAME    NUMBER
   5050      -1.3873E+05     8.2162E-02     8.4853E+00     H2       4209

 BOND    =    10345.8027  ANGLE   =      185.9747  DIHED      =      929.8483
 VDWAALS =    26588.3222  EEL     =  -173115.0516  HBOND      =        0.0000
 1-4 VDW =      256.4740  1-4 EEL =    -3920.5725  RESTRAINT  =        0.0000


   NSTEP       ENERGY          RMS            GMAX         NAME    NUMBER
   5100      -1.3874E+05     7.4340E-02     4.8271E+00     H2      15612

 BOND    =    10348.0269  ANGLE   =      185.9345  DIHED      =      929.6105
 VDWAALS =    26589.0612  EEL     =  -173127.2155  HBOND      =        0.0000
 1-4 VDW =      256.4921  1-4 EEL =    -3920.3428  RESTRAINT  =        0.0000


   NSTEP       ENERGY          RMS            GMAX         NAME    NUMBER
   5150      -1.3875E+05     5.6153E-02     2.0888E+00     N9        986

 BOND    =    10349.1560  ANGLE   =      186.1115  DIHED      =      929.3053
 VDWAALS =    26593.2237  EEL     =  -173142.6840  HBOND      =        0.0000
 1-4 VDW =      256.4756  1-4 EEL =    -3920.4054  RESTRAINT  =        0.0000


   NSTEP       ENERGY          RMS            GMAX         NAME    NUMBER
   5200      -1.3876E+05     1.0589E-01     7.3225E+00     C4       1024

 BOND    =    10350.9016  ANGLE   =      185.9726  DIHED      =      928.8733
 VDWAALS =    26604.0637  EEL     =  -173168.7754  HBOND      =        0.0000
 1-4 VDW =      256.4974  1-4 EEL =    -3920.0259  RESTRAINT  =        0.0000


   NSTEP       ENERGY          RMS            GMAX         NAME    NUMBER
   5250      -1.3877E+05     6.9688E-02     2.6045E+00     H2''      907

 BOND    =    10351.0461  ANGLE   =      185.9743  DIHED      =      928.3488
 VDWAALS =    26612.3011  EEL     =  -173186.9866  HBOND      =        0.0000
 1-4 VDW =      256.2894  1-4 EEL =    -3919.5441  RESTRAINT  =        0.0000


   NSTEP       ENERGY          RMS            GMAX         NAME    NUMBER
   5300      -1.3878E+05     8.9044E-02     3.1672E+00     P         974

 BOND    =    10351.9593  ANGLE   =      185.9142  DIHED      =      927.9797
 VDWAALS =    26616.0216  EEL     =  -173198.6511  HBOND      =        0.0000
 1-4 VDW =      256.3652  1-4 EEL =    -3919.5263  RESTRAINT  =        0.0000


   NSTEP       ENERGY          RMS            GMAX         NAME    NUMBER
   5350      -1.3879E+05     5.8473E-02     2.4306E+00     C6       1020

 BOND    =    10353.2670  ANGLE   =      186.1980  DIHED      =      927.6085
 VDWAALS =    26620.4445  EEL     =  -173210.3663  HBOND      =        0.0000
 1-4 VDW =      256.3578  1-4 EEL =    -3919.5408  RESTRAINT  =        0.0000


   NSTEP       ENERGY          RMS            GMAX         NAME    NUMBER
   5400      -1.3879E+05     4.9312E-02     2.2331E+00     C2       1059

 BOND    =    10355.0553  ANGLE   =      186.3603  DIHED      =      927.1895
 VDWAALS =    26625.4725  EEL     =  -173223.9647  HBOND      =        0.0000
 1-4 VDW =      256.3746  1-4 EEL =    -3919.5270  RESTRAINT  =        0.0000


   NSTEP       ENERGY          RMS            GMAX         NAME    NUMBER
   5450      -1.3880E+05     7.6454E-02     4.0335E+00     H1       3383

 BOND    =    10356.8165  ANGLE   =      186.4730  DIHED      =      926.8951
 VDWAALS =    26629.3893  EEL     =  -173237.4666  HBOND      =        0.0000
 1-4 VDW =      256.3730  1-4 EEL =    -3919.3743  RESTRAINT  =        0.0000


   NSTEP       ENERGY          RMS            GMAX         NAME    NUMBER
   5500      -1.3881E+05     5.3447E-02     1.7383E+00     C2         23

 BOND    =    10356.2909  ANGLE   =      186.5424  DIHED      =      926.6433
 VDWAALS =    26632.1650  EEL     =  -173247.8633  HBOND      =        0.0000
 1-4 VDW =      256.4432  1-4 EEL =    -3919.5021  RESTRAINT  =        0.0000


   NSTEP       ENERGY          RMS            GMAX         NAME    NUMBER
   5550      -1.3882E+05     4.6663E-02     1.7306E+00     P         974

 BOND    =    10359.1901  ANGLE   =      186.8000  DIHED      =      926.4872
 VDWAALS =    26638.4876  EEL     =  -173269.7174  HBOND      =        0.0000
 1-4 VDW =      256.5437  1-4 EEL =    -3919.4219  RESTRAINT  =        0.0000


   NSTEP       ENERGY          RMS            GMAX         NAME    NUMBER
   5600      -1.3883E+05     5.2075E-02     2.5018E+00     O        3382

 BOND    =    10361.3404  ANGLE   =      186.6842  DIHED      =      926.4970
 VDWAALS =    26649.1112  EEL     =  -173293.5730  HBOND      =        0.0000
 1-4 VDW =      256.4355  1-4 EEL =    -3919.1723  RESTRAINT  =        0.0000


   NSTEP       ENERGY          RMS            GMAX         NAME    NUMBER
   5650      -1.3884E+05     4.1236E-02     1.9375E+00     C2         23

 BOND    =    10362.4028  ANGLE   =      186.7933  DIHED      =      926.4384
 VDWAALS =    26654.6948  EEL     =  -173306.6750  HBOND      =        0.0000
 1-4 VDW =      256.3422  1-4 EEL =    -3919.2842  RESTRAINT  =        0.0000


   NSTEP       ENERGY          RMS            GMAX         NAME    NUMBER
   5700      -1.3885E+05     4.1188E-02     2.6238E+00     C2         23

 BOND    =    10363.9063  ANGLE   =      186.7448  DIHED      =      926.3011
 VDWAALS =    26660.0230  EEL     =  -173320.2456  HBOND      =        0.0000
 1-4 VDW =      256.3446  1-4 EEL =    -3919.3853  RESTRAINT  =        0.0000


   NSTEP       ENERGY          RMS            GMAX         NAME    NUMBER
   5750      -1.3886E+05     4.7542E-02     2.3458E+00     C6        991

 BOND    =    10364.6320  ANGLE   =      186.3614  DIHED      =      926.0671
 VDWAALS =    26666.8657  EEL     =  -173336.7144  HBOND      =        0.0000
 1-4 VDW =      256.3521  1-4 EEL =    -3919.4977  RESTRAINT  =        0.0000


   NSTEP       ENERGY          RMS            GMAX         NAME    NUMBER
   5800      -1.3886E+05     6.1000E-02     3.3149E+00     H2       4644

 BOND    =    10366.8646  ANGLE   =      186.1871  DIHED      =      925.9853
 VDWAALS =    26671.5949  EEL     =  -173349.7194  HBOND      =        0.0000
 1-4 VDW =      256.3724  1-4 EEL =    -3919.3694  RESTRAINT  =        0.0000


   NSTEP       ENERGY          RMS            GMAX         NAME    NUMBER
   5850      -1.3887E+05     4.9051E-02     2.6464E+00     C2         23

 BOND    =    10367.3441  ANGLE   =      186.0004  DIHED      =      926.0718
 VDWAALS =    26672.5021  EEL     =  -173355.4109  HBOND      =        0.0000
 1-4 VDW =      256.3951  1-4 EEL =    -3919.3575  RESTRAINT  =        0.0000


   NSTEP       ENERGY          RMS            GMAX         NAME    NUMBER
   5900      -1.3887E+05     4.2767E-02     1.7072E+00     C6       1054

 BOND    =    10366.6500  ANGLE   =      185.9810  DIHED      =      925.8826
 VDWAALS =    26674.1864  EEL     =  -173359.7276  HBOND      =        0.0000
 1-4 VDW =      256.4659  1-4 EEL =    -3919.5870  RESTRAINT  =        0.0000


   NSTEP       ENERGY          RMS            GMAX         NAME    NUMBER
   5950      -1.3887E+05     4.3791E-02     1.4288E+00     O4'       886

 BOND    =    10367.5406  ANGLE   =      185.8305  DIHED      =      925.9122
 VDWAALS =    26677.1997  EEL     =  -173367.6979  HBOND      =        0.0000
 1-4 VDW =      256.4468  1-4 EEL =    -3919.5128  RESTRAINT  =        0.0000


   NSTEP       ENERGY          RMS            GMAX         NAME    NUMBER
   6000      -1.3888E+05     2.7642E-01     2.2614E+01     H1      29306

 BOND    =    10373.7873  ANGLE   =      185.1856  DIHED      =      925.6734
 VDWAALS =    26701.6957  EEL     =  -173408.1751  HBOND      =        0.0000
 1-4 VDW =      256.7832  1-4 EEL =    -3919.5372  RESTRAINT  =        0.0000


   NSTEP       ENERGY          RMS            GMAX         NAME    NUMBER
   6050      -1.3890E+05     8.8965E-02     3.7619E+00     O       12694

 BOND    =    10373.0167  ANGLE   =      185.4141  DIHED      =      925.5356
 VDWAALS =    26700.3355  EEL     =  -173416.6115  HBOND      =        0.0000
 1-4 VDW =      256.6377  1-4 EEL =    -3919.9599  RESTRAINT  =        0.0000


   NSTEP       ENERGY          RMS            GMAX         NAME    NUMBER
   6100      -1.3890E+05     9.2193E-02     3.8244E+00     O       12694

 BOND    =    10374.0169  ANGLE   =      185.3338  DIHED      =      925.5559
 VDWAALS =    26705.1343  EEL     =  -173428.1399  HBOND      =        0.0000
 1-4 VDW =      256.6852  1-4 EEL =    -3919.9075  RESTRAINT  =        0.0000


   NSTEP       ENERGY          RMS            GMAX         NAME    NUMBER
   6150      -1.3891E+05     9.2087E-02     3.7216E+00     O       12694

 BOND    =    10374.6629  ANGLE   =      185.3823  DIHED      =      925.5474
 VDWAALS =    26710.7971  EEL     =  -173440.4087  HBOND      =        0.0000
 1-4 VDW =      256.6401  1-4 EEL =    -3919.7931  RESTRAINT  =        0.0000


   NSTEP       ENERGY          RMS            GMAX         NAME    NUMBER
   6200      -1.3891E+05     8.9218E-02     3.2688E+00     O3'       908

 BOND    =    10376.2917  ANGLE   =      185.3154  DIHED      =      925.5233
 VDWAALS =    26717.9614  EEL     =  -173455.2542  HBOND      =        0.0000
 1-4 VDW =      256.6840  1-4 EEL =    -3919.9158  RESTRAINT  =        0.0000


   NSTEP       ENERGY          RMS            GMAX         NAME    NUMBER
   6250      -1.3892E+05     1.0982E-01     7.5440E+00     C2'       905

 BOND    =    10378.1215  ANGLE   =      185.3528  DIHED      =      925.5146
 VDWAALS =    26726.4581  EEL     =  -173471.6103  HBOND      =        0.0000
 1-4 VDW =      256.7316  1-4 EEL =    -3920.0759  RESTRAINT  =        0.0000


   NSTEP       ENERGY          RMS            GMAX         NAME    NUMBER
   6300      -1.3892E+05     8.5299E-02     3.4146E+00     O       12694

 BOND    =    10379.6688  ANGLE   =      185.0109  DIHED      =      925.4563
 VDWAALS =    26731.6804  EEL     =  -173482.3446  HBOND      =        0.0000
 1-4 VDW =      256.7654  1-4 EEL =    -3920.0657  RESTRAINT  =        0.0000


   NSTEP       ENERGY          RMS            GMAX         NAME    NUMBER
   6350      -1.3893E+05     1.0059E-01     7.1617E+00     O       12694

 BOND    =    10381.2781  ANGLE   =      184.9333  DIHED      =      925.6005
 VDWAALS =    26738.6030  EEL     =  -173495.4936  HBOND      =        0.0000
 1-4 VDW =      256.7613  1-4 EEL =    -3919.9413  RESTRAINT  =        0.0000


   NSTEP       ENERGY          RMS            GMAX         NAME    NUMBER
   6400      -1.3893E+05     1.4779E-01     6.8635E+00     N9        986

 BOND    =    10382.6857  ANGLE   =      184.9004  DIHED      =      926.0260
 VDWAALS =    26743.6364  EEL     =  -173504.7028  HBOND      =        0.0000
 1-4 VDW =      256.7844  1-4 EEL =    -3920.0383  RESTRAINT  =        0.0000


   NSTEP       ENERGY          RMS            GMAX         NAME    NUMBER
   6450      -1.3893E+05     5.8936E-02     2.2791E+00     C2        274

 BOND    =    10383.7305  ANGLE   =      184.6258  DIHED      =      925.8126
 VDWAALS =    26746.7255  EEL     =  -173510.8275  HBOND      =        0.0000
 1-4 VDW =      256.8129  1-4 EEL =    -3920.0337  RESTRAINT  =        0.0000


   NSTEP       ENERGY          RMS            GMAX         NAME    NUMBER
   6500      -1.3894E+05     3.1643E-02     1.1307E+00     H1      11552

 BOND    =    10383.0672  ANGLE   =      184.6191  DIHED      =      925.5497
 VDWAALS =    26749.1400  EEL     =  -173514.7530  HBOND      =        0.0000
 1-4 VDW =      256.8449  1-4 EEL =    -3920.0640  RESTRAINT  =        0.0000


   NSTEP       ENERGY          RMS            GMAX         NAME    NUMBER
   6550      -1.3894E+05     1.3376E-01     1.5744E+01     H2      11553

 BOND    =    10383.8094  ANGLE   =      184.4229  DIHED      =      925.6695
 VDWAALS =    26753.9552  EEL     =  -173527.5672  HBOND      =        0.0000
 1-4 VDW =      256.9811  1-4 EEL =    -3919.9383  RESTRAINT  =        0.0000


   NSTEP       ENERGY          RMS            GMAX         NAME    NUMBER
   6600      -1.3895E+05     1.1136E-01     7.2424E+00     O       11551

 BOND    =    10384.9726  ANGLE   =      184.4541  DIHED      =      925.7900
 VDWAALS =    26755.7685  EEL     =  -173535.1951  HBOND      =        0.0000
 1-4 VDW =      256.9211  1-4 EEL =    -3920.0090  RESTRAINT  =        0.0000


   NSTEP       ENERGY          RMS            GMAX         NAME    NUMBER
   6650      -1.3895E+05     8.7779E-02     5.6216E+00     H1      11552

 BOND    =    10386.7472  ANGLE   =      184.1487  DIHED      =      925.8864
 VDWAALS =    26758.4198  EEL     =  -173544.0430  HBOND      =        0.0000
 1-4 VDW =      256.9872  1-4 EEL =    -3919.9767  RESTRAINT  =        0.0000


   NSTEP       ENERGY          RMS            GMAX         NAME    NUMBER
   6700      -1.3896E+05     1.7039E-01     1.3499E+01     H1      18710

 BOND    =    10389.1920  ANGLE   =      184.3694  DIHED      =      925.9586
 VDWAALS =    26767.3071  EEL     =  -173562.6281  HBOND      =        0.0000
 1-4 VDW =      256.9186  1-4 EEL =    -3920.0237  RESTRAINT  =        0.0000


   NSTEP       ENERGY          RMS            GMAX         NAME    NUMBER
   6750      -1.3896E+05     2.8935E-02     1.7885E+00     H2       2277

 BOND    =    10388.5755  ANGLE   =      184.1512  DIHED      =      925.5052
 VDWAALS =    26770.8452  EEL     =  -173569.7533  HBOND      =        0.0000
 1-4 VDW =      257.0237  1-4 EEL =    -3919.8682  RESTRAINT  =        0.0000


   NSTEP       ENERGY          RMS            GMAX         NAME    NUMBER
   6800      -1.3897E+05     3.8408E-02     2.6559E+00     H2       2277

 BOND    =    10389.9146  ANGLE   =      184.1096  DIHED      =      925.4967
 VDWAALS =    26773.0505  EEL     =  -173575.7184  HBOND      =        0.0000
 1-4 VDW =      257.0287  1-4 EEL =    -3919.9174  RESTRAINT  =        0.0000


   NSTEP       ENERGY          RMS            GMAX         NAME    NUMBER
   6850      -1.3897E+05     5.2604E-02     2.7818E+00     N1         11

 BOND    =    10391.0973  ANGLE   =      183.8425  DIHED      =      925.5387
 VDWAALS =    26779.4375  EEL     =  -173591.3661  HBOND      =        0.0000
 1-4 VDW =      257.0952  1-4 EEL =    -3919.7266  RESTRAINT  =        0.0000


   NSTEP       ENERGY          RMS            GMAX         NAME    NUMBER
   6900      -1.3898E+05     4.3096E-02     1.6839E+00     O2         24

 BOND    =    10392.4083  ANGLE   =      183.8128  DIHED      =      925.5352
 VDWAALS =    26780.0292  EEL     =  -173596.7842  HBOND      =        0.0000
 1-4 VDW =      257.1320  1-4 EEL =    -3919.6729  RESTRAINT  =        0.0000


   NSTEP       ENERGY          RMS            GMAX         NAME    NUMBER
   6950      -1.3899E+05     1.7680E-01     1.9511E+01     H1      20627

 BOND    =    10393.7918  ANGLE   =      183.7537  DIHED      =      925.5177
 VDWAALS =    26784.9099  EEL     =  -173613.2623  HBOND      =        0.0000
 1-4 VDW =      257.2358  1-4 EEL =    -3919.5470  RESTRAINT  =        0.0000


   NSTEP       ENERGY          RMS            GMAX         NAME    NUMBER
   7000      -1.3900E+05     8.4645E-02     6.4166E+00     O       20626

 BOND    =    10395.1917  ANGLE   =      183.6397  DIHED      =      925.5075
 VDWAALS =    26788.7237  EEL     =  -173626.1857  HBOND      =        0.0000
 1-4 VDW =      257.2209  1-4 EEL =    -3919.5987  RESTRAINT  =        0.0000


   NSTEP       ENERGY          RMS            GMAX         NAME    NUMBER
   7050      -1.3900E+05     6.7485E-02     4.3614E+00     O       20626

 BOND    =    10395.7966  ANGLE   =      183.6600  DIHED      =      925.5369
 VDWAALS =    26791.6619  EEL     =  -173633.9318  HBOND      =        0.0000
 1-4 VDW =      257.2015  1-4 EEL =    -3919.5544  RESTRAINT  =        0.0000


   NSTEP       ENERGY          RMS            GMAX         NAME    NUMBER
   7100      -1.3901E+05     2.9415E-01     4.9636E+01     H2      18618

 BOND    =    10400.7574  ANGLE   =      183.6754  DIHED      =      925.4342
 VDWAALS =    26796.2373  EEL     =  -173650.6304  HBOND      =        0.0000
 1-4 VDW =      257.2373  1-4 EEL =    -3919.4376  RESTRAINT  =        0.0000


   NSTEP       ENERGY          RMS            GMAX         NAME    NUMBER
   7150      -1.3902E+05     7.5310E-02     4.3667E+00     H2      20628

 BOND    =    10398.5827  ANGLE   =      183.5935  DIHED      =      925.4781
 VDWAALS =    26800.4589  EEL     =  -173661.0170  HBOND      =        0.0000
 1-4 VDW =      257.1783  1-4 EEL =    -3919.4760  RESTRAINT  =        0.0000

     .... RESTARTED DUE TO LINMIN FAILURE ...


   NSTEP       ENERGY          RMS            GMAX         NAME    NUMBER
   7200      -1.3902E+05     4.4112E-02     1.7499E+00     O5'       501

 BOND    =    10398.2858  ANGLE   =      183.8088  DIHED      =      925.5119
 VDWAALS =    26800.9555  EEL     =  -173663.6623  HBOND      =        0.0000
 1-4 VDW =      257.1213  1-4 EEL =    -3919.6428  RESTRAINT  =        0.0000


   NSTEP       ENERGY          RMS            GMAX         NAME    NUMBER
   7250      -1.3902E+05     4.0355E-02     1.8026E+00     O2         24

 BOND    =    10399.5850  ANGLE   =      183.5873  DIHED      =      925.4598
 VDWAALS =    26804.0827  EEL     =  -173671.0356  HBOND      =        0.0000
 1-4 VDW =      257.2019  1-4 EEL =    -3919.4366  RESTRAINT  =        0.0000


   NSTEP       ENERGY          RMS            GMAX         NAME    NUMBER
   7300      -1.3902E+05     3.7761E-02     1.8297E+00     N3         21

 BOND    =    10400.2989  ANGLE   =      183.6401  DIHED      =      925.4659
 VDWAALS =    26804.2262  EEL     =  -173672.7287  HBOND      =        0.0000
 1-4 VDW =      257.1414  1-4 EEL =    -3919.5816  RESTRAINT  =        0.0000


   NSTEP       ENERGY          RMS            GMAX         NAME    NUMBER
   7350      -1.3903E+05     3.5063E-02     2.1009E+00     C1'         9

 BOND    =    10400.0058  ANGLE   =      183.4457  DIHED      =      925.3830
 VDWAALS =    26810.3300  EEL     =  -173685.7814  HBOND      =        0.0000
 1-4 VDW =      257.2278  1-4 EEL =    -3919.3570  RESTRAINT  =        0.0000


   NSTEP       ENERGY          RMS            GMAX         NAME    NUMBER
   7400      -1.3903E+05     3.4757E-02     1.4464E+00     C2'       905

 BOND    =    10401.2401  ANGLE   =      183.4618  DIHED      =      925.4108
 VDWAALS =    26810.8131  EEL     =  -173689.5678  HBOND      =        0.0000
 1-4 VDW =      257.1393  1-4 EEL =    -3919.3847  RESTRAINT  =        0.0000


   NSTEP       ENERGY          RMS            GMAX         NAME    NUMBER
   7450      -1.3904E+05     3.9978E-02     2.1887E+00     C7         15

 BOND    =    10401.2794  ANGLE   =      183.4133  DIHED      =      925.4090
 VDWAALS =    26813.6886  EEL     =  -173696.7584  HBOND      =        0.0000
 1-4 VDW =      257.1896  1-4 EEL =    -3919.3177  RESTRAINT  =        0.0000


   NSTEP       ENERGY          RMS            GMAX         NAME    NUMBER
   7500      -1.3904E+05     8.6819E-02     4.5548E+00     C2         23

 BOND    =    10404.4069  ANGLE   =      183.0277  DIHED      =      925.4795
 VDWAALS =    26826.8631  EEL     =  -173721.1793  HBOND      =        0.0000
 1-4 VDW =      257.4049  1-4 EEL =    -3919.3128  RESTRAINT  =        0.0000


   NSTEP       ENERGY          RMS            GMAX         NAME    NUMBER
   7550      -1.3905E+05     1.0459E-01     4.5585E+00     O       27562

 BOND    =    10404.9108  ANGLE   =      183.2816  DIHED      =      925.5172
 VDWAALS =    26832.3289  EEL     =  -173730.3465  HBOND      =        0.0000
 1-4 VDW =      257.2962  1-4 EEL =    -3918.9964  RESTRAINT  =        0.0000


   NSTEP       ENERGY          RMS            GMAX         NAME    NUMBER
   7600      -1.3905E+05     9.2327E-02     4.8657E+00     O       27562

 BOND    =    10407.8251  ANGLE   =      183.0966  DIHED      =      925.4237
 VDWAALS =    26835.7774  EEL     =  -173739.8791  HBOND      =        0.0000
 1-4 VDW =      257.3914  1-4 EEL =    -3919.0429  RESTRAINT  =        0.0000


   NSTEP       ENERGY          RMS            GMAX         NAME    NUMBER
   7650      -1.3906E+05     1.2107E-01     5.1070E+00     O       27562

 BOND    =    10408.8509  ANGLE   =      183.1445  DIHED      =      925.3932
 VDWAALS =    26845.0725  EEL     =  -173757.1288  HBOND      =        0.0000
 1-4 VDW =      257.3754  1-4 EEL =    -3918.7509  RESTRAINT  =        0.0000


   NSTEP       ENERGY          RMS            GMAX         NAME    NUMBER
   7700      -1.3906E+05     1.3943E-01     7.4179E+00     C2'       905

 BOND    =    10409.6390  ANGLE   =      183.0052  DIHED      =      925.5020
 VDWAALS =    26851.1818  EEL     =  -173770.8803  HBOND      =        0.0000
 1-4 VDW =      257.5570  1-4 EEL =    -3918.9066  RESTRAINT  =        0.0000


   NSTEP       ENERGY          RMS            GMAX         NAME    NUMBER
   7750      -1.3907E+05     2.1486E-01     1.5003E+01     C2'       905

 BOND    =    10411.1049  ANGLE   =      183.2195  DIHED      =      925.4616
 VDWAALS =    26856.3127  EEL     =  -173781.6429  HBOND      =        0.0000
 1-4 VDW =      257.6967  1-4 EEL =    -3918.7265  RESTRAINT  =        0.0000


   NSTEP       ENERGY          RMS            GMAX         NAME    NUMBER
   7800      -1.3907E+05     7.4575E-02     5.0589E+00     H1       6608

 BOND    =    10413.8088  ANGLE   =      182.9997  DIHED      =      925.6452
 VDWAALS =    26861.5910  EEL     =  -173794.3081  HBOND      =        0.0000
 1-4 VDW =      257.4752  1-4 EEL =    -3918.7459  RESTRAINT  =        0.0000


   NSTEP       ENERGY          RMS            GMAX         NAME    NUMBER
   7850      -1.3907E+05     7.9847E-02     4.3209E+00     C4'       884

 BOND    =    10413.9594  ANGLE   =      182.9213  DIHED      =      925.6685
 VDWAALS =    26865.1029  EEL     =  -173800.4034  HBOND      =        0.0000
 1-4 VDW =      257.4993  1-4 EEL =    -3918.7921  RESTRAINT  =        0.0000


   NSTEP       ENERGY          RMS            GMAX         NAME    NUMBER
   7900      -1.3908E+05     3.9020E-02     2.1765E+00     O       24898

 BOND    =    10414.4160  ANGLE   =      183.0687  DIHED      =      925.7973
 VDWAALS =    26866.3855  EEL     =  -173804.0989  HBOND      =        0.0000
 1-4 VDW =      257.3557  1-4 EEL =    -3918.9699  RESTRAINT  =        0.0000


   NSTEP       ENERGY          RMS            GMAX         NAME    NUMBER
   7950      -1.3908E+05     5.2255E-02     3.6001E+00     C4'       884

 BOND    =    10416.0635  ANGLE   =      182.8653  DIHED      =      925.9141
 VDWAALS =    26873.6771  EEL     =  -173819.5332  HBOND      =        0.0000
 1-4 VDW =      257.4915  1-4 EEL =    -3918.8154  RESTRAINT  =        0.0000


   NSTEP       ENERGY          RMS            GMAX         NAME    NUMBER
   8000      -1.3909E+05     4.4754E-02     2.1262E+00     C5        576

 BOND    =    10416.0101  ANGLE   =      182.8946  DIHED      =      925.9615
 VDWAALS =    26876.2105  EEL     =  -173825.2854  HBOND      =        0.0000
 1-4 VDW =      257.4585  1-4 EEL =    -3918.6578  RESTRAINT  =        0.0000


   NSTEP       ENERGY          RMS            GMAX         NAME    NUMBER
   8050      -1.3909E+05     3.5030E-02     1.5341E+00     H73        18

 BOND    =    10416.4855  ANGLE   =      182.9198  DIHED      =      925.9804
 VDWAALS =    26878.1450  EEL     =  -173830.3617  HBOND      =        0.0000
 1-4 VDW =      257.5492  1-4 EEL =    -3918.5840  RESTRAINT  =        0.0000


   NSTEP       ENERGY          RMS            GMAX         NAME    NUMBER
   8100      -1.3909E+05     5.3326E-02     2.9352E+00     C2        581

 BOND    =    10417.8191  ANGLE   =      182.8952  DIHED      =      926.1288
 VDWAALS =    26879.2119  EEL     =  -173839.9497  HBOND      =        0.0000
 1-4 VDW =      257.5892  1-4 EEL =    -3918.3905  RESTRAINT  =        0.0000


   NSTEP       ENERGY          RMS            GMAX         NAME    NUMBER
   8150      -1.3910E+05     3.7387E-02     1.3171E+00     O5'       880

 BOND    =    10418.3704  ANGLE   =      182.8625  DIHED      =      926.2264
 VDWAALS =    26880.3706  EEL     =  -173847.6501  HBOND      =        0.0000
 1-4 VDW =      257.6195  1-4 EEL =    -3918.4079  RESTRAINT  =        0.0000


   NSTEP       ENERGY          RMS            GMAX         NAME    NUMBER
   8200      -1.3911E+05     4.3235E-02     2.4753E+00     C6        481

 BOND    =    10419.4489  ANGLE   =      182.9926  DIHED      =      926.3248
 VDWAALS =    26881.9885  EEL     =  -173857.0108  HBOND      =        0.0000
 1-4 VDW =      257.5840  1-4 EEL =    -3918.3083  RESTRAINT  =        0.0000


   NSTEP       ENERGY          RMS            GMAX         NAME    NUMBER
   8250      -1.3911E+05     1.5206E-01     7.3058E+00     C6        577

 BOND    =    10420.4533  ANGLE   =      183.6127  DIHED      =      926.5915
 VDWAALS =    26882.4090  EEL     =  -173863.4493  HBOND      =        0.0000
 1-4 VDW =      257.6249  1-4 EEL =    -3917.8898  RESTRAINT  =        0.0000


   NSTEP       ENERGY          RMS            GMAX         NAME    NUMBER
   8300      -1.3912E+05     1.3628E-01     8.8036E+00     C4'       884

 BOND    =    10421.2003  ANGLE   =      183.1447  DIHED      =      926.5493
 VDWAALS =    26883.8234  EEL     =  -173870.2319  HBOND      =        0.0000
 1-4 VDW =      257.7322  1-4 EEL =    -3918.0975  RESTRAINT  =        0.0000


   NSTEP       ENERGY          RMS            GMAX         NAME    NUMBER
   8350      -1.3912E+05     5.8744E-02     3.6964E+00     C4'       884

 BOND    =    10421.5906  ANGLE   =      183.1634  DIHED      =      926.7108
 VDWAALS =    26885.4084  EEL     =  -173875.7607  HBOND      =        0.0000
 1-4 VDW =      257.5682  1-4 EEL =    -3918.0699  RESTRAINT  =        0.0000


   NSTEP       ENERGY          RMS            GMAX         NAME    NUMBER
   8400      -1.3912E+05     1.4216E-01     8.5910E+00     H2      25023

 BOND    =    10424.6270  ANGLE   =      183.3406  DIHED      =      926.9646
 VDWAALS =    26890.9196  EEL     =  -173889.2066  HBOND      =        0.0000
 1-4 VDW =      257.8842  1-4 EEL =    -3918.6096  RESTRAINT  =        0.0000


   NSTEP       ENERGY          RMS            GMAX         NAME    NUMBER
   8450      -1.3913E+05     1.0267E-01     7.9564E+00     H2      25023

 BOND    =    10423.7061  ANGLE   =      183.2949  DIHED      =      926.9030
 VDWAALS =    26892.8004  EEL     =  -173892.7829  HBOND      =        0.0000
 1-4 VDW =      257.6616  1-4 EEL =    -3918.4153  RESTRAINT  =        0.0000


   NSTEP       ENERGY          RMS            GMAX         NAME    NUMBER
   8500      -1.3913E+05     4.9074E-02     4.2944E+00     C4        739

 BOND    =    10423.5495  ANGLE   =      183.2475  DIHED      =      926.9187
 VDWAALS =    26893.7259  EEL     =  -173895.4851  HBOND      =        0.0000
 1-4 VDW =      257.5793  1-4 EEL =    -3918.2018  RESTRAINT  =        0.0000


   NSTEP       ENERGY          RMS            GMAX         NAME    NUMBER
   8550      -1.3913E+05     2.9058E-02     2.0763E+00     C7         15

 BOND    =    10425.1439  ANGLE   =      183.2344  DIHED      =      926.8876
 VDWAALS =    26898.6424  EEL     =  -173905.4146  HBOND      =        0.0000
 1-4 VDW =      257.5919  1-4 EEL =    -3918.1071  RESTRAINT  =        0.0000


   NSTEP       ENERGY          RMS            GMAX         NAME    NUMBER
   8600      -1.3914E+05     5.3674E-02     2.4257E+00     C2        581

 BOND    =    10427.0828  ANGLE   =      183.3340  DIHED      =      926.8144
 VDWAALS =    26906.2923  EEL     =  -173922.0850  HBOND      =        0.0000
 1-4 VDW =      257.6203  1-4 EEL =    -3917.9633  RESTRAINT  =        0.0000


   NSTEP       ENERGY          RMS            GMAX         NAME    NUMBER
   8650      -1.3914E+05     5.2566E-02     1.9462E+00     H2      30048

 BOND    =    10427.5106  ANGLE   =      183.3231  DIHED      =      926.7685
 VDWAALS =    26910.0018  EEL     =  -173929.2003  HBOND      =        0.0000
 1-4 VDW =      257.6542  1-4 EEL =    -3917.9104  RESTRAINT  =        0.0000


   NSTEP       ENERGY          RMS            GMAX         NAME    NUMBER
   8700      -1.3915E+05     4.3146E-02     2.1659E+00     H72        17

 BOND    =    10428.7851  ANGLE   =      183.3299  DIHED      =      926.6863
 VDWAALS =    26915.3565  EEL     =  -173940.3187  HBOND      =        0.0000
 1-4 VDW =      257.6100  1-4 EEL =    -3917.8977  RESTRAINT  =        0.0000


   NSTEP       ENERGY          RMS            GMAX         NAME    NUMBER
   8750      -1.3915E+05     6.1176E-02     3.0266E+00     H1      15980

 BOND    =    10430.6245  ANGLE   =      183.2726  DIHED      =      926.6160
 VDWAALS =    26923.1145  EEL     =  -173955.4053  HBOND      =        0.0000
 1-4 VDW =      257.6108  1-4 EEL =    -3917.8883  RESTRAINT  =        0.0000

     .... RESTARTED DUE TO LINMIN FAILURE ...


   NSTEP       ENERGY          RMS            GMAX         NAME    NUMBER
   8800      -1.3915E+05     4.5472E-02     2.7125E+00     H2      15981

 BOND    =    10431.4140  ANGLE   =      183.2815  DIHED      =      926.5306
 VDWAALS =    26928.8180  EEL     =  -173964.4966  HBOND      =        0.0000
 1-4 VDW =      257.5253  1-4 EEL =    -3917.8684  RESTRAINT  =        0.0000

     .... RESTARTED DUE TO LINMIN FAILURE ...


   NSTEP       ENERGY          RMS            GMAX         NAME    NUMBER
   8850      -1.3916E+05     1.7448E-02     8.2112E-01     H1      16031

 BOND    =    10431.3990  ANGLE   =      183.2701  DIHED      =      926.4450
 VDWAALS =    26929.0775  EEL     =  -173966.0616  HBOND      =        0.0000
 1-4 VDW =      257.5293  1-4 EEL =    -3917.8522  RESTRAINT  =        0.0000


   NSTEP       ENERGY          RMS            GMAX         NAME    NUMBER
   8900      -1.3916E+05     2.5482E-02     1.2634E+00     H1      16031

 BOND    =    10432.9438  ANGLE   =      183.3171  DIHED      =      926.0532
 VDWAALS =    26937.2975  EEL     =  -173983.2550  HBOND      =        0.0000
 1-4 VDW =      257.3481  1-4 EEL =    -3917.6060  RESTRAINT  =        0.0000


   NSTEP       ENERGY          RMS            GMAX         NAME    NUMBER
   8950      -1.3917E+05     6.3761E-02     4.4915E+00     C7         15

 BOND    =    10433.1896  ANGLE   =      183.3831  DIHED      =      925.8299
 VDWAALS =    26939.2207  EEL     =  -173989.9269  HBOND      =        0.0000
 1-4 VDW =      257.4124  1-4 EEL =    -3917.4519  RESTRAINT  =        0.0000


   NSTEP       ENERGY          RMS            GMAX         NAME    NUMBER
   9000      -1.3917E+05     3.6675E-02     2.7278E+00     C7         15

 BOND    =    10433.5787  ANGLE   =      183.2921  DIHED      =      925.7431
 VDWAALS =    26940.6174  EEL     =  -173993.8474  HBOND      =        0.0000
 1-4 VDW =      257.4832  1-4 EEL =    -3917.4040  RESTRAINT  =        0.0000


   NSTEP       ENERGY          RMS            GMAX         NAME    NUMBER
   9050      -1.3917E+05     8.8241E-02     4.5735E+00     C7         15

 BOND    =    10434.1640  ANGLE   =      183.3904  DIHED      =      925.5967
 VDWAALS =    26941.9653  EEL     =  -173997.3515  HBOND      =        0.0000
 1-4 VDW =      257.5912  1-4 EEL =    -3917.4089  RESTRAINT  =        0.0000


   NSTEP       ENERGY          RMS            GMAX         NAME    NUMBER
   9100      -1.3918E+05     1.8874E-01     1.2226E+01     H2      12849

 BOND    =    10436.5984  ANGLE   =      183.3153  DIHED      =      925.0268
 VDWAALS =    26946.5204  EEL     =  -174007.6629  HBOND      =        0.0000
 1-4 VDW =      257.7054  1-4 EEL =    -3917.1509  RESTRAINT  =        0.0000


   NSTEP       ENERGY          RMS            GMAX         NAME    NUMBER
   9150      -1.3918E+05     1.0707E-01     5.0206E+00     C6         12

 BOND    =    10433.8358  ANGLE   =      183.3575  DIHED      =      924.8933
 VDWAALS =    26946.9764  EEL     =  -174009.2998  HBOND      =        0.0000
 1-4 VDW =      257.6840  1-4 EEL =    -3917.0385  RESTRAINT  =        0.0000


   NSTEP       ENERGY          RMS            GMAX         NAME    NUMBER
   9200      -1.3918E+05     8.8046E-02     3.7052E+00     P         942

 BOND    =    10434.5632  ANGLE   =      183.1741  DIHED      =      924.7950
 VDWAALS =    26948.5526  EEL     =  -174013.7802  HBOND      =        0.0000
 1-4 VDW =      257.5944  1-4 EEL =    -3917.0580  RESTRAINT  =        0.0000


   NSTEP       ENERGY          RMS            GMAX         NAME    NUMBER
   9250      -1.3919E+05     1.4299E-01     6.1995E+00     H2      12522

 BOND    =    10436.8000  ANGLE   =      183.4067  DIHED      =      924.4919
 VDWAALS =    26949.8341  EEL     =  -174021.3040  HBOND      =        0.0000
 1-4 VDW =      257.6927  1-4 EEL =    -3917.0102  RESTRAINT  =        0.0000


   NSTEP       ENERGY          RMS            GMAX         NAME    NUMBER
   9300      -1.3919E+05     7.0567E-02     2.7986E+00     C3'       903

 BOND    =    10436.3867  ANGLE   =      183.0969  DIHED      =      924.3749
 VDWAALS =    26950.5827  EEL     =  -174026.0796  HBOND      =        0.0000
 1-4 VDW =      257.6034  1-4 EEL =    -3916.9113  RESTRAINT  =        0.0000


   NSTEP       ENERGY          RMS            GMAX         NAME    NUMBER
   9350      -1.3919E+05     1.8407E-02     7.4447E-01     H5'       979

 BOND    =    10436.7248  ANGLE   =      183.0075  DIHED      =      924.4462
 VDWAALS =    26950.2123  EEL     =  -174027.5786  HBOND      =        0.0000
 1-4 VDW =      257.5489  1-4 EEL =    -3917.1749  RESTRAINT  =        0.0000


   NSTEP       ENERGY          RMS            GMAX         NAME    NUMBER
   9400      -1.3919E+05     2.5784E-02     1.9865E+00     P         877

 BOND    =    10436.5221  ANGLE   =      182.9999  DIHED      =      924.4397
 VDWAALS =    26950.2474  EEL     =  -174027.6902  HBOND      =        0.0000
 1-4 VDW =      257.5505  1-4 EEL =    -3917.1646  RESTRAINT  =        0.0000


   NSTEP       ENERGY          RMS            GMAX         NAME    NUMBER
   9450      -1.3920E+05     5.5731E-02     4.4448E+00     O        4642

 BOND    =    10437.8842  ANGLE   =      183.0369  DIHED      =      924.1810
 VDWAALS =    26954.7393  EEL     =  -174042.1847  HBOND      =        0.0000
 1-4 VDW =      257.5004  1-4 EEL =    -3917.1151  RESTRAINT  =        0.0000


   NSTEP       ENERGY          RMS            GMAX         NAME    NUMBER
   9500      -1.3920E+05     7.5155E-02     4.0778E+00     P         974

 BOND    =    10437.8341  ANGLE   =      183.1299  DIHED      =      924.0524
 VDWAALS =    26957.0315  EEL     =  -174047.3178  HBOND      =        0.0000
 1-4 VDW =      257.5131  1-4 EEL =    -3917.1014  RESTRAINT  =        0.0000

     .... RESTARTED DUE TO LINMIN FAILURE ...


   NSTEP       ENERGY          RMS            GMAX         NAME    NUMBER
   9550      -1.3921E+05     3.8292E-02     1.7204E+00     P         877

 BOND    =    10438.7500  ANGLE   =      183.1510  DIHED      =      923.9918
 VDWAALS =    26957.0373  EEL     =  -174050.3076  HBOND      =        0.0000
 1-4 VDW =      257.4890  1-4 EEL =    -3917.1339  RESTRAINT  =        0.0000


   NSTEP       ENERGY          RMS            GMAX         NAME    NUMBER
   9600      -1.3921E+05     6.7153E-02     2.8432E+00     C6        610

 BOND    =    10438.6835  ANGLE   =      182.9490  DIHED      =      923.9346
 VDWAALS =    26958.3045  EEL     =  -174052.7325  HBOND      =        0.0000
 1-4 VDW =      257.5808  1-4 EEL =    -3917.0871  RESTRAINT  =        0.0000


   NSTEP       ENERGY          RMS            GMAX         NAME    NUMBER
   9650      -1.3921E+05     3.7625E-02     3.3970E+00     P         877

 BOND    =    10439.0218  ANGLE   =      183.1055  DIHED      =      923.8818
 VDWAALS =    26959.6300  EEL     =  -174055.9762  HBOND      =        0.0000
 1-4 VDW =      257.5232  1-4 EEL =    -3917.0419  RESTRAINT  =        0.0000


   NSTEP       ENERGY          RMS            GMAX         NAME    NUMBER
   9700      -1.3921E+05     2.6595E-02     1.2990E+00     H1       5528

 BOND    =    10439.8676  ANGLE   =      183.0704  DIHED      =      923.7470
 VDWAALS =    26963.8179  EEL     =  -174064.3733  HBOND      =        0.0000
 1-4 VDW =      257.5254  1-4 EEL =    -3917.0654  RESTRAINT  =        0.0000


   NSTEP       ENERGY          RMS            GMAX         NAME    NUMBER
   9750      -1.3922E+05     4.7838E-02     2.0607E+00     C5        576

 BOND    =    10440.7207  ANGLE   =      183.3175  DIHED      =      923.5836
 VDWAALS =    26968.3344  EEL     =  -174074.4736  HBOND      =        0.0000
 1-4 VDW =      257.4782  1-4 EEL =    -3917.1375  RESTRAINT  =        0.0000


   NSTEP       ENERGY          RMS            GMAX         NAME    NUMBER
   9800      -1.3922E+05     8.1422E-02     3.5356E+00     C6        481

 BOND    =    10440.0247  ANGLE   =      183.3119  DIHED      =      923.5054
 VDWAALS =    26969.2845  EEL     =  -174077.1873  HBOND      =        0.0000
 1-4 VDW =      257.5474  1-4 EEL =    -3917.1268  RESTRAINT  =        0.0000


   NSTEP       ENERGY          RMS            GMAX         NAME    NUMBER
   9850      -1.3922E+05     7.0677E-02     3.7954E+00     Na+      1084

 BOND    =    10441.4729  ANGLE   =      182.9538  DIHED      =      923.3936
 VDWAALS =    26970.7086  EEL     =  -174081.8947  HBOND      =        0.0000
 1-4 VDW =      257.6023  1-4 EEL =    -3917.0279  RESTRAINT  =        0.0000


   NSTEP       ENERGY          RMS            GMAX         NAME    NUMBER
   9900      -1.3923E+05     5.7772E-02     2.6225E+00     C5'       978

 BOND    =    10441.2493  ANGLE   =      183.0344  DIHED      =      923.3106
 VDWAALS =    26971.7861  EEL     =  -174084.8809  HBOND      =        0.0000
 1-4 VDW =      257.5285  1-4 EEL =    -3917.0589  RESTRAINT  =        0.0000


   NSTEP       ENERGY          RMS            GMAX         NAME    NUMBER
   9950      -1.3923E+05     6.7769E-02     3.4863E+00     C2         23

 BOND    =    10441.4619  ANGLE   =      183.0162  DIHED      =      923.2979
 VDWAALS =    26972.4409  EEL     =  -174087.1606  HBOND      =        0.0000
 1-4 VDW =      257.5689  1-4 EEL =    -3916.9834  RESTRAINT  =        0.0000


   NSTEP       ENERGY          RMS            GMAX         NAME    NUMBER
  10000      -1.3923E+05     2.6242E-02     1.1390E+00     O        6766

 BOND    =    10441.4448  ANGLE   =      183.1658  DIHED      =      923.2368
 VDWAALS =    26972.6003  EEL     =  -174088.5176  HBOND      =        0.0000
 1-4 VDW =      257.4352  1-4 EEL =    -3917.0211  RESTRAINT  =        0.0000


  Maximum number of minimization cycles reached.


                    FINAL RESULTS



   NSTEP       ENERGY          RMS            GMAX         NAME    NUMBER
  10000      -1.3923E+05     2.6242E-02     1.1390E+00     O        6766

 BOND    =    10441.4448  ANGLE   =      183.1658  DIHED      =      923.2368
 VDWAALS =    26972.6003  EEL     =  -174088.5176  HBOND      =        0.0000
 1-4 VDW =      257.4352  1-4 EEL =    -3917.0211  RESTRAINT  =        0.0000
--------------------------------------------------------------------------------
   5.  TIMINGS
--------------------------------------------------------------------------------

|  NonSetup CPU Time in Major Routines:
|
|     Routine           Sec        %
|     ------------------------------
|     Nonbond           9.08   32.35
|     Bond              0.00    0.00
|     Angle             0.00    0.00
|     Dihedral          0.00    0.00
|     Shake             0.00    0.00
|     Other            19.00   67.65
|     ------------------------------
|     Total            28.08

|  PME Nonbond Pairlist CPU Time:
|
|     Routine              Sec        %
|     ---------------------------------
|     Set Up Cit           0.00    0.00
|     Build List           0.00    0.00
|     ---------------------------------
|     Total                0.00    0.00

|  PME Direct Force CPU Time:
|
|     Routine              Sec        %
|     ---------------------------------
|     NonBonded Calc       0.00    0.00
|     Exclude Masked       0.00    0.00
|     Other                0.02    0.06
|     ---------------------------------
|     Total                0.02    0.06

|  PME Reciprocal Force CPU Time:
|
|     Routine              Sec        %
|     ---------------------------------
|     1D bspline           0.00    0.00
|     Grid Charges         0.00    0.00
|     Scalar Sum           0.00    0.00
|     Gradient Sum         0.00    0.00
|     FFT                  0.00    0.00
|     ---------------------------------
|     Total                0.00    0.00

|  Setup CPU time:            0.96 seconds
|  NonSetup CPU time:        28.08 seconds
|  Total CPU time:           29.04 seconds     0.01 hours

|  Setup wall time:           2    seconds
|  NonSetup wall time:       56    seconds
|  Total wall time:          58    seconds     0.02 hours
