
          -------------------------------------------------------
          Amber 16 PMEMD                              2016
          -------------------------------------------------------

| PMEMD implementation of SANDER, Release 16

| Run on 08/25/2020 at 10:48:33

|   Executable path: pmemd.cuda
| Working directory: /home/kyq/T7RNADNA/4/DA4
|          Hostname: gpu01

  [-O]verwriting output

File Assignments:
|   MDIN: heat5.in                                                              
|  MDOUT: cmp_heat5.out                                                         
| INPCRD: cmp_heat4.rst                                                         
|   PARM: cmp.prmtop                                                            
| RESTRT: cmp_heat5.rst                                                         
|   REFC: cmp.inpcrd                                                            
|  MDVEL: mdvel                                                                 
|   MDEN: mden                                                                  
|  MDCRD: cmp_heat5.mdcrd                                                       
| MDINFO: mdinfo                                                                
|  MDFRC: mdfrc                                                                 

 
 Here is the input file:
 
Stage 2 equilibration 1 0-5ns                                                  
 &cntrl                                                                        
  imin=0, irest=1, ntx=5,                                                      
  nstlim=4000, dt=0.002,                                                       
  ntc=2, ntf=2,                                                                
  ntt=1, tautp=1.5,                                                            
  tempi=200.0, temp0=255.0,                                                    
  ntpr=50, ntwx=50,                                                            
  ntb=1,                                                                       
  cut=10,                                                                      
 /                                                                             


Note: ig = -1. Setting random seed to   322878 based on wallclock time in 
      microseconds.
 
|--------------------- INFORMATION ----------------------
| GPU (CUDA) Version of PMEMD in use: NVIDIA GPU IN USE.
|                    Version 16.0.0
| 
|                      02/25/2016
| 
| Implementation by:
|                    Ross C. Walker     (SDSC)
|                    Scott Le Grand     (nVIDIA)
| 
| Precision model in use:
|      [SPFP] - Single Precision Forces, 64-bit Fixed Point
|               Accumulation. (Default)
| 
|--------------------------------------------------------
 
|----------------- CITATION INFORMATION -----------------
|
|    When publishing work that utilized the CUDA version
|    of AMBER, please cite the following in addition to
|    the regular AMBER citations:
|
|  - Romelia Salomon-Ferrer; Andreas W. Goetz; Duncan
|    Poole; Scott Le Grand; Ross C. Walker "Routine
|    microsecond molecular dynamics simulations with
|    AMBER - Part II: Particle Mesh Ewald", J. Chem.
|    Theory Comput., 2013, 9 (9), pp3878-3888,
|    DOI: 10.1021/ct400314y.
|
|  - Andreas W. Goetz; Mark J. Williamson; Dong Xu;
|    Duncan Poole; Scott Le Grand; Ross C. Walker
|    "Routine microsecond molecular dynamics simulations
|    with AMBER - Part I: Generalized Born", J. Chem.
|    Theory Comput., 2012, 8 (5), pp1542-1555.
|
|  - Scott Le Grand; Andreas W. Goetz; Ross C. Walker
|    "SPFP: Speed without compromise - a mixed precision
|    model for GPU accelerated molecular dynamics
|    simulations.", Comp. Phys. Comm., 2013, 184
|    pp374-380, DOI: 10.1016/j.cpc.2012.09.022
|
|--------------------------------------------------------
 
|------------------- GPU DEVICE INFO --------------------
|
|            CUDA_VISIBLE_DEVICES: 0
|   CUDA Capable Devices Detected:      1
|           CUDA Device ID in use:      0
|                CUDA Device Name: Tesla P100-PCIE-16GB
|     CUDA Device Global Mem Size:  16276 MB
| CUDA Device Num Multiprocessors:     56
|           CUDA Device Core Freq:   1.33 GHz
|
|--------------------------------------------------------
 
 
| Conditional Compilation Defines Used:
| PUBFFT
| BINTRAJ
| CUDA
| EMIL
 
| Largest sphere to fit in unit cell has radius =    31.621

| New format PARM file being parsed.
| Version =    1.000 Date = 08/25/20 Time = 10:44:51

| Note: 1-4 EEL scale factors are being read from the topology file.

| Note: 1-4 VDW scale factors are being read from the topology file.
| Duplicated    0 dihedrals

| Duplicated    0 dihedrals

--------------------------------------------------------------------------------
   1.  RESOURCE   USE: 
--------------------------------------------------------------------------------

 getting box info from netcdf restart file
 NATOM  =   31353 NTYPES =      18 NBONH =   30630 MBONA  =     774
 NTHETH =     892 MTHETA =    1191 NPHIH =    1828 MPHIA  =    2451
 NHPARM =       0 NPARM  =       0 NNB   =   46321 NRES   =   10150
 NBONA  =     774 NTHETA =    1191 NPHIA =    2451 NUMBND =      61
 NUMANG =     127 NPTRA  =      75 NATYP =      34 NPHB   =       1
 IFBOX  =       2 NMXRS  =      33 IFCAP =       0 NEXTRA =       0
 NCOPY  =       0

| Coordinate Index Table dimensions:    12   12   12
| Direct force subcell size =     6.4547    6.4547    6.4547

     BOX TYPE: TRUNCATED OCTAHEDRON

--------------------------------------------------------------------------------
   2.  CONTROL  DATA  FOR  THE  RUN
--------------------------------------------------------------------------------

default_name                                                                    

General flags:
     imin    =       0, nmropt  =       0

Nature and format of input:
     ntx     =       5, irest   =       1, ntrx    =       1

Nature and format of output:
     ntxo    =       2, ntpr    =      50, ntrx    =       1, ntwr    =    4000
     iwrap   =       0, ntwx    =      50, ntwv    =       0, ntwe    =       0
     ioutfm  =       1, ntwprt  =       0, idecomp =       0, rbornstat=      0

Potential function:
     ntf     =       2, ntb     =       1, igb     =       0, nsnb    =      25
     ipol    =       0, gbsa    =       0, iesp    =       0
     dielc   =   1.00000, cut     =  10.00000, intdiel =   1.00000

Frozen or restrained atoms:
     ibelly  =       0, ntr     =       0

Molecular dynamics:
     nstlim  =      4000, nscm    =      1000, nrespa  =         1
     t       =   0.00000, dt      =   0.00200, vlimit  =  -1.00000

Berendsen (weak-coupling) temperature regulation:
     temp0   = 255.00000, tempi   = 200.00000, tautp   =   1.50000

SHAKE:
     ntc     =       2, jfastw  =       0
     tol     =   0.00001

| Intermolecular bonds treatment:
|     no_intermolecular_bonds =       1

| Energy averages sample interval:
|     ene_avg_sampling =      50

Ewald parameters:
     verbose =       0, ew_type =       0, nbflag  =       1, use_pme =       1
     vdwmeth =       1, eedmeth =       1, netfrc  =       1
     Box X =   77.456   Box Y =   77.456   Box Z =   77.456
     Alpha =  109.471   Beta  =  109.471   Gamma =  109.471
     NFFT1 =   80       NFFT2 =   80       NFFT3 =   80
     Cutoff=   10.000   Tol   =0.100E-04
     Ewald Coefficient =  0.27511
     Interpolation order =    4

--------------------------------------------------------------------------------
   3.  ATOMIC COORDINATES AND VELOCITIES
--------------------------------------------------------------------------------

default_name                                                                    
 begin time read from input coords =    20.000 ps

 
 Number of triangulated 3-point waters found:    10084

     Sum of charges from parm topology file =   0.00000018
     Forcing neutrality...

| Dynamic Memory, Types Used:
| Reals              929142
| Integers           767099

| Nonbonded Pairs Initial Allocation:     9483498

| GPU memory information (estimate):
| KB of GPU memory in use:    162846
| KB of CPU memory in use:     51714

--------------------------------------------------------------------------------
   4.  RESULTS
--------------------------------------------------------------------------------

 ---------------------------------------------------
 APPROXIMATING switch and d/dx switch using CUBIC SPLINE INTERPOLATION
 using   5000.0 points per unit in tabled values
 TESTING RELATIVE ERROR over r ranging from 0.0 to cutoff
| CHECK switch(x): max rel err =   0.3316E-14   at   2.351880
| CHECK d/dx switch(x): max rel err =   0.8066E-11   at   2.747240
 ---------------------------------------------------
|---------------------------------------------------
| APPROXIMATING direct energy using CUBIC SPLINE INTERPOLATION
|  with   50.0 points per unit in tabled values
| Relative Error Limit not exceeded for r .gt.   2.34
| APPROXIMATING direct force using CUBIC SPLINE INTERPOLATION
|  with   50.0 points per unit in tabled values
| Relative Error Limit not exceeded for r .gt.   2.81
|---------------------------------------------------

 NSTEP =       50   TIME(PS) =      20.100  TEMP(K) =   187.44  PRESS =     0.0
 Etot   =   -107554.2114  EKtot   =     11812.2959  EPtot      =   -119366.5073
 BOND   =       148.1419  ANGLE   =       361.6052  DIHED      =       960.4279
 1-4 NB =       275.6812  1-4 EEL =     -3893.4278  VDWAALS    =     18680.5475
 EELEC  =   -135899.4832  EHBOND  =         0.0000  RESTRAINT  =         0.0000
 ------------------------------------------------------------------------------


 NSTEP =      100   TIME(PS) =      20.200  TEMP(K) =   189.89  PRESS =     0.0
 Etot   =   -107275.0663  EKtot   =     11966.8926  EPtot      =   -119241.9589
 BOND   =       158.4936  ANGLE   =       349.9216  DIHED      =       962.7828
 1-4 NB =       278.7171  1-4 EEL =     -3920.4835  VDWAALS    =     18501.2957
 EELEC  =   -135572.6862  EHBOND  =         0.0000  RESTRAINT  =         0.0000
 ------------------------------------------------------------------------------


 NSTEP =      150   TIME(PS) =      20.300  TEMP(K) =   190.98  PRESS =     0.0
 Etot   =   -107006.3267  EKtot   =     12035.7031  EPtot      =   -119042.0298
 BOND   =       153.6419  ANGLE   =       372.5209  DIHED      =       976.2598
 1-4 NB =       276.3569  1-4 EEL =     -3923.7778  VDWAALS    =     18765.0140
 EELEC  =   -135662.0455  EHBOND  =         0.0000  RESTRAINT  =         0.0000
 ------------------------------------------------------------------------------


 NSTEP =      200   TIME(PS) =      20.400  TEMP(K) =   193.30  PRESS =     0.0
 Etot   =   -106741.1941  EKtot   =     12181.6484  EPtot      =   -118922.8425
 BOND   =       148.6632  ANGLE   =       372.6904  DIHED      =       978.7280
 1-4 NB =       280.6999  1-4 EEL =     -3919.9761  VDWAALS    =     18761.4105
 EELEC  =   -135545.0584  EHBOND  =         0.0000  RESTRAINT  =         0.0000
 ------------------------------------------------------------------------------


 NSTEP =      250   TIME(PS) =      20.500  TEMP(K) =   194.05  PRESS =     0.0
 Etot   =   -106482.0833  EKtot   =     12229.1357  EPtot      =   -118711.2190
 BOND   =       167.0415  ANGLE   =       363.5027  DIHED      =       979.4653
 1-4 NB =       285.8197  1-4 EEL =     -3913.9120  VDWAALS    =     18523.6263
 EELEC  =   -135116.7624  EHBOND  =         0.0000  RESTRAINT  =         0.0000
 ------------------------------------------------------------------------------


 NSTEP =      300   TIME(PS) =      20.600  TEMP(K) =   196.83  PRESS =     0.0
 Etot   =   -106232.5358  EKtot   =     12404.3291  EPtot      =   -118636.8649
 BOND   =       149.7780  ANGLE   =       367.6248  DIHED      =       974.7184
 1-4 NB =       281.8355  1-4 EEL =     -3898.2034  VDWAALS    =     18579.0007
 EELEC  =   -135091.6188  EHBOND  =         0.0000  RESTRAINT  =         0.0000
 ------------------------------------------------------------------------------


 NSTEP =      350   TIME(PS) =      20.700  TEMP(K) =   197.82  PRESS =     0.0
 Etot   =   -105992.5210  EKtot   =     12466.5605  EPtot      =   -118459.0815
 BOND   =       155.5524  ANGLE   =       380.9373  DIHED      =       964.1669
 1-4 NB =       276.2305  1-4 EEL =     -3892.9563  VDWAALS    =     18619.4625
 EELEC  =   -134962.4749  EHBOND  =         0.0000  RESTRAINT  =         0.0000
 ------------------------------------------------------------------------------


 NSTEP =      400   TIME(PS) =      20.800  TEMP(K) =   199.32  PRESS =     0.0
 Etot   =   -105752.7925  EKtot   =     12561.2227  EPtot      =   -118314.0151
 BOND   =       159.9361  ANGLE   =       388.7850  DIHED      =       966.3279
 1-4 NB =       279.5888  1-4 EEL =     -3903.3516  VDWAALS    =     18404.2399
 EELEC  =   -134609.5413  EHBOND  =         0.0000  RESTRAINT  =         0.0000
 ------------------------------------------------------------------------------


 NSTEP =      450   TIME(PS) =      20.900  TEMP(K) =   201.51  PRESS =     0.0
 Etot   =   -105524.3369  EKtot   =     12699.3799  EPtot      =   -118223.7168
 BOND   =       163.0706  ANGLE   =       385.4324  DIHED      =       967.3650
 1-4 NB =       282.0221  1-4 EEL =     -3913.5547  VDWAALS    =     18267.9178
 EELEC  =   -134375.9700  EHBOND  =         0.0000  RESTRAINT  =         0.0000
 ------------------------------------------------------------------------------


 NSTEP =      500   TIME(PS) =      21.000  TEMP(K) =   201.85  PRESS =     0.0
 Etot   =   -105298.3203  EKtot   =     12720.8008  EPtot      =   -118019.1211
 BOND   =       169.6716  ANGLE   =       394.8101  DIHED      =       977.8590
 1-4 NB =       272.3376  1-4 EEL =     -3921.4194  VDWAALS    =     18274.3238
 EELEC  =   -134186.7039  EHBOND  =         0.0000  RESTRAINT  =         0.0000
 ------------------------------------------------------------------------------


 NSTEP =      550   TIME(PS) =      21.100  TEMP(K) =   202.63  PRESS =     0.0
 Etot   =   -105082.1901  EKtot   =     12769.8848  EPtot      =   -117852.0749
 BOND   =       154.4072  ANGLE   =       389.3787  DIHED      =       975.2132
 1-4 NB =       292.5242  1-4 EEL =     -3913.6058  VDWAALS    =     18202.7778
 EELEC  =   -133952.7702  EHBOND  =         0.0000  RESTRAINT  =         0.0000
 ------------------------------------------------------------------------------


 NSTEP =      600   TIME(PS) =      21.200  TEMP(K) =   203.38  PRESS =     0.0
 Etot   =   -104870.4939  EKtot   =     12816.9111  EPtot      =   -117687.4050
 BOND   =       168.5474  ANGLE   =       406.2247  DIHED      =       960.5572
 1-4 NB =       275.1941  1-4 EEL =     -3927.6139  VDWAALS    =     18322.0353
 EELEC  =   -133892.3498  EHBOND  =         0.0000  RESTRAINT  =         0.0000
 ------------------------------------------------------------------------------


 NSTEP =      650   TIME(PS) =      21.300  TEMP(K) =   206.95  PRESS =     0.0
 Etot   =   -104665.4148  EKtot   =     13042.1504  EPtot      =   -117707.5652
 BOND   =       156.2247  ANGLE   =       406.1264  DIHED      =       958.9944
 1-4 NB =       287.1785  1-4 EEL =     -3929.1261  VDWAALS    =     18028.2854
 EELEC  =   -133615.2484  EHBOND  =         0.0000  RESTRAINT  =         0.0000
 ------------------------------------------------------------------------------


 NSTEP =      700   TIME(PS) =      21.400  TEMP(K) =   206.52  PRESS =     0.0
 Etot   =   -104460.6705  EKtot   =     13015.1445  EPtot      =   -117475.8150
 BOND   =       172.8560  ANGLE   =       386.6545  DIHED      =       965.7403
 1-4 NB =       280.0820  1-4 EEL =     -3914.5127  VDWAALS    =     17976.3621
 EELEC  =   -133342.9974  EHBOND  =         0.0000  RESTRAINT  =         0.0000
 ------------------------------------------------------------------------------


 NSTEP =      750   TIME(PS) =      21.500  TEMP(K) =   208.25  PRESS =     0.0
 Etot   =   -104263.7911  EKtot   =     13123.7471  EPtot      =   -117387.5381
 BOND   =       152.5600  ANGLE   =       403.0552  DIHED      =       972.2345
 1-4 NB =       276.4413  1-4 EEL =     -3918.9701  VDWAALS    =     18191.1990
 EELEC  =   -133464.0580  EHBOND  =         0.0000  RESTRAINT  =         0.0000
 ------------------------------------------------------------------------------


 NSTEP =      800   TIME(PS) =      21.600  TEMP(K) =   210.95  PRESS =     0.0
 Etot   =   -104070.9824  EKtot   =     13293.8564  EPtot      =   -117364.8388
 BOND   =       166.3988  ANGLE   =       404.5355  DIHED      =       960.1682
 1-4 NB =       275.9111  1-4 EEL =     -3899.5452  VDWAALS    =     17898.3414
 EELEC  =   -133170.6486  EHBOND  =         0.0000  RESTRAINT  =         0.0000
 ------------------------------------------------------------------------------


 NSTEP =      850   TIME(PS) =      21.700  TEMP(K) =   210.49  PRESS =     0.0
 Etot   =   -103886.0151  EKtot   =     13265.0723  EPtot      =   -117151.0874
 BOND   =       151.6758  ANGLE   =       424.2259  DIHED      =       967.4380
 1-4 NB =       277.9545  1-4 EEL =     -3907.2237  VDWAALS    =     17904.6074
 EELEC  =   -132969.7653  EHBOND  =         0.0000  RESTRAINT  =         0.0000
 ------------------------------------------------------------------------------


 NSTEP =      900   TIME(PS) =      21.800  TEMP(K) =   212.67  PRESS =     0.0
 Etot   =   -103701.7994  EKtot   =     13402.5430  EPtot      =   -117104.3424
 BOND   =       173.2138  ANGLE   =       397.7817  DIHED      =       972.6776
 1-4 NB =       276.1019  1-4 EEL =     -3910.0883  VDWAALS    =     18080.3028
 EELEC  =   -133094.3318  EHBOND  =         0.0000  RESTRAINT  =         0.0000
 ------------------------------------------------------------------------------


 NSTEP =      950   TIME(PS) =      21.900  TEMP(K) =   213.13  PRESS =     0.0
 Etot   =   -103526.1277  EKtot   =     13431.6221  EPtot      =   -116957.7497
 BOND   =       162.4681  ANGLE   =       390.4401  DIHED      =       961.8604
 1-4 NB =       280.8743  1-4 EEL =     -3917.0670  VDWAALS    =     17682.4047
 EELEC  =   -132518.7304  EHBOND  =         0.0000  RESTRAINT  =         0.0000
 ------------------------------------------------------------------------------

check COM velocity, temp:        0.000016     0.00(Removed)

 NSTEP =     1000   TIME(PS) =      22.000  TEMP(K) =   214.29  PRESS =     0.0
 Etot   =   -103352.6960  EKtot   =     13504.6777  EPtot      =   -116857.3737
 BOND   =       175.1859  ANGLE   =       417.6794  DIHED      =       974.1585
 1-4 NB =       274.0769  1-4 EEL =     -3917.2687  VDWAALS    =     17737.3845
 EELEC  =   -132518.5902  EHBOND  =         0.0000  RESTRAINT  =         0.0000
 ------------------------------------------------------------------------------


 NSTEP =     1050   TIME(PS) =      22.100  TEMP(K) =   214.03  PRESS =     0.0
 Etot   =   -103178.4223  EKtot   =     13488.3516  EPtot      =   -116666.7738
 BOND   =       172.2048  ANGLE   =       432.8627  DIHED      =       958.7116
 1-4 NB =       284.6529  1-4 EEL =     -3920.0844  VDWAALS    =     17614.7250
 EELEC  =   -132209.8466  EHBOND  =         0.0000  RESTRAINT  =         0.0000
 ------------------------------------------------------------------------------


 NSTEP =     1100   TIME(PS) =      22.200  TEMP(K) =   215.87  PRESS =     0.0
 Etot   =   -103013.2843  EKtot   =     13604.0605  EPtot      =   -116617.3449
 BOND   =       160.1111  ANGLE   =       420.3269  DIHED      =       961.6915
 1-4 NB =       285.7411  1-4 EEL =     -3931.2702  VDWAALS    =     17866.8897
 EELEC  =   -132380.8350  EHBOND  =         0.0000  RESTRAINT  =         0.0000
 ------------------------------------------------------------------------------


 NSTEP =     1150   TIME(PS) =      22.300  TEMP(K) =   215.62  PRESS =     0.0
 Etot   =   -102846.6748  EKtot   =     13588.4805  EPtot      =   -116435.1552
 BOND   =       173.2901  ANGLE   =       419.4161  DIHED      =       958.0819
 1-4 NB =       277.4781  1-4 EEL =     -3880.9513  VDWAALS    =     17632.4010
 EELEC  =   -132014.8711  EHBOND  =         0.0000  RESTRAINT  =         0.0000
 ------------------------------------------------------------------------------


 NSTEP =     1200   TIME(PS) =      22.400  TEMP(K) =   216.56  PRESS =     0.0
 Etot   =   -102685.1840  EKtot   =     13647.3496  EPtot      =   -116332.5336
 BOND   =       174.2209  ANGLE   =       419.4956  DIHED      =       972.9605
 1-4 NB =       279.4306  1-4 EEL =     -3896.3370  VDWAALS    =     17608.3159
 EELEC  =   -131890.6201  EHBOND  =         0.0000  RESTRAINT  =         0.0000
 ------------------------------------------------------------------------------


 NSTEP =     1250   TIME(PS) =      22.500  TEMP(K) =   217.75  PRESS =     0.0
 Etot   =   -102529.6330  EKtot   =     13722.3887  EPtot      =   -116252.0217
 BOND   =       176.9486  ANGLE   =       416.3845  DIHED      =       962.1924
 1-4 NB =       281.9794  1-4 EEL =     -3898.7570  VDWAALS    =     17742.0918
 EELEC  =   -131932.8613  EHBOND  =         0.0000  RESTRAINT  =         0.0000
 ------------------------------------------------------------------------------


 NSTEP =     1300   TIME(PS) =      22.600  TEMP(K) =   219.87  PRESS =     0.0
 Etot   =   -102375.8650  EKtot   =     13855.8730  EPtot      =   -116231.7381
 BOND   =       175.6409  ANGLE   =       422.8408  DIHED      =       963.2383
 1-4 NB =       279.9174  1-4 EEL =     -3918.2427  VDWAALS    =     17723.8262
 EELEC  =   -131878.9590  EHBOND  =         0.0000  RESTRAINT  =         0.0000
 ------------------------------------------------------------------------------


 NSTEP =     1350   TIME(PS) =      22.700  TEMP(K) =   219.66  PRESS =     0.0
 Etot   =   -102224.4396  EKtot   =     13842.6943  EPtot      =   -116067.1339
 BOND   =       176.6215  ANGLE   =       429.5074  DIHED      =       974.1075
 1-4 NB =       281.5041  1-4 EEL =     -3931.5768  VDWAALS    =     17597.5502
 EELEC  =   -131594.8478  EHBOND  =         0.0000  RESTRAINT  =         0.0000
 ------------------------------------------------------------------------------


 NSTEP =     1400   TIME(PS) =      22.800  TEMP(K) =   217.90  PRESS =     0.0
 Etot   =   -102077.3139  EKtot   =     13731.7666  EPtot      =   -115809.0805
 BOND   =       177.6157  ANGLE   =       428.7368  DIHED      =       964.3144
 1-4 NB =       281.2890  1-4 EEL =     -3907.4096  VDWAALS    =     17416.6654
 EELEC  =   -131170.2921  EHBOND  =         0.0000  RESTRAINT  =         0.0000
 ------------------------------------------------------------------------------


 NSTEP =     1450   TIME(PS) =      22.900  TEMP(K) =   219.99  PRESS =     0.0
 Etot   =   -101933.6412  EKtot   =     13863.4863  EPtot      =   -115797.1275
 BOND   =       187.0727  ANGLE   =       443.3386  DIHED      =       969.5465
 1-4 NB =       290.1833  1-4 EEL =     -3924.8053  VDWAALS    =     17528.0236
 EELEC  =   -131290.4870  EHBOND  =         0.0000  RESTRAINT  =         0.0000
 ------------------------------------------------------------------------------


 NSTEP =     1500   TIME(PS) =      23.000  TEMP(K) =   222.32  PRESS =     0.0
 Etot   =   -101793.3743  EKtot   =     14010.6328  EPtot      =   -115804.0071
 BOND   =       171.8676  ANGLE   =       440.0137  DIHED      =       946.0089
 1-4 NB =       282.1585  1-4 EEL =     -3902.1002  VDWAALS    =     17363.8506
 EELEC  =   -131105.8062  EHBOND  =         0.0000  RESTRAINT  =         0.0000
 ------------------------------------------------------------------------------


 NSTEP =     1550   TIME(PS) =      23.100  TEMP(K) =   221.26  PRESS =     0.0
 Etot   =   -101656.5637  EKtot   =     13943.7598  EPtot      =   -115600.3235
 BOND   =       194.5103  ANGLE   =       418.8452  DIHED      =       957.9019
 1-4 NB =       282.4424  1-4 EEL =     -3899.2600  VDWAALS    =     17338.7589
 EELEC  =   -130893.5221  EHBOND  =         0.0000  RESTRAINT  =         0.0000
 ------------------------------------------------------------------------------


 NSTEP =     1600   TIME(PS) =      23.200  TEMP(K) =   223.01  PRESS =     0.0
 Etot   =   -101521.4672  EKtot   =     14054.1406  EPtot      =   -115575.6078
 BOND   =       186.5440  ANGLE   =       441.7548  DIHED      =       958.8313
 1-4 NB =       285.1597  1-4 EEL =     -3909.0703  VDWAALS    =     17407.0498
 EELEC  =   -130945.8771  EHBOND  =         0.0000  RESTRAINT  =         0.0000
 ------------------------------------------------------------------------------


 NSTEP =     1650   TIME(PS) =      23.300  TEMP(K) =   222.77  PRESS =     0.0
 Etot   =   -101387.6428  EKtot   =     14038.6396  EPtot      =   -115426.2825
 BOND   =       199.0709  ANGLE   =       452.0423  DIHED      =       969.4946
 1-4 NB =       287.1291  1-4 EEL =     -3905.6269  VDWAALS    =     17098.8525
 EELEC  =   -130527.2451  EHBOND  =         0.0000  RESTRAINT  =         0.0000
 ------------------------------------------------------------------------------


 NSTEP =     1700   TIME(PS) =      23.400  TEMP(K) =   225.04  PRESS =     0.0
 Etot   =   -101263.7413  EKtot   =     14181.7734  EPtot      =   -115445.5147
 BOND   =       196.3485  ANGLE   =       452.0875  DIHED      =       966.1155
 1-4 NB =       278.5325  1-4 EEL =     -3921.0751  VDWAALS    =     17213.6443
 EELEC  =   -130631.1680  EHBOND  =         0.0000  RESTRAINT  =         0.0000
 ------------------------------------------------------------------------------


 NSTEP =     1750   TIME(PS) =      23.500  TEMP(K) =   225.14  PRESS =     0.0
 Etot   =   -101141.5725  EKtot   =     14188.3242  EPtot      =   -115329.8967
 BOND   =       199.2778  ANGLE   =       427.7805  DIHED      =       965.8878
 1-4 NB =       285.7080  1-4 EEL =     -3917.8498  VDWAALS    =     17072.8073
 EELEC  =   -130363.5082  EHBOND  =         0.0000  RESTRAINT  =         0.0000
 ------------------------------------------------------------------------------


 NSTEP =     1800   TIME(PS) =      23.600  TEMP(K) =   226.72  PRESS =     0.0
 Etot   =   -101017.7252  EKtot   =     14287.7881  EPtot      =   -115305.5133
 BOND   =       183.8093  ANGLE   =       445.5343  DIHED      =       982.3830
 1-4 NB =       286.1325  1-4 EEL =     -3938.8876  VDWAALS    =     17203.0320
 EELEC  =   -130467.5167  EHBOND  =         0.0000  RESTRAINT  =         0.0000
 ------------------------------------------------------------------------------


 NSTEP =     1850   TIME(PS) =      23.700  TEMP(K) =   223.92  PRESS =     0.0
 Etot   =   -100894.4032  EKtot   =     14111.5830  EPtot      =   -115005.9862
 BOND   =       190.3484  ANGLE   =       472.2055  DIHED      =       976.7220
 1-4 NB =       288.9897  1-4 EEL =     -3943.0090  VDWAALS    =     17114.3236
 EELEC  =   -130105.5663  EHBOND  =         0.0000  RESTRAINT  =         0.0000
 ------------------------------------------------------------------------------


 NSTEP =     1900   TIME(PS) =      23.800  TEMP(K) =   228.40  PRESS =     0.0
 Etot   =   -100775.3753  EKtot   =     14393.5996  EPtot      =   -115168.9749
 BOND   =       186.0941  ANGLE   =       425.7256  DIHED      =       980.9280
 1-4 NB =       290.0387  1-4 EEL =     -3911.0779  VDWAALS    =     17137.2643
 EELEC  =   -130277.9477  EHBOND  =         0.0000  RESTRAINT  =         0.0000
 ------------------------------------------------------------------------------


 NSTEP =     1950   TIME(PS) =      23.900  TEMP(K) =   227.95  PRESS =     0.0
 Etot   =   -100660.7481  EKtot   =     14365.4766  EPtot      =   -115026.2246
 BOND   =       201.8622  ANGLE   =       414.0515  DIHED      =       974.9835
 1-4 NB =       287.5103  1-4 EEL =     -3911.7738  VDWAALS    =     17101.4594
 EELEC  =   -130094.3178  EHBOND  =         0.0000  RESTRAINT  =         0.0000
 ------------------------------------------------------------------------------

check COM velocity, temp:        0.000004     0.00(Removed)

 NSTEP =     2000   TIME(PS) =      24.000  TEMP(K) =   226.61  PRESS =     0.0
 Etot   =   -100543.5371  EKtot   =     14281.2295  EPtot      =   -114824.7666
 BOND   =       170.4480  ANGLE   =       445.6213  DIHED      =       971.2609
 1-4 NB =       287.0741  1-4 EEL =     -3921.1402  VDWAALS    =     16921.2424
 EELEC  =   -129699.2731  EHBOND  =         0.0000  RESTRAINT  =         0.0000
 ------------------------------------------------------------------------------


 NSTEP =     2050   TIME(PS) =      24.100  TEMP(K) =   226.81  PRESS =     0.0
 Etot   =   -100424.3229  EKtot   =     14293.5996  EPtot      =   -114717.9225
 BOND   =       183.9657  ANGLE   =       435.7399  DIHED      =       986.8866
 1-4 NB =       282.2471  1-4 EEL =     -3892.6678  VDWAALS    =     16912.8143
 EELEC  =   -129626.9082  EHBOND  =         0.0000  RESTRAINT  =         0.0000
 ------------------------------------------------------------------------------


 NSTEP =     2100   TIME(PS) =      24.200  TEMP(K) =   228.66  PRESS =     0.0
 Etot   =   -100311.2468  EKtot   =     14410.2734  EPtot      =   -114721.5203
 BOND   =       192.1116  ANGLE   =       433.6161  DIHED      =       983.7130
 1-4 NB =       282.6913  1-4 EEL =     -3890.9643  VDWAALS    =     16774.2334
 EELEC  =   -129496.9214  EHBOND  =         0.0000  RESTRAINT  =         0.0000
 ------------------------------------------------------------------------------


 NSTEP =     2150   TIME(PS) =      24.300  TEMP(K) =   229.50  PRESS =     0.0
 Etot   =   -100204.3278  EKtot   =     14463.3105  EPtot      =   -114667.6383
 BOND   =       190.2816  ANGLE   =       458.6959  DIHED      =       974.8866
 1-4 NB =       280.7130  1-4 EEL =     -3915.9969  VDWAALS    =     16825.3656
 EELEC  =   -129481.5842  EHBOND  =         0.0000  RESTRAINT  =         0.0000
 ------------------------------------------------------------------------------


 NSTEP =     2200   TIME(PS) =      24.400  TEMP(K) =   228.81  PRESS =     0.0
 Etot   =   -100097.5683  EKtot   =     14419.5967  EPtot      =   -114517.1650
 BOND   =       189.1384  ANGLE   =       453.2163  DIHED      =       977.7088
 1-4 NB =       283.4362  1-4 EEL =     -3935.0693  VDWAALS    =     16812.4146
 EELEC  =   -129298.0099  EHBOND  =         0.0000  RESTRAINT  =         0.0000
 ------------------------------------------------------------------------------


 NSTEP =     2250   TIME(PS) =      24.500  TEMP(K) =   231.19  PRESS =     0.0
 Etot   =    -99988.8310  EKtot   =     14569.6641  EPtot      =   -114558.4951
 BOND   =       203.8864  ANGLE   =       451.2347  DIHED      =       970.8131
 1-4 NB =       285.6907  1-4 EEL =     -3939.0892  VDWAALS    =     16646.4315
 EELEC  =   -129177.4623  EHBOND  =         0.0000  RESTRAINT  =         0.0000
 ------------------------------------------------------------------------------


 NSTEP =     2300   TIME(PS) =      24.600  TEMP(K) =   230.33  PRESS =     0.0
 Etot   =    -99886.0144  EKtot   =     14515.4512  EPtot      =   -114401.4656
 BOND   =       203.6377  ANGLE   =       422.4310  DIHED      =       971.2959
 1-4 NB =       286.7656  1-4 EEL =     -3896.9741  VDWAALS    =     16657.4033
 EELEC  =   -129046.0250  EHBOND  =         0.0000  RESTRAINT  =         0.0000
 ------------------------------------------------------------------------------


 NSTEP =     2350   TIME(PS) =      24.700  TEMP(K) =   230.11  PRESS =     0.0
 Etot   =    -99782.7364  EKtot   =     14501.7539  EPtot      =   -114284.4903
 BOND   =       194.1926  ANGLE   =       446.0130  DIHED      =       971.9966
 1-4 NB =       289.6180  1-4 EEL =     -3920.8065  VDWAALS    =     16440.2824
 EELEC  =   -128705.7865  EHBOND  =         0.0000  RESTRAINT  =         0.0000
 ------------------------------------------------------------------------------


 NSTEP =     2400   TIME(PS) =      24.800  TEMP(K) =   232.15  PRESS =     0.0
 Etot   =    -99684.4018  EKtot   =     14630.0156  EPtot      =   -114314.4174
 BOND   =       190.5872  ANGLE   =       433.4115  DIHED      =       974.4568
 1-4 NB =       280.1534  1-4 EEL =     -3906.6043  VDWAALS    =     16838.5017
 EELEC  =   -129124.9238  EHBOND  =         0.0000  RESTRAINT  =         0.0000
 ------------------------------------------------------------------------------


 NSTEP =     2450   TIME(PS) =      24.900  TEMP(K) =   233.94  PRESS =     0.0
 Etot   =    -99585.1769  EKtot   =     14742.7061  EPtot      =   -114327.8830
 BOND   =       192.7675  ANGLE   =       429.8209  DIHED      =       980.5696
 1-4 NB =       283.9381  1-4 EEL =     -3907.9374  VDWAALS    =     16802.6140
 EELEC  =   -129109.6556  EHBOND  =         0.0000  RESTRAINT  =         0.0000
 ------------------------------------------------------------------------------


 NSTEP =     2500   TIME(PS) =      25.000  TEMP(K) =   233.96  PRESS =     0.0
 Etot   =    -99494.6600  EKtot   =     14743.9297  EPtot      =   -114238.5897
 BOND   =       196.6521  ANGLE   =       450.4140  DIHED      =       966.9876
 1-4 NB =       280.7714  1-4 EEL =     -3912.0042  VDWAALS    =     16770.7947
 EELEC  =   -128992.2053  EHBOND  =         0.0000  RESTRAINT  =         0.0000
 ------------------------------------------------------------------------------


 NSTEP =     2550   TIME(PS) =      25.100  TEMP(K) =   232.21  PRESS =     0.0
 Etot   =    -99398.0398  EKtot   =     14633.9707  EPtot      =   -114032.0105
 BOND   =       205.4200  ANGLE   =       452.4984  DIHED      =       973.8601
 1-4 NB =       286.4993  1-4 EEL =     -3932.9791  VDWAALS    =     16646.6686
 EELEC  =   -128663.9777  EHBOND  =         0.0000  RESTRAINT  =         0.0000
 ------------------------------------------------------------------------------


 NSTEP =     2600   TIME(PS) =      25.200  TEMP(K) =   235.62  PRESS =     0.0
 Etot   =    -99310.5840  EKtot   =     14848.4863  EPtot      =   -114159.0703
 BOND   =       201.3425  ANGLE   =       418.1132  DIHED      =       969.6931
 1-4 NB =       281.5391  1-4 EEL =     -3913.5081  VDWAALS    =     16478.8818
 EELEC  =   -128595.1320  EHBOND  =         0.0000  RESTRAINT  =         0.0000
 ------------------------------------------------------------------------------


 NSTEP =     2650   TIME(PS) =      25.300  TEMP(K) =   233.51  PRESS =     0.0
 Etot   =    -99222.3093  EKtot   =     14715.9453  EPtot      =   -113938.2546
 BOND   =       211.6365  ANGLE   =       445.7169  DIHED      =       978.8852
 1-4 NB =       278.6742  1-4 EEL =     -3909.2655  VDWAALS    =     16740.7444
 EELEC  =   -128684.6463  EHBOND  =         0.0000  RESTRAINT  =         0.0000
 ------------------------------------------------------------------------------


 NSTEP =     2700   TIME(PS) =      25.400  TEMP(K) =   235.41  PRESS =     0.0
 Etot   =    -99135.6195  EKtot   =     14835.7617  EPtot      =   -113971.3812
 BOND   =       210.9920  ANGLE   =       447.5093  DIHED      =       976.6968
 1-4 NB =       293.1990  1-4 EEL =     -3908.1186  VDWAALS    =     16662.6106
 EELEC  =   -128654.2703  EHBOND  =         0.0000  RESTRAINT  =         0.0000
 ------------------------------------------------------------------------------


 NSTEP =     2750   TIME(PS) =      25.500  TEMP(K) =   235.76  PRESS =     0.0
 Etot   =    -99052.6714  EKtot   =     14857.7637  EPtot      =   -113910.4351
 BOND   =       213.2193  ANGLE   =       472.1264  DIHED      =       977.6746
 1-4 NB =       292.2656  1-4 EEL =     -3910.2296  VDWAALS    =     16612.5570
 EELEC  =   -128568.0484  EHBOND  =         0.0000  RESTRAINT  =         0.0000
 ------------------------------------------------------------------------------


 NSTEP =     2800   TIME(PS) =      25.600  TEMP(K) =   234.11  PRESS =     0.0
 Etot   =    -98969.0084  EKtot   =     14753.7598  EPtot      =   -113722.7681
 BOND   =       205.0747  ANGLE   =       459.5221  DIHED      =       979.3736
 1-4 NB =       280.6791  1-4 EEL =     -3910.5584  VDWAALS    =     16424.5859
 EELEC  =   -128161.4451  EHBOND  =         0.0000  RESTRAINT  =         0.0000
 ------------------------------------------------------------------------------


 NSTEP =     2850   TIME(PS) =      25.700  TEMP(K) =   234.79  PRESS =     0.0
 Etot   =    -98880.6709  EKtot   =     14796.1270  EPtot      =   -113676.7979
 BOND   =       203.9967  ANGLE   =       445.4589  DIHED      =       979.3735
 1-4 NB =       291.0452  1-4 EEL =     -3895.7964  VDWAALS    =     16690.9223
 EELEC  =   -128391.7980  EHBOND  =         0.0000  RESTRAINT  =         0.0000
 ------------------------------------------------------------------------------


 NSTEP =     2900   TIME(PS) =      25.800  TEMP(K) =   236.28  PRESS =     0.0
 Etot   =    -98798.7188  EKtot   =     14890.2529  EPtot      =   -113688.9717
 BOND   =       199.7637  ANGLE   =       445.0509  DIHED      =       969.4141
 1-4 NB =       275.7990  1-4 EEL =     -3898.2893  VDWAALS    =     16556.1006
 EELEC  =   -128236.8107  EHBOND  =         0.0000  RESTRAINT  =         0.0000
 ------------------------------------------------------------------------------


 NSTEP =     2950   TIME(PS) =      25.900  TEMP(K) =   236.42  PRESS =     0.0
 Etot   =    -98719.5061  EKtot   =     14898.9014  EPtot      =   -113618.4074
 BOND   =       215.7546  ANGLE   =       445.3508  DIHED      =       972.2034
 1-4 NB =       276.7278  1-4 EEL =     -3904.7488  VDWAALS    =     16287.7324
 EELEC  =   -127911.4275  EHBOND  =         0.0000  RESTRAINT  =         0.0000
 ------------------------------------------------------------------------------

check COM velocity, temp:        0.000016     0.00(Removed)

 NSTEP =     3000   TIME(PS) =      26.000  TEMP(K) =   235.65  PRESS =     0.0
 Etot   =    -98638.1007  EKtot   =     14850.3789  EPtot      =   -113488.4796
 BOND   =       227.8970  ANGLE   =       469.4662  DIHED      =       971.9686
 1-4 NB =       285.4205  1-4 EEL =     -3938.6342  VDWAALS    =     16285.4211
 EELEC  =   -127790.0189  EHBOND  =         0.0000  RESTRAINT  =         0.0000
 ------------------------------------------------------------------------------


 NSTEP =     3050   TIME(PS) =      26.100  TEMP(K) =   238.13  PRESS =     0.0
 Etot   =    -98561.0676  EKtot   =     15006.8447  EPtot      =   -113567.9123
 BOND   =       218.7757  ANGLE   =       468.9072  DIHED      =       977.8248
 1-4 NB =       289.6433  1-4 EEL =     -3918.3706  VDWAALS    =     16553.5775
 EELEC  =   -128158.2702  EHBOND  =         0.0000  RESTRAINT  =         0.0000
 ------------------------------------------------------------------------------


 NSTEP =     3100   TIME(PS) =      26.200  TEMP(K) =   236.06  PRESS =     0.0
 Etot   =    -98485.8970  EKtot   =     14876.2100  EPtot      =   -113362.1070
 BOND   =       209.1028  ANGLE   =       482.2582  DIHED      =       977.9402
 1-4 NB =       289.3260  1-4 EEL =     -3923.1355  VDWAALS    =     16176.7330
 EELEC  =   -127574.3318  EHBOND  =         0.0000  RESTRAINT  =         0.0000
 ------------------------------------------------------------------------------


 NSTEP =     3150   TIME(PS) =      26.300  TEMP(K) =   234.71  PRESS =     0.0
 Etot   =    -98408.3088  EKtot   =     14791.4883  EPtot      =   -113199.7971
 BOND   =       226.4699  ANGLE   =       475.0424  DIHED      =       978.7042
 1-4 NB =       285.5874  1-4 EEL =     -3908.4985  VDWAALS    =     16481.2831
 EELEC  =   -127738.3856  EHBOND  =         0.0000  RESTRAINT  =         0.0000
 ------------------------------------------------------------------------------


 NSTEP =     3200   TIME(PS) =      26.400  TEMP(K) =   236.51  PRESS =     0.0
 Etot   =    -98332.9461  EKtot   =     14904.8652  EPtot      =   -113237.8113
 BOND   =       217.7969  ANGLE   =       458.7296  DIHED      =       955.8083
 1-4 NB =       292.9064  1-4 EEL =     -3897.3577  VDWAALS    =     16282.9044
 EELEC  =   -127548.5992  EHBOND  =         0.0000  RESTRAINT  =         0.0000
 ------------------------------------------------------------------------------


 NSTEP =     3250   TIME(PS) =      26.500  TEMP(K) =   236.89  PRESS =     0.0
 Etot   =    -98262.4112  EKtot   =     14928.8311  EPtot      =   -113191.2423
 BOND   =       214.5091  ANGLE   =       479.4890  DIHED      =       976.4379
 1-4 NB =       285.8383  1-4 EEL =     -3931.4648  VDWAALS    =     16426.8974
 EELEC  =   -127642.9492  EHBOND  =         0.0000  RESTRAINT  =         0.0000
 ------------------------------------------------------------------------------


 NSTEP =     3300   TIME(PS) =      26.600  TEMP(K) =   237.75  PRESS =     0.0
 Etot   =    -98190.4646  EKtot   =     14983.1875  EPtot      =   -113173.6521
 BOND   =       214.4996  ANGLE   =       458.8618  DIHED      =       971.8448
 1-4 NB =       286.4026  1-4 EEL =     -3882.9775  VDWAALS    =     16092.6519
 EELEC  =   -127314.9352  EHBOND  =         0.0000  RESTRAINT  =         0.0000
 ------------------------------------------------------------------------------


 NSTEP =     3350   TIME(PS) =      26.700  TEMP(K) =   238.28  PRESS =     0.0
 Etot   =    -98119.8884  EKtot   =     15016.6113  EPtot      =   -113136.4998
 BOND   =       208.7856  ANGLE   =       450.1504  DIHED      =       961.6072
 1-4 NB =       282.7334  1-4 EEL =     -3898.8854  VDWAALS    =     16281.5269
 EELEC  =   -127422.4179  EHBOND  =         0.0000  RESTRAINT  =         0.0000
 ------------------------------------------------------------------------------


 NSTEP =     3400   TIME(PS) =      26.800  TEMP(K) =   239.00  PRESS =     0.0
 Etot   =    -98048.8634  EKtot   =     15061.7207  EPtot      =   -113110.5841
 BOND   =       223.1223  ANGLE   =       463.9566  DIHED      =       952.9495
 1-4 NB =       278.9419  1-4 EEL =     -3920.3302  VDWAALS    =     16403.1805
 EELEC  =   -127512.4048  EHBOND  =         0.0000  RESTRAINT  =         0.0000
 ------------------------------------------------------------------------------


 NSTEP =     3450   TIME(PS) =      26.900  TEMP(K) =   237.70  PRESS =     0.0
 Etot   =    -97984.0510  EKtot   =     14979.6748  EPtot      =   -112963.7258
 BOND   =       218.3363  ANGLE   =       489.3425  DIHED      =       963.7033
 1-4 NB =       288.4835  1-4 EEL =     -3911.0369  VDWAALS    =     16315.9413
 EELEC  =   -127328.4959  EHBOND  =         0.0000  RESTRAINT  =         0.0000
 ------------------------------------------------------------------------------


 NSTEP =     3500   TIME(PS) =      27.000  TEMP(K) =   240.08  PRESS =     0.0
 Etot   =    -97919.6515  EKtot   =     15130.0820  EPtot      =   -113049.7335
 BOND   =       204.4852  ANGLE   =       465.8980  DIHED      =       979.1656
 1-4 NB =       283.7671  1-4 EEL =     -3949.4892  VDWAALS    =     15987.5570
 EELEC  =   -127021.1172  EHBOND  =         0.0000  RESTRAINT  =         0.0000
 ------------------------------------------------------------------------------


 NSTEP =     3550   TIME(PS) =      27.100  TEMP(K) =   239.65  PRESS =     0.0
 Etot   =    -97852.5225  EKtot   =     15102.8262  EPtot      =   -112955.3487
 BOND   =       221.6476  ANGLE   =       452.2682  DIHED      =       982.4734
 1-4 NB =       288.7648  1-4 EEL =     -3909.8522  VDWAALS    =     16164.1148
 EELEC  =   -127154.7653  EHBOND  =         0.0000  RESTRAINT  =         0.0000
 ------------------------------------------------------------------------------


 NSTEP =     3600   TIME(PS) =      27.200  TEMP(K) =   241.28  PRESS =     0.0
 Etot   =    -97794.6836  EKtot   =     15205.3877  EPtot      =   -113000.0713
 BOND   =       214.1280  ANGLE   =       475.6893  DIHED      =       983.2399
 1-4 NB =       285.9220  1-4 EEL =     -3886.2432  VDWAALS    =     16474.7530
 EELEC  =   -127547.5603  EHBOND  =         0.0000  RESTRAINT  =         0.0000
 ------------------------------------------------------------------------------


 NSTEP =     3650   TIME(PS) =      27.300  TEMP(K) =   241.49  PRESS =     0.0
 Etot   =    -97732.1518  EKtot   =     15218.4160  EPtot      =   -112950.5678
 BOND   =       214.5997  ANGLE   =       460.6829  DIHED      =       984.7477
 1-4 NB =       292.5758  1-4 EEL =     -3912.7584  VDWAALS    =     16266.9113
 EELEC  =   -127257.3267  EHBOND  =         0.0000  RESTRAINT  =         0.0000
 ------------------------------------------------------------------------------


 NSTEP =     3700   TIME(PS) =      27.400  TEMP(K) =   239.91  PRESS =     0.0
 Etot   =    -97671.1876  EKtot   =     15118.9590  EPtot      =   -112790.1466
 BOND   =       217.1483  ANGLE   =       476.5157  DIHED      =       962.7192
 1-4 NB =       295.8789  1-4 EEL =     -3907.0863  VDWAALS    =     16056.2362
 EELEC  =   -126891.5587  EHBOND  =         0.0000  RESTRAINT  =         0.0000
 ------------------------------------------------------------------------------


 NSTEP =     3750   TIME(PS) =      27.500  TEMP(K) =   240.43  PRESS =     0.0
 Etot   =    -97610.2527  EKtot   =     15151.8594  EPtot      =   -112762.1121
 BOND   =       215.9315  ANGLE   =       444.5827  DIHED      =       980.6591
 1-4 NB =       287.3958  1-4 EEL =     -3911.8154  VDWAALS    =     16007.7847
 EELEC  =   -126786.6506  EHBOND  =         0.0000  RESTRAINT  =         0.0000
 ------------------------------------------------------------------------------


 NSTEP =     3800   TIME(PS) =      27.600  TEMP(K) =   239.84  PRESS =     0.0
 Etot   =    -97547.7636  EKtot   =     15114.9512  EPtot      =   -112662.7147
 BOND   =       226.8027  ANGLE   =       458.8863  DIHED      =       986.1288
 1-4 NB =       282.2400  1-4 EEL =     -3904.8209  VDWAALS    =     15999.8407
 EELEC  =   -126711.7924  EHBOND  =         0.0000  RESTRAINT  =         0.0000
 ------------------------------------------------------------------------------


 NSTEP =     3850   TIME(PS) =      27.700  TEMP(K) =   240.67  PRESS =     0.0
 Etot   =    -97491.5528  EKtot   =     15166.8125  EPtot      =   -112658.3653
 BOND   =       201.3389  ANGLE   =       475.4936  DIHED      =       990.4225
 1-4 NB =       295.1248  1-4 EEL =     -3913.6078  VDWAALS    =     15867.1965
 EELEC  =   -126574.3338  EHBOND  =         0.0000  RESTRAINT  =         0.0000
 ------------------------------------------------------------------------------


 NSTEP =     3900   TIME(PS) =      27.800  TEMP(K) =   241.65  PRESS =     0.0
 Etot   =    -97430.9242  EKtot   =     15228.4629  EPtot      =   -112659.3871
 BOND   =       232.9409  ANGLE   =       501.8208  DIHED      =       975.7294
 1-4 NB =       281.1386  1-4 EEL =     -3947.6143  VDWAALS    =     15911.9855
 EELEC  =   -126615.3880  EHBOND  =         0.0000  RESTRAINT  =         0.0000
 ------------------------------------------------------------------------------


 NSTEP =     3950   TIME(PS) =      27.900  TEMP(K) =   239.10  PRESS =     0.0
 Etot   =    -97371.9308  EKtot   =     15068.3262  EPtot      =   -112440.2570
 BOND   =       219.2414  ANGLE   =       472.9871  DIHED      =       977.1186
 1-4 NB =       286.0050  1-4 EEL =     -3905.5771  VDWAALS    =     16046.5003
 EELEC  =   -126536.5322  EHBOND  =         0.0000  RESTRAINT  =         0.0000
 ------------------------------------------------------------------------------

check COM velocity, temp:        0.000005     0.00(Removed)

 NSTEP =     4000   TIME(PS) =      28.000  TEMP(K) =   241.63  PRESS =     0.0
 Etot   =    -97316.2245  EKtot   =     15227.6582  EPtot      =   -112543.8827
 BOND   =       218.0508  ANGLE   =       477.2282  DIHED      =       969.5208
 1-4 NB =       283.9744  1-4 EEL =     -3933.2367  VDWAALS    =     15635.8338
 EELEC  =   -126195.2540  EHBOND  =         0.0000  RESTRAINT  =         0.0000
 ------------------------------------------------------------------------------


      A V E R A G E S   O V E R      80 S T E P S


 NSTEP =     4000   TIME(PS) =      28.000  TEMP(K) =   223.86  PRESS =     0.0
 Etot   =   -101112.2180  EKtot   =     14107.4975  EPtot      =   -115219.7155
 BOND   =       190.3933  ANGLE   =       434.2088  DIHED      =       971.3714
 1-4 NB =       283.6150  1-4 EEL =     -3913.2599  VDWAALS    =     17117.5475
 EELEC  =   -130303.5916  EHBOND  =         0.0000  RESTRAINT  =         0.0000
 ------------------------------------------------------------------------------


      R M S  F L U C T U A T I O N S


 NSTEP =     4000   TIME(PS) =      28.000  TEMP(K) =    14.86  PRESS =     0.0
 Etot   =      2893.9683  EKtot   =       936.2177  EPtot      =      1964.9779
 BOND   =        23.1939  ANGLE   =        33.3265  DIHED      =         8.6681
 1-4 NB =         5.2612  1-4 EEL =        14.3900  VDWAALS    =       833.4613
 EELEC  =      2734.1132  EHBOND  =         0.0000  RESTRAINT  =         0.0000
 ------------------------------------------------------------------------------

--------------------------------------------------------------------------------
   5.  TIMINGS
--------------------------------------------------------------------------------

|  NonSetup CPU Time in Major Routines:
|
|     Routine           Sec        %
|     ------------------------------
|     Nonbond           0.40   11.84
|     Bond              0.00    0.00
|     Angle             0.00    0.00
|     Dihedral          0.00    0.00
|     Shake             0.04    1.09
|     RunMD             2.93   86.94
|     Other             0.00    0.13
|     ------------------------------
|     Total             3.37

|  PME Nonbond Pairlist CPU Time:
|
|     Routine              Sec        %
|     ---------------------------------
|     Set Up Cit           0.00    0.00
|     Build List           0.00    0.00
|     ---------------------------------
|     Total                0.00    0.00

|  PME Direct Force CPU Time:
|
|     Routine              Sec        %
|     ---------------------------------
|     NonBonded Calc       0.00    0.00
|     Exclude Masked       0.00    0.00
|     Other                0.00    0.07
|     ---------------------------------
|     Total                0.00    0.07

|  PME Reciprocal Force CPU Time:
|
|     Routine              Sec        %
|     ---------------------------------
|     1D bspline           0.00    0.00
|     Grid Charges         0.00    0.00
|     Scalar Sum           0.00    0.00
|     Gradient Sum         0.00    0.00
|     FFT                  0.00    0.00
|     ---------------------------------
|     Total                0.00    0.00

|  Final Performance Info:
|     -----------------------------------------------------
|     Average timings for last    3950 steps:
|     Elapsed(s) =       6.62 Per Step(ms) =       1.68
|         ns/day =     103.07   seconds/ns =     838.23
|
|     Average timings for all steps:
|     Elapsed(s) =       6.71 Per Step(ms) =       1.68
|         ns/day =     102.98   seconds/ns =     838.99
|     -----------------------------------------------------

|  Setup CPU time:            1.03 seconds
|  NonSetup CPU time:         3.37 seconds
|  Total CPU time:            4.40 seconds     0.00 hours

|  Setup wall time:           3    seconds
|  NonSetup wall time:        6    seconds
|  Total wall time:           9    seconds     0.00 hours
