
          -------------------------------------------------------
          Amber 16 PMEMD                              2016
          -------------------------------------------------------

| PMEMD implementation of SANDER, Release 16

| Run on 08/25/2020 at 11:18:39

|   Executable path: pmemd.cuda
| Working directory: /home/kyq/T7RNADNA/10/LA10
|          Hostname: gpu01

  [-O]verwriting output

File Assignments:
|   MDIN: heat3.in                                                              
|  MDOUT: cmp_heat3.out                                                         
| INPCRD: cmp_heat2.rst                                                         
|   PARM: cmp.prmtop                                                            
| RESTRT: cmp_heat3.rst                                                         
|   REFC: cmp.inpcrd                                                            
|  MDVEL: mdvel                                                                 
|   MDEN: mden                                                                  
|  MDCRD: cmp_heat3.mdcrd                                                       
| MDINFO: mdinfo                                                                
|  MDFRC: mdfrc                                                                 

 
 Here is the input file:
 
Stage 2 equilibration 1 0-5ns                                                  
 &cntrl                                                                        
  imin=0, irest=1, ntx=5,                                                      
  nstlim=2500, dt=0.002,                                                       
  ntc=2, ntf=2,                                                                
  ntt=1, tautp=1.5,                                                            
  tempi=100.0, temp0=150.0,                                                    
  ntpr=50, ntwx=50,                                                            
  ntb=1,                                                                       
  cut=10,                                                                      
 /                                                                             


Note: ig = -1. Setting random seed to   191250 based on wallclock time in 
      microseconds.
 
|--------------------- INFORMATION ----------------------
| GPU (CUDA) Version of PMEMD in use: NVIDIA GPU IN USE.
|                    Version 16.0.0
| 
|                      02/25/2016
| 
| Implementation by:
|                    Ross C. Walker     (SDSC)
|                    Scott Le Grand     (nVIDIA)
| 
| Precision model in use:
|      [SPFP] - Single Precision Forces, 64-bit Fixed Point
|               Accumulation. (Default)
| 
|--------------------------------------------------------
 
|----------------- CITATION INFORMATION -----------------
|
|    When publishing work that utilized the CUDA version
|    of AMBER, please cite the following in addition to
|    the regular AMBER citations:
|
|  - Romelia Salomon-Ferrer; Andreas W. Goetz; Duncan
|    Poole; Scott Le Grand; Ross C. Walker "Routine
|    microsecond molecular dynamics simulations with
|    AMBER - Part II: Particle Mesh Ewald", J. Chem.
|    Theory Comput., 2013, 9 (9), pp3878-3888,
|    DOI: 10.1021/ct400314y.
|
|  - Andreas W. Goetz; Mark J. Williamson; Dong Xu;
|    Duncan Poole; Scott Le Grand; Ross C. Walker
|    "Routine microsecond molecular dynamics simulations
|    with AMBER - Part I: Generalized Born", J. Chem.
|    Theory Comput., 2012, 8 (5), pp1542-1555.
|
|  - Scott Le Grand; Andreas W. Goetz; Ross C. Walker
|    "SPFP: Speed without compromise - a mixed precision
|    model for GPU accelerated molecular dynamics
|    simulations.", Comp. Phys. Comm., 2013, 184
|    pp374-380, DOI: 10.1016/j.cpc.2012.09.022
|
|--------------------------------------------------------
 
|------------------- GPU DEVICE INFO --------------------
|
|            CUDA_VISIBLE_DEVICES: 0
|   CUDA Capable Devices Detected:      1
|           CUDA Device ID in use:      0
|                CUDA Device Name: Tesla P100-PCIE-16GB
|     CUDA Device Global Mem Size:  16276 MB
| CUDA Device Num Multiprocessors:     56
|           CUDA Device Core Freq:   1.33 GHz
|
|--------------------------------------------------------
 
 
| Conditional Compilation Defines Used:
| PUBFFT
| BINTRAJ
| CUDA
| EMIL
 
| Largest sphere to fit in unit cell has radius =    31.714

| New format PARM file being parsed.
| Version =    1.000 Date = 08/25/20 Time = 11:15:14

| Note: 1-4 EEL scale factors are being read from the topology file.

| Note: 1-4 VDW scale factors are being read from the topology file.
| Duplicated    0 dihedrals

| Duplicated    0 dihedrals

--------------------------------------------------------------------------------
   1.  RESOURCE   USE: 
--------------------------------------------------------------------------------

 getting box info from netcdf restart file
 NATOM  =   31725 NTYPES =      18 NBONH =   31002 MBONA  =     774
 NTHETH =     892 MTHETA =    1191 NPHIH =    1828 MPHIA  =    2451
 NHPARM =       0 NPARM  =       0 NNB   =   46817 NRES   =   10274
 NBONA  =     774 NTHETA =    1191 NPHIA =    2451 NUMBND =      61
 NUMANG =     127 NPTRA  =      75 NATYP =      34 NPHB   =       1
 IFBOX  =       2 NMXRS  =      33 IFCAP =       0 NEXTRA =       0
 NCOPY  =       0

| Coordinate Index Table dimensions:    12   12   12
| Direct force subcell size =     6.4736    6.4736    6.4736

     BOX TYPE: TRUNCATED OCTAHEDRON

--------------------------------------------------------------------------------
   2.  CONTROL  DATA  FOR  THE  RUN
--------------------------------------------------------------------------------

default_name                                                                    

General flags:
     imin    =       0, nmropt  =       0

Nature and format of input:
     ntx     =       5, irest   =       1, ntrx    =       1

Nature and format of output:
     ntxo    =       2, ntpr    =      50, ntrx    =       1, ntwr    =    2500
     iwrap   =       0, ntwx    =      50, ntwv    =       0, ntwe    =       0
     ioutfm  =       1, ntwprt  =       0, idecomp =       0, rbornstat=      0

Potential function:
     ntf     =       2, ntb     =       1, igb     =       0, nsnb    =      25
     ipol    =       0, gbsa    =       0, iesp    =       0
     dielc   =   1.00000, cut     =  10.00000, intdiel =   1.00000

Frozen or restrained atoms:
     ibelly  =       0, ntr     =       0

Molecular dynamics:
     nstlim  =      2500, nscm    =      1000, nrespa  =         1
     t       =   0.00000, dt      =   0.00200, vlimit  =  -1.00000

Berendsen (weak-coupling) temperature regulation:
     temp0   = 150.00000, tempi   = 100.00000, tautp   =   1.50000

SHAKE:
     ntc     =       2, jfastw  =       0
     tol     =   0.00001

| Intermolecular bonds treatment:
|     no_intermolecular_bonds =       1

| Energy averages sample interval:
|     ene_avg_sampling =      50

Ewald parameters:
     verbose =       0, ew_type =       0, nbflag  =       1, use_pme =       1
     vdwmeth =       1, eedmeth =       1, netfrc  =       1
     Box X =   77.684   Box Y =   77.684   Box Z =   77.684
     Alpha =  109.471   Beta  =  109.471   Gamma =  109.471
     NFFT1 =   80       NFFT2 =   80       NFFT3 =   80
     Cutoff=   10.000   Tol   =0.100E-04
     Ewald Coefficient =  0.27511
     Interpolation order =    4

--------------------------------------------------------------------------------
   3.  ATOMIC COORDINATES AND VELOCITIES
--------------------------------------------------------------------------------

default_name                                                                    
 begin time read from input coords =    10.000 ps

 
 Number of triangulated 3-point waters found:    10208

     Sum of charges from parm topology file =   0.00000018
     Forcing neutrality...

| Dynamic Memory, Types Used:
| Reals              938442
| Integers           775035

| Nonbonded Pairs Initial Allocation:     9596019

| GPU memory information (estimate):
| KB of GPU memory in use:    163073
| KB of CPU memory in use:     51941

--------------------------------------------------------------------------------
   4.  RESULTS
--------------------------------------------------------------------------------

 ---------------------------------------------------
 APPROXIMATING switch and d/dx switch using CUBIC SPLINE INTERPOLATION
 using   5000.0 points per unit in tabled values
 TESTING RELATIVE ERROR over r ranging from 0.0 to cutoff
| CHECK switch(x): max rel err =   0.3316E-14   at   2.351880
| CHECK d/dx switch(x): max rel err =   0.8066E-11   at   2.747240
 ---------------------------------------------------
|---------------------------------------------------
| APPROXIMATING direct energy using CUBIC SPLINE INTERPOLATION
|  with   50.0 points per unit in tabled values
| Relative Error Limit not exceeded for r .gt.   2.34
| APPROXIMATING direct force using CUBIC SPLINE INTERPOLATION
|  with   50.0 points per unit in tabled values
| Relative Error Limit not exceeded for r .gt.   2.81
|---------------------------------------------------

 NSTEP =       50   TIME(PS) =      10.100  TEMP(K) =    94.42  PRESS =     0.0
 Etot   =   -121669.0330  EKtot   =      6020.1323  EPtot      =   -127689.1653
 BOND   =        77.5609  ANGLE   =       247.9797  DIHED      =       941.1238
 1-4 NB =       262.1747  1-4 EEL =     -3930.2155  VDWAALS    =     21257.2458
 EELEC  =   -146545.0345  EHBOND  =         0.0000  RESTRAINT  =         0.0000
 ------------------------------------------------------------------------------


 NSTEP =      100   TIME(PS) =      10.200  TEMP(K) =    96.17  PRESS =     0.0
 Etot   =   -121436.8465  EKtot   =      6131.8389  EPtot      =   -127568.6854
 BOND   =        79.3343  ANGLE   =       247.0943  DIHED      =       935.7157
 1-4 NB =       263.9668  1-4 EEL =     -3922.8994  VDWAALS    =     21293.7776
 EELEC  =   -146465.6746  EHBOND  =         0.0000  RESTRAINT  =         0.0000
 ------------------------------------------------------------------------------


 NSTEP =      150   TIME(PS) =      10.300  TEMP(K) =    97.64  PRESS =     0.0
 Etot   =   -121211.2263  EKtot   =      6225.2505  EPtot      =   -127436.4768
 BOND   =        73.4656  ANGLE   =       235.3449  DIHED      =       931.2905
 1-4 NB =       264.5391  1-4 EEL =     -3916.8973  VDWAALS    =     21190.4429
 EELEC  =   -146214.6625  EHBOND  =         0.0000  RESTRAINT  =         0.0000
 ------------------------------------------------------------------------------


 NSTEP =      200   TIME(PS) =      10.400  TEMP(K) =    98.72  PRESS =     0.0
 Etot   =   -120994.2766  EKtot   =      6294.1738  EPtot      =   -127288.4504
 BOND   =        77.9221  ANGLE   =       247.8639  DIHED      =       935.0693
 1-4 NB =       260.8522  1-4 EEL =     -3917.7572  VDWAALS    =     21196.2474
 EELEC  =   -146088.6481  EHBOND  =         0.0000  RESTRAINT  =         0.0000
 ------------------------------------------------------------------------------


 NSTEP =      250   TIME(PS) =      10.500  TEMP(K) =   100.79  PRESS =     0.0
 Etot   =   -120782.8133  EKtot   =      6426.1890  EPtot      =   -127209.0023
 BOND   =        76.2224  ANGLE   =       245.0146  DIHED      =       931.9030
 1-4 NB =       266.9069  1-4 EEL =     -3918.1834  VDWAALS    =     21170.8970
 EELEC  =   -145981.7628  EHBOND  =         0.0000  RESTRAINT  =         0.0000
 ------------------------------------------------------------------------------


 NSTEP =      300   TIME(PS) =      10.600  TEMP(K) =   102.04  PRESS =     0.0
 Etot   =   -120576.2750  EKtot   =      6506.1240  EPtot      =   -127082.3990
 BOND   =        77.8844  ANGLE   =       261.4704  DIHED      =       943.3443
 1-4 NB =       255.3430  1-4 EEL =     -3928.4921  VDWAALS    =     20999.4597
 EELEC  =   -145691.4088  EHBOND  =         0.0000  RESTRAINT  =         0.0000
 ------------------------------------------------------------------------------


 NSTEP =      350   TIME(PS) =      10.700  TEMP(K) =   103.58  PRESS =     0.0
 Etot   =   -120379.1256  EKtot   =      6604.3271  EPtot      =   -126983.4528
 BOND   =        80.8170  ANGLE   =       235.4644  DIHED      =       939.1549
 1-4 NB =       267.6129  1-4 EEL =     -3911.1933  VDWAALS    =     21133.9219
 EELEC  =   -145729.2305  EHBOND  =         0.0000  RESTRAINT  =         0.0000
 ------------------------------------------------------------------------------


 NSTEP =      400   TIME(PS) =      10.800  TEMP(K) =   105.27  PRESS =     0.0
 Etot   =   -120186.0514  EKtot   =      6711.6387  EPtot      =   -126897.6901
 BOND   =        76.5375  ANGLE   =       247.1652  DIHED      =       936.2307
 1-4 NB =       264.7548  1-4 EEL =     -3915.4484  VDWAALS    =     21147.7104
 EELEC  =   -145654.6403  EHBOND  =         0.0000  RESTRAINT  =         0.0000
 ------------------------------------------------------------------------------


 NSTEP =      450   TIME(PS) =      10.900  TEMP(K) =   106.66  PRESS =     0.0
 Etot   =   -119998.4996  EKtot   =      6800.4688  EPtot      =   -126798.9683
 BOND   =        81.5621  ANGLE   =       252.2478  DIHED      =       931.0268
 1-4 NB =       268.8407  1-4 EEL =     -3907.6459  VDWAALS    =     21033.6530
 EELEC  =   -145458.6527  EHBOND  =         0.0000  RESTRAINT  =         0.0000
 ------------------------------------------------------------------------------


 NSTEP =      500   TIME(PS) =      11.000  TEMP(K) =   107.95  PRESS =     0.0
 Etot   =   -119816.4702  EKtot   =      6882.9902  EPtot      =   -126699.4604
 BOND   =        83.5334  ANGLE   =       250.9976  DIHED      =       930.4203
 1-4 NB =       267.8141  1-4 EEL =     -3913.7919  VDWAALS    =     21049.9599
 EELEC  =   -145368.3938  EHBOND  =         0.0000  RESTRAINT  =         0.0000
 ------------------------------------------------------------------------------


 NSTEP =      550   TIME(PS) =      11.100  TEMP(K) =   109.13  PRESS =     0.0
 Etot   =   -119640.4951  EKtot   =      6957.8281  EPtot      =   -126598.3232
 BOND   =        87.6551  ANGLE   =       269.9187  DIHED      =       923.3409
 1-4 NB =       262.3719  1-4 EEL =     -3927.2011  VDWAALS    =     20877.8429
 EELEC  =   -145092.2516  EHBOND  =         0.0000  RESTRAINT  =         0.0000
 ------------------------------------------------------------------------------


 NSTEP =      600   TIME(PS) =      11.200  TEMP(K) =   110.24  PRESS =     0.0
 Etot   =   -119470.3961  EKtot   =      7028.4858  EPtot      =   -126498.8819
 BOND   =        81.0058  ANGLE   =       265.8880  DIHED      =       921.9689
 1-4 NB =       265.1406  1-4 EEL =     -3908.9880  VDWAALS    =     20781.8433
 EELEC  =   -144905.7406  EHBOND  =         0.0000  RESTRAINT  =         0.0000
 ------------------------------------------------------------------------------


 NSTEP =      650   TIME(PS) =      11.300  TEMP(K) =   112.03  PRESS =     0.0
 Etot   =   -119307.5150  EKtot   =      7143.0142  EPtot      =   -126450.5291
 BOND   =        79.9372  ANGLE   =       255.6776  DIHED      =       940.0896
 1-4 NB =       266.5890  1-4 EEL =     -3920.2898  VDWAALS    =     20898.1113
 EELEC  =   -144970.6439  EHBOND  =         0.0000  RESTRAINT  =         0.0000
 ------------------------------------------------------------------------------


 NSTEP =      700   TIME(PS) =      11.400  TEMP(K) =   113.03  PRESS =     0.0
 Etot   =   -119148.4860  EKtot   =      7206.4062  EPtot      =   -126354.8922
 BOND   =        93.8288  ANGLE   =       251.9673  DIHED      =       943.8310
 1-4 NB =       258.4430  1-4 EEL =     -3926.2403  VDWAALS    =     20889.5095
 EELEC  =   -144866.2316  EHBOND  =         0.0000  RESTRAINT  =         0.0000
 ------------------------------------------------------------------------------


 NSTEP =      750   TIME(PS) =      11.500  TEMP(K) =   114.59  PRESS =     0.0
 Etot   =   -118995.4433  EKtot   =      7306.0928  EPtot      =   -126301.5360
 BOND   =        78.7464  ANGLE   =       245.8021  DIHED      =       946.6788
 1-4 NB =       271.5279  1-4 EEL =     -3908.5490  VDWAALS    =     20673.7706
 EELEC  =   -144609.5128  EHBOND  =         0.0000  RESTRAINT  =         0.0000
 ------------------------------------------------------------------------------


 NSTEP =      800   TIME(PS) =      11.600  TEMP(K) =   114.40  PRESS =     0.0
 Etot   =   -118844.1012  EKtot   =      7294.2412  EPtot      =   -126138.3424
 BOND   =        89.7446  ANGLE   =       260.1149  DIHED      =       946.6328
 1-4 NB =       265.7502  1-4 EEL =     -3912.5377  VDWAALS    =     20629.7579
 EELEC  =   -144417.8051  EHBOND  =         0.0000  RESTRAINT  =         0.0000
 ------------------------------------------------------------------------------


 NSTEP =      850   TIME(PS) =      11.700  TEMP(K) =   115.95  PRESS =     0.0
 Etot   =   -118698.1192  EKtot   =      7392.6094  EPtot      =   -126090.7286
 BOND   =        87.5687  ANGLE   =       262.4652  DIHED      =       938.7094
 1-4 NB =       269.4501  1-4 EEL =     -3914.7580  VDWAALS    =     20625.1942
 EELEC  =   -144359.3582  EHBOND  =         0.0000  RESTRAINT  =         0.0000
 ------------------------------------------------------------------------------


 NSTEP =      900   TIME(PS) =      11.800  TEMP(K) =   117.49  PRESS =     0.0
 Etot   =   -118558.0170  EKtot   =      7491.1636  EPtot      =   -126049.1806
 BOND   =        84.5459  ANGLE   =       257.0535  DIHED      =       935.1147
 1-4 NB =       272.2101  1-4 EEL =     -3914.6673  VDWAALS    =     20598.3117
 EELEC  =   -144281.7492  EHBOND  =         0.0000  RESTRAINT  =         0.0000
 ------------------------------------------------------------------------------


 NSTEP =      950   TIME(PS) =      11.900  TEMP(K) =   118.56  PRESS =     0.0
 Etot   =   -118423.0102  EKtot   =      7559.3198  EPtot      =   -125982.3300
 BOND   =        86.6932  ANGLE   =       262.9338  DIHED      =       951.8299
 1-4 NB =       258.8705  1-4 EEL =     -3905.2583  VDWAALS    =     20402.2875
 EELEC  =   -144039.6866  EHBOND  =         0.0000  RESTRAINT  =         0.0000
 ------------------------------------------------------------------------------

check COM velocity, temp:        0.000020     0.00(Removed)

 NSTEP =     1000   TIME(PS) =      12.000  TEMP(K) =   119.14  PRESS =     0.0
 Etot   =   -118291.1901  EKtot   =      7596.3467  EPtot      =   -125887.5368
 BOND   =        93.9968  ANGLE   =       262.5572  DIHED      =       942.5400
 1-4 NB =       268.7761  1-4 EEL =     -3909.4208  VDWAALS    =     20697.8218
 EELEC  =   -144243.8078  EHBOND  =         0.0000  RESTRAINT  =         0.0000
 ------------------------------------------------------------------------------


 NSTEP =     1050   TIME(PS) =      12.100  TEMP(K) =   121.37  PRESS =     0.0
 Etot   =   -118164.9727  EKtot   =      7738.4263  EPtot      =   -125903.3990
 BOND   =        93.8764  ANGLE   =       271.1805  DIHED      =       942.4583
 1-4 NB =       268.5851  1-4 EEL =     -3923.2388  VDWAALS    =     20823.2960
 EELEC  =   -144379.5565  EHBOND  =         0.0000  RESTRAINT  =         0.0000
 ------------------------------------------------------------------------------


 NSTEP =     1100   TIME(PS) =      12.200  TEMP(K) =   121.67  PRESS =     0.0
 Etot   =   -118043.7964  EKtot   =      7757.2666  EPtot      =   -125801.0630
 BOND   =        91.9292  ANGLE   =       265.2755  DIHED      =       945.2947
 1-4 NB =       263.9958  1-4 EEL =     -3912.3894  VDWAALS    =     20499.7954
 EELEC  =   -143954.9643  EHBOND  =         0.0000  RESTRAINT  =         0.0000
 ------------------------------------------------------------------------------


 NSTEP =     1150   TIME(PS) =      12.300  TEMP(K) =   122.42  PRESS =     0.0
 Etot   =   -117924.3816  EKtot   =      7805.3647  EPtot      =   -125729.7464
 BOND   =        91.7779  ANGLE   =       253.5200  DIHED      =       939.5995
 1-4 NB =       268.4628  1-4 EEL =     -3888.4404  VDWAALS    =     20612.2665
 EELEC  =   -144006.9327  EHBOND  =         0.0000  RESTRAINT  =         0.0000
 ------------------------------------------------------------------------------


 NSTEP =     1200   TIME(PS) =      12.400  TEMP(K) =   123.35  PRESS =     0.0
 Etot   =   -117809.7779  EKtot   =      7864.7075  EPtot      =   -125674.4854
 BOND   =        90.0186  ANGLE   =       274.3149  DIHED      =       938.1789
 1-4 NB =       265.0698  1-4 EEL =     -3924.7304  VDWAALS    =     20530.5848
 EELEC  =   -143847.9221  EHBOND  =         0.0000  RESTRAINT  =         0.0000
 ------------------------------------------------------------------------------


 NSTEP =     1250   TIME(PS) =      12.500  TEMP(K) =   124.93  PRESS =     0.0
 Etot   =   -117696.7874  EKtot   =      7965.2910  EPtot      =   -125662.0785
 BOND   =        91.9289  ANGLE   =       271.2955  DIHED      =       936.8139
 1-4 NB =       271.0610  1-4 EEL =     -3915.3459  VDWAALS    =     20499.3511
 EELEC  =   -143817.1830  EHBOND  =         0.0000  RESTRAINT  =         0.0000
 ------------------------------------------------------------------------------


 NSTEP =     1300   TIME(PS) =      12.600  TEMP(K) =   125.81  PRESS =     0.0
 Etot   =   -117590.8105  EKtot   =      8021.5127  EPtot      =   -125612.3232
 BOND   =        93.1562  ANGLE   =       274.1746  DIHED      =       943.5149
 1-4 NB =       260.5248  1-4 EEL =     -3897.6405  VDWAALS    =     20539.9746
 EELEC  =   -143826.0278  EHBOND  =         0.0000  RESTRAINT  =         0.0000
 ------------------------------------------------------------------------------


 NSTEP =     1350   TIME(PS) =      12.700  TEMP(K) =   126.13  PRESS =     0.0
 Etot   =   -117485.3454  EKtot   =      8041.9531  EPtot      =   -125527.2985
 BOND   =        97.8329  ANGLE   =       268.1539  DIHED      =       936.0307
 1-4 NB =       260.0263  1-4 EEL =     -3913.3679  VDWAALS    =     20458.9904
 EELEC  =   -143634.9647  EHBOND  =         0.0000  RESTRAINT  =         0.0000
 ------------------------------------------------------------------------------


 NSTEP =     1400   TIME(PS) =      12.800  TEMP(K) =   126.20  PRESS =     0.0
 Etot   =   -117385.3345  EKtot   =      8046.4165  EPtot      =   -125431.7510
 BOND   =        98.5821  ANGLE   =       262.0927  DIHED      =       947.6715
 1-4 NB =       265.9790  1-4 EEL =     -3907.2040  VDWAALS    =     20495.7491
 EELEC  =   -143594.6213  EHBOND  =         0.0000  RESTRAINT  =         0.0000
 ------------------------------------------------------------------------------


 NSTEP =     1450   TIME(PS) =      12.900  TEMP(K) =   127.54  PRESS =     0.0
 Etot   =   -117287.4680  EKtot   =      8131.5503  EPtot      =   -125419.0183
 BOND   =        97.5877  ANGLE   =       263.6552  DIHED      =       948.0821
 1-4 NB =       267.7616  1-4 EEL =     -3888.0355  VDWAALS    =     20563.7355
 EELEC  =   -143671.8050  EHBOND  =         0.0000  RESTRAINT  =         0.0000
 ------------------------------------------------------------------------------


 NSTEP =     1500   TIME(PS) =      13.000  TEMP(K) =   127.84  PRESS =     0.0
 Etot   =   -117193.8518  EKtot   =      8151.1318  EPtot      =   -125344.9837
 BOND   =        97.0898  ANGLE   =       282.6783  DIHED      =       941.0544
 1-4 NB =       267.2610  1-4 EEL =     -3926.8978  VDWAALS    =     20371.3564
 EELEC  =   -143377.5258  EHBOND  =         0.0000  RESTRAINT  =         0.0000
 ------------------------------------------------------------------------------


 NSTEP =     1550   TIME(PS) =      13.100  TEMP(K) =   127.65  PRESS =     0.0
 Etot   =   -117100.8976  EKtot   =      8138.9189  EPtot      =   -125239.8165
 BOND   =       102.6077  ANGLE   =       269.4917  DIHED      =       940.8983
 1-4 NB =       269.4157  1-4 EEL =     -3917.1134  VDWAALS    =     20481.0508
 EELEC  =   -143386.1673  EHBOND  =         0.0000  RESTRAINT  =         0.0000
 ------------------------------------------------------------------------------


 NSTEP =     1600   TIME(PS) =      13.200  TEMP(K) =   129.00  PRESS =     0.0
 Etot   =   -117009.0697  EKtot   =      8224.8877  EPtot      =   -125233.9574
 BOND   =       101.7841  ANGLE   =       280.4961  DIHED      =       943.5939
 1-4 NB =       264.2089  1-4 EEL =     -3913.0678  VDWAALS    =     20334.2701
 EELEC  =   -143245.2427  EHBOND  =         0.0000  RESTRAINT  =         0.0000
 ------------------------------------------------------------------------------


 NSTEP =     1650   TIME(PS) =      13.300  TEMP(K) =   129.76  PRESS =     0.0
 Etot   =   -116921.1193  EKtot   =      8273.6846  EPtot      =   -125194.8039
 BOND   =       100.6582  ANGLE   =       285.4133  DIHED      =       940.9886
 1-4 NB =       262.1185  1-4 EEL =     -3901.7373  VDWAALS    =     20332.5222
 EELEC  =   -143214.7672  EHBOND  =         0.0000  RESTRAINT  =         0.0000
 ------------------------------------------------------------------------------


 NSTEP =     1700   TIME(PS) =      13.400  TEMP(K) =   131.34  PRESS =     0.0
 Etot   =   -116838.8457  EKtot   =      8373.9043  EPtot      =   -125212.7500
 BOND   =        95.8488  ANGLE   =       282.9830  DIHED      =       952.3789
 1-4 NB =       270.9288  1-4 EEL =     -3922.0051  VDWAALS    =     20263.8313
 EELEC  =   -143156.7159  EHBOND  =         0.0000  RESTRAINT  =         0.0000
 ------------------------------------------------------------------------------


 NSTEP =     1750   TIME(PS) =      13.500  TEMP(K) =   131.12  PRESS =     0.0
 Etot   =   -116757.7074  EKtot   =      8359.9131  EPtot      =   -125117.6205
 BOND   =       105.6894  ANGLE   =       289.5306  DIHED      =       956.0574
 1-4 NB =       263.9476  1-4 EEL =     -3934.4798  VDWAALS    =     20396.7860
 EELEC  =   -143195.1517  EHBOND  =         0.0000  RESTRAINT  =         0.0000
 ------------------------------------------------------------------------------


 NSTEP =     1800   TIME(PS) =      13.600  TEMP(K) =   132.12  PRESS =     0.0
 Etot   =   -116679.3905  EKtot   =      8423.7910  EPtot      =   -125103.1815
 BOND   =        95.0447  ANGLE   =       287.3290  DIHED      =       948.2761
 1-4 NB =       269.7574  1-4 EEL =     -3932.3116  VDWAALS    =     20305.1250
 EELEC  =   -143076.4020  EHBOND  =         0.0000  RESTRAINT  =         0.0000
 ------------------------------------------------------------------------------


 NSTEP =     1850   TIME(PS) =      13.700  TEMP(K) =   133.35  PRESS =     0.0
 Etot   =   -116607.2510  EKtot   =      8502.5352  EPtot      =   -125109.7862
 BOND   =       100.1893  ANGLE   =       288.1059  DIHED      =       942.1588
 1-4 NB =       265.1134  1-4 EEL =     -3926.2080  VDWAALS    =     20254.7668
 EELEC  =   -143033.9124  EHBOND  =         0.0000  RESTRAINT  =         0.0000
 ------------------------------------------------------------------------------


 NSTEP =     1900   TIME(PS) =      13.800  TEMP(K) =   132.33  PRESS =     0.0
 Etot   =   -116534.7307  EKtot   =      8437.3301  EPtot      =   -124972.0608
 BOND   =       100.9111  ANGLE   =       284.8327  DIHED      =       942.1855
 1-4 NB =       266.6141  1-4 EEL =     -3918.0193  VDWAALS    =     20289.3310
 EELEC  =   -142937.9159  EHBOND  =         0.0000  RESTRAINT  =         0.0000
 ------------------------------------------------------------------------------


 NSTEP =     1950   TIME(PS) =      13.900  TEMP(K) =   133.88  PRESS =     0.0
 Etot   =   -116462.8426  EKtot   =      8536.3047  EPtot      =   -124999.1473
 BOND   =        95.4137  ANGLE   =       282.8769  DIHED      =       960.8637
 1-4 NB =       276.6379  1-4 EEL =     -3908.1801  VDWAALS    =     20233.8638
 EELEC  =   -142940.6234  EHBOND  =         0.0000  RESTRAINT  =         0.0000
 ------------------------------------------------------------------------------

check COM velocity, temp:        0.000008     0.00(Removed)

 NSTEP =     2000   TIME(PS) =      14.000  TEMP(K) =   133.73  PRESS =     0.0
 Etot   =   -116394.7341  EKtot   =      8526.7090  EPtot      =   -124921.4431
 BOND   =        97.5614  ANGLE   =       286.0038  DIHED      =       939.5003
 1-4 NB =       262.7490  1-4 EEL =     -3912.0019  VDWAALS    =     20237.9945
 EELEC  =   -142833.2503  EHBOND  =         0.0000  RESTRAINT  =         0.0000
 ------------------------------------------------------------------------------


 NSTEP =     2050   TIME(PS) =      14.100  TEMP(K) =   133.88  PRESS =     0.0
 Etot   =   -116328.5636  EKtot   =      8536.1641  EPtot      =   -124864.7276
 BOND   =       101.3983  ANGLE   =       273.2880  DIHED      =       955.4355
 1-4 NB =       270.7069  1-4 EEL =     -3897.8863  VDWAALS    =     20460.9653
 EELEC  =   -143028.6353  EHBOND  =         0.0000  RESTRAINT  =         0.0000
 ------------------------------------------------------------------------------


 NSTEP =     2100   TIME(PS) =      14.200  TEMP(K) =   134.94  PRESS =     0.0
 Etot   =   -116262.7504  EKtot   =      8603.7402  EPtot      =   -124866.4907
 BOND   =       104.0388  ANGLE   =       286.1109  DIHED      =       950.8593
 1-4 NB =       268.4078  1-4 EEL =     -3923.6098  VDWAALS    =     20474.6788
 EELEC  =   -143026.9765  EHBOND  =         0.0000  RESTRAINT  =         0.0000
 ------------------------------------------------------------------------------


 NSTEP =     2150   TIME(PS) =      14.300  TEMP(K) =   136.17  PRESS =     0.0
 Etot   =   -116202.6868  EKtot   =      8682.2217  EPtot      =   -124884.9085
 BOND   =       106.1218  ANGLE   =       282.9934  DIHED      =       953.9919
 1-4 NB =       274.1115  1-4 EEL =     -3921.6782  VDWAALS    =     20409.9274
 EELEC  =   -142990.3762  EHBOND  =         0.0000  RESTRAINT  =         0.0000
 ------------------------------------------------------------------------------


 NSTEP =     2200   TIME(PS) =      14.400  TEMP(K) =   136.01  PRESS =     0.0
 Etot   =   -116144.4615  EKtot   =      8672.1113  EPtot      =   -124816.5728
 BOND   =       105.0980  ANGLE   =       276.8533  DIHED      =       950.5068
 1-4 NB =       267.8400  1-4 EEL =     -3899.1891  VDWAALS    =     20415.4490
 EELEC  =   -142933.1309  EHBOND  =         0.0000  RESTRAINT  =         0.0000
 ------------------------------------------------------------------------------


 NSTEP =     2250   TIME(PS) =      14.500  TEMP(K) =   136.82  PRESS =     0.0
 Etot   =   -116088.2245  EKtot   =      8723.4062  EPtot      =   -124811.6307
 BOND   =       104.1045  ANGLE   =       284.4998  DIHED      =       958.2741
 1-4 NB =       263.1246  1-4 EEL =     -3904.6830  VDWAALS    =     20172.5739
 EELEC  =   -142689.5245  EHBOND  =         0.0000  RESTRAINT  =         0.0000
 ------------------------------------------------------------------------------


 NSTEP =     2300   TIME(PS) =      14.600  TEMP(K) =   137.31  PRESS =     0.0
 Etot   =   -116032.4329  EKtot   =      8754.6484  EPtot      =   -124787.0814
 BOND   =       107.7087  ANGLE   =       289.9818  DIHED      =       950.3831
 1-4 NB =       263.1647  1-4 EEL =     -3915.9700  VDWAALS    =     20217.1302
 EELEC  =   -142699.4798  EHBOND  =         0.0000  RESTRAINT  =         0.0000
 ------------------------------------------------------------------------------


 NSTEP =     2350   TIME(PS) =      14.700  TEMP(K) =   137.09  PRESS =     0.0
 Etot   =   -115976.6325  EKtot   =      8740.7588  EPtot      =   -124717.3913
 BOND   =       116.1854  ANGLE   =       287.8616  DIHED      =       953.8826
 1-4 NB =       261.1382  1-4 EEL =     -3916.3162  VDWAALS    =     20278.0404
 EELEC  =   -142698.1833  EHBOND  =         0.0000  RESTRAINT  =         0.0000
 ------------------------------------------------------------------------------


 NSTEP =     2400   TIME(PS) =      14.800  TEMP(K) =   138.81  PRESS =     0.0
 Etot   =   -115926.6561  EKtot   =      8850.6406  EPtot      =   -124777.2967
 BOND   =       101.3252  ANGLE   =       273.4628  DIHED      =       956.1665
 1-4 NB =       273.4273  1-4 EEL =     -3918.0077  VDWAALS    =     20263.3649
 EELEC  =   -142727.0357  EHBOND  =         0.0000  RESTRAINT  =         0.0000
 ------------------------------------------------------------------------------


 NSTEP =     2450   TIME(PS) =      14.900  TEMP(K) =   138.45  PRESS =     0.0
 Etot   =   -115878.6111  EKtot   =      8827.6152  EPtot      =   -124706.2264
 BOND   =       108.1403  ANGLE   =       283.7260  DIHED      =       948.1178
 1-4 NB =       269.9469  1-4 EEL =     -3911.8332  VDWAALS    =     20199.0040
 EELEC  =   -142603.3281  EHBOND  =         0.0000  RESTRAINT  =         0.0000
 ------------------------------------------------------------------------------


 NSTEP =     2500   TIME(PS) =      15.000  TEMP(K) =   139.22  PRESS =     0.0
 Etot   =   -115830.4895  EKtot   =      8876.2480  EPtot      =   -124706.7375
 BOND   =       117.4431  ANGLE   =       278.6456  DIHED      =       962.2959
 1-4 NB =       262.6298  1-4 EEL =     -3919.8854  VDWAALS    =     20272.7772
 EELEC  =   -142680.6437  EHBOND  =         0.0000  RESTRAINT  =         0.0000
 ------------------------------------------------------------------------------


      A V E R A G E S   O V E R      50 S T E P S


 NSTEP =     2500   TIME(PS) =      15.000  TEMP(K) =   121.76  PRESS =     0.0
 Etot   =   -118019.7603  EKtot   =      7763.3559  EPtot      =   -125783.1162
 BOND   =        93.1923  ANGLE   =       268.1170  DIHED      =       943.4306
 1-4 NB =       266.1330  1-4 EEL =     -3914.8382  VDWAALS    =     20604.7264
 EELEC  =   -144043.8772  EHBOND  =         0.0000  RESTRAINT  =         0.0000
 ------------------------------------------------------------------------------


      R M S  F L U C T U A T I O N S


 NSTEP =     2500   TIME(PS) =      15.000  TEMP(K) =    12.98  PRESS =     0.0
 Etot   =      1695.0028  EKtot   =       827.6467  EPtot      =       868.4662
 BOND   =        10.7829  ANGLE   =        15.2504  DIHED      =         8.8710
 1-4 NB =         4.2840  1-4 EEL =        10.1034  VDWAALS    =       327.9218
 EELEC  =      1153.9014  EHBOND  =         0.0000  RESTRAINT  =         0.0000
 ------------------------------------------------------------------------------

--------------------------------------------------------------------------------
   5.  TIMINGS
--------------------------------------------------------------------------------

|  NonSetup CPU Time in Major Routines:
|
|     Routine           Sec        %
|     ------------------------------
|     Nonbond           0.39    9.99
|     Bond              0.00    0.00
|     Angle             0.00    0.00
|     Dihedral          0.00    0.00
|     Shake             0.02    0.46
|     RunMD             3.45   89.40
|     Other             0.01    0.15
|     ------------------------------
|     Total             3.86

|  PME Nonbond Pairlist CPU Time:
|
|     Routine              Sec        %
|     ---------------------------------
|     Set Up Cit           0.00    0.00
|     Build List           0.00    0.00
|     ---------------------------------
|     Total                0.00    0.00

|  PME Direct Force CPU Time:
|
|     Routine              Sec        %
|     ---------------------------------
|     NonBonded Calc       0.00    0.00
|     Exclude Masked       0.00    0.00
|     Other                0.00    0.10
|     ---------------------------------
|     Total                0.00    0.10

|  PME Reciprocal Force CPU Time:
|
|     Routine              Sec        %
|     ---------------------------------
|     1D bspline           0.00    0.00
|     Grid Charges         0.00    0.00
|     Scalar Sum           0.00    0.00
|     Gradient Sum         0.00    0.00
|     FFT                  0.00    0.00
|     ---------------------------------
|     Total                0.00    0.00

|  Final Performance Info:
|     -----------------------------------------------------
|     Average timings for last    2450 steps:
|     Elapsed(s) =       7.55 Per Step(ms) =       3.08
|         ns/day =      56.09   seconds/ns =    1540.39
|
|     Average timings for all steps:
|     Elapsed(s) =       7.71 Per Step(ms) =       3.09
|         ns/day =      56.00   seconds/ns =    1542.78
|     -----------------------------------------------------

|  Setup CPU time:            0.87 seconds
|  NonSetup CPU time:         3.86 seconds
|  Total CPU time:            4.73 seconds     0.00 hours

|  Setup wall time:           2    seconds
|  NonSetup wall time:        8    seconds
|  Total wall time:          10    seconds     0.00 hours
