
          -------------------------------------------------------
          Amber 16 PMEMD                              2016
          -------------------------------------------------------

| PMEMD implementation of SANDER, Release 16

| Run on 08/25/2020 at 11:16:05

|   Executable path: pmemd.cuda
| Working directory: /home/kyq/T7RNADNA/10/LA10
|          Hostname: gpu01

  [-O]verwriting output

File Assignments:
|   MDIN: min2.in                                                               
|  MDOUT: cmp_min2.out                                                          
| INPCRD: cmp_min1.rst                                                          
|   PARM: cmp.prmtop                                                            
| RESTRT: cmp_min2.rst                                                          
|   REFC: cmp.inpcrd                                                            
|  MDVEL: mdvel                                                                 
|   MDEN: mden                                                                  
|  MDCRD: mdcrd                                                                 
| MDINFO: mdinfo                                                                
|  MDFRC: mdfrc                                                                 

 
 Here is the input file:
 
Initial minimisation of our structures                                         
 &cntrl                                                                        
  imin=1, maxcyc=10000, ncyc=5000,                                             
  cut=10, ntb=1,ntr=1,                                                         
  restraint_wt=2.0                                                             
  restraintmask=':1-554@CA,N,C'                                                
                                                                               
/                                                                              


Note: ig = -1. Setting random seed to    98853 based on wallclock time in 
      microseconds.
 
|--------------------- INFORMATION ----------------------
| GPU (CUDA) Version of PMEMD in use: NVIDIA GPU IN USE.
|                    Version 16.0.0
| 
|                      02/25/2016
| 
| Implementation by:
|                    Ross C. Walker     (SDSC)
|                    Scott Le Grand     (nVIDIA)
| 
| Precision model in use:
|      [SPFP] - Single Precision Forces, 64-bit Fixed Point
|               Accumulation. (Default)
| 
|--------------------------------------------------------
 
|----------------- CITATION INFORMATION -----------------
|
|    When publishing work that utilized the CUDA version
|    of AMBER, please cite the following in addition to
|    the regular AMBER citations:
|
|  - Romelia Salomon-Ferrer; Andreas W. Goetz; Duncan
|    Poole; Scott Le Grand; Ross C. Walker "Routine
|    microsecond molecular dynamics simulations with
|    AMBER - Part II: Particle Mesh Ewald", J. Chem.
|    Theory Comput., 2013, 9 (9), pp3878-3888,
|    DOI: 10.1021/ct400314y.
|
|  - Andreas W. Goetz; Mark J. Williamson; Dong Xu;
|    Duncan Poole; Scott Le Grand; Ross C. Walker
|    "Routine microsecond molecular dynamics simulations
|    with AMBER - Part I: Generalized Born", J. Chem.
|    Theory Comput., 2012, 8 (5), pp1542-1555.
|
|  - Scott Le Grand; Andreas W. Goetz; Ross C. Walker
|    "SPFP: Speed without compromise - a mixed precision
|    model for GPU accelerated molecular dynamics
|    simulations.", Comp. Phys. Comm., 2013, 184
|    pp374-380, DOI: 10.1016/j.cpc.2012.09.022
|
|--------------------------------------------------------
 
|------------------- GPU DEVICE INFO --------------------
|
|            CUDA_VISIBLE_DEVICES: 0
|   CUDA Capable Devices Detected:      1
|           CUDA Device ID in use:      0
|                CUDA Device Name: Tesla P100-PCIE-16GB
|     CUDA Device Global Mem Size:  16276 MB
| CUDA Device Num Multiprocessors:     56
|           CUDA Device Core Freq:   1.33 GHz
|
|--------------------------------------------------------
 
 
| Conditional Compilation Defines Used:
| PUBFFT
| BINTRAJ
| CUDA
| EMIL
 
| Largest sphere to fit in unit cell has radius =    31.714

| New format PARM file being parsed.
| Version =    1.000 Date = 08/25/20 Time = 11:15:14

| Note: 1-4 EEL scale factors are being read from the topology file.

| Note: 1-4 VDW scale factors are being read from the topology file.
| Duplicated    0 dihedrals

| Duplicated    0 dihedrals

--------------------------------------------------------------------------------
   1.  RESOURCE   USE: 
--------------------------------------------------------------------------------

 getting box info from netcdf restart file
 NATOM  =   31725 NTYPES =      18 NBONH =   31002 MBONA  =     774
 NTHETH =     892 MTHETA =    1191 NPHIH =    1828 MPHIA  =    2451
 NHPARM =       0 NPARM  =       0 NNB   =   46817 NRES   =   10274
 NBONA  =     774 NTHETA =    1191 NPHIA =    2451 NUMBND =      61
 NUMANG =     127 NPTRA  =      75 NATYP =      34 NPHB   =       1
 IFBOX  =       2 NMXRS  =      33 IFCAP =       0 NEXTRA =       0
 NCOPY  =       0

| Coordinate Index Table dimensions:    12   12   12
| Direct force subcell size =     6.4736    6.4736    6.4736

     BOX TYPE: TRUNCATED OCTAHEDRON

--------------------------------------------------------------------------------
   2.  CONTROL  DATA  FOR  THE  RUN
--------------------------------------------------------------------------------

default_name                                                                    

General flags:
     imin    =       1, nmropt  =       0

Nature and format of input:
     ntx     =       1, irest   =       0, ntrx    =       1

Nature and format of output:
     ntxo    =       2, ntpr    =      50, ntrx    =       1, ntwr    =       1
     iwrap   =       0, ntwx    =       0, ntwv    =       0, ntwe    =       0
     ioutfm  =       1, ntwprt  =       0, idecomp =       0, rbornstat=      0

Potential function:
     ntf     =       1, ntb     =       1, igb     =       0, nsnb    =      25
     ipol    =       0, gbsa    =       0, iesp    =       0
     dielc   =   1.00000, cut     =  10.00000, intdiel =   1.00000

Frozen or restrained atoms:
     ibelly  =       0, ntr     =       1
     restraint_wt =   2.00000

Energy minimization:
     maxcyc  =   10000, ncyc    =    5000, ntmin   =       1
     dx0     =   0.01000, drms    =   0.00010

| Intermolecular bonds treatment:
|     no_intermolecular_bonds =       1

| Energy averages sample interval:
|     ene_avg_sampling =       1

Ewald parameters:
     verbose =       0, ew_type =       0, nbflag  =       1, use_pme =       1
     vdwmeth =       1, eedmeth =       1, netfrc  =       0
     Box X =   77.684   Box Y =   77.684   Box Z =   77.684
     Alpha =  109.471   Beta  =  109.471   Gamma =  109.471
     NFFT1 =   80       NFFT2 =   80       NFFT3 =   80
     Cutoff=   10.000   Tol   =0.100E-04
     Ewald Coefficient =  0.27511
     Interpolation order =    4

    LOADING THE CONSTRAINED ATOMS AS GROUPS


   5.  REFERENCE ATOM COORDINATES

  default_name                                                                    
     Mask :1-554@CA,N,C; matches     0 atoms

--------------------------------------------------------------------------------
   3.  ATOMIC COORDINATES AND VELOCITIES
--------------------------------------------------------------------------------

default_name                                                                    
 begin time read from input coords =     0.000 ps

 
 Number of triangulated 3-point waters found:    10208

     Sum of charges from parm topology file =   0.00000018
     Forcing neutrality...

| Dynamic Memory, Types Used:
| Reals              969789
| Integers           806004

| Nonbonded Pairs Initial Allocation:     9596019

| GPU memory information (estimate):
| KB of GPU memory in use:    164029
| KB of CPU memory in use:     52897

--------------------------------------------------------------------------------
   4.  RESULTS
--------------------------------------------------------------------------------

 ---------------------------------------------------
 APPROXIMATING switch and d/dx switch using CUBIC SPLINE INTERPOLATION
 using   5000.0 points per unit in tabled values
 TESTING RELATIVE ERROR over r ranging from 0.0 to cutoff
| CHECK switch(x): max rel err =   0.3316E-14   at   2.351880
| CHECK d/dx switch(x): max rel err =   0.8066E-11   at   2.747240
 ---------------------------------------------------
|---------------------------------------------------
| APPROXIMATING direct energy using CUBIC SPLINE INTERPOLATION
|  with   50.0 points per unit in tabled values
| Relative Error Limit not exceeded for r .gt.   2.34
| APPROXIMATING direct force using CUBIC SPLINE INTERPOLATION
|  with   50.0 points per unit in tabled values
| Relative Error Limit not exceeded for r .gt.   2.81
|---------------------------------------------------


   NSTEP       ENERGY          RMS            GMAX         NAME    NUMBER
      1      -1.3668E+05     4.5497E-01     1.8864E+01     Na+      1076

 BOND    =     9900.2996  ANGLE   =      195.4723  DIHED      =      957.6969
 VDWAALS =    24429.6203  EEL     =  -168475.3682  HBOND      =        0.0000
 1-4 VDW =      260.4402  1-4 EEL =    -3947.1278  RESTRAINT  =        0.0000


   NSTEP       ENERGY          RMS            GMAX         NAME    NUMBER
     50      -1.3683E+05     2.4056E-01     7.2851E+00     P         346

 BOND    =     9912.5239  ANGLE   =      187.6891  DIHED      =      960.0206
 VDWAALS =    24514.3372  EEL     =  -168713.9268  HBOND      =        0.0000
 1-4 VDW =      258.1774  1-4 EEL =    -3953.7184  RESTRAINT  =        0.0000


   NSTEP       ENERGY          RMS            GMAX         NAME    NUMBER
    100      -1.3692E+05     5.5886E-01     4.1530E+01     P         346

 BOND    =     9927.7710  ANGLE   =      185.2881  DIHED      =      961.0097
 VDWAALS =    24564.8903  EEL     =  -168859.3745  HBOND      =        0.0000
 1-4 VDW =      258.0438  1-4 EEL =    -3953.7597  RESTRAINT  =        0.0000


   NSTEP       ENERGY          RMS            GMAX         NAME    NUMBER
    150      -1.3699E+05     2.0991E-01     1.6956E+01     P         346

 BOND    =     9930.8004  ANGLE   =      181.5049  DIHED      =      962.0090
 VDWAALS =    24608.0957  EEL     =  -168977.6554  HBOND      =        0.0000
 1-4 VDW =      257.6403  1-4 EEL =    -3952.5983  RESTRAINT  =        0.0000


   NSTEP       ENERGY          RMS            GMAX         NAME    NUMBER
    200      -1.3705E+05     4.6061E-01     3.6214E+01     P         346

 BOND    =     9940.2880  ANGLE   =      179.4384  DIHED      =      962.7890
 VDWAALS =    24645.5285  EEL     =  -169081.0419  HBOND      =        0.0000
 1-4 VDW =      257.3622  1-4 EEL =    -3951.4482  RESTRAINT  =        0.0000


   NSTEP       ENERGY          RMS            GMAX         NAME    NUMBER
    250      -1.3711E+05     1.5817E-01     7.1729E+00     N9        668

 BOND    =     9945.4416  ANGLE   =      177.2950  DIHED      =      963.3997
 VDWAALS =    24680.6105  EEL     =  -169179.0279  HBOND      =        0.0000
 1-4 VDW =      257.3370  1-4 EEL =    -3950.7450  RESTRAINT  =        0.0000


   NSTEP       ENERGY          RMS            GMAX         NAME    NUMBER
    300      -1.3716E+05     3.9416E-01     2.9554E+01     C5        800

 BOND    =     9953.0858  ANGLE   =      176.7250  DIHED      =      963.8255
 VDWAALS =    24711.6008  EEL     =  -169267.7704  HBOND      =        0.0000
 1-4 VDW =      257.1365  1-4 EEL =    -3949.9393  RESTRAINT  =        0.0000


   NSTEP       ENERGY          RMS            GMAX         NAME    NUMBER
    350      -1.3721E+05     1.9631E-01     1.4144E+01     C4        682

 BOND    =     9958.0676  ANGLE   =      175.1855  DIHED      =      964.1889
 VDWAALS =    24739.0094  EEL     =  -169351.2404  HBOND      =        0.0000
 1-4 VDW =      257.1254  1-4 EEL =    -3949.0905  RESTRAINT  =        0.0000


   NSTEP       ENERGY          RMS            GMAX         NAME    NUMBER
    400      -1.3725E+05     3.1891E-01     2.8647E+01     C2        274

 BOND    =     9964.6935  ANGLE   =      175.1892  DIHED      =      964.5935
 VDWAALS =    24764.9584  EEL     =  -169432.4813  HBOND      =        0.0000
 1-4 VDW =      257.1258  1-4 EEL =    -3948.4475  RESTRAINT  =        0.0000


   NSTEP       ENERGY          RMS            GMAX         NAME    NUMBER
    450      -1.3730E+05     1.1613E-01     6.5549E+00     Na+      1072

 BOND    =     9969.1038  ANGLE   =      173.8820  DIHED      =      964.9628
 VDWAALS =    24792.5312  EEL     =  -169509.6544  HBOND      =        0.0000
 1-4 VDW =      257.1935  1-4 EEL =    -3947.9569  RESTRAINT  =        0.0000


   NSTEP       ENERGY          RMS            GMAX         NAME    NUMBER
    500      -1.3734E+05     3.0268E-01     2.7383E+01     C2        274

 BOND    =     9975.1157  ANGLE   =      173.1128  DIHED      =      964.8899
 VDWAALS =    24821.7493  EEL     =  -169584.7891  HBOND      =        0.0000
 1-4 VDW =      257.2091  1-4 EEL =    -3947.1877  RESTRAINT  =        0.0000


   NSTEP       ENERGY          RMS            GMAX         NAME    NUMBER
    550      -1.3737E+05     3.9719E-01     3.8053E+01     C2        274

 BOND    =     9981.8584  ANGLE   =      171.7754  DIHED      =      964.6041
 VDWAALS =    24848.2088  EEL     =  -169652.4220  HBOND      =        0.0000
 1-4 VDW =      257.2931  1-4 EEL =    -3946.2173  RESTRAINT  =        0.0000


   NSTEP       ENERGY          RMS            GMAX         NAME    NUMBER
    600      -1.3741E+05     1.7746E-01     1.5919E+01     C2        274

 BOND    =     9985.2628  ANGLE   =      170.1715  DIHED      =      964.3768
 VDWAALS =    24874.3445  EEL     =  -169719.1915  HBOND      =        0.0000
 1-4 VDW =      257.2420  1-4 EEL =    -3945.0822  RESTRAINT  =        0.0000


   NSTEP       ENERGY          RMS            GMAX         NAME    NUMBER
    650      -1.3745E+05     3.9297E-01     3.9205E+01     C6        673

 BOND    =     9992.6076  ANGLE   =      168.8617  DIHED      =      964.1797
 VDWAALS =    24898.6597  EEL     =  -169782.6792  HBOND      =        0.0000
 1-4 VDW =      257.4254  1-4 EEL =    -3944.1343  RESTRAINT  =        0.0000


   NSTEP       ENERGY          RMS            GMAX         NAME    NUMBER
    700      -1.3748E+05     1.2017E-01     1.0295E+01     C2        274

 BOND    =     9994.7452  ANGLE   =      168.7701  DIHED      =      963.9679
 VDWAALS =    24922.6606  EEL     =  -169843.0836  HBOND      =        0.0000
 1-4 VDW =      257.2018  1-4 EEL =    -3943.8092  RESTRAINT  =        0.0000


   NSTEP       ENERGY          RMS            GMAX         NAME    NUMBER
    750      -1.3751E+05     3.1094E-01     3.0291E+01     C2        274

 BOND    =    10001.0374  ANGLE   =      167.9173  DIHED      =      963.8064
 VDWAALS =    24946.2681  EEL     =  -169902.6602  HBOND      =        0.0000
 1-4 VDW =      257.3273  1-4 EEL =    -3943.1760  RESTRAINT  =        0.0000


   NSTEP       ENERGY          RMS            GMAX         NAME    NUMBER
    800      -1.3754E+05     1.5706E-01     1.6655E+01     C2        274

 BOND    =    10003.5604  ANGLE   =      167.9073  DIHED      =      963.6865
 VDWAALS =    24969.0699  EEL     =  -169959.4981  HBOND      =        0.0000
 1-4 VDW =      257.0179  1-4 EEL =    -3942.4759  RESTRAINT  =        0.0000


   NSTEP       ENERGY          RMS            GMAX         NAME    NUMBER
    850      -1.3757E+05     2.7690E-01     3.2000E+01     C2        274

 BOND    =    10009.1154  ANGLE   =      167.2117  DIHED      =      963.5901
 VDWAALS =    24990.9721  EEL     =  -170016.0439  HBOND      =        0.0000
 1-4 VDW =      257.0347  1-4 EEL =    -3941.7602  RESTRAINT  =        0.0000


   NSTEP       ENERGY          RMS            GMAX         NAME    NUMBER
    900      -1.3760E+05     3.8284E-01     3.9763E+01     C2        274

 BOND    =    10012.3002  ANGLE   =      168.5637  DIHED      =      963.5031
 VDWAALS =    25011.6255  EEL     =  -170068.3087  HBOND      =        0.0000
 1-4 VDW =      256.6052  1-4 EEL =    -3941.4427  RESTRAINT  =        0.0000


   NSTEP       ENERGY          RMS            GMAX         NAME    NUMBER
    950      -1.3763E+05     2.2961E-01     2.5668E+01     C2        274

 BOND    =    10017.3797  ANGLE   =      166.4437  DIHED      =      963.4206
 VDWAALS =    25031.2237  EEL     =  -170120.9166  HBOND      =        0.0000
 1-4 VDW =      256.9920  1-4 EEL =    -3940.9887  RESTRAINT  =        0.0000


   NSTEP       ENERGY          RMS            GMAX         NAME    NUMBER
   1000      -1.3765E+05     3.0662E-01     4.0570E+01     C2        274

 BOND    =    10021.4894  ANGLE   =      166.8153  DIHED      =      963.3626
 VDWAALS =    25050.5213  EEL     =  -170171.4364  HBOND      =        0.0000
 1-4 VDW =      256.7993  1-4 EEL =    -3940.6447  RESTRAINT  =        0.0000


   NSTEP       ENERGY          RMS            GMAX         NAME    NUMBER
   1050      -1.3768E+05     8.9445E-02     4.5665E+00     C2        274

 BOND    =    10024.2117  ANGLE   =      166.3687  DIHED      =      963.3436
 VDWAALS =    25069.6449  EEL     =  -170222.1346  HBOND      =        0.0000
 1-4 VDW =      256.6329  1-4 EEL =    -3940.0004  RESTRAINT  =        0.0000


   NSTEP       ENERGY          RMS            GMAX         NAME    NUMBER
   1100      -1.3771E+05     3.1641E-01     3.6362E+01     C2        274

 BOND    =    10030.0007  ANGLE   =      165.8412  DIHED      =      963.3391
 VDWAALS =    25088.3564  EEL     =  -170272.3729  HBOND      =        0.0000
 1-4 VDW =      256.6491  1-4 EEL =    -3939.3319  RESTRAINT  =        0.0000


   NSTEP       ENERGY          RMS            GMAX         NAME    NUMBER
   1150      -1.3773E+05     9.3429E-02     6.4533E+00     C2        274

 BOND    =    10032.0359  ANGLE   =      166.0205  DIHED      =      963.3163
 VDWAALS =    25105.5861  EEL     =  -170317.9268  HBOND      =        0.0000
 1-4 VDW =      256.4904  1-4 EEL =    -3939.2595  RESTRAINT  =        0.0000


   NSTEP       ENERGY          RMS            GMAX         NAME    NUMBER
   1200      -1.3776E+05     2.4269E-01     3.0381E+01     C2        274

 BOND    =    10036.4357  ANGLE   =      166.1630  DIHED      =      963.3156
 VDWAALS =    25123.1560  EEL     =  -170365.1329  HBOND      =        0.0000
 1-4 VDW =      256.4240  1-4 EEL =    -3939.0526  RESTRAINT  =        0.0000


   NSTEP       ENERGY          RMS            GMAX         NAME    NUMBER
   1250      -1.3778E+05     3.5424E-01     3.4712E+01     C2        274

 BOND    =    10040.0377  ANGLE   =      166.8598  DIHED      =      963.3289
 VDWAALS =    25139.6917  EEL     =  -170409.4861  HBOND      =        0.0000
 1-4 VDW =      256.2056  1-4 EEL =    -3938.8901  RESTRAINT  =        0.0000


   NSTEP       ENERGY          RMS            GMAX         NAME    NUMBER
   1300      -1.3781E+05     1.5000E-01     1.6532E+01     C2        274

 BOND    =    10043.3017  ANGLE   =      165.5394  DIHED      =      963.3724
 VDWAALS =    25155.7019  EEL     =  -170453.8157  HBOND      =        0.0000
 1-4 VDW =      256.2584  1-4 EEL =    -3938.3129  RESTRAINT  =        0.0000


   NSTEP       ENERGY          RMS            GMAX         NAME    NUMBER
   1350      -1.3783E+05     9.0806E-02     6.0653E+00     C2        274

 BOND    =    10047.1374  ANGLE   =      164.9835  DIHED      =      963.3852
 VDWAALS =    25171.4845  EEL     =  -170496.7967  HBOND      =        0.0000
 1-4 VDW =      256.2979  1-4 EEL =    -3938.1380  RESTRAINT  =        0.0000


   NSTEP       ENERGY          RMS            GMAX         NAME    NUMBER
   1400      -1.3785E+05     1.1533E-01     9.6588E+00     C2        274

 BOND    =    10051.0676  ANGLE   =      164.5831  DIHED      =      963.4031
 VDWAALS =    25187.6354  EEL     =  -170539.9000  HBOND      =        0.0000
 1-4 VDW =      256.2895  1-4 EEL =    -3937.9135  RESTRAINT  =        0.0000


   NSTEP       ENERGY          RMS            GMAX         NAME    NUMBER
   1450      -1.3788E+05     2.6096E-01     2.1164E+01     C6        673

 BOND    =    10054.2856  ANGLE   =      165.4640  DIHED      =      963.4133
 VDWAALS =    25204.4882  EEL     =  -170582.9497  HBOND      =        0.0000
 1-4 VDW =      256.0161  1-4 EEL =    -3937.9038  RESTRAINT  =        0.0000


   NSTEP       ENERGY          RMS            GMAX         NAME    NUMBER
   1500      -1.3790E+05     8.5203E-02     5.5177E+00     C2        274

 BOND    =    10057.8719  ANGLE   =      164.2960  DIHED      =      963.4447
 VDWAALS =    25220.5369  EEL     =  -170624.1632  HBOND      =        0.0000
 1-4 VDW =      256.1444  1-4 EEL =    -3937.5123  RESTRAINT  =        0.0000


   NSTEP       ENERGY          RMS            GMAX         NAME    NUMBER
   1550      -1.3792E+05     2.1669E-01     2.6811E+01     C2        274

 BOND    =    10061.8851  ANGLE   =      164.1786  DIHED      =      963.4778
 VDWAALS =    25237.1751  EEL     =  -170665.7390  HBOND      =        0.0000
 1-4 VDW =      256.1130  1-4 EEL =    -3937.2589  RESTRAINT  =        0.0000


   NSTEP       ENERGY          RMS            GMAX         NAME    NUMBER
   1600      -1.3794E+05     9.1079E-02     7.1848E+00     C2        274

 BOND    =    10064.7817  ANGLE   =      163.9122  DIHED      =      963.4957
 VDWAALS =    25252.9627  EEL     =  -170705.1284  HBOND      =        0.0000
 1-4 VDW =      256.0855  1-4 EEL =    -3937.1740  RESTRAINT  =        0.0000


   NSTEP       ENERGY          RMS            GMAX         NAME    NUMBER
   1650      -1.3796E+05     1.1901E-01     1.2516E+01     C2        274

 BOND    =    10068.1893  ANGLE   =      163.7464  DIHED      =      963.5243
 VDWAALS =    25268.3385  EEL     =  -170744.0596  HBOND      =        0.0000
 1-4 VDW =      256.0636  1-4 EEL =    -3936.9963  RESTRAINT  =        0.0000


   NSTEP       ENERGY          RMS            GMAX         NAME    NUMBER
   1700      -1.3798E+05     2.6779E-01     2.8889E+01     C2        274

 BOND    =    10071.5712  ANGLE   =      164.3441  DIHED      =      963.5429
 VDWAALS =    25283.2843  EEL     =  -170782.3360  HBOND      =        0.0000
 1-4 VDW =      255.9009  1-4 EEL =    -3936.9518  RESTRAINT  =        0.0000


   NSTEP       ENERGY          RMS            GMAX         NAME    NUMBER
   1750      -1.3800E+05     1.4177E-01     1.6105E+01     C2        274

 BOND    =    10074.3834  ANGLE   =      163.7723  DIHED      =      963.5774
 VDWAALS =    25297.6688  EEL     =  -170820.4894  HBOND      =        0.0000
 1-4 VDW =      255.9592  1-4 EEL =    -3936.6014  RESTRAINT  =        0.0000


   NSTEP       ENERGY          RMS            GMAX         NAME    NUMBER
   1800      -1.3802E+05     2.1606E-01     2.6850E+01     C2        274

 BOND    =    10077.7326  ANGLE   =      163.7577  DIHED      =      963.5791
 VDWAALS =    25312.6458  EEL     =  -170858.5755  HBOND      =        0.0000
 1-4 VDW =      255.9656  1-4 EEL =    -3936.3490  RESTRAINT  =        0.0000


   NSTEP       ENERGY          RMS            GMAX         NAME    NUMBER
   1850      -1.3804E+05     7.8088E-02     4.3773E+00     C2        274

 BOND    =    10080.1539  ANGLE   =      163.4798  DIHED      =      963.5263
 VDWAALS =    25327.9885  EEL     =  -170895.9499  HBOND      =        0.0000
 1-4 VDW =      255.9539  1-4 EEL =    -3936.0800  RESTRAINT  =        0.0000


   NSTEP       ENERGY          RMS            GMAX         NAME    NUMBER
   1900      -1.3806E+05     1.1620E-01     1.1721E+01     C2        274

 BOND    =    10083.2672  ANGLE   =      163.4086  DIHED      =      963.4549
 VDWAALS =    25343.6506  EEL     =  -170934.0127  HBOND      =        0.0000
 1-4 VDW =      255.9018  1-4 EEL =    -3935.7386  RESTRAINT  =        0.0000


   NSTEP       ENERGY          RMS            GMAX         NAME    NUMBER
   1950      -1.3808E+05     8.5330E-02     6.6542E+00     C2        274

 BOND    =    10086.2094  ANGLE   =      163.1641  DIHED      =      963.3854
 VDWAALS =    25358.6265  EEL     =  -170970.7188  HBOND      =        0.0000
 1-4 VDW =      255.8724  1-4 EEL =    -3935.3387  RESTRAINT  =        0.0000


   NSTEP       ENERGY          RMS            GMAX         NAME    NUMBER
   2000      -1.3810E+05     1.2485E-01     1.2189E+01     C2        274

 BOND    =    10089.1927  ANGLE   =      163.1361  DIHED      =      963.3065
 VDWAALS =    25373.2067  EEL     =  -171006.6973  HBOND      =        0.0000
 1-4 VDW =      255.7991  1-4 EEL =    -3935.0167  RESTRAINT  =        0.0000


   NSTEP       ENERGY          RMS            GMAX         NAME    NUMBER
   2050      -1.3811E+05     7.6356E-02     4.4391E+00     C2        274

 BOND    =    10092.2000  ANGLE   =      162.7850  DIHED      =      963.2204
 VDWAALS =    25386.6577  EEL     =  -171040.6440  HBOND      =        0.0000
 1-4 VDW =      255.7994  1-4 EEL =    -3934.7472  RESTRAINT  =        0.0000


   NSTEP       ENERGY          RMS            GMAX         NAME    NUMBER
   2100      -1.3813E+05     7.7025E-02     4.2855E+00     C2        274

 BOND    =    10095.1111  ANGLE   =      162.6448  DIHED      =      963.1311
 VDWAALS =    25399.6475  EEL     =  -171074.3365  HBOND      =        0.0000
 1-4 VDW =      255.7373  1-4 EEL =    -3934.4761  RESTRAINT  =        0.0000


   NSTEP       ENERGY          RMS            GMAX         NAME    NUMBER
   2150      -1.3815E+05     1.9750E-01     2.2424E+01     C2        274

 BOND    =    10098.8294  ANGLE   =      162.3948  DIHED      =      963.0240
 VDWAALS =    25412.4762  EEL     =  -171108.8132  HBOND      =        0.0000
 1-4 VDW =      255.7161  1-4 EEL =    -3934.2194  RESTRAINT  =        0.0000


   NSTEP       ENERGY          RMS            GMAX         NAME    NUMBER
   2200      -1.3817E+05     2.8797E-01     3.4419E+01     C2        274

 BOND    =    10101.6098  ANGLE   =      163.0692  DIHED      =      962.8964
 VDWAALS =    25425.9833  EEL     =  -171143.1353  HBOND      =        0.0000
 1-4 VDW =      255.4493  1-4 EEL =    -3934.1229  RESTRAINT  =        0.0000


   NSTEP       ENERGY          RMS            GMAX         NAME    NUMBER
   2250      -1.3819E+05     1.6967E-01     1.8928E+01     C2        274

 BOND    =    10104.0606  ANGLE   =      162.3305  DIHED      =      962.7657
 VDWAALS =    25439.0789  EEL     =  -171176.2062  HBOND      =        0.0000
 1-4 VDW =      255.4546  1-4 EEL =    -3933.7016  RESTRAINT  =        0.0000


   NSTEP       ENERGY          RMS            GMAX         NAME    NUMBER
   2300      -1.3820E+05     7.7915E-02     5.0847E+00     C2        274

 BOND    =    10106.5144  ANGLE   =      162.2772  DIHED      =      962.5928
 VDWAALS =    25451.5920  EEL     =  -171207.5118  HBOND      =        0.0000
 1-4 VDW =      255.3235  1-4 EEL =    -3933.5751  RESTRAINT  =        0.0000


   NSTEP       ENERGY          RMS            GMAX         NAME    NUMBER
   2350      -1.3822E+05     1.1114E-01     1.0801E+01     C2        274

 BOND    =    10109.5157  ANGLE   =      162.1405  DIHED      =      962.4093
 VDWAALS =    25463.8487  EEL     =  -171238.5786  HBOND      =        0.0000
 1-4 VDW =      255.2364  1-4 EEL =    -3933.3848  RESTRAINT  =        0.0000


   NSTEP       ENERGY          RMS            GMAX         NAME    NUMBER
   2400      -1.3823E+05     1.9975E-01     2.4038E+01     C2        274

 BOND    =    10112.8088  ANGLE   =      162.0799  DIHED      =      962.2195
 VDWAALS =    25475.8524  EEL     =  -171269.2045  HBOND      =        0.0000
 1-4 VDW =      255.1522  1-4 EEL =    -3933.2190  RESTRAINT  =        0.0000


   NSTEP       ENERGY          RMS            GMAX         NAME    NUMBER
   2450      -1.3825E+05     7.0774E-02     3.7090E+00     C2        274

 BOND    =    10114.9504  ANGLE   =      161.9728  DIHED      =      962.0438
 VDWAALS =    25487.3102  EEL     =  -171298.6606  HBOND      =        0.0000
 1-4 VDW =      255.0401  1-4 EEL =    -3933.0187  RESTRAINT  =        0.0000


   NSTEP       ENERGY          RMS            GMAX         NAME    NUMBER
   2500      -1.3827E+05     1.7951E-01     2.0004E+01     C2        274

 BOND    =    10117.7653  ANGLE   =      162.2788  DIHED      =      961.8632
 VDWAALS =    25498.9663  EEL     =  -171328.8497  HBOND      =        0.0000
 1-4 VDW =      254.8803  1-4 EEL =    -3932.8728  RESTRAINT  =        0.0000


   NSTEP       ENERGY          RMS            GMAX         NAME    NUMBER
   2550      -1.3828E+05     6.7754E-02     3.0806E+00     C2        274

 BOND    =    10120.5805  ANGLE   =      161.8382  DIHED      =      961.6844
 VDWAALS =    25510.2103  EEL     =  -171358.4421  HBOND      =        0.0000
 1-4 VDW =      254.8755  1-4 EEL =    -3932.6969  RESTRAINT  =        0.0000


   NSTEP       ENERGY          RMS            GMAX         NAME    NUMBER
   2600      -1.3830E+05     1.1919E-01     1.2295E+01     C2        274

 BOND    =    10123.3933  ANGLE   =      161.8423  DIHED      =      961.5174
 VDWAALS =    25521.1443  EEL     =  -171387.0693  HBOND      =        0.0000
 1-4 VDW =      254.7981  1-4 EEL =    -3932.5577  RESTRAINT  =        0.0000


   NSTEP       ENERGY          RMS            GMAX         NAME    NUMBER
   2650      -1.3831E+05     6.9172E-02     4.3966E+00     C2        274

 BOND    =    10125.9227  ANGLE   =      161.6506  DIHED      =      961.3662
 VDWAALS =    25531.5900  EEL     =  -171414.3605  HBOND      =        0.0000
 1-4 VDW =      254.7685  1-4 EEL =    -3932.3469  RESTRAINT  =        0.0000


   NSTEP       ENERGY          RMS            GMAX         NAME    NUMBER
   2700      -1.3833E+05     6.8752E-02     4.1792E+00     C2        274

 BOND    =    10128.5503  ANGLE   =      161.5144  DIHED      =      961.2123
 VDWAALS =    25542.0022  EEL     =  -171441.6613  HBOND      =        0.0000
 1-4 VDW =      254.7390  1-4 EEL =    -3932.1680  RESTRAINT  =        0.0000


   NSTEP       ENERGY          RMS            GMAX         NAME    NUMBER
   2750      -1.3834E+05     2.1784E-01     2.4562E+01     C2        274

 BOND    =    10131.1267  ANGLE   =      161.9863  DIHED      =      961.0607
 VDWAALS =    25552.3324  EEL     =  -171468.6126  HBOND      =        0.0000
 1-4 VDW =      254.5843  1-4 EEL =    -3932.0370  RESTRAINT  =        0.0000


   NSTEP       ENERGY          RMS            GMAX         NAME    NUMBER
   2800      -1.3835E+05     6.7891E-02     4.1114E+00     C2        274

 BOND    =    10133.4864  ANGLE   =      161.3254  DIHED      =      960.9039
 VDWAALS =    25561.8781  EEL     =  -171494.4157  HBOND      =        0.0000
 1-4 VDW =      254.6777  1-4 EEL =    -3931.8339  RESTRAINT  =        0.0000


   NSTEP       ENERGY          RMS            GMAX         NAME    NUMBER
   2850      -1.3837E+05     1.7047E-01     2.1141E+01     C2        274

 BOND    =    10136.1798  ANGLE   =      161.3294  DIHED      =      960.7415
 VDWAALS =    25571.3977  EEL     =  -171520.0764  HBOND      =        0.0000
 1-4 VDW =      254.6494  1-4 EEL =    -3931.6962  RESTRAINT  =        0.0000


   NSTEP       ENERGY          RMS            GMAX         NAME    NUMBER
   2900      -1.3838E+05     2.5136E-01     2.5061E+01     C2        274

 BOND    =    10138.2623  ANGLE   =      161.8927  DIHED      =      960.5767
 VDWAALS =    25580.6595  EEL     =  -171544.9721  HBOND      =        0.0000
 1-4 VDW =      254.4845  1-4 EEL =    -3931.6352  RESTRAINT  =        0.0000


   NSTEP       ENERGY          RMS            GMAX         NAME    NUMBER
   2950      -1.3840E+05     1.1155E-01     1.2394E+01     C2        274

 BOND    =    10140.3580  ANGLE   =      161.1757  DIHED      =      960.4150
 VDWAALS =    25589.5097  EEL     =  -171569.7594  HBOND      =        0.0000
 1-4 VDW =      254.5923  1-4 EEL =    -3931.3217  RESTRAINT  =        0.0000


   NSTEP       ENERGY          RMS            GMAX         NAME    NUMBER
   3000      -1.3841E+05     6.4097E-02     2.9539E+00     C2        274

 BOND    =    10142.5949  ANGLE   =      161.0192  DIHED      =      960.2368
 VDWAALS =    25598.3921  EEL     =  -171594.7035  HBOND      =        0.0000
 1-4 VDW =      254.5935  1-4 EEL =    -3931.1791  RESTRAINT  =        0.0000


   NSTEP       ENERGY          RMS            GMAX         NAME    NUMBER
   3050      -1.3842E+05     1.0789E-01     1.1547E+01     C2        274

 BOND    =    10145.0478  ANGLE   =      160.9059  DIHED      =      960.0583
 VDWAALS =    25607.1532  EEL     =  -171619.5925  HBOND      =        0.0000
 1-4 VDW =      254.5969  1-4 EEL =    -3931.0289  RESTRAINT  =        0.0000


   NSTEP       ENERGY          RMS            GMAX         NAME    NUMBER
   3100      -1.3844E+05     1.8500E-01     2.1973E+01     C2        274

 BOND    =    10147.3597  ANGLE   =      161.1496  DIHED      =      959.8813
 VDWAALS =    25615.8190  EEL     =  -171644.1193  HBOND      =        0.0000
 1-4 VDW =      254.5132  1-4 EEL =    -3930.9498  RESTRAINT  =        0.0000


   NSTEP       ENERGY          RMS            GMAX         NAME    NUMBER
   3150      -1.3845E+05     2.5400E-01     3.2049E+01     C2        274

 BOND    =    10150.2999  ANGLE   =      160.8968  DIHED      =      959.7055
 VDWAALS =    25624.3656  EEL     =  -171668.5881  HBOND      =        0.0000
 1-4 VDW =      254.5786  1-4 EEL =    -3930.7801  RESTRAINT  =        0.0000


   NSTEP       ENERGY          RMS            GMAX         NAME    NUMBER
   3200      -1.3846E+05     1.4762E-01     1.7157E+01     C2        274

 BOND    =    10151.5619  ANGLE   =      160.9997  DIHED      =      959.5317
 VDWAALS =    25633.2254  EEL     =  -171692.8931  HBOND      =        0.0000
 1-4 VDW =      254.4643  1-4 EEL =    -3930.6557  RESTRAINT  =        0.0000


   NSTEP       ENERGY          RMS            GMAX         NAME    NUMBER
   3250      -1.3848E+05     2.2180E-01     2.4055E+01     C2        274

 BOND    =    10153.7375  ANGLE   =      161.3437  DIHED      =      959.3394
 VDWAALS =    25642.1451  EEL     =  -171717.0712  HBOND      =        0.0000
 1-4 VDW =      254.3539  1-4 EEL =    -3930.6113  RESTRAINT  =        0.0000


   NSTEP       ENERGY          RMS            GMAX         NAME    NUMBER
   3300      -1.3849E+05     9.0525E-02     7.5643E+00     C2        274

 BOND    =    10155.7855  ANGLE   =      160.8394  DIHED      =      959.1305
 VDWAALS =    25650.9116  EEL     =  -171741.3390  HBOND      =        0.0000
 1-4 VDW =      254.4103  1-4 EEL =    -3930.5131  RESTRAINT  =        0.0000


   NSTEP       ENERGY          RMS            GMAX         NAME    NUMBER
   3350      -1.3850E+05     1.7968E-01     2.1933E+01     C2        274

 BOND    =    10158.5682  ANGLE   =      160.6308  DIHED      =      958.9079
 VDWAALS =    25659.7137  EEL     =  -171765.6350  HBOND      =        0.0000
 1-4 VDW =      254.4399  1-4 EEL =    -3930.4340  RESTRAINT  =        0.0000


   NSTEP       ENERGY          RMS            GMAX         NAME    NUMBER
   3400      -1.3852E+05     6.4780E-02     3.4580E+00     C2        274

 BOND    =    10160.1298  ANGLE   =      160.5735  DIHED      =      958.6888
 VDWAALS =    25667.9736  EEL     =  -171788.5792  HBOND      =        0.0000
 1-4 VDW =      254.3758  1-4 EEL =    -3930.3566  RESTRAINT  =        0.0000


   NSTEP       ENERGY          RMS            GMAX         NAME    NUMBER
   3450      -1.3853E+05     1.6883E-01     1.6038E+01     C2        274

 BOND    =    10162.8777  ANGLE   =      160.2991  DIHED      =      958.4452
 VDWAALS =    25676.3011  EEL     =  -171812.8165  HBOND      =        0.0000
 1-4 VDW =      254.4162  1-4 EEL =    -3930.2316  RESTRAINT  =        0.0000


   NSTEP       ENERGY          RMS            GMAX         NAME    NUMBER
   3500      -1.3854E+05     2.4357E-01     2.1764E+01     C2        274

 BOND    =    10164.2052  ANGLE   =      161.3869  DIHED      =      958.1940
 VDWAALS =    25684.5795  EEL     =  -171835.9962  HBOND      =        0.0000
 1-4 VDW =      254.1015  1-4 EEL =    -3930.3582  RESTRAINT  =        0.0000


   NSTEP       ENERGY          RMS            GMAX         NAME    NUMBER
   3550      -1.3856E+05     1.0302E-01     9.7188E+00     C2        274

 BOND    =    10166.6347  ANGLE   =      160.4644  DIHED      =      957.9335
 VDWAALS =    25693.1078  EEL     =  -171860.7561  HBOND      =        0.0000
 1-4 VDW =      254.2766  1-4 EEL =    -3930.2160  RESTRAINT  =        0.0000


   NSTEP       ENERGY          RMS            GMAX         NAME    NUMBER
   3600      -1.3857E+05     2.0290E-01     1.7652E+01     C2        274

 BOND    =    10169.6375  ANGLE   =      160.1235  DIHED      =      957.6908
 VDWAALS =    25702.3878  EEL     =  -171885.9556  HBOND      =        0.0000
 1-4 VDW =      254.3827  1-4 EEL =    -3930.1023  RESTRAINT  =        0.0000


   NSTEP       ENERGY          RMS            GMAX         NAME    NUMBER
   3650      -1.3859E+05     6.8313E-02     4.1662E+00     C2        274

 BOND    =    10170.8267  ANGLE   =      160.5065  DIHED      =      957.4802
 VDWAALS =    25711.9898  EEL     =  -171910.7880  HBOND      =        0.0000
 1-4 VDW =      254.2307  1-4 EEL =    -3930.1303  RESTRAINT  =        0.0000


   NSTEP       ENERGY          RMS            GMAX         NAME    NUMBER
   3700      -1.3860E+05     1.6614E-01     1.7432E+01     C2        274

 BOND    =    10173.7297  ANGLE   =      160.3031  DIHED      =      957.2824
 VDWAALS =    25721.8541  EEL     =  -171936.7234  HBOND      =        0.0000
 1-4 VDW =      254.2831  1-4 EEL =    -3930.0416  RESTRAINT  =        0.0000


   NSTEP       ENERGY          RMS            GMAX         NAME    NUMBER
   3750      -1.3861E+05     2.4233E-01     2.8504E+01     C2        274

 BOND    =    10176.3330  ANGLE   =      160.5220  DIHED      =      957.0982
 VDWAALS =    25731.6465  EEL     =  -171962.2687  HBOND      =        0.0000
 1-4 VDW =      254.2307  1-4 EEL =    -3930.0325  RESTRAINT  =        0.0000


   NSTEP       ENERGY          RMS            GMAX         NAME    NUMBER
   3800      -1.3863E+05     1.4188E-01     1.5621E+01     C2        274

 BOND    =    10178.3384  ANGLE   =      160.2914  DIHED      =      956.9094
 VDWAALS =    25741.5931  EEL     =  -171988.0872  HBOND      =        0.0000
 1-4 VDW =      254.2270  1-4 EEL =    -3930.0075  RESTRAINT  =        0.0000


   NSTEP       ENERGY          RMS            GMAX         NAME    NUMBER
   3850      -1.3864E+05     2.0935E-01     2.2969E+01     C2        274

 BOND    =    10181.1986  ANGLE   =      160.0850  DIHED      =      956.7352
 VDWAALS =    25751.3818  EEL     =  -172013.2486  HBOND      =        0.0000
 1-4 VDW =      254.2762  1-4 EEL =    -3929.9199  RESTRAINT  =        0.0000


   NSTEP       ENERGY          RMS            GMAX         NAME    NUMBER
   3900      -1.3865E+05     8.8473E-02     7.6063E+00     C2        274

 BOND    =    10182.6512  ANGLE   =      160.1755  DIHED      =      956.5732
 VDWAALS =    25760.9454  EEL     =  -172037.2080  HBOND      =        0.0000
 1-4 VDW =      254.1957  1-4 EEL =    -3929.8900  RESTRAINT  =        0.0000


   NSTEP       ENERGY          RMS            GMAX         NAME    NUMBER
   3950      -1.3866E+05     1.6928E-01     1.9298E+01     C2        274

 BOND    =    10184.7200  ANGLE   =      160.4967  DIHED      =      956.4110
 VDWAALS =    25770.1013  EEL     =  -172060.2540  HBOND      =        0.0000
 1-4 VDW =      254.1018  1-4 EEL =    -3929.8812  RESTRAINT  =        0.0000


   NSTEP       ENERGY          RMS            GMAX         NAME    NUMBER
   4000      -1.3868E+05     6.2214E-02     3.6564E+00     C2        274

 BOND    =    10186.5192  ANGLE   =      160.2283  DIHED      =      956.2525
 VDWAALS =    25778.2297  EEL     =  -172081.4275  HBOND      =        0.0000
 1-4 VDW =      254.1278  1-4 EEL =    -3929.7988  RESTRAINT  =        0.0000


   NSTEP       ENERGY          RMS            GMAX         NAME    NUMBER
   4050      -1.3869E+05     1.6095E-01     1.7183E+01     C2        274

 BOND    =    10188.4558  ANGLE   =      160.4907  DIHED      =      956.0965
 VDWAALS =    25785.9773  EEL     =  -172102.0384  HBOND      =        0.0000
 1-4 VDW =      254.0498  1-4 EEL =    -3929.7731  RESTRAINT  =        0.0000


   NSTEP       ENERGY          RMS            GMAX         NAME    NUMBER
   4100      -1.3870E+05     2.2494E-01     2.4275E+01     C2        274

 BOND    =    10190.4156  ANGLE   =      160.6740  DIHED      =      955.9496
 VDWAALS =    25793.0374  EEL     =  -172121.5518  HBOND      =        0.0000
 1-4 VDW =      253.9949  1-4 EEL =    -3929.7272  RESTRAINT  =        0.0000


   NSTEP       ENERGY          RMS            GMAX         NAME    NUMBER
   4150      -1.3871E+05     1.0292E-01     9.9574E+00     C2        274

 BOND    =    10191.8642  ANGLE   =      160.3795  DIHED      =      955.8147
 VDWAALS =    25799.7125  EEL     =  -172140.7865  HBOND      =        0.0000
 1-4 VDW =      254.0086  1-4 EEL =    -3929.6581  RESTRAINT  =        0.0000


   NSTEP       ENERGY          RMS            GMAX         NAME    NUMBER
   4200      -1.3872E+05     1.9634E-01     1.7848E+01     C2        274

 BOND    =    10193.5441  ANGLE   =      160.8101  DIHED      =      955.6828
 VDWAALS =    25806.0614  EEL     =  -172159.1117  HBOND      =        0.0000
 1-4 VDW =      253.8894  1-4 EEL =    -3929.6773  RESTRAINT  =        0.0000


   NSTEP       ENERGY          RMS            GMAX         NAME    NUMBER
   4250      -1.3873E+05     5.9233E-02     2.8819E+00     C2        274

 BOND    =    10195.1792  ANGLE   =      160.3061  DIHED      =      955.5532
 VDWAALS =    25812.0364  EEL     =  -172177.1789  HBOND      =        0.0000
 1-4 VDW =      253.9685  1-4 EEL =    -3929.5341  RESTRAINT  =        0.0000


   NSTEP       ENERGY          RMS            GMAX         NAME    NUMBER
   4300      -1.3874E+05     1.7590E-01     1.7026E+01     C2        274

 BOND    =    10196.8913  ANGLE   =      160.7484  DIHED      =      955.4245
 VDWAALS =    25818.4218  EEL     =  -172196.0272  HBOND      =        0.0000
 1-4 VDW =      253.8486  1-4 EEL =    -3929.5265  RESTRAINT  =        0.0000


   NSTEP       ENERGY          RMS            GMAX         NAME    NUMBER
   4350      -1.3875E+05     5.8231E-02     2.8532E+00     C2        274

 BOND    =    10198.4256  ANGLE   =      160.4920  DIHED      =      955.3193
 VDWAALS =    25824.2473  EEL     =  -172213.9707  HBOND      =        0.0000
 1-4 VDW =      253.8681  1-4 EEL =    -3929.4689  RESTRAINT  =        0.0000


   NSTEP       ENERGY          RMS            GMAX         NAME    NUMBER
   4400      -1.3876E+05     1.4006E-01     1.4290E+01     C2        274

 BOND    =    10200.2365  ANGLE   =      160.7057  DIHED      =      955.2187
 VDWAALS =    25830.2183  EEL     =  -172232.2914  HBOND      =        0.0000
 1-4 VDW =      253.8086  1-4 EEL =    -3929.4643  RESTRAINT  =        0.0000


   NSTEP       ENERGY          RMS            GMAX         NAME    NUMBER
   4450      -1.3877E+05     2.0104E-01     1.9268E+01     C2        274

 BOND    =    10202.4531  ANGLE   =      160.6204  DIHED      =      955.1312
 VDWAALS =    25835.9828  EEL     =  -172250.8029  HBOND      =        0.0000
 1-4 VDW =      253.8504  1-4 EEL =    -3929.4014  RESTRAINT  =        0.0000


   NSTEP       ENERGY          RMS            GMAX         NAME    NUMBER
   4500      -1.3878E+05     8.3454E-02     5.9456E+00     C2        274

 BOND    =    10202.9430  ANGLE   =      161.2845  DIHED      =      955.0489
 VDWAALS =    25842.1790  EEL     =  -172269.7270  HBOND      =        0.0000
 1-4 VDW =      253.6817  1-4 EEL =    -3929.4449  RESTRAINT  =        0.0000


   NSTEP       ENERGY          RMS            GMAX         NAME    NUMBER
   4550      -1.3879E+05     1.8102E-01     1.3436E+01     C6        673

 BOND    =    10204.2437  ANGLE   =      161.8678  DIHED      =      954.9525
 VDWAALS =    25849.7334  EEL     =  -172289.6185  HBOND      =        0.0000
 1-4 VDW =      253.5413  1-4 EEL =    -3929.4247  RESTRAINT  =        0.0000


   NSTEP       ENERGY          RMS            GMAX         NAME    NUMBER
   4600      -1.3881E+05     8.7450E-02     7.2751E+00     C2        274

 BOND    =    10206.0177  ANGLE   =      161.2722  DIHED      =      954.8407
 VDWAALS =    25857.0043  EEL     =  -172308.8570  HBOND      =        0.0000
 1-4 VDW =      253.6201  1-4 EEL =    -3929.2335  RESTRAINT  =        0.0000


   NSTEP       ENERGY          RMS            GMAX         NAME    NUMBER
   4650      -1.3882E+05     1.6104E-01     1.3337E+01     C2        274

 BOND    =    10207.5766  ANGLE   =      161.5124  DIHED      =      954.7203
 VDWAALS =    25864.1265  EEL     =  -172327.5272  HBOND      =        0.0000
 1-4 VDW =      253.5205  1-4 EEL =    -3929.1704  RESTRAINT  =        0.0000


   NSTEP       ENERGY          RMS            GMAX         NAME    NUMBER
   4700      -1.3883E+05     6.6431E-02     4.4137E+00     C2        274

 BOND    =    10209.0989  ANGLE   =      161.1727  DIHED      =      954.5936
 VDWAALS =    25871.0804  EEL     =  -172346.1110  HBOND      =        0.0000
 1-4 VDW =      253.5578  1-4 EEL =    -3928.9879  RESTRAINT  =        0.0000


   NSTEP       ENERGY          RMS            GMAX         NAME    NUMBER
   4750      -1.3884E+05     1.2692E-01     1.0797E+01     C2        274

 BOND    =    10210.5896  ANGLE   =      161.4073  DIHED      =      954.4732
 VDWAALS =    25878.0242  EEL     =  -172364.4053  HBOND      =        0.0000
 1-4 VDW =      253.4766  1-4 EEL =    -3928.9298  RESTRAINT  =        0.0000


   NSTEP       ENERGY          RMS            GMAX         NAME    NUMBER
   4800      -1.3885E+05     1.7592E-01     1.6933E+01     C2        274

 BOND    =    10212.6713  ANGLE   =      161.1927  DIHED      =      954.3567
 VDWAALS =    25884.9970  EEL     =  -172383.0387  HBOND      =        0.0000
 1-4 VDW =      253.5253  1-4 EEL =    -3928.7948  RESTRAINT  =        0.0000


   NSTEP       ENERGY          RMS            GMAX         NAME    NUMBER
   4850      -1.3886E+05     7.7238E-02     5.5751E+00     C2        274

 BOND    =    10214.0859  ANGLE   =      161.1309  DIHED      =      954.2525
 VDWAALS =    25892.1776  EEL     =  -172401.9133  HBOND      =        0.0000
 1-4 VDW =      253.4896  1-4 EEL =    -3928.7962  RESTRAINT  =        0.0000


   NSTEP       ENERGY          RMS            GMAX         NAME    NUMBER
   4900      -1.3887E+05     1.6976E-01     1.5213E+01     C2        274

 BOND    =    10216.2952  ANGLE   =      161.0634  DIHED      =      954.1458
 VDWAALS =    25899.7557  EEL     =  -172421.4574  HBOND      =        0.0000
 1-4 VDW =      253.5084  1-4 EEL =    -3928.7311  RESTRAINT  =        0.0000


   NSTEP       ENERGY          RMS            GMAX         NAME    NUMBER
   4950      -1.3887E+05     2.1662E-01     2.0690E+01     C2        274

 BOND    =    10217.9491  ANGLE   =      161.4258  DIHED      =      954.0455
 VDWAALS =    25907.4259  EEL     =  -172440.4361  HBOND      =        0.0000
 1-4 VDW =      253.4101  1-4 EEL =    -3928.7436  RESTRAINT  =        0.0000


   NSTEP       ENERGY          RMS            GMAX         NAME    NUMBER
   5000      -1.3889E+05     8.2088E-02     7.7878E+00     C2        274

 BOND    =    10219.0738  ANGLE   =      161.3710  DIHED      =      953.9298
 VDWAALS =    25915.9330  EEL     =  -172461.0419  HBOND      =        0.0000
 1-4 VDW =      253.3944  1-4 EEL =    -3928.5892  RESTRAINT  =        0.0000


   NSTEP       ENERGY          RMS            GMAX         NAME    NUMBER
   5050      -1.3901E+05     1.6388E-01     1.1959E+01     C6        265

 BOND    =    10246.2743  ANGLE   =      162.7200  DIHED      =      952.0984
 VDWAALS =    26060.7927  EEL     =  -172757.6420  HBOND      =        0.0000
 1-4 VDW =      253.4506  1-4 EEL =    -3927.6763  RESTRAINT  =        0.0000


   NSTEP       ENERGY          RMS            GMAX         NAME    NUMBER
   5100      -1.3904E+05     1.4942E-01     7.9919E+00     C3'       522

 BOND    =    10254.0607  ANGLE   =      162.5043  DIHED      =      951.3023
 VDWAALS =    26084.7997  EEL     =  -172823.0349  HBOND      =        0.0000
 1-4 VDW =      253.3939  1-4 EEL =    -3927.2626  RESTRAINT  =        0.0000


   NSTEP       ENERGY          RMS            GMAX         NAME    NUMBER
   5150      -1.3907E+05     1.3872E-01     6.8895E+00     C6        265

 BOND    =    10259.0900  ANGLE   =      162.8531  DIHED      =      950.7828
 VDWAALS =    26104.8011  EEL     =  -172874.3174  HBOND      =        0.0000
 1-4 VDW =      253.4104  1-4 EEL =    -3926.8044  RESTRAINT  =        0.0000


   NSTEP       ENERGY          RMS            GMAX         NAME    NUMBER
   5200      -1.3909E+05     1.5396E-01     8.9104E+00     C6        673

 BOND    =    10261.9002  ANGLE   =      163.5184  DIHED      =      950.4517
 VDWAALS =    26124.1810  EEL     =  -172920.9595  HBOND      =        0.0000
 1-4 VDW =      253.4517  1-4 EEL =    -3926.8602  RESTRAINT  =        0.0000


   NSTEP       ENERGY          RMS            GMAX         NAME    NUMBER
   5250      -1.3912E+05     1.4280E-01     5.8103E+00     OP1       723

 BOND    =    10266.8466  ANGLE   =      163.4686  DIHED      =      950.1647
 VDWAALS =    26141.9145  EEL     =  -172967.8934  HBOND      =        0.0000
 1-4 VDW =      253.5202  1-4 EEL =    -3926.5447  RESTRAINT  =        0.0000


   NSTEP       ENERGY          RMS            GMAX         NAME    NUMBER
   5300      -1.3914E+05     1.2709E-01     6.7705E+00     C6        265

 BOND    =    10270.6730  ANGLE   =      163.4447  DIHED      =      949.8761
 VDWAALS =    26157.9641  EEL     =  -173010.8598  HBOND      =        0.0000
 1-4 VDW =      253.3198  1-4 EEL =    -3926.3538  RESTRAINT  =        0.0000


   NSTEP       ENERGY          RMS            GMAX         NAME    NUMBER
   5350      -1.3916E+05     1.2233E-01     8.8281E+00     C6        265

 BOND    =    10274.8848  ANGLE   =      163.7413  DIHED      =      949.5942
 VDWAALS =    26173.3129  EEL     =  -173052.2095  HBOND      =        0.0000
 1-4 VDW =      253.3855  1-4 EEL =    -3926.4455  RESTRAINT  =        0.0000


   NSTEP       ENERGY          RMS            GMAX         NAME    NUMBER
   5400      -1.3919E+05     1.4251E-01     1.4415E+01     C6        265

 BOND    =    10278.7477  ANGLE   =      164.2862  DIHED      =      949.3060
 VDWAALS =    26190.0684  EEL     =  -173095.0988  HBOND      =        0.0000
 1-4 VDW =      253.3050  1-4 EEL =    -3926.5586  RESTRAINT  =        0.0000


   NSTEP       ENERGY          RMS            GMAX         NAME    NUMBER
   5450      -1.3921E+05     1.3836E-01     1.2796E+01     C6        265

 BOND    =    10282.7635  ANGLE   =      164.5098  DIHED      =      949.0621
 VDWAALS =    26206.4808  EEL     =  -173137.8808  HBOND      =        0.0000
 1-4 VDW =      253.3134  1-4 EEL =    -3926.5944  RESTRAINT  =        0.0000


   NSTEP       ENERGY          RMS            GMAX         NAME    NUMBER
   5500      -1.3923E+05     1.5300E-01     1.1487E+01     C6        265

 BOND    =    10286.0821  ANGLE   =      164.7408  DIHED      =      948.8383
 VDWAALS =    26224.5874  EEL     =  -173181.3336  HBOND      =        0.0000
 1-4 VDW =      253.3077  1-4 EEL =    -3926.4745  RESTRAINT  =        0.0000


   NSTEP       ENERGY          RMS            GMAX         NAME    NUMBER
   5550      -1.3925E+05     1.3096E-01     8.4878E+00     C6        265

 BOND    =    10291.0700  ANGLE   =      164.8351  DIHED      =      948.6008
 VDWAALS =    26241.2502  EEL     =  -173224.6735  HBOND      =        0.0000
 1-4 VDW =      253.3372  1-4 EEL =    -3926.4038  RESTRAINT  =        0.0000


   NSTEP       ENERGY          RMS            GMAX         NAME    NUMBER
   5600      -1.3927E+05     1.4796E-01     1.1059E+01     C6        265

 BOND    =    10294.6516  ANGLE   =      165.1644  DIHED      =      948.4004
 VDWAALS =    26254.6267  EEL     =  -173264.0113  HBOND      =        0.0000
 1-4 VDW =      253.2822  1-4 EEL =    -3926.1067  RESTRAINT  =        0.0000


   NSTEP       ENERGY          RMS            GMAX         NAME    NUMBER
   5650      -1.3929E+05     1.4317E-01     9.7027E+00     C6        265

 BOND    =    10297.7689  ANGLE   =      165.4084  DIHED      =      948.2165
 VDWAALS =    26266.3776  EEL     =  -173299.3492  HBOND      =        0.0000
 1-4 VDW =      253.2801  1-4 EEL =    -3926.0763  RESTRAINT  =        0.0000


   NSTEP       ENERGY          RMS            GMAX         NAME    NUMBER
   5700      -1.3931E+05     1.3446E-01     8.3788E+00     C6        265

 BOND    =    10300.8184  ANGLE   =      165.6211  DIHED      =      948.0358
 VDWAALS =    26279.5042  EEL     =  -173335.1804  HBOND      =        0.0000
 1-4 VDW =      253.2506  1-4 EEL =    -3925.8090  RESTRAINT  =        0.0000


   NSTEP       ENERGY          RMS            GMAX         NAME    NUMBER
   5750      -1.3933E+05     1.4863E-01     1.2767E+01     C6        265

 BOND    =    10303.1724  ANGLE   =      165.9149  DIHED      =      947.8583
 VDWAALS =    26291.4166  EEL     =  -173367.5629  HBOND      =        0.0000
 1-4 VDW =      253.2411  1-4 EEL =    -3925.8280  RESTRAINT  =        0.0000


   NSTEP       ENERGY          RMS            GMAX         NAME    NUMBER
   5800      -1.3935E+05     1.4422E-01     8.4542E+00     O        3871

 BOND    =    10306.1898  ANGLE   =      166.2743  DIHED      =      947.6944
 VDWAALS =    26303.6013  EEL     =  -173401.5464  HBOND      =        0.0000
 1-4 VDW =      253.2760  1-4 EEL =    -3925.4339  RESTRAINT  =        0.0000


   NSTEP       ENERGY          RMS            GMAX         NAME    NUMBER
   5850      -1.3937E+05     1.4828E-01     7.8901E+00     C6        265

 BOND    =    10309.0605  ANGLE   =      166.4823  DIHED      =      947.4882
 VDWAALS =    26317.2020  EEL     =  -173437.6144  HBOND      =        0.0000
 1-4 VDW =      253.3417  1-4 EEL =    -3925.2141  RESTRAINT  =        0.0000


   NSTEP       ENERGY          RMS            GMAX         NAME    NUMBER
   5900      -1.3939E+05     1.6474E-01     1.0712E+01     C6        265

 BOND    =    10312.2517  ANGLE   =      166.6538  DIHED      =      947.2819
 VDWAALS =    26331.2013  EEL     =  -173474.5765  HBOND      =        0.0000
 1-4 VDW =      253.3588  1-4 EEL =    -3925.0045  RESTRAINT  =        0.0000


   NSTEP       ENERGY          RMS            GMAX         NAME    NUMBER
   5950      -1.3941E+05     1.7938E-01     1.3186E+01     C6        265

 BOND    =    10315.8356  ANGLE   =      166.4902  DIHED      =      947.1016
 VDWAALS =    26342.3496  EEL     =  -173509.0661  HBOND      =        0.0000
 1-4 VDW =      253.3421  1-4 EEL =    -3925.1144  RESTRAINT  =        0.0000


   NSTEP       ENERGY          RMS            GMAX         NAME    NUMBER
   6000      -1.3943E+05     1.5146E-01     1.0062E+01     C6        265

 BOND    =    10319.1180  ANGLE   =      166.3828  DIHED      =      946.9914
 VDWAALS =    26350.5073  EEL     =  -173539.2465  HBOND      =        0.0000
 1-4 VDW =      253.3524  1-4 EEL =    -3925.2353  RESTRAINT  =        0.0000


   NSTEP       ENERGY          RMS            GMAX         NAME    NUMBER
   6050      -1.3945E+05     1.6293E-01     1.3899E+01     C6        265

 BOND    =    10322.1762  ANGLE   =      166.3696  DIHED      =      946.9201
 VDWAALS =    26361.1095  EEL     =  -173570.2726  HBOND      =        0.0000
 1-4 VDW =      253.2766  1-4 EEL =    -3925.0783  RESTRAINT  =        0.0000


   NSTEP       ENERGY          RMS            GMAX         NAME    NUMBER
   6100      -1.3946E+05     1.5661E-01     1.0980E+01     C6        265

 BOND    =    10325.0271  ANGLE   =      166.2322  DIHED      =      946.9304
 VDWAALS =    26370.3528  EEL     =  -173598.2953  HBOND      =        0.0000
 1-4 VDW =      253.2345  1-4 EEL =    -3924.7728  RESTRAINT  =        0.0000


   NSTEP       ENERGY          RMS            GMAX         NAME    NUMBER
   6150      -1.3948E+05     1.0384E-01     7.0843E+00     C5        267

 BOND    =    10328.0960  ANGLE   =      166.1032  DIHED      =      946.9422
 VDWAALS =    26378.6430  EEL     =  -173624.6554  HBOND      =        0.0000
 1-4 VDW =      253.2946  1-4 EEL =    -3925.0437  RESTRAINT  =        0.0000


   NSTEP       ENERGY          RMS            GMAX         NAME    NUMBER
   6200      -1.3949E+05     7.9204E-02     3.8442E+00     C6        265

 BOND    =    10331.6122  ANGLE   =      165.8423  DIHED      =      946.8875
 VDWAALS =    26388.4030  EEL     =  -173655.0592  HBOND      =        0.0000
 1-4 VDW =      253.5214  1-4 EEL =    -3925.3907  RESTRAINT  =        0.0000


   NSTEP       ENERGY          RMS            GMAX         NAME    NUMBER
   6250      -1.3952E+05     1.2060E-01     7.2786E+00     C5        267

 BOND    =    10336.5818  ANGLE   =      166.1422  DIHED      =      946.7634
 VDWAALS =    26401.4039  EEL     =  -173701.2999  HBOND      =        0.0000
 1-4 VDW =      253.5817  1-4 EEL =    -3924.5844  RESTRAINT  =        0.0000


   NSTEP       ENERGY          RMS            GMAX         NAME    NUMBER
   6300      -1.3954E+05     7.5381E-02     4.0354E+00     C2        274

 BOND    =    10339.1492  ANGLE   =      166.4303  DIHED      =      946.6024
 VDWAALS =    26407.8269  EEL     =  -173726.6756  HBOND      =        0.0000
 1-4 VDW =      253.5352  1-4 EEL =    -3924.2650  RESTRAINT  =        0.0000


   NSTEP       ENERGY          RMS            GMAX         NAME    NUMBER
   6350      -1.3955E+05     7.6827E-02     3.5415E+00     P         220

 BOND    =    10342.2771  ANGLE   =      166.7992  DIHED      =      946.4036
 VDWAALS =    26414.4780  EEL     =  -173754.2167  HBOND      =        0.0000
 1-4 VDW =      253.4998  1-4 EEL =    -3924.0051  RESTRAINT  =        0.0000


   NSTEP       ENERGY          RMS            GMAX         NAME    NUMBER
   6400      -1.3957E+05     9.1143E-02     3.8643E+00     C5        267

 BOND    =    10344.7461  ANGLE   =      167.0954  DIHED      =      946.1561
 VDWAALS =    26419.8257  EEL     =  -173781.0689  HBOND      =        0.0000
 1-4 VDW =      253.5340  1-4 EEL =    -3923.6135  RESTRAINT  =        0.0000


   NSTEP       ENERGY          RMS            GMAX         NAME    NUMBER
   6450      -1.3959E+05     8.5667E-02     3.1955E+00     O        3373

 BOND    =    10347.0002  ANGLE   =      167.2009  DIHED      =      945.8916
 VDWAALS =    26426.4565  EEL     =  -173810.4038  HBOND      =        0.0000
 1-4 VDW =      253.5326  1-4 EEL =    -3923.2334  RESTRAINT  =        0.0000


   NSTEP       ENERGY          RMS            GMAX         NAME    NUMBER
   6500      -1.3961E+05     8.4945E-02     4.6234E+00     C2        274

 BOND    =    10349.9316  ANGLE   =      167.3634  DIHED      =      945.5522
 VDWAALS =    26437.3854  EEL     =  -173844.3847  HBOND      =        0.0000
 1-4 VDW =      253.5386  1-4 EEL =    -3923.1389  RESTRAINT  =        0.0000


   NSTEP       ENERGY          RMS            GMAX         NAME    NUMBER
   6550      -1.3963E+05     9.2652E-02     7.7918E+00     C2        274

 BOND    =    10352.4580  ANGLE   =      167.5736  DIHED      =      945.0585
 VDWAALS =    26447.4564  EEL     =  -173875.6688  HBOND      =        0.0000
 1-4 VDW =      253.5507  1-4 EEL =    -3922.9748  RESTRAINT  =        0.0000


   NSTEP       ENERGY          RMS            GMAX         NAME    NUMBER
   6600      -1.3965E+05     1.2160E-01     9.1141E+00     C2        274

 BOND    =    10354.2462  ANGLE   =      167.9761  DIHED      =      944.5905
 VDWAALS =    26453.1393  EEL     =  -173899.8239  HBOND      =        0.0000
 1-4 VDW =      253.5641  1-4 EEL =    -3922.6653  RESTRAINT  =        0.0000


   NSTEP       ENERGY          RMS            GMAX         NAME    NUMBER
   6650      -1.3966E+05     9.7491E-02     4.4137E+00     O5'        34

 BOND    =    10355.9362  ANGLE   =      168.0629  DIHED      =      944.2131
 VDWAALS =    26458.0719  EEL     =  -173921.5605  HBOND      =        0.0000
 1-4 VDW =      253.6183  1-4 EEL =    -3922.5264  RESTRAINT  =        0.0000


   NSTEP       ENERGY          RMS            GMAX         NAME    NUMBER
   6700      -1.3968E+05     1.1544E-01     6.7918E+00     O5'        34

 BOND    =    10358.6979  ANGLE   =      168.5394  DIHED      =      943.6821
 VDWAALS =    26467.5493  EEL     =  -173951.7928  HBOND      =        0.0000
 1-4 VDW =      253.7250  1-4 EEL =    -3922.6626  RESTRAINT  =        0.0000


   NSTEP       ENERGY          RMS            GMAX         NAME    NUMBER
   6750      -1.3970E+05     9.7195E-02     3.7942E+00     O5'        34

 BOND    =    10362.2659  ANGLE   =      168.5883  DIHED      =      943.1893
 VDWAALS =    26479.1023  EEL     =  -173986.8842  HBOND      =        0.0000
 1-4 VDW =      253.5871  1-4 EEL =    -3922.3436  RESTRAINT  =        0.0000


   NSTEP       ENERGY          RMS            GMAX         NAME    NUMBER
   6800      -1.3973E+05     8.4252E-02     3.7839E+00     P         722

 BOND    =    10367.0601  ANGLE   =      169.1331  DIHED      =      942.4277
 VDWAALS =    26497.7053  EEL     =  -174038.3367  HBOND      =        0.0000
 1-4 VDW =      253.7207  1-4 EEL =    -3922.6199  RESTRAINT  =        0.0000


   NSTEP       ENERGY          RMS            GMAX         NAME    NUMBER
   6850      -1.3975E+05     8.2908E-02     2.9998E+00     C6         12

 BOND    =    10369.9182  ANGLE   =      169.7367  DIHED      =      942.1059
 VDWAALS =    26509.4633  EEL     =  -174069.6351  HBOND      =        0.0000
 1-4 VDW =      253.7093  1-4 EEL =    -3922.4389  RESTRAINT  =        0.0000


   NSTEP       ENERGY          RMS            GMAX         NAME    NUMBER
   6900      -1.3976E+05     9.2119E-02     4.1159E+00     C5'       726

 BOND    =    10372.3476  ANGLE   =      170.3402  DIHED      =      941.7912
 VDWAALS =    26517.6234  EEL     =  -174095.5808  HBOND      =        0.0000
 1-4 VDW =      253.7095  1-4 EEL =    -3922.4396  RESTRAINT  =        0.0000


   NSTEP       ENERGY          RMS            GMAX         NAME    NUMBER
   6950      -1.3978E+05     7.0294E-02     3.2454E+00     C6        673

 BOND    =    10374.7313  ANGLE   =      170.2256  DIHED      =      941.5256
 VDWAALS =    26525.0522  EEL     =  -174119.8835  HBOND      =        0.0000
 1-4 VDW =      253.6885  1-4 EEL =    -3922.4647  RESTRAINT  =        0.0000


   NSTEP       ENERGY          RMS            GMAX         NAME    NUMBER
   7000      -1.3980E+05     6.1003E-02     2.1427E+00     P         722

 BOND    =    10376.9655  ANGLE   =      169.7579  DIHED      =      941.2184
 VDWAALS =    26531.2215  EEL     =  -174146.1484  HBOND      =        0.0000
 1-4 VDW =      253.7451  1-4 EEL =    -3922.4609  RESTRAINT  =        0.0000


   NSTEP       ENERGY          RMS            GMAX         NAME    NUMBER
   7050      -1.3981E+05     7.0667E-02     1.9653E+00     H2       8958

 BOND    =    10378.7155  ANGLE   =      169.8970  DIHED      =      940.9620
 VDWAALS =    26537.2019  EEL     =  -174168.9602  HBOND      =        0.0000
 1-4 VDW =      253.6608  1-4 EEL =    -3922.3628  RESTRAINT  =        0.0000


   NSTEP       ENERGY          RMS            GMAX         NAME    NUMBER
   7100      -1.3983E+05     6.0247E-02     2.0348E+00     O5'        34

 BOND    =    10381.2080  ANGLE   =      169.8170  DIHED      =      940.6818
 VDWAALS =    26544.0021  EEL     =  -174195.2903  HBOND      =        0.0000
 1-4 VDW =      253.6372  1-4 EEL =    -3922.4209  RESTRAINT  =        0.0000


   NSTEP       ENERGY          RMS            GMAX         NAME    NUMBER
   7150      -1.3985E+05     7.1008E-02     2.8374E+00     P         722

 BOND    =    10384.5013  ANGLE   =      169.8803  DIHED      =      940.3988
 VDWAALS =    26554.2828  EEL     =  -174227.4136  HBOND      =        0.0000
 1-4 VDW =      253.6191  1-4 EEL =    -3922.4108  RESTRAINT  =        0.0000


   NSTEP       ENERGY          RMS            GMAX         NAME    NUMBER
   7200      -1.3986E+05     5.7106E-02     2.8162E+00     O5'        34

 BOND    =    10386.6932  ANGLE   =      169.9280  DIHED      =      940.2334
 VDWAALS =    26559.8321  EEL     =  -174247.2075  HBOND      =        0.0000
 1-4 VDW =      253.6293  1-4 EEL =    -3922.4996  RESTRAINT  =        0.0000


   NSTEP       ENERGY          RMS            GMAX         NAME    NUMBER
   7250      -1.3987E+05     1.2384E-01     7.0891E+00     C6        265

 BOND    =    10388.4219  ANGLE   =      170.1807  DIHED      =      940.0554
 VDWAALS =    26566.6875  EEL     =  -174269.5276  HBOND      =        0.0000
 1-4 VDW =      253.6487  1-4 EEL =    -3922.3014  RESTRAINT  =        0.0000


   NSTEP       ENERGY          RMS            GMAX         NAME    NUMBER
   7300      -1.3989E+05     1.8017E-01     1.0509E+01     P         722

 BOND    =    10389.4137  ANGLE   =      170.0845  DIHED      =      939.9371
 VDWAALS =    26572.3205  EEL     =  -174287.8097  HBOND      =        0.0000
 1-4 VDW =      253.7681  1-4 EEL =    -3922.8705  RESTRAINT  =        0.0000


   NSTEP       ENERGY          RMS            GMAX         NAME    NUMBER
   7350      -1.3990E+05     7.0060E-02     3.6320E+00     O5'        34

 BOND    =    10391.1171  ANGLE   =      170.1320  DIHED      =      939.7671
 VDWAALS =    26580.6228  EEL     =  -174313.4532  HBOND      =        0.0000
 1-4 VDW =      253.7359  1-4 EEL =    -3922.7783  RESTRAINT  =        0.0000


   NSTEP       ENERGY          RMS            GMAX         NAME    NUMBER
   7400      -1.3991E+05     9.1149E-02     5.8690E+00     O       18523

 BOND    =    10393.2974  ANGLE   =      169.9400  DIHED      =      939.6269
 VDWAALS =    26590.5346  EEL     =  -174337.8673  HBOND      =        0.0000
 1-4 VDW =      253.7711  1-4 EEL =    -3922.8592  RESTRAINT  =        0.0000


   NSTEP       ENERGY          RMS            GMAX         NAME    NUMBER
   7450      -1.3992E+05     6.3735E-02     3.4390E+00     O        3373

 BOND    =    10394.5471  ANGLE   =      169.8753  DIHED      =      939.5290
 VDWAALS =    26598.4457  EEL     =  -174357.3822  HBOND      =        0.0000
 1-4 VDW =      253.7784  1-4 EEL =    -3922.7329  RESTRAINT  =        0.0000


   NSTEP       ENERGY          RMS            GMAX         NAME    NUMBER
   7500      -1.3993E+05     6.8357E-02     3.0991E+00     O        3373

 BOND    =    10396.0038  ANGLE   =      169.8443  DIHED      =      939.4347
 VDWAALS =    26606.0424  EEL     =  -174376.6327  HBOND      =        0.0000
 1-4 VDW =      253.7901  1-4 EEL =    -3922.6917  RESTRAINT  =        0.0000


   NSTEP       ENERGY          RMS            GMAX         NAME    NUMBER
   7550      -1.3994E+05     5.2563E-02     1.7335E+00     C5        267

 BOND    =    10399.5673  ANGLE   =      169.9722  DIHED      =      939.3550
 VDWAALS =    26612.7395  EEL     =  -174397.4407  HBOND      =        0.0000
 1-4 VDW =      253.7403  1-4 EEL =    -3922.6647  RESTRAINT  =        0.0000


   NSTEP       ENERGY          RMS            GMAX         NAME    NUMBER
   7600      -1.3996E+05     8.7180E-02     3.5780E+00     C6         12

 BOND    =    10402.1648  ANGLE   =      169.8481  DIHED      =      939.2814
 VDWAALS =    26621.8694  EEL     =  -174424.5529  HBOND      =        0.0000
 1-4 VDW =      253.8390  1-4 EEL =    -3922.4426  RESTRAINT  =        0.0000


   NSTEP       ENERGY          RMS            GMAX         NAME    NUMBER
   7650      -1.3997E+05     1.2621E-01     6.4515E+00     C6        265

 BOND    =    10406.2984  ANGLE   =      170.2398  DIHED      =      939.1995
 VDWAALS =    26628.3526  EEL     =  -174449.2336  HBOND      =        0.0000
 1-4 VDW =      253.7036  1-4 EEL =    -3922.4750  RESTRAINT  =        0.0000


   NSTEP       ENERGY          RMS            GMAX         NAME    NUMBER
   7700      -1.3999E+05     1.6813E-01     7.0248E+00     C6        577

 BOND    =    10403.8598  ANGLE   =      170.5733  DIHED      =      939.1493
 VDWAALS =    26634.0751  EEL     =  -174464.6982  HBOND      =        0.0000
 1-4 VDW =      253.6132  1-4 EEL =    -3922.5342  RESTRAINT  =        0.0000


   NSTEP       ENERGY          RMS            GMAX         NAME    NUMBER
   7750      -1.4000E+05     1.2339E-01     4.8535E+00     P         593

 BOND    =    10400.5392  ANGLE   =      170.2251  DIHED      =      939.0274
 VDWAALS =    26639.0850  EEL     =  -174478.6660  HBOND      =        0.0000
 1-4 VDW =      253.6908  1-4 EEL =    -3922.3090  RESTRAINT  =        0.0000


   NSTEP       ENERGY          RMS            GMAX         NAME    NUMBER
   7800      -1.4001E+05     1.0165E-01     5.9331E+00     P         593

 BOND    =    10412.9002  ANGLE   =      170.4293  DIHED      =      938.9472
 VDWAALS =    26644.8097  EEL     =  -174507.7239  HBOND      =        0.0000
 1-4 VDW =      253.6532  1-4 EEL =    -3922.3254  RESTRAINT  =        0.0000


   NSTEP       ENERGY          RMS            GMAX         NAME    NUMBER
   7850      -1.4002E+05     8.7166E-02     3.8512E+00     C6         12

 BOND    =    10412.4695  ANGLE   =      170.2310  DIHED      =      938.9118
 VDWAALS =    26650.6607  EEL     =  -174522.7478  HBOND      =        0.0000
 1-4 VDW =      253.6305  1-4 EEL =    -3922.1117  RESTRAINT  =        0.0000


   NSTEP       ENERGY          RMS            GMAX         NAME    NUMBER
   7900      -1.4003E+05     1.0597E-01     4.6536E+00     O        3373

 BOND    =    10415.6611  ANGLE   =      170.3557  DIHED      =      938.8568
 VDWAALS =    26655.2400  EEL     =  -174540.3042  HBOND      =        0.0000
 1-4 VDW =      253.6227  1-4 EEL =    -3922.0929  RESTRAINT  =        0.0000


   NSTEP       ENERGY          RMS            GMAX         NAME    NUMBER
   7950      -1.4004E+05     8.2328E-02     3.2337E+00     O        3373

 BOND    =    10416.1601  ANGLE   =      170.4197  DIHED      =      938.8450
 VDWAALS =    26661.6049  EEL     =  -174556.6251  HBOND      =        0.0000
 1-4 VDW =      253.6352  1-4 EEL =    -3921.8839  RESTRAINT  =        0.0000


   NSTEP       ENERGY          RMS            GMAX         NAME    NUMBER
   8000      -1.4005E+05     1.0242E-01     5.1508E+00     O        3373

 BOND    =    10420.4881  ANGLE   =      170.4288  DIHED      =      938.8518
 VDWAALS =    26668.9696  EEL     =  -174577.7479  HBOND      =        0.0000
 1-4 VDW =      253.6676  1-4 EEL =    -3921.6875  RESTRAINT  =        0.0000


   NSTEP       ENERGY          RMS            GMAX         NAME    NUMBER
   8050      -1.4006E+05     8.4778E-02     2.7472E+00     O        3871

 BOND    =    10414.3174  ANGLE   =      170.4692  DIHED      =      938.8693
 VDWAALS =    26675.9331  EEL     =  -174588.2446  HBOND      =        0.0000
 1-4 VDW =      253.6835  1-4 EEL =    -3921.5351  RESTRAINT  =        0.0000


   NSTEP       ENERGY          RMS            GMAX         NAME    NUMBER
   8100      -1.4007E+05     1.0284E-01     4.5470E+00     O        3373

 BOND    =    10417.9457  ANGLE   =      170.3484  DIHED      =      938.8949
 VDWAALS =    26681.8119  EEL     =  -174607.3475  HBOND      =        0.0000
 1-4 VDW =      253.6846  1-4 EEL =    -3921.3978  RESTRAINT  =        0.0000


   NSTEP       ENERGY          RMS            GMAX         NAME    NUMBER
   8150      -1.4008E+05     9.1061E-02     3.5655E+00     O        3373

 BOND    =    10419.3513  ANGLE   =      170.4096  DIHED      =      938.8974
 VDWAALS =    26688.4302  EEL     =  -174625.7916  HBOND      =        0.0000
 1-4 VDW =      253.7021  1-4 EEL =    -3921.2446  RESTRAINT  =        0.0000


   NSTEP       ENERGY          RMS            GMAX         NAME    NUMBER
   8200      -1.4009E+05     9.8202E-02     6.9679E+00     O       13978

 BOND    =    10418.9138  ANGLE   =      170.4658  DIHED      =      938.8962
 VDWAALS =    26691.6983  EEL     =  -174637.8002  HBOND      =        0.0000
 1-4 VDW =      253.6288  1-4 EEL =    -3921.3916  RESTRAINT  =        0.0000


   NSTEP       ENERGY          RMS            GMAX         NAME    NUMBER
   8250      -1.4009E+05     8.2323E-02     5.1114E+00     O       13978

 BOND    =    10419.5941  ANGLE   =      170.4013  DIHED      =      938.9297
 VDWAALS =    26696.2144  EEL     =  -174651.3228  HBOND      =        0.0000
 1-4 VDW =      253.6765  1-4 EEL =    -3921.2825  RESTRAINT  =        0.0000


   NSTEP       ENERGY          RMS            GMAX         NAME    NUMBER
   8300      -1.4010E+05     9.9949E-02     3.7850E+00     O        3871

 BOND    =    10418.7733  ANGLE   =      170.3157  DIHED      =      939.0401
 VDWAALS =    26700.8854  EEL     =  -174664.9403  HBOND      =        0.0000
 1-4 VDW =      253.6971  1-4 EEL =    -3921.1625  RESTRAINT  =        0.0000


   NSTEP       ENERGY          RMS            GMAX         NAME    NUMBER
   8350      -1.4012E+05     1.6880E-01     7.6327E+00     C6        265

 BOND    =    10434.3911  ANGLE   =      170.1230  DIHED      =      939.1080
 VDWAALS =    26707.9594  EEL     =  -174699.3739  HBOND      =        0.0000
 1-4 VDW =      253.7422  1-4 EEL =    -3920.9968  RESTRAINT  =        0.0000


   NSTEP       ENERGY          RMS            GMAX         NAME    NUMBER
   8400      -1.4013E+05     1.9899E-01     9.6103E+00     H2      28479

 BOND    =    10419.3009  ANGLE   =      170.0504  DIHED      =      939.1660
 VDWAALS =    26728.8410  EEL     =  -174724.3619  HBOND      =        0.0000
 1-4 VDW =      253.8707  1-4 EEL =    -3920.6168  RESTRAINT  =        0.0000


   NSTEP       ENERGY          RMS            GMAX         NAME    NUMBER
   8450      -1.4015E+05     1.4109E-01     5.2129E+00     C6         12

 BOND    =    10435.1405  ANGLE   =      170.2864  DIHED      =      939.1888
 VDWAALS =    26737.2648  EEL     =  -174766.2710  HBOND      =        0.0000
 1-4 VDW =      253.5918  1-4 EEL =    -3920.8364  RESTRAINT  =        0.0000


   NSTEP       ENERGY          RMS            GMAX         NAME    NUMBER
   8500      -1.4016E+05     1.3902E-01     4.3887E+00     C6         12

 BOND    =    10432.6984  ANGLE   =      170.3177  DIHED      =      939.2853
 VDWAALS =    26744.7259  EEL     =  -174783.5951  HBOND      =        0.0000
 1-4 VDW =      253.6172  1-4 EEL =    -3920.7931  RESTRAINT  =        0.0000


   NSTEP       ENERGY          RMS            GMAX         NAME    NUMBER
   8550      -1.4018E+05     1.3617E-01     5.7260E+00     C2'       216

 BOND    =    10436.0743  ANGLE   =      170.3349  DIHED      =      939.3759
 VDWAALS =    26750.1661  EEL     =  -174806.4780  HBOND      =        0.0000
 1-4 VDW =      253.5981  1-4 EEL =    -3920.8148  RESTRAINT  =        0.0000


   NSTEP       ENERGY          RMS            GMAX         NAME    NUMBER
   8600      -1.4019E+05     1.2207E-01     5.7876E+00     C2'       216

 BOND    =    10438.8324  ANGLE   =      170.2135  DIHED      =      939.3419
 VDWAALS =    26756.3922  EEL     =  -174827.3660  HBOND      =        0.0000
 1-4 VDW =      253.5933  1-4 EEL =    -3920.8242  RESTRAINT  =        0.0000


   NSTEP       ENERGY          RMS            GMAX         NAME    NUMBER
   8650      -1.4020E+05     1.3504E-01     6.3559E+00     C2'       216

 BOND    =    10440.8212  ANGLE   =      170.3560  DIHED      =      939.4112
 VDWAALS =    26762.8253  EEL     =  -174846.7726  HBOND      =        0.0000
 1-4 VDW =      253.5641  1-4 EEL =    -3920.6592  RESTRAINT  =        0.0000


   NSTEP       ENERGY          RMS            GMAX         NAME    NUMBER
   8700      -1.4021E+05     1.9003E-01     7.9600E+00     O        3871

 BOND    =    10448.6111  ANGLE   =      170.4902  DIHED      =      939.4680
 VDWAALS =    26773.3565  EEL     =  -174877.8972  HBOND      =        0.0000
 1-4 VDW =      253.5037  1-4 EEL =    -3920.4166  RESTRAINT  =        0.0000


   NSTEP       ENERGY          RMS            GMAX         NAME    NUMBER
   8750      -1.4023E+05     4.4486E-01     3.4597E+01     H1       9896

 BOND    =    10441.7830  ANGLE   =      171.2842  DIHED      =      939.6801
 VDWAALS =    26786.6615  EEL     =  -174903.3275  HBOND      =        0.0000
 1-4 VDW =      253.6707  1-4 EEL =    -3919.6948  RESTRAINT  =        0.0000


   NSTEP       ENERGY          RMS            GMAX         NAME    NUMBER
   8800      -1.4024E+05     1.1524E-01     3.8014E+00     H1       9896

 BOND    =    10444.7580  ANGLE   =      170.2423  DIHED      =      939.6613
 VDWAALS =    26793.2365  EEL     =  -174925.0751  HBOND      =        0.0000
 1-4 VDW =      253.7812  1-4 EEL =    -3920.2390  RESTRAINT  =        0.0000


   NSTEP       ENERGY          RMS            GMAX         NAME    NUMBER
   8850      -1.4025E+05     1.2165E-01     5.5286E+00     O       24715

 BOND    =    10446.2240  ANGLE   =      170.4147  DIHED      =      939.7284
 VDWAALS =    26798.7612  EEL     =  -174942.1196  HBOND      =        0.0000
 1-4 VDW =      253.7226  1-4 EEL =    -3920.3476  RESTRAINT  =        0.0000


   NSTEP       ENERGY          RMS            GMAX         NAME    NUMBER
   8900      -1.4026E+05     1.0944E-01     3.5295E+00     P         346

 BOND    =    10447.9448  ANGLE   =      170.3879  DIHED      =      939.8455
 VDWAALS =    26805.8040  EEL     =  -174959.7344  HBOND      =        0.0000
 1-4 VDW =      253.6375  1-4 EEL =    -3920.4596  RESTRAINT  =        0.0000


   NSTEP       ENERGY          RMS            GMAX         NAME    NUMBER
   8950      -1.4027E+05     7.9985E-02     2.2824E+00     O4'       698

 BOND    =    10450.8502  ANGLE   =      170.3648  DIHED      =      939.9291
 VDWAALS =    26812.4596  EEL     =  -174977.1402  HBOND      =        0.0000
 1-4 VDW =      253.6492  1-4 EEL =    -3920.5930  RESTRAINT  =        0.0000


   NSTEP       ENERGY          RMS            GMAX         NAME    NUMBER
   9000      -1.4028E+05     1.3021E-01     4.9896E+00     C5'       286

 BOND    =    10451.3247  ANGLE   =      170.3248  DIHED      =      940.0497
 VDWAALS =    26820.5735  EEL     =  -174995.7242  HBOND      =        0.0000
 1-4 VDW =      253.5942  1-4 EEL =    -3920.5047  RESTRAINT  =        0.0000


   NSTEP       ENERGY          RMS            GMAX         NAME    NUMBER
   9050      -1.4029E+05     3.2298E-01     1.3473E+01     O       24715

 BOND    =    10450.3597  ANGLE   =      171.3103  DIHED      =      940.2936
 VDWAALS =    26837.0348  EEL     =  -175025.3053  HBOND      =        0.0000
 1-4 VDW =      253.1561  1-4 EEL =    -3920.2609  RESTRAINT  =        0.0000


   NSTEP       ENERGY          RMS            GMAX         NAME    NUMBER
   9100      -1.4031E+05     1.3578E-01     6.4654E+00     O       24715

 BOND    =    10456.3230  ANGLE   =      170.3087  DIHED      =      940.3288
 VDWAALS =    26845.7323  EEL     =  -175052.1578  HBOND      =        0.0000
 1-4 VDW =      253.4158  1-4 EEL =    -3920.0259  RESTRAINT  =        0.0000


   NSTEP       ENERGY          RMS            GMAX         NAME    NUMBER
   9150      -1.4032E+05     1.0585E-01     4.3858E+00     C3'       214

 BOND    =    10458.6865  ANGLE   =      170.3054  DIHED      =      940.4381
 VDWAALS =    26856.5198  EEL     =  -175077.0662  HBOND      =        0.0000
 1-4 VDW =      253.3413  1-4 EEL =    -3920.3286  RESTRAINT  =        0.0000


   NSTEP       ENERGY          RMS            GMAX         NAME    NUMBER
   9200      -1.4033E+05     1.4065E-01     5.8988E+00     P         752

 BOND    =    10460.2230  ANGLE   =      170.3262  DIHED      =      940.6027
 VDWAALS =    26862.8259  EEL     =  -175096.0531  HBOND      =        0.0000
 1-4 VDW =      253.3832  1-4 EEL =    -3920.2328  RESTRAINT  =        0.0000


   NSTEP       ENERGY          RMS            GMAX         NAME    NUMBER
   9250      -1.4034E+05     1.3811E-01     5.4506E+00     C2        210

 BOND    =    10462.5023  ANGLE   =      170.4240  DIHED      =      940.7290
 VDWAALS =    26868.9121  EEL     =  -175114.1298  HBOND      =        0.0000
 1-4 VDW =      253.4162  1-4 EEL =    -3920.1183  RESTRAINT  =        0.0000


   NSTEP       ENERGY          RMS            GMAX         NAME    NUMBER
   9300      -1.4035E+05     2.1962E-01     1.4602E+01     C2        210

 BOND    =    10465.5404  ANGLE   =      170.5518  DIHED      =      940.8639
 VDWAALS =    26875.8166  EEL     =  -175134.9773  HBOND      =        0.0000
 1-4 VDW =      253.3740  1-4 EEL =    -3920.1077  RESTRAINT  =        0.0000


   NSTEP       ENERGY          RMS            GMAX         NAME    NUMBER
   9350      -1.4036E+05     1.2225E-01     4.5101E+00     O        9892

 BOND    =    10466.7686  ANGLE   =      170.5326  DIHED      =      940.9454
 VDWAALS =    26882.9965  EEL     =  -175155.3928  HBOND      =        0.0000
 1-4 VDW =      253.3693  1-4 EEL =    -3920.1303  RESTRAINT  =        0.0000


   NSTEP       ENERGY          RMS            GMAX         NAME    NUMBER
   9400      -1.4037E+05     1.5567E-01     7.4499E+00     P         220

 BOND    =    10468.4788  ANGLE   =      170.4562  DIHED      =      941.0379
 VDWAALS =    26891.0257  EEL     =  -175173.9341  HBOND      =        0.0000
 1-4 VDW =      253.4167  1-4 EEL =    -3920.3166  RESTRAINT  =        0.0000


   NSTEP       ENERGY          RMS            GMAX         NAME    NUMBER
   9450      -1.4038E+05     8.5932E-02     3.2295E+00     N1         11

 BOND    =    10469.6857  ANGLE   =      170.3933  DIHED      =      941.0803
 VDWAALS =    26896.4170  EEL     =  -175188.5742  HBOND      =        0.0000
 1-4 VDW =      253.4799  1-4 EEL =    -3920.5298  RESTRAINT  =        0.0000


   NSTEP       ENERGY          RMS            GMAX         NAME    NUMBER
   9500      -1.4039E+05     7.5281E-02     2.3703E+00     O        9712

 BOND    =    10470.2182  ANGLE   =      170.5330  DIHED      =      941.1340
 VDWAALS =    26902.8242  EEL     =  -175203.5349  HBOND      =        0.0000
 1-4 VDW =      253.5032  1-4 EEL =    -3920.4824  RESTRAINT  =        0.0000


   NSTEP       ENERGY          RMS            GMAX         NAME    NUMBER
   9550      -1.4039E+05     1.0715E-01     4.1655E+00     C1'       356

 BOND    =    10472.1829  ANGLE   =      170.8241  DIHED      =      941.1630
 VDWAALS =    26909.8937  EEL     =  -175221.0396  HBOND      =        0.0000
 1-4 VDW =      253.4427  1-4 EEL =    -3920.4678  RESTRAINT  =        0.0000


   NSTEP       ENERGY          RMS            GMAX         NAME    NUMBER
   9600      -1.4040E+05     2.0442E-01     1.0582E+01     H2      13869

 BOND    =    10473.1635  ANGLE   =      171.3910  DIHED      =      941.1353
 VDWAALS =    26917.9672  EEL     =  -175238.4138  HBOND      =        0.0000
 1-4 VDW =      253.4084  1-4 EEL =    -3920.1640  RESTRAINT  =        0.0000


   NSTEP       ENERGY          RMS            GMAX         NAME    NUMBER
   9650      -1.4041E+05     1.2760E-01     4.5028E+00     C1'       198

 BOND    =    10474.6546  ANGLE   =      171.5362  DIHED      =      941.1245
 VDWAALS =    26927.8477  EEL     =  -175259.1261  HBOND      =        0.0000
 1-4 VDW =      253.4047  1-4 EEL =    -3919.9550  RESTRAINT  =        0.0000


   NSTEP       ENERGY          RMS            GMAX         NAME    NUMBER
   9700      -1.4042E+05     1.2864E-01     5.3915E+00     C2        868

 BOND    =    10476.9541  ANGLE   =      171.4869  DIHED      =      941.0337
 VDWAALS =    26941.7517  EEL     =  -175283.7310  HBOND      =        0.0000
 1-4 VDW =      253.5669  1-4 EEL =    -3920.0446  RESTRAINT  =        0.0000


   NSTEP       ENERGY          RMS            GMAX         NAME    NUMBER
   9750      -1.4043E+05     1.8225E-01     7.6710E+00     O        9892

 BOND    =    10482.3399  ANGLE   =      171.6629  DIHED      =      940.8572
 VDWAALS =    26954.5971  EEL     =  -175310.1285  HBOND      =        0.0000
 1-4 VDW =      253.6362  1-4 EEL =    -3920.1786  RESTRAINT  =        0.0000


   NSTEP       ENERGY          RMS            GMAX         NAME    NUMBER
   9800      -1.4044E+05     3.0160E-01     1.6924E+01     H2      27240

 BOND    =    10484.0433  ANGLE   =      172.2477  DIHED      =      940.5057
 VDWAALS =    26975.7412  EEL     =  -175347.9507  HBOND      =        0.0000
 1-4 VDW =      253.9484  1-4 EEL =    -3919.1956  RESTRAINT  =        0.0000


   NSTEP       ENERGY          RMS            GMAX         NAME    NUMBER
   9850      -1.4046E+05     1.1977E-01     9.0680E+00     H1      27239

 BOND    =    10487.0314  ANGLE   =      170.8277  DIHED      =      939.8912
 VDWAALS =    26994.6223  EEL     =  -175385.3615  HBOND      =        0.0000
 1-4 VDW =      253.8379  1-4 EEL =    -3919.6186  RESTRAINT  =        0.0000


   NSTEP       ENERGY          RMS            GMAX         NAME    NUMBER
   9900      -1.4047E+05     9.8286E-02     3.5492E+00     H2      27033

 BOND    =    10488.4365  ANGLE   =      170.6984  DIHED      =      939.6152
 VDWAALS =    27002.1064  EEL     =  -175403.4495  HBOND      =        0.0000
 1-4 VDW =      253.8256  1-4 EEL =    -3919.7824  RESTRAINT  =        0.0000


   NSTEP       ENERGY          RMS            GMAX         NAME    NUMBER
   9950      -1.4048E+05     1.3039E-01     7.1088E+00     O       27118

 BOND    =    10491.3081  ANGLE   =      170.8960  DIHED      =      939.2761
 VDWAALS =    27012.0534  EEL     =  -175423.9090  HBOND      =        0.0000
 1-4 VDW =      253.8741  1-4 EEL =    -3920.0204  RESTRAINT  =        0.0000


   NSTEP       ENERGY          RMS            GMAX         NAME    NUMBER
  10000      -1.4049E+05     1.4492E-01     5.0630E+00     C4        902

 BOND    =    10494.3520  ANGLE   =      171.1390  DIHED      =      938.2935
 VDWAALS =    27030.4725  EEL     =  -175455.4125  HBOND      =        0.0000
 1-4 VDW =      253.7602  1-4 EEL =    -3918.8513  RESTRAINT  =        0.0000


  Maximum number of minimization cycles reached.


                    FINAL RESULTS



   NSTEP       ENERGY          RMS            GMAX         NAME    NUMBER
  10000      -1.4049E+05     1.4492E-01     5.0630E+00     C4        902

 BOND    =    10494.3520  ANGLE   =      171.1390  DIHED      =      938.2935
 VDWAALS =    27030.4725  EEL     =  -175455.4125  HBOND      =        0.0000
 1-4 VDW =      253.7602  1-4 EEL =    -3918.8513  RESTRAINT  =        0.0000
--------------------------------------------------------------------------------
   5.  TIMINGS
--------------------------------------------------------------------------------

|  NonSetup CPU Time in Major Routines:
|
|     Routine           Sec        %
|     ------------------------------
|     Nonbond          12.47   41.17
|     Bond              0.00    0.00
|     Angle             0.00    0.00
|     Dihedral          0.00    0.00
|     Shake             0.00    0.00
|     Other            17.82   58.83
|     ------------------------------
|     Total            30.30

|  PME Nonbond Pairlist CPU Time:
|
|     Routine              Sec        %
|     ---------------------------------
|     Set Up Cit           0.00    0.00
|     Build List           0.00    0.00
|     ---------------------------------
|     Total                0.00    0.00

|  PME Direct Force CPU Time:
|
|     Routine              Sec        %
|     ---------------------------------
|     NonBonded Calc       0.00    0.00
|     Exclude Masked       0.00    0.00
|     Other                0.02    0.05
|     ---------------------------------
|     Total                0.02    0.05

|  PME Reciprocal Force CPU Time:
|
|     Routine              Sec        %
|     ---------------------------------
|     1D bspline           0.00    0.00
|     Grid Charges         0.00    0.00
|     Scalar Sum           0.00    0.00
|     Gradient Sum         0.00    0.00
|     FFT                  0.00    0.00
|     ---------------------------------
|     Total                0.00    0.00

|  Setup CPU time:            1.12 seconds
|  NonSetup CPU time:        30.30 seconds
|  Total CPU time:           31.41 seconds     0.01 hours

|  Setup wall time:           2    seconds
|  NonSetup wall time:       61    seconds
|  Total wall time:          63    seconds     0.02 hours
