
          -------------------------------------------------------
          Amber 16 PMEMD                              2016
          -------------------------------------------------------

| PMEMD implementation of SANDER, Release 16

| Run on 08/25/2020 at 11:07:13

|   Executable path: pmemd.cuda
| Working directory: /home/kyq/T7RNADNA/7/LA7
|          Hostname: gpu01

  [-O]verwriting output

File Assignments:
|   MDIN: heat6.in                                                              
|  MDOUT: cmp_heat6.out                                                         
| INPCRD: cmp_heat5.rst                                                         
|   PARM: cmp.prmtop                                                            
| RESTRT: cmp_heat6.rst                                                         
|   REFC: cmp.inpcrd                                                            
|  MDVEL: mdvel                                                                 
|   MDEN: mden                                                                  
|  MDCRD: cmp_heat6.mdcrd                                                       
| MDINFO: mdinfo                                                                
|  MDFRC: mdfrc                                                                 

 
 Here is the input file:
 
Stage 2 equilibration 1 0-5ns                                                  
 &cntrl                                                                        
  imin=0, irest=1, ntx=5,                                                      
  nstlim=6000, dt=0.002,                                                       
  ntc=2, ntf=2,                                                                
  ntt=1, tautp=1.5,                                                            
  tempi=255.0, temp0=310.0,                                                    
  ntpr=50, ntwx=50,                                                            
  ntb=1,                                                                       
  cut=10,                                                                      
 /                                                                             


Note: ig = -1. Setting random seed to   193301 based on wallclock time in 
      microseconds.
 
|--------------------- INFORMATION ----------------------
| GPU (CUDA) Version of PMEMD in use: NVIDIA GPU IN USE.
|                    Version 16.0.0
| 
|                      02/25/2016
| 
| Implementation by:
|                    Ross C. Walker     (SDSC)
|                    Scott Le Grand     (nVIDIA)
| 
| Precision model in use:
|      [SPFP] - Single Precision Forces, 64-bit Fixed Point
|               Accumulation. (Default)
| 
|--------------------------------------------------------
 
|----------------- CITATION INFORMATION -----------------
|
|    When publishing work that utilized the CUDA version
|    of AMBER, please cite the following in addition to
|    the regular AMBER citations:
|
|  - Romelia Salomon-Ferrer; Andreas W. Goetz; Duncan
|    Poole; Scott Le Grand; Ross C. Walker "Routine
|    microsecond molecular dynamics simulations with
|    AMBER - Part II: Particle Mesh Ewald", J. Chem.
|    Theory Comput., 2013, 9 (9), pp3878-3888,
|    DOI: 10.1021/ct400314y.
|
|  - Andreas W. Goetz; Mark J. Williamson; Dong Xu;
|    Duncan Poole; Scott Le Grand; Ross C. Walker
|    "Routine microsecond molecular dynamics simulations
|    with AMBER - Part I: Generalized Born", J. Chem.
|    Theory Comput., 2012, 8 (5), pp1542-1555.
|
|  - Scott Le Grand; Andreas W. Goetz; Ross C. Walker
|    "SPFP: Speed without compromise - a mixed precision
|    model for GPU accelerated molecular dynamics
|    simulations.", Comp. Phys. Comm., 2013, 184
|    pp374-380, DOI: 10.1016/j.cpc.2012.09.022
|
|--------------------------------------------------------
 
|------------------- GPU DEVICE INFO --------------------
|
|            CUDA_VISIBLE_DEVICES: 0
|   CUDA Capable Devices Detected:      1
|           CUDA Device ID in use:      0
|                CUDA Device Name: Tesla P100-PCIE-16GB
|     CUDA Device Global Mem Size:  16276 MB
| CUDA Device Num Multiprocessors:     56
|           CUDA Device Core Freq:   1.33 GHz
|
|--------------------------------------------------------
 
 
| Conditional Compilation Defines Used:
| PUBFFT
| BINTRAJ
| CUDA
| EMIL
 
| Largest sphere to fit in unit cell has radius =    32.007

| New format PARM file being parsed.
| Version =    1.000 Date = 08/25/20 Time = 11:03:14

| Note: 1-4 EEL scale factors are being read from the topology file.

| Note: 1-4 VDW scale factors are being read from the topology file.
| Duplicated    0 dihedrals

| Duplicated    0 dihedrals

--------------------------------------------------------------------------------
   1.  RESOURCE   USE: 
--------------------------------------------------------------------------------

 getting box info from netcdf restart file
 NATOM  =   32754 NTYPES =      18 NBONH =   32031 MBONA  =     774
 NTHETH =     892 MTHETA =    1191 NPHIH =    1828 MPHIA  =    2451
 NHPARM =       0 NPARM  =       0 NNB   =   48189 NRES   =   10617
 NBONA  =     774 NTHETA =    1191 NPHIA =    2451 NUMBND =      61
 NUMANG =     127 NPTRA  =      75 NATYP =      34 NPHB   =       1
 IFBOX  =       2 NMXRS  =      33 IFCAP =       0 NEXTRA =       0
 NCOPY  =       0

| Coordinate Index Table dimensions:    12   12   12
| Direct force subcell size =     6.5333    6.5333    6.5333

     BOX TYPE: TRUNCATED OCTAHEDRON

--------------------------------------------------------------------------------
   2.  CONTROL  DATA  FOR  THE  RUN
--------------------------------------------------------------------------------

default_name                                                                    

General flags:
     imin    =       0, nmropt  =       0

Nature and format of input:
     ntx     =       5, irest   =       1, ntrx    =       1

Nature and format of output:
     ntxo    =       2, ntpr    =      50, ntrx    =       1, ntwr    =    6000
     iwrap   =       0, ntwx    =      50, ntwv    =       0, ntwe    =       0
     ioutfm  =       1, ntwprt  =       0, idecomp =       0, rbornstat=      0

Potential function:
     ntf     =       2, ntb     =       1, igb     =       0, nsnb    =      25
     ipol    =       0, gbsa    =       0, iesp    =       0
     dielc   =   1.00000, cut     =  10.00000, intdiel =   1.00000

Frozen or restrained atoms:
     ibelly  =       0, ntr     =       0

Molecular dynamics:
     nstlim  =      6000, nscm    =      1000, nrespa  =         1
     t       =   0.00000, dt      =   0.00200, vlimit  =  -1.00000

Berendsen (weak-coupling) temperature regulation:
     temp0   = 310.00000, tempi   = 255.00000, tautp   =   1.50000

SHAKE:
     ntc     =       2, jfastw  =       0
     tol     =   0.00001

| Intermolecular bonds treatment:
|     no_intermolecular_bonds =       1

| Energy averages sample interval:
|     ene_avg_sampling =      50

Ewald parameters:
     verbose =       0, ew_type =       0, nbflag  =       1, use_pme =       1
     vdwmeth =       1, eedmeth =       1, netfrc  =       1
     Box X =   78.400   Box Y =   78.400   Box Z =   78.400
     Alpha =  109.471   Beta  =  109.471   Gamma =  109.471
     NFFT1 =   80       NFFT2 =   80       NFFT3 =   80
     Cutoff=   10.000   Tol   =0.100E-04
     Ewald Coefficient =  0.27511
     Interpolation order =    4

--------------------------------------------------------------------------------
   3.  ATOMIC COORDINATES AND VELOCITIES
--------------------------------------------------------------------------------

default_name                                                                    
 begin time read from input coords =    28.000 ps

 
 Number of triangulated 3-point waters found:    10551

     Sum of charges from parm topology file =   0.00000018
     Forcing neutrality...

| Dynamic Memory, Types Used:
| Reals              964167
| Integers           796987

| Nonbonded Pairs Initial Allocation:     9907266

| GPU memory information (estimate):
| KB of GPU memory in use:    163692
| KB of CPU memory in use:     52560

--------------------------------------------------------------------------------
   4.  RESULTS
--------------------------------------------------------------------------------

 ---------------------------------------------------
 APPROXIMATING switch and d/dx switch using CUBIC SPLINE INTERPOLATION
 using   5000.0 points per unit in tabled values
 TESTING RELATIVE ERROR over r ranging from 0.0 to cutoff
| CHECK switch(x): max rel err =   0.3316E-14   at   2.351880
| CHECK d/dx switch(x): max rel err =   0.8066E-11   at   2.747240
 ---------------------------------------------------
|---------------------------------------------------
| APPROXIMATING direct energy using CUBIC SPLINE INTERPOLATION
|  with   50.0 points per unit in tabled values
| Relative Error Limit not exceeded for r .gt.   2.34
| APPROXIMATING direct force using CUBIC SPLINE INTERPOLATION
|  with   50.0 points per unit in tabled values
| Relative Error Limit not exceeded for r .gt.   2.81
|---------------------------------------------------

 NSTEP =       50   TIME(PS) =      28.100  TEMP(K) =   242.32  PRESS =     0.0
 Etot   =   -101289.0275  EKtot   =     15945.6025  EPtot      =   -117234.6300
 BOND   =       200.6393  ANGLE   =       464.6910  DIHED      =       990.9055
 1-4 NB =       299.1601  1-4 EEL =     -3938.7682  VDWAALS    =     16661.8344
 EELEC  =   -131913.0922  EHBOND  =         0.0000  RESTRAINT  =         0.0000
 ------------------------------------------------------------------------------


 NSTEP =      100   TIME(PS) =      28.200  TEMP(K) =   245.90  PRESS =     0.0
 Etot   =   -101002.8099  EKtot   =     16181.2637  EPtot      =   -117184.0735
 BOND   =       216.3902  ANGLE   =       474.6076  DIHED      =       987.1701
 1-4 NB =       274.8139  1-4 EEL =     -3926.7949  VDWAALS    =     16329.0268
 EELEC  =   -131539.2872  EHBOND  =         0.0000  RESTRAINT  =         0.0000
 ------------------------------------------------------------------------------


 NSTEP =      150   TIME(PS) =      28.300  TEMP(K) =   247.06  PRESS =     0.0
 Etot   =   -100717.9315  EKtot   =     16257.5449  EPtot      =   -116975.4764
 BOND   =       211.0962  ANGLE   =       468.1983  DIHED      =       999.4367
 1-4 NB =       277.7294  1-4 EEL =     -3916.4813  VDWAALS    =     16281.8184
 EELEC  =   -131297.2741  EHBOND  =         0.0000  RESTRAINT  =         0.0000
 ------------------------------------------------------------------------------


 NSTEP =      200   TIME(PS) =      28.400  TEMP(K) =   249.07  PRESS =     0.0
 Etot   =   -100441.0167  EKtot   =     16389.8164  EPtot      =   -116830.8331
 BOND   =       207.4564  ANGLE   =       479.5851  DIHED      =       994.7023
 1-4 NB =       289.3861  1-4 EEL =     -3891.6147  VDWAALS    =     16622.3325
 EELEC  =   -131532.6808  EHBOND  =         0.0000  RESTRAINT  =         0.0000
 ------------------------------------------------------------------------------


 NSTEP =      250   TIME(PS) =      28.500  TEMP(K) =   252.68  PRESS =     0.0
 Etot   =   -100182.7666  EKtot   =     16627.6016  EPtot      =   -116810.3681
 BOND   =       228.1360  ANGLE   =       474.6626  DIHED      =      1018.0118
 1-4 NB =       280.7407  1-4 EEL =     -3978.3230  VDWAALS    =     16502.8306
 EELEC  =   -131336.4268  EHBOND  =         0.0000  RESTRAINT  =         0.0000
 ------------------------------------------------------------------------------


 NSTEP =      300   TIME(PS) =      28.600  TEMP(K) =   251.92  PRESS =     0.0
 Etot   =    -99923.0154  EKtot   =     16577.5859  EPtot      =   -116500.6013
 BOND   =       218.1179  ANGLE   =       486.9291  DIHED      =      1004.2330
 1-4 NB =       286.4129  1-4 EEL =     -3928.8497  VDWAALS    =     16314.3261
 EELEC  =   -130881.7706  EHBOND  =         0.0000  RESTRAINT  =         0.0000
 ------------------------------------------------------------------------------


 NSTEP =      350   TIME(PS) =      28.700  TEMP(K) =   251.00  PRESS =     0.0
 Etot   =    -99669.2241  EKtot   =     16516.8945  EPtot      =   -116186.1187
 BOND   =       217.5831  ANGLE   =       485.1922  DIHED      =      1014.8932
 1-4 NB =       279.1157  1-4 EEL =     -3939.8411  VDWAALS    =     16343.4577
 EELEC  =   -130586.5194  EHBOND  =         0.0000  RESTRAINT  =         0.0000
 ------------------------------------------------------------------------------


 NSTEP =      400   TIME(PS) =      28.800  TEMP(K) =   253.10  PRESS =     0.0
 Etot   =    -99415.7301  EKtot   =     16654.7109  EPtot      =   -116070.4411
 BOND   =       231.8429  ANGLE   =       476.3478  DIHED      =       984.0788
 1-4 NB =       279.4305  1-4 EEL =     -3965.5069  VDWAALS    =     16015.5646
 EELEC  =   -130092.1986  EHBOND  =         0.0000  RESTRAINT  =         0.0000
 ------------------------------------------------------------------------------


 NSTEP =      450   TIME(PS) =      28.900  TEMP(K) =   256.42  PRESS =     0.0
 Etot   =    -99167.7013  EKtot   =     16873.2109  EPtot      =   -116040.9122
 BOND   =       214.9170  ANGLE   =       494.8938  DIHED      =       992.5167
 1-4 NB =       284.7124  1-4 EEL =     -3936.2799  VDWAALS    =     16239.4802
 EELEC  =   -130331.1525  EHBOND  =         0.0000  RESTRAINT  =         0.0000
 ------------------------------------------------------------------------------


 NSTEP =      500   TIME(PS) =      29.000  TEMP(K) =   254.85  PRESS =     0.0
 Etot   =    -98926.9381  EKtot   =     16770.1289  EPtot      =   -115697.0670
 BOND   =       228.9346  ANGLE   =       474.5915  DIHED      =       996.0366
 1-4 NB =       285.6946  1-4 EEL =     -3934.5954  VDWAALS    =     16066.7334
 EELEC  =   -129814.4623  EHBOND  =         0.0000  RESTRAINT  =         0.0000
 ------------------------------------------------------------------------------


 NSTEP =      550   TIME(PS) =      29.100  TEMP(K) =   255.99  PRESS =     0.0
 Etot   =    -98695.4124  EKtot   =     16844.9141  EPtot      =   -115540.3265
 BOND   =       212.4040  ANGLE   =       461.6965  DIHED      =      1011.0693
 1-4 NB =       279.8993  1-4 EEL =     -3935.5496  VDWAALS    =     16183.3770
 EELEC  =   -129753.2230  EHBOND  =         0.0000  RESTRAINT  =         0.0000
 ------------------------------------------------------------------------------


 NSTEP =      600   TIME(PS) =      29.200  TEMP(K) =   258.44  PRESS =     0.0
 Etot   =    -98465.2307  EKtot   =     17006.3672  EPtot      =   -115471.5979
 BOND   =       234.9500  ANGLE   =       486.5009  DIHED      =       998.5123
 1-4 NB =       288.3362  1-4 EEL =     -3932.5692  VDWAALS    =     16049.0058
 EELEC  =   -129596.3339  EHBOND  =         0.0000  RESTRAINT  =         0.0000
 ------------------------------------------------------------------------------


 NSTEP =      650   TIME(PS) =      29.300  TEMP(K) =   259.56  PRESS =     0.0
 Etot   =    -98239.2270  EKtot   =     17080.0195  EPtot      =   -115319.2465
 BOND   =       243.7748  ANGLE   =       517.6360  DIHED      =       989.8753
 1-4 NB =       277.3735  1-4 EEL =     -3955.9209  VDWAALS    =     16002.1888
 EELEC  =   -129394.1740  EHBOND  =         0.0000  RESTRAINT  =         0.0000
 ------------------------------------------------------------------------------


 NSTEP =      700   TIME(PS) =      29.400  TEMP(K) =   259.50  PRESS =     0.0
 Etot   =    -98020.6868  EKtot   =     17075.9219  EPtot      =   -115096.6087
 BOND   =       248.3331  ANGLE   =       510.0112  DIHED      =       999.3616
 1-4 NB =       291.3247  1-4 EEL =     -3935.4576  VDWAALS    =     15990.1699
 EELEC  =   -129200.3517  EHBOND  =         0.0000  RESTRAINT  =         0.0000
 ------------------------------------------------------------------------------


 NSTEP =      750   TIME(PS) =      29.500  TEMP(K) =   261.52  PRESS =     0.0
 Etot   =    -97800.3420  EKtot   =     17209.0664  EPtot      =   -115009.4084
 BOND   =       239.7082  ANGLE   =       492.8531  DIHED      =      1012.3338
 1-4 NB =       287.1360  1-4 EEL =     -3920.4349  VDWAALS    =     15894.3187
 EELEC  =   -129015.3234  EHBOND  =         0.0000  RESTRAINT  =         0.0000
 ------------------------------------------------------------------------------


 NSTEP =      800   TIME(PS) =      29.600  TEMP(K) =   262.90  PRESS =     0.0
 Etot   =    -97589.5342  EKtot   =     17299.7422  EPtot      =   -114889.2764
 BOND   =       244.8909  ANGLE   =       498.4177  DIHED      =       999.9103
 1-4 NB =       285.2959  1-4 EEL =     -3939.7830  VDWAALS    =     16075.2802
 EELEC  =   -129053.2884  EHBOND  =         0.0000  RESTRAINT  =         0.0000
 ------------------------------------------------------------------------------


 NSTEP =      850   TIME(PS) =      29.700  TEMP(K) =   263.63  PRESS =     0.0
 Etot   =    -97384.2782  EKtot   =     17347.6250  EPtot      =   -114731.9032
 BOND   =       231.5069  ANGLE   =       512.9595  DIHED      =      1003.3832
 1-4 NB =       289.6843  1-4 EEL =     -3943.6349  VDWAALS    =     16080.2027
 EELEC  =   -128906.0048  EHBOND  =         0.0000  RESTRAINT  =         0.0000
 ------------------------------------------------------------------------------


 NSTEP =      900   TIME(PS) =      29.800  TEMP(K) =   264.31  PRESS =     0.0
 Etot   =    -97180.6734  EKtot   =     17392.3320  EPtot      =   -114573.0055
 BOND   =       233.5063  ANGLE   =       525.5135  DIHED      =       982.2974
 1-4 NB =       285.9927  1-4 EEL =     -3934.0555  VDWAALS    =     15695.5433
 EELEC  =   -128361.8032  EHBOND  =         0.0000  RESTRAINT  =         0.0000
 ------------------------------------------------------------------------------


 NSTEP =      950   TIME(PS) =      29.900  TEMP(K) =   265.94  PRESS =     0.0
 Etot   =    -96982.3259  EKtot   =     17499.7715  EPtot      =   -114482.0974
 BOND   =       235.1509  ANGLE   =       483.2162  DIHED      =      1004.6301
 1-4 NB =       287.1096  1-4 EEL =     -3927.2719  VDWAALS    =     15587.7718
 EELEC  =   -128152.7041  EHBOND  =         0.0000  RESTRAINT  =         0.0000
 ------------------------------------------------------------------------------

check COM velocity, temp:        0.000003     0.00(Removed)

 NSTEP =     1000   TIME(PS) =      30.000  TEMP(K) =   264.38  PRESS =     0.0
 Etot   =    -96785.7832  EKtot   =     17397.1836  EPtot      =   -114182.9668
 BOND   =       218.6353  ANGLE   =       487.5106  DIHED      =      1007.3787
 1-4 NB =       290.0046  1-4 EEL =     -3893.1251  VDWAALS    =     15525.7691
 EELEC  =   -127819.1401  EHBOND  =         0.0000  RESTRAINT  =         0.0000
 ------------------------------------------------------------------------------


 NSTEP =     1050   TIME(PS) =      30.100  TEMP(K) =   265.94  PRESS =     0.0
 Etot   =    -96588.6795  EKtot   =     17499.9062  EPtot      =   -114088.5857
 BOND   =       244.6717  ANGLE   =       521.0016  DIHED      =      1002.8860
 1-4 NB =       285.9718  1-4 EEL =     -3941.1699  VDWAALS    =     15614.5633
 EELEC  =   -127816.5104  EHBOND  =         0.0000  RESTRAINT  =         0.0000
 ------------------------------------------------------------------------------


 NSTEP =     1100   TIME(PS) =      30.200  TEMP(K) =   268.25  PRESS =     0.0
 Etot   =    -96404.1133  EKtot   =     17651.9258  EPtot      =   -114056.0391
 BOND   =       231.0167  ANGLE   =       494.4552  DIHED      =      1007.5653
 1-4 NB =       280.1103  1-4 EEL =     -3888.7528  VDWAALS    =     15455.9114
 EELEC  =   -127636.3451  EHBOND  =         0.0000  RESTRAINT  =         0.0000
 ------------------------------------------------------------------------------


 NSTEP =     1150   TIME(PS) =      30.300  TEMP(K) =   267.50  PRESS =     0.0
 Etot   =    -96218.5826  EKtot   =     17602.2344  EPtot      =   -113820.8170
 BOND   =       230.5832  ANGLE   =       514.4643  DIHED      =      1018.7140
 1-4 NB =       277.8108  1-4 EEL =     -3882.0843  VDWAALS    =     15554.2212
 EELEC  =   -127534.5262  EHBOND  =         0.0000  RESTRAINT  =         0.0000
 ------------------------------------------------------------------------------


 NSTEP =     1200   TIME(PS) =      30.400  TEMP(K) =   270.05  PRESS =     0.0
 Etot   =    -96038.6106  EKtot   =     17770.4922  EPtot      =   -113809.1028
 BOND   =       242.2395  ANGLE   =       522.5728  DIHED      =      1009.1169
 1-4 NB =       287.1539  1-4 EEL =     -3949.6774  VDWAALS    =     15362.9745
 EELEC  =   -127283.4829  EHBOND  =         0.0000  RESTRAINT  =         0.0000
 ------------------------------------------------------------------------------


 NSTEP =     1250   TIME(PS) =      30.500  TEMP(K) =   268.69  PRESS =     0.0
 Etot   =    -95860.9304  EKtot   =     17680.9434  EPtot      =   -113541.8738
 BOND   =       259.4178  ANGLE   =       503.0005  DIHED      =      1022.7191
 1-4 NB =       290.8148  1-4 EEL =     -3941.3827  VDWAALS    =     15748.2210
 EELEC  =   -127424.6643  EHBOND  =         0.0000  RESTRAINT  =         0.0000
 ------------------------------------------------------------------------------


 NSTEP =     1300   TIME(PS) =      30.600  TEMP(K) =   271.89  PRESS =     0.0
 Etot   =    -95688.4922  EKtot   =     17891.3203  EPtot      =   -113579.8125
 BOND   =       259.1016  ANGLE   =       508.3965  DIHED      =      1032.8588
 1-4 NB =       282.9267  1-4 EEL =     -3946.5936  VDWAALS    =     15450.5216
 EELEC  =   -127167.0241  EHBOND  =         0.0000  RESTRAINT  =         0.0000
 ------------------------------------------------------------------------------


 NSTEP =     1350   TIME(PS) =      30.700  TEMP(K) =   270.61  PRESS =     0.0
 Etot   =    -95524.0567  EKtot   =     17807.3047  EPtot      =   -113331.3614
 BOND   =       247.0328  ANGLE   =       524.6328  DIHED      =      1014.9041
 1-4 NB =       284.7920  1-4 EEL =     -3926.2678  VDWAALS    =     15320.3113
 EELEC  =   -126796.7665  EHBOND  =         0.0000  RESTRAINT  =         0.0000
 ------------------------------------------------------------------------------


 NSTEP =     1400   TIME(PS) =      30.800  TEMP(K) =   270.05  PRESS =     0.0
 Etot   =    -95354.2532  EKtot   =     17770.2441  EPtot      =   -113124.4973
 BOND   =       264.1174  ANGLE   =       511.3097  DIHED      =       997.5015
 1-4 NB =       296.5658  1-4 EEL =     -3941.0719  VDWAALS    =     15155.1681
 EELEC  =   -126408.0879  EHBOND  =         0.0000  RESTRAINT  =         0.0000
 ------------------------------------------------------------------------------


 NSTEP =     1450   TIME(PS) =      30.900  TEMP(K) =   273.72  PRESS =     0.0
 Etot   =    -95190.2373  EKtot   =     18011.8926  EPtot      =   -113202.1299
 BOND   =       246.7991  ANGLE   =       552.2745  DIHED      =      1009.6110
 1-4 NB =       276.1388  1-4 EEL =     -3910.0281  VDWAALS    =     15106.9180
 EELEC  =   -126483.8432  EHBOND  =         0.0000  RESTRAINT  =         0.0000
 ------------------------------------------------------------------------------


 NSTEP =     1500   TIME(PS) =      31.000  TEMP(K) =   273.07  PRESS =     0.0
 Etot   =    -95031.8987  EKtot   =     17969.0117  EPtot      =   -113000.9104
 BOND   =       231.4808  ANGLE   =       527.6712  DIHED      =      1014.0999
 1-4 NB =       287.5670  1-4 EEL =     -3929.0342  VDWAALS    =     15111.2448
 EELEC  =   -126243.9398  EHBOND  =         0.0000  RESTRAINT  =         0.0000
 ------------------------------------------------------------------------------


 NSTEP =     1550   TIME(PS) =      31.100  TEMP(K) =   275.11  PRESS =     0.0
 Etot   =    -94870.9133  EKtot   =     18103.1289  EPtot      =   -112974.0422
 BOND   =       261.5095  ANGLE   =       526.3676  DIHED      =       997.2432
 1-4 NB =       287.1883  1-4 EEL =     -3958.3473  VDWAALS    =     14907.7397
 EELEC  =   -125995.7431  EHBOND  =         0.0000  RESTRAINT  =         0.0000
 ------------------------------------------------------------------------------


 NSTEP =     1600   TIME(PS) =      31.200  TEMP(K) =   277.01  PRESS =     0.0
 Etot   =    -94718.3124  EKtot   =     18228.5547  EPtot      =   -112946.8671
 BOND   =       257.1274  ANGLE   =       518.9160  DIHED      =      1021.4726
 1-4 NB =       292.7499  1-4 EEL =     -3929.6843  VDWAALS    =     15089.5317
 EELEC  =   -126196.9805  EHBOND  =         0.0000  RESTRAINT  =         0.0000
 ------------------------------------------------------------------------------


 NSTEP =     1650   TIME(PS) =      31.300  TEMP(K) =   276.00  PRESS =     0.0
 Etot   =    -94567.5669  EKtot   =     18162.0527  EPtot      =   -112729.6196
 BOND   =       247.4576  ANGLE   =       538.9892  DIHED      =      1028.5262
 1-4 NB =       290.5922  1-4 EEL =     -3952.7928  VDWAALS    =     14894.1259
 EELEC  =   -125776.5180  EHBOND  =         0.0000  RESTRAINT  =         0.0000
 ------------------------------------------------------------------------------


 NSTEP =     1700   TIME(PS) =      31.400  TEMP(K) =   276.54  PRESS =     0.0
 Etot   =    -94418.1104  EKtot   =     18197.5996  EPtot      =   -112615.7100
 BOND   =       273.7154  ANGLE   =       559.0568  DIHED      =      1006.2862
 1-4 NB =       284.5772  1-4 EEL =     -3975.2306  VDWAALS    =     14982.6729
 EELEC  =   -125746.7879  EHBOND  =         0.0000  RESTRAINT  =         0.0000
 ------------------------------------------------------------------------------


 NSTEP =     1750   TIME(PS) =      31.500  TEMP(K) =   277.64  PRESS =     0.0
 Etot   =    -94273.3512  EKtot   =     18269.7051  EPtot      =   -112543.0563
 BOND   =       245.4723  ANGLE   =       552.9104  DIHED      =      1025.4852
 1-4 NB =       286.7511  1-4 EEL =     -3925.7804  VDWAALS    =     14988.9467
 EELEC  =   -125716.8414  EHBOND  =         0.0000  RESTRAINT  =         0.0000
 ------------------------------------------------------------------------------


 NSTEP =     1800   TIME(PS) =      31.600  TEMP(K) =   278.46  PRESS =     0.0
 Etot   =    -94130.7784  EKtot   =     18323.7969  EPtot      =   -112454.5753
 BOND   =       255.9745  ANGLE   =       556.1208  DIHED      =       993.1074
 1-4 NB =       283.2643  1-4 EEL =     -3923.3024  VDWAALS    =     14883.2268
 EELEC  =   -125502.9666  EHBOND  =         0.0000  RESTRAINT  =         0.0000
 ------------------------------------------------------------------------------


 NSTEP =     1850   TIME(PS) =      31.700  TEMP(K) =   275.32  PRESS =     0.0
 Etot   =    -93983.3221  EKtot   =     18117.2246  EPtot      =   -112100.5467
 BOND   =       289.4102  ANGLE   =       553.7558  DIHED      =      1009.5638
 1-4 NB =       284.4945  1-4 EEL =     -3922.8477  VDWAALS    =     14909.0615
 EELEC  =   -125223.9847  EHBOND  =         0.0000  RESTRAINT  =         0.0000
 ------------------------------------------------------------------------------


 NSTEP =     1900   TIME(PS) =      31.800  TEMP(K) =   278.78  PRESS =     0.0
 Etot   =    -93846.9862  EKtot   =     18344.8750  EPtot      =   -112191.8612
 BOND   =       249.3361  ANGLE   =       551.2568  DIHED      =      1010.5635
 1-4 NB =       292.5391  1-4 EEL =     -3933.5976  VDWAALS    =     14849.8624
 EELEC  =   -125211.8215  EHBOND  =         0.0000  RESTRAINT  =         0.0000
 ------------------------------------------------------------------------------


 NSTEP =     1950   TIME(PS) =      31.900  TEMP(K) =   278.86  PRESS =     0.0
 Etot   =    -93709.6888  EKtot   =     18350.0000  EPtot      =   -112059.6888
 BOND   =       263.4634  ANGLE   =       564.2478  DIHED      =      1000.6117
 1-4 NB =       295.7939  1-4 EEL =     -3955.1626  VDWAALS    =     14725.1072
 EELEC  =   -124953.7502  EHBOND  =         0.0000  RESTRAINT  =         0.0000
 ------------------------------------------------------------------------------

check COM velocity, temp:        0.000002     0.00(Removed)

 NSTEP =     2000   TIME(PS) =      32.000  TEMP(K) =   278.57  PRESS =     0.0
 Etot   =    -93571.6504  EKtot   =     18330.8223  EPtot      =   -111902.4727
 BOND   =       263.8544  ANGLE   =       532.3552  DIHED      =      1012.6245
 1-4 NB =       287.6821  1-4 EEL =     -3900.8061  VDWAALS    =     14644.7155
 EELEC  =   -124742.8982  EHBOND  =         0.0000  RESTRAINT  =         0.0000
 ------------------------------------------------------------------------------


 NSTEP =     2050   TIME(PS) =      32.100  TEMP(K) =   280.14  PRESS =     0.0
 Etot   =    -93434.6871  EKtot   =     18434.3984  EPtot      =   -111869.0855
 BOND   =       288.6424  ANGLE   =       559.8734  DIHED      =      1005.8015
 1-4 NB =       290.6544  1-4 EEL =     -3933.2274  VDWAALS    =     14490.6799
 EELEC  =   -124571.5099  EHBOND  =         0.0000  RESTRAINT  =         0.0000
 ------------------------------------------------------------------------------


 NSTEP =     2100   TIME(PS) =      32.200  TEMP(K) =   281.31  PRESS =     0.0
 Etot   =    -93303.5914  EKtot   =     18511.0430  EPtot      =   -111814.6343
 BOND   =       272.8338  ANGLE   =       525.5506  DIHED      =      1020.0967
 1-4 NB =       300.5771  1-4 EEL =     -3953.5994  VDWAALS    =     14594.7138
 EELEC  =   -124574.8068  EHBOND  =         0.0000  RESTRAINT  =         0.0000
 ------------------------------------------------------------------------------


 NSTEP =     2150   TIME(PS) =      32.300  TEMP(K) =   283.03  PRESS =     0.0
 Etot   =    -93179.4390  EKtot   =     18624.6484  EPtot      =   -111804.0875
 BOND   =       258.3901  ANGLE   =       537.3888  DIHED      =       995.3920
 1-4 NB =       288.0378  1-4 EEL =     -3942.2290  VDWAALS    =     14605.1632
 EELEC  =   -124546.2305  EHBOND  =         0.0000  RESTRAINT  =         0.0000
 ------------------------------------------------------------------------------


 NSTEP =     2200   TIME(PS) =      32.400  TEMP(K) =   282.94  PRESS =     0.0
 Etot   =    -93055.2463  EKtot   =     18618.8008  EPtot      =   -111674.0470
 BOND   =       291.7510  ANGLE   =       546.7612  DIHED      =       999.8165
 1-4 NB =       277.0951  1-4 EEL =     -3939.3218  VDWAALS    =     14295.0670
 EELEC  =   -124145.2161  EHBOND  =         0.0000  RESTRAINT  =         0.0000
 ------------------------------------------------------------------------------


 NSTEP =     2250   TIME(PS) =      32.500  TEMP(K) =   280.12  PRESS =     0.0
 Etot   =    -92930.2786  EKtot   =     18433.2070  EPtot      =   -111363.4856
 BOND   =       276.0257  ANGLE   =       548.4673  DIHED      =      1005.9479
 1-4 NB =       292.2930  1-4 EEL =     -3925.9131  VDWAALS    =     14361.6325
 EELEC  =   -123921.9389  EHBOND  =         0.0000  RESTRAINT  =         0.0000
 ------------------------------------------------------------------------------


 NSTEP =     2300   TIME(PS) =      32.600  TEMP(K) =   284.76  PRESS =     0.0
 Etot   =    -92814.1545  EKtot   =     18738.5820  EPtot      =   -111552.7365
 BOND   =       262.9450  ANGLE   =       548.6907  DIHED      =      1027.4501
 1-4 NB =       294.0884  1-4 EEL =     -3935.6190  VDWAALS    =     14302.7632
 EELEC  =   -124053.0550  EHBOND  =         0.0000  RESTRAINT  =         0.0000
 ------------------------------------------------------------------------------


 NSTEP =     2350   TIME(PS) =      32.700  TEMP(K) =   285.25  PRESS =     0.0
 Etot   =    -92701.7160  EKtot   =     18770.2852  EPtot      =   -111472.0012
 BOND   =       259.7228  ANGLE   =       559.9648  DIHED      =      1013.8357
 1-4 NB =       274.5841  1-4 EEL =     -3909.2738  VDWAALS    =     14578.0571
 EELEC  =   -124248.8918  EHBOND  =         0.0000  RESTRAINT  =         0.0000
 ------------------------------------------------------------------------------


 NSTEP =     2400   TIME(PS) =      32.800  TEMP(K) =   286.43  PRESS =     0.0
 Etot   =    -92593.3870  EKtot   =     18848.2031  EPtot      =   -111441.5902
 BOND   =       268.3397  ANGLE   =       564.2780  DIHED      =      1004.9821
 1-4 NB =       284.5507  1-4 EEL =     -3938.0476  VDWAALS    =     14532.1507
 EELEC  =   -124157.8436  EHBOND  =         0.0000  RESTRAINT  =         0.0000
 ------------------------------------------------------------------------------


 NSTEP =     2450   TIME(PS) =      32.900  TEMP(K) =   286.03  PRESS =     0.0
 Etot   =    -92482.4311  EKtot   =     18822.0059  EPtot      =   -111304.4370
 BOND   =       243.3328  ANGLE   =       553.5114  DIHED      =      1002.6635
 1-4 NB =       291.9739  1-4 EEL =     -3948.8081  VDWAALS    =     14280.0498
 EELEC  =   -123727.1603  EHBOND  =         0.0000  RESTRAINT  =         0.0000
 ------------------------------------------------------------------------------


 NSTEP =     2500   TIME(PS) =      33.000  TEMP(K) =   284.83  PRESS =     0.0
 Etot   =    -92376.1482  EKtot   =     18742.7930  EPtot      =   -111118.9411
 BOND   =       272.4668  ANGLE   =       556.7456  DIHED      =       993.0918
 1-4 NB =       279.9351  1-4 EEL =     -3952.8487  VDWAALS    =     14551.2277
 EELEC  =   -123819.5594  EHBOND  =         0.0000  RESTRAINT  =         0.0000
 ------------------------------------------------------------------------------


 NSTEP =     2550   TIME(PS) =      33.100  TEMP(K) =   285.61  PRESS =     0.0
 Etot   =    -92277.5128  EKtot   =     18794.2188  EPtot      =   -111071.7316
 BOND   =       256.8483  ANGLE   =       547.6268  DIHED      =       993.6593
 1-4 NB =       293.1799  1-4 EEL =     -3925.9033  VDWAALS    =     14788.9680
 EELEC  =   -124026.1107  EHBOND  =         0.0000  RESTRAINT  =         0.0000
 ------------------------------------------------------------------------------


 NSTEP =     2600   TIME(PS) =      33.200  TEMP(K) =   285.47  PRESS =     0.0
 Etot   =    -92174.7988  EKtot   =     18785.2969  EPtot      =   -110960.0957
 BOND   =       273.9652  ANGLE   =       532.2896  DIHED      =      1021.1145
 1-4 NB =       280.2445  1-4 EEL =     -3932.1099  VDWAALS    =     14558.4626
 EELEC  =   -123694.0622  EHBOND  =         0.0000  RESTRAINT  =         0.0000
 ------------------------------------------------------------------------------


 NSTEP =     2650   TIME(PS) =      33.300  TEMP(K) =   285.14  PRESS =     0.0
 Etot   =    -92073.7738  EKtot   =     18763.0234  EPtot      =   -110836.7973
 BOND   =       261.6945  ANGLE   =       525.7374  DIHED      =      1000.5613
 1-4 NB =       285.4051  1-4 EEL =     -3935.4000  VDWAALS    =     14420.5664
 EELEC  =   -123395.3620  EHBOND  =         0.0000  RESTRAINT  =         0.0000
 ------------------------------------------------------------------------------


 NSTEP =     2700   TIME(PS) =      33.400  TEMP(K) =   289.80  PRESS =     0.0
 Etot   =    -91979.8858  EKtot   =     19070.1484  EPtot      =   -111050.0342
 BOND   =       259.0098  ANGLE   =       538.2835  DIHED      =      1003.1076
 1-4 NB =       291.4521  1-4 EEL =     -3937.2090  VDWAALS    =     14325.3453
 EELEC  =   -123530.0236  EHBOND  =         0.0000  RESTRAINT  =         0.0000
 ------------------------------------------------------------------------------


 NSTEP =     2750   TIME(PS) =      33.500  TEMP(K) =   289.74  PRESS =     0.0
 Etot   =    -91887.7588  EKtot   =     19065.6992  EPtot      =   -110953.4580
 BOND   =       269.1298  ANGLE   =       587.3044  DIHED      =      1007.2445
 1-4 NB =       285.6874  1-4 EEL =     -3928.0077  VDWAALS    =     14414.9366
 EELEC  =   -123589.7529  EHBOND  =         0.0000  RESTRAINT  =         0.0000
 ------------------------------------------------------------------------------


 NSTEP =     2800   TIME(PS) =      33.600  TEMP(K) =   290.83  PRESS =     0.0
 Etot   =    -91801.7236  EKtot   =     19137.5352  EPtot      =   -110939.2588
 BOND   =       269.4132  ANGLE   =       566.3115  DIHED      =      1005.6116
 1-4 NB =       277.7084  1-4 EEL =     -3920.9631  VDWAALS    =     14347.3459
 EELEC  =   -123484.6862  EHBOND  =         0.0000  RESTRAINT  =         0.0000
 ------------------------------------------------------------------------------


 NSTEP =     2850   TIME(PS) =      33.700  TEMP(K) =   290.59  PRESS =     0.0
 Etot   =    -91713.0496  EKtot   =     19121.8203  EPtot      =   -110834.8699
 BOND   =       254.2058  ANGLE   =       564.7491  DIHED      =       999.3934
 1-4 NB =       292.2237  1-4 EEL =     -3932.9794  VDWAALS    =     14554.2766
 EELEC  =   -123566.7391  EHBOND  =         0.0000  RESTRAINT  =         0.0000
 ------------------------------------------------------------------------------


 NSTEP =     2900   TIME(PS) =      33.800  TEMP(K) =   290.31  PRESS =     0.0
 Etot   =    -91627.3012  EKtot   =     19103.7188  EPtot      =   -110731.0200
 BOND   =       306.8836  ANGLE   =       566.4937  DIHED      =      1010.5208
 1-4 NB =       290.2837  1-4 EEL =     -3968.0605  VDWAALS    =     14353.3632
 EELEC  =   -123290.5044  EHBOND  =         0.0000  RESTRAINT  =         0.0000
 ------------------------------------------------------------------------------


 NSTEP =     2950   TIME(PS) =      33.900  TEMP(K) =   292.93  PRESS =     0.0
 Etot   =    -91544.6843  EKtot   =     19276.0176  EPtot      =   -110820.7019
 BOND   =       277.3067  ANGLE   =       533.7180  DIHED      =      1013.8676
 1-4 NB =       289.9339  1-4 EEL =     -3915.8942  VDWAALS    =     14435.2547
 EELEC  =   -123454.8887  EHBOND  =         0.0000  RESTRAINT  =         0.0000
 ------------------------------------------------------------------------------

check COM velocity, temp:        0.000007     0.00(Removed)

 NSTEP =     3000   TIME(PS) =      34.000  TEMP(K) =   292.00  PRESS =     0.0
 Etot   =    -91464.2035  EKtot   =     19214.4609  EPtot      =   -110678.6644
 BOND   =       256.8004  ANGLE   =       538.6702  DIHED      =      1002.3654
 1-4 NB =       286.7421  1-4 EEL =     -3914.3240  VDWAALS    =     14324.2205
 EELEC  =   -123173.1390  EHBOND  =         0.0000  RESTRAINT  =         0.0000
 ------------------------------------------------------------------------------


 NSTEP =     3050   TIME(PS) =      34.100  TEMP(K) =   292.87  PRESS =     0.0
 Etot   =    -91385.0870  EKtot   =     19271.7695  EPtot      =   -110656.8565
 BOND   =       278.4518  ANGLE   =       577.9843  DIHED      =      1010.3281
 1-4 NB =       292.8463  1-4 EEL =     -3923.2843  VDWAALS    =     14276.2811
 EELEC  =   -123169.4639  EHBOND  =         0.0000  RESTRAINT  =         0.0000
 ------------------------------------------------------------------------------


 NSTEP =     3100   TIME(PS) =      34.200  TEMP(K) =   291.73  PRESS =     0.0
 Etot   =    -91307.0697  EKtot   =     19196.8203  EPtot      =   -110503.8900
 BOND   =       257.8530  ANGLE   =       576.8863  DIHED      =       988.5218
 1-4 NB =       288.0226  1-4 EEL =     -3934.9418  VDWAALS    =     13914.1521
 EELEC  =   -122594.3840  EHBOND  =         0.0000  RESTRAINT  =         0.0000
 ------------------------------------------------------------------------------


 NSTEP =     3150   TIME(PS) =      34.300  TEMP(K) =   294.18  PRESS =     0.0
 Etot   =    -91228.4945  EKtot   =     19358.2422  EPtot      =   -110586.7367
 BOND   =       268.6080  ANGLE   =       568.4259  DIHED      =      1014.0128
 1-4 NB =       280.3338  1-4 EEL =     -3944.8070  VDWAALS    =     14052.3404
 EELEC  =   -122825.6506  EHBOND  =         0.0000  RESTRAINT  =         0.0000
 ------------------------------------------------------------------------------


 NSTEP =     3200   TIME(PS) =      34.400  TEMP(K) =   292.36  PRESS =     0.0
 Etot   =    -91152.3927  EKtot   =     19238.6562  EPtot      =   -110391.0490
 BOND   =       259.6124  ANGLE   =       584.4811  DIHED      =       998.8738
 1-4 NB =       279.1397  1-4 EEL =     -3913.1139  VDWAALS    =     14431.8329
 EELEC  =   -123031.8748  EHBOND  =         0.0000  RESTRAINT  =         0.0000
 ------------------------------------------------------------------------------


 NSTEP =     3250   TIME(PS) =      34.500  TEMP(K) =   292.17  PRESS =     0.0
 Etot   =    -91076.6228  EKtot   =     19226.0312  EPtot      =   -110302.6540
 BOND   =       281.1760  ANGLE   =       540.7748  DIHED      =      1006.3110
 1-4 NB =       292.4110  1-4 EEL =     -3950.5924  VDWAALS    =     14039.2960
 EELEC  =   -122512.0304  EHBOND  =         0.0000  RESTRAINT  =         0.0000
 ------------------------------------------------------------------------------


 NSTEP =     3300   TIME(PS) =      34.600  TEMP(K) =   292.90  PRESS =     0.0
 Etot   =    -90996.9706  EKtot   =     19274.1875  EPtot      =   -110271.1581
 BOND   =       273.9295  ANGLE   =       567.1944  DIHED      =       995.7610
 1-4 NB =       290.4608  1-4 EEL =     -3942.3541  VDWAALS    =     14083.7673
 EELEC  =   -122539.9170  EHBOND  =         0.0000  RESTRAINT  =         0.0000
 ------------------------------------------------------------------------------


 NSTEP =     3350   TIME(PS) =      34.700  TEMP(K) =   293.83  PRESS =     0.0
 Etot   =    -90922.6079  EKtot   =     19335.1621  EPtot      =   -110257.7700
 BOND   =       275.8797  ANGLE   =       569.3657  DIHED      =      1004.1572
 1-4 NB =       280.0662  1-4 EEL =     -3900.1286  VDWAALS    =     14074.9120
 EELEC  =   -122562.0222  EHBOND  =         0.0000  RESTRAINT  =         0.0000
 ------------------------------------------------------------------------------


 NSTEP =     3400   TIME(PS) =      34.800  TEMP(K) =   294.72  PRESS =     0.0
 Etot   =    -90850.5732  EKtot   =     19393.8008  EPtot      =   -110244.3740
 BOND   =       280.3593  ANGLE   =       583.7363  DIHED      =       997.3791
 1-4 NB =       288.7813  1-4 EEL =     -3918.5824  VDWAALS    =     14179.4033
 EELEC  =   -122655.4509  EHBOND  =         0.0000  RESTRAINT  =         0.0000
 ------------------------------------------------------------------------------


 NSTEP =     3450   TIME(PS) =      34.900  TEMP(K) =   295.00  PRESS =     0.0
 Etot   =    -90780.5718  EKtot   =     19411.9512  EPtot      =   -110192.5230
 BOND   =       290.0507  ANGLE   =       572.1997  DIHED      =      1005.8734
 1-4 NB =       288.8157  1-4 EEL =     -3943.8430  VDWAALS    =     14170.5253
 EELEC  =   -122576.1448  EHBOND  =         0.0000  RESTRAINT  =         0.0000
 ------------------------------------------------------------------------------


 NSTEP =     3500   TIME(PS) =      35.000  TEMP(K) =   295.53  PRESS =     0.0
 Etot   =    -90717.8995  EKtot   =     19446.8457  EPtot      =   -110164.7452
 BOND   =       295.6599  ANGLE   =       565.3211  DIHED      =      1015.5809
 1-4 NB =       274.4653  1-4 EEL =     -3952.5068  VDWAALS    =     14275.3901
 EELEC  =   -122638.6557  EHBOND  =         0.0000  RESTRAINT  =         0.0000
 ------------------------------------------------------------------------------


 NSTEP =     3550   TIME(PS) =      35.100  TEMP(K) =   294.12  PRESS =     0.0
 Etot   =    -90655.2750  EKtot   =     19354.0117  EPtot      =   -110009.2867
 BOND   =       288.5772  ANGLE   =       581.6128  DIHED      =      1017.0064
 1-4 NB =       287.8171  1-4 EEL =     -3943.5754  VDWAALS    =     13860.2660
 EELEC  =   -122100.9908  EHBOND  =         0.0000  RESTRAINT  =         0.0000
 ------------------------------------------------------------------------------


 NSTEP =     3600   TIME(PS) =      35.200  TEMP(K) =   294.22  PRESS =     0.0
 Etot   =    -90588.3288  EKtot   =     19360.6113  EPtot      =   -109948.9402
 BOND   =       290.6034  ANGLE   =       585.7278  DIHED      =      1006.5212
 1-4 NB =       284.5890  1-4 EEL =     -3907.7486  VDWAALS    =     14041.0332
 EELEC  =   -122249.6662  EHBOND  =         0.0000  RESTRAINT  =         0.0000
 ------------------------------------------------------------------------------


 NSTEP =     3650   TIME(PS) =      35.300  TEMP(K) =   294.40  PRESS =     0.0
 Etot   =    -90523.8614  EKtot   =     19372.9492  EPtot      =   -109896.8106
 BOND   =       287.1128  ANGLE   =       588.7406  DIHED      =      1021.0134
 1-4 NB =       282.8285  1-4 EEL =     -3954.1820  VDWAALS    =     14076.6233
 EELEC  =   -122198.9472  EHBOND  =         0.0000  RESTRAINT  =         0.0000
 ------------------------------------------------------------------------------


 NSTEP =     3700   TIME(PS) =      35.400  TEMP(K) =   296.59  PRESS =     0.0
 Etot   =    -90460.4200  EKtot   =     19516.7988  EPtot      =   -109977.2188
 BOND   =       275.8520  ANGLE   =       577.4081  DIHED      =       996.2993
 1-4 NB =       287.2227  1-4 EEL =     -3932.7961  VDWAALS    =     14086.3505
 EELEC  =   -122267.5553  EHBOND  =         0.0000  RESTRAINT  =         0.0000
 ------------------------------------------------------------------------------


 NSTEP =     3750   TIME(PS) =      35.500  TEMP(K) =   296.48  PRESS =     0.0
 Etot   =    -90393.4671  EKtot   =     19509.6680  EPtot      =   -109903.1351
 BOND   =       300.6415  ANGLE   =       572.8706  DIHED      =      1004.9644
 1-4 NB =       278.7565  1-4 EEL =     -3943.0463  VDWAALS    =     14021.7888
 EELEC  =   -122139.1107  EHBOND  =         0.0000  RESTRAINT  =         0.0000
 ------------------------------------------------------------------------------


 NSTEP =     3800   TIME(PS) =      35.600  TEMP(K) =   296.94  PRESS =     0.0
 Etot   =    -90335.1712  EKtot   =     19539.8438  EPtot      =   -109875.0150
 BOND   =       279.0636  ANGLE   =       575.9568  DIHED      =      1006.4049
 1-4 NB =       285.4135  1-4 EEL =     -3921.3632  VDWAALS    =     14112.5065
 EELEC  =   -122212.9971  EHBOND  =         0.0000  RESTRAINT  =         0.0000
 ------------------------------------------------------------------------------


 NSTEP =     3850   TIME(PS) =      35.700  TEMP(K) =   298.33  PRESS =     0.0
 Etot   =    -90280.4703  EKtot   =     19631.3125  EPtot      =   -109911.7828
 BOND   =       295.4202  ANGLE   =       557.1286  DIHED      =      1007.9009
 1-4 NB =       275.0229  1-4 EEL =     -3922.4896  VDWAALS    =     13867.6476
 EELEC  =   -121992.4133  EHBOND  =         0.0000  RESTRAINT  =         0.0000
 ------------------------------------------------------------------------------


 NSTEP =     3900   TIME(PS) =      35.800  TEMP(K) =   297.75  PRESS =     0.0
 Etot   =    -90225.4431  EKtot   =     19593.2363  EPtot      =   -109818.6794
 BOND   =       270.7528  ANGLE   =       544.8811  DIHED      =      1021.7234
 1-4 NB =       297.2143  1-4 EEL =     -3896.6762  VDWAALS    =     14179.6505
 EELEC  =   -122236.2254  EHBOND  =         0.0000  RESTRAINT  =         0.0000
 ------------------------------------------------------------------------------


 NSTEP =     3950   TIME(PS) =      35.900  TEMP(K) =   298.49  PRESS =     0.0
 Etot   =    -90167.7361  EKtot   =     19641.5176  EPtot      =   -109809.2537
 BOND   =       300.7422  ANGLE   =       576.4082  DIHED      =      1016.0472
 1-4 NB =       286.3457  1-4 EEL =     -3947.6908  VDWAALS    =     13970.2975
 EELEC  =   -122011.4036  EHBOND  =         0.0000  RESTRAINT  =         0.0000
 ------------------------------------------------------------------------------

check COM velocity, temp:        0.000006     0.00(Removed)

 NSTEP =     4000   TIME(PS) =      36.000  TEMP(K) =   300.58  PRESS =     0.0
 Etot   =    -90119.6130  EKtot   =     19779.1680  EPtot      =   -109898.7810
 BOND   =       279.0020  ANGLE   =       609.1659  DIHED      =       999.2778
 1-4 NB =       274.5184  1-4 EEL =     -3952.5890  VDWAALS    =     14032.8128
 EELEC  =   -122140.9688  EHBOND  =         0.0000  RESTRAINT  =         0.0000
 ------------------------------------------------------------------------------


 NSTEP =     4050   TIME(PS) =      36.100  TEMP(K) =   298.84  PRESS =     0.0
 Etot   =    -90072.8575  EKtot   =     19664.9414  EPtot      =   -109737.7989
 BOND   =       295.0815  ANGLE   =       582.4673  DIHED      =      1022.1491
 1-4 NB =       286.1315  1-4 EEL =     -3946.7134  VDWAALS    =     14084.3394
 EELEC  =   -122061.2542  EHBOND  =         0.0000  RESTRAINT  =         0.0000
 ------------------------------------------------------------------------------


 NSTEP =     4100   TIME(PS) =      36.200  TEMP(K) =   301.01  PRESS =     0.0
 Etot   =    -90031.5453  EKtot   =     19807.5391  EPtot      =   -109839.0843
 BOND   =       272.1125  ANGLE   =       576.6301  DIHED      =      1015.9983
 1-4 NB =       274.9143  1-4 EEL =     -3925.4524  VDWAALS    =     13974.5513
 EELEC  =   -122027.8383  EHBOND  =         0.0000  RESTRAINT  =         0.0000
 ------------------------------------------------------------------------------


 NSTEP =     4150   TIME(PS) =      36.300  TEMP(K) =   297.50  PRESS =     0.0
 Etot   =    -89980.8322  EKtot   =     19576.8984  EPtot      =   -109557.7306
 BOND   =       270.8260  ANGLE   =       566.1891  DIHED      =      1014.4773
 1-4 NB =       285.6381  1-4 EEL =     -3888.7870  VDWAALS    =     14104.6797
 EELEC  =   -121910.7539  EHBOND  =         0.0000  RESTRAINT  =         0.0000
 ------------------------------------------------------------------------------


 NSTEP =     4200   TIME(PS) =      36.400  TEMP(K) =   300.85  PRESS =     0.0
 Etot   =    -89938.8529  EKtot   =     19796.9961  EPtot      =   -109735.8490
 BOND   =       276.2597  ANGLE   =       560.6911  DIHED      =      1003.2606
 1-4 NB =       296.4481  1-4 EEL =     -3940.4983  VDWAALS    =     13843.4314
 EELEC  =   -121775.4417  EHBOND  =         0.0000  RESTRAINT  =         0.0000
 ------------------------------------------------------------------------------


 NSTEP =     4250   TIME(PS) =      36.500  TEMP(K) =   301.41  PRESS =     0.0
 Etot   =    -89893.5611  EKtot   =     19833.7715  EPtot      =   -109727.3325
 BOND   =       293.8176  ANGLE   =       607.7040  DIHED      =      1004.9913
 1-4 NB =       283.3780  1-4 EEL =     -3926.1692  VDWAALS    =     13652.0966
 EELEC  =   -121643.1509  EHBOND  =         0.0000  RESTRAINT  =         0.0000
 ------------------------------------------------------------------------------


 NSTEP =     4300   TIME(PS) =      36.600  TEMP(K) =   299.79  PRESS =     0.0
 Etot   =    -89855.4283  EKtot   =     19727.1602  EPtot      =   -109582.5885
 BOND   =       301.6968  ANGLE   =       556.6896  DIHED      =      1026.4810
 1-4 NB =       285.9486  1-4 EEL =     -3938.0895  VDWAALS    =     13970.4076
 EELEC  =   -121785.7226  EHBOND  =         0.0000  RESTRAINT  =         0.0000
 ------------------------------------------------------------------------------


 NSTEP =     4350   TIME(PS) =      36.700  TEMP(K) =   299.40  PRESS =     0.0
 Etot   =    -89807.6223  EKtot   =     19701.9531  EPtot      =   -109509.5755
 BOND   =       292.7151  ANGLE   =       591.9063  DIHED      =      1030.5558
 1-4 NB =       286.8555  1-4 EEL =     -3940.9060  VDWAALS    =     14096.6339
 EELEC  =   -121867.3361  EHBOND  =         0.0000  RESTRAINT  =         0.0000
 ------------------------------------------------------------------------------


 NSTEP =     4400   TIME(PS) =      36.800  TEMP(K) =   300.57  PRESS =     0.0
 Etot   =    -89770.5406  EKtot   =     19778.5195  EPtot      =   -109549.0602
 BOND   =       269.5393  ANGLE   =       582.4945  DIHED      =      1004.9771
 1-4 NB =       284.8170  1-4 EEL =     -3938.1743  VDWAALS    =     13962.1530
 EELEC  =   -121714.8668  EHBOND  =         0.0000  RESTRAINT  =         0.0000
 ------------------------------------------------------------------------------


 NSTEP =     4450   TIME(PS) =      36.900  TEMP(K) =   299.85  PRESS =     0.0
 Etot   =    -89730.9808  EKtot   =     19731.5469  EPtot      =   -109462.5276
 BOND   =       296.8376  ANGLE   =       598.5797  DIHED      =      1014.5716
 1-4 NB =       298.9256  1-4 EEL =     -3939.0496  VDWAALS    =     13952.7750
 EELEC  =   -121685.1676  EHBOND  =         0.0000  RESTRAINT  =         0.0000
 ------------------------------------------------------------------------------


 NSTEP =     4500   TIME(PS) =      37.000  TEMP(K) =   301.26  PRESS =     0.0
 Etot   =    -89696.9577  EKtot   =     19824.1914  EPtot      =   -109521.1491
 BOND   =       299.7048  ANGLE   =       578.9352  DIHED      =      1021.8769
 1-4 NB =       289.5344  1-4 EEL =     -3955.1797  VDWAALS    =     14143.8992
 EELEC  =   -121899.9199  EHBOND  =         0.0000  RESTRAINT  =         0.0000
 ------------------------------------------------------------------------------


 NSTEP =     4550   TIME(PS) =      37.100  TEMP(K) =   302.45  PRESS =     0.0
 Etot   =    -89654.3357  EKtot   =     19902.2148  EPtot      =   -109556.5506
 BOND   =       277.9027  ANGLE   =       595.9192  DIHED      =      1024.1654
 1-4 NB =       272.7558  1-4 EEL =     -3940.1455  VDWAALS    =     14015.2127
 EELEC  =   -121802.3608  EHBOND  =         0.0000  RESTRAINT  =         0.0000
 ------------------------------------------------------------------------------


 NSTEP =     4600   TIME(PS) =      37.200  TEMP(K) =   301.72  PRESS =     0.0
 Etot   =    -89617.7824  EKtot   =     19854.3066  EPtot      =   -109472.0891
 BOND   =       287.4032  ANGLE   =       590.4578  DIHED      =      1012.1125
 1-4 NB =       302.7791  1-4 EEL =     -3942.0908  VDWAALS    =     13811.7454
 EELEC  =   -121534.4963  EHBOND  =         0.0000  RESTRAINT  =         0.0000
 ------------------------------------------------------------------------------


 NSTEP =     4650   TIME(PS) =      37.300  TEMP(K) =   300.72  PRESS =     0.0
 Etot   =    -89576.5190  EKtot   =     19788.6582  EPtot      =   -109365.1772
 BOND   =       312.5634  ANGLE   =       585.8952  DIHED      =       999.5727
 1-4 NB =       296.5375  1-4 EEL =     -3935.8034  VDWAALS    =     13888.3022
 EELEC  =   -121512.2449  EHBOND  =         0.0000  RESTRAINT  =         0.0000
 ------------------------------------------------------------------------------


 NSTEP =     4700   TIME(PS) =      37.400  TEMP(K) =   301.23  PRESS =     0.0
 Etot   =    -89538.4062  EKtot   =     19822.2812  EPtot      =   -109360.6875
 BOND   =       281.0257  ANGLE   =       560.8861  DIHED      =      1030.0097
 1-4 NB =       288.1134  1-4 EEL =     -3914.0592  VDWAALS    =     13535.7376
 EELEC  =   -121142.4007  EHBOND  =         0.0000  RESTRAINT  =         0.0000
 ------------------------------------------------------------------------------


 NSTEP =     4750   TIME(PS) =      37.500  TEMP(K) =   301.95  PRESS =     0.0
 Etot   =    -89497.9926  EKtot   =     19869.1523  EPtot      =   -109367.1449
 BOND   =       300.2540  ANGLE   =       593.0918  DIHED      =      1017.1131
 1-4 NB =       289.2551  1-4 EEL =     -3950.8159  VDWAALS    =     13824.2164
 EELEC  =   -121440.2595  EHBOND  =         0.0000  RESTRAINT  =         0.0000
 ------------------------------------------------------------------------------


 NSTEP =     4800   TIME(PS) =      37.600  TEMP(K) =   302.08  PRESS =     0.0
 Etot   =    -89465.1117  EKtot   =     19877.9062  EPtot      =   -109343.0180
 BOND   =       297.8156  ANGLE   =       604.7877  DIHED      =      1024.7848
 1-4 NB =       288.6604  1-4 EEL =     -3922.3232  VDWAALS    =     13917.7249
 EELEC  =   -121554.4682  EHBOND  =         0.0000  RESTRAINT  =         0.0000
 ------------------------------------------------------------------------------


 NSTEP =     4850   TIME(PS) =      37.700  TEMP(K) =   302.84  PRESS =     0.0
 Etot   =    -89438.3439  EKtot   =     19928.0664  EPtot      =   -109366.4103
 BOND   =       304.1167  ANGLE   =       574.5855  DIHED      =      1025.4164
 1-4 NB =       290.9836  1-4 EEL =     -3946.7907  VDWAALS    =     13755.7070
 EELEC  =   -121370.4288  EHBOND  =         0.0000  RESTRAINT  =         0.0000
 ------------------------------------------------------------------------------


 NSTEP =     4900   TIME(PS) =      37.800  TEMP(K) =   303.14  PRESS =     0.0
 Etot   =    -89407.8775  EKtot   =     19947.5977  EPtot      =   -109355.4752
 BOND   =       300.4430  ANGLE   =       525.6826  DIHED      =      1030.3910
 1-4 NB =       302.8455  1-4 EEL =     -3897.4793  VDWAALS    =     13843.9406
 EELEC  =   -121461.2985  EHBOND  =         0.0000  RESTRAINT  =         0.0000
 ------------------------------------------------------------------------------


 NSTEP =     4950   TIME(PS) =      37.900  TEMP(K) =   303.80  PRESS =     0.0
 Etot   =    -89380.3865  EKtot   =     19991.0332  EPtot      =   -109371.4197
 BOND   =       292.3937  ANGLE   =       563.7063  DIHED      =      1007.9782
 1-4 NB =       282.8609  1-4 EEL =     -3926.9534  VDWAALS    =     14072.8178
 EELEC  =   -121664.2233  EHBOND  =         0.0000  RESTRAINT  =         0.0000
 ------------------------------------------------------------------------------

check COM velocity, temp:        0.000004     0.00(Removed)

 NSTEP =     5000   TIME(PS) =      38.000  TEMP(K) =   304.16  PRESS =     0.0
 Etot   =    -89352.2996  EKtot   =     20014.6367  EPtot      =   -109366.9363
 BOND   =       264.0081  ANGLE   =       607.6829  DIHED      =      1022.6270
 1-4 NB =       295.6792  1-4 EEL =     -3954.9946  VDWAALS    =     13671.0404
 EELEC  =   -121272.9792  EHBOND  =         0.0000  RESTRAINT  =         0.0000
 ------------------------------------------------------------------------------


 NSTEP =     5050   TIME(PS) =      38.100  TEMP(K) =   303.31  PRESS =     0.0
 Etot   =    -89323.7140  EKtot   =     19958.7051  EPtot      =   -109282.4191
 BOND   =       272.2062  ANGLE   =       619.7959  DIHED      =      1028.3443
 1-4 NB =       291.6836  1-4 EEL =     -3938.7368  VDWAALS    =     13846.1500
 EELEC  =   -121401.8623  EHBOND  =         0.0000  RESTRAINT  =         0.0000
 ------------------------------------------------------------------------------


 NSTEP =     5100   TIME(PS) =      38.200  TEMP(K) =   301.34  PRESS =     0.0
 Etot   =    -89289.4593  EKtot   =     19829.5195  EPtot      =   -109118.9788
 BOND   =       282.4635  ANGLE   =       622.7417  DIHED      =      1014.8915
 1-4 NB =       283.7466  1-4 EEL =     -3922.0284  VDWAALS    =     13785.3594
 EELEC  =   -121186.1531  EHBOND  =         0.0000  RESTRAINT  =         0.0000
 ------------------------------------------------------------------------------


 NSTEP =     5150   TIME(PS) =      38.300  TEMP(K) =   303.39  PRESS =     0.0
 Etot   =    -89258.8069  EKtot   =     19964.2637  EPtot      =   -109223.0706
 BOND   =       272.9348  ANGLE   =       576.4286  DIHED      =      1021.7518
 1-4 NB =       292.1451  1-4 EEL =     -3935.3407  VDWAALS    =     13899.2566
 EELEC  =   -121350.2466  EHBOND  =         0.0000  RESTRAINT  =         0.0000
 ------------------------------------------------------------------------------


 NSTEP =     5200   TIME(PS) =      38.400  TEMP(K) =   304.64  PRESS =     0.0
 Etot   =    -89229.4204  EKtot   =     20046.4492  EPtot      =   -109275.8696
 BOND   =       284.4615  ANGLE   =       582.3412  DIHED      =      1012.7229
 1-4 NB =       283.1500  1-4 EEL =     -3918.1627  VDWAALS    =     13773.1358
 EELEC  =   -121293.5183  EHBOND  =         0.0000  RESTRAINT  =         0.0000
 ------------------------------------------------------------------------------


 NSTEP =     5250   TIME(PS) =      38.500  TEMP(K) =   306.47  PRESS =     0.0
 Etot   =    -89201.6946  EKtot   =     20167.1172  EPtot      =   -109368.8118
 BOND   =       307.1997  ANGLE   =       569.2567  DIHED      =      1026.8233
 1-4 NB =       282.0095  1-4 EEL =     -3918.6606  VDWAALS    =     13937.6239
 EELEC  =   -121573.0643  EHBOND  =         0.0000  RESTRAINT  =         0.0000
 ------------------------------------------------------------------------------


 NSTEP =     5300   TIME(PS) =      38.600  TEMP(K) =   304.60  PRESS =     0.0
 Etot   =    -89185.1189  EKtot   =     20043.8594  EPtot      =   -109228.9783
 BOND   =       277.0295  ANGLE   =       554.5192  DIHED      =      1019.8219
 1-4 NB =       291.9445  1-4 EEL =     -3925.8879  VDWAALS    =     13954.4188
 EELEC  =   -121400.8243  EHBOND  =         0.0000  RESTRAINT  =         0.0000
 ------------------------------------------------------------------------------


 NSTEP =     5350   TIME(PS) =      38.700  TEMP(K) =   303.93  PRESS =     0.0
 Etot   =    -89157.8529  EKtot   =     19999.5195  EPtot      =   -109157.3724
 BOND   =       281.9630  ANGLE   =       569.1986  DIHED      =      1023.7902
 1-4 NB =       293.0265  1-4 EEL =     -3929.4669  VDWAALS    =     13802.9608
 EELEC  =   -121198.8447  EHBOND  =         0.0000  RESTRAINT  =         0.0000
 ------------------------------------------------------------------------------


 NSTEP =     5400   TIME(PS) =      38.800  TEMP(K) =   303.76  PRESS =     0.0
 Etot   =    -89130.0385  EKtot   =     19988.2871  EPtot      =   -109118.3256
 BOND   =       291.7771  ANGLE   =       638.5209  DIHED      =      1030.3028
 1-4 NB =       280.8768  1-4 EEL =     -3985.9276  VDWAALS    =     13718.7193
 EELEC  =   -121092.5949  EHBOND  =         0.0000  RESTRAINT  =         0.0000
 ------------------------------------------------------------------------------


 NSTEP =     5450   TIME(PS) =      38.900  TEMP(K) =   302.67  PRESS =     0.0
 Etot   =    -89105.0866  EKtot   =     19917.0000  EPtot      =   -109022.0866
 BOND   =       268.4962  ANGLE   =       569.7225  DIHED      =      1016.9131
 1-4 NB =       281.3475  1-4 EEL =     -3907.5910  VDWAALS    =     13801.0717
 EELEC  =   -121052.0467  EHBOND  =         0.0000  RESTRAINT  =         0.0000
 ------------------------------------------------------------------------------


 NSTEP =     5500   TIME(PS) =      39.000  TEMP(K) =   304.22  PRESS =     0.0
 Etot   =    -89078.2388  EKtot   =     20019.1035  EPtot      =   -109097.3423
 BOND   =       298.7191  ANGLE   =       573.5145  DIHED      =      1023.7976
 1-4 NB =       273.2974  1-4 EEL =     -3912.2879  VDWAALS    =     13897.9301
 EELEC  =   -121252.3132  EHBOND  =         0.0000  RESTRAINT  =         0.0000
 ------------------------------------------------------------------------------


 NSTEP =     5550   TIME(PS) =      39.100  TEMP(K) =   304.10  PRESS =     0.0
 Etot   =    -89049.7804  EKtot   =     20010.7207  EPtot      =   -109060.5011
 BOND   =       278.2801  ANGLE   =       574.8254  DIHED      =      1008.1279
 1-4 NB =       285.7880  1-4 EEL =     -3898.4655  VDWAALS    =     13805.5607
 EELEC  =   -121114.6177  EHBOND  =         0.0000  RESTRAINT  =         0.0000
 ------------------------------------------------------------------------------


 NSTEP =     5600   TIME(PS) =      39.200  TEMP(K) =   305.04  PRESS =     0.0
 Etot   =    -89027.2311  EKtot   =     20073.0215  EPtot      =   -109100.2526
 BOND   =       293.8748  ANGLE   =       581.3156  DIHED      =      1013.5468
 1-4 NB =       283.6795  1-4 EEL =     -3934.1876  VDWAALS    =     14015.9019
 EELEC  =   -121354.3836  EHBOND  =         0.0000  RESTRAINT  =         0.0000
 ------------------------------------------------------------------------------


 NSTEP =     5650   TIME(PS) =      39.300  TEMP(K) =   305.27  PRESS =     0.0
 Etot   =    -89005.7225  EKtot   =     20088.1348  EPtot      =   -109093.8573
 BOND   =       298.3791  ANGLE   =       581.9389  DIHED      =      1020.6816
 1-4 NB =       296.0848  1-4 EEL =     -3932.3928  VDWAALS    =     13566.4265
 EELEC  =   -120924.9754  EHBOND  =         0.0000  RESTRAINT  =         0.0000
 ------------------------------------------------------------------------------


 NSTEP =     5700   TIME(PS) =      39.400  TEMP(K) =   303.85  PRESS =     0.0
 Etot   =    -88977.6975  EKtot   =     19994.1914  EPtot      =   -108971.8889
 BOND   =       284.3851  ANGLE   =       579.7732  DIHED      =      1011.4641
 1-4 NB =       278.5189  1-4 EEL =     -3926.6061  VDWAALS    =     14133.2366
 EELEC  =   -121332.6607  EHBOND  =         0.0000  RESTRAINT  =         0.0000
 ------------------------------------------------------------------------------


 NSTEP =     5750   TIME(PS) =      39.500  TEMP(K) =   303.96  PRESS =     0.0
 Etot   =    -88948.3053  EKtot   =     20001.8555  EPtot      =   -108950.1608
 BOND   =       291.1103  ANGLE   =       578.8997  DIHED      =      1001.0518
 1-4 NB =       279.6819  1-4 EEL =     -3902.5090  VDWAALS    =     13561.6487
 EELEC  =   -120760.0442  EHBOND  =         0.0000  RESTRAINT  =         0.0000
 ------------------------------------------------------------------------------


 NSTEP =     5800   TIME(PS) =      39.600  TEMP(K) =   305.13  PRESS =     0.0
 Etot   =    -88922.6404  EKtot   =     20078.9961  EPtot      =   -109001.6365
 BOND   =       298.5369  ANGLE   =       589.2684  DIHED      =       994.6887
 1-4 NB =       288.1829  1-4 EEL =     -3934.0062  VDWAALS    =     13546.4064
 EELEC  =   -120784.7137  EHBOND  =         0.0000  RESTRAINT  =         0.0000
 ------------------------------------------------------------------------------


 NSTEP =     5850   TIME(PS) =      39.700  TEMP(K) =   303.19  PRESS =     0.0
 Etot   =    -88901.4287  EKtot   =     19950.9336  EPtot      =   -108852.3623
 BOND   =       298.0105  ANGLE   =       586.6257  DIHED      =      1003.2237
 1-4 NB =       286.5737  1-4 EEL =     -3899.8119  VDWAALS    =     13882.3003
 EELEC  =   -121009.2842  EHBOND  =         0.0000  RESTRAINT  =         0.0000
 ------------------------------------------------------------------------------


 NSTEP =     5900   TIME(PS) =      39.800  TEMP(K) =   307.30  PRESS =     0.0
 Etot   =    -88879.4450  EKtot   =     20221.5117  EPtot      =   -109100.9567
 BOND   =       273.0845  ANGLE   =       582.8679  DIHED      =      1019.8208
 1-4 NB =       290.2241  1-4 EEL =     -3852.5049  VDWAALS    =     13581.2049
 EELEC  =   -120995.6541  EHBOND  =         0.0000  RESTRAINT  =         0.0000
 ------------------------------------------------------------------------------


 NSTEP =     5950   TIME(PS) =      39.900  TEMP(K) =   305.10  PRESS =     0.0
 Etot   =    -88858.4357  EKtot   =     20076.5859  EPtot      =   -108935.0216
 BOND   =       284.6339  ANGLE   =       595.5388  DIHED      =      1005.5317
 1-4 NB =       279.0254  1-4 EEL =     -3930.7324  VDWAALS    =     13635.3916
 EELEC  =   -120804.4106  EHBOND  =         0.0000  RESTRAINT  =         0.0000
 ------------------------------------------------------------------------------

check COM velocity, temp:        0.000007     0.00(Removed)

 NSTEP =     6000   TIME(PS) =      40.000  TEMP(K) =   305.12  PRESS =     0.0
 Etot   =    -88839.8884  EKtot   =     20078.1309  EPtot      =   -108918.0192
 BOND   =       305.3943  ANGLE   =       595.3370  DIHED      =      1002.5551
 1-4 NB =       286.4659  1-4 EEL =     -3952.8324  VDWAALS    =     13848.5228
 EELEC  =   -121003.4619  EHBOND  =         0.0000  RESTRAINT  =         0.0000
 ------------------------------------------------------------------------------


      A V E R A G E S   O V E R     120 S T E P S


 NSTEP =     6000   TIME(PS) =      40.000  TEMP(K) =   286.12  PRESS =     0.0
 Etot   =    -92621.1023  EKtot   =     18827.5509  EPtot      =   -111448.6532
 BOND   =       267.6689  ANGLE   =       551.6322  DIHED      =      1009.5003
 1-4 NB =       286.3923  1-4 EEL =     -3931.4428  VDWAALS    =     14584.9320
 EELEC  =   -124217.3361  EHBOND  =         0.0000  RESTRAINT  =         0.0000
 ------------------------------------------------------------------------------


      R M S  F L U C T U A T I O N S


 NSTEP =     6000   TIME(PS) =      40.000  TEMP(K) =    17.27  PRESS =     0.0
 Etot   =      3493.7367  EKtot   =      1136.1854  EPtot      =      2363.1931
 BOND   =        25.8851  ANGLE   =        38.5633  DIHED      =        11.3183
 1-4 NB =         6.4721  1-4 EEL =        20.1241  VDWAALS    =       844.6907
 EELEC  =      3133.2823  EHBOND  =         0.0000  RESTRAINT  =         0.0000
 ------------------------------------------------------------------------------

--------------------------------------------------------------------------------
   5.  TIMINGS
--------------------------------------------------------------------------------

|  NonSetup CPU Time in Major Routines:
|
|     Routine           Sec        %
|     ------------------------------
|     Nonbond           2.00   16.98
|     Bond              0.00    0.00
|     Angle             0.00    0.00
|     Dihedral          0.00    0.00
|     Shake             0.06    0.52
|     RunMD             9.72   82.38
|     Other             0.02    0.13
|     ------------------------------
|     Total            11.80

|  PME Nonbond Pairlist CPU Time:
|
|     Routine              Sec        %
|     ---------------------------------
|     Set Up Cit           0.00    0.00
|     Build List           0.00    0.00
|     ---------------------------------
|     Total                0.00    0.00

|  PME Direct Force CPU Time:
|
|     Routine              Sec        %
|     ---------------------------------
|     NonBonded Calc       0.00    0.00
|     Exclude Masked       0.00    0.00
|     Other                0.01    0.07
|     ---------------------------------
|     Total                0.01    0.07

|  PME Reciprocal Force CPU Time:
|
|     Routine              Sec        %
|     ---------------------------------
|     1D bspline           0.00    0.00
|     Grid Charges         0.00    0.00
|     Scalar Sum           0.00    0.00
|     Gradient Sum         0.00    0.00
|     FFT                  0.00    0.00
|     ---------------------------------
|     Total                0.00    0.00

|  Final Performance Info:
|     -----------------------------------------------------
|     Average timings for last    5950 steps:
|     Elapsed(s) =      23.35 Per Step(ms) =       3.93
|         ns/day =      44.02   seconds/ns =    1962.59
|
|     Average timings for all steps:
|     Elapsed(s) =      23.57 Per Step(ms) =       3.93
|         ns/day =      43.99   seconds/ns =    1964.30
|     -----------------------------------------------------

|  Setup CPU time:            1.06 seconds
|  NonSetup CPU time:        11.80 seconds
|  Total CPU time:           12.87 seconds     0.00 hours

|  Setup wall time:           2    seconds
|  NonSetup wall time:       24    seconds
|  Total wall time:          26    seconds     0.01 hours
