
          -------------------------------------------------------
          Amber 16 PMEMD                              2016
          -------------------------------------------------------

| PMEMD implementation of SANDER, Release 16

| Run on 08/11/2020 at 20:31:32

|   Executable path: pmemd.cuda
| Working directory: /home/kyq/T7RNADNA/4/LT4
|          Hostname: gpu01

  [-O]verwriting output

File Assignments:
|   MDIN: min1.in                                                               
|  MDOUT: cmp_min1.out                                                          
| INPCRD: cmp.inpcrd                                                            
|   PARM: cmp.prmtop                                                            
| RESTRT: cmp_min1.rst                                                          
|   REFC: cmp.inpcrd                                                            
|  MDVEL: mdvel                                                                 
|   MDEN: mden                                                                  
|  MDCRD: mdcrd                                                                 
| MDINFO: mdinfo                                                                
|  MDFRC: mdfrc                                                                 

 
 Here is the input file:
 
Initial minimisation of our structures                                         
 &cntrl                                                                        
  imin=1, maxcyc=4000, ncyc=2000,                                              
  cut=10, ntb=1,ntr=1,                                                         
  restraint_wt=2.0                                                             
  restraintmask=':1-554'                                                       
/                                                                              


Note: ig = -1. Setting random seed to   866699 based on wallclock time in 
      microseconds.
 
|--------------------- INFORMATION ----------------------
| GPU (CUDA) Version of PMEMD in use: NVIDIA GPU IN USE.
|                    Version 16.0.0
| 
|                      02/25/2016
| 
| Implementation by:
|                    Ross C. Walker     (SDSC)
|                    Scott Le Grand     (nVIDIA)
| 
| Precision model in use:
|      [SPFP] - Single Precision Forces, 64-bit Fixed Point
|               Accumulation. (Default)
| 
|--------------------------------------------------------
 
|----------------- CITATION INFORMATION -----------------
|
|    When publishing work that utilized the CUDA version
|    of AMBER, please cite the following in addition to
|    the regular AMBER citations:
|
|  - Romelia Salomon-Ferrer; Andreas W. Goetz; Duncan
|    Poole; Scott Le Grand; Ross C. Walker "Routine
|    microsecond molecular dynamics simulations with
|    AMBER - Part II: Particle Mesh Ewald", J. Chem.
|    Theory Comput., 2013, 9 (9), pp3878-3888,
|    DOI: 10.1021/ct400314y.
|
|  - Andreas W. Goetz; Mark J. Williamson; Dong Xu;
|    Duncan Poole; Scott Le Grand; Ross C. Walker
|    "Routine microsecond molecular dynamics simulations
|    with AMBER - Part I: Generalized Born", J. Chem.
|    Theory Comput., 2012, 8 (5), pp1542-1555.
|
|  - Scott Le Grand; Andreas W. Goetz; Ross C. Walker
|    "SPFP: Speed without compromise - a mixed precision
|    model for GPU accelerated molecular dynamics
|    simulations.", Comp. Phys. Comm., 2013, 184
|    pp374-380, DOI: 10.1016/j.cpc.2012.09.022
|
|--------------------------------------------------------
 
|------------------- GPU DEVICE INFO --------------------
|
|            CUDA_VISIBLE_DEVICES: 0
|   CUDA Capable Devices Detected:      1
|           CUDA Device ID in use:      0
|                CUDA Device Name: Tesla P100-PCIE-16GB
|     CUDA Device Global Mem Size:  16276 MB
| CUDA Device Num Multiprocessors:     56
|           CUDA Device Core Freq:   1.33 GHz
|
|--------------------------------------------------------
 
 
| Conditional Compilation Defines Used:
| PUBFFT
| BINTRAJ
| CUDA
| EMIL
 
| Largest sphere to fit in unit cell has radius =    31.721

| New format PARM file being parsed.
| Version =    1.000 Date = 08/11/20 Time = 20:31:21

| Note: 1-4 EEL scale factors are being read from the topology file.

| Note: 1-4 VDW scale factors are being read from the topology file.
| Duplicated    0 dihedrals

| Duplicated    0 dihedrals

--------------------------------------------------------------------------------
   1.  RESOURCE   USE: 
--------------------------------------------------------------------------------

 getting new box info from bottom of inpcrd
 NATOM  =   31731 NTYPES =      18 NBONH =   31008 MBONA  =     774
 NTHETH =     907 MTHETA =    1191 NPHIH =    1834 MPHIA  =    2469
 NHPARM =       0 NPARM  =       0 NNB   =   46844 NRES   =   10274
 NBONA  =     774 NTHETA =    1191 NPHIA =    2469 NUMBND =      61
 NUMANG =     127 NPTRA  =      75 NATYP =      34 NPHB   =       1
 IFBOX  =       2 NMXRS  =      33 IFCAP =       0 NEXTRA =       0
 NCOPY  =       0

| Coordinate Index Table dimensions:    12   12   12
| Direct force subcell size =     6.4749    6.4749    6.4749

     BOX TYPE: TRUNCATED OCTAHEDRON

--------------------------------------------------------------------------------
   2.  CONTROL  DATA  FOR  THE  RUN
--------------------------------------------------------------------------------

default_name                                                                    

General flags:
     imin    =       1, nmropt  =       0

Nature and format of input:
     ntx     =       1, irest   =       0, ntrx    =       1

Nature and format of output:
     ntxo    =       2, ntpr    =      50, ntrx    =       1, ntwr    =       1
     iwrap   =       0, ntwx    =       0, ntwv    =       0, ntwe    =       0
     ioutfm  =       1, ntwprt  =       0, idecomp =       0, rbornstat=      0

Potential function:
     ntf     =       1, ntb     =       1, igb     =       0, nsnb    =      25
     ipol    =       0, gbsa    =       0, iesp    =       0
     dielc   =   1.00000, cut     =  10.00000, intdiel =   1.00000

Frozen or restrained atoms:
     ibelly  =       0, ntr     =       1
     restraint_wt =   2.00000

Energy minimization:
     maxcyc  =    4000, ncyc    =    2000, ntmin   =       1
     dx0     =   0.01000, drms    =   0.00010

| Intermolecular bonds treatment:
|     no_intermolecular_bonds =       1

| Energy averages sample interval:
|     ene_avg_sampling =       1

Ewald parameters:
     verbose =       0, ew_type =       0, nbflag  =       1, use_pme =       1
     vdwmeth =       1, eedmeth =       1, netfrc  =       0
     Box X =   77.699   Box Y =   77.699   Box Z =   77.699
     Alpha =  109.471   Beta  =  109.471   Gamma =  109.471
     NFFT1 =   80       NFFT2 =   80       NFFT3 =   80
     Cutoff=   10.000   Tol   =0.100E-04
     Ewald Coefficient =  0.27511
     Interpolation order =    4

    LOADING THE CONSTRAINED ATOMS AS GROUPS


   5.  REFERENCE ATOM COORDINATES

  default_name                                                                    
     Mask :1-554; matches  2571 atoms

--------------------------------------------------------------------------------
   3.  ATOMIC COORDINATES AND VELOCITIES
--------------------------------------------------------------------------------

default_name                                                                    
 begin time read from input coords =     0.000 ps

 
 Number of triangulated 3-point waters found:    10208

     Sum of charges from parm topology file =   0.00000019
     Forcing neutrality...

| Dynamic Memory, Types Used:
| Reals              969945
| Integers           806613

| Nonbonded Pairs Initial Allocation:     9597834

| GPU memory information (estimate):
| KB of GPU memory in use:    164133
| KB of CPU memory in use:     53001

--------------------------------------------------------------------------------
   4.  RESULTS
--------------------------------------------------------------------------------

 ---------------------------------------------------
 APPROXIMATING switch and d/dx switch using CUBIC SPLINE INTERPOLATION
 using   5000.0 points per unit in tabled values
 TESTING RELATIVE ERROR over r ranging from 0.0 to cutoff
| CHECK switch(x): max rel err =   0.3316E-14   at   2.351880
| CHECK d/dx switch(x): max rel err =   0.8066E-11   at   2.747240
 ---------------------------------------------------
|---------------------------------------------------
| APPROXIMATING direct energy using CUBIC SPLINE INTERPOLATION
|  with   50.0 points per unit in tabled values
| Relative Error Limit not exceeded for r .gt.   2.34
| APPROXIMATING direct force using CUBIC SPLINE INTERPOLATION
|  with   50.0 points per unit in tabled values
| Relative Error Limit not exceeded for r .gt.   2.81
|---------------------------------------------------


   NSTEP       ENERGY          RMS            GMAX         NAME    NUMBER
      1      -7.5104E+04     1.4168E+02     9.6326E+03     O       15988

 BOND    =       52.6485  ANGLE   =     3847.5092  DIHED      =      960.1126
 VDWAALS =    22309.3981  EEL     =  -101772.8223  HBOND      =        0.0000
 1-4 VDW =     3132.7617  1-4 EEL =    -3633.5916  RESTRAINT  =        0.0000


   NSTEP       ENERGY          RMS            GMAX         NAME    NUMBER
     50      -1.1215E+05     4.9611E+00     4.1590E+02     P         438

 BOND    =     6624.8050  ANGLE   =      333.7842  DIHED      =      992.7265
 VDWAALS =     9721.9938  EEL     =  -126507.6644  HBOND      =        0.0000
 1-4 VDW =      269.7301  1-4 EEL =    -3747.8629  RESTRAINT  =      158.8580
 EAMBER  =  -112312.4878


   NSTEP       ENERGY          RMS            GMAX         NAME    NUMBER
    100      -1.1728E+05     3.0647E+00     3.6600E+02     P         438

 BOND    =     6666.5090  ANGLE   =      259.3856  DIHED      =      993.9026
 VDWAALS =    10763.4096  EEL     =  -132725.6198  HBOND      =        0.0000
 1-4 VDW =      257.6118  1-4 EEL =    -3761.6915  RESTRAINT  =      271.4351
 EAMBER  =  -117546.4926


   NSTEP       ENERGY          RMS            GMAX         NAME    NUMBER
    150      -1.1976E+05     1.7999E+00     2.8973E+02     P         438

 BOND    =     6921.0788  ANGLE   =      229.6288  DIHED      =      994.3385
 VDWAALS =    11718.8158  EEL     =  -136481.3024  HBOND      =        0.0000
 1-4 VDW =      260.7655  1-4 EEL =    -3771.0298  RESTRAINT  =      364.0317
 EAMBER  =  -120127.7047


   NSTEP       ENERGY          RMS            GMAX         NAME    NUMBER
    200      -1.2142E+05     8.1595E-01     1.1832E+02     P         438

 BOND    =     7120.4689  ANGLE   =      217.0948  DIHED      =      995.8550
 VDWAALS =    12573.7231  EEL     =  -139256.5157  HBOND      =        0.0000
 1-4 VDW =      257.8090  1-4 EEL =    -3770.6353  RESTRAINT  =      439.2030
 EAMBER  =  -121862.2002


   NSTEP       ENERGY          RMS            GMAX         NAME    NUMBER
    250      -1.2261E+05     1.7436E+00     2.8213E+02     P         438

 BOND    =     7340.1278  ANGLE   =      225.9604  DIHED      =      996.4883
 VDWAALS =    13341.6578  EEL     =  -141502.8588  HBOND      =        0.0000
 1-4 VDW =      255.3808  1-4 EEL =    -3771.5740  RESTRAINT  =      504.0085
 EAMBER  =  -123114.8177


   NSTEP       ENERGY          RMS            GMAX         NAME    NUMBER
    300      -1.2358E+05     5.2592E-01     5.2202E+01     P         438

 BOND    =     7477.8102  ANGLE   =      212.1679  DIHED      =      996.3305
 VDWAALS =    13993.2862  EEL     =  -143303.3093  HBOND      =        0.0000
 1-4 VDW =      255.7690  1-4 EEL =    -3772.8133  RESTRAINT  =      558.0605
 EAMBER  =  -124140.7588


   NSTEP       ENERGY          RMS            GMAX         NAME    NUMBER
    350      -1.2437E+05     1.5002E+00     2.6940E+02     P         438

 BOND    =     7659.5792  ANGLE   =      212.1209  DIHED      =      996.1779
 VDWAALS =    14608.9613  EEL     =  -144938.1854  HBOND      =        0.0000
 1-4 VDW =      256.2676  1-4 EEL =    -3772.9186  RESTRAINT  =      607.1703
 EAMBER  =  -124977.9971


   NSTEP       ENERGY          RMS            GMAX         NAME    NUMBER
    400      -1.2508E+05     4.2752E-01     2.5513E+01     P         438

 BOND    =     7756.0270  ANGLE   =      208.7693  DIHED      =      996.3607
 VDWAALS =    15150.4626  EEL     =  -146320.5642  HBOND      =        0.0000
 1-4 VDW =      254.7269  1-4 EEL =    -3772.9450  RESTRAINT  =      649.3160
 EAMBER  =  -125727.1628


   NSTEP       ENERGY          RMS            GMAX         NAME    NUMBER
    450      -1.2566E+05     1.2519E+00     2.3314E+02     P         438

 BOND    =     7894.1208  ANGLE   =      209.5313  DIHED      =      996.6323
 VDWAALS =    15656.9535  EEL     =  -147584.8778  HBOND      =        0.0000
 1-4 VDW =      254.8015  1-4 EEL =    -3771.9604  RESTRAINT  =      683.7519
 EAMBER  =  -126344.7987


   NSTEP       ENERGY          RMS            GMAX         NAME    NUMBER
    500      -1.2619E+05     3.7983E-01     2.8324E+01     P         438

 BOND    =     7977.2993  ANGLE   =      205.7611  DIHED      =      996.3373
 VDWAALS =    16085.8375  EEL     =  -148649.9168  HBOND      =        0.0000
 1-4 VDW =      254.4606  1-4 EEL =    -3773.0904  RESTRAINT  =      712.1750
 EAMBER  =  -126903.3113


   NSTEP       ENERGY          RMS            GMAX         NAME    NUMBER
    550      -1.2665E+05     1.0273E+00     2.0187E+02     P         438

 BOND    =     8085.5873  ANGLE   =      207.2686  DIHED      =      996.1893
 VDWAALS =    16488.2844  EEL     =  -149653.0982  HBOND      =        0.0000
 1-4 VDW =      254.4078  1-4 EEL =    -3773.6082  RESTRAINT  =      740.4246
 EAMBER  =  -127394.9691


   NSTEP       ENERGY          RMS            GMAX         NAME    NUMBER
    600      -1.2710E+05     4.3572E-01     5.9900E+01     P         438

 BOND    =     8160.2416  ANGLE   =      202.5865  DIHED      =      996.6657
 VDWAALS =    16857.3290  EEL     =  -150565.3003  HBOND      =        0.0000
 1-4 VDW =      254.3882  1-4 EEL =    -3772.5572  RESTRAINT  =      763.3735
 EAMBER  =  -127866.6466


   NSTEP       ENERGY          RMS            GMAX         NAME    NUMBER
    650      -1.2749E+05     8.5138E-01     1.3825E+02     P         438

 BOND    =     8247.1274  ANGLE   =      200.7146  DIHED      =      996.8470
 VDWAALS =    17197.0900  EEL     =  -151399.8191  HBOND      =        0.0000
 1-4 VDW =      254.4727  1-4 EEL =    -3771.8291  RESTRAINT  =      781.9904
 EAMBER  =  -128275.3965


   NSTEP       ENERGY          RMS            GMAX         NAME    NUMBER
    700      -1.2786E+05     1.2244E+00     1.8811E+02     P         438

 BOND    =     8333.4242  ANGLE   =      198.9067  DIHED      =      996.0858
 VDWAALS =    17522.9353  EEL     =  -152188.2053  HBOND      =        0.0000
 1-4 VDW =      255.1346  1-4 EEL =    -3770.9796  RESTRAINT  =      794.3697
 EAMBER  =  -128652.6983


   NSTEP       ENERGY          RMS            GMAX         NAME    NUMBER
    750      -1.2822E+05     4.2529E-01     6.0131E+01     P         438

 BOND    =     8382.8364  ANGLE   =      194.7858  DIHED      =      995.4901
 VDWAALS =    17810.2269  EEL     =  -152885.4300  HBOND      =        0.0000
 1-4 VDW =      254.8044  1-4 EEL =    -3772.1854  RESTRAINT  =      802.5277
 EAMBER  =  -129019.4718


   NSTEP       ENERGY          RMS            GMAX         NAME    NUMBER
    800      -1.2852E+05     1.0530E+00     2.0027E+02     P         438

 BOND    =     8459.2170  ANGLE   =      196.7618  DIHED      =      994.8659
 VDWAALS =    18079.1906  EEL     =  -153545.2249  HBOND      =        0.0000
 1-4 VDW =      254.9052  1-4 EEL =    -3772.7794  RESTRAINT  =      809.9596
 EAMBER  =  -129333.0639


   NSTEP       ENERGY          RMS            GMAX         NAME    NUMBER
    850      -1.2884E+05     3.9250E-01     4.9574E+01     P         438

 BOND    =     8505.7212  ANGLE   =      194.6392  DIHED      =      993.8813
 VDWAALS =    18334.6122  EEL     =  -154165.7905  HBOND      =        0.0000
 1-4 VDW =      254.9476  1-4 EEL =    -3771.3140  RESTRAINT  =      815.2246
 EAMBER  =  -129653.3031


   NSTEP       ENERGY          RMS            GMAX         NAME    NUMBER
    900      -1.2911E+05     9.0821E-01     1.6888E+02     P         438

 BOND    =     8571.8755  ANGLE   =      195.2931  DIHED      =      993.1876
 VDWAALS =    18574.9646  EEL     =  -154750.8029  HBOND      =        0.0000
 1-4 VDW =      255.2749  1-4 EEL =    -3769.7644  RESTRAINT  =      818.7819
 EAMBER  =  -129929.9715


   NSTEP       ENERGY          RMS            GMAX         NAME    NUMBER
    950      -1.2938E+05     4.8127E-01     7.0183E+01     P         438

 BOND    =     8617.6998  ANGLE   =      193.7091  DIHED      =      992.8949
 VDWAALS =    18795.6569  EEL     =  -155286.2108  HBOND      =        0.0000
 1-4 VDW =      255.4781  1-4 EEL =    -3771.8280  RESTRAINT  =      821.7675
 EAMBER  =  -130202.6000


   NSTEP       ENERGY          RMS            GMAX         NAME    NUMBER
   1000      -1.2962E+05     8.2828E-01     1.0617E+02     P         438

 BOND    =     8674.4051  ANGLE   =      194.4029  DIHED      =      992.5562
 VDWAALS =    19004.5338  EEL     =  -155789.8033  HBOND      =        0.0000
 1-4 VDW =      256.0229  1-4 EEL =    -3772.6118  RESTRAINT  =      824.6693
 EAMBER  =  -130440.4942


   NSTEP       ENERGY          RMS            GMAX         NAME    NUMBER
   1050      -1.2985E+05     2.6387E-01     8.6869E+00     C2        490

 BOND    =     8707.7221  ANGLE   =      192.6886  DIHED      =      992.0647
 VDWAALS =    19199.6031  EEL     =  -156252.3413  HBOND      =        0.0000
 1-4 VDW =      255.6213  1-4 EEL =    -3769.8833  RESTRAINT  =      827.3356
 EAMBER  =  -130674.5249


   NSTEP       ENERGY          RMS            GMAX         NAME    NUMBER
   1100      -1.3006E+05     5.2079E-01     3.4163E+01     C2        490

 BOND    =     8752.4901  ANGLE   =      192.2421  DIHED      =      991.7104
 VDWAALS =    19387.4242  EEL     =  -156698.5966  HBOND      =        0.0000
 1-4 VDW =      255.7579  1-4 EEL =    -3768.5336  RESTRAINT  =      829.7413
 EAMBER  =  -130887.5055


   NSTEP       ENERGY          RMS            GMAX         NAME    NUMBER
   1150      -1.3026E+05     2.8979E-01     1.3653E+01     C2        490

 BOND    =     8791.6073  ANGLE   =      192.2143  DIHED      =      991.3852
 VDWAALS =    19558.7861  EEL     =  -157107.3994  HBOND      =        0.0000
 1-4 VDW =      255.9844  1-4 EEL =    -3770.4304  RESTRAINT  =      831.7671
 EAMBER  =  -131087.8524


   NSTEP       ENERGY          RMS            GMAX         NAME    NUMBER
   1200      -1.3044E+05     5.4768E-01     3.7037E+01     C2        490

 BOND    =     8833.0715  ANGLE   =      192.7449  DIHED      =      991.0551
 VDWAALS =    19721.8887  EEL     =  -157494.8127  HBOND      =        0.0000
 1-4 VDW =      256.1627  1-4 EEL =    -3771.2426  RESTRAINT  =      833.5281
 EAMBER  =  -131271.1323


   NSTEP       ENERGY          RMS            GMAX         NAME    NUMBER
   1250      -1.3061E+05     7.8030E-01     5.5976E+01     C2        490

 BOND    =     8873.8201  ANGLE   =      193.3743  DIHED      =      990.7429
 VDWAALS =    19876.9377  EEL     =  -157861.4544  HBOND      =        0.0000
 1-4 VDW =      256.2994  1-4 EEL =    -3771.8030  RESTRAINT  =      835.0737
 EAMBER  =  -131442.0829


   NSTEP       ENERGY          RMS            GMAX         NAME    NUMBER
   1300      -1.3078E+05     3.6199E-01     2.2434E+01     C2        490

 BOND    =     8896.0773  ANGLE   =      191.5168  DIHED      =      990.4250
 VDWAALS =    20027.3058  EEL     =  -158211.0150  HBOND      =        0.0000
 1-4 VDW =      255.9006  1-4 EEL =    -3768.7578  RESTRAINT  =      836.3738
 EAMBER  =  -131618.5473


   NSTEP       ENERGY          RMS            GMAX         NAME    NUMBER
   1350      -1.3094E+05     7.0258E-01     5.3382E+01     C6        675

 BOND    =     8933.0595  ANGLE   =      191.1403  DIHED      =      990.1769
 VDWAALS =    20170.5152  EEL     =  -158546.0805  HBOND      =        0.0000
 1-4 VDW =      256.2444  1-4 EEL =    -3767.8845  RESTRAINT  =      837.2974
 EAMBER  =  -131772.8288


   NSTEP       ENERGY          RMS            GMAX         NAME    NUMBER
   1400      -1.3109E+05     2.8859E-01     1.4162E+01     C2        490

 BOND    =     8959.9605  ANGLE   =      191.4279  DIHED      =      989.9670
 VDWAALS =    20304.9833  EEL     =  -158859.1873  HBOND      =        0.0000
 1-4 VDW =      256.0766  1-4 EEL =    -3770.0463  RESTRAINT  =      837.7927
 EAMBER  =  -131926.8184


   NSTEP       ENERGY          RMS            GMAX         NAME    NUMBER
   1450      -1.3123E+05     6.1956E-01     5.3494E+01     C6        675

 BOND    =     8993.0004  ANGLE   =      193.1967  DIHED      =      989.7783
 VDWAALS =    20438.3444  EEL     =  -159165.8892  HBOND      =        0.0000
 1-4 VDW =      255.9692  1-4 EEL =    -3770.7317  RESTRAINT  =      838.1139
 EAMBER  =  -132066.3320


   NSTEP       ENERGY          RMS            GMAX         NAME    NUMBER
   1500      -1.3137E+05     1.9333E-01     4.2288E+00     C2        490

 BOND    =     9016.1161  ANGLE   =      190.8864  DIHED      =      989.6126
 VDWAALS =    20564.4782  EEL     =  -159453.0387  HBOND      =        0.0000
 1-4 VDW =      256.1085  1-4 EEL =    -3769.1954  RESTRAINT  =      838.3513
 EAMBER  =  -132205.0324


   NSTEP       ENERGY          RMS            GMAX         NAME    NUMBER
   1550      -1.3149E+05     4.9042E-01     3.2961E+01     C2        490

 BOND    =     9043.2429  ANGLE   =      191.8116  DIHED      =      989.4408
 VDWAALS =    20688.3435  EEL     =  -159730.2931  HBOND      =        0.0000
 1-4 VDW =      255.9559  1-4 EEL =    -3768.1434  RESTRAINT  =      838.5454
 EAMBER  =  -132329.6417


   NSTEP       ENERGY          RMS            GMAX         NAME    NUMBER
   1600      -1.3160E+05     7.3499E-01     5.0357E+01     C2        490

 BOND    =     9072.6038  ANGLE   =      191.7461  DIHED      =      989.2969
 VDWAALS =    20805.3311  EEL     =  -159991.0465  HBOND      =        0.0000
 1-4 VDW =      256.2093  1-4 EEL =    -3767.2735  RESTRAINT  =      838.6855
 EAMBER  =  -132443.1327


   NSTEP       ENERGY          RMS            GMAX         NAME    NUMBER
   1650      -1.3172E+05     4.2464E-01     2.8700E+01     C2        490

 BOND    =     9097.8457  ANGLE   =      190.8078  DIHED      =      989.1781
 VDWAALS =    20917.8654  EEL     =  -160243.4543  HBOND      =        0.0000
 1-4 VDW =      256.3881  1-4 EEL =    -3770.0094  RESTRAINT  =      838.7793
 EAMBER  =  -132561.3786


   NSTEP       ENERGY          RMS            GMAX         NAME    NUMBER
   1700      -1.3182E+05     7.1300E-01     6.4240E+01     C6        675

 BOND    =     9121.7886  ANGLE   =      193.7327  DIHED      =      989.0236
 VDWAALS =    21026.7989  EEL     =  -160480.3838  HBOND      =        0.0000
 1-4 VDW =      256.0149  1-4 EEL =    -3770.2309  RESTRAINT  =      838.8481
 EAMBER  =  -132663.2561


   NSTEP       ENERGY          RMS            GMAX         NAME    NUMBER
   1750      -1.3193E+05     2.4713E-01     1.3264E+01     C2        490

 BOND    =     9139.3117  ANGLE   =      189.9087  DIHED      =      988.8824
 VDWAALS =    21129.4362  EEL     =  -160705.2283  HBOND      =        0.0000
 1-4 VDW =      256.4558  1-4 EEL =    -3768.3872  RESTRAINT  =      838.8978
 EAMBER  =  -132769.6207


   NSTEP       ENERGY          RMS            GMAX         NAME    NUMBER
   1800      -1.3203E+05     1.7226E-01     5.5069E+00     C2        490

 BOND    =     9161.1453  ANGLE   =      189.8415  DIHED      =      988.7513
 VDWAALS =    21227.8104  EEL     =  -160921.3111  HBOND      =        0.0000
 1-4 VDW =      256.4988  1-4 EEL =    -3768.9556  RESTRAINT  =      838.9918
 EAMBER  =  -132866.2193


   NSTEP       ENERGY          RMS            GMAX         NAME    NUMBER
   1850      -1.3212E+05     1.6670E-01     4.9008E+00     C2        490

 BOND    =     9181.2379  ANGLE   =      189.7360  DIHED      =      988.6147
 VDWAALS =    21322.2847  EEL     =  -161128.0559  HBOND      =        0.0000
 1-4 VDW =      256.5257  1-4 EEL =    -3768.8784  RESTRAINT  =      839.1702
 EAMBER  =  -132958.5353


   NSTEP       ENERGY          RMS            GMAX         NAME    NUMBER
   1900      -1.3221E+05     4.8353E-01     3.4268E+01     C6        675

 BOND    =     9206.5478  ANGLE   =      188.8777  DIHED      =      988.5024
 VDWAALS =    21414.5001  EEL     =  -161332.7699  HBOND      =        0.0000
 1-4 VDW =      256.8958  1-4 EEL =    -3769.2061  RESTRAINT  =      839.4913
 EAMBER  =  -133046.6523


   NSTEP       ENERGY          RMS            GMAX         NAME    NUMBER
   1950      -1.3229E+05     1.6442E-01     5.3737E+00     C2        490

 BOND    =     9218.0141  ANGLE   =      189.7017  DIHED      =      988.3436
 VDWAALS =    21499.9224  EEL     =  -161517.7849  HBOND      =        0.0000
 1-4 VDW =      256.5143  1-4 EEL =    -3768.4697  RESTRAINT  =      839.8924
 EAMBER  =  -133133.7585


   NSTEP       ENERGY          RMS            GMAX         NAME    NUMBER
   2000      -1.3238E+05     4.0503E-01     2.7872E+01     C2        490

 BOND    =     9235.4910  ANGLE   =      190.6788  DIHED      =      988.2066
 VDWAALS =    21584.7180  EEL     =  -161703.5609  HBOND      =        0.0000
 1-4 VDW =      256.3772  1-4 EEL =    -3767.8734  RESTRAINT  =      840.3637
 EAMBER  =  -133215.9627


   NSTEP       ENERGY          RMS            GMAX         NAME    NUMBER
   2050      -1.3322E+05     5.8725E-01     3.7290E+01     O        4465

 BOND    =     9462.5318  ANGLE   =      189.7084  DIHED      =      987.6672
 VDWAALS =    22642.4822  EEL     =  -163832.0733  HBOND      =        0.0000
 1-4 VDW =      257.1897  1-4 EEL =    -3766.3091  RESTRAINT  =      840.7465
 EAMBER  =  -134058.8031


   NSTEP       ENERGY          RMS            GMAX         NAME    NUMBER
   2100      -1.3346E+05     6.2945E-01     4.4428E+01     H2      16374

 BOND    =     9507.0950  ANGLE   =      193.4192  DIHED      =      987.0137
 VDWAALS =    22792.7786  EEL     =  -164261.4752  HBOND      =        0.0000
 1-4 VDW =      257.4746  1-4 EEL =    -3768.8926  RESTRAINT  =      836.5412
 EAMBER  =  -134292.5868


   NSTEP       ENERGY          RMS            GMAX         NAME    NUMBER
   2150      -1.3366E+05     5.6320E-01     4.3368E+01     H2      16392

 BOND    =     9533.3627  ANGLE   =      191.5596  DIHED      =      987.2036
 VDWAALS =    22924.4674  EEL     =  -164617.5835  HBOND      =        0.0000
 1-4 VDW =      258.3763  1-4 EEL =    -3770.6526  RESTRAINT  =      834.9193
 EAMBER  =  -134493.2665


   NSTEP       ENERGY          RMS            GMAX         NAME    NUMBER
   2200      -1.3385E+05     5.4427E-01     2.7142E+01     N3        489

 BOND    =     9578.1885  ANGLE   =      191.5447  DIHED      =      987.1595
 VDWAALS =    23074.4323  EEL     =  -165006.5317  HBOND      =        0.0000
 1-4 VDW =      258.8921  1-4 EEL =    -3771.1231  RESTRAINT  =      837.3618
 EAMBER  =  -134687.4378


   NSTEP       ENERGY          RMS            GMAX         NAME    NUMBER
   2250      -1.3405E+05     5.0349E-01     2.7762E+01     O       16390

 BOND    =     9593.1830  ANGLE   =      190.4326  DIHED      =      987.0850
 VDWAALS =    23254.0189  EEL     =  -165396.1269  HBOND      =        0.0000
 1-4 VDW =      258.9009  1-4 EEL =    -3769.7362  RESTRAINT  =      834.5754
 EAMBER  =  -134882.2426


   NSTEP       ENERGY          RMS            GMAX         NAME    NUMBER
   2300      -1.3421E+05     4.1215E-01     2.8198E+01     O3'       437

 BOND    =     9634.3759  ANGLE   =      189.7795  DIHED      =      986.9403
 VDWAALS =    23322.1262  EEL     =  -165667.4196  HBOND      =        0.0000
 1-4 VDW =      258.2769  1-4 EEL =    -3768.7082  RESTRAINT  =      836.8264
 EAMBER  =  -135044.6290


   NSTEP       ENERGY          RMS            GMAX         NAME    NUMBER
   2350      -1.3433E+05     3.4148E-01     2.0112E+01     O       16390

 BOND    =     9650.3363  ANGLE   =      188.1855  DIHED      =      987.0845
 VDWAALS =    23418.0837  EEL     =  -165903.8749  HBOND      =        0.0000
 1-4 VDW =      258.4923  1-4 EEL =    -3769.3385  RESTRAINT  =      836.7330
 EAMBER  =  -135171.0311


   NSTEP       ENERGY          RMS            GMAX         NAME    NUMBER
   2400      -1.3449E+05     5.8415E-01     5.0466E+01     O       16390

 BOND    =     9682.2986  ANGLE   =      192.1497  DIHED      =      987.3846
 VDWAALS =    23579.4358  EEL     =  -166254.6417  HBOND      =        0.0000
 1-4 VDW =      258.5665  1-4 EEL =    -3771.2493  RESTRAINT  =      838.1434
 EAMBER  =  -135326.0559


   NSTEP       ENERGY          RMS            GMAX         NAME    NUMBER
   2450      -1.3463E+05     4.2971E-01     3.0145E+01     O        8560

 BOND    =     9732.0338  ANGLE   =      188.8809  DIHED      =      987.2296
 VDWAALS =    23657.3743  EEL     =  -166528.1982  HBOND      =        0.0000
 1-4 VDW =      258.5654  1-4 EEL =    -3769.8096  RESTRAINT  =      839.2482
 EAMBER  =  -135473.9239


   NSTEP       ENERGY          RMS            GMAX         NAME    NUMBER
   2500      -1.3483E+05     4.8265E-01     2.8967E+01     C3'       432

 BOND    =     9749.4977  ANGLE   =      190.4357  DIHED      =      987.3074
 VDWAALS =    23818.8459  EEL     =  -166903.8566  HBOND      =        0.0000
 1-4 VDW =      258.7129  1-4 EEL =    -3770.6343  RESTRAINT  =      841.7881
 EAMBER  =  -135669.6913


   NSTEP       ENERGY          RMS            GMAX         NAME    NUMBER
   2550      -1.3504E+05     5.4913E-01     2.9166E+01     C3'       432

 BOND    =     9786.2038  ANGLE   =      190.2313  DIHED      =      986.8822
 VDWAALS =    23962.9408  EEL     =  -167302.3364  HBOND      =        0.0000
 1-4 VDW =      258.8700  1-4 EEL =    -3768.8005  RESTRAINT  =      846.2151
 EAMBER  =  -135886.0088


   NSTEP       ENERGY          RMS            GMAX         NAME    NUMBER
   2600      -1.3516E+05     3.5640E-01     2.7347E+01     O        8560

 BOND    =     9799.8064  ANGLE   =      186.8610  DIHED      =      986.9533
 VDWAALS =    24008.9834  EEL     =  -167483.3935  HBOND      =        0.0000
 1-4 VDW =      258.6742  1-4 EEL =    -3768.3206  RESTRAINT  =      846.2265
 EAMBER  =  -136010.4358


   NSTEP       ENERGY          RMS            GMAX         NAME    NUMBER
   2650      -1.3526E+05     3.5607E-01     2.1626E+01     O        8560

 BOND    =     9820.0436  ANGLE   =      187.5191  DIHED      =      986.9240
 VDWAALS =    24069.5239  EEL     =  -167656.5533  HBOND      =        0.0000
 1-4 VDW =      258.5333  1-4 EEL =    -3768.6816  RESTRAINT  =      845.6080
 EAMBER  =  -136102.6909


   NSTEP       ENERGY          RMS            GMAX         NAME    NUMBER
   2700      -1.3539E+05     3.8208E-01     1.3434E+01     O        4522

 BOND    =     9843.5457  ANGLE   =      188.2827  DIHED      =      987.1088
 VDWAALS =    24189.5923  EEL     =  -167929.3686  HBOND      =        0.0000
 1-4 VDW =      258.6951  1-4 EEL =    -3769.4903  RESTRAINT  =      846.5767
 EAMBER  =  -136231.6343


   NSTEP       ENERGY          RMS            GMAX         NAME    NUMBER
   2750      -1.3554E+05     5.2533E-01     3.0733E+01     C4'       445

 BOND    =     9884.0705  ANGLE   =      190.0636  DIHED      =      987.0603
 VDWAALS =    24289.7301  EEL     =  -168227.1381  HBOND      =        0.0000
 1-4 VDW =      257.8122  1-4 EEL =    -3768.6362  RESTRAINT  =      845.9308
 EAMBER  =  -136387.0376


   NSTEP       ENERGY          RMS            GMAX         NAME    NUMBER
   2800      -1.3565E+05     3.5452E-01     1.7084E+01     C4'       445

 BOND    =     9880.2415  ANGLE   =      188.2976  DIHED      =      986.9366
 VDWAALS =    24351.9257  EEL     =  -168393.6756  HBOND      =        0.0000
 1-4 VDW =      258.1162  1-4 EEL =    -3767.9487  RESTRAINT  =      845.4546
 EAMBER  =  -136496.1067


   NSTEP       ENERGY          RMS            GMAX         NAME    NUMBER
   2850      -1.3574E+05     4.0103E-01     2.0345E+01     C4        455

 BOND    =     9905.6192  ANGLE   =      189.5548  DIHED      =      986.8973
 VDWAALS =    24403.9799  EEL     =  -168564.5839  HBOND      =        0.0000
 1-4 VDW =      258.2103  1-4 EEL =    -3767.9164  RESTRAINT  =      846.8170
 EAMBER  =  -136588.2387


   NSTEP       ENERGY          RMS            GMAX         NAME    NUMBER
   2900      -1.3581E+05     3.0924E-01     1.6626E+01     H1      12014

 BOND    =     9913.2175  ANGLE   =      187.7053  DIHED      =      986.9415
 VDWAALS =    24450.6505  EEL     =  -168682.1418  HBOND      =        0.0000
 1-4 VDW =      258.0504  1-4 EEL =    -3767.7986  RESTRAINT  =      847.2958
 EAMBER  =  -136653.3753


   NSTEP       ENERGY          RMS            GMAX         NAME    NUMBER
   2950      -1.3587E+05     3.0210E-01     1.5122E+01     O       11719

 BOND    =     9925.6999  ANGLE   =      186.9653  DIHED      =      986.9969
 VDWAALS =    24494.2817  EEL     =  -168804.5154  HBOND      =        0.0000
 1-4 VDW =      257.9749  1-4 EEL =    -3768.4357  RESTRAINT  =      847.7849
 EAMBER  =  -136721.0324


   NSTEP       ENERGY          RMS            GMAX         NAME    NUMBER
   3000      -1.3601E+05     5.6258E-01     5.0430E+01     Na+      1104

 BOND    =     9936.8207  ANGLE   =      189.5614  DIHED      =      987.4719
 VDWAALS =    24623.0773  EEL     =  -169086.6452  HBOND      =        0.0000
 1-4 VDW =      257.7757  1-4 EEL =    -3768.6921  RESTRAINT  =      850.9922
 EAMBER  =  -136860.6305


   NSTEP       ENERGY          RMS            GMAX         NAME    NUMBER
   3050      -1.3610E+05     2.9857E-01     1.3504E+01     H1      27059

 BOND    =     9954.7786  ANGLE   =      190.2202  DIHED      =      987.4127
 VDWAALS =    24674.3489  EEL     =  -169242.4969  HBOND      =        0.0000
 1-4 VDW =      257.4250  1-4 EEL =    -3769.1072  RESTRAINT  =      850.0787
 EAMBER  =  -136947.4188


   NSTEP       ENERGY          RMS            GMAX         NAME    NUMBER
   3100      -1.3617E+05     3.3215E-01     1.4345E+01     C2        460

 BOND    =     9969.4237  ANGLE   =      191.6254  DIHED      =      987.2551
 VDWAALS =    24723.9976  EEL     =  -169382.9422  HBOND      =        0.0000
 1-4 VDW =      257.0910  1-4 EEL =    -3769.3949  RESTRAINT  =      847.9909
 EAMBER  =  -137022.9443


   NSTEP       ENERGY          RMS            GMAX         NAME    NUMBER
   3150      -1.3625E+05     3.0647E-01     1.2224E+01     C2        460

 BOND    =     9981.1262  ANGLE   =      190.1521  DIHED      =      987.2036
 VDWAALS =    24779.7264  EEL     =  -169520.3152  HBOND      =        0.0000
 1-4 VDW =      257.1179  1-4 EEL =    -3769.5411  RESTRAINT  =      845.4518
 EAMBER  =  -137094.5302


   NSTEP       ENERGY          RMS            GMAX         NAME    NUMBER
   3200      -1.3634E+05     2.6715E-01     1.2827E+01     O       20161

 BOND    =     9996.5111  ANGLE   =      188.2471  DIHED      =      986.9596
 VDWAALS =    24835.2093  EEL     =  -169680.1828  HBOND      =        0.0000
 1-4 VDW =      257.2553  1-4 EEL =    -3769.2917  RESTRAINT  =      841.0779
 EAMBER  =  -137185.2921


   NSTEP       ENERGY          RMS            GMAX         NAME    NUMBER
   3250      -1.3642E+05     2.6193E-01     1.1451E+01     P         438

 BOND    =    10012.1506  ANGLE   =      189.4648  DIHED      =      987.0883
 VDWAALS =    24875.7022  EEL     =  -169807.4248  HBOND      =        0.0000
 1-4 VDW =      257.4744  1-4 EEL =    -3769.2829  RESTRAINT  =      839.4187
 EAMBER  =  -137254.8273


   NSTEP       ENERGY          RMS            GMAX         NAME    NUMBER
   3300      -1.3650E+05     3.2309E-01     1.0968E+01     H2      16392

 BOND    =    10027.6879  ANGLE   =      189.3768  DIHED      =      987.0450
 VDWAALS =    24946.6204  EEL     =  -169972.6895  HBOND      =        0.0000
 1-4 VDW =      257.3722  1-4 EEL =    -3769.8733  RESTRAINT  =      836.5649
 EAMBER  =  -137334.4604


   NSTEP       ENERGY          RMS            GMAX         NAME    NUMBER
   3350      -1.3659E+05     4.1322E-01     2.0600E+01     H2       4725

 BOND    =    10036.2164  ANGLE   =      187.2245  DIHED      =      986.7720
 VDWAALS =    25006.7000  EEL     =  -170126.8498  HBOND      =        0.0000
 1-4 VDW =      258.0539  1-4 EEL =    -3768.6612  RESTRAINT  =      831.8993
 EAMBER  =  -137420.5442


   NSTEP       ENERGY          RMS            GMAX         NAME    NUMBER
   3400      -1.3665E+05     3.4331E-01     1.4055E+01     C4'       413

 BOND    =    10060.4658  ANGLE   =      187.2749  DIHED      =      986.2619
 VDWAALS =    25027.2027  EEL     =  -170234.4645  HBOND      =        0.0000
 1-4 VDW =      258.3385  1-4 EEL =    -3768.5556  RESTRAINT  =      830.4532
 EAMBER  =  -137483.4763


   NSTEP       ENERGY          RMS            GMAX         NAME    NUMBER
   3450      -1.3670E+05     2.7657E-01     1.0029E+01     C5        453

 BOND    =    10064.6275  ANGLE   =      186.5940  DIHED      =      986.2390
 VDWAALS =    25059.3499  EEL     =  -170317.8607  HBOND      =        0.0000
 1-4 VDW =      258.3194  1-4 EEL =    -3768.7810  RESTRAINT  =      829.7462
 EAMBER  =  -137531.5120


   NSTEP       ENERGY          RMS            GMAX         NAME    NUMBER
   3500      -1.3674E+05     2.9409E-01     1.0716E+01     C4'       413

 BOND    =    10070.3536  ANGLE   =      186.7943  DIHED      =      986.0132
 VDWAALS =    25083.8750  EEL     =  -170390.0481  HBOND      =        0.0000
 1-4 VDW =      258.2158  1-4 EEL =    -3768.6696  RESTRAINT  =      828.6479
 EAMBER  =  -137573.4658


   NSTEP       ENERGY          RMS            GMAX         NAME    NUMBER
   3550      -1.3679E+05     3.1819E-01     1.3095E+01     P         406

 BOND    =    10072.4493  ANGLE   =      187.3729  DIHED      =      985.8514
 VDWAALS =    25114.4957  EEL     =  -170467.8349  HBOND      =        0.0000
 1-4 VDW =      258.2314  1-4 EEL =    -3768.6651  RESTRAINT  =      827.7561
 EAMBER  =  -137618.0994


   NSTEP       ENERGY          RMS            GMAX         NAME    NUMBER
   3600      -1.3684E+05     3.6151E-01     1.6896E+01     C4        455

 BOND    =    10081.3674  ANGLE   =      187.9326  DIHED      =      985.7326
 VDWAALS =    25149.0986  EEL     =  -170560.4283  HBOND      =        0.0000
 1-4 VDW =      258.0510  1-4 EEL =    -3768.3130  RESTRAINT  =      827.1979
 EAMBER  =  -137666.5591


   NSTEP       ENERGY          RMS            GMAX         NAME    NUMBER
   3650      -1.3689E+05     3.1031E-01     1.4080E+01     P         406

 BOND    =    10091.4090  ANGLE   =      187.8297  DIHED      =      985.4863
 VDWAALS =    25185.7253  EEL     =  -170652.0983  HBOND      =        0.0000
 1-4 VDW =      258.0588  1-4 EEL =    -3768.2812  RESTRAINT  =      826.6318
 EAMBER  =  -137711.8702


   NSTEP       ENERGY          RMS            GMAX         NAME    NUMBER
   3700      -1.3694E+05     3.4612E-01     1.8776E+01     P         406

 BOND    =    10104.4704  ANGLE   =      188.3122  DIHED      =      985.2696
 VDWAALS =    25231.0798  EEL     =  -170763.8168  HBOND      =        0.0000
 1-4 VDW =      258.2644  1-4 EEL =    -3768.0455  RESTRAINT  =      826.3995
 EAMBER  =  -137764.4659


   NSTEP       ENERGY          RMS            GMAX         NAME    NUMBER
   3750      -1.3700E+05     3.1015E-01     1.5033E+01     C4        455

 BOND    =    10114.7778  ANGLE   =      188.4676  DIHED      =      985.4123
 VDWAALS =    25284.1258  EEL     =  -170886.5633  HBOND      =        0.0000
 1-4 VDW =      258.4118  1-4 EEL =    -3767.4959  RESTRAINT  =      827.4932
 EAMBER  =  -137822.8640


   NSTEP       ENERGY          RMS            GMAX         NAME    NUMBER
   3800      -1.3706E+05     3.2767E-01     1.5307E+01     C4        455

 BOND    =    10115.6045  ANGLE   =      188.5677  DIHED      =      985.0038
 VDWAALS =    25351.0195  EEL     =  -171015.7533  HBOND      =        0.0000
 1-4 VDW =      258.4337  1-4 EEL =    -3767.2662  RESTRAINT  =      825.4064
 EAMBER  =  -137884.3903


   NSTEP       ENERGY          RMS            GMAX         NAME    NUMBER
   3850      -1.3710E+05     1.5668E-01     7.3099E+00     C5'       442

 BOND    =    10130.9127  ANGLE   =      187.0206  DIHED      =      984.8431
 VDWAALS =    25364.9952  EEL     =  -171084.8400  HBOND      =        0.0000
 1-4 VDW =      258.4400  1-4 EEL =    -3766.6529  RESTRAINT  =      825.3195
 EAMBER  =  -137925.2813


   NSTEP       ENERGY          RMS            GMAX         NAME    NUMBER
   3900      -1.3712E+05     1.5614E-01     7.9030E+00     C4        455

 BOND    =    10135.1565  ANGLE   =      187.0157  DIHED      =      984.8197
 VDWAALS =    25381.2613  EEL     =  -171126.9188  HBOND      =        0.0000
 1-4 VDW =      258.4333  1-4 EEL =    -3766.6169  RESTRAINT  =      824.6807
 EAMBER  =  -137946.8492


   NSTEP       ENERGY          RMS            GMAX         NAME    NUMBER
   3950      -1.3714E+05     1.4167E-01     6.6675E+00     C4        455

 BOND    =    10139.3204  ANGLE   =      186.9575  DIHED      =      984.8078
 VDWAALS =    25398.2157  EEL     =  -171167.5593  HBOND      =        0.0000
 1-4 VDW =      258.4383  1-4 EEL =    -3766.6431  RESTRAINT  =      824.1821
 EAMBER  =  -137966.4626


   NSTEP       ENERGY          RMS            GMAX         NAME    NUMBER
   4000      -1.3716E+05     1.5278E-01     6.7669E+00     C4        455

 BOND    =    10143.0192  ANGLE   =      187.0330  DIHED      =      984.8061
 VDWAALS =    25415.3396  EEL     =  -171206.9599  HBOND      =        0.0000
 1-4 VDW =      258.4267  1-4 EEL =    -3766.6786  RESTRAINT  =      823.7452
 EAMBER  =  -137985.0139


  Maximum number of minimization cycles reached.


                    FINAL RESULTS



   NSTEP       ENERGY          RMS            GMAX         NAME    NUMBER
   4000      -1.3716E+05     1.5278E-01     6.7669E+00     C4        455

 BOND    =    10143.0192  ANGLE   =      187.0330  DIHED      =      984.8061
 VDWAALS =    25415.3396  EEL     =  -171206.9599  HBOND      =        0.0000
 1-4 VDW =      258.4267  1-4 EEL =    -3766.6786  RESTRAINT  =      823.7452
 EAMBER  =  -137985.0139
--------------------------------------------------------------------------------
   5.  TIMINGS
--------------------------------------------------------------------------------

|  NonSetup CPU Time in Major Routines:
|
|     Routine           Sec        %
|     ------------------------------
|     Nonbond           4.96   38.02
|     Bond              0.00    0.00
|     Angle             0.00    0.00
|     Dihedral          0.00    0.00
|     Shake             0.00    0.00
|     Other             8.09   61.98
|     ------------------------------
|     Total            13.05

|  PME Nonbond Pairlist CPU Time:
|
|     Routine              Sec        %
|     ---------------------------------
|     Set Up Cit           0.00    0.00
|     Build List           0.00    0.00
|     ---------------------------------
|     Total                0.00    0.00

|  PME Direct Force CPU Time:
|
|     Routine              Sec        %
|     ---------------------------------
|     NonBonded Calc       0.00    0.00
|     Exclude Masked       0.00    0.00
|     Other                0.01    0.05
|     ---------------------------------
|     Total                0.01    0.05

|  PME Reciprocal Force CPU Time:
|
|     Routine              Sec        %
|     ---------------------------------
|     1D bspline           0.00    0.00
|     Grid Charges         0.00    0.00
|     Scalar Sum           0.00    0.00
|     Gradient Sum         0.00    0.00
|     FFT                  0.00    0.00
|     ---------------------------------
|     Total                0.00    0.00

|  Setup CPU time:            1.32 seconds
|  NonSetup CPU time:        13.05 seconds
|  Total CPU time:           14.37 seconds     0.00 hours

|  Setup wall time:           2    seconds
|  NonSetup wall time:       27    seconds
|  Total wall time:          29    seconds     0.01 hours
