
          -------------------------------------------------------
          Amber 16 PMEMD                              2016
          -------------------------------------------------------

| PMEMD implementation of SANDER, Release 16

| Run on 08/11/2020 at 20:32:01

|   Executable path: pmemd.cuda
| Working directory: /home/kyq/T7RNADNA/4/LT4
|          Hostname: gpu01

  [-O]verwriting output

File Assignments:
|   MDIN: min2.in                                                               
|  MDOUT: cmp_min2.out                                                          
| INPCRD: cmp_min1.rst                                                          
|   PARM: cmp.prmtop                                                            
| RESTRT: cmp_min2.rst                                                          
|   REFC: cmp.inpcrd                                                            
|  MDVEL: mdvel                                                                 
|   MDEN: mden                                                                  
|  MDCRD: mdcrd                                                                 
| MDINFO: mdinfo                                                                
|  MDFRC: mdfrc                                                                 

 
 Here is the input file:
 
Initial minimisation of our structures                                         
 &cntrl                                                                        
  imin=1, maxcyc=10000, ncyc=5000,                                             
  cut=10, ntb=1,ntr=1,                                                         
  restraint_wt=2.0                                                             
  restraintmask=':1-554@CA,N,C'                                                
                                                                               
/                                                                              


Note: ig = -1. Setting random seed to   882440 based on wallclock time in 
      microseconds.
 
|--------------------- INFORMATION ----------------------
| GPU (CUDA) Version of PMEMD in use: NVIDIA GPU IN USE.
|                    Version 16.0.0
| 
|                      02/25/2016
| 
| Implementation by:
|                    Ross C. Walker     (SDSC)
|                    Scott Le Grand     (nVIDIA)
| 
| Precision model in use:
|      [SPFP] - Single Precision Forces, 64-bit Fixed Point
|               Accumulation. (Default)
| 
|--------------------------------------------------------
 
|----------------- CITATION INFORMATION -----------------
|
|    When publishing work that utilized the CUDA version
|    of AMBER, please cite the following in addition to
|    the regular AMBER citations:
|
|  - Romelia Salomon-Ferrer; Andreas W. Goetz; Duncan
|    Poole; Scott Le Grand; Ross C. Walker "Routine
|    microsecond molecular dynamics simulations with
|    AMBER - Part II: Particle Mesh Ewald", J. Chem.
|    Theory Comput., 2013, 9 (9), pp3878-3888,
|    DOI: 10.1021/ct400314y.
|
|  - Andreas W. Goetz; Mark J. Williamson; Dong Xu;
|    Duncan Poole; Scott Le Grand; Ross C. Walker
|    "Routine microsecond molecular dynamics simulations
|    with AMBER - Part I: Generalized Born", J. Chem.
|    Theory Comput., 2012, 8 (5), pp1542-1555.
|
|  - Scott Le Grand; Andreas W. Goetz; Ross C. Walker
|    "SPFP: Speed without compromise - a mixed precision
|    model for GPU accelerated molecular dynamics
|    simulations.", Comp. Phys. Comm., 2013, 184
|    pp374-380, DOI: 10.1016/j.cpc.2012.09.022
|
|--------------------------------------------------------
 
|------------------- GPU DEVICE INFO --------------------
|
|            CUDA_VISIBLE_DEVICES: 0
|   CUDA Capable Devices Detected:      1
|           CUDA Device ID in use:      0
|                CUDA Device Name: Tesla P100-PCIE-16GB
|     CUDA Device Global Mem Size:  16276 MB
| CUDA Device Num Multiprocessors:     56
|           CUDA Device Core Freq:   1.33 GHz
|
|--------------------------------------------------------
 
 
| Conditional Compilation Defines Used:
| PUBFFT
| BINTRAJ
| CUDA
| EMIL
 
| Largest sphere to fit in unit cell has radius =    31.721

| New format PARM file being parsed.
| Version =    1.000 Date = 08/11/20 Time = 20:31:21

| Note: 1-4 EEL scale factors are being read from the topology file.

| Note: 1-4 VDW scale factors are being read from the topology file.
| Duplicated    0 dihedrals

| Duplicated    0 dihedrals

--------------------------------------------------------------------------------
   1.  RESOURCE   USE: 
--------------------------------------------------------------------------------

 getting box info from netcdf restart file
 NATOM  =   31731 NTYPES =      18 NBONH =   31008 MBONA  =     774
 NTHETH =     907 MTHETA =    1191 NPHIH =    1834 MPHIA  =    2469
 NHPARM =       0 NPARM  =       0 NNB   =   46844 NRES   =   10274
 NBONA  =     774 NTHETA =    1191 NPHIA =    2469 NUMBND =      61
 NUMANG =     127 NPTRA  =      75 NATYP =      34 NPHB   =       1
 IFBOX  =       2 NMXRS  =      33 IFCAP =       0 NEXTRA =       0
 NCOPY  =       0

| Coordinate Index Table dimensions:    12   12   12
| Direct force subcell size =     6.4749    6.4749    6.4749

     BOX TYPE: TRUNCATED OCTAHEDRON

--------------------------------------------------------------------------------
   2.  CONTROL  DATA  FOR  THE  RUN
--------------------------------------------------------------------------------

default_name                                                                    

General flags:
     imin    =       1, nmropt  =       0

Nature and format of input:
     ntx     =       1, irest   =       0, ntrx    =       1

Nature and format of output:
     ntxo    =       2, ntpr    =      50, ntrx    =       1, ntwr    =       1
     iwrap   =       0, ntwx    =       0, ntwv    =       0, ntwe    =       0
     ioutfm  =       1, ntwprt  =       0, idecomp =       0, rbornstat=      0

Potential function:
     ntf     =       1, ntb     =       1, igb     =       0, nsnb    =      25
     ipol    =       0, gbsa    =       0, iesp    =       0
     dielc   =   1.00000, cut     =  10.00000, intdiel =   1.00000

Frozen or restrained atoms:
     ibelly  =       0, ntr     =       1
     restraint_wt =   2.00000

Energy minimization:
     maxcyc  =   10000, ncyc    =    5000, ntmin   =       1
     dx0     =   0.01000, drms    =   0.00010

| Intermolecular bonds treatment:
|     no_intermolecular_bonds =       1

| Energy averages sample interval:
|     ene_avg_sampling =       1

Ewald parameters:
     verbose =       0, ew_type =       0, nbflag  =       1, use_pme =       1
     vdwmeth =       1, eedmeth =       1, netfrc  =       0
     Box X =   77.699   Box Y =   77.699   Box Z =   77.699
     Alpha =  109.471   Beta  =  109.471   Gamma =  109.471
     NFFT1 =   80       NFFT2 =   80       NFFT3 =   80
     Cutoff=   10.000   Tol   =0.100E-04
     Ewald Coefficient =  0.27511
     Interpolation order =    4

    LOADING THE CONSTRAINED ATOMS AS GROUPS


   5.  REFERENCE ATOM COORDINATES

  default_name                                                                    
     Mask :1-554@CA,N,C; matches     0 atoms

--------------------------------------------------------------------------------
   3.  ATOMIC COORDINATES AND VELOCITIES
--------------------------------------------------------------------------------

default_name                                                                    
 begin time read from input coords =     0.000 ps

 
 Number of triangulated 3-point waters found:    10208

     Sum of charges from parm topology file =   0.00000019
     Forcing neutrality...

| Dynamic Memory, Types Used:
| Reals              969945
| Integers           806613

| Nonbonded Pairs Initial Allocation:     9597834

| GPU memory information (estimate):
| KB of GPU memory in use:    164032
| KB of CPU memory in use:     52900

--------------------------------------------------------------------------------
   4.  RESULTS
--------------------------------------------------------------------------------

 ---------------------------------------------------
 APPROXIMATING switch and d/dx switch using CUBIC SPLINE INTERPOLATION
 using   5000.0 points per unit in tabled values
 TESTING RELATIVE ERROR over r ranging from 0.0 to cutoff
| CHECK switch(x): max rel err =   0.3316E-14   at   2.351880
| CHECK d/dx switch(x): max rel err =   0.8066E-11   at   2.747240
 ---------------------------------------------------
|---------------------------------------------------
| APPROXIMATING direct energy using CUBIC SPLINE INTERPOLATION
|  with   50.0 points per unit in tabled values
| Relative Error Limit not exceeded for r .gt.   2.34
| APPROXIMATING direct force using CUBIC SPLINE INTERPOLATION
|  with   50.0 points per unit in tabled values
| Relative Error Limit not exceeded for r .gt.   2.81
|---------------------------------------------------


   NSTEP       ENERGY          RMS            GMAX         NAME    NUMBER
      1      -1.3799E+05     3.0317E-01     1.7433E+01     Na+      1086

 BOND    =    10143.0192  ANGLE   =      187.0330  DIHED      =      984.8061
 VDWAALS =    25415.1652  EEL     =  -171206.8716  HBOND      =        0.0000
 1-4 VDW =      258.4267  1-4 EEL =    -3766.6786  RESTRAINT  =        0.0000


   NSTEP       ENERGY          RMS            GMAX         NAME    NUMBER
     50      -1.3809E+05     4.0410E-01     9.3770E+00     P         220

 BOND    =    10159.7374  ANGLE   =      182.7604  DIHED      =      986.9898
 VDWAALS =    25509.1976  EEL     =  -171416.8181  HBOND      =        0.0000
 1-4 VDW =      258.2155  1-4 EEL =    -3773.3308  RESTRAINT  =        0.0000


   NSTEP       ENERGY          RMS            GMAX         NAME    NUMBER
    100      -1.3815E+05     1.2260E-01     3.7661E+00     Na+      1087

 BOND    =    10167.4243  ANGLE   =      180.3287  DIHED      =      987.6694
 VDWAALS =    25554.2639  EEL     =  -171526.5338  HBOND      =        0.0000
 1-4 VDW =      258.5014  1-4 EEL =    -3775.1104  RESTRAINT  =        0.0000


   NSTEP       ENERGY          RMS            GMAX         NAME    NUMBER
    150      -1.3820E+05     3.3238E-01     4.6267E+01     P         220

 BOND    =    10175.9492  ANGLE   =      178.1619  DIHED      =      988.0197
 VDWAALS =    25593.1038  EEL     =  -171618.2425  HBOND      =        0.0000
 1-4 VDW =      258.4530  1-4 EEL =    -3775.7410  RESTRAINT  =        0.0000


   NSTEP       ENERGY          RMS            GMAX         NAME    NUMBER
    200      -1.3824E+05     1.0143E-01     5.0256E+00     P         220

 BOND    =    10180.7043  ANGLE   =      175.8742  DIHED      =      988.0672
 VDWAALS =    25625.8221  EEL     =  -171694.7140  HBOND      =        0.0000
 1-4 VDW =      258.3643  1-4 EEL =    -3776.2494  RESTRAINT  =        0.0000


   NSTEP       ENERGY          RMS            GMAX         NAME    NUMBER
    250      -1.3828E+05     2.6465E-01     3.3567E+01     P         220

 BOND    =    10186.7908  ANGLE   =      174.3836  DIHED      =      987.9280
 VDWAALS =    25654.9765  EEL     =  -171763.0679  HBOND      =        0.0000
 1-4 VDW =      258.2526  1-4 EEL =    -3776.5714  RESTRAINT  =        0.0000


   NSTEP       ENERGY          RMS            GMAX         NAME    NUMBER
    300      -1.3831E+05     9.2301E-02     3.0338E+00     Na+      1087

 BOND    =    10190.9577  ANGLE   =      172.3500  DIHED      =      987.7111
 VDWAALS =    25679.7611  EEL     =  -171821.7387  HBOND      =        0.0000
 1-4 VDW =      258.0414  1-4 EEL =    -3776.4886  RESTRAINT  =        0.0000


   NSTEP       ENERGY          RMS            GMAX         NAME    NUMBER
    350      -1.3834E+05     2.2453E-01     1.5476E+01     C2        460

 BOND    =    10196.2210  ANGLE   =      170.8752  DIHED      =      987.4589
 VDWAALS =    25702.2455  EEL     =  -171875.2467  HBOND      =        0.0000
 1-4 VDW =      257.8974  1-4 EEL =    -3776.4675  RESTRAINT  =        0.0000


   NSTEP       ENERGY          RMS            GMAX         NAME    NUMBER
    400      -1.3836E+05     1.0203E-01     5.3950E+00     C2        460

 BOND    =    10199.1509  ANGLE   =      170.0426  DIHED      =      987.2112
 VDWAALS =    25723.1538  EEL     =  -171924.3964  HBOND      =        0.0000
 1-4 VDW =      257.7687  1-4 EEL =    -3776.6536  RESTRAINT  =        0.0000


   NSTEP       ENERGY          RMS            GMAX         NAME    NUMBER
    450      -1.3839E+05     1.3842E-01     8.6264E+00     C2        460

 BOND    =    10203.0720  ANGLE   =      168.9815  DIHED      =      986.9958
 VDWAALS =    25742.2851  EEL     =  -171969.6875  HBOND      =        0.0000
 1-4 VDW =      257.6971  1-4 EEL =    -3776.6617  RESTRAINT  =        0.0000


   NSTEP       ENERGY          RMS            GMAX         NAME    NUMBER
    500      -1.3841E+05     3.0027E-01     2.0153E+01     C2        460

 BOND    =    10206.1078  ANGLE   =      169.4533  DIHED      =      986.8041
 VDWAALS =    25760.3925  EEL     =  -172011.6303  HBOND      =        0.0000
 1-4 VDW =      257.3433  1-4 EEL =    -3776.8724  RESTRAINT  =        0.0000


   NSTEP       ENERGY          RMS            GMAX         NAME    NUMBER
    550      -1.3843E+05     1.1664E-01     7.5373E+00     C2        460

 BOND    =    10209.5095  ANGLE   =      167.9153  DIHED      =      986.6741
 VDWAALS =    25776.5601  EEL     =  -172051.3314  HBOND      =        0.0000
 1-4 VDW =      257.4287  1-4 EEL =    -3776.8827  RESTRAINT  =        0.0000


   NSTEP       ENERGY          RMS            GMAX         NAME    NUMBER
    600      -1.3845E+05     2.3106E-01     1.8154E+01     C2        460

 BOND    =    10212.8337  ANGLE   =      167.8028  DIHED      =      986.5613
 VDWAALS =    25791.8183  EEL     =  -172088.8315  HBOND      =        0.0000
 1-4 VDW =      257.2896  1-4 EEL =    -3777.0141  RESTRAINT  =        0.0000


   NSTEP       ENERGY          RMS            GMAX         NAME    NUMBER
    650      -1.3847E+05     1.2515E-01     9.3017E+00     C2        460

 BOND    =    10214.9043  ANGLE   =      167.1093  DIHED      =      986.4627
 VDWAALS =    25806.1295  EEL     =  -172124.8165  HBOND      =        0.0000
 1-4 VDW =      257.2512  1-4 EEL =    -3776.9064  RESTRAINT  =        0.0000


   NSTEP       ENERGY          RMS            GMAX         NAME    NUMBER
    700      -1.3849E+05     2.2672E-01     1.6316E+01     C2        460

 BOND    =    10218.5955  ANGLE   =      166.2896  DIHED      =      986.3790
 VDWAALS =    25820.5809  EEL     =  -172162.2465  HBOND      =        0.0000
 1-4 VDW =      257.3247  1-4 EEL =    -3776.7562  RESTRAINT  =        0.0000


   NSTEP       ENERGY          RMS            GMAX         NAME    NUMBER
    750      -1.3851E+05     7.3342E-02     2.4700E+00     Na+      1088

 BOND    =    10220.3253  ANGLE   =      166.2753  DIHED      =      986.3234
 VDWAALS =    25833.6537  EEL     =  -172195.2584  HBOND      =        0.0000
 1-4 VDW =      257.1753  1-4 EEL =    -3776.9268  RESTRAINT  =        0.0000


   NSTEP       ENERGY          RMS            GMAX         NAME    NUMBER
    800      -1.3853E+05     1.9285E-01     1.4058E+01     C2        460

 BOND    =    10223.8421  ANGLE   =      165.5281  DIHED      =      986.3078
 VDWAALS =    25846.1811  EEL     =  -172227.6090  HBOND      =        0.0000
 1-4 VDW =      257.2433  1-4 EEL =    -3776.9262  RESTRAINT  =        0.0000


   NSTEP       ENERGY          RMS            GMAX         NAME    NUMBER
    850      -1.3854E+05     2.4902E-01     2.2380E+01     C2        460

 BOND    =    10225.9934  ANGLE   =      165.8476  DIHED      =      986.3158
 VDWAALS =    25858.6887  EEL     =  -172257.9618  HBOND      =        0.0000
 1-4 VDW =      257.0582  1-4 EEL =    -3777.1145  RESTRAINT  =        0.0000


   NSTEP       ENERGY          RMS            GMAX         NAME    NUMBER
    900      -1.3856E+05     8.5162E-02     5.4194E+00     C2        460

 BOND    =    10227.2772  ANGLE   =      165.1606  DIHED      =      986.3414
 VDWAALS =    25871.2436  EEL     =  -172287.9796  HBOND      =        0.0000
 1-4 VDW =      257.0374  1-4 EEL =    -3776.9824  RESTRAINT  =        0.0000


   NSTEP       ENERGY          RMS            GMAX         NAME    NUMBER
    950      -1.3857E+05     6.7976E-02     2.5769E+00     C2        460

 BOND    =    10229.5730  ANGLE   =      164.7990  DIHED      =      986.3878
 VDWAALS =    25882.6157  EEL     =  -172316.2572  HBOND      =        0.0000
 1-4 VDW =      257.0456  1-4 EEL =    -3777.0353  RESTRAINT  =        0.0000


   NSTEP       ENERGY          RMS            GMAX         NAME    NUMBER
   1000      -1.3859E+05     1.1621E-01     9.3106E+00     C2        460

 BOND    =    10232.0342  ANGLE   =      164.4569  DIHED      =      986.4432
 VDWAALS =    25893.5262  EEL     =  -172343.9581  HBOND      =        0.0000
 1-4 VDW =      257.0618  1-4 EEL =    -3777.0790  RESTRAINT  =        0.0000


   NSTEP       ENERGY          RMS            GMAX         NAME    NUMBER
   1050      -1.3860E+05     1.8035E-01     1.5736E+01     C2        460

 BOND    =    10234.5128  ANGLE   =      164.2278  DIHED      =      986.5023
 VDWAALS =    25903.9615  EEL     =  -172370.7855  HBOND      =        0.0000
 1-4 VDW =      257.0654  1-4 EEL =    -3777.1396  RESTRAINT  =        0.0000


   NSTEP       ENERGY          RMS            GMAX         NAME    NUMBER
   1100      -1.3862E+05     2.6669E-01     2.1272E+01     C2        460

 BOND    =    10237.4735  ANGLE   =      163.8006  DIHED      =      986.5669
 VDWAALS =    25914.0792  EEL     =  -172397.2557  HBOND      =        0.0000
 1-4 VDW =      257.1417  1-4 EEL =    -3777.1562  RESTRAINT  =        0.0000


   NSTEP       ENERGY          RMS            GMAX         NAME    NUMBER
   1150      -1.3863E+05     1.7223E-01     1.3472E+01     C2        460

 BOND    =    10237.3817  ANGLE   =      164.1348  DIHED      =      986.6167
 VDWAALS =    25923.9237  EEL     =  -172421.2046  HBOND      =        0.0000
 1-4 VDW =      256.9311  1-4 EEL =    -3777.1321  RESTRAINT  =        0.0000


   NSTEP       ENERGY          RMS            GMAX         NAME    NUMBER
   1200      -1.3864E+05     2.6737E-01     1.9028E+01     C6        675

 BOND    =    10240.8316  ANGLE   =      162.8227  DIHED      =      986.6877
 VDWAALS =    25933.3127  EEL     =  -172446.2491  HBOND      =        0.0000
 1-4 VDW =      257.2520  1-4 EEL =    -3776.9368  RESTRAINT  =        0.0000


   NSTEP       ENERGY          RMS            GMAX         NAME    NUMBER
   1250      -1.3866E+05     1.0792E-01     8.3705E+00     C2        460

 BOND    =    10241.3643  ANGLE   =      163.3809  DIHED      =      986.7639
 VDWAALS =    25942.2916  EEL     =  -172469.4573  HBOND      =        0.0000
 1-4 VDW =      257.0319  1-4 EEL =    -3777.2339  RESTRAINT  =        0.0000


   NSTEP       ENERGY          RMS            GMAX         NAME    NUMBER
   1300      -1.3867E+05     6.4028E-02     2.6402E+00     C2        460

 BOND    =    10242.6878  ANGLE   =      163.2318  DIHED      =      986.8395
 VDWAALS =    25951.0278  EEL     =  -172492.8597  HBOND      =        0.0000
 1-4 VDW =      257.0196  1-4 EEL =    -3777.2125  RESTRAINT  =        0.0000


   NSTEP       ENERGY          RMS            GMAX         NAME    NUMBER
   1350      -1.3868E+05     6.6477E-02     2.9844E+00     C2        460

 BOND    =    10244.2406  ANGLE   =      163.1433  DIHED      =      986.9200
 VDWAALS =    25959.3012  EEL     =  -172515.9153  HBOND      =        0.0000
 1-4 VDW =      257.0093  1-4 EEL =    -3777.2345  RESTRAINT  =        0.0000


   NSTEP       ENERGY          RMS            GMAX         NAME    NUMBER
   1400      -1.3870E+05     1.7789E-01     1.5847E+01     C2        460

 BOND    =    10245.9444  ANGLE   =      162.9928  DIHED      =      986.9877
 VDWAALS =    25967.5886  EEL     =  -172538.6386  HBOND      =        0.0000
 1-4 VDW =      256.9986  1-4 EEL =    -3777.1645  RESTRAINT  =        0.0000


   NSTEP       ENERGY          RMS            GMAX         NAME    NUMBER
   1450      -1.3871E+05     7.4505E-02     4.5584E+00     C2        460

 BOND    =    10247.3257  ANGLE   =      162.7098  DIHED      =      987.0353
 VDWAALS =    25975.9089  EEL     =  -172561.0629  HBOND      =        0.0000
 1-4 VDW =      256.9657  1-4 EEL =    -3777.2447  RESTRAINT  =        0.0000


   NSTEP       ENERGY          RMS            GMAX         NAME    NUMBER
   1500      -1.3872E+05     1.5558E-01     1.1869E+01     C2        460

 BOND    =    10249.5301  ANGLE   =      162.1095  DIHED      =      987.0566
 VDWAALS =    25984.4836  EEL     =  -172583.4817  HBOND      =        0.0000
 1-4 VDW =      257.0020  1-4 EEL =    -3777.1778  RESTRAINT  =        0.0000


   NSTEP       ENERGY          RMS            GMAX         NAME    NUMBER
   1550      -1.3873E+05     2.0816E-01     1.9048E+01     C2        460

 BOND    =    10251.1373  ANGLE   =      162.2033  DIHED      =      987.0612
 VDWAALS =    25993.1032  EEL     =  -172604.9434  HBOND      =        0.0000
 1-4 VDW =      256.8639  1-4 EEL =    -3777.2441  RESTRAINT  =        0.0000


   NSTEP       ENERGY          RMS            GMAX         NAME    NUMBER
   1600      -1.3874E+05     9.3712E-02     6.7999E+00     C2        460

 BOND    =    10252.0853  ANGLE   =      161.5800  DIHED      =      987.0520
 VDWAALS =    26001.9485  EEL     =  -172626.4717  HBOND      =        0.0000
 1-4 VDW =      256.8416  1-4 EEL =    -3777.0400  RESTRAINT  =        0.0000


   NSTEP       ENERGY          RMS            GMAX         NAME    NUMBER
   1650      -1.3876E+05     5.7823E-02     2.0145E+00     C2        460

 BOND    =    10253.7481  ANGLE   =      161.3961  DIHED      =      987.0439
 VDWAALS =    26010.6381  EEL     =  -172648.0016  HBOND      =        0.0000
 1-4 VDW =      256.7848  1-4 EEL =    -3777.0600  RESTRAINT  =        0.0000


   NSTEP       ENERGY          RMS            GMAX         NAME    NUMBER
   1700      -1.3877E+05     5.8824E-02     2.2243E+00     C2        460

 BOND    =    10255.3904  ANGLE   =      161.1567  DIHED      =      987.0320
 VDWAALS =    26018.9372  EEL     =  -172668.3979  HBOND      =        0.0000
 1-4 VDW =      256.7535  1-4 EEL =    -3777.0278  RESTRAINT  =        0.0000


   NSTEP       ENERGY          RMS            GMAX         NAME    NUMBER
   1750      -1.3878E+05     1.6098E-01     1.3726E+01     C2        460

 BOND    =    10257.4613  ANGLE   =      161.0729  DIHED      =      987.0216
 VDWAALS =    26027.1664  EEL     =  -172688.9396  HBOND      =        0.0000
 1-4 VDW =      256.7192  1-4 EEL =    -3777.0656  RESTRAINT  =        0.0000


   NSTEP       ENERGY          RMS            GMAX         NAME    NUMBER
   1800      -1.3879E+05     7.3394E-02     4.7243E+00     C2        460

 BOND    =    10258.5163  ANGLE   =      160.6980  DIHED      =      987.0043
 VDWAALS =    26035.1748  EEL     =  -172708.7410  HBOND      =        0.0000
 1-4 VDW =      256.7010  1-4 EEL =    -3776.9310  RESTRAINT  =        0.0000


   NSTEP       ENERGY          RMS            GMAX         NAME    NUMBER
   1850      -1.3880E+05     1.3034E-01     1.0892E+01     C2        460

 BOND    =    10260.0263  ANGLE   =      160.6039  DIHED      =      986.9891
 VDWAALS =    26043.0358  EEL     =  -172728.3598  HBOND      =        0.0000
 1-4 VDW =      256.6584  1-4 EEL =    -3776.8871  RESTRAINT  =        0.0000


   NSTEP       ENERGY          RMS            GMAX         NAME    NUMBER
   1900      -1.3881E+05     2.1787E-01     1.5191E+01     C6        675

 BOND    =    10262.9831  ANGLE   =      159.4912  DIHED      =      986.9815
 VDWAALS =    26050.6543  EEL     =  -172748.4701  HBOND      =        0.0000
 1-4 VDW =      256.8835  1-4 EEL =    -3776.6846  RESTRAINT  =        0.0000


   NSTEP       ENERGY          RMS            GMAX         NAME    NUMBER
   1950      -1.3882E+05     7.6073E-02     4.2676E+00     C2        460

 BOND    =    10263.2401  ANGLE   =      160.2605  DIHED      =      986.9647
 VDWAALS =    26058.7399  EEL     =  -172768.1873  HBOND      =        0.0000
 1-4 VDW =      256.6304  1-4 EEL =    -3776.9119  RESTRAINT  =        0.0000


   NSTEP       ENERGY          RMS            GMAX         NAME    NUMBER
   2000      -1.3883E+05     1.8409E-01     1.4434E+01     C2        460

 BOND    =    10265.1162  ANGLE   =      160.4737  DIHED      =      986.9454
 VDWAALS =    26067.0489  EEL     =  -172788.6260  HBOND      =        0.0000
 1-4 VDW =      256.5806  1-4 EEL =    -3776.9813  RESTRAINT  =        0.0000


   NSTEP       ENERGY          RMS            GMAX         NAME    NUMBER
   2050      -1.3884E+05     5.4434E-02     1.9584E+00     H1      16391

 BOND    =    10266.5694  ANGLE   =      159.6963  DIHED      =      986.9184
 VDWAALS =    26075.1240  EEL     =  -172807.9422  HBOND      =        0.0000
 1-4 VDW =      256.7092  1-4 EEL =    -3776.7893  RESTRAINT  =        0.0000


   NSTEP       ENERGY          RMS            GMAX         NAME    NUMBER
   2100      -1.3885E+05     1.3943E-01     1.0040E+01     C5        453

 BOND    =    10268.1053  ANGLE   =      159.7714  DIHED      =      986.8807
 VDWAALS =    26083.7234  EEL     =  -172827.9795  HBOND      =        0.0000
 1-4 VDW =      256.6765  1-4 EEL =    -3776.7390  RESTRAINT  =        0.0000


   NSTEP       ENERGY          RMS            GMAX         NAME    NUMBER
   2150      -1.3886E+05     6.2104E-02     3.6301E+00     C2        460

 BOND    =    10269.9153  ANGLE   =      159.4131  DIHED      =      986.8458
 VDWAALS =    26091.4866  EEL     =  -172846.4777  HBOND      =        0.0000
 1-4 VDW =      256.7534  1-4 EEL =    -3776.7745  RESTRAINT  =        0.0000


   NSTEP       ENERGY          RMS            GMAX         NAME    NUMBER
   2200      -1.3887E+05     1.2629E-01     8.9916E+00     C2        460

 BOND    =    10271.3910  ANGLE   =      159.6011  DIHED      =      986.8040
 VDWAALS =    26099.2712  EEL     =  -172864.5334  HBOND      =        0.0000
 1-4 VDW =      256.7078  1-4 EEL =    -3776.8232  RESTRAINT  =        0.0000


   NSTEP       ENERGY          RMS            GMAX         NAME    NUMBER
   2250      -1.3888E+05     1.7504E-01     1.4849E+01     C2        460

 BOND    =    10273.9628  ANGLE   =      158.7912  DIHED      =      986.7670
 VDWAALS =    26106.5339  EEL     =  -172882.1679  HBOND      =        0.0000
 1-4 VDW =      256.8870  1-4 EEL =    -3776.7011  RESTRAINT  =        0.0000


   NSTEP       ENERGY          RMS            GMAX         NAME    NUMBER
   2300      -1.3888E+05     6.9929E-02     4.2662E+00     C2        460

 BOND    =    10274.5108  ANGLE   =      158.7780  DIHED      =      986.7217
 VDWAALS =    26113.7332  EEL     =  -172898.7646  HBOND      =        0.0000
 1-4 VDW =      256.8431  1-4 EEL =    -3776.6089  RESTRAINT  =        0.0000


   NSTEP       ENERGY          RMS            GMAX         NAME    NUMBER
   2350      -1.3889E+05     1.5784E-01     1.0336E+01     C2        460

 BOND    =    10275.3057  ANGLE   =      159.4180  DIHED      =      986.6753
 VDWAALS =    26120.7738  EEL     =  -172915.1248  HBOND      =        0.0000
 1-4 VDW =      256.6918  1-4 EEL =    -3776.6677  RESTRAINT  =        0.0000


   NSTEP       ENERGY          RMS            GMAX         NAME    NUMBER
   2400      -1.3890E+05     5.1919E-02     2.1742E+00     C2        460

 BOND    =    10277.3621  ANGLE   =      158.6162  DIHED      =      986.6401
 VDWAALS =    26127.1033  EEL     =  -172931.4552  HBOND      =        0.0000
 1-4 VDW =      256.8425  1-4 EEL =    -3776.5931  RESTRAINT  =        0.0000


   NSTEP       ENERGY          RMS            GMAX         NAME    NUMBER
   2450      -1.3891E+05     1.3753E-01     1.1224E+01     C2        460

 BOND    =    10279.4885  ANGLE   =      158.2580  DIHED      =      986.5998
 VDWAALS =    26133.5326  EEL     =  -172947.8875  HBOND      =        0.0000
 1-4 VDW =      256.9188  1-4 EEL =    -3776.5555  RESTRAINT  =        0.0000


   NSTEP       ENERGY          RMS            GMAX         NAME    NUMBER
   2500      -1.3892E+05     2.0135E-01     1.4055E+01     C2        460

 BOND    =    10281.5708  ANGLE   =      157.8368  DIHED      =      986.5598
 VDWAALS =    26139.5037  EEL     =  -172963.2874  HBOND      =        0.0000
 1-4 VDW =      257.0076  1-4 EEL =    -3776.4739  RESTRAINT  =        0.0000


   NSTEP       ENERGY          RMS            GMAX         NAME    NUMBER
   2550      -1.3893E+05     8.5896E-02     6.9559E+00     C2        460

 BOND    =    10281.3651  ANGLE   =      158.3323  DIHED      =      986.5057
 VDWAALS =    26145.6256  EEL     =  -172977.9146  HBOND      =        0.0000
 1-4 VDW =      256.8377  1-4 EEL =    -3776.4395  RESTRAINT  =        0.0000


   NSTEP       ENERGY          RMS            GMAX         NAME    NUMBER
   2600      -1.3893E+05     5.0235E-02     2.0602E+00     C2        460

 BOND    =    10282.8532  ANGLE   =      158.2286  DIHED      =      986.4551
 VDWAALS =    26151.5392  EEL     =  -172993.2558  HBOND      =        0.0000
 1-4 VDW =      256.8355  1-4 EEL =    -3776.4448  RESTRAINT  =        0.0000


   NSTEP       ENERGY          RMS            GMAX         NAME    NUMBER
   2650      -1.3894E+05     4.8655E-02     1.6511E+00     C2        460

 BOND    =    10284.1607  ANGLE   =      158.1468  DIHED      =      986.4005
 VDWAALS =    26157.2452  EEL     =  -173008.0665  HBOND      =        0.0000
 1-4 VDW =      256.8274  1-4 EEL =    -3776.3978  RESTRAINT  =        0.0000


   NSTEP       ENERGY          RMS            GMAX         NAME    NUMBER
   2700      -1.3895E+05     1.3044E-01     1.0143E+01     C5        453

 BOND    =    10285.8614  ANGLE   =      158.1334  DIHED      =      986.3394
 VDWAALS =    26162.9751  EEL     =  -173023.2345  HBOND      =        0.0000
 1-4 VDW =      256.8201  1-4 EEL =    -3776.3992  RESTRAINT  =        0.0000


   NSTEP       ENERGY          RMS            GMAX         NAME    NUMBER
   2750      -1.3896E+05     6.0759E-02     3.6631E+00     C2        460

 BOND    =    10286.6939  ANGLE   =      158.0122  DIHED      =      986.2751
 VDWAALS =    26168.4201  EEL     =  -173037.4908  HBOND      =        0.0000
 1-4 VDW =      256.7971  1-4 EEL =    -3776.2638  RESTRAINT  =        0.0000


   NSTEP       ENERGY          RMS            GMAX         NAME    NUMBER
   2800      -1.3897E+05     1.1307E-01     9.1377E+00     C2        460

 BOND    =    10287.9817  ANGLE   =      157.9397  DIHED      =      986.2075
 VDWAALS =    26173.5289  EEL     =  -173051.3491  HBOND      =        0.0000
 1-4 VDW =      256.7909  1-4 EEL =    -3776.1687  RESTRAINT  =        0.0000


   NSTEP       ENERGY          RMS            GMAX         NAME    NUMBER
   2850      -1.3897E+05     1.6598E-01     1.3522E+01     C2        460

 BOND    =    10289.0451  ANGLE   =      158.2094  DIHED      =      986.1367
 VDWAALS =    26178.4719  EEL     =  -173064.9060  HBOND      =        0.0000
 1-4 VDW =      256.6969  1-4 EEL =    -3776.1422  RESTRAINT  =        0.0000


   NSTEP       ENERGY          RMS            GMAX         NAME    NUMBER
   2900      -1.3898E+05     9.5060E-02     7.3241E+00     C2        460

 BOND    =    10290.6983  ANGLE   =      157.9047  DIHED      =      986.0659
 VDWAALS =    26183.1363  EEL     =  -173079.0772  HBOND      =        0.0000
 1-4 VDW =      256.7338  1-4 EEL =    -3776.1414  RESTRAINT  =        0.0000


   NSTEP       ENERGY          RMS            GMAX         NAME    NUMBER
   2950      -1.3899E+05     1.4697E-01     1.0205E+01     C2        460

 BOND    =    10291.7524  ANGLE   =      158.3120  DIHED      =      985.9873
 VDWAALS =    26187.8389  EEL     =  -173092.5485  HBOND      =        0.0000
 1-4 VDW =      256.6054  1-4 EEL =    -3776.1730  RESTRAINT  =        0.0000


   NSTEP       ENERGY          RMS            GMAX         NAME    NUMBER
   3000      -1.3900E+05     5.0378E-02     2.0966E+00     C2        460

 BOND    =    10292.6521  ANGLE   =      157.9765  DIHED      =      985.9072
 VDWAALS =    26192.3374  EEL     =  -173105.7204  HBOND      =        0.0000
 1-4 VDW =      256.6429  1-4 EEL =    -3775.9893  RESTRAINT  =        0.0000


   NSTEP       ENERGY          RMS            GMAX         NAME    NUMBER
   3050      -1.3900E+05     1.2217E-01     9.3670E+00     C2        460

 BOND    =    10293.6238  ANGLE   =      158.2132  DIHED      =      985.8216
 VDWAALS =    26196.9664  EEL     =  -173119.0557  HBOND      =        0.0000
 1-4 VDW =      256.5599  1-4 EEL =    -3775.9188  RESTRAINT  =        0.0000


   NSTEP       ENERGY          RMS            GMAX         NAME    NUMBER
   3100      -1.3901E+05     2.0010E-01     1.4814E+01     C6        577

 BOND    =    10295.7951  ANGLE   =      157.4551  DIHED      =      985.7380
 VDWAALS =    26201.2891  EEL     =  -173132.3689  HBOND      =        0.0000
 1-4 VDW =      256.7505  1-4 EEL =    -3775.6692  RESTRAINT  =        0.0000


   NSTEP       ENERGY          RMS            GMAX         NAME    NUMBER
   3150      -1.3902E+05     8.1863E-02     6.2453E+00     C2        460

 BOND    =    10296.2484  ANGLE   =      158.0118  DIHED      =      985.6458
 VDWAALS =    26205.7472  EEL     =  -173145.3784  HBOND      =        0.0000
 1-4 VDW =      256.5503  1-4 EEL =    -3775.7993  RESTRAINT  =        0.0000


   NSTEP       ENERGY          RMS            GMAX         NAME    NUMBER
   3200      -1.3903E+05     1.5907E-01     1.1298E+01     C2        460

 BOND    =    10298.0129  ANGLE   =      157.6968  DIHED      =      985.5486
 VDWAALS =    26210.0342  EEL     =  -173158.3734  HBOND      =        0.0000
 1-4 VDW =      256.6193  1-4 EEL =    -3775.6609  RESTRAINT  =        0.0000


   NSTEP       ENERGY          RMS            GMAX         NAME    NUMBER
   3250      -1.3903E+05     4.7313E-02     1.7169E+00     C2        460

 BOND    =    10298.1229  ANGLE   =      158.0110  DIHED      =      985.4444
 VDWAALS =    26214.3490  EEL     =  -173170.5629  HBOND      =        0.0000
 1-4 VDW =      256.4947  1-4 EEL =    -3775.5779  RESTRAINT  =        0.0000


   NSTEP       ENERGY          RMS            GMAX         NAME    NUMBER
   3300      -1.3904E+05     1.2466E-01     1.0712E+01     C2        460

 BOND    =    10299.1385  ANGLE   =      158.0986  DIHED      =      985.3328
 VDWAALS =    26218.7259  EEL     =  -173183.2940  HBOND      =        0.0000
 1-4 VDW =      256.4590  1-4 EEL =    -3775.4426  RESTRAINT  =        0.0000


   NSTEP       ENERGY          RMS            GMAX         NAME    NUMBER
   3350      -1.3905E+05     4.7356E-02     1.6138E+00     C2        460

 BOND    =    10300.3925  ANGLE   =      157.9903  DIHED      =      985.2196
 VDWAALS =    26222.9689  EEL     =  -173196.2367  HBOND      =        0.0000
 1-4 VDW =      256.4526  1-4 EEL =    -3775.4019  RESTRAINT  =        0.0000


   NSTEP       ENERGY          RMS            GMAX         NAME    NUMBER
   3400      -1.3906E+05     1.0898E-01     9.1489E+00     C2        460

 BOND    =    10301.8219  ANGLE   =      157.9782  DIHED      =      985.1027
 VDWAALS =    26227.1929  EEL     =  -173209.1358  HBOND      =        0.0000
 1-4 VDW =      256.4413  1-4 EEL =    -3775.3398  RESTRAINT  =        0.0000


   NSTEP       ENERGY          RMS            GMAX         NAME    NUMBER
   3450      -1.3906E+05     1.6981E-01     1.1975E+01     C2        460

 BOND    =    10303.5145  ANGLE   =      157.6730  DIHED      =      984.9865
 VDWAALS =    26231.2419  EEL     =  -173221.7624  HBOND      =        0.0000
 1-4 VDW =      256.5091  1-4 EEL =    -3775.1957  RESTRAINT  =        0.0000


   NSTEP       ENERGY          RMS            GMAX         NAME    NUMBER
   3500      -1.3907E+05     8.3268E-02     6.3917E+00     C2        460

 BOND    =    10303.5250  ANGLE   =      158.0884  DIHED      =      984.8609
 VDWAALS =    26235.5555  EEL     =  -173234.2605  HBOND      =        0.0000
 1-4 VDW =      256.3681  1-4 EEL =    -3775.1012  RESTRAINT  =        0.0000


   NSTEP       ENERGY          RMS            GMAX         NAME    NUMBER
   3550      -1.3908E+05     1.5857E-01     1.1175E+01     C2        460

 BOND    =    10304.5855  ANGLE   =      158.2353  DIHED      =      984.7378
 VDWAALS =    26239.5879  EEL     =  -173246.6721  HBOND      =        0.0000
 1-4 VDW =      256.3497  1-4 EEL =    -3774.9826  RESTRAINT  =        0.0000


   NSTEP       ENERGY          RMS            GMAX         NAME    NUMBER
   3600      -1.3909E+05     4.8688E-02     2.1933E+00     H2      26199

 BOND    =    10305.7354  ANGLE   =      158.1373  DIHED      =      984.6263
 VDWAALS =    26243.3601  EEL     =  -173258.8244  HBOND      =        0.0000
 1-4 VDW =      256.3251  1-4 EEL =    -3774.9786  RESTRAINT  =        0.0000


   NSTEP       ENERGY          RMS            GMAX         NAME    NUMBER
   3650      -1.3909E+05     7.1826E-02     4.7095E+00     C2        460

 BOND    =    10306.8701  ANGLE   =      158.1879  DIHED      =      984.5056
 VDWAALS =    26247.3233  EEL     =  -173271.3164  HBOND      =        0.0000
 1-4 VDW =      256.3084  1-4 EEL =    -3774.9074  RESTRAINT  =        0.0000


   NSTEP       ENERGY          RMS            GMAX         NAME    NUMBER
   3700      -1.3910E+05     1.7459E-01     1.4569E+01     C2        460

 BOND    =    10308.3355  ANGLE   =      158.4255  DIHED      =      984.3855
 VDWAALS =    26251.3590  EEL     =  -173284.1280  HBOND      =        0.0000
 1-4 VDW =      256.2582  1-4 EEL =    -3774.9038  RESTRAINT  =        0.0000


   NSTEP       ENERGY          RMS            GMAX         NAME    NUMBER
   3750      -1.3911E+05     7.4236E-02     5.3290E+00     C2        460

 BOND    =    10308.7115  ANGLE   =      158.2736  DIHED      =      984.2648
 VDWAALS =    26255.4257  EEL     =  -173296.2228  HBOND      =        0.0000
 1-4 VDW =      256.2720  1-4 EEL =    -3774.6994  RESTRAINT  =        0.0000


   NSTEP       ENERGY          RMS            GMAX         NAME    NUMBER
   3800      -1.3911E+05     1.3648E-01     1.1379E+01     C2        460

 BOND    =    10309.8451  ANGLE   =      158.2190  DIHED      =      984.1472
 VDWAALS =    26259.5197  EEL     =  -173308.2416  HBOND      =        0.0000
 1-4 VDW =      256.2920  1-4 EEL =    -3774.5596  RESTRAINT  =        0.0000


   NSTEP       ENERGY          RMS            GMAX         NAME    NUMBER
   3850      -1.3912E+05     4.6526E-02     1.7570E+00     C2        460

 BOND    =    10310.7773  ANGLE   =      158.2575  DIHED      =      984.0323
 VDWAALS =    26263.4792  EEL     =  -173319.9234  HBOND      =        0.0000
 1-4 VDW =      256.2656  1-4 EEL =    -3774.5646  RESTRAINT  =        0.0000


   NSTEP       ENERGY          RMS            GMAX         NAME    NUMBER
   3900      -1.3913E+05     1.2081E-01     1.0027E+01     C2        460

 BOND    =    10312.0946  ANGLE   =      158.2990  DIHED      =      983.9140
 VDWAALS =    26267.6048  EEL     =  -173331.9221  HBOND      =        0.0000
 1-4 VDW =      256.2604  1-4 EEL =    -3774.5263  RESTRAINT  =        0.0000


   NSTEP       ENERGY          RMS            GMAX         NAME    NUMBER
   3950      -1.3913E+05     4.3898E-02     1.5544E+00     H1       5111

 BOND    =    10312.5322  ANGLE   =      158.3275  DIHED      =      983.7984
 VDWAALS =    26271.6903  EEL     =  -173343.1532  HBOND      =        0.0000
 1-4 VDW =      256.2379  1-4 EEL =    -3774.4024  RESTRAINT  =        0.0000


   NSTEP       ENERGY          RMS            GMAX         NAME    NUMBER
   4000      -1.3914E+05     1.0852E-01     9.1867E+00     C2        460

 BOND    =    10313.3659  ANGLE   =      158.4241  DIHED      =      983.6830
 VDWAALS =    26275.7739  EEL     =  -173354.3410  HBOND      =        0.0000
 1-4 VDW =      256.2159  1-4 EEL =    -3774.3025  RESTRAINT  =        0.0000


   NSTEP       ENERGY          RMS            GMAX         NAME    NUMBER
   4050      -1.3915E+05     1.5047E-01     1.3627E+01     C2        460

 BOND    =    10314.4721  ANGLE   =      158.3547  DIHED      =      983.5669
 VDWAALS =    26279.8882  EEL     =  -173365.6743  HBOND      =        0.0000
 1-4 VDW =      256.2307  1-4 EEL =    -3774.1878  RESTRAINT  =        0.0000


   NSTEP       ENERGY          RMS            GMAX         NAME    NUMBER
   4100      -1.3915E+05     6.5814E-02     4.6094E+00     C2        460

 BOND    =    10315.4137  ANGLE   =      158.4444  DIHED      =      983.4478
 VDWAALS =    26283.9880  EEL     =  -173377.1280  HBOND      =        0.0000
 1-4 VDW =      256.1864  1-4 EEL =    -3774.2420  RESTRAINT  =        0.0000


   NSTEP       ENERGY          RMS            GMAX         NAME    NUMBER
   4150      -1.3916E+05     1.5557E-01     1.0927E+01     C2        460

 BOND    =    10316.3947  ANGLE   =      158.8185  DIHED      =      983.3279
 VDWAALS =    26288.1315  EEL     =  -173388.2385  HBOND      =        0.0000
 1-4 VDW =      256.1080  1-4 EEL =    -3774.2672  RESTRAINT  =        0.0000


   NSTEP       ENERGY          RMS            GMAX         NAME    NUMBER
   4200      -1.3917E+05     4.4635E-02     2.0051E+00     C2        460

 BOND    =    10317.0799  ANGLE   =      158.4448  DIHED      =      983.2151
 VDWAALS =    26292.1160  EEL     =  -173398.8839  HBOND      =        0.0000
 1-4 VDW =      256.1672  1-4 EEL =    -3774.0850  RESTRAINT  =        0.0000


   NSTEP       ENERGY          RMS            GMAX         NAME    NUMBER
   4250      -1.3917E+05     1.2758E-01     8.4686E+00     C2        460

 BOND    =    10318.3419  ANGLE   =      158.1977  DIHED      =      983.0966
 VDWAALS =    26296.2005  EEL     =  -173409.7242  HBOND      =        0.0000
 1-4 VDW =      256.2252  1-4 EEL =    -3773.9391  RESTRAINT  =        0.0000


   NSTEP       ENERGY          RMS            GMAX         NAME    NUMBER
   4300      -1.3918E+05     1.6579E-01     1.4312E+01     C2        460

 BOND    =    10318.6872  ANGLE   =      158.7598  DIHED      =      982.9759
 VDWAALS =    26300.3552  EEL     =  -173420.0577  HBOND      =        0.0000
 1-4 VDW =      256.0986  1-4 EEL =    -3773.9422  RESTRAINT  =        0.0000


   NSTEP       ENERGY          RMS            GMAX         NAME    NUMBER
   4350      -1.3918E+05     9.5910E-02     7.9155E+00     C2        460

 BOND    =    10319.9517  ANGLE   =      158.6006  DIHED      =      982.8543
 VDWAALS =    26304.4714  EEL     =  -173431.0711  HBOND      =        0.0000
 1-4 VDW =      256.1081  1-4 EEL =    -3773.9920  RESTRAINT  =        0.0000


   NSTEP       ENERGY          RMS            GMAX         NAME    NUMBER
   4400      -1.3919E+05     1.5690E-01     1.2365E+01     C6        675

 BOND    =    10320.4773  ANGLE   =      159.1203  DIHED      =      982.7298
 VDWAALS =    26308.7070  EEL     =  -173441.2896  HBOND      =        0.0000
 1-4 VDW =      255.9980  1-4 EEL =    -3774.0233  RESTRAINT  =        0.0000


   NSTEP       ENERGY          RMS            GMAX         NAME    NUMBER
   4450      -1.3919E+05     8.1327E-02     6.3168E+00     C2        460

 BOND    =    10321.4740  ANGLE   =      158.4763  DIHED      =      982.6103
 VDWAALS =    26312.8607  EEL     =  -173451.5470  HBOND      =        0.0000
 1-4 VDW =      256.1207  1-4 EEL =    -3773.7929  RESTRAINT  =        0.0000


   NSTEP       ENERGY          RMS            GMAX         NAME    NUMBER
   4500      -1.3920E+05     1.2325E-01     8.0520E+00     C6        675

 BOND    =    10322.6569  ANGLE   =      158.2672  DIHED      =      982.4880
 VDWAALS =    26317.0032  EEL     =  -173461.7418  HBOND      =        0.0000
 1-4 VDW =      256.1645  1-4 EEL =    -3773.6974  RESTRAINT  =        0.0000


   NSTEP       ENERGY          RMS            GMAX         NAME    NUMBER
   4550      -1.3920E+05     6.0274E-02     4.1782E+00     C2        460

 BOND    =    10323.1550  ANGLE   =      158.6818  DIHED      =      982.3600
 VDWAALS =    26321.1839  EEL     =  -173471.7123  HBOND      =        0.0000
 1-4 VDW =      256.0559  1-4 EEL =    -3773.7919  RESTRAINT  =        0.0000


   NSTEP       ENERGY          RMS            GMAX         NAME    NUMBER
   4600      -1.3921E+05     9.8503E-02     8.3951E+00     C2        460

 BOND    =    10324.2884  ANGLE   =      158.6175  DIHED      =      982.2319
 VDWAALS =    26325.3660  EEL     =  -173481.9199  HBOND      =        0.0000
 1-4 VDW =      256.0653  1-4 EEL =    -3773.7571  RESTRAINT  =        0.0000


   NSTEP       ENERGY          RMS            GMAX         NAME    NUMBER
   4650      -1.3921E+05     4.3585E-02     2.3055E+00     C2        460

 BOND    =    10324.7164  ANGLE   =      158.6558  DIHED      =      982.1024
 VDWAALS =    26329.4793  EEL     =  -173491.4555  HBOND      =        0.0000
 1-4 VDW =      256.0453  1-4 EEL =    -3773.6609  RESTRAINT  =        0.0000


   NSTEP       ENERGY          RMS            GMAX         NAME    NUMBER
   4700      -1.3922E+05     5.7988E-02     4.2361E+00     C2        460

 BOND    =    10325.4528  ANGLE   =      158.7197  DIHED      =      981.9713
 VDWAALS =    26333.4587  EEL     =  -173501.0383  HBOND      =        0.0000
 1-4 VDW =      256.0243  1-4 EEL =    -3773.6154  RESTRAINT  =        0.0000


   NSTEP       ENERGY          RMS            GMAX         NAME    NUMBER
   4750      -1.3922E+05     3.8743E-02     1.4040E+00     C2        460

 BOND    =    10326.3657  ANGLE   =      158.7160  DIHED      =      981.8390
 VDWAALS =    26337.2895  EEL     =  -173510.5227  HBOND      =        0.0000
 1-4 VDW =      256.0128  1-4 EEL =    -3773.6044  RESTRAINT  =        0.0000


   NSTEP       ENERGY          RMS            GMAX         NAME    NUMBER
   4800      -1.3923E+05     3.8452E-02     1.2228E+00     O        1903

 BOND    =    10327.0799  ANGLE   =      158.7827  DIHED      =      981.7066
 VDWAALS =    26340.9588  EEL     =  -173519.5847  HBOND      =        0.0000
 1-4 VDW =      255.9885  1-4 EEL =    -3773.5720  RESTRAINT  =        0.0000


   NSTEP       ENERGY          RMS            GMAX         NAME    NUMBER
   4850      -1.3923E+05     1.1504E-01     7.1872E+00     C6        675

 BOND    =    10327.7007  ANGLE   =      159.2048  DIHED      =      981.5681
 VDWAALS =    26344.5835  EEL     =  -173528.6484  HBOND      =        0.0000
 1-4 VDW =      255.8951  1-4 EEL =    -3773.6229  RESTRAINT  =        0.0000


   NSTEP       ENERGY          RMS            GMAX         NAME    NUMBER
   4900      -1.3924E+05     3.8132E-02     1.3158E+00     O        1903

 BOND    =    10328.5834  ANGLE   =      158.7851  DIHED      =      981.4381
 VDWAALS =    26347.9143  EEL     =  -173537.4306  HBOND      =        0.0000
 1-4 VDW =      255.9675  1-4 EEL =    -3773.4754  RESTRAINT  =        0.0000


   NSTEP       ENERGY          RMS            GMAX         NAME    NUMBER
   4950      -1.3924E+05     9.9440E-02     7.0084E+00     C2        460

 BOND    =    10329.5943  ANGLE   =      158.5924  DIHED      =      981.3016
 VDWAALS =    26351.2463  EEL     =  -173546.4328  HBOND      =        0.0000
 1-4 VDW =      256.0051  1-4 EEL =    -3773.3683  RESTRAINT  =        0.0000


   NSTEP       ENERGY          RMS            GMAX         NAME    NUMBER
   5000      -1.3925E+05     1.5341E-01     1.0859E+01     C6        675

 BOND    =    10330.8788  ANGLE   =      158.2929  DIHED      =      981.1668
 VDWAALS =    26354.3814  EEL     =  -173555.3971  HBOND      =        0.0000
 1-4 VDW =      256.0685  1-4 EEL =    -3773.2768  RESTRAINT  =        0.0000


   NSTEP       ENERGY          RMS            GMAX         NAME    NUMBER
   5050      -1.3934E+05     2.5475E-01     2.6133E+01     H2       1956

 BOND    =    10346.2408  ANGLE   =      160.6918  DIHED      =      977.9860
 VDWAALS =    26438.3910  EEL     =  -173747.5086  HBOND      =        0.0000
 1-4 VDW =      255.4838  1-4 EEL =    -3772.0805  RESTRAINT  =        0.0000


   NSTEP       ENERGY          RMS            GMAX         NAME    NUMBER
   5100      -1.3936E+05     1.4532E-01     9.9547E+00     H1       1955

 BOND    =    10352.2977  ANGLE   =      160.0638  DIHED      =      977.3522
 VDWAALS =    26448.8891  EEL     =  -173782.8646  HBOND      =        0.0000
 1-4 VDW =      255.9571  1-4 EEL =    -3772.6137  RESTRAINT  =        0.0000


   NSTEP       ENERGY          RMS            GMAX         NAME    NUMBER
   5150      -1.3938E+05     1.1594E-01     6.0323E+00     H2       1956

 BOND    =    10352.2019  ANGLE   =      160.1574  DIHED      =      976.5568
 VDWAALS =    26459.8109  EEL     =  -173810.4977  HBOND      =        0.0000
 1-4 VDW =      255.8507  1-4 EEL =    -3772.3874  RESTRAINT  =        0.0000


   NSTEP       ENERGY          RMS            GMAX         NAME    NUMBER
   5200      -1.3940E+05     1.3547E-01     5.9909E+00     P         724

 BOND    =    10356.5613  ANGLE   =      160.6156  DIHED      =      975.9199
 VDWAALS =    26465.9164  EEL     =  -173837.5836  HBOND      =        0.0000
 1-4 VDW =      255.8817  1-4 EEL =    -3772.4021  RESTRAINT  =        0.0000


   NSTEP       ENERGY          RMS            GMAX         NAME    NUMBER
   5250      -1.3941E+05     1.3141E-01     6.9576E+00     H1       1955

 BOND    =    10358.6574  ANGLE   =      161.3980  DIHED      =      975.3319
 VDWAALS =    26474.8185  EEL     =  -173865.4706  HBOND      =        0.0000
 1-4 VDW =      255.9843  1-4 EEL =    -3772.2870  RESTRAINT  =        0.0000


   NSTEP       ENERGY          RMS            GMAX         NAME    NUMBER
   5300      -1.3943E+05     1.6633E-01     8.2301E+00     C2        520

 BOND    =    10361.8893  ANGLE   =      161.7813  DIHED      =      974.8066
 VDWAALS =    26489.5217  EEL     =  -173898.9274  HBOND      =        0.0000
 1-4 VDW =      256.0153  1-4 EEL =    -3772.3858  RESTRAINT  =        0.0000


   NSTEP       ENERGY          RMS            GMAX         NAME    NUMBER
   5350      -1.3945E+05     2.0953E-01     1.5568E+01     P          31

 BOND    =    10364.9068  ANGLE   =      162.2506  DIHED      =      974.2315
 VDWAALS =    26509.3234  EEL     =  -173944.2914  HBOND      =        0.0000
 1-4 VDW =      256.1962  1-4 EEL =    -3772.8812  RESTRAINT  =        0.0000


   NSTEP       ENERGY          RMS            GMAX         NAME    NUMBER
   5400      -1.3947E+05     1.5186E-01     7.0376E+00     P          31

 BOND    =    10366.4571  ANGLE   =      162.2581  DIHED      =      973.8443
 VDWAALS =    26516.5825  EEL     =  -173974.8365  HBOND      =        0.0000
 1-4 VDW =      256.1267  1-4 EEL =    -3772.5087  RESTRAINT  =        0.0000


   NSTEP       ENERGY          RMS            GMAX         NAME    NUMBER
   5450      -1.3949E+05     1.7035E-01     9.6168E+00     C2'       654

 BOND    =    10370.3126  ANGLE   =      162.3026  DIHED      =      973.4996
 VDWAALS =    26524.3059  EEL     =  -174005.0213  HBOND      =        0.0000
 1-4 VDW =      256.1363  1-4 EEL =    -3772.3646  RESTRAINT  =        0.0000


   NSTEP       ENERGY          RMS            GMAX         NAME    NUMBER
   5500      -1.3951E+05     1.4761E-01     7.0415E+00     O5'       727

 BOND    =    10371.6512  ANGLE   =      162.6171  DIHED      =      973.0963
 VDWAALS =    26533.9327  EEL     =  -174033.4196  HBOND      =        0.0000
 1-4 VDW =      256.1240  1-4 EEL =    -3772.4733  RESTRAINT  =        0.0000


   NSTEP       ENERGY          RMS            GMAX         NAME    NUMBER
   5550      -1.3953E+05     1.9938E-01     8.4081E+00     C2'       654

 BOND    =    10376.0597  ANGLE   =      163.1230  DIHED      =      972.5517
 VDWAALS =    26544.3829  EEL     =  -174067.0780  HBOND      =        0.0000
 1-4 VDW =      256.1216  1-4 EEL =    -3772.6851  RESTRAINT  =        0.0000


   NSTEP       ENERGY          RMS            GMAX         NAME    NUMBER
   5600      -1.3955E+05     1.6530E-01     8.7590E+00     OP2       726

 BOND    =    10377.4596  ANGLE   =      163.2655  DIHED      =      972.0227
 VDWAALS =    26555.9569  EEL     =  -174099.2130  HBOND      =        0.0000
 1-4 VDW =      256.1147  1-4 EEL =    -3772.6183  RESTRAINT  =        0.0000


   NSTEP       ENERGY          RMS            GMAX         NAME    NUMBER
   5650      -1.3957E+05     1.6551E-01     9.6315E+00     O3'        93

 BOND    =    10380.1957  ANGLE   =      162.9952  DIHED      =      971.2851
 VDWAALS =    26576.8235  EEL     =  -174145.0325  HBOND      =        0.0000
 1-4 VDW =      256.6255  1-4 EEL =    -3772.5829  RESTRAINT  =        0.0000


   NSTEP       ENERGY          RMS            GMAX         NAME    NUMBER
   5700      -1.3959E+05     8.7519E-02     3.6058E+00     O        1954

 BOND    =    10381.9090  ANGLE   =      162.8882  DIHED      =      970.7470
 VDWAALS =    26590.6364  EEL     =  -174175.8513  HBOND      =        0.0000
 1-4 VDW =      256.3768  1-4 EEL =    -3772.5521  RESTRAINT  =        0.0000


   NSTEP       ENERGY          RMS            GMAX         NAME    NUMBER
   5750      -1.3960E+05     8.8048E-02     2.9227E+00     C2        648

 BOND    =    10385.3098  ANGLE   =      162.9190  DIHED      =      970.3492
 VDWAALS =    26603.8288  EEL     =  -174207.0834  HBOND      =        0.0000
 1-4 VDW =      256.6161  1-4 EEL =    -3772.6322  RESTRAINT  =        0.0000


   NSTEP       ENERGY          RMS            GMAX         NAME    NUMBER
   5800      -1.3962E+05     8.7959E-02     4.7178E+00     O        1954

 BOND    =    10389.4563  ANGLE   =      163.1283  DIHED      =      969.7372
 VDWAALS =    26623.4853  EEL     =  -174253.0481  HBOND      =        0.0000
 1-4 VDW =      256.9113  1-4 EEL =    -3772.7211  RESTRAINT  =        0.0000


   NSTEP       ENERGY          RMS            GMAX         NAME    NUMBER
   5850      -1.3965E+05     1.3061E-01     5.3392E+00     C1'       636

 BOND    =    10394.2303  ANGLE   =      163.3910  DIHED      =      968.9864
 VDWAALS =    26650.4802  EEL     =  -174314.1546  HBOND      =        0.0000
 1-4 VDW =      257.3255  1-4 EEL =    -3773.1345  RESTRAINT  =        0.0000


   NSTEP       ENERGY          RMS            GMAX         NAME    NUMBER
   5900      -1.3967E+05     9.4548E-02     4.5134E+00     H1      21182

 BOND    =    10398.8269  ANGLE   =      163.3816  DIHED      =      968.6414
 VDWAALS =    26661.1930  EEL     =  -174342.7424  HBOND      =        0.0000
 1-4 VDW =      257.3741  1-4 EEL =    -3773.1448  RESTRAINT  =        0.0000


   NSTEP       ENERGY          RMS            GMAX         NAME    NUMBER
   5950      -1.3968E+05     9.2339E-02     4.5002E+00     H2       8025

 BOND    =    10400.8916  ANGLE   =      163.2915  DIHED      =      968.2717
 VDWAALS =    26674.2565  EEL     =  -174372.5225  HBOND      =        0.0000
 1-4 VDW =      257.4665  1-4 EEL =    -3773.0737  RESTRAINT  =        0.0000


   NSTEP       ENERGY          RMS            GMAX         NAME    NUMBER
   6000      -1.3970E+05     7.9452E-02     3.2050E+00     O       31201

 BOND    =    10409.4543  ANGLE   =      163.6189  DIHED      =      967.8107
 VDWAALS =    26689.3036  EEL     =  -174413.8335  HBOND      =        0.0000
 1-4 VDW =      257.5702  1-4 EEL =    -3773.0521  RESTRAINT  =        0.0000


   NSTEP       ENERGY          RMS            GMAX         NAME    NUMBER
   6050      -1.3971E+05     1.0814E-01     5.1614E+00     OP2       726

 BOND    =    10403.3950  ANGLE   =      163.9466  DIHED      =      967.3829
 VDWAALS =    26699.9662  EEL     =  -174431.5944  HBOND      =        0.0000
 1-4 VDW =      257.6257  1-4 EEL =    -3773.0621  RESTRAINT  =        0.0000


   NSTEP       ENERGY          RMS            GMAX         NAME    NUMBER
   6100      -1.3972E+05     8.3242E-02     4.0881E+00     C2        520

 BOND    =    10408.2900  ANGLE   =      163.9399  DIHED      =      966.9852
 VDWAALS =    26712.2161  EEL     =  -174460.3606  HBOND      =        0.0000
 1-4 VDW =      257.5884  1-4 EEL =    -3773.1412  RESTRAINT  =        0.0000


   NSTEP       ENERGY          RMS            GMAX         NAME    NUMBER
   6150      -1.3973E+05     6.9782E-02     2.7923E+00     P         821

 BOND    =    10411.4217  ANGLE   =      163.9785  DIHED      =      966.7091
 VDWAALS =    26721.8030  EEL     =  -174482.2608  HBOND      =        0.0000
 1-4 VDW =      257.5612  1-4 EEL =    -3773.1915  RESTRAINT  =        0.0000


   NSTEP       ENERGY          RMS            GMAX         NAME    NUMBER
   6200      -1.3974E+05     1.1857E-01     4.7824E+00     P         821

 BOND    =    10414.0079  ANGLE   =      164.3850  DIHED      =      966.3990
 VDWAALS =    26731.7824  EEL     =  -174505.6804  HBOND      =        0.0000
 1-4 VDW =      257.5783  1-4 EEL =    -3773.3920  RESTRAINT  =        0.0000


   NSTEP       ENERGY          RMS            GMAX         NAME    NUMBER
   6250      -1.3975E+05     9.6880E-02     4.3079E+00     OP2       726

 BOND    =    10417.0064  ANGLE   =      164.4159  DIHED      =      966.1605
 VDWAALS =    26738.8827  EEL     =  -174524.5869  HBOND      =        0.0000
 1-4 VDW =      257.5812  1-4 EEL =    -3773.4290  RESTRAINT  =        0.0000


   NSTEP       ENERGY          RMS            GMAX         NAME    NUMBER
   6300      -1.3976E+05     1.2961E-01     5.8564E+00     OP2       726

 BOND    =    10417.3277  ANGLE   =      164.8296  DIHED      =      965.9386
 VDWAALS =    26745.6960  EEL     =  -174540.6079  HBOND      =        0.0000
 1-4 VDW =      257.6711  1-4 EEL =    -3773.5290  RESTRAINT  =        0.0000


   NSTEP       ENERGY          RMS            GMAX         NAME    NUMBER
   6350      -1.3977E+05     8.7993E-02     5.5804E+00     OP2       726

 BOND    =    10422.3202  ANGLE   =      164.7709  DIHED      =      965.7099
 VDWAALS =    26752.7466  EEL     =  -174561.1240  HBOND      =        0.0000
 1-4 VDW =      257.5383  1-4 EEL =    -3773.4328  RESTRAINT  =        0.0000


   NSTEP       ENERGY          RMS            GMAX         NAME    NUMBER
   6400      -1.3979E+05     3.3944E-01     2.0586E+01     O       31201

 BOND    =    10441.2619  ANGLE   =      167.5209  DIHED      =      965.1297
 VDWAALS =    26769.7456  EEL     =  -174616.9011  HBOND      =        0.0000
 1-4 VDW =      257.8119  1-4 EEL =    -3775.0012  RESTRAINT  =        0.0000


   NSTEP       ENERGY          RMS            GMAX         NAME    NUMBER
   6450      -1.3981E+05     1.9915E-01     5.8761E+00     O       31201

 BOND    =    10441.4877  ANGLE   =      166.5999  DIHED      =      964.8416
 VDWAALS =    26785.5855  EEL     =  -174651.0971  HBOND      =        0.0000
 1-4 VDW =      257.7602  1-4 EEL =    -3774.5498  RESTRAINT  =        0.0000


   NSTEP       ENERGY          RMS            GMAX         NAME    NUMBER
   6500      -1.3982E+05     2.5385E-01     1.0102E+01     C6        610

 BOND    =    10450.4748  ANGLE   =      165.8992  DIHED      =      964.5457
 VDWAALS =    26793.6266  EEL     =  -174682.1677  HBOND      =        0.0000
 1-4 VDW =      257.8605  1-4 EEL =    -3774.5163  RESTRAINT  =        0.0000


   NSTEP       ENERGY          RMS            GMAX         NAME    NUMBER
   6550      -1.3984E+05     1.0798E-01     3.9720E+00     C2        490

 BOND    =    10434.9662  ANGLE   =      165.7444  DIHED      =      964.4847
 VDWAALS =    26802.6530  EEL     =  -174689.1426  HBOND      =        0.0000
 1-4 VDW =      257.7356  1-4 EEL =    -3773.5353  RESTRAINT  =        0.0000


   NSTEP       ENERGY          RMS            GMAX         NAME    NUMBER
   6600      -1.3985E+05     2.1232E-01     1.5032E+01     C5'       728

 BOND    =    10429.3556  ANGLE   =      166.3472  DIHED      =      964.5828
 VDWAALS =    26812.2427  EEL     =  -174706.7021  HBOND      =        0.0000
 1-4 VDW =      257.7637  1-4 EEL =    -3773.7649  RESTRAINT  =        0.0000


   NSTEP       ENERGY          RMS            GMAX         NAME    NUMBER
   6650      -1.3986E+05     1.6276E-01     9.5287E+00     N3        178

 BOND    =    10435.9619  ANGLE   =      166.2866  DIHED      =      964.3112
 VDWAALS =    26822.7089  EEL     =  -174735.8528  HBOND      =        0.0000
 1-4 VDW =      257.8118  1-4 EEL =    -3773.6285  RESTRAINT  =        0.0000


   NSTEP       ENERGY          RMS            GMAX         NAME    NUMBER
   6700      -1.3987E+05     4.6590E-02     2.2525E+00     O       31201

 BOND    =    10435.8435  ANGLE   =      165.9684  DIHED      =      964.0708
 VDWAALS =    26827.5289  EEL     =  -174747.7846  HBOND      =        0.0000
 1-4 VDW =      257.6322  1-4 EEL =    -3773.3834  RESTRAINT  =        0.0000


   NSTEP       ENERGY          RMS            GMAX         NAME    NUMBER
   6750      -1.3991E+05     7.1238E-02     5.1338E+00     O        8974

 BOND    =    10440.4548  ANGLE   =      166.2499  DIHED      =      963.7244
 VDWAALS =    26853.2659  EEL     =  -174814.3960  HBOND      =        0.0000
 1-4 VDW =      257.6320  1-4 EEL =    -3773.2618  RESTRAINT  =        0.0000


   NSTEP       ENERGY          RMS            GMAX         NAME    NUMBER
   6800      -1.3992E+05     7.7855E-02     2.1973E+00     C2        180

 BOND    =    10442.4746  ANGLE   =      166.4183  DIHED      =      963.6635
 VDWAALS =    26859.5887  EEL     =  -174834.8392  HBOND      =        0.0000
 1-4 VDW =      257.6396  1-4 EEL =    -3773.2856  RESTRAINT  =        0.0000


   NSTEP       ENERGY          RMS            GMAX         NAME    NUMBER
   6850      -1.3993E+05     7.8920E-02     2.3650E+00     C2        180

 BOND    =    10443.9448  ANGLE   =      166.4476  DIHED      =      963.6209
 VDWAALS =    26865.8026  EEL     =  -174854.4003  HBOND      =        0.0000
 1-4 VDW =      257.6081  1-4 EEL =    -3773.3691  RESTRAINT  =        0.0000


   NSTEP       ENERGY          RMS            GMAX         NAME    NUMBER
   6900      -1.3994E+05     6.7550E-02     2.5110E+00     C6        577

 BOND    =    10445.5801  ANGLE   =      166.4944  DIHED      =      963.5749
 VDWAALS =    26874.5224  EEL     =  -174874.6184  HBOND      =        0.0000
 1-4 VDW =      257.5307  1-4 EEL =    -3773.4362  RESTRAINT  =        0.0000


   NSTEP       ENERGY          RMS            GMAX         NAME    NUMBER
   6950      -1.3995E+05     1.2227E-01     4.6689E+00     N1        168

 BOND    =    10445.8505  ANGLE   =      166.7654  DIHED      =      963.6664
 VDWAALS =    26883.5562  EEL     =  -174892.4247  HBOND      =        0.0000
 1-4 VDW =      257.5514  1-4 EEL =    -3773.3532  RESTRAINT  =        0.0000


   NSTEP       ENERGY          RMS            GMAX         NAME    NUMBER
   7000      -1.3996E+05     7.3667E-02     4.1524E+00     O        8338

 BOND    =    10448.5206  ANGLE   =      166.7551  DIHED      =      963.5556
 VDWAALS =    26890.9545  EEL     =  -174910.2558  HBOND      =        0.0000
 1-4 VDW =      257.5200  1-4 EEL =    -3773.5894  RESTRAINT  =        0.0000


   NSTEP       ENERGY          RMS            GMAX         NAME    NUMBER
   7050      -1.3996E+05     1.0092E-01     7.4703E+00     P         691

 BOND    =    10449.7636  ANGLE   =      167.1077  DIHED      =      963.5484
 VDWAALS =    26897.3996  EEL     =  -174925.5906  HBOND      =        0.0000
 1-4 VDW =      257.5691  1-4 EEL =    -3773.6682  RESTRAINT  =        0.0000


   NSTEP       ENERGY          RMS            GMAX         NAME    NUMBER
   7100      -1.3997E+05     1.0356E-01     8.1343E+00     P         691

 BOND    =    10450.9501  ANGLE   =      167.2705  DIHED      =      963.5564
 VDWAALS =    26904.3526  EEL     =  -174942.1084  HBOND      =        0.0000
 1-4 VDW =      257.5483  1-4 EEL =    -3773.7086  RESTRAINT  =        0.0000


   NSTEP       ENERGY          RMS            GMAX         NAME    NUMBER
   7150      -1.3998E+05     8.5427E-02     3.9299E+00     P         691

 BOND    =    10452.1500  ANGLE   =      167.1220  DIHED      =      963.5201
 VDWAALS =    26910.1595  EEL     =  -174955.9720  HBOND      =        0.0000
 1-4 VDW =      257.4289  1-4 EEL =    -3773.7867  RESTRAINT  =        0.0000


   NSTEP       ENERGY          RMS            GMAX         NAME    NUMBER
   7200      -1.3999E+05     8.3448E-02     3.7213E+00     P         691

 BOND    =    10454.2347  ANGLE   =      167.2614  DIHED      =      963.4992
 VDWAALS =    26918.2634  EEL     =  -174974.6777  HBOND      =        0.0000
 1-4 VDW =      257.4802  1-4 EEL =    -3773.9005  RESTRAINT  =        0.0000


   NSTEP       ENERGY          RMS            GMAX         NAME    NUMBER
   7250      -1.4000E+05     9.7662E-02     5.0736E+00     P         948

 BOND    =    10455.6245  ANGLE   =      167.4880  DIHED      =      963.4797
 VDWAALS =    26925.7800  EEL     =  -174991.7963  HBOND      =        0.0000
 1-4 VDW =      257.3911  1-4 EEL =    -3773.9080  RESTRAINT  =        0.0000


   NSTEP       ENERGY          RMS            GMAX         NAME    NUMBER
   7300      -1.4000E+05     8.8857E-02     4.8405E+00     P         691

 BOND    =    10457.1375  ANGLE   =      167.5845  DIHED      =      963.4511
 VDWAALS =    26932.3873  EEL     =  -175008.1181  HBOND      =        0.0000
 1-4 VDW =      257.3728  1-4 EEL =    -3773.9320  RESTRAINT  =        0.0000


   NSTEP       ENERGY          RMS            GMAX         NAME    NUMBER
   7350      -1.4001E+05     1.3021E-01     7.9362E+00     C6        169

 BOND    =    10459.1425  ANGLE   =      167.7378  DIHED      =      963.4297
 VDWAALS =    26938.7854  EEL     =  -175024.1277  HBOND      =        0.0000
 1-4 VDW =      257.3511  1-4 EEL =    -3774.0167  RESTRAINT  =        0.0000


   NSTEP       ENERGY          RMS            GMAX         NAME    NUMBER
   7400      -1.4002E+05     7.5497E-02     5.0009E+00     P         691

 BOND    =    10460.2934  ANGLE   =      167.7861  DIHED      =      963.4075
 VDWAALS =    26945.3226  EEL     =  -175040.3113  HBOND      =        0.0000
 1-4 VDW =      257.2916  1-4 EEL =    -3774.0042  RESTRAINT  =        0.0000


   NSTEP       ENERGY          RMS            GMAX         NAME    NUMBER
   7450      -1.4003E+05     6.7029E-02     4.0871E+00     P         691

 BOND    =    10462.1755  ANGLE   =      167.8207  DIHED      =      963.3929
 VDWAALS =    26952.2406  EEL     =  -175057.8401  HBOND      =        0.0000
 1-4 VDW =      257.2889  1-4 EEL =    -3774.0016  RESTRAINT  =        0.0000


   NSTEP       ENERGY          RMS            GMAX         NAME    NUMBER
   7500      -1.4004E+05     4.8120E-02     1.3720E+00     H1       8975

 BOND    =    10464.3405  ANGLE   =      167.9126  DIHED      =      963.3732
 VDWAALS =    26962.8228  EEL     =  -175082.1745  HBOND      =        0.0000
 1-4 VDW =      257.2536  1-4 EEL =    -3774.0304  RESTRAINT  =        0.0000


   NSTEP       ENERGY          RMS            GMAX         NAME    NUMBER
   7550      -1.4006E+05     1.3765E-01     1.2535E+01     H2       7518

 BOND    =    10468.1569  ANGLE   =      168.0511  DIHED      =      963.3948
 VDWAALS =    26980.6373  EEL     =  -175120.9973  HBOND      =        0.0000
 1-4 VDW =      257.0424  1-4 EEL =    -3773.9844  RESTRAINT  =        0.0000


   NSTEP       ENERGY          RMS            GMAX         NAME    NUMBER
   7600      -1.4007E+05     7.6855E-02     4.3986E+00     C7        172

 BOND    =    10469.7100  ANGLE   =      168.0632  DIHED      =      963.3901
 VDWAALS =    26986.4583  EEL     =  -175136.0771  HBOND      =        0.0000
 1-4 VDW =      257.0537  1-4 EEL =    -3773.9231  RESTRAINT  =        0.0000


   NSTEP       ENERGY          RMS            GMAX         NAME    NUMBER
   7650      -1.4007E+05     7.1772E-02     5.6728E+00     C7        172

 BOND    =    10471.9767  ANGLE   =      168.1113  DIHED      =      963.3499
 VDWAALS =    26993.5027  EEL     =  -175153.1756  HBOND      =        0.0000
 1-4 VDW =      257.1214  1-4 EEL =    -3773.9558  RESTRAINT  =        0.0000


   NSTEP       ENERGY          RMS            GMAX         NAME    NUMBER
   7700      -1.4008E+05     7.4844E-02     5.4282E+00     C7        172

 BOND    =    10474.6094  ANGLE   =      168.1654  DIHED      =      963.3253
 VDWAALS =    27000.1551  EEL     =  -175169.9705  HBOND      =        0.0000
 1-4 VDW =      257.0738  1-4 EEL =    -3773.9156  RESTRAINT  =        0.0000


   NSTEP       ENERGY          RMS            GMAX         NAME    NUMBER
   7750      -1.4009E+05     6.6989E-02     2.2343E+00     C4'       698

 BOND    =    10476.4204  ANGLE   =      168.2960  DIHED      =      963.3198
 VDWAALS =    27006.1541  EEL     =  -175184.3353  HBOND      =        0.0000
 1-4 VDW =      257.0261  1-4 EEL =    -3773.9597  RESTRAINT  =        0.0000


   NSTEP       ENERGY          RMS            GMAX         NAME    NUMBER
   7800      -1.4009E+05     8.2183E-02     3.1698E+00     C4        176

 BOND    =    10479.4161  ANGLE   =      168.4688  DIHED      =      963.3218
 VDWAALS =    27010.6908  EEL     =  -175197.9390  HBOND      =        0.0000
 1-4 VDW =      256.9950  1-4 EEL =    -3773.9600  RESTRAINT  =        0.0000


   NSTEP       ENERGY          RMS            GMAX         NAME    NUMBER
   7850      -1.4010E+05     1.1351E-01     4.6694E+00     C3'       718

 BOND    =    10478.8781  ANGLE   =      168.9675  DIHED      =      963.4226
 VDWAALS =    27016.1217  EEL     =  -175210.6180  HBOND      =        0.0000
 1-4 VDW =      256.9227  1-4 EEL =    -3774.5310  RESTRAINT  =        0.0000


   NSTEP       ENERGY          RMS            GMAX         NAME    NUMBER
   7900      -1.4011E+05     1.6018E-01     8.0043E+00     C2        712

 BOND    =    10479.2879  ANGLE   =      168.4771  DIHED      =      963.3471
 VDWAALS =    27022.7374  EEL     =  -175226.4352  HBOND      =        0.0000
 1-4 VDW =      257.0209  1-4 EEL =    -3774.4671  RESTRAINT  =        0.0000


   NSTEP       ENERGY          RMS            GMAX         NAME    NUMBER
   7950      -1.4012E+05     1.3442E-01     5.8680E+00     C4'       665

 BOND    =    10480.8424  ANGLE   =      168.8037  DIHED      =      963.3221
 VDWAALS =    27027.7236  EEL     =  -175241.8503  HBOND      =        0.0000
 1-4 VDW =      256.8162  1-4 EEL =    -3774.3574  RESTRAINT  =        0.0000


   NSTEP       ENERGY          RMS            GMAX         NAME    NUMBER
   8000      -1.4013E+05     1.0254E-01     4.1093E+00     C4        717

 BOND    =    10480.4421  ANGLE   =      168.6442  DIHED      =      963.2260
 VDWAALS =    27033.0473  EEL     =  -175255.5313  HBOND      =        0.0000
 1-4 VDW =      256.8479  1-4 EEL =    -3774.3483  RESTRAINT  =        0.0000


   NSTEP       ENERGY          RMS            GMAX         NAME    NUMBER
   8050      -1.4014E+05     5.0990E-02     1.9542E+00     O       10777

 BOND    =    10481.9283  ANGLE   =      168.8108  DIHED      =      963.2156
 VDWAALS =    27038.0811  EEL     =  -175270.4209  HBOND      =        0.0000
 1-4 VDW =      256.7760  1-4 EEL =    -3774.3417  RESTRAINT  =        0.0000


   NSTEP       ENERGY          RMS            GMAX         NAME    NUMBER
   8100      -1.4014E+05     5.0899E-02     1.5574E+00     C6       1026

 BOND    =    10483.2824  ANGLE   =      168.8316  DIHED      =      963.2250
 VDWAALS =    27043.1391  EEL     =  -175285.4185  HBOND      =        0.0000
 1-4 VDW =      256.7362  1-4 EEL =    -3774.3479  RESTRAINT  =        0.0000


   NSTEP       ENERGY          RMS            GMAX         NAME    NUMBER
   8150      -1.4015E+05     5.6507E-02     2.0789E+00     C3'       942

 BOND    =    10484.0573  ANGLE   =      168.9462  DIHED      =      963.2319
 VDWAALS =    27048.3352  EEL     =  -175300.9951  HBOND      =        0.0000
 1-4 VDW =      256.6672  1-4 EEL =    -3774.3708  RESTRAINT  =        0.0000


   NSTEP       ENERGY          RMS            GMAX         NAME    NUMBER
   8200      -1.4016E+05     5.9447E-02     2.3172E+00     C3'       942

 BOND    =    10485.1399  ANGLE   =      169.1030  DIHED      =      963.2486
 VDWAALS =    27052.7000  EEL     =  -175314.4365  HBOND      =        0.0000
 1-4 VDW =      256.6075  1-4 EEL =    -3774.4262  RESTRAINT  =        0.0000


   NSTEP       ENERGY          RMS            GMAX         NAME    NUMBER
   8250      -1.4017E+05     5.8960E-02     2.1560E+00     C3'       942

 BOND    =    10487.0674  ANGLE   =      169.1312  DIHED      =      963.2334
 VDWAALS =    27056.7252  EEL     =  -175327.3792  HBOND      =        0.0000
 1-4 VDW =      256.5935  1-4 EEL =    -3774.4273  RESTRAINT  =        0.0000


   NSTEP       ENERGY          RMS            GMAX         NAME    NUMBER
   8300      -1.4018E+05     6.0145E-02     2.0265E+00     C6       1026

 BOND    =    10487.8737  ANGLE   =      169.1737  DIHED      =      963.2043
 VDWAALS =    27060.8971  EEL     =  -175338.9067  HBOND      =        0.0000
 1-4 VDW =      256.6149  1-4 EEL =    -3774.4181  RESTRAINT  =        0.0000


   NSTEP       ENERGY          RMS            GMAX         NAME    NUMBER
   8350      -1.4019E+05     5.6847E-02     2.1793E+00     C6       1026

 BOND    =    10489.9883  ANGLE   =      169.2974  DIHED      =      963.1592
 VDWAALS =    27073.9702  EEL     =  -175367.1185  HBOND      =        0.0000
 1-4 VDW =      256.5635  1-4 EEL =    -3774.3898  RESTRAINT  =        0.0000


   NSTEP       ENERGY          RMS            GMAX         NAME    NUMBER
   8400      -1.4020E+05     4.5008E-02     1.9009E+00     H1      21035

 BOND    =    10491.6212  ANGLE   =      169.4022  DIHED      =      963.0908
 VDWAALS =    27083.0992  EEL     =  -175388.8474  HBOND      =        0.0000
 1-4 VDW =      256.5619  1-4 EEL =    -3774.4071  RESTRAINT  =        0.0000


   NSTEP       ENERGY          RMS            GMAX         NAME    NUMBER
   8450      -1.4021E+05     6.1114E-02     2.5780E+00     H2       8124

 BOND    =    10493.9514  ANGLE   =      169.4170  DIHED      =      963.0379
 VDWAALS =    27095.1002  EEL     =  -175414.5069  HBOND      =        0.0000
 1-4 VDW =      256.5735  1-4 EEL =    -3774.3906  RESTRAINT  =        0.0000


   NSTEP       ENERGY          RMS            GMAX         NAME    NUMBER
   8500      -1.4022E+05     1.0389E-01     4.7077E+00     P         948

 BOND    =    10495.9489  ANGLE   =      169.8350  DIHED      =      962.9668
 VDWAALS =    27106.1181  EEL     =  -175435.0091  HBOND      =        0.0000
 1-4 VDW =      256.5278  1-4 EEL =    -3774.3446  RESTRAINT  =        0.0000


   NSTEP       ENERGY          RMS            GMAX         NAME    NUMBER
   8550      -1.4022E+05     1.0211E-01     4.2548E+00     OP2       628

 BOND    =    10497.1220  ANGLE   =      169.9401  DIHED      =      962.8953
 VDWAALS =    27117.7359  EEL     =  -175454.7057  HBOND      =        0.0000
 1-4 VDW =      256.5161  1-4 EEL =    -3774.1292  RESTRAINT  =        0.0000


   NSTEP       ENERGY          RMS            GMAX         NAME    NUMBER
   8600      -1.4023E+05     1.1277E-01     4.6683E+00     OP2       628

 BOND    =    10499.2349  ANGLE   =      169.9821  DIHED      =      962.8649
 VDWAALS =    27127.6594  EEL     =  -175473.9618  HBOND      =        0.0000
 1-4 VDW =      256.5245  1-4 EEL =    -3774.0772  RESTRAINT  =        0.0000


   NSTEP       ENERGY          RMS            GMAX         NAME    NUMBER
   8650      -1.4024E+05     2.1171E-01     1.0141E+01     H1      16463

 BOND    =    10501.8664  ANGLE   =      170.7820  DIHED      =      962.8023
 VDWAALS =    27139.2729  EEL     =  -175498.8246  HBOND      =        0.0000
 1-4 VDW =      256.4805  1-4 EEL =    -3773.7719  RESTRAINT  =        0.0000


   NSTEP       ENERGY          RMS            GMAX         NAME    NUMBER
   8700      -1.4025E+05     1.6899E-01     7.3657E+00     H1      16463

 BOND    =    10503.3596  ANGLE   =      169.9072  DIHED      =      962.2177
 VDWAALS =    27145.3206  EEL     =  -175517.6596  HBOND      =        0.0000
 1-4 VDW =      256.5276  1-4 EEL =    -3774.4850  RESTRAINT  =        0.0000


   NSTEP       ENERGY          RMS            GMAX         NAME    NUMBER
   8750      -1.4026E+05     1.4787E-01     1.0562E+01     H1      16463

 BOND    =    10505.1593  ANGLE   =      169.2073  DIHED      =      962.4245
 VDWAALS =    27151.9494  EEL     =  -175535.8511  HBOND      =        0.0000
 1-4 VDW =      256.4735  1-4 EEL =    -3774.3410  RESTRAINT  =        0.0000


   NSTEP       ENERGY          RMS            GMAX         NAME    NUMBER
   8800      -1.4027E+05     1.0331E-01     4.2017E+00     P         915

 BOND    =    10505.9008  ANGLE   =      169.2901  DIHED      =      962.3937
 VDWAALS =    27157.1512  EEL     =  -175548.7118  HBOND      =        0.0000
 1-4 VDW =      256.4053  1-4 EEL =    -3774.3190  RESTRAINT  =        0.0000


   NSTEP       ENERGY          RMS            GMAX         NAME    NUMBER
   8850      -1.4028E+05     1.1860E-01     6.4222E+00     P         915

 BOND    =    10507.4054  ANGLE   =      169.2524  DIHED      =      962.4694
 VDWAALS =    27161.5883  EEL     =  -175562.2779  HBOND      =        0.0000
 1-4 VDW =      256.4024  1-4 EEL =    -3774.2389  RESTRAINT  =        0.0000


   NSTEP       ENERGY          RMS            GMAX         NAME    NUMBER
   8900      -1.4029E+05     1.1183E-01     6.4464E+00     P         915

 BOND    =    10507.7194  ANGLE   =      169.2477  DIHED      =      962.4733
 VDWAALS =    27165.4869  EEL     =  -175574.0562  HBOND      =        0.0000
 1-4 VDW =      256.4027  1-4 EEL =    -3774.1272  RESTRAINT  =        0.0000


   NSTEP       ENERGY          RMS            GMAX         NAME    NUMBER
   8950      -1.4029E+05     1.9969E-01     1.3819E+01     C2        180

 BOND    =    10507.3865  ANGLE   =      169.2357  DIHED      =      962.4939
 VDWAALS =    27167.2387  EEL     =  -175582.8792  HBOND      =        0.0000
 1-4 VDW =      256.5088  1-4 EEL =    -3774.0470  RESTRAINT  =        0.0000


   NSTEP       ENERGY          RMS            GMAX         NAME    NUMBER
   9000      -1.4030E+05     1.1727E-01     4.4856E+00     O        8830

 BOND    =    10507.8658  ANGLE   =      169.7458  DIHED      =      962.5208
 VDWAALS =    27167.9966  EEL     =  -175592.6493  HBOND      =        0.0000
 1-4 VDW =      256.3698  1-4 EEL =    -3774.0113  RESTRAINT  =        0.0000


   NSTEP       ENERGY          RMS            GMAX         NAME    NUMBER
   9050      -1.4031E+05     1.1789E-01     5.9865E+00     P         658

 BOND    =    10508.5081  ANGLE   =      170.0432  DIHED      =      962.5632
 VDWAALS =    27168.5979  EEL     =  -175601.6825  HBOND      =        0.0000
 1-4 VDW =      256.3334  1-4 EEL =    -3773.9950  RESTRAINT  =        0.0000


   NSTEP       ENERGY          RMS            GMAX         NAME    NUMBER
   9100      -1.4032E+05     9.4903E-02     4.0943E+00     P         658

 BOND    =    10509.6067  ANGLE   =      170.0272  DIHED      =      962.5811
 VDWAALS =    27169.6777  EEL     =  -175610.9964  HBOND      =        0.0000
 1-4 VDW =      256.3523  1-4 EEL =    -3774.0308  RESTRAINT  =        0.0000


   NSTEP       ENERGY          RMS            GMAX         NAME    NUMBER
   9150      -1.4032E+05     1.3441E-01     9.9888E+00     P         948

 BOND    =    10509.9922  ANGLE   =      170.4793  DIHED      =      962.6086
 VDWAALS =    27171.6941  EEL     =  -175619.6255  HBOND      =        0.0000
 1-4 VDW =      256.2740  1-4 EEL =    -3774.1240  RESTRAINT  =        0.0000


   NSTEP       ENERGY          RMS            GMAX         NAME    NUMBER
   9200      -1.4034E+05     2.7866E-01     1.7508E+01     H2      31164

 BOND    =    10517.8549  ANGLE   =      172.3068  DIHED      =      962.9401
 VDWAALS =    27180.0623  EEL     =  -175651.0838  HBOND      =        0.0000
 1-4 VDW =      256.3106  1-4 EEL =    -3774.2687  RESTRAINT  =        0.0000


   NSTEP       ENERGY          RMS            GMAX         NAME    NUMBER
   9250      -1.4035E+05     1.4066E-01     6.5614E+00     P         948

 BOND    =    10513.9555  ANGLE   =      170.5591  DIHED      =      962.4035
 VDWAALS =    27187.2262  EEL     =  -175665.9342  HBOND      =        0.0000
 1-4 VDW =      256.4762  1-4 EEL =    -3774.3801  RESTRAINT  =        0.0000


   NSTEP       ENERGY          RMS            GMAX         NAME    NUMBER
   9300      -1.4036E+05     9.9398E-02     5.5743E+00     C3'       718

 BOND    =    10514.9351  ANGLE   =      170.6029  DIHED      =      962.2415
 VDWAALS =    27190.4042  EEL     =  -175678.2426  HBOND      =        0.0000
 1-4 VDW =      256.4283  1-4 EEL =    -3774.4671  RESTRAINT  =        0.0000


   NSTEP       ENERGY          RMS            GMAX         NAME    NUMBER
   9350      -1.4037E+05     1.6222E-01     7.0234E+00     H1      16304

 BOND    =    10510.7250  ANGLE   =      170.6689  DIHED      =      962.0712
 VDWAALS =    27196.0108  EEL     =  -175687.3588  HBOND      =        0.0000
 1-4 VDW =      256.4286  1-4 EEL =    -3774.5629  RESTRAINT  =        0.0000


   NSTEP       ENERGY          RMS            GMAX         NAME    NUMBER
   9400      -1.4038E+05     9.6579E-02     5.3429E+00     H2      18618

 BOND    =    10518.1459  ANGLE   =      170.8323  DIHED      =      961.7083
 VDWAALS =    27205.2378  EEL     =  -175717.1447  HBOND      =        0.0000
 1-4 VDW =      256.5215  1-4 EEL =    -3774.7132  RESTRAINT  =        0.0000


   NSTEP       ENERGY          RMS            GMAX         NAME    NUMBER
   9450      -1.4039E+05     7.0103E-02     3.7753E+00     C7        172

 BOND    =    10518.1660  ANGLE   =      170.7999  DIHED      =      961.6108
 VDWAALS =    27208.1723  EEL     =  -175727.9097  HBOND      =        0.0000
 1-4 VDW =      256.5557  1-4 EEL =    -3774.6580  RESTRAINT  =        0.0000


   NSTEP       ENERGY          RMS            GMAX         NAME    NUMBER
   9500      -1.4039E+05     1.0502E-01     5.3921E+00     C4        717

 BOND    =    10519.3457  ANGLE   =      171.0898  DIHED      =      961.4918
 VDWAALS =    27211.0378  EEL     =  -175737.2399  HBOND      =        0.0000
 1-4 VDW =      256.5361  1-4 EEL =    -3774.5511  RESTRAINT  =        0.0000


   NSTEP       ENERGY          RMS            GMAX         NAME    NUMBER
   9550      -1.4040E+05     3.6200E-02     1.7469E+00     O       18616

 BOND    =    10520.1455  ANGLE   =      171.0725  DIHED      =      961.2879
 VDWAALS =    27215.6529  EEL     =  -175748.0918  HBOND      =        0.0000
 1-4 VDW =      256.6300  1-4 EEL =    -3774.6395  RESTRAINT  =        0.0000


   NSTEP       ENERGY          RMS            GMAX         NAME    NUMBER
   9600      -1.4041E+05     3.7350E-02     2.2092E+00     C4'       698

 BOND    =    10523.8019  ANGLE   =      171.6411  DIHED      =      960.9235
 VDWAALS =    27226.3507  EEL     =  -175775.0660  HBOND      =        0.0000
 1-4 VDW =      256.7673  1-4 EEL =    -3774.7931  RESTRAINT  =        0.0000


   NSTEP       ENERGY          RMS            GMAX         NAME    NUMBER
   9650      -1.4042E+05     5.6698E-02     4.2605E+00     C4'       698

 BOND    =    10525.5284  ANGLE   =      171.9082  DIHED      =      960.8753
 VDWAALS =    27235.4212  EEL     =  -175793.9864  HBOND      =        0.0000
 1-4 VDW =      256.8700  1-4 EEL =    -3774.9605  RESTRAINT  =        0.0000


   NSTEP       ENERGY          RMS            GMAX         NAME    NUMBER
   9700      -1.4042E+05     6.4481E-02     3.4470E+00     C2'       720

 BOND    =    10526.2068  ANGLE   =      171.9141  DIHED      =      960.9084
 VDWAALS =    27239.1780  EEL     =  -175804.4843  HBOND      =        0.0000
 1-4 VDW =      256.8918  1-4 EEL =    -3775.0140  RESTRAINT  =        0.0000


   NSTEP       ENERGY          RMS            GMAX         NAME    NUMBER
   9750      -1.4043E+05     5.1193E-02     2.6145E+00     C5'       695

 BOND    =    10528.7207  ANGLE   =      172.1059  DIHED      =      960.9531
 VDWAALS =    27245.8702  EEL     =  -175821.1524  HBOND      =        0.0000
 1-4 VDW =      256.8999  1-4 EEL =    -3774.8456  RESTRAINT  =        0.0000


   NSTEP       ENERGY          RMS            GMAX         NAME    NUMBER
   9800      -1.4044E+05     3.1506E-02     1.0225E+00     C2'       720

 BOND    =    10528.9536  ANGLE   =      172.0925  DIHED      =      960.9853
 VDWAALS =    27250.4743  EEL     =  -175829.6908  HBOND      =        0.0000
 1-4 VDW =      256.9634  1-4 EEL =    -3774.8340  RESTRAINT  =        0.0000


   NSTEP       ENERGY          RMS            GMAX         NAME    NUMBER
   9850      -1.4044E+05     4.8060E-02     4.7238E+00     P         691

 BOND    =    10528.8526  ANGLE   =      172.1001  DIHED      =      961.0094
 VDWAALS =    27253.3185  EEL     =  -175835.5768  HBOND      =        0.0000
 1-4 VDW =      256.9747  1-4 EEL =    -3774.8982  RESTRAINT  =        0.0000


   NSTEP       ENERGY          RMS            GMAX         NAME    NUMBER
   9900      -1.4044E+05     3.0463E-02     1.0927E+00     C7        172

 BOND    =    10531.0471  ANGLE   =      172.1848  DIHED      =      961.0832
 VDWAALS =    27257.0006  EEL     =  -175846.5349  HBOND      =        0.0000
 1-4 VDW =      257.0485  1-4 EEL =    -3774.8951  RESTRAINT  =        0.0000


   NSTEP       ENERGY          RMS            GMAX         NAME    NUMBER
   9950      -1.4045E+05     3.1573E-02     1.8266E+00     C2        180

 BOND    =    10532.7236  ANGLE   =      172.2908  DIHED      =      961.2258
 VDWAALS =    27263.0953  EEL     =  -175862.1668  HBOND      =        0.0000
 1-4 VDW =      257.1741  1-4 EEL =    -3774.9095  RESTRAINT  =        0.0000


   NSTEP       ENERGY          RMS            GMAX         NAME    NUMBER
  10000      -1.4047E+05     8.6636E-02     9.7650E+00     H2      24900

 BOND    =    10533.4542  ANGLE   =      172.6402  DIHED      =      961.5683
 VDWAALS =    27272.7342  EEL     =  -175890.0586  HBOND      =        0.0000
 1-4 VDW =      257.3293  1-4 EEL =    -3775.1203  RESTRAINT  =        0.0000


  Maximum number of minimization cycles reached.


                    FINAL RESULTS



   NSTEP       ENERGY          RMS            GMAX         NAME    NUMBER
  10000      -1.4047E+05     8.6636E-02     9.7650E+00     H2      24900

 BOND    =    10533.4542  ANGLE   =      172.6402  DIHED      =      961.5683
 VDWAALS =    27272.7342  EEL     =  -175890.0586  HBOND      =        0.0000
 1-4 VDW =      257.3293  1-4 EEL =    -3775.1203  RESTRAINT  =        0.0000
--------------------------------------------------------------------------------
   5.  TIMINGS
--------------------------------------------------------------------------------

|  NonSetup CPU Time in Major Routines:
|
|     Routine           Sec        %
|     ------------------------------
|     Nonbond          12.63   39.90
|     Bond              0.00    0.00
|     Angle             0.00    0.00
|     Dihedral          0.00    0.00
|     Shake             0.00    0.00
|     Other            19.03   60.10
|     ------------------------------
|     Total            31.66

|  PME Nonbond Pairlist CPU Time:
|
|     Routine              Sec        %
|     ---------------------------------
|     Set Up Cit           0.00    0.00
|     Build List           0.00    0.00
|     ---------------------------------
|     Total                0.00    0.00

|  PME Direct Force CPU Time:
|
|     Routine              Sec        %
|     ---------------------------------
|     NonBonded Calc       0.00    0.00
|     Exclude Masked       0.00    0.00
|     Other                0.02    0.05
|     ---------------------------------
|     Total                0.02    0.05

|  PME Reciprocal Force CPU Time:
|
|     Routine              Sec        %
|     ---------------------------------
|     1D bspline           0.00    0.00
|     Grid Charges         0.00    0.00
|     Scalar Sum           0.00    0.00
|     Gradient Sum         0.00    0.00
|     FFT                  0.00    0.00
|     ---------------------------------
|     Total                0.00    0.00

|  Setup CPU time:            2.47 seconds
|  NonSetup CPU time:        31.66 seconds
|  Total CPU time:           34.13 seconds     0.01 hours

|  Setup wall time:           5    seconds
|  NonSetup wall time:       63    seconds
|  Total wall time:          68    seconds     0.02 hours
