
          -------------------------------------------------------
          Amber 16 PMEMD                              2016
          -------------------------------------------------------

| PMEMD implementation of SANDER, Release 16

| Run on 01/29/2021 at 21:55:22

|   Executable path: pmemd.cuda
| Working directory: /home/kyq/T7RNADNA/4/nLA4
|          Hostname: gpu01

  [-O]verwriting output

File Assignments:
|   MDIN: min2.in                                                               
|  MDOUT: cmp_min2.out                                                          
| INPCRD: cmp_min1.rst                                                          
|   PARM: cmp.prmtop                                                            
| RESTRT: cmp_min2.rst                                                          
|   REFC: cmp.inpcrd                                                            
|  MDVEL: mdvel                                                                 
|   MDEN: mden                                                                  
|  MDCRD: mdcrd                                                                 
| MDINFO: mdinfo                                                                
|  MDFRC: mdfrc                                                                 

 
 Here is the input file:
 
Initial minimisation of our structures                                         
 &cntrl                                                                        
  imin=1, maxcyc=10000, ncyc=5000,                                             
  cut=10, ntb=1,ntr=1,                                                         
  restraint_wt=2.0                                                             
  restraintmask=':1-34@C5'                                                     
                                                                               
/                                                                              


Note: ig = -1. Setting random seed to   949976 based on wallclock time in 
      microseconds.
 
|--------------------- INFORMATION ----------------------
| GPU (CUDA) Version of PMEMD in use: NVIDIA GPU IN USE.
|                    Version 16.0.0
| 
|                      02/25/2016
| 
| Implementation by:
|                    Ross C. Walker     (SDSC)
|                    Scott Le Grand     (nVIDIA)
| 
| Precision model in use:
|      [SPFP] - Single Precision Forces, 64-bit Fixed Point
|               Accumulation. (Default)
| 
|--------------------------------------------------------
 
|----------------- CITATION INFORMATION -----------------
|
|    When publishing work that utilized the CUDA version
|    of AMBER, please cite the following in addition to
|    the regular AMBER citations:
|
|  - Romelia Salomon-Ferrer; Andreas W. Goetz; Duncan
|    Poole; Scott Le Grand; Ross C. Walker "Routine
|    microsecond molecular dynamics simulations with
|    AMBER - Part II: Particle Mesh Ewald", J. Chem.
|    Theory Comput., 2013, 9 (9), pp3878-3888,
|    DOI: 10.1021/ct400314y.
|
|  - Andreas W. Goetz; Mark J. Williamson; Dong Xu;
|    Duncan Poole; Scott Le Grand; Ross C. Walker
|    "Routine microsecond molecular dynamics simulations
|    with AMBER - Part I: Generalized Born", J. Chem.
|    Theory Comput., 2012, 8 (5), pp1542-1555.
|
|  - Scott Le Grand; Andreas W. Goetz; Ross C. Walker
|    "SPFP: Speed without compromise - a mixed precision
|    model for GPU accelerated molecular dynamics
|    simulations.", Comp. Phys. Comm., 2013, 184
|    pp374-380, DOI: 10.1016/j.cpc.2012.09.022
|
|--------------------------------------------------------
 
|------------------- GPU DEVICE INFO --------------------
|
|            CUDA_VISIBLE_DEVICES: 0
|   CUDA Capable Devices Detected:      1
|           CUDA Device ID in use:      0
|                CUDA Device Name: Tesla P100-PCIE-16GB
|     CUDA Device Global Mem Size:  16276 MB
| CUDA Device Num Multiprocessors:     56
|           CUDA Device Core Freq:   1.33 GHz
|
|--------------------------------------------------------
 
 
| Conditional Compilation Defines Used:
| PUBFFT
| BINTRAJ
| CUDA
| EMIL
 
| Largest sphere to fit in unit cell has radius =    34.895

| New format PARM file being parsed.
| Version =    1.000 Date = 01/29/21 Time = 10:43:10

| Note: 1-4 EEL scale factors are being read from the topology file.

| Note: 1-4 VDW scale factors are being read from the topology file.
| Duplicated    0 dihedrals

| Duplicated    0 dihedrals

--------------------------------------------------------------------------------
   1.  RESOURCE   USE: 
--------------------------------------------------------------------------------

 getting box info from netcdf restart file
 NATOM  =   43051 NTYPES =      18 NBONH =   42315 MBONA  =     787
 NTHETH =     879 MTHETA =    1217 NPHIH =    1867 MPHIA  =    2445
 NHPARM =       0 NPARM  =       0 NNB   =   61979 NRES   =   14045
 NBONA  =     787 NTHETA =    1217 NPHIA =    2445 NUMBND =      73
 NUMANG =     152 NPTRA  =      87 NATYP =      37 NPHB   =       1
 IFBOX  =       2 NMXRS  =      34 IFCAP =       0 NEXTRA =       0
 NCOPY  =       0

| Coordinate Index Table dimensions:    13   13   13
| Direct force subcell size =     6.5749    6.5749    6.5749

     BOX TYPE: TRUNCATED OCTAHEDRON

--------------------------------------------------------------------------------
   2.  CONTROL  DATA  FOR  THE  RUN
--------------------------------------------------------------------------------

default_name                                                                    

General flags:
     imin    =       1, nmropt  =       0

Nature and format of input:
     ntx     =       1, irest   =       0, ntrx    =       1

Nature and format of output:
     ntxo    =       2, ntpr    =      50, ntrx    =       1, ntwr    =       1
     iwrap   =       0, ntwx    =       0, ntwv    =       0, ntwe    =       0
     ioutfm  =       1, ntwprt  =       0, idecomp =       0, rbornstat=      0

Potential function:
     ntf     =       1, ntb     =       1, igb     =       0, nsnb    =      25
     ipol    =       0, gbsa    =       0, iesp    =       0
     dielc   =   1.00000, cut     =  10.00000, intdiel =   1.00000

Frozen or restrained atoms:
     ibelly  =       0, ntr     =       1
     restraint_wt =   2.00000

Energy minimization:
     maxcyc  =   10000, ncyc    =    5000, ntmin   =       1
     dx0     =   0.01000, drms    =   0.00010

| Intermolecular bonds treatment:
|     no_intermolecular_bonds =       1

| Energy averages sample interval:
|     ene_avg_sampling =       1

Ewald parameters:
     verbose =       0, ew_type =       0, nbflag  =       1, use_pme =       1
     vdwmeth =       1, eedmeth =       1, netfrc  =       0
     Box X =   85.474   Box Y =   85.474   Box Z =   85.474
     Alpha =  109.471   Beta  =  109.471   Gamma =  109.471
     NFFT1 =   96       NFFT2 =   96       NFFT3 =   96
     Cutoff=   10.000   Tol   =0.100E-04
     Ewald Coefficient =  0.27511
     Interpolation order =    4

    LOADING THE CONSTRAINED ATOMS AS GROUPS


   5.  REFERENCE ATOM COORDINATES

  default_name                                                                    
     Mask :1-34@C5; matches    34 atoms

--------------------------------------------------------------------------------
   3.  ATOMIC COORDINATES AND VELOCITIES
--------------------------------------------------------------------------------

default_name                                                                    
 begin time read from input coords =     0.000 ps

 
 Number of triangulated 3-point waters found:    13979

     Sum of charges from parm topology file =   0.00000012
     Forcing neutrality...

| Dynamic Memory, Types Used:
| Reals             1264499
| Integers          1059959

| Nonbonded Pairs Initial Allocation:    13021851

| GPU memory information (estimate):
| KB of GPU memory in use:    261444
| KB of CPU memory in use:     77736

--------------------------------------------------------------------------------
   4.  RESULTS
--------------------------------------------------------------------------------

 ---------------------------------------------------
 APPROXIMATING switch and d/dx switch using CUBIC SPLINE INTERPOLATION
 using   5000.0 points per unit in tabled values
 TESTING RELATIVE ERROR over r ranging from 0.0 to cutoff
| CHECK switch(x): max rel err =   0.3316E-14   at   2.351880
| CHECK d/dx switch(x): max rel err =   0.8066E-11   at   2.747240
 ---------------------------------------------------
|---------------------------------------------------
| APPROXIMATING direct energy using CUBIC SPLINE INTERPOLATION
|  with   50.0 points per unit in tabled values
| Relative Error Limit not exceeded for r .gt.   2.34
| APPROXIMATING direct force using CUBIC SPLINE INTERPOLATION
|  with   50.0 points per unit in tabled values
| Relative Error Limit not exceeded for r .gt.   2.81
|---------------------------------------------------


   NSTEP       ENERGY          RMS            GMAX         NAME    NUMBER
      1      -1.8709E+05     1.4466E-01     7.2712E+00     HO2'     1016

 BOND    =    13978.0273  ANGLE   =      235.6131  DIHED      =      823.1601
 VDWAALS =    35461.5283  EEL     =  -234183.3431  HBOND      =        0.0000
 1-4 VDW =      257.5864  1-4 EEL =    -3661.8278  RESTRAINT  =        1.4821
 EAMBER  =  -187089.2557


   NSTEP       ENERGY          RMS            GMAX         NAME    NUMBER
     50      -1.8712E+05     7.3310E-02     3.1588E+00     HO2'      982

 BOND    =    13975.8334  ANGLE   =      234.2189  DIHED      =      820.3529
 VDWAALS =    35472.4240  EEL     =  -234221.4167  HBOND      =        0.0000
 1-4 VDW =      257.3817  1-4 EEL =    -3661.4768  RESTRAINT  =        1.7310
 EAMBER  =  -187122.6826


   NSTEP       ENERGY          RMS            GMAX         NAME    NUMBER
    100      -1.8714E+05     2.0365E-01     1.2539E+01     H1      15021

 BOND    =    13959.9747  ANGLE   =      233.8975  DIHED      =      818.2031
 VDWAALS =    35482.5630  EEL     =  -234235.3468  HBOND      =        0.0000
 1-4 VDW =      257.2735  1-4 EEL =    -3660.0794  RESTRAINT  =        1.9400
 EAMBER  =  -187143.5144


   NSTEP       ENERGY          RMS            GMAX         NAME    NUMBER
    150      -1.8716E+05     6.1206E-02     3.0944E+00     HO2'      725

 BOND    =    13984.3908  ANGLE   =      233.5047  DIHED      =      816.3354
 VDWAALS =    35491.8341  EEL     =  -234287.0756  HBOND      =        0.0000
 1-4 VDW =      257.2017  1-4 EEL =    -3659.0031  RESTRAINT  =        2.1215
 EAMBER  =  -187162.8120


   NSTEP       ENERGY          RMS            GMAX         NAME    NUMBER
    200      -1.8718E+05     1.6243E-01     2.9486E+01     P          94

 BOND    =    13990.9852  ANGLE   =      233.1347  DIHED      =      814.5028
 VDWAALS =    35501.0973  EEL     =  -234319.4907  HBOND      =        0.0000
 1-4 VDW =      257.1384  1-4 EEL =    -3657.9471  RESTRAINT  =        2.2997
 EAMBER  =  -187180.5795


   NSTEP       ENERGY          RMS            GMAX         NAME    NUMBER
    250      -1.8720E+05     2.3824E-01     4.0888E+01     P          94

 BOND    =    13987.5357  ANGLE   =      232.5444  DIHED      =      812.9289
 VDWAALS =    35510.0628  EEL     =  -234341.6310  HBOND      =        0.0000
 1-4 VDW =      257.0480  1-4 EEL =    -3656.7505  RESTRAINT  =        2.4696
 EAMBER  =  -187198.2616


   NSTEP       ENERGY          RMS            GMAX         NAME    NUMBER
    300      -1.8721E+05     9.2897E-02     1.2734E+01     P         156

 BOND    =    13988.3560  ANGLE   =      231.5864  DIHED      =      811.7639
 VDWAALS =    35518.9411  EEL     =  -234369.2500  HBOND      =        0.0000
 1-4 VDW =      257.0342  1-4 EEL =    -3655.4011  RESTRAINT  =        2.6310
 EAMBER  =  -187216.9695


   NSTEP       ENERGY          RMS            GMAX         NAME    NUMBER
    350      -1.8723E+05     2.0109E-01     3.6573E+01     P         156

 BOND    =    13990.8229  ANGLE   =      231.2909  DIHED      =      810.8558
 VDWAALS =    35528.0593  EEL     =  -234395.7292  HBOND      =        0.0000
 1-4 VDW =      256.9567  1-4 EEL =    -3654.4130  RESTRAINT  =        2.7773
 EAMBER  =  -187232.1566


   NSTEP       ENERGY          RMS            GMAX         NAME    NUMBER
    400      -1.8724E+05     5.4960E-02     3.4022E+00     P         156

 BOND    =    13992.5143  ANGLE   =      230.7832  DIHED      =      810.1008
 VDWAALS =    35536.6881  EEL     =  -234420.1231  HBOND      =        0.0000
 1-4 VDW =      256.6798  1-4 EEL =    -3653.8642  RESTRAINT  =        2.9076
 EAMBER  =  -187247.2211


   NSTEP       ENERGY          RMS            GMAX         NAME    NUMBER
    450      -1.8726E+05     5.3739E-02     3.1665E+00     HO2'      725

 BOND    =    13994.4684  ANGLE   =      230.6872  DIHED      =      809.3283
 VDWAALS =    35545.4086  EEL     =  -234444.1966  HBOND      =        0.0000
 1-4 VDW =      256.5722  1-4 EEL =    -3653.3136  RESTRAINT  =        3.0401
 EAMBER  =  -187261.0455


   NSTEP       ENERGY          RMS            GMAX         NAME    NUMBER
    500      -1.8727E+05     5.3292E-02     3.8417E+00     HO2'      725

 BOND    =    13996.4196  ANGLE   =      230.5927  DIHED      =      808.6753
 VDWAALS =    35553.6240  EEL     =  -234466.9755  HBOND      =        0.0000
 1-4 VDW =      256.4644  1-4 EEL =    -3652.7949  RESTRAINT  =        3.1644
 EAMBER  =  -187273.9944


   NSTEP       ENERGY          RMS            GMAX         NAME    NUMBER
    550      -1.8728E+05     1.5954E-01     1.1576E+01     C4        455

 BOND    =    13998.3677  ANGLE   =      230.6898  DIHED      =      808.0416
 VDWAALS =    35562.0308  EEL     =  -234490.1395  HBOND      =        0.0000
 1-4 VDW =      256.4698  1-4 EEL =    -3652.2056  RESTRAINT  =        3.2912
 EAMBER  =  -187286.7453


   NSTEP       ENERGY          RMS            GMAX         NAME    NUMBER
    600      -1.8730E+05     6.6571E-02     3.9320E+00     C4        455

 BOND    =    14000.6562  ANGLE   =      230.3443  DIHED      =      807.4129
 VDWAALS =    35570.0777  EEL     =  -234512.9012  HBOND      =        0.0000
 1-4 VDW =      256.2308  1-4 EEL =    -3651.6238  RESTRAINT  =        3.4014
 EAMBER  =  -187299.8031


   NSTEP       ENERGY          RMS            GMAX         NAME    NUMBER
    650      -1.8731E+05     1.1851E-01     8.9793E+00     C4        455

 BOND    =    14003.1719  ANGLE   =      230.2908  DIHED      =      806.8066
 VDWAALS =    35578.1039  EEL     =  -234534.8570  HBOND      =        0.0000
 1-4 VDW =      256.0704  1-4 EEL =    -3651.1312  RESTRAINT  =        3.5119
 EAMBER  =  -187311.5446


   NSTEP       ENERGY          RMS            GMAX         NAME    NUMBER
    700      -1.8732E+05     1.9729E-01     1.5002E+01     C6        295

 BOND    =    14005.3081  ANGLE   =      230.6549  DIHED      =      806.3301
 VDWAALS =    35585.7185  EEL     =  -234555.3396  HBOND      =        0.0000
 1-4 VDW =      255.8855  1-4 EEL =    -3650.7842  RESTRAINT  =        3.6136
 EAMBER  =  -187322.2266


   NSTEP       ENERGY          RMS            GMAX         NAME    NUMBER
    750      -1.8733E+05     7.5132E-02     4.3765E+00     C4        455

 BOND    =    14005.7455  ANGLE   =      230.7351  DIHED      =      805.9487
 VDWAALS =    35593.1081  EEL     =  -234574.7740  HBOND      =        0.0000
 1-4 VDW =      256.0000  1-4 EEL =    -3650.4717  RESTRAINT  =        3.7313
 EAMBER  =  -187333.7083


   NSTEP       ENERGY          RMS            GMAX         NAME    NUMBER
    800      -1.8734E+05     4.7485E-02     1.4889E+00     H2      17053

 BOND    =    14007.9809  ANGLE   =      230.5558  DIHED      =      805.6273
 VDWAALS =    35600.2814  EEL     =  -234594.4733  HBOND      =        0.0000
 1-4 VDW =      255.8652  1-4 EEL =    -3650.1993  RESTRAINT  =        3.8342
 EAMBER  =  -187344.3621


   NSTEP       ENERGY          RMS            GMAX         NAME    NUMBER
    850      -1.8735E+05     8.2150E-02     5.2987E+00     C2        460

 BOND    =    14010.1693  ANGLE   =      230.4678  DIHED      =      805.3466
 VDWAALS =    35607.3128  EEL     =  -234613.7124  HBOND      =        0.0000
 1-4 VDW =      255.7456  1-4 EEL =    -3649.9848  RESTRAINT  =        3.9367
 EAMBER  =  -187354.6550


   NSTEP       ENERGY          RMS            GMAX         NAME    NUMBER
    900      -1.8736E+05     1.2884E-01     8.4939E+00     C2        460

 BOND    =    14012.4073  ANGLE   =      230.3735  DIHED      =      805.1045
 VDWAALS =    35614.0242  EEL     =  -234632.2414  HBOND      =        0.0000
 1-4 VDW =      255.6309  1-4 EEL =    -3649.7969  RESTRAINT  =        4.0363
 EAMBER  =  -187364.4979


   NSTEP       ENERGY          RMS            GMAX         NAME    NUMBER
    950      -1.8737E+05     1.8652E-01     1.2133E+01     C4         57

 BOND    =    14014.7633  ANGLE   =      230.3946  DIHED      =      804.8902
 VDWAALS =    35620.5909  EEL     =  -234650.4775  HBOND      =        0.0000
 1-4 VDW =      255.4667  1-4 EEL =    -3649.6457  RESTRAINT  =        4.1318
 EAMBER  =  -187374.0175


   NSTEP       ENERGY          RMS            GMAX         NAME    NUMBER
   1000      -1.8738E+05     1.1897E-01     1.0007E+01     C6         48

 BOND    =    14014.1389  ANGLE   =      231.2173  DIHED      =      804.6920
 VDWAALS =    35627.6582  EEL     =  -234668.2632  HBOND      =        0.0000
 1-4 VDW =      255.5060  1-4 EEL =    -3649.5562  RESTRAINT  =        4.2472
 EAMBER  =  -187384.6069


   NSTEP       ENERGY          RMS            GMAX         NAME    NUMBER
   1050      -1.8739E+05     1.6418E-01     1.2410E+01     C6         48

 BOND    =    14015.6513  ANGLE   =      231.4929  DIHED      =      804.5177
 VDWAALS =    35634.4419  EEL     =  -234685.8937  HBOND      =        0.0000
 1-4 VDW =      255.4395  1-4 EEL =    -3649.4564  RESTRAINT  =        4.3487
 EAMBER  =  -187393.8068


   NSTEP       ENERGY          RMS            GMAX         NAME    NUMBER
   1100      -1.8740E+05     6.6077E-02     4.2925E+00     C6         48

 BOND    =    14018.4393  ANGLE   =      230.6657  DIHED      =      804.3572
 VDWAALS =    35641.1817  EEL     =  -234704.1408  HBOND      =        0.0000
 1-4 VDW =      255.3259  1-4 EEL =    -3649.3234  RESTRAINT  =        4.4414
 EAMBER  =  -187403.4944


   NSTEP       ENERGY          RMS            GMAX         NAME    NUMBER
   1150      -1.8741E+05     1.5974E-01     1.3158E+01     C2        460

 BOND    =    14021.1050  ANGLE   =      230.4402  DIHED      =      804.2101
 VDWAALS =    35648.0936  EEL     =  -234721.9140  HBOND      =        0.0000
 1-4 VDW =      255.2621  1-4 EEL =    -3649.2407  RESTRAINT  =        4.5394
 EAMBER  =  -187412.0438


   NSTEP       ENERGY          RMS            GMAX         NAME    NUMBER
   1200      -1.8742E+05     4.3706E-02     1.6748E+00     C2        460

 BOND    =    14021.1427  ANGLE   =      230.9481  DIHED      =      804.0826
 VDWAALS =    35654.6996  EEL     =  -234737.8620  HBOND      =        0.0000
 1-4 VDW =      255.1911  1-4 EEL =    -3649.1192  RESTRAINT  =        4.6412
 EAMBER  =  -187420.9171


   NSTEP       ENERGY          RMS            GMAX         NAME    NUMBER
   1250      -1.8742E+05     1.2973E-01     1.0710E+01     C2        460

 BOND    =    14022.6010  ANGLE   =      231.0609  DIHED      =      803.9612
 VDWAALS =    35661.3530  EEL     =  -234754.4325  HBOND      =        0.0000
 1-4 VDW =      255.2271  1-4 EEL =    -3648.9338  RESTRAINT  =        4.7499
 EAMBER  =  -187429.1629


   NSTEP       ENERGY          RMS            GMAX         NAME    NUMBER
   1300      -1.8743E+05     5.7255E-02     3.9874E+00     C2        460

 BOND    =    14024.4987  ANGLE   =      230.9676  DIHED      =      803.8538
 VDWAALS =    35667.6902  EEL     =  -234770.7174  HBOND      =        0.0000
 1-4 VDW =      255.0286  1-4 EEL =    -3648.9676  RESTRAINT  =        4.8320
 EAMBER  =  -187437.6460


   NSTEP       ENERGY          RMS            GMAX         NAME    NUMBER
   1350      -1.8744E+05     1.0814E-01     8.7663E+00     C6         48

 BOND    =    14026.5918  ANGLE   =      230.7215  DIHED      =      803.7537
 VDWAALS =    35673.9823  EEL     =  -234787.1088  HBOND      =        0.0000
 1-4 VDW =      255.0247  1-4 EEL =    -3648.8519  RESTRAINT  =        4.9304
 EAMBER  =  -187445.8867


   NSTEP       ENERGY          RMS            GMAX         NAME    NUMBER
   1400      -1.8745E+05     4.5449E-02     2.2198E+00     C2        460

 BOND    =    14027.1138  ANGLE   =      231.1258  DIHED      =      803.6634
 VDWAALS =    35680.0581  EEL     =  -234802.3591  HBOND      =        0.0000
 1-4 VDW =      254.9626  1-4 EEL =    -3648.7192  RESTRAINT  =        5.0291
 EAMBER  =  -187454.1546


   NSTEP       ENERGY          RMS            GMAX         NAME    NUMBER
   1450      -1.8746E+05     8.3676E-02     6.9643E+00     C2        460

 BOND    =    14028.3071  ANGLE   =      231.3092  DIHED      =      803.5806
 VDWAALS =    35686.0607  EEL     =  -234817.8230  HBOND      =        0.0000
 1-4 VDW =      254.9367  1-4 EEL =    -3648.5897  RESTRAINT  =        5.1271
 EAMBER  =  -187462.2184


   NSTEP       ENERGY          RMS            GMAX         NAME    NUMBER
   1500      -1.8746E+05     1.4815E-01     1.4375E+01     C6         48

 BOND    =    14030.0698  ANGLE   =      231.1302  DIHED      =      803.5045
 VDWAALS =    35691.9019  EEL     =  -234833.3301  HBOND      =        0.0000
 1-4 VDW =      255.0095  1-4 EEL =    -3648.3887  RESTRAINT  =        5.2294
 EAMBER  =  -187470.1029


   NSTEP       ENERGY          RMS            GMAX         NAME    NUMBER
   1550      -1.8747E+05     6.2984E-02     4.6151E+00     C2        460

 BOND    =    14031.7109  ANGLE   =      231.0861  DIHED      =      803.4355
 VDWAALS =    35697.7065  EEL     =  -234848.8980  HBOND      =        0.0000
 1-4 VDW =      254.8056  1-4 EEL =    -3648.4383  RESTRAINT  =        5.3057
 EAMBER  =  -187478.5916


   NSTEP       ENERGY          RMS            GMAX         NAME    NUMBER
   1600      -1.8748E+05     1.0735E-01     8.4594E+00     C2        460

 BOND    =    14033.2347  ANGLE   =      231.2664  DIHED      =      803.3706
 VDWAALS =    35703.4603  EEL     =  -234864.2067  HBOND      =        0.0000
 1-4 VDW =      254.6853  1-4 EEL =    -3648.3844  RESTRAINT  =        5.3922
 EAMBER  =  -187486.5739


   NSTEP       ENERGY          RMS            GMAX         NAME    NUMBER
   1650      -1.8749E+05     1.6109E-01     1.2796E+01     C2        460

 BOND    =    14035.4590  ANGLE   =      230.8616  DIHED      =      803.3108
 VDWAALS =    35709.1148  EEL     =  -234879.9062  HBOND      =        0.0000
 1-4 VDW =      254.7294  1-4 EEL =    -3648.2050  RESTRAINT  =        5.4866
 EAMBER  =  -187494.6355


   NSTEP       ENERGY          RMS            GMAX         NAME    NUMBER
   1700      -1.8750E+05     6.6495E-02     4.6020E+00     C2        460

 BOND    =    14035.1774  ANGLE   =      231.4014  DIHED      =      803.2516
 VDWAALS =    35715.0162  EEL     =  -234895.1928  HBOND      =        0.0000
 1-4 VDW =      254.7363  1-4 EEL =    -3648.0151  RESTRAINT  =        5.5907
 EAMBER  =  -187503.6249


   NSTEP       ENERGY          RMS            GMAX         NAME    NUMBER
   1750      -1.8751E+05     1.3393E-01     1.2021E+01     C6         48

 BOND    =    14035.9724  ANGLE   =      232.0742  DIHED      =      803.1962
 VDWAALS =    35720.9614  EEL     =  -234910.7733  HBOND      =        0.0000
 1-4 VDW =      254.6108  1-4 EEL =    -3647.9392  RESTRAINT  =        5.6793
 EAMBER  =  -187511.8974


   NSTEP       ENERGY          RMS            GMAX         NAME    NUMBER
   1800      -1.8751E+05     6.8300E-02     5.2274E+00     C2        460

 BOND    =    14038.1368  ANGLE   =      231.5265  DIHED      =      803.1463
 VDWAALS =    35726.8243  EEL     =  -234927.0209  HBOND      =        0.0000
 1-4 VDW =      254.5850  1-4 EEL =    -3647.8647  RESTRAINT  =        5.7618
 EAMBER  =  -187520.6667


   NSTEP       ENERGY          RMS            GMAX         NAME    NUMBER
   1850      -1.8752E+05     1.2863E-01     1.2341E+01     C6         48

 BOND    =    14040.1038  ANGLE   =      231.3069  DIHED      =      803.0957
 VDWAALS =    35733.0331  EEL     =  -234943.7037  HBOND      =        0.0000
 1-4 VDW =      254.6344  1-4 EEL =    -3647.7075  RESTRAINT  =        5.8552
 EAMBER  =  -187529.2373


   NSTEP       ENERGY          RMS            GMAX         NAME    NUMBER
   1900      -1.8753E+05     1.8292E-01     1.9983E+01     C6         48

 BOND    =    14041.0435  ANGLE   =      232.2538  DIHED      =      803.0449
 VDWAALS =    35739.4886  EEL     =  -234959.7245  HBOND      =        0.0000
 1-4 VDW =      254.3842  1-4 EEL =    -3647.7667  RESTRAINT  =        5.9301
 EAMBER  =  -187537.2762


   NSTEP       ENERGY          RMS            GMAX         NAME    NUMBER
   1950      -1.8754E+05     9.6503E-02     9.1101E+00     C2        460

 BOND    =    14041.4836  ANGLE   =      232.1273  DIHED      =      802.9942
 VDWAALS =    35746.0603  EEL     =  -234976.2558  HBOND      =        0.0000
 1-4 VDW =      254.5549  1-4 EEL =    -3647.3462  RESTRAINT  =        6.0445
 EAMBER  =  -187546.3817


   NSTEP       ENERGY          RMS            GMAX         NAME    NUMBER
   2000      -1.8755E+05     1.4509E-01     1.1942E+01     C2        460

 BOND    =    14043.0810  ANGLE   =      232.0651  DIHED      =      802.9504
 VDWAALS =    35752.5495  EEL     =  -234992.5557  HBOND      =        0.0000
 1-4 VDW =      254.6198  1-4 EEL =    -3647.1571  RESTRAINT  =        6.1387
 EAMBER  =  -187554.4470


   NSTEP       ENERGY          RMS            GMAX         NAME    NUMBER
   2050      -1.8756E+05     4.3216E-02     1.9841E+00     H2      18100

 BOND    =    14044.4218  ANGLE   =      232.0223  DIHED      =      802.9132
 VDWAALS =    35758.9533  EEL     =  -235008.6161  HBOND      =        0.0000
 1-4 VDW =      254.5400  1-4 EEL =    -3647.2590  RESTRAINT  =        6.2121
 EAMBER  =  -187563.0247


   NSTEP       ENERGY          RMS            GMAX         NAME    NUMBER
   2100      -1.8756E+05     1.1855E-01     1.0743E+01     C2        460

 BOND    =    14046.4508  ANGLE   =      231.8280  DIHED      =      802.8795
 VDWAALS =    35765.3849  EEL     =  -235025.0548  HBOND      =        0.0000
 1-4 VDW =      254.5709  1-4 EEL =    -3647.2385  RESTRAINT  =        6.2944
 EAMBER  =  -187571.1791


   NSTEP       ENERGY          RMS            GMAX         NAME    NUMBER
   2150      -1.8757E+05     4.3663E-02     1.8904E+00     H2      23698

 BOND    =    14046.9188  ANGLE   =      232.1049  DIHED      =      802.8438
 VDWAALS =    35771.5835  EEL     =  -235040.4059  HBOND      =        0.0000
 1-4 VDW =      254.5443  1-4 EEL =    -3647.0486  RESTRAINT  =        6.3836
 EAMBER  =  -187579.4592


   NSTEP       ENERGY          RMS            GMAX         NAME    NUMBER
   2200      -1.8758E+05     1.0411E-01     9.8914E+00     C2        460

 BOND    =    14048.0969  ANGLE   =      232.2811  DIHED      =      802.8098
 VDWAALS =    35777.9632  EEL     =  -235056.3514  HBOND      =        0.0000
 1-4 VDW =      254.5482  1-4 EEL =    -3646.8790  RESTRAINT  =        6.4738
 EAMBER  =  -187587.5313


   NSTEP       ENERGY          RMS            GMAX         NAME    NUMBER
   2250      -1.8759E+05     1.7195E-01     1.4079E+01     C6        578

 BOND    =    14049.3005  ANGLE   =      232.7899  DIHED      =      802.7785
 VDWAALS =    35784.3302  EEL     =  -235072.0679  HBOND      =        0.0000
 1-4 VDW =      254.4130  1-4 EEL =    -3646.9006  RESTRAINT  =        6.5508
 EAMBER  =  -187595.3563


   NSTEP       ENERGY          RMS            GMAX         NAME    NUMBER
   2300      -1.8760E+05     5.0782E-02     3.5049E+00     C2        460

 BOND    =    14051.1257  ANGLE   =      232.0216  DIHED      =      802.7577
 VDWAALS =    35790.4124  EEL     =  -235087.6871  HBOND      =        0.0000
 1-4 VDW =      254.5382  1-4 EEL =    -3646.8423  RESTRAINT  =        6.6305
 EAMBER  =  -187603.6739


   NSTEP       ENERGY          RMS            GMAX         NAME    NUMBER
   2350      -1.8760E+05     1.1918E-01     1.1718E+01     C2        460

 BOND    =    14052.9723  ANGLE   =      231.9441  DIHED      =      802.7355
 VDWAALS =    35796.5893  EEL     =  -235103.1273  HBOND      =        0.0000
 1-4 VDW =      254.5344  1-4 EEL =    -3646.8459  RESTRAINT  =        6.7067
 EAMBER  =  -187611.1976


   NSTEP       ENERGY          RMS            GMAX         NAME    NUMBER
   2400      -1.8761E+05     4.1701E-02     1.9165E+00     C2        460

 BOND    =    14053.5383  ANGLE   =      232.1147  DIHED      =      802.7101
 VDWAALS =    35802.6653  EEL     =  -235117.9424  HBOND      =        0.0000
 1-4 VDW =      254.5307  1-4 EEL =    -3646.6080  RESTRAINT  =        6.7945
 EAMBER  =  -187618.9913


   NSTEP       ENERGY          RMS            GMAX         NAME    NUMBER
   2450      -1.8762E+05     1.0755E-01     9.5712E+00     C2        460

 BOND    =    14054.7080  ANGLE   =      232.3202  DIHED      =      802.6893
 VDWAALS =    35808.7171  EEL     =  -235132.5833  HBOND      =        0.0000
 1-4 VDW =      254.5244  1-4 EEL =    -3646.4314  RESTRAINT  =        6.8775
 EAMBER  =  -187626.0557


   NSTEP       ENERGY          RMS            GMAX         NAME    NUMBER
   2500      -1.8763E+05     3.9984E-02     1.6333E+00     C2        460

 BOND    =    14056.2900  ANGLE   =      232.0749  DIHED      =      802.6767
 VDWAALS =    35814.4939  EEL     =  -235146.7669  HBOND      =        0.0000
 1-4 VDW =      254.5216  1-4 EEL =    -3646.4770  RESTRAINT  =        6.9463
 EAMBER  =  -187633.1868


   NSTEP       ENERGY          RMS            GMAX         NAME    NUMBER
   2550      -1.8763E+05     9.4565E-02     8.2098E+00     C2        460

 BOND    =    14058.0287  ANGLE   =      232.0033  DIHED      =      802.6656
 VDWAALS =    35820.4227  EEL     =  -235161.1675  HBOND      =        0.0000
 1-4 VDW =      254.5137  1-4 EEL =    -3646.4720  RESTRAINT  =        7.0192
 EAMBER  =  -187640.0056


   NSTEP       ENERGY          RMS            GMAX         NAME    NUMBER
   2600      -1.8764E+05     1.3564E-01     1.1653E+01     C2        460

 BOND    =    14059.6449  ANGLE   =      231.9942  DIHED      =      802.6584
 VDWAALS =    35826.1200  EEL     =  -235175.0264  HBOND      =        0.0000
 1-4 VDW =      254.5033  1-4 EEL =    -3646.4373  RESTRAINT  =        7.0903
 EAMBER  =  -187646.5430


   NSTEP       ENERGY          RMS            GMAX         NAME    NUMBER
   2650      -1.8765E+05     5.7269E-02     3.7593E+00     C2        460

 BOND    =    14060.0577  ANGLE   =      232.2217  DIHED      =      802.6511
 VDWAALS =    35831.9220  EEL     =  -235189.0526  HBOND      =        0.0000
 1-4 VDW =      254.5045  1-4 EEL =    -3646.1517  RESTRAINT  =        7.1760
 EAMBER  =  -187653.8474


   NSTEP       ENERGY          RMS            GMAX         NAME    NUMBER
   2700      -1.8765E+05     1.1200E-01     9.3387E+00     C2        460

 BOND    =    14061.2614  ANGLE   =      232.4199  DIHED      =      802.6503
 VDWAALS =    35837.6148  EEL     =  -235202.9191  HBOND      =        0.0000
 1-4 VDW =      254.4879  1-4 EEL =    -3646.0035  RESTRAINT  =        7.2526
 EAMBER  =  -187660.4883


   NSTEP       ENERGY          RMS            GMAX         NAME    NUMBER
   2750      -1.8766E+05     1.6546E-01     1.4338E+01     C2        460

 BOND    =    14062.7781  ANGLE   =      232.4266  DIHED      =      802.6564
 VDWAALS =    35843.0989  EEL     =  -235216.6361  HBOND      =        0.0000
 1-4 VDW =      254.5445  1-4 EEL =    -3645.8016  RESTRAINT  =        7.3319
 EAMBER  =  -187666.9332


   NSTEP       ENERGY          RMS            GMAX         NAME    NUMBER
   2800      -1.8767E+05     1.0113E-01     8.3573E+00     C2        460

 BOND    =    14064.7926  ANGLE   =      232.0243  DIHED      =      802.6741
 VDWAALS =    35848.7129  EEL     =  -235231.0777  HBOND      =        0.0000
 1-4 VDW =      254.5207  1-4 EEL =    -3646.0103  RESTRAINT  =        7.3867
 EAMBER  =  -187674.3635


   NSTEP       ENERGY          RMS            GMAX         NAME    NUMBER
   2850      -1.8767E+05     1.4197E-01     1.2399E+01     C2        460

 BOND    =    14066.3966  ANGLE   =      232.1038  DIHED      =      802.6922
 VDWAALS =    35854.2778  EEL     =  -235245.1176  HBOND      =        0.0000
 1-4 VDW =      254.4842  1-4 EEL =    -3645.9957  RESTRAINT  =        7.4535
 EAMBER  =  -187681.1588


   NSTEP       ENERGY          RMS            GMAX         NAME    NUMBER
   2900      -1.8768E+05     4.8767E-02     2.9879E+00     C2        460

 BOND    =    14066.8978  ANGLE   =      232.2544  DIHED      =      802.7145
 VDWAALS =    35859.8070  EEL     =  -235259.2299  HBOND      =        0.0000
 1-4 VDW =      254.5057  1-4 EEL =    -3645.6859  RESTRAINT  =        7.5374
 EAMBER  =  -187688.7363


   NSTEP       ENERGY          RMS            GMAX         NAME    NUMBER
   2950      -1.8769E+05     1.2038E-01     9.8038E+00     C6         48

 BOND    =    14068.1812  ANGLE   =      232.4539  DIHED      =      802.7435
 VDWAALS =    35865.2380  EEL     =  -235273.0517  HBOND      =        0.0000
 1-4 VDW =      254.4831  1-4 EEL =    -3645.5333  RESTRAINT  =        7.6102
 EAMBER  =  -187695.4854


   NSTEP       ENERGY          RMS            GMAX         NAME    NUMBER
   3000      -1.8769E+05     4.0599E-02     1.6897E+00     C2        460

 BOND    =    14069.8395  ANGLE   =      232.2080  DIHED      =      802.7853
 VDWAALS =    35870.5085  EEL     =  -235286.9276  HBOND      =        0.0000
 1-4 VDW =      254.4965  1-4 EEL =    -3645.5559  RESTRAINT  =        7.6706
 EAMBER  =  -187702.6458


   NSTEP       ENERGY          RMS            GMAX         NAME    NUMBER
   3050      -1.8770E+05     1.1120E-01     9.4574E+00     C2        460

 BOND    =    14071.8465  ANGLE   =      232.0952  DIHED      =      802.8349
 VDWAALS =    35876.0142  EEL     =  -235301.3275  HBOND      =        0.0000
 1-4 VDW =      254.5089  1-4 EEL =    -3645.5395  RESTRAINT  =        7.7355
 EAMBER  =  -187709.5674


   NSTEP       ENERGY          RMS            GMAX         NAME    NUMBER
   3100      -1.8771E+05     4.7886E-02     2.9017E+00     C2        460

 BOND    =    14072.4927  ANGLE   =      232.2918  DIHED      =      802.8851
 VDWAALS =    35881.4294  EEL     =  -235314.9343  HBOND      =        0.0000
 1-4 VDW =      254.4982  1-4 EEL =    -3645.2919  RESTRAINT  =        7.8097
 EAMBER  =  -187716.6290


   NSTEP       ENERGY          RMS            GMAX         NAME    NUMBER
   3150      -1.8772E+05     6.6952E-02     5.0419E+00     C2        460

 BOND    =    14073.8500  ANGLE   =      232.3221  DIHED      =      802.9460
 VDWAALS =    35886.9036  EEL     =  -235328.8061  HBOND      =        0.0000
 1-4 VDW =      254.5029  1-4 EEL =    -3645.1539  RESTRAINT  =        7.8780
 EAMBER  =  -187723.4353


   NSTEP       ENERGY          RMS            GMAX         NAME    NUMBER
   3200      -1.8772E+05     3.8457E-02     1.4307E+00     H1      21399

 BOND    =    14075.4620  ANGLE   =      232.2173  DIHED      =      803.0174
 VDWAALS =    35892.4577  EEL     =  -235342.7622  HBOND      =        0.0000
 1-4 VDW =      254.4903  1-4 EEL =    -3645.1378  RESTRAINT  =        7.9393
 EAMBER  =  -187730.2552


   NSTEP       ENERGY          RMS            GMAX         NAME    NUMBER
   3250      -1.8773E+05     7.5154E-02     5.6865E+00     C2        460

 BOND    =    14077.1644  ANGLE   =      232.1027  DIHED      =      803.0980
 VDWAALS =    35897.9815  EEL     =  -235356.6001  HBOND      =        0.0000
 1-4 VDW =      254.5010  1-4 EEL =    -3645.0739  RESTRAINT  =        8.0035
 EAMBER  =  -187736.8262


   NSTEP       ENERGY          RMS            GMAX         NAME    NUMBER
   3300      -1.8774E+05     1.2038E-01     1.0279E+01     C2        460

 BOND    =    14078.9719  ANGLE   =      231.9781  DIHED      =      803.1886
 VDWAALS =    35903.5747  EEL     =  -235370.5630  HBOND      =        0.0000
 1-4 VDW =      254.5069  1-4 EEL =    -3645.0094  RESTRAINT  =        8.0688
 EAMBER  =  -187743.3523


   NSTEP       ENERGY          RMS            GMAX         NAME    NUMBER
   3350      -1.8774E+05     3.8802E-02     1.7092E+00     H1      21399

 BOND    =    14079.4743  ANGLE   =      232.1819  DIHED      =      803.2818
 VDWAALS =    35908.9951  EEL     =  -235383.8892  HBOND      =        0.0000
 1-4 VDW =      254.4801  1-4 EEL =    -3644.7615  RESTRAINT  =        8.1423
 EAMBER  =  -187750.2374


   NSTEP       ENERGY          RMS            GMAX         NAME    NUMBER
   3400      -1.8775E+05     7.4777E-02     5.4858E+00     C2        460

 BOND    =    14080.6328  ANGLE   =      232.2922  DIHED      =      803.3871
 VDWAALS =    35914.4089  EEL     =  -235397.4049  HBOND      =        0.0000
 1-4 VDW =      254.4521  1-4 EEL =    -3644.6096  RESTRAINT  =        8.2114
 EAMBER  =  -187756.8414


   NSTEP       ENERGY          RMS            GMAX         NAME    NUMBER
   3450      -1.8775E+05     1.5938E-01     2.3046E+01     C6         48

 BOND    =    14081.8467  ANGLE   =      232.6558  DIHED      =      803.4993
 VDWAALS =    35919.7596  EEL     =  -235410.6638  HBOND      =        0.0000
 1-4 VDW =      254.3582  1-4 EEL =    -3644.5373  RESTRAINT  =        8.2743
 EAMBER  =  -187763.0816


   NSTEP       ENERGY          RMS            GMAX         NAME    NUMBER
   3500      -1.8776E+05     4.0636E-02     1.7995E+00     C2        460

 BOND    =    14083.6157  ANGLE   =      231.8728  DIHED      =      803.6238
 VDWAALS =    35924.9209  EEL     =  -235424.2777  HBOND      =        0.0000
 1-4 VDW =      254.4483  1-4 EEL =    -3644.4570  RESTRAINT  =        8.3401
 EAMBER  =  -187770.2533


   NSTEP       ENERGY          RMS            GMAX         NAME    NUMBER
   3550      -1.8777E+05     3.8168E-02     1.5224E+00     H1       9849

 BOND    =    14084.7831  ANGLE   =      231.8208  DIHED      =      803.7521
 VDWAALS =    35930.3078  EEL     =  -235437.6327  HBOND      =        0.0000
 1-4 VDW =      254.4233  1-4 EEL =    -3644.3078  RESTRAINT  =        8.4096
 EAMBER  =  -187776.8534


   NSTEP       ENERGY          RMS            GMAX         NAME    NUMBER
   3600      -1.8777E+05     3.9728E-02     1.6717E+00     C2        460

 BOND    =    14086.0824  ANGLE   =      231.6667  DIHED      =      803.8833
 VDWAALS =    35935.6193  EEL     =  -235450.8130  HBOND      =        0.0000
 1-4 VDW =      254.4020  1-4 EEL =    -3644.1935  RESTRAINT  =        8.4760
 EAMBER  =  -187783.3526


   NSTEP       ENERGY          RMS            GMAX         NAME    NUMBER
   3650      -1.8778E+05     1.0810E-01     8.6176E+00     C2        460

 BOND    =    14087.1691  ANGLE   =      231.7731  DIHED      =      804.0213
 VDWAALS =    35941.1540  EEL     =  -235464.2770  HBOND      =        0.0000
 1-4 VDW =      254.3437  1-4 EEL =    -3644.0149  RESTRAINT  =        8.5484
 EAMBER  =  -187789.8308


   NSTEP       ENERGY          RMS            GMAX         NAME    NUMBER
   3700      -1.8779E+05     4.2793E-02     2.2637E+00     C2        460

 BOND    =    14088.8822  ANGLE   =      231.2317  DIHED      =      804.1643
 VDWAALS =    35946.4268  EEL     =  -235477.5182  HBOND      =        0.0000
 1-4 VDW =      254.3352  1-4 EEL =    -3644.0284  RESTRAINT  =        8.6076
 EAMBER  =  -187796.5065


   NSTEP       ENERGY          RMS            GMAX         NAME    NUMBER
   3750      -1.8779E+05     8.5679E-02     6.8803E+00     C2        460

 BOND    =    14090.5502  ANGLE   =      230.8975  DIHED      =      804.3093
 VDWAALS =    35951.7084  EEL     =  -235490.7209  HBOND      =        0.0000
 1-4 VDW =      254.3128  1-4 EEL =    -3643.9745  RESTRAINT  =        8.6715
 EAMBER  =  -187802.9172


   NSTEP       ENERGY          RMS            GMAX         NAME    NUMBER
   3800      -1.8780E+05     1.2715E-01     1.2316E+01     C6         48

 BOND    =    14091.8368  ANGLE   =      230.9334  DIHED      =      804.4583
 VDWAALS =    35957.0611  EEL     =  -235503.9902  HBOND      =        0.0000
 1-4 VDW =      254.2022  1-4 EEL =    -3643.9461  RESTRAINT  =        8.7341
 EAMBER  =  -187809.4446


   NSTEP       ENERGY          RMS            GMAX         NAME    NUMBER
   3850      -1.8781E+05     6.4825E-02     4.8797E+00     C2        460

 BOND    =    14092.5616  ANGLE   =      230.6648  DIHED      =      804.6052
 VDWAALS =    35962.1921  EEL     =  -235517.0598  HBOND      =        0.0000
 1-4 VDW =      254.2212  1-4 EEL =    -3643.6137  RESTRAINT  =        8.8149
 EAMBER  =  -187816.4285


   NSTEP       ENERGY          RMS            GMAX         NAME    NUMBER
   3900      -1.8781E+05     1.0569E-01     8.4848E+00     C2        460

 BOND    =    14093.8495  ANGLE   =      230.4653  DIHED      =      804.7552
 VDWAALS =    35967.2693  EEL     =  -235530.1321  HBOND      =        0.0000
 1-4 VDW =      254.1893  1-4 EEL =    -3643.4491  RESTRAINT  =        8.8838
 EAMBER  =  -187823.0528


   NSTEP       ENERGY          RMS            GMAX         NAME    NUMBER
   3950      -1.8782E+05     3.8850E-02     1.9388E+00     H1      29736

 BOND    =    14095.2898  ANGLE   =      230.1008  DIHED      =      804.9063
 VDWAALS =    35972.3052  EEL     =  -235543.0849  HBOND      =        0.0000
 1-4 VDW =      254.1117  1-4 EEL =    -3643.5046  RESTRAINT  =        8.9375
 EAMBER  =  -187829.8757


   NSTEP       ENERGY          RMS            GMAX         NAME    NUMBER
   4000      -1.8783E+05     9.0741E-02     7.2090E+00     C2        460

 BOND    =    14096.9880  ANGLE   =      229.7660  DIHED      =      805.0611
 VDWAALS =    35977.5769  EEL     =  -235556.4529  HBOND      =        0.0000
 1-4 VDW =      254.0541  1-4 EEL =    -3643.4926  RESTRAINT  =        8.9960
 EAMBER  =  -187836.4994


   NSTEP       ENERGY          RMS            GMAX         NAME    NUMBER
   4050      -1.8783E+05     1.5123E-01     2.1036E+01     C6         48

 BOND    =    14098.8113  ANGLE   =      229.1907  DIHED      =      805.2119
 VDWAALS =    35982.8412  EEL     =  -235569.7047  HBOND      =        0.0000
 1-4 VDW =      254.1020  1-4 EEL =    -3643.3120  RESTRAINT  =        9.0637
 EAMBER  =  -187842.8596


   NSTEP       ENERGY          RMS            GMAX         NAME    NUMBER
   4100      -1.8784E+05     5.6696E-02     3.5445E+00     C2        460

 BOND    =    14099.0165  ANGLE   =      229.3479  DIHED      =      805.3527
 VDWAALS =    35988.3336  EEL     =  -235582.5152  HBOND      =        0.0000
 1-4 VDW =      253.9648  1-4 EEL =    -3643.1276  RESTRAINT  =        9.1280
 EAMBER  =  -187849.6272


   NSTEP       ENERGY          RMS            GMAX         NAME    NUMBER
   4150      -1.8785E+05     1.1094E-01     8.8967E+00     C2        460

 BOND    =    14100.0528  ANGLE   =      229.3545  DIHED      =      805.4887
 VDWAALS =    35993.8115  EEL     =  -235595.3520  HBOND      =        0.0000
 1-4 VDW =      253.8769  1-4 EEL =    -3642.9823  RESTRAINT  =        9.1887
 EAMBER  =  -187855.7498


   NSTEP       ENERGY          RMS            GMAX         NAME    NUMBER
   4200      -1.8785E+05     3.7821E-02     1.4103E+00     C2        460

 BOND    =    14101.6361  ANGLE   =      228.7983  DIHED      =      805.6223
 VDWAALS =    35999.1671  EEL     =  -235608.0511  HBOND      =        0.0000
 1-4 VDW =      253.8320  1-4 EEL =    -3643.0283  RESTRAINT  =        9.2358
 EAMBER  =  -187862.0236


   NSTEP       ENERGY          RMS            GMAX         NAME    NUMBER
   4250      -1.8786E+05     1.0109E-01     8.1783E+00     C2        460

 BOND    =    14103.4519  ANGLE   =      228.4035  DIHED      =      805.7545
 VDWAALS =    36004.8191  EEL     =  -235621.1941  HBOND      =        0.0000
 1-4 VDW =      253.7821  1-4 EEL =    -3643.0238  RESTRAINT  =        9.2872
 EAMBER  =  -187868.0067


   NSTEP       ENERGY          RMS            GMAX         NAME    NUMBER
   4300      -1.8786E+05     1.4919E-01     1.7191E+01     C6         48

 BOND    =    14105.1522  ANGLE   =      227.9399  DIHED      =      805.8716
 VDWAALS =    36010.1327  EEL     =  -235633.6502  HBOND      =        0.0000
 1-4 VDW =      253.7953  1-4 EEL =    -3642.8967  RESTRAINT  =        9.3425
 EAMBER  =  -187873.6552


   NSTEP       ENERGY          RMS            GMAX         NAME    NUMBER
   4350      -1.8787E+05     4.8586E-02     2.8662E+00     C2        460

 BOND    =    14105.2936  ANGLE   =      228.1117  DIHED      =      805.9773
 VDWAALS =    36015.6573  EEL     =  -235646.0598  HBOND      =        0.0000
 1-4 VDW =      253.6707  1-4 EEL =    -3642.6873  RESTRAINT  =        9.4010
 EAMBER  =  -187880.0365


   NSTEP       ENERGY          RMS            GMAX         NAME    NUMBER
   4400      -1.8788E+05     1.1996E-01     9.0796E+00     C2        460

 BOND    =    14106.2965  ANGLE   =      228.2243  DIHED      =      806.0760
 VDWAALS =    36021.0150  EEL     =  -235658.0760  HBOND      =        0.0000
 1-4 VDW =      253.5755  1-4 EEL =    -3642.5413  RESTRAINT  =        9.4545
 EAMBER  =  -187885.4300


   NSTEP       ENERGY          RMS            GMAX         NAME    NUMBER
   4450      -1.8788E+05     6.6189E-02     4.7723E+00     C2        460

 BOND    =    14108.1898  ANGLE   =      227.5518  DIHED      =      806.1740
 VDWAALS =    36026.1962  EEL     =  -235670.4180  HBOND      =        0.0000
 1-4 VDW =      253.5597  1-4 EEL =    -3642.6367  RESTRAINT  =        9.4932
 EAMBER  =  -187891.3831


   NSTEP       ENERGY          RMS            GMAX         NAME    NUMBER
   4500      -1.8789E+05     1.0061E-01     7.4522E+00     C2        460

 BOND    =    14109.7441  ANGLE   =      227.2528  DIHED      =      806.2602
 VDWAALS =    36031.3119  EEL     =  -235682.5554  HBOND      =        0.0000
 1-4 VDW =      253.5295  1-4 EEL =    -3642.5858  RESTRAINT  =        9.5393
 EAMBER  =  -187897.0426


   NSTEP       ENERGY          RMS            GMAX         NAME    NUMBER
   4550      -1.8789E+05     1.5219E-01     1.3907E+01     C6         48

 BOND    =    14111.5070  ANGLE   =      226.9148  DIHED      =      806.3395
 VDWAALS =    36036.3720  EEL     =  -235694.8045  HBOND      =        0.0000
 1-4 VDW =      253.5234  1-4 EEL =    -3642.5219  RESTRAINT  =        9.5853
 EAMBER  =  -187902.6697


   NSTEP       ENERGY          RMS            GMAX         NAME    NUMBER
   4600      -1.8790E+05     5.9016E-02     4.2302E+00     C6         48

 BOND    =    14111.4981  ANGLE   =      227.2503  DIHED      =      806.4039
 VDWAALS =    36041.5848  EEL     =  -235706.9419  HBOND      =        0.0000
 1-4 VDW =      253.3976  1-4 EEL =    -3642.2986  RESTRAINT  =        9.6387
 EAMBER  =  -187909.1059


   NSTEP       ENERGY          RMS            GMAX         NAME    NUMBER
   4650      -1.8791E+05     3.8711E-02     1.8901E+00     H1      34605

 BOND    =    14113.0687  ANGLE   =      226.9039  DIHED      =      806.4684
 VDWAALS =    36046.6357  EEL     =  -235719.2376  HBOND      =        0.0000
 1-4 VDW =      253.3769  1-4 EEL =    -3642.2875  RESTRAINT  =        9.6790
 EAMBER  =  -187915.0715


   NSTEP       ENERGY          RMS            GMAX         NAME    NUMBER
   4700      -1.8791E+05     6.9933E-02     4.8586E+00     C2        460

 BOND    =    14114.5977  ANGLE   =      226.7254  DIHED      =      806.5272
 VDWAALS =    36051.9878  EEL     =  -235732.0688  HBOND      =        0.0000
 1-4 VDW =      253.3296  1-4 EEL =    -3642.2760  RESTRAINT  =        9.7197
 EAMBER  =  -187921.1771


   NSTEP       ENERGY          RMS            GMAX         NAME    NUMBER
   4750      -1.8792E+05     1.0587E-01     7.9352E+00     C2        460

 BOND    =    14116.1536  ANGLE   =      226.5563  DIHED      =      806.5784
 VDWAALS =    36057.2442  EEL     =  -235744.5510  HBOND      =        0.0000
 1-4 VDW =      253.2920  1-4 EEL =    -3642.2629  RESTRAINT  =        9.7586
 EAMBER  =  -187926.9895


   NSTEP       ENERGY          RMS            GMAX         NAME    NUMBER
   4800      -1.8792E+05     3.7487E-02     1.6558E+00     H1      22308

 BOND    =    14116.8524  ANGLE   =      226.5318  DIHED      =      806.6203
 VDWAALS =    36062.6410  EEL     =  -235757.0899  HBOND      =        0.0000
 1-4 VDW =      253.2740  1-4 EEL =    -3642.0393  RESTRAINT  =        9.8091
 EAMBER  =  -187933.2097


   NSTEP       ENERGY          RMS            GMAX         NAME    NUMBER
   4850      -1.8793E+05     9.3299E-02     6.9682E+00     C6         48

 BOND    =    14117.9199  ANGLE   =      226.6618  DIHED      =      806.6584
 VDWAALS =    36068.1743  EEL     =  -235769.7397  HBOND      =        0.0000
 1-4 VDW =      253.2121  1-4 EEL =    -3641.9235  RESTRAINT  =        9.8530
 EAMBER  =  -187939.0367


   NSTEP       ENERGY          RMS            GMAX         NAME    NUMBER
   4900      -1.8793E+05     1.4945E-01     1.7806E+01     C6         48

 BOND    =    14119.1072  ANGLE   =      226.8310  DIHED      =      806.6917
 VDWAALS =    36073.5781  EEL     =  -235781.9196  HBOND      =        0.0000
 1-4 VDW =      253.1379  1-4 EEL =    -3641.8698  RESTRAINT  =        9.8917
 EAMBER  =  -187944.4434


   NSTEP       ENERGY          RMS            GMAX         NAME    NUMBER
   4950      -1.8794E+05     8.0186E-02     5.4263E+00     C2        460

 BOND    =    14121.2276  ANGLE   =      225.9793  DIHED      =      806.7287
 VDWAALS =    36078.8663  EEL     =  -235794.5599  HBOND      =        0.0000
 1-4 VDW =      253.2084  1-4 EEL =    -3641.9546  RESTRAINT  =        9.9234
 EAMBER  =  -187950.5042


   NSTEP       ENERGY          RMS            GMAX         NAME    NUMBER
   5000      -1.8795E+05     3.6385E-02     1.2680E+00     C2        460

 BOND    =    14121.9177  ANGLE   =      226.0816  DIHED      =      806.7522
 VDWAALS =    36084.0171  EEL     =  -235806.2835  HBOND      =        0.0000
 1-4 VDW =      253.1660  1-4 EEL =    -3641.8094  RESTRAINT  =        9.9659
 EAMBER  =  -187956.1582


   NSTEP       ENERGY          RMS            GMAX         NAME    NUMBER
   5050      -1.8802E+05     1.5206E-01     9.7965E+00     O5'       409

 BOND    =    14142.7765  ANGLE   =      224.2736  DIHED      =      806.8726
 VDWAALS =    36164.0751  EEL     =  -235980.9081  HBOND      =        0.0000
 1-4 VDW =      252.8565  1-4 EEL =    -3641.0438  RESTRAINT  =       10.5610
 EAMBER  =  -188031.0975


   NSTEP       ENERGY          RMS            GMAX         NAME    NUMBER
   5100      -1.8804E+05     1.4616E-01     7.8908E+00     H5'       411

 BOND    =    14144.0360  ANGLE   =      223.9660  DIHED      =      806.8899
 VDWAALS =    36176.6843  EEL     =  -236017.1268  HBOND      =        0.0000
 1-4 VDW =      252.7596  1-4 EEL =    -3640.8284  RESTRAINT  =       10.6518
 EAMBER  =  -188053.6194


   NSTEP       ENERGY          RMS            GMAX         NAME    NUMBER
   5150      -1.8806E+05     1.7897E-01     9.2925E+00     C5'       410

 BOND    =    14147.9363  ANGLE   =      223.7173  DIHED      =      806.8845
 VDWAALS =    36189.3865  EEL     =  -236054.6070  HBOND      =        0.0000
 1-4 VDW =      252.8260  1-4 EEL =    -3640.6977  RESTRAINT  =       10.7245
 EAMBER  =  -188074.5541


   NSTEP       ENERGY          RMS            GMAX         NAME    NUMBER
   5200      -1.8809E+05     2.3458E-01     1.8585E+01     P         884

 BOND    =    14153.7078  ANGLE   =      224.1595  DIHED      =      806.8819
 VDWAALS =    36204.8126  EEL     =  -236100.8063  HBOND      =        0.0000
 1-4 VDW =      253.0102  1-4 EEL =    -3640.2844  RESTRAINT  =       10.8174
 EAMBER  =  -188098.5186


   NSTEP       ENERGY          RMS            GMAX         NAME    NUMBER
   5250      -1.8812E+05     8.7457E-02     5.5050E+00     H5'       411

 BOND    =    14157.6065  ANGLE   =      224.0009  DIHED      =      806.8469
 VDWAALS =    36230.2877  EEL     =  -236157.5155  HBOND      =        0.0000
 1-4 VDW =      252.7257  1-4 EEL =    -3640.8716  RESTRAINT  =       10.8950
 EAMBER  =  -188126.9193


   NSTEP       ENERGY          RMS            GMAX         NAME    NUMBER
   5300      -1.8815E+05     1.1090E-01     7.6290E+00     C6         48

 BOND    =    14164.1881  ANGLE   =      223.7787  DIHED      =      806.8478
 VDWAALS =    36254.8785  EEL     =  -236218.5166  HBOND      =        0.0000
 1-4 VDW =      252.7041  1-4 EEL =    -3640.7536  RESTRAINT  =       10.9831
 EAMBER  =  -188156.8730


   NSTEP       ENERGY          RMS            GMAX         NAME    NUMBER
   5350      -1.8818E+05     9.7622E-02     5.5810E+00     H5'       411

 BOND    =    14168.8337  ANGLE   =      223.8800  DIHED      =      806.8703
 VDWAALS =    36281.5491  EEL     =  -236284.3976  HBOND      =        0.0000
 1-4 VDW =      252.4994  1-4 EEL =    -3640.7102  RESTRAINT  =       11.0669
 EAMBER  =  -188191.4754


   NSTEP       ENERGY          RMS            GMAX         NAME    NUMBER
   5400      -1.8822E+05     1.0134E-01     4.9988E+00     O4'       415

 BOND    =    14176.2908  ANGLE   =      224.5930  DIHED      =      807.0101
 VDWAALS =    36308.2516  EEL     =  -236360.9629  HBOND      =        0.0000
 1-4 VDW =      252.3177  1-4 EEL =    -3641.3189  RESTRAINT  =       11.1855
 EAMBER  =  -188233.8186


   NSTEP       ENERGY          RMS            GMAX         NAME    NUMBER
   5450      -1.8825E+05     1.1894E-01     6.7620E+00     C5'       410

 BOND    =    14180.2979  ANGLE   =      224.9264  DIHED      =      807.0180
 VDWAALS =    36321.3952  EEL     =  -236401.7574  HBOND      =        0.0000
 1-4 VDW =      252.3156  1-4 EEL =    -3641.3422  RESTRAINT  =       11.2455
 EAMBER  =  -188257.1464


   NSTEP       ENERGY          RMS            GMAX         NAME    NUMBER
   5500      -1.8827E+05     7.4391E-02     3.5965E+00     C1'       386

 BOND    =    14181.6506  ANGLE   =      224.1410  DIHED      =      806.8786
 VDWAALS =    36332.7742  EEL     =  -236438.8658  HBOND      =        0.0000
 1-4 VDW =      252.3004  1-4 EEL =    -3641.1270  RESTRAINT  =       11.3086
 EAMBER  =  -188282.2480


   NSTEP       ENERGY          RMS            GMAX         NAME    NUMBER
   5550      -1.8829E+05     6.4007E-02     3.1996E+00     C2'       402

 BOND    =    14185.4878  ANGLE   =      224.3810  DIHED      =      806.6768
 VDWAALS =    36344.1188  EEL     =  -236478.0338  HBOND      =        0.0000
 1-4 VDW =      252.5053  1-4 EEL =    -3640.9261  RESTRAINT  =       11.3664
 EAMBER  =  -188305.7903


   NSTEP       ENERGY          RMS            GMAX         NAME    NUMBER
   5600      -1.8833E+05     8.4918E-02     5.5898E+00     C5'       410

 BOND    =    14191.0560  ANGLE   =      224.4167  DIHED      =      806.4344
 VDWAALS =    36360.1289  EEL     =  -236531.9882  HBOND      =        0.0000
 1-4 VDW =      252.7168  1-4 EEL =    -3640.2880  RESTRAINT  =       11.4606
 EAMBER  =  -188337.5235


   NSTEP       ENERGY          RMS            GMAX         NAME    NUMBER
   5650      -1.8835E+05     5.7904E-02     4.3663E+00     C5'       410

 BOND    =    14198.5249  ANGLE   =      224.2004  DIHED      =      806.4461
 VDWAALS =    36373.1320  EEL     =  -236573.0641  HBOND      =        0.0000
 1-4 VDW =      252.6702  1-4 EEL =    -3640.0820  RESTRAINT  =       11.5238
 EAMBER  =  -188358.1724


   NSTEP       ENERGY          RMS            GMAX         NAME    NUMBER
   5700      -1.8837E+05     6.3362E-02     4.5759E+00     P         406

 BOND    =    14203.4577  ANGLE   =      224.2273  DIHED      =      806.3919
 VDWAALS =    36388.1993  EEL     =  -236621.3672  HBOND      =        0.0000
 1-4 VDW =      252.6858  1-4 EEL =    -3640.0799  RESTRAINT  =       11.6062
 EAMBER  =  -188386.4851


   NSTEP       ENERGY          RMS            GMAX         NAME    NUMBER
   5750      -1.8841E+05     5.9668E-02     4.7408E+00     P         406

 BOND    =    14206.5076  ANGLE   =      224.2226  DIHED      =      806.4019
 VDWAALS =    36406.5856  EEL     =  -236673.8749  HBOND      =        0.0000
 1-4 VDW =      252.5772  1-4 EEL =    -3639.7239  RESTRAINT  =       11.6756
 EAMBER  =  -188417.3039


   NSTEP       ENERGY          RMS            GMAX         NAME    NUMBER
   5800      -1.8843E+05     8.2806E-02     4.3023E+00     C3'       400

 BOND    =    14210.9724  ANGLE   =      223.9299  DIHED      =      806.3391
 VDWAALS =    36422.9718  EEL     =  -236718.9634  HBOND      =        0.0000
 1-4 VDW =      252.5635  1-4 EEL =    -3639.5792  RESTRAINT  =       11.7193
 EAMBER  =  -188441.7659


   NSTEP       ENERGY          RMS            GMAX         NAME    NUMBER
   5850      -1.8845E+05     9.6000E-02     5.2835E+00     C6         12

 BOND    =    14214.1679  ANGLE   =      224.0941  DIHED      =      806.4288
 VDWAALS =    36441.4040  EEL     =  -236761.1350  HBOND      =        0.0000
 1-4 VDW =      252.6504  1-4 EEL =    -3639.4704  RESTRAINT  =       11.7585
 EAMBER  =  -188461.8603


   NSTEP       ENERGY          RMS            GMAX         NAME    NUMBER
   5900      -1.8847E+05     1.3307E-01     7.5346E+00     C6        511

 BOND    =    14217.9880  ANGLE   =      224.2134  DIHED      =      806.4995
 VDWAALS =    36460.9510  EEL     =  -236804.9224  HBOND      =        0.0000
 1-4 VDW =      252.7952  1-4 EEL =    -3639.4377  RESTRAINT  =       11.7929
 EAMBER  =  -188481.9130


   NSTEP       ENERGY          RMS            GMAX         NAME    NUMBER
   5950      -1.8849E+05     5.9084E-02     3.4675E+00     C3'       400

 BOND    =    14225.2887  ANGLE   =      223.1077  DIHED      =      806.4502
 VDWAALS =    36481.2813  EEL     =  -236853.1766  HBOND      =        0.0000
 1-4 VDW =      252.7409  1-4 EEL =    -3638.7442  RESTRAINT  =       11.8158
 EAMBER  =  -188503.0519


   NSTEP       ENERGY          RMS            GMAX         NAME    NUMBER
   6000      -1.8851E+05     5.8002E-02     2.5247E+00     C5'       410

 BOND    =    14229.2336  ANGLE   =      222.9254  DIHED      =      806.5912
 VDWAALS =    36495.3423  EEL     =  -236889.5206  HBOND      =        0.0000
 1-4 VDW =      252.8014  1-4 EEL =    -3638.5701  RESTRAINT  =       11.8482
 EAMBER  =  -188521.1968


   NSTEP       ENERGY          RMS            GMAX         NAME    NUMBER
   6050      -1.8853E+05     1.0747E-01     6.7713E+00     C6         12

 BOND    =    14233.9551  ANGLE   =      222.9570  DIHED      =      806.7720
 VDWAALS =    36508.9234  EEL     =  -236927.4874  HBOND      =        0.0000
 1-4 VDW =      252.8430  1-4 EEL =    -3638.3771  RESTRAINT  =       11.8861
 EAMBER  =  -188540.4141


   NSTEP       ENERGY          RMS            GMAX         NAME    NUMBER
   6100      -1.8854E+05     6.4491E-02     3.9485E+00     O       25424

 BOND    =    14235.4851  ANGLE   =      222.9309  DIHED      =      806.7168
 VDWAALS =    36518.0929  EEL     =  -236951.4044  HBOND      =        0.0000
 1-4 VDW =      252.7415  1-4 EEL =    -3638.3405  RESTRAINT  =       11.9126
 EAMBER  =  -188553.7777


   NSTEP       ENERGY          RMS            GMAX         NAME    NUMBER
   6150      -1.8856E+05     9.5796E-02     5.5866E+00     O       25424

 BOND    =    14238.3507  ANGLE   =      223.1297  DIHED      =      806.6836
 VDWAALS =    36529.4038  EEL     =  -236979.8336  HBOND      =        0.0000
 1-4 VDW =      252.6946  1-4 EEL =    -3638.3581  RESTRAINT  =       11.9558
 EAMBER  =  -188567.9292


   NSTEP       ENERGY          RMS            GMAX         NAME    NUMBER
   6200      -1.8857E+05     1.2793E-01     7.7600E+00     O3'       405

 BOND    =    14238.4215  ANGLE   =      224.6756  DIHED      =      807.0212
 VDWAALS =    36542.8176  EEL     =  -237010.9330  HBOND      =        0.0000
 1-4 VDW =      252.5776  1-4 EEL =    -3638.2124  RESTRAINT  =       11.9875
 EAMBER  =  -188583.6319


   NSTEP       ENERGY          RMS            GMAX         NAME    NUMBER
   6250      -1.8859E+05     1.2930E-01     8.0806E+00     C6         48

 BOND    =    14241.0044  ANGLE   =      223.5280  DIHED      =      806.7496
 VDWAALS =    36550.9505  EEL     =  -237035.0137  HBOND      =        0.0000
 1-4 VDW =      252.7416  1-4 EEL =    -3638.3134  RESTRAINT  =       12.0201
 EAMBER  =  -188598.3530


   NSTEP       ENERGY          RMS            GMAX         NAME    NUMBER
   6300      -1.8860E+05     9.8851E-02     5.5333E+00     O       25424

 BOND    =    14243.9776  ANGLE   =      223.1274  DIHED      =      806.6972
 VDWAALS =    36558.5627  EEL     =  -237058.9354  HBOND      =        0.0000
 1-4 VDW =      252.7466  1-4 EEL =    -3637.9049  RESTRAINT  =       12.0341
 EAMBER  =  -188611.7288


   NSTEP       ENERGY          RMS            GMAX         NAME    NUMBER
   6350      -1.8861E+05     1.1649E-01     8.3169E+00     C2'       434

 BOND    =    14246.3776  ANGLE   =      223.0792  DIHED      =      806.5702
 VDWAALS =    36568.2731  EEL     =  -237085.9732  HBOND      =        0.0000
 1-4 VDW =      252.7500  1-4 EEL =    -3637.7362  RESTRAINT  =       12.0595
 EAMBER  =  -188626.6594


   NSTEP       ENERGY          RMS            GMAX         NAME    NUMBER
   6400      -1.8863E+05     9.1105E-02     6.4769E+00     C2'       434

 BOND    =    14248.9841  ANGLE   =      223.0542  DIHED      =      806.6774
 VDWAALS =    36577.3729  EEL     =  -237110.9192  HBOND      =        0.0000
 1-4 VDW =      252.6889  1-4 EEL =    -3637.5874  RESTRAINT  =       12.0749
 EAMBER  =  -188639.7291


   NSTEP       ENERGY          RMS            GMAX         NAME    NUMBER
   6450      -1.8864E+05     8.1904E-02     5.6502E+00     O       25424

 BOND    =    14250.8824  ANGLE   =      223.1272  DIHED      =      806.6089
 VDWAALS =    36586.0814  EEL     =  -237134.3744  HBOND      =        0.0000
 1-4 VDW =      252.6575  1-4 EEL =    -3637.3880  RESTRAINT  =       12.0939
 EAMBER  =  -188652.4050


   NSTEP       ENERGY          RMS            GMAX         NAME    NUMBER
   6500      -1.8865E+05     6.9390E-02     3.9985E+00     O       25424

 BOND    =    14253.5420  ANGLE   =      223.1412  DIHED      =      806.5402
 VDWAALS =    36594.4441  EEL     =  -237158.0958  HBOND      =        0.0000
 1-4 VDW =      252.6543  1-4 EEL =    -3637.1061  RESTRAINT  =       12.1145
 EAMBER  =  -188664.8801


   NSTEP       ENERGY          RMS            GMAX         NAME    NUMBER
   6550      -1.8867E+05     7.5148E-02     3.3772E+00     O       25424

 BOND    =    14256.1434  ANGLE   =      223.5930  DIHED      =      806.5262
 VDWAALS =    36603.5121  EEL     =  -237183.8984  HBOND      =        0.0000
 1-4 VDW =      252.6048  1-4 EEL =    -3636.9796  RESTRAINT  =       12.1465
 EAMBER  =  -188678.4985


   NSTEP       ENERGY          RMS            GMAX         NAME    NUMBER
   6600      -1.8868E+05     5.3126E-02     3.0752E+00     C3'       432

 BOND    =    14259.6836  ANGLE   =      224.2234  DIHED      =      806.4553
 VDWAALS =    36613.9852  EEL     =  -237211.4796  HBOND      =        0.0000
 1-4 VDW =      252.5575  1-4 EEL =    -3637.1441  RESTRAINT  =       12.1761
 EAMBER  =  -188691.7188


   NSTEP       ENERGY          RMS            GMAX         NAME    NUMBER
   6650      -1.8869E+05     4.1229E-02     2.3493E+00     O       25424

 BOND    =    14262.4363  ANGLE   =      224.3355  DIHED      =      806.3812
 VDWAALS =    36624.3119  EEL     =  -237235.8370  HBOND      =        0.0000
 1-4 VDW =      252.5699  1-4 EEL =    -3636.9807  RESTRAINT  =       12.2050
 EAMBER  =  -188702.7829


   NSTEP       ENERGY          RMS            GMAX         NAME    NUMBER
   6700      -1.8870E+05     1.6749E-01     1.2289E+01     C6         48

 BOND    =    14265.3259  ANGLE   =      224.3953  DIHED      =      806.3074
 VDWAALS =    36638.4707  EEL     =  -237262.5849  HBOND      =        0.0000
 1-4 VDW =      252.6001  1-4 EEL =    -3636.8157  RESTRAINT  =       12.2258
 EAMBER  =  -188712.3013


   NSTEP       ENERGY          RMS            GMAX         NAME    NUMBER
   6750      -1.8872E+05     2.2375E-01     1.5363E+01     H1      10758

 BOND    =    14272.7896  ANGLE   =      224.3526  DIHED      =      806.3670
 VDWAALS =    36654.3363  EEL     =  -237302.0375  HBOND      =        0.0000
 1-4 VDW =      252.4662  1-4 EEL =    -3636.8790  RESTRAINT  =       12.2437
 EAMBER  =  -188728.6048


   NSTEP       ENERGY          RMS            GMAX         NAME    NUMBER
   6800      -1.8873E+05     1.1965E-01     8.9703E+00     O       10757

 BOND    =    14270.7285  ANGLE   =      224.1551  DIHED      =      806.3175
 VDWAALS =    36660.1918  EEL     =  -237319.9762  HBOND      =        0.0000
 1-4 VDW =      252.5347  1-4 EEL =    -3636.9966  RESTRAINT  =       12.2631
 EAMBER  =  -188743.0452


   NSTEP       ENERGY          RMS            GMAX         NAME    NUMBER
   6850      -1.8874E+05     9.6335E-02     5.7979E+00     C1'       356

 BOND    =    14274.8602  ANGLE   =      223.8088  DIHED      =      806.3530
 VDWAALS =    36666.1156  EEL     =  -237340.2211  HBOND      =        0.0000
 1-4 VDW =      252.4895  1-4 EEL =    -3637.0065  RESTRAINT  =       12.2729
 EAMBER  =  -188753.6005


   NSTEP       ENERGY          RMS            GMAX         NAME    NUMBER
   6900      -1.8875E+05     9.6564E-02     7.6484E+00     C4'       383

 BOND    =    14275.3868  ANGLE   =      223.9151  DIHED      =      806.3682
 VDWAALS =    36677.2849  EEL     =  -237362.0796  HBOND      =        0.0000
 1-4 VDW =      252.5179  1-4 EEL =    -3637.0858  RESTRAINT  =       12.2864
 EAMBER  =  -188763.6926


   NSTEP       ENERGY          RMS            GMAX         NAME    NUMBER
   6950      -1.8876E+05     8.5149E-02     5.2889E+00     O       10757

 BOND    =    14277.6470  ANGLE   =      223.7740  DIHED      =      806.3882
 VDWAALS =    36687.9058  EEL     =  -237385.6961  HBOND      =        0.0000
 1-4 VDW =      252.5732  1-4 EEL =    -3637.2053  RESTRAINT  =       12.2984
 EAMBER  =  -188774.6131


   NSTEP       ENERGY          RMS            GMAX         NAME    NUMBER
   7000      -1.8877E+05     9.2510E-02     8.3490E+00     O       10757

 BOND    =    14280.2849  ANGLE   =      223.7428  DIHED      =      806.4092
 VDWAALS =    36697.7499  EEL     =  -237408.8260  HBOND      =        0.0000
 1-4 VDW =      252.5597  1-4 EEL =    -3637.2679  RESTRAINT  =       12.3112
 EAMBER  =  -188785.3474


   NSTEP       ENERGY          RMS            GMAX         NAME    NUMBER
   7050      -1.8878E+05     8.3235E-02     5.2677E+00     O       10757

 BOND    =    14282.1958  ANGLE   =      223.6657  DIHED      =      806.4032
 VDWAALS =    36704.8505  EEL     =  -237428.0171  HBOND      =        0.0000
 1-4 VDW =      252.5514  1-4 EEL =    -3637.2567  RESTRAINT  =       12.3198
 EAMBER  =  -188795.6071


   NSTEP       ENERGY          RMS            GMAX         NAME    NUMBER
   7100      -1.8879E+05     9.3987E-02     5.5085E+00     C4'       383

 BOND    =    14284.5741  ANGLE   =      223.5711  DIHED      =      806.4037
 VDWAALS =    36713.2335  EEL     =  -237448.0124  HBOND      =        0.0000
 1-4 VDW =      252.5325  1-4 EEL =    -3637.3026  RESTRAINT  =       12.3323
 EAMBER  =  -188805.0001


   NSTEP       ENERGY          RMS            GMAX         NAME    NUMBER
   7150      -1.8880E+05     6.7151E-02     3.2702E+00     O3'       405

 BOND    =    14285.3442  ANGLE   =      223.6674  DIHED      =      806.4162
 VDWAALS =    36722.2592  EEL     =  -237466.3717  HBOND      =        0.0000
 1-4 VDW =      252.5167  1-4 EEL =    -3637.3605  RESTRAINT  =       12.3412
 EAMBER  =  -188813.5286


   NSTEP       ENERGY          RMS            GMAX         NAME    NUMBER
   7200      -1.8881E+05     9.0633E-02     4.7076E+00     O3'       405

 BOND    =    14285.9311  ANGLE   =      223.7311  DIHED      =      806.4165
 VDWAALS =    36732.7781  EEL     =  -237485.6873  HBOND      =        0.0000
 1-4 VDW =      252.5208  1-4 EEL =    -3637.4465  RESTRAINT  =       12.3535
 EAMBER  =  -188821.7562


   NSTEP       ENERGY          RMS            GMAX         NAME    NUMBER
   7250      -1.8882E+05     8.8004E-02     6.4802E+00     O3'       405

 BOND    =    14289.6121  ANGLE   =      223.7656  DIHED      =      806.4234
 VDWAALS =    36743.6782  EEL     =  -237508.4420  HBOND      =        0.0000
 1-4 VDW =      252.5289  1-4 EEL =    -3637.4348  RESTRAINT  =       12.3674
 EAMBER  =  -188829.8685


   NSTEP       ENERGY          RMS            GMAX         NAME    NUMBER
   7300      -1.8882E+05     2.5788E-01     1.7388E+01     C6         48

 BOND    =    14292.7622  ANGLE   =      223.7597  DIHED      =      806.4977
 VDWAALS =    36757.5969  EEL     =  -237533.1644  HBOND      =        0.0000
 1-4 VDW =      252.3191  1-4 EEL =    -3637.1236  RESTRAINT  =       12.3715
 EAMBER  =  -188837.3524


   NSTEP       ENERGY          RMS            GMAX         NAME    NUMBER
   7350      -1.8883E+05     8.9907E-02     7.7847E+00     P         659

 BOND    =    14294.4560  ANGLE   =      223.5030  DIHED      =      806.4023
 VDWAALS =    36764.7650  EEL     =  -237551.2752  HBOND      =        0.0000
 1-4 VDW =      252.4239  1-4 EEL =    -3637.0079  RESTRAINT  =       12.3912
 EAMBER  =  -188846.7328


   NSTEP       ENERGY          RMS            GMAX         NAME    NUMBER
   7400      -1.8884E+05     7.7918E-02     2.3549E+00     P         659

 BOND    =    14296.4859  ANGLE   =      223.4959  DIHED      =      806.4044
 VDWAALS =    36773.3814  EEL     =  -237570.2236  HBOND      =        0.0000
 1-4 VDW =      252.3834  1-4 EEL =    -3636.9527  RESTRAINT  =       12.4089
 EAMBER  =  -188855.0253


   NSTEP       ENERGY          RMS            GMAX         NAME    NUMBER
   7450      -1.8885E+05     7.3399E-02     3.2931E+00     P         659

 BOND    =    14298.4077  ANGLE   =      223.6352  DIHED      =      806.4332
 VDWAALS =    36780.9071  EEL     =  -237588.7231  HBOND      =        0.0000
 1-4 VDW =      252.3556  1-4 EEL =    -3637.0367  RESTRAINT  =       12.4236
 EAMBER  =  -188864.0211


   NSTEP       ENERGY          RMS            GMAX         NAME    NUMBER
   7500      -1.8886E+05     1.1171E-01     8.7299E+00     C6         48

 BOND    =    14298.9255  ANGLE   =      223.7074  DIHED      =      806.4849
 VDWAALS =    36788.8239  EEL     =  -237606.9135  HBOND      =        0.0000
 1-4 VDW =      252.3824  1-4 EEL =    -3636.9589  RESTRAINT  =       12.4425
 EAMBER  =  -188873.5484


   NSTEP       ENERGY          RMS            GMAX         NAME    NUMBER
   7550      -1.8887E+05     1.0043E-01     5.3077E+00     Na+      1101

 BOND    =    14302.3826  ANGLE   =      223.9406  DIHED      =      806.5447
 VDWAALS =    36796.2213  EEL     =  -237627.1606  HBOND      =        0.0000
 1-4 VDW =      252.3230  1-4 EEL =    -3637.0388  RESTRAINT  =       12.4584
 EAMBER  =  -188882.7872


   NSTEP       ENERGY          RMS            GMAX         NAME    NUMBER
   7600      -1.8888E+05     1.7239E-01     1.0641E+01     C5        422

 BOND    =    14306.4356  ANGLE   =      224.6430  DIHED      =      806.7275
 VDWAALS =    36805.4443  EEL     =  -237650.3361  HBOND      =        0.0000
 1-4 VDW =      252.3752  1-4 EEL =    -3637.4576  RESTRAINT  =       12.4845
 EAMBER  =  -188892.1680


   NSTEP       ENERGY          RMS            GMAX         NAME    NUMBER
   7650      -1.8889E+05     1.6609E-01     1.1750E+01     C5        422

 BOND    =    14306.9623  ANGLE   =      224.4142  DIHED      =      806.6277
 VDWAALS =    36816.5849  EEL     =  -237672.4345  HBOND      =        0.0000
 1-4 VDW =      252.3349  1-4 EEL =    -3637.4460  RESTRAINT  =       12.5020
 EAMBER  =  -188902.9564


   NSTEP       ENERGY          RMS            GMAX         NAME    NUMBER
   7700      -1.8890E+05     1.3590E-01     7.0977E+00     P         376

 BOND    =    14309.7346  ANGLE   =      224.1948  DIHED      =      806.5995
 VDWAALS =    36826.8036  EEL     =  -237695.7048  HBOND      =        0.0000
 1-4 VDW =      252.2574  1-4 EEL =    -3637.6529  RESTRAINT  =       12.5251
 EAMBER  =  -188913.7678


   NSTEP       ENERGY          RMS            GMAX         NAME    NUMBER
   7750      -1.8891E+05     1.4238E-01     9.4599E+00     C4'       383

 BOND    =    14312.4906  ANGLE   =      224.4442  DIHED      =      806.6393
 VDWAALS =    36838.5039  EEL     =  -237721.3080  HBOND      =        0.0000
 1-4 VDW =      252.3113  1-4 EEL =    -3637.7897  RESTRAINT  =       12.5589
 EAMBER  =  -188924.7083


   NSTEP       ENERGY          RMS            GMAX         NAME    NUMBER
   7800      -1.8892E+05     1.8385E-01     9.5670E+00     C5        361

 BOND    =    14315.0323  ANGLE   =      225.7715  DIHED      =      806.9642
 VDWAALS =    36851.0546  EEL     =  -237747.8897  HBOND      =        0.0000
 1-4 VDW =      252.2529  1-4 EEL =    -3638.3980  RESTRAINT  =       12.6009
 EAMBER  =  -188935.2122


   NSTEP       ENERGY          RMS            GMAX         NAME    NUMBER
   7850      -1.8894E+05     1.8799E-01     9.5616E+00     C2'       402

 BOND    =    14319.9020  ANGLE   =      224.8560  DIHED      =      806.6743
 VDWAALS =    36869.1258  EEL     =  -237786.5197  HBOND      =        0.0000
 1-4 VDW =      252.0969  1-4 EEL =    -3637.8111  RESTRAINT  =       12.6429
 EAMBER  =  -188951.6758


   NSTEP       ENERGY          RMS            GMAX         NAME    NUMBER
   7900      -1.8896E+05     1.4762E-01     6.8284E+00     P         376

 BOND    =    14322.4849  ANGLE   =      223.9302  DIHED      =      806.4690
 VDWAALS =    36883.0380  EEL     =  -237819.4542  HBOND      =        0.0000
 1-4 VDW =      252.1987  1-4 EEL =    -3637.3603  RESTRAINT  =       12.6739
 EAMBER  =  -188968.6936


   NSTEP       ENERGY          RMS            GMAX         NAME    NUMBER
   7950      -1.8897E+05     1.1400E-01     4.2535E+00     C5        611

 BOND    =    14323.7202  ANGLE   =      223.5506  DIHED      =      806.3437
 VDWAALS =    36890.0534  EEL     =  -237838.5544  HBOND      =        0.0000
 1-4 VDW =      252.1871  1-4 EEL =    -3636.9959  RESTRAINT  =       12.6859
 EAMBER  =  -188979.6953


   NSTEP       ENERGY          RMS            GMAX         NAME    NUMBER
   8000      -1.8898E+05     1.0148E-01     4.6239E+00     C6        359

 BOND    =    14321.6416  ANGLE   =      223.4031  DIHED      =      806.2537
 VDWAALS =    36897.8682  EEL     =  -237854.5164  HBOND      =        0.0000
 1-4 VDW =      252.2293  1-4 EEL =    -3636.7803  RESTRAINT  =       12.7068
 EAMBER  =  -188989.9009


   NSTEP       ENERGY          RMS            GMAX         NAME    NUMBER
   8050      -1.8899E+05     1.0684E-01     5.1628E+00     C2'       402

 BOND    =    14324.1570  ANGLE   =      223.7042  DIHED      =      806.3036
 VDWAALS =    36906.7920  EEL     =  -237876.6490  HBOND      =        0.0000
 1-4 VDW =      252.2104  1-4 EEL =    -3637.1102  RESTRAINT  =       12.7257
 EAMBER  =  -189000.5921


   NSTEP       ENERGY          RMS            GMAX         NAME    NUMBER
   8100      -1.8900E+05     9.0468E-02     4.2253E+00     P         376

 BOND    =    14327.0335  ANGLE   =      223.4418  DIHED      =      806.3030
 VDWAALS =    36915.5603  EEL     =  -237898.7279  HBOND      =        0.0000
 1-4 VDW =      252.2511  1-4 EEL =    -3637.0612  RESTRAINT  =       12.7416
 EAMBER  =  -189011.1994


   NSTEP       ENERGY          RMS            GMAX         NAME    NUMBER
   8150      -1.8901E+05     1.0283E-01     5.4696E+00     C6         48

 BOND    =    14327.8159  ANGLE   =      223.5532  DIHED      =      806.3013
 VDWAALS =    36923.4549  EEL     =  -237917.4230  HBOND      =        0.0000
 1-4 VDW =      252.2183  1-4 EEL =    -3636.9127  RESTRAINT  =       12.7540
 EAMBER  =  -189020.9921


   NSTEP       ENERGY          RMS            GMAX         NAME    NUMBER
   8200      -1.8902E+05     1.1728E-01     8.1908E+00     C6         48

 BOND    =    14330.2101  ANGLE   =      223.6366  DIHED      =      806.3080
 VDWAALS =    36930.9737  EEL     =  -237937.6969  HBOND      =        0.0000
 1-4 VDW =      252.2068  1-4 EEL =    -3636.8500  RESTRAINT  =       12.7654
 EAMBER  =  -189031.2116


   NSTEP       ENERGY          RMS            GMAX         NAME    NUMBER
   8250      -1.8903E+05     1.9883E-01     1.7859E+01     P         376

 BOND    =    14336.3373  ANGLE   =      224.0515  DIHED      =      806.3481
 VDWAALS =    36940.8654  EEL     =  -237964.0004  HBOND      =        0.0000
 1-4 VDW =      252.2076  1-4 EEL =    -3636.6734  RESTRAINT  =       12.7819
 EAMBER  =  -189040.8639


   NSTEP       ENERGY          RMS            GMAX         NAME    NUMBER
   8300      -1.8904E+05     1.0095E-01     6.4082E+00     C5'        35

 BOND    =    14335.6660  ANGLE   =      223.4523  DIHED      =      806.3018
 VDWAALS =    36949.2326  EEL     =  -237981.5907  HBOND      =        0.0000
 1-4 VDW =      252.2845  1-4 EEL =    -3636.5849  RESTRAINT  =       12.7829
 EAMBER  =  -189051.2384


   NSTEP       ENERGY          RMS            GMAX         NAME    NUMBER
   8350      -1.8905E+05     6.6848E-02     7.1797E+00     C5'        68

 BOND    =    14337.2668  ANGLE   =      222.9927  DIHED      =      806.3707
 VDWAALS =    36957.0872  EEL     =  -237998.4474  HBOND      =        0.0000
 1-4 VDW =      252.4014  1-4 EEL =    -3636.7288  RESTRAINT  =       12.8004
 EAMBER  =  -189059.0574


   NSTEP       ENERGY          RMS            GMAX         NAME    NUMBER
   8400      -1.8906E+05     8.8595E-02     5.8810E+00     O5'        34

 BOND    =    14338.9125  ANGLE   =      223.0270  DIHED      =      806.4284
 VDWAALS =    36965.0130  EEL     =  -238017.5815  HBOND      =        0.0000
 1-4 VDW =      252.3278  1-4 EEL =    -3636.3036  RESTRAINT  =       12.8072
 EAMBER  =  -189068.1762


   NSTEP       ENERGY          RMS            GMAX         NAME    NUMBER
   8450      -1.8906E+05     7.3468E-02     6.6136E+00     P          64

 BOND    =    14341.2474  ANGLE   =      222.9286  DIHED      =      806.4447
 VDWAALS =    36972.3333  EEL     =  -238034.5283  HBOND      =        0.0000
 1-4 VDW =      252.4948  1-4 EEL =    -3636.8886  RESTRAINT  =       12.8156
 EAMBER  =  -189075.9681


   NSTEP       ENERGY          RMS            GMAX         NAME    NUMBER
   8500      -1.8907E+05     6.6230E-02     3.7512E+00     Na+      1101

 BOND    =    14342.4560  ANGLE   =      222.9050  DIHED      =      806.4550
 VDWAALS =    36979.4828  EEL     =  -238049.5204  HBOND      =        0.0000
 1-4 VDW =      252.4892  1-4 EEL =    -3636.6393  RESTRAINT  =       12.8246
 EAMBER  =  -189082.3716


   NSTEP       ENERGY          RMS            GMAX         NAME    NUMBER
   8550      -1.8908E+05     8.6331E-02     5.9016E+00     O5'        67

 BOND    =    14345.1416  ANGLE   =      223.1343  DIHED      =      806.4918
 VDWAALS =    36985.4519  EEL     =  -238063.9815  HBOND      =        0.0000
 1-4 VDW =      252.5098  1-4 EEL =    -3636.7732  RESTRAINT  =       12.8328
 EAMBER  =  -189088.0252


   NSTEP       ENERGY          RMS            GMAX         NAME    NUMBER
   8600      -1.8908E+05     9.5462E-02     6.5058E+00     Na+      1101

 BOND    =    14346.3284  ANGLE   =      223.0125  DIHED      =      806.5443
 VDWAALS =    36990.9420  EEL     =  -238076.8826  HBOND      =        0.0000
 1-4 VDW =      252.5631  1-4 EEL =    -3636.7716  RESTRAINT  =       12.8435
 EAMBER  =  -189094.2639


   NSTEP       ENERGY          RMS            GMAX         NAME    NUMBER
   8650      -1.8909E+05     1.2255E-01     8.7424E+00     Na+      1101

 BOND    =    14348.0579  ANGLE   =      223.1988  DIHED      =      806.5948
 VDWAALS =    36995.8706  EEL     =  -238092.2739  HBOND      =        0.0000
 1-4 VDW =      252.5931  1-4 EEL =    -3636.8540  RESTRAINT  =       12.8595
 EAMBER  =  -189102.8127


   NSTEP       ENERGY          RMS            GMAX         NAME    NUMBER
   8700      -1.8910E+05     1.6407E-01     1.5791E+01     Na+      1101

 BOND    =    14348.2158  ANGLE   =      224.1494  DIHED      =      806.7041
 VDWAALS =    36999.9112  EEL     =  -238106.2860  HBOND      =        0.0000
 1-4 VDW =      252.5559  1-4 EEL =    -3637.2108  RESTRAINT  =       12.8714
 EAMBER  =  -189111.9604


   NSTEP       ENERGY          RMS            GMAX         NAME    NUMBER
   8750      -1.8911E+05     7.1413E-02     3.7971E+00     Na+      1101

 BOND    =    14350.4853  ANGLE   =      222.7290  DIHED      =      806.6126
 VDWAALS =    37002.9332  EEL     =  -238122.0193  HBOND      =        0.0000
 1-4 VDW =      252.6549  1-4 EEL =    -3636.2817  RESTRAINT  =       12.8814
 EAMBER  =  -189122.8861


   NSTEP       ENERGY          RMS            GMAX         NAME    NUMBER
   8800      -1.8912E+05     5.4040E-02     2.4374E+00     P          64

 BOND    =    14352.4245  ANGLE   =      222.5897  DIHED      =      806.6351
 VDWAALS =    37008.0064  EEL     =  -238135.4495  HBOND      =        0.0000
 1-4 VDW =      252.6694  1-4 EEL =    -3636.2497  RESTRAINT  =       12.8892
 EAMBER  =  -189129.3741


   NSTEP       ENERGY          RMS            GMAX         NAME    NUMBER
   8850      -1.8912E+05     5.4139E-02     3.4848E+00     C6         48

 BOND    =    14353.0769  ANGLE   =      222.4358  DIHED      =      806.6601
 VDWAALS =    37011.8382  EEL     =  -238144.8033  HBOND      =        0.0000
 1-4 VDW =      252.7379  1-4 EEL =    -3636.2393  RESTRAINT  =       12.8993
 EAMBER  =  -189134.2937


   NSTEP       ENERGY          RMS            GMAX         NAME    NUMBER
   8900      -1.8913E+05     6.6853E-02     3.3713E+00     C6         48

 BOND    =    14354.0960  ANGLE   =      222.4949  DIHED      =      806.6819
 VDWAALS =    37016.0726  EEL     =  -238154.9166  HBOND      =        0.0000
 1-4 VDW =      252.7217  1-4 EEL =    -3636.1590  RESTRAINT  =       12.9106
 EAMBER  =  -189139.0086


   NSTEP       ENERGY          RMS            GMAX         NAME    NUMBER
   8950      -1.8913E+05     5.1108E-02     3.0569E+00     C1'       356

 BOND    =    14354.6452  ANGLE   =      222.5466  DIHED      =      806.7197
 VDWAALS =    37017.0018  EEL     =  -238160.2920  HBOND      =        0.0000
 1-4 VDW =      252.7951  1-4 EEL =    -3636.0859  RESTRAINT  =       12.9145
 EAMBER  =  -189142.6695


   NSTEP       ENERGY          RMS            GMAX         NAME    NUMBER
   9000      -1.8915E+05     4.9016E-02     2.7355E+00     C2        398

 BOND    =    14358.1666  ANGLE   =      222.5051  DIHED      =      806.8292
 VDWAALS =    37029.3812  EEL     =  -238192.7589  HBOND      =        0.0000
 1-4 VDW =      252.8559  1-4 EEL =    -3636.0744  RESTRAINT  =       12.9720
 EAMBER  =  -189159.0953


   NSTEP       ENERGY          RMS            GMAX         NAME    NUMBER
   9050      -1.8915E+05     4.7742E-02     1.9901E+00     O       22631

 BOND    =    14359.5725  ANGLE   =      222.4805  DIHED      =      806.8825
 VDWAALS =    37033.7944  EEL     =  -238205.3388  HBOND      =        0.0000
 1-4 VDW =      252.8921  1-4 EEL =    -3636.0704  RESTRAINT  =       12.9919
 EAMBER  =  -189165.7872


   NSTEP       ENERGY          RMS            GMAX         NAME    NUMBER
   9100      -1.8916E+05     5.3855E-02     2.9159E+00     C5'        68

 BOND    =    14361.1172  ANGLE   =      222.4739  DIHED      =      806.9397
 VDWAALS =    37036.0430  EEL     =  -238214.8989  HBOND      =        0.0000
 1-4 VDW =      252.9020  1-4 EEL =    -3636.0232  RESTRAINT  =       13.0104
 EAMBER  =  -189171.4463


   NSTEP       ENERGY          RMS            GMAX         NAME    NUMBER
   9150      -1.8916E+05     3.2113E-02     1.7642E+00     C1'       356

 BOND    =    14360.6592  ANGLE   =      222.2928  DIHED      =      806.9025
 VDWAALS =    37038.3673  EEL     =  -238222.1484  HBOND      =        0.0000
 1-4 VDW =      252.8697  1-4 EEL =    -3635.9785  RESTRAINT  =       13.0235
 EAMBER  =  -189177.0355


   NSTEP       ENERGY          RMS            GMAX         NAME    NUMBER
   9200      -1.8917E+05     4.1900E-02     2.0911E+00     P          64

 BOND    =    14362.5966  ANGLE   =      222.3345  DIHED      =      806.9451
 VDWAALS =    37044.0819  EEL     =  -238239.2355  HBOND      =        0.0000
 1-4 VDW =      252.8960  1-4 EEL =    -3635.9964  RESTRAINT  =       13.0546
 EAMBER  =  -189186.3777


   NSTEP       ENERGY          RMS            GMAX         NAME    NUMBER
   9250      -1.8918E+05     3.7334E-02     2.3736E+00     P          64

 BOND    =    14363.7171  ANGLE   =      222.5356  DIHED      =      806.9668
 VDWAALS =    37047.6774  EEL     =  -238251.8992  HBOND      =        0.0000
 1-4 VDW =      252.8807  1-4 EEL =    -3635.9955  RESTRAINT  =       13.0772
 EAMBER  =  -189194.1171


   NSTEP       ENERGY          RMS            GMAX         NAME    NUMBER
   9300      -1.8919E+05     3.0767E-02     2.0484E+00     H1      23118

 BOND    =    14364.4702  ANGLE   =      222.3848  DIHED      =      807.0471
 VDWAALS =    37054.1290  EEL     =  -238266.6671  HBOND      =        0.0000
 1-4 VDW =      252.8880  1-4 EEL =    -3635.9397  RESTRAINT  =       13.1019
 EAMBER  =  -189201.6878


   NSTEP       ENERGY          RMS            GMAX         NAME    NUMBER
   9350      -1.8920E+05     3.6516E-02     1.8780E+00     C6        389

 BOND    =    14366.0570  ANGLE   =      222.4958  DIHED      =      807.0648
 VDWAALS =    37057.7990  EEL     =  -238278.9370  HBOND      =        0.0000
 1-4 VDW =      252.9055  1-4 EEL =    -3635.9209  RESTRAINT  =       13.1276
 EAMBER  =  -189208.5356


   NSTEP       ENERGY          RMS            GMAX         NAME    NUMBER
   9400      -1.8920E+05     3.5864E-02     1.5573E+00     C6        389

 BOND    =    14366.6954  ANGLE   =      222.4551  DIHED      =      807.1199
 VDWAALS =    37059.9390  EEL     =  -238288.1864  HBOND      =        0.0000
 1-4 VDW =      252.9094  1-4 EEL =    -3635.7887  RESTRAINT  =       13.1492
 EAMBER  =  -189214.8562


   NSTEP       ENERGY          RMS            GMAX         NAME    NUMBER
   9450      -1.8921E+05     5.0456E-02     3.2251E+00     C6        423

 BOND    =    14367.9752  ANGLE   =      222.3338  DIHED      =      807.2207
 VDWAALS =    37063.3365  EEL     =  -238301.0976  HBOND      =        0.0000
 1-4 VDW =      252.9857  1-4 EEL =    -3635.4985  RESTRAINT  =       13.1702
 EAMBER  =  -189222.7442


   NSTEP       ENERGY          RMS            GMAX         NAME    NUMBER
   9500      -1.8922E+05     4.4702E-02     2.8528E+00     H1       8649

 BOND    =    14370.6295  ANGLE   =      222.5198  DIHED      =      806.7888
 VDWAALS =    37068.4638  EEL     =  -238323.2978  HBOND      =        0.0000
 1-4 VDW =      252.9383  1-4 EEL =    -3635.1086  RESTRAINT  =       13.2118
 EAMBER  =  -189237.0663


   NSTEP       ENERGY          RMS            GMAX         NAME    NUMBER
   9550      -1.8923E+05     5.3870E-02     3.0486E+00     C3'       522

 BOND    =    14370.1536  ANGLE   =      222.3249  DIHED      =      806.5700
 VDWAALS =    37069.8445  EEL     =  -238329.7757  HBOND      =        0.0000
 1-4 VDW =      253.0194  1-4 EEL =    -3634.9588  RESTRAINT  =       13.2147
 EAMBER  =  -189242.8219


   NSTEP       ENERGY          RMS            GMAX         NAME    NUMBER
   9600      -1.8924E+05     5.7708E-02     5.4153E+00     O4'       507

 BOND    =    14370.7119  ANGLE   =      222.5191  DIHED      =      806.4588
 VDWAALS =    37070.7574  EEL     =  -238337.5690  HBOND      =        0.0000
 1-4 VDW =      252.8638  1-4 EEL =    -3634.5202  RESTRAINT  =       13.2279
 EAMBER  =  -189248.7781


   NSTEP       ENERGY          RMS            GMAX         NAME    NUMBER
   9650      -1.8924E+05     6.9682E-02     4.0371E+00     C6        205

 BOND    =    14370.8174  ANGLE   =      222.3541  DIHED      =      806.3905
 VDWAALS =    37071.3594  EEL     =  -238342.0457  HBOND      =        0.0000
 1-4 VDW =      252.9114  1-4 EEL =    -3634.5007  RESTRAINT  =       13.2338
 EAMBER  =  -189252.7135


   NSTEP       ENERGY          RMS            GMAX         NAME    NUMBER
   9700      -1.8924E+05     6.5404E-02     3.9464E+00     C3'       522

 BOND    =    14371.9965  ANGLE   =      222.3610  DIHED      =      806.3980
 VDWAALS =    37071.7608  EEL     =  -238348.0197  HBOND      =        0.0000
 1-4 VDW =      252.9289  1-4 EEL =    -3634.5827  RESTRAINT  =       13.2423
 EAMBER  =  -189257.1573


   NSTEP       ENERGY          RMS            GMAX         NAME    NUMBER
   9750      -1.8925E+05     4.1413E-02     1.8686E+00     C2'       402

 BOND    =    14371.2960  ANGLE   =      222.2271  DIHED      =      806.4187
 VDWAALS =    37072.5879  EEL     =  -238355.4451  HBOND      =        0.0000
 1-4 VDW =      252.9326  1-4 EEL =    -3634.6596  RESTRAINT  =       13.2581
 EAMBER  =  -189264.6424


   NSTEP       ENERGY          RMS            GMAX         NAME    NUMBER
   9800      -1.8926E+05     4.8843E-02     2.6273E+00     C2'       402

 BOND    =    14373.3386  ANGLE   =      222.2012  DIHED      =      806.4060
 VDWAALS =    37073.4252  EEL     =  -238363.7966  HBOND      =        0.0000
 1-4 VDW =      252.9326  1-4 EEL =    -3634.5505  RESTRAINT  =       13.2717
 EAMBER  =  -189270.0435


   NSTEP       ENERGY          RMS            GMAX         NAME    NUMBER
   9850      -1.8926E+05     4.0351E-02     2.2072E+00     H2'        61

 BOND    =    14372.0569  ANGLE   =      222.1447  DIHED      =      806.4026
 VDWAALS =    37074.9284  EEL     =  -238369.6679  HBOND      =        0.0000
 1-4 VDW =      252.9351  1-4 EEL =    -3634.6696  RESTRAINT  =       13.2829
 EAMBER  =  -189275.8696


   NSTEP       ENERGY          RMS            GMAX         NAME    NUMBER
   9900      -1.8927E+05     5.2201E-02     2.4519E+00     H2'        61

 BOND    =    14373.0178  ANGLE   =      222.1964  DIHED      =      806.3879
 VDWAALS =    37078.5091  EEL     =  -238382.9412  HBOND      =        0.0000
 1-4 VDW =      252.9104  1-4 EEL =    -3634.5912  RESTRAINT  =       13.3024
 EAMBER  =  -189284.5108


   NSTEP       ENERGY          RMS            GMAX         NAME    NUMBER
   9950      -1.8928E+05     4.7120E-02     2.3428E+00     C4'       383

 BOND    =    14371.9856  ANGLE   =      222.2167  DIHED      =      806.3937
 VDWAALS =    37080.4065  EEL     =  -238387.5829  HBOND      =        0.0000
 1-4 VDW =      252.9684  1-4 EEL =    -3634.9285  RESTRAINT  =       13.3089
 EAMBER  =  -189288.5405


   NSTEP       ENERGY          RMS            GMAX         NAME    NUMBER
  10000      -1.8928E+05     7.0072E-02     5.0775E+00     C6        511

 BOND    =    14373.5621  ANGLE   =      222.2691  DIHED      =      806.3883
 VDWAALS =    37082.4830  EEL     =  -238397.1255  HBOND      =        0.0000
 1-4 VDW =      253.0091  1-4 EEL =    -3635.0519  RESTRAINT  =       13.3205
 EAMBER  =  -189294.4658


  Maximum number of minimization cycles reached.


                    FINAL RESULTS



   NSTEP       ENERGY          RMS            GMAX         NAME    NUMBER
  10000      -1.8928E+05     7.0072E-02     5.0775E+00     C6        511

 BOND    =    14373.5621  ANGLE   =      222.2691  DIHED      =      806.3883
 VDWAALS =    37082.4830  EEL     =  -238397.1255  HBOND      =        0.0000
 1-4 VDW =      253.0091  1-4 EEL =    -3635.0519  RESTRAINT  =       13.3205
 EAMBER  =  -189294.4658
--------------------------------------------------------------------------------
   5.  TIMINGS
--------------------------------------------------------------------------------

|  NonSetup CPU Time in Major Routines:
|
|     Routine           Sec        %
|     ------------------------------
|     Nonbond          26.18   56.94
|     Bond              0.00    0.00
|     Angle             0.00    0.00
|     Dihedral          0.00    0.00
|     Shake             0.00    0.00
|     Other            19.80   43.06
|     ------------------------------
|     Total            45.97

|  PME Nonbond Pairlist CPU Time:
|
|     Routine              Sec        %
|     ---------------------------------
|     Set Up Cit           0.00    0.00
|     Build List           0.00    0.00
|     ---------------------------------
|     Total                0.00    0.00

|  PME Direct Force CPU Time:
|
|     Routine              Sec        %
|     ---------------------------------
|     NonBonded Calc       0.00    0.00
|     Exclude Masked       0.00    0.00
|     Other                0.02    0.03
|     ---------------------------------
|     Total                0.02    0.03

|  PME Reciprocal Force CPU Time:
|
|     Routine              Sec        %
|     ---------------------------------
|     1D bspline           0.00    0.00
|     Grid Charges         0.00    0.00
|     Scalar Sum           0.00    0.00
|     Gradient Sum         0.00    0.00
|     FFT                  0.00    0.00
|     ---------------------------------
|     Total                0.00    0.00

|  Setup CPU time:            1.03 seconds
|  NonSetup CPU time:        45.97 seconds
|  Total CPU time:           47.00 seconds     0.01 hours

|  Setup wall time:           1    seconds
|  NonSetup wall time:       46    seconds
|  Total wall time:          47    seconds     0.01 hours
