
          -------------------------------------------------------
          Amber 16 PMEMD                              2016
          -------------------------------------------------------

| PMEMD implementation of SANDER, Release 16

| Run on 10/23/2020 at 11:26:25

|   Executable path: pmemd.cuda
| Working directory: /home/kyq/T7RNADNA/7/fanLA7
|          Hostname: gpu01

  [-O]verwriting output

File Assignments:
|   MDIN: min1.in                                                               
|  MDOUT: cmp_min1.out                                                          
| INPCRD: cmp.inpcrd                                                            
|   PARM: cmp.prmtop                                                            
| RESTRT: cmp_min1.rst                                                          
|   REFC: cmp.inpcrd                                                            
|  MDVEL: mdvel                                                                 
|   MDEN: mden                                                                  
|  MDCRD: mdcrd                                                                 
| MDINFO: mdinfo                                                                
|  MDFRC: mdfrc                                                                 

 
 Here is the input file:
 
Initial minimisation of our structures                                         
 &cntrl                                                                        
  imin=1, maxcyc=4000, ncyc=2000,                                              
  cut=10, ntb=1,ntr=1,                                                         
  restraint_wt=2.0                                                             
  restraintmask=':1-34'                                                        
/                                                                              


Note: ig = -1. Setting random seed to    44049 based on wallclock time in 
      microseconds.
 
|--------------------- INFORMATION ----------------------
| GPU (CUDA) Version of PMEMD in use: NVIDIA GPU IN USE.
|                    Version 16.0.0
| 
|                      02/25/2016
| 
| Implementation by:
|                    Ross C. Walker     (SDSC)
|                    Scott Le Grand     (nVIDIA)
| 
| Precision model in use:
|      [SPFP] - Single Precision Forces, 64-bit Fixed Point
|               Accumulation. (Default)
| 
|--------------------------------------------------------
 
|----------------- CITATION INFORMATION -----------------
|
|    When publishing work that utilized the CUDA version
|    of AMBER, please cite the following in addition to
|    the regular AMBER citations:
|
|  - Romelia Salomon-Ferrer; Andreas W. Goetz; Duncan
|    Poole; Scott Le Grand; Ross C. Walker "Routine
|    microsecond molecular dynamics simulations with
|    AMBER - Part II: Particle Mesh Ewald", J. Chem.
|    Theory Comput., 2013, 9 (9), pp3878-3888,
|    DOI: 10.1021/ct400314y.
|
|  - Andreas W. Goetz; Mark J. Williamson; Dong Xu;
|    Duncan Poole; Scott Le Grand; Ross C. Walker
|    "Routine microsecond molecular dynamics simulations
|    with AMBER - Part I: Generalized Born", J. Chem.
|    Theory Comput., 2012, 8 (5), pp1542-1555.
|
|  - Scott Le Grand; Andreas W. Goetz; Ross C. Walker
|    "SPFP: Speed without compromise - a mixed precision
|    model for GPU accelerated molecular dynamics
|    simulations.", Comp. Phys. Comm., 2013, 184
|    pp374-380, DOI: 10.1016/j.cpc.2012.09.022
|
|--------------------------------------------------------
 
|------------------- GPU DEVICE INFO --------------------
|
|            CUDA_VISIBLE_DEVICES: 1
|   CUDA Capable Devices Detected:      1
|           CUDA Device ID in use:      0
|                CUDA Device Name: Tesla P100-PCIE-16GB
|     CUDA Device Global Mem Size:  16276 MB
| CUDA Device Num Multiprocessors:     56
|           CUDA Device Core Freq:   1.33 GHz
|
|--------------------------------------------------------
 
 
| Conditional Compilation Defines Used:
| PUBFFT
| BINTRAJ
| CUDA
| EMIL
 
| Largest sphere to fit in unit cell has radius =    31.918

| New format PARM file being parsed.
| Version =    1.000 Date = 10/23/20 Time = 11:24:18

| Note: 1-4 EEL scale factors are being read from the topology file.

| Note: 1-4 VDW scale factors are being read from the topology file.
| Duplicated    0 dihedrals

| Duplicated    0 dihedrals

--------------------------------------------------------------------------------
   1.  RESOURCE   USE: 
--------------------------------------------------------------------------------

 getting new box info from bottom of inpcrd
 NATOM  =   32504 NTYPES =      18 NBONH =   31781 MBONA  =     774
 NTHETH =     889 MTHETA =    1191 NPHIH =    1825 MPHIA  =    2449
 NHPARM =       0 NPARM  =       0 NNB   =   47851 NRES   =   10534
 NBONA  =     774 NTHETA =    1191 NPHIA =    2449 NUMBND =      61
 NUMANG =     127 NPTRA  =      75 NATYP =      34 NPHB   =       1
 IFBOX  =       2 NMXRS  =      33 IFCAP =       0 NEXTRA =       0
 NCOPY  =       0

| Coordinate Index Table dimensions:    12   12   12
| Direct force subcell size =     6.5153    6.5153    6.5153

     BOX TYPE: TRUNCATED OCTAHEDRON

--------------------------------------------------------------------------------
   2.  CONTROL  DATA  FOR  THE  RUN
--------------------------------------------------------------------------------

default_name                                                                    

General flags:
     imin    =       1, nmropt  =       0

Nature and format of input:
     ntx     =       1, irest   =       0, ntrx    =       1

Nature and format of output:
     ntxo    =       2, ntpr    =      50, ntrx    =       1, ntwr    =       1
     iwrap   =       0, ntwx    =       0, ntwv    =       0, ntwe    =       0
     ioutfm  =       1, ntwprt  =       0, idecomp =       0, rbornstat=      0

Potential function:
     ntf     =       1, ntb     =       1, igb     =       0, nsnb    =      25
     ipol    =       0, gbsa    =       0, iesp    =       0
     dielc   =   1.00000, cut     =  10.00000, intdiel =   1.00000

Frozen or restrained atoms:
     ibelly  =       0, ntr     =       1
     restraint_wt =   2.00000

Energy minimization:
     maxcyc  =    4000, ncyc    =    2000, ntmin   =       1
     dx0     =   0.01000, drms    =   0.00010

| Intermolecular bonds treatment:
|     no_intermolecular_bonds =       1

| Energy averages sample interval:
|     ene_avg_sampling =       1

Ewald parameters:
     verbose =       0, ew_type =       0, nbflag  =       1, use_pme =       1
     vdwmeth =       1, eedmeth =       1, netfrc  =       0
     Box X =   78.184   Box Y =   78.184   Box Z =   78.184
     Alpha =  109.471   Beta  =  109.471   Gamma =  109.471
     NFFT1 =   80       NFFT2 =   80       NFFT3 =   80
     Cutoff=   10.000   Tol   =0.100E-04
     Ewald Coefficient =  0.27511
     Interpolation order =    4

    LOADING THE CONSTRAINED ATOMS AS GROUPS


   5.  REFERENCE ATOM COORDINATES

  default_name                                                                    
     Mask :1-34; matches  1068 atoms

--------------------------------------------------------------------------------
   3.  ATOMIC COORDINATES AND VELOCITIES
--------------------------------------------------------------------------------

default_name                                                                    
 begin time read from input coords =     0.000 ps

 
 Number of triangulated 3-point waters found:    10468

     Sum of charges from parm topology file =   0.00000019
     Forcing neutrality...

| Dynamic Memory, Types Used:
| Reals              990043
| Integers           823299

| Nonbonded Pairs Initial Allocation:     9831647

| GPU memory information (estimate):
| KB of GPU memory in use:    164560
| KB of CPU memory in use:     53428

--------------------------------------------------------------------------------
   4.  RESULTS
--------------------------------------------------------------------------------

 ---------------------------------------------------
 APPROXIMATING switch and d/dx switch using CUBIC SPLINE INTERPOLATION
 using   5000.0 points per unit in tabled values
 TESTING RELATIVE ERROR over r ranging from 0.0 to cutoff
| CHECK switch(x): max rel err =   0.3316E-14   at   2.351880
| CHECK d/dx switch(x): max rel err =   0.8066E-11   at   2.747240
 ---------------------------------------------------
|---------------------------------------------------
| APPROXIMATING direct energy using CUBIC SPLINE INTERPOLATION
|  with   50.0 points per unit in tabled values
| Relative Error Limit not exceeded for r .gt.   2.34
| APPROXIMATING direct force using CUBIC SPLINE INTERPOLATION
|  with   50.0 points per unit in tabled values
| Relative Error Limit not exceeded for r .gt.   2.81
|---------------------------------------------------


   NSTEP       ENERGY          RMS            GMAX         NAME    NUMBER
      1       1.4098E+07     2.2549E+02     2.5613E+04     C2        426

 BOND    =       53.3798  ANGLE   =     3850.5015  DIHED      =      892.7971
 VDWAALS = 14198041.8697  EEL     =  -104197.3084  HBOND      =        0.0000
 1-4 VDW =     3377.5938  1-4 EEL =    -4153.6897  RESTRAINT  =        0.0000


   NSTEP       ENERGY          RMS            GMAX         NAME    NUMBER
     50      -1.1318E+05     5.4483E+00     2.7732E+02     C6        421

 BOND    =     6269.4349  ANGLE   =      416.0473  DIHED      =      976.6196
 VDWAALS =     9865.3753  EEL     =  -126859.4186  HBOND      =        0.0000
 1-4 VDW =      294.8252  1-4 EEL =    -4280.6319  RESTRAINT  =      136.5707
 EAMBER  =  -113317.7482


   NSTEP       ENERGY          RMS            GMAX         NAME    NUMBER
    100      -1.1979E+05     3.4837E+00     2.2400E+02     C2        426

 BOND    =     6932.9978  ANGLE   =      265.1109  DIHED      =      958.6390
 VDWAALS =    10758.4846  EEL     =  -134879.8390  HBOND      =        0.0000
 1-4 VDW =      270.1411  1-4 EEL =    -4298.9493  RESTRAINT  =      200.9746
 EAMBER  =  -119993.4147


   NSTEP       ENERGY          RMS            GMAX         NAME    NUMBER
    150      -1.2291E+05     1.0723E+00     5.9445E+01     P         344

 BOND    =     7001.6980  ANGLE   =      242.8440  DIHED      =      952.2112
 VDWAALS =    11772.8398  EEL     =  -139079.3713  HBOND      =        0.0000
 1-4 VDW =      267.4157  1-4 EEL =    -4304.6471  RESTRAINT  =      239.6980
 EAMBER  =  -123147.0098


   NSTEP       ENERGY          RMS            GMAX         NAME    NUMBER
    200      -1.2481E+05     2.5726E+00     3.3985E+02     P         344

 BOND    =     7353.2992  ANGLE   =      254.7114  DIHED      =      950.6731
 VDWAALS =    12728.9306  EEL     =  -142325.6400  HBOND      =        0.0000
 1-4 VDW =      265.5895  1-4 EEL =    -4307.4189  RESTRAINT  =      269.1613
 EAMBER  =  -125079.8551


   NSTEP       ENERGY          RMS            GMAX         NAME    NUMBER
    250      -1.2637E+05     1.5137E+00     1.8932E+02     P         344

 BOND    =     7524.6475  ANGLE   =      230.7964  DIHED      =      950.7234
 VDWAALS =    13589.1243  EEL     =  -144914.7095  HBOND      =        0.0000
 1-4 VDW =      260.3316  1-4 EEL =    -4303.7544  RESTRAINT  =      289.5924
 EAMBER  =  -126662.8407


   NSTEP       ENERGY          RMS            GMAX         NAME    NUMBER
    300      -1.2753E+05     5.2694E-01     1.7478E+01     N9        666

 BOND    =     7682.1240  ANGLE   =      220.8339  DIHED      =      949.8712
 VDWAALS =    14331.5596  EEL     =  -146978.2344  HBOND      =        0.0000
 1-4 VDW =      260.5473  1-4 EEL =    -4303.5765  RESTRAINT  =      303.0452
 EAMBER  =  -127836.8749


   NSTEP       ENERGY          RMS            GMAX         NAME    NUMBER
    350      -1.2846E+05     1.4113E+00     1.3561E+02     C2        675

 BOND    =     7863.2736  ANGLE   =      225.8006  DIHED      =      948.9302
 VDWAALS =    15003.4707  EEL     =  -148768.7538  HBOND      =        0.0000
 1-4 VDW =      260.9447  1-4 EEL =    -4302.8703  RESTRAINT  =      312.1612
 EAMBER  =  -128769.2043


   NSTEP       ENERGY          RMS            GMAX         NAME    NUMBER
    400      -1.2921E+05     1.8603E+00     2.3579E+02     C4        680

 BOND    =     8021.8705  ANGLE   =      226.9508  DIHED      =      948.0558
 VDWAALS =    15576.3106  EEL     =  -150263.1662  HBOND      =        0.0000
 1-4 VDW =      262.1422  1-4 EEL =    -4302.0987  RESTRAINT  =      317.4010
 EAMBER  =  -129529.9349


   NSTEP       ENERGY          RMS            GMAX         NAME    NUMBER
    450      -1.2993E+05     1.2269E+00     1.5435E+02     C4        680

 BOND    =     8123.5693  ANGLE   =      217.2821  DIHED      =      947.1438
 VDWAALS =    16109.2961  EEL     =  -151610.5151  HBOND      =        0.0000
 1-4 VDW =      259.8520  1-4 EEL =    -4298.8120  RESTRAINT  =      320.5478
 EAMBER  =  -130252.1839


   NSTEP       ENERGY          RMS            GMAX         NAME    NUMBER
    500      -1.3054E+05     5.0292E-01     3.6550E+01     N9        666

 BOND    =     8219.5895  ANGLE   =      210.7759  DIHED      =      946.4488
 VDWAALS =    16562.3912  EEL     =  -152761.8182  HBOND      =        0.0000
 1-4 VDW =      260.7090  1-4 EEL =    -4299.2061  RESTRAINT  =      322.8302
 EAMBER  =  -130861.1099


   NSTEP       ENERGY          RMS            GMAX         NAME    NUMBER
    550      -1.3107E+05     9.5108E-01     9.9258E+01     N9        666

 BOND    =     8329.1458  ANGLE   =      212.2599  DIHED      =      945.8026
 VDWAALS =    16974.7512  EEL     =  -153822.9532  HBOND      =        0.0000
 1-4 VDW =      260.9294  1-4 EEL =    -4299.1347  RESTRAINT  =      324.6278
 EAMBER  =  -131399.1990


   NSTEP       ENERGY          RMS            GMAX         NAME    NUMBER
    600      -1.3156E+05     1.3993E+00     1.5388E+02     N9        666

 BOND    =     8432.3982  ANGLE   =      217.4130  DIHED      =      945.0642
 VDWAALS =    17355.6693  EEL     =  -154794.5225  HBOND      =        0.0000
 1-4 VDW =      260.6539  1-4 EEL =    -4299.5967  RESTRAINT  =      325.4139
 EAMBER  =  -131882.9207


   NSTEP       ENERGY          RMS            GMAX         NAME    NUMBER
    650      -1.3204E+05     8.2369E-01     8.3267E+01     N9        666

 BOND    =     8503.1417  ANGLE   =      212.6652  DIHED      =      944.3540
 VDWAALS =    17715.5343  EEL     =  -155702.9344  HBOND      =        0.0000
 1-4 VDW =      259.4463  1-4 EEL =    -4297.2604  RESTRAINT  =      325.6307
 EAMBER  =  -132365.0532


   NSTEP       ENERGY          RMS            GMAX         NAME    NUMBER
    700      -1.3243E+05     1.3263E+00     1.1187E+02     C6        704

 BOND    =     8598.0568  ANGLE   =      211.9876  DIHED      =      943.6521
 VDWAALS =    18044.1410  EEL     =  -156523.9417  HBOND      =        0.0000
 1-4 VDW =      261.0048  1-4 EEL =    -4295.8209  RESTRAINT  =      326.0210
 EAMBER  =  -132760.9203


   NSTEP       ENERGY          RMS            GMAX         NAME    NUMBER
    750      -1.3283E+05     4.5297E-01     4.2845E+01     C2        304

 BOND    =     8649.4023  ANGLE   =      210.0322  DIHED      =      943.1431
 VDWAALS =    18351.3067  EEL     =  -157273.8512  HBOND      =        0.0000
 1-4 VDW =      260.6248  1-4 EEL =    -4297.0158  RESTRAINT  =      326.4006
 EAMBER  =  -133156.3581


   NSTEP       ENERGY          RMS            GMAX         NAME    NUMBER
    800      -1.3318E+05     3.1558E-01     1.7773E+01     C2        304

 BOND    =     8716.9060  ANGLE   =      209.6716  DIHED      =      942.8334
 VDWAALS =    18643.3127  EEL     =  -157987.0036  HBOND      =        0.0000
 1-4 VDW =      260.7608  1-4 EEL =    -4296.0111  RESTRAINT  =      326.7662
 EAMBER  =  -133509.5301


   NSTEP       ENERGY          RMS            GMAX         NAME    NUMBER
    850      -1.3350E+05     2.9941E-01     1.9087E+01     C2        304

 BOND    =     8779.5970  ANGLE   =      209.4475  DIHED      =      942.6001
 VDWAALS =    18911.4135  EEL     =  -158636.0037  HBOND      =        0.0000
 1-4 VDW =      261.0458  1-4 EEL =    -4295.4924  RESTRAINT  =      327.0310
 EAMBER  =  -133827.3922


   NSTEP       ENERGY          RMS            GMAX         NAME    NUMBER
    900      -1.3379E+05     8.5776E-01     1.0417E+02     C2        304

 BOND    =     8847.0597  ANGLE   =      211.3274  DIHED      =      942.3826
 VDWAALS =    19169.0402  EEL     =  -159255.4498  HBOND      =        0.0000
 1-4 VDW =      261.3492  1-4 EEL =    -4294.3011  RESTRAINT  =      327.1930
 EAMBER  =  -134118.5919


   NSTEP       ENERGY          RMS            GMAX         NAME    NUMBER
    950      -1.3407E+05     2.9573E-01     2.1576E+01     C2        304

 BOND    =     8894.0411  ANGLE   =      208.1685  DIHED      =      942.1665
 VDWAALS =    19401.3520  EEL     =  -159812.5781  HBOND      =        0.0000
 1-4 VDW =      261.6877  1-4 EEL =    -4294.6238  RESTRAINT  =      327.2091
 EAMBER  =  -134399.7861


   NSTEP       ENERGY          RMS            GMAX         NAME    NUMBER
   1000      -1.3433E+05     7.2032E-01     1.0955E+02     C2        304

 BOND    =     8953.4252  ANGLE   =      208.7196  DIHED      =      941.9595
 VDWAALS =    19631.3725  EEL     =  -160360.1731  HBOND      =        0.0000
 1-4 VDW =      261.9979  1-4 EEL =    -4294.6707  RESTRAINT  =      327.1065
 EAMBER  =  -134657.3690


   NSTEP       ENERGY          RMS            GMAX         NAME    NUMBER
   1050      -1.3458E+05     2.6283E-01     1.3312E+01     C2        304

 BOND    =     8995.0737  ANGLE   =      206.9063  DIHED      =      941.7854
 VDWAALS =    19846.2495  EEL     =  -160868.8789  HBOND      =        0.0000
 1-4 VDW =      262.1466  1-4 EEL =    -4293.6057  RESTRAINT  =      326.8468
 EAMBER  =  -134910.3232


   NSTEP       ENERGY          RMS            GMAX         NAME    NUMBER
   1100      -1.3481E+05     6.7436E-01     7.7691E+01     C2        304

 BOND    =     9046.5560  ANGLE   =      207.4066  DIHED      =      941.6177
 VDWAALS =    20054.9758  EEL     =  -161359.5283  HBOND      =        0.0000
 1-4 VDW =      262.4923  1-4 EEL =    -4292.7291  RESTRAINT  =      326.5486
 EAMBER  =  -135139.2091


   NSTEP       ENERGY          RMS            GMAX         NAME    NUMBER
   1150      -1.3503E+05     2.8729E-01     2.7370E+01     C2        304

 BOND    =     9085.0240  ANGLE   =      205.4164  DIHED      =      941.4589
 VDWAALS =    20243.7981  EEL     =  -161799.4119  HBOND      =        0.0000
 1-4 VDW =      262.3686  1-4 EEL =    -4292.7628  RESTRAINT  =      326.3101
 EAMBER  =  -135354.1087


   NSTEP       ENERGY          RMS            GMAX         NAME    NUMBER
   1200      -1.3522E+05     5.4932E-01     7.5691E+01     C2        304

 BOND    =     9128.4103  ANGLE   =      205.3377  DIHED      =      941.3110
 VDWAALS =    20422.3383  EEL     =  -162216.5472  HBOND      =        0.0000
 1-4 VDW =      262.4113  1-4 EEL =    -4292.5348  RESTRAINT  =      326.0411
 EAMBER  =  -135549.2734


   NSTEP       ENERGY          RMS            GMAX         NAME    NUMBER
   1250      -1.3542E+05     2.4747E-01     1.9138E+01     C2        304

 BOND    =     9162.9262  ANGLE   =      203.5753  DIHED      =      941.1414
 VDWAALS =    20590.7453  EEL     =  -162611.5394  HBOND      =        0.0000
 1-4 VDW =      262.5169  1-4 EEL =    -4291.3982  RESTRAINT  =      325.6014
 EAMBER  =  -135742.0325


   NSTEP       ENERGY          RMS            GMAX         NAME    NUMBER
   1300      -1.3560E+05     3.1042E-01     3.4064E+01     C2        304

 BOND    =     9200.7429  ANGLE   =      203.0860  DIHED      =      940.9052
 VDWAALS =    20755.3178  EEL     =  -162998.6651  HBOND      =        0.0000
 1-4 VDW =      262.5359  1-4 EEL =    -4290.8768  RESTRAINT  =      325.0389
 EAMBER  =  -135926.9539


   NSTEP       ENERGY          RMS            GMAX         NAME    NUMBER
   1350      -1.3577E+05     7.1843E-01     8.4337E+01     C2        304

 BOND    =     9241.5478  ANGLE   =      202.8991  DIHED      =      940.6893
 VDWAALS =    20907.2184  EEL     =  -163357.8286  HBOND      =        0.0000
 1-4 VDW =      262.8679  1-4 EEL =    -4290.0349  RESTRAINT  =      324.4496
 EAMBER  =  -136092.6410


   NSTEP       ENERGY          RMS            GMAX         NAME    NUMBER
   1400      -1.3594E+05     3.5448E-01     4.8909E+01     C2        304

 BOND    =     9270.6829  ANGLE   =      201.4468  DIHED      =      940.3647
 VDWAALS =    21052.4450  EEL     =  -163698.8866  HBOND      =        0.0000
 1-4 VDW =      262.7003  1-4 EEL =    -4290.5700  RESTRAINT  =      323.8095
 EAMBER  =  -136261.8168


   NSTEP       ENERGY          RMS            GMAX         NAME    NUMBER
   1450      -1.3609E+05     5.6339E-01     8.9352E+01     C2        304

 BOND    =     9306.6432  ANGLE   =      200.8423  DIHED      =      940.0643
 VDWAALS =    21196.0597  EEL     =  -164033.0967  HBOND      =        0.0000
 1-4 VDW =      262.8252  1-4 EEL =    -4290.4136  RESTRAINT  =      323.1485
 EAMBER  =  -136417.0756


   NSTEP       ENERGY          RMS            GMAX         NAME    NUMBER
   1500      -1.3624E+05     2.1001E-01     1.4616E+01     C2        304

 BOND    =     9331.2240  ANGLE   =      199.7518  DIHED      =      939.8017
 VDWAALS =    21329.4737  EEL     =  -164337.6539  HBOND      =        0.0000
 1-4 VDW =      262.7087  1-4 EEL =    -4289.6852  RESTRAINT  =      322.5045
 EAMBER  =  -136564.3792


   NSTEP       ENERGY          RMS            GMAX         NAME    NUMBER
   1550      -1.3638E+05     5.1502E-01     7.6238E+01     C2        304

 BOND    =     9362.5886  ANGLE   =      200.2708  DIHED      =      939.5295
 VDWAALS =    21463.6280  EEL     =  -164640.8607  HBOND      =        0.0000
 1-4 VDW =      262.5983  1-4 EEL =    -4289.2576  RESTRAINT  =      321.8378
 EAMBER  =  -136701.5031


   NSTEP       ENERGY          RMS            GMAX         NAME    NUMBER
   1600      -1.3651E+05     7.7721E-01     8.7017E+01     C2        304

 BOND    =     9392.8852  ANGLE   =      202.0426  DIHED      =      939.2718
 VDWAALS =    21592.5922  EEL     =  -164929.3224  HBOND      =        0.0000
 1-4 VDW =      262.3360  1-4 EEL =    -4289.3925  RESTRAINT  =      321.2090
 EAMBER  =  -136829.5870


   NSTEP       ENERGY          RMS            GMAX         NAME    NUMBER
   1650      -1.3664E+05     3.3314E-01     4.5749E+01     C2        304

 BOND    =     9417.4421  ANGLE   =      197.2797  DIHED      =      938.9920
 VDWAALS =    21714.7712  EEL     =  -165201.3835  HBOND      =        0.0000
 1-4 VDW =      262.9502  1-4 EEL =    -4289.5424  RESTRAINT  =      320.6768
 EAMBER  =  -136959.4907


   NSTEP       ENERGY          RMS            GMAX         NAME    NUMBER
   1700      -1.3675E+05     1.9344E-01     1.5701E+01     C2        304

 BOND    =     9440.3127  ANGLE   =      196.8154  DIHED      =      938.7808
 VDWAALS =    21831.0043  EEL     =  -165454.8208  HBOND      =        0.0000
 1-4 VDW =      262.9089  1-4 EEL =    -4289.1767  RESTRAINT  =      320.2155
 EAMBER  =  -137074.1754


   NSTEP       ENERGY          RMS            GMAX         NAME    NUMBER
   1750      -1.3686E+05     2.6407E-01     3.4065E+01     C2        304

 BOND    =     9464.8624  ANGLE   =      196.1808  DIHED      =      938.5640
 VDWAALS =    21943.9122  EEL     =  -165700.3069  HBOND      =        0.0000
 1-4 VDW =      263.0124  1-4 EEL =    -4288.9663  RESTRAINT  =      319.8023
 EAMBER  =  -137182.7413


   NSTEP       ENERGY          RMS            GMAX         NAME    NUMBER
   1800      -1.3697E+05     5.2597E-01     6.8686E+01     C2        304

 BOND    =     9491.8654  ANGLE   =      195.4986  DIHED      =      938.3613
 VDWAALS =    22055.5470  EEL     =  -165941.7517  HBOND      =        0.0000
 1-4 VDW =      263.2928  1-4 EEL =    -4288.5502  RESTRAINT  =      319.4208
 EAMBER  =  -137285.7369


   NSTEP       ENERGY          RMS            GMAX         NAME    NUMBER
   1850      -1.3707E+05     2.7685E-01     3.8172E+01     C2        304

 BOND    =     9511.6597  ANGLE   =      194.9878  DIHED      =      938.1343
 VDWAALS =    22160.4968  EEL     =  -166166.0239  HBOND      =        0.0000
 1-4 VDW =      263.1284  1-4 EEL =    -4289.2085  RESTRAINT  =      319.0766
 EAMBER  =  -137386.8254


   NSTEP       ENERGY          RMS            GMAX         NAME    NUMBER
   1900      -1.3716E+05     4.3754E-01     7.0335E+01     C2        304

 BOND    =     9534.2809  ANGLE   =      194.8850  DIHED      =      937.9501
 VDWAALS =    22258.9495  EEL     =  -166376.3952  HBOND      =        0.0000
 1-4 VDW =      263.1553  1-4 EEL =    -4289.3115  RESTRAINT  =      318.7478
 EAMBER  =  -137476.4859


   NSTEP       ENERGY          RMS            GMAX         NAME    NUMBER
   1950      -1.3724E+05     6.6913E-01     9.6236E+01     C2        304

 BOND    =     9559.5780  ANGLE   =      194.0167  DIHED      =      937.7817
 VDWAALS =    22355.0419  EEL     =  -166583.1832  HBOND      =        0.0000
 1-4 VDW =      263.5136  1-4 EEL =    -4289.1658  RESTRAINT  =      318.4136
 EAMBER  =  -137562.4171


   NSTEP       ENERGY          RMS            GMAX         NAME    NUMBER
   2000      -1.3733E+05     2.8572E-01     3.4619E+01     C2        304

 BOND    =     9571.5357  ANGLE   =      193.7446  DIHED      =      937.6685
 VDWAALS =    22445.3073  EEL     =  -166775.8637  HBOND      =        0.0000
 1-4 VDW =      263.1803  1-4 EEL =    -4288.3974  RESTRAINT  =      318.0580
 EAMBER  =  -137652.8247


   NSTEP       ENERGY          RMS            GMAX         NAME    NUMBER
   2050      -1.3806E+05     9.4371E-01     6.0049E+01     N3        303

 BOND    =     9786.7879  ANGLE   =      206.3098  DIHED      =      937.3543
 VDWAALS =    23356.3261  EEL     =  -168633.5813  HBOND      =        0.0000
 1-4 VDW =      262.8142  1-4 EEL =    -4287.0974  RESTRAINT  =      313.7866
 EAMBER  =  -138371.0863


   NSTEP       ENERGY          RMS            GMAX         NAME    NUMBER
   2100      -1.3831E+05     5.5383E-01     3.3821E+01     N3        303

 BOND    =     9803.7624  ANGLE   =      199.8483  DIHED      =      937.3058
 VDWAALS =    23507.0504  EEL     =  -169043.1874  HBOND      =        0.0000
 1-4 VDW =      262.3623  1-4 EEL =    -4289.8542  RESTRAINT  =      312.9530
 EAMBER  =  -138622.7123


   NSTEP       ENERGY          RMS            GMAX         NAME    NUMBER
   2150      -1.3852E+05     4.9511E-01     2.6973E+01     C4'       443

 BOND    =     9842.1728  ANGLE   =      198.5595  DIHED      =      937.5713
 VDWAALS =    23664.8574  EEL     =  -169446.5435  HBOND      =        0.0000
 1-4 VDW =      262.7051  1-4 EEL =    -4289.5204  RESTRAINT  =      311.4404
 EAMBER  =  -138830.1979


   NSTEP       ENERGY          RMS            GMAX         NAME    NUMBER
   2200      -1.3869E+05     4.5382E-01     2.6917E+01     C4'       443

 BOND    =     9870.2049  ANGLE   =      197.9627  DIHED      =      937.4264
 VDWAALS =    23797.1782  EEL     =  -169774.3890  HBOND      =        0.0000
 1-4 VDW =      262.7149  1-4 EEL =    -4289.7527  RESTRAINT  =      310.1842
 EAMBER  =  -138998.6547


   NSTEP       ENERGY          RMS            GMAX         NAME    NUMBER
   2250      -1.3885E+05     4.4463E-01     3.0015E+01     C4'       443

 BOND    =     9900.8880  ANGLE   =      197.3858  DIHED      =      937.3429
 VDWAALS =    23927.7158  EEL     =  -170093.8013  HBOND      =        0.0000
 1-4 VDW =      262.9618  1-4 EEL =    -4290.0953  RESTRAINT  =      309.2390
 EAMBER  =  -139157.6023


   NSTEP       ENERGY          RMS            GMAX         NAME    NUMBER
   2300      -1.3898E+05     4.5076E-01     2.7664E+01     C4'       443

 BOND    =     9925.3885  ANGLE   =      196.6493  DIHED      =      937.1446
 VDWAALS =    24034.3348  EEL     =  -170352.6556  HBOND      =        0.0000
 1-4 VDW =      263.1972  1-4 EEL =    -4289.8564  RESTRAINT  =      308.2878
 EAMBER  =  -139285.7976


   NSTEP       ENERGY          RMS            GMAX         NAME    NUMBER
   2350      -1.3911E+05     4.1858E-01     2.7523E+01     P         466

 BOND    =     9949.5934  ANGLE   =      195.8347  DIHED      =      936.8936
 VDWAALS =    24141.7782  EEL     =  -170615.5800  HBOND      =        0.0000
 1-4 VDW =      263.5927  1-4 EEL =    -4289.6959  RESTRAINT  =      307.3102
 EAMBER  =  -139417.5834


   NSTEP       ENERGY          RMS            GMAX         NAME    NUMBER
   2400      -1.3924E+05     3.8369E-01     2.6246E+01     P         466

 BOND    =     9973.5001  ANGLE   =      195.3383  DIHED      =      936.7795
 VDWAALS =    24252.3602  EEL     =  -170874.2097  HBOND      =        0.0000
 1-4 VDW =      263.6008  1-4 EEL =    -4289.5024  RESTRAINT  =      306.4977
 EAMBER  =  -139542.1332


   NSTEP       ENERGY          RMS            GMAX         NAME    NUMBER
   2450      -1.3935E+05     3.7962E-01     2.5768E+01     C4'       443

 BOND    =     9997.1093  ANGLE   =      195.1479  DIHED      =      936.4541
 VDWAALS =    24346.7851  EEL     =  -171105.6577  HBOND      =        0.0000
 1-4 VDW =      263.4971  1-4 EEL =    -4289.5655  RESTRAINT  =      305.8661
 EAMBER  =  -139656.2296


   NSTEP       ENERGY          RMS            GMAX         NAME    NUMBER
   2500      -1.3947E+05     3.6050E-01     2.5071E+01     C4'       443

 BOND    =    10019.1060  ANGLE   =      195.3356  DIHED      =      936.3336
 VDWAALS =    24441.8267  EEL     =  -171342.2774  HBOND      =        0.0000
 1-4 VDW =      263.5725  1-4 EEL =    -4289.5322  RESTRAINT  =      305.4395
 EAMBER  =  -139775.6354


   NSTEP       ENERGY          RMS            GMAX         NAME    NUMBER
   2550      -1.3959E+05     4.0263E-01     2.3296E+01     C4'       443

 BOND    =    10043.2170  ANGLE   =      195.7995  DIHED      =      936.2912
 VDWAALS =    24550.2617  EEL     =  -171599.0316  HBOND      =        0.0000
 1-4 VDW =      263.7054  1-4 EEL =    -4289.5181  RESTRAINT  =      305.2511
 EAMBER  =  -139899.2750


   NSTEP       ENERGY          RMS            GMAX         NAME    NUMBER
   2600      -1.3974E+05     3.8444E-01     1.9726E+01     O3'       465

 BOND    =    10073.4232  ANGLE   =      196.2357  DIHED      =      936.3055
 VDWAALS =    24679.7064  EEL     =  -171905.6682  HBOND      =        0.0000
 1-4 VDW =      264.0296  1-4 EEL =    -4288.8653  RESTRAINT  =      304.3223
 EAMBER  =  -140044.8332


   NSTEP       ENERGY          RMS            GMAX         NAME    NUMBER
   2650      -1.3989E+05     3.7265E-01     1.8397E+01     H3'       903

 BOND    =    10102.2196  ANGLE   =      198.9926  DIHED      =      935.7934
 VDWAALS =    24784.1175  EEL     =  -172188.9508  HBOND      =        0.0000
 1-4 VDW =      264.9013  1-4 EEL =    -4291.2680  RESTRAINT  =      303.6121
 EAMBER  =  -140194.1944


   NSTEP       ENERGY          RMS            GMAX         NAME    NUMBER
   2700      -1.4000E+05     4.2762E-01     2.0035E+01     O3'       465

 BOND    =    10121.3149  ANGLE   =      199.8936  DIHED      =      936.0220
 VDWAALS =    24881.0804  EEL     =  -172414.8382  HBOND      =        0.0000
 1-4 VDW =      265.1455  1-4 EEL =    -4290.8440  RESTRAINT  =      303.2837
 EAMBER  =  -140302.2259


   NSTEP       ENERGY          RMS            GMAX         NAME    NUMBER
   2750      -1.4013E+05     5.5982E-01     3.1154E+01     C4        299

 BOND    =    10144.8159  ANGLE   =      201.5724  DIHED      =      936.2546
 VDWAALS =    25007.9587  EEL     =  -172696.7930  HBOND      =        0.0000
 1-4 VDW =      265.3793  1-4 EEL =    -4290.8408  RESTRAINT  =      303.0559
 EAMBER  =  -140431.6530


   NSTEP       ENERGY          RMS            GMAX         NAME    NUMBER
   2800      -1.4028E+05     6.9026E-01     4.2375E+01     O3'       465

 BOND    =    10172.7923  ANGLE   =      205.9447  DIHED      =      937.2139
 VDWAALS =    25089.6555  EEL     =  -172964.7820  HBOND      =        0.0000
 1-4 VDW =      264.7118  1-4 EEL =    -4288.3744  RESTRAINT  =      303.4789
 EAMBER  =  -140582.8381


   NSTEP       ENERGY          RMS            GMAX         NAME    NUMBER
   2850      -1.4037E+05     3.4841E-01     2.3622E+01     C3'       460

 BOND    =    10185.0626  ANGLE   =      198.7285  DIHED      =      936.5059
 VDWAALS =    25141.9736  EEL     =  -173116.4218  HBOND      =        0.0000
 1-4 VDW =      264.8293  1-4 EEL =    -4288.8388  RESTRAINT  =      303.3444
 EAMBER  =  -140678.1607


   NSTEP       ENERGY          RMS            GMAX         NAME    NUMBER
   2900      -1.4048E+05     2.6402E-01     1.7405E+01     N3        303

 BOND    =    10202.8331  ANGLE   =      197.6818  DIHED      =      936.2862
 VDWAALS =    25209.8165  EEL     =  -173303.5015  HBOND      =        0.0000
 1-4 VDW =      264.9459  1-4 EEL =    -4289.9928  RESTRAINT  =      303.2263
 EAMBER  =  -140781.9308


   NSTEP       ENERGY          RMS            GMAX         NAME    NUMBER
   2950      -1.4058E+05     2.0067E-01     1.0602E+01     N3        303

 BOND    =    10219.0523  ANGLE   =      198.2297  DIHED      =      936.1680
 VDWAALS =    25289.9844  EEL     =  -173499.3685  HBOND      =        0.0000
 1-4 VDW =      265.1997  1-4 EEL =    -4290.1342  RESTRAINT  =      303.1188
 EAMBER  =  -140880.8686


   NSTEP       ENERGY          RMS            GMAX         NAME    NUMBER
   3000      -1.4069E+05     2.1460E-01     1.2677E+01     C5        297

 BOND    =    10242.9068  ANGLE   =      197.6980  DIHED      =      936.2481
 VDWAALS =    25394.8763  EEL     =  -173740.7879  HBOND      =        0.0000
 1-4 VDW =      265.2240  1-4 EEL =    -4289.7000  RESTRAINT  =      303.3224
 EAMBER  =  -140993.5347


   NSTEP       ENERGY          RMS            GMAX         NAME    NUMBER
   3050      -1.4077E+05     1.7758E-01     9.3066E+00     C1'       322

 BOND    =    10260.0066  ANGLE   =      197.8622  DIHED      =      936.1642
 VDWAALS =    25454.1752  EEL     =  -173894.3202  HBOND      =        0.0000
 1-4 VDW =      265.0979  1-4 EEL =    -4289.1039  RESTRAINT  =      303.0864
 EAMBER  =  -141070.1180


   NSTEP       ENERGY          RMS            GMAX         NAME    NUMBER
   3100      -1.4084E+05     1.9117E-01     8.6627E+00     C2        304

 BOND    =    10275.0880  ANGLE   =      197.8562  DIHED      =      936.0837
 VDWAALS =    25513.7372  EEL     =  -174046.9451  HBOND      =        0.0000
 1-4 VDW =      265.1215  1-4 EEL =    -4288.8815  RESTRAINT  =      303.0297
 EAMBER  =  -141147.9399


   NSTEP       ENERGY          RMS            GMAX         NAME    NUMBER
   3150      -1.4092E+05     1.9740E-01     1.3044E+01     C2        304

 BOND    =    10286.7031  ANGLE   =      197.1468  DIHED      =      935.8939
 VDWAALS =    25568.4521  EEL     =  -174187.6091  HBOND      =        0.0000
 1-4 VDW =      265.4190  1-4 EEL =    -4288.7774  RESTRAINT  =      303.0361
 EAMBER  =  -141222.7716


   NSTEP       ENERGY          RMS            GMAX         NAME    NUMBER
   3200      -1.4099E+05     1.7173E-01     6.5110E+00     C2'       904

 BOND    =    10296.1562  ANGLE   =      196.7901  DIHED      =      935.8273
 VDWAALS =    25617.8210  EEL     =  -174312.8647  HBOND      =        0.0000
 1-4 VDW =      265.4856  1-4 EEL =    -4288.6765  RESTRAINT  =      303.2413
 EAMBER  =  -141289.4610


   NSTEP       ENERGY          RMS            GMAX         NAME    NUMBER
   3250      -1.4106E+05     1.9707E-01     1.0611E+01     C2'       904

 BOND    =    10307.4893  ANGLE   =      196.4618  DIHED      =      935.7445
 VDWAALS =    25672.2576  EEL     =  -174452.7224  HBOND      =        0.0000
 1-4 VDW =      265.5585  1-4 EEL =    -4288.3647  RESTRAINT  =      303.5142
 EAMBER  =  -141363.5754


   NSTEP       ENERGY          RMS            GMAX         NAME    NUMBER
   3300      -1.4115E+05     1.5247E-01     7.6276E+00     O       16782

 BOND    =    10320.7984  ANGLE   =      195.9779  DIHED      =      935.4955
 VDWAALS =    25739.7890  EEL     =  -174618.1232  HBOND      =        0.0000
 1-4 VDW =      265.8121  1-4 EEL =    -4288.7002  RESTRAINT  =      303.6839
 EAMBER  =  -141448.9504


   NSTEP       ENERGY          RMS            GMAX         NAME    NUMBER
   3350      -1.4123E+05     1.7083E-01     9.4921E+00     O       16782

 BOND    =    10337.1939  ANGLE   =      195.8067  DIHED      =      935.1989
 VDWAALS =    25801.7273  EEL     =  -174776.5829  HBOND      =        0.0000
 1-4 VDW =      265.8030  1-4 EEL =    -4288.9756  RESTRAINT  =      303.4096
 EAMBER  =  -141529.8288


   NSTEP       ENERGY          RMS            GMAX         NAME    NUMBER
   3400      -1.4129E+05     1.4440E-01     5.3881E+00     C2'       904

 BOND    =    10343.2939  ANGLE   =      195.4946  DIHED      =      935.3207
 VDWAALS =    25848.3255  EEL     =  -174892.0186  HBOND      =        0.0000
 1-4 VDW =      265.8015  1-4 EEL =    -4288.8685  RESTRAINT  =      303.5361
 EAMBER  =  -141592.6507


   NSTEP       ENERGY          RMS            GMAX         NAME    NUMBER
   3450      -1.4134E+05     1.5916E-01     6.5109E+00     C1'       476

 BOND    =    10352.8982  ANGLE   =      195.3716  DIHED      =      935.6077
 VDWAALS =    25890.8474  EEL     =  -175000.7833  HBOND      =        0.0000
 1-4 VDW =      265.7430  1-4 EEL =    -4288.3756  RESTRAINT  =      304.0828
 EAMBER  =  -141648.6910


   NSTEP       ENERGY          RMS            GMAX         NAME    NUMBER
   3500      -1.4139E+05     1.7775E-01     9.1248E+00     C2'       904

 BOND    =    10364.3315  ANGLE   =      195.4543  DIHED      =      935.7008
 VDWAALS =    25924.6169  EEL     =  -175091.1938  HBOND      =        0.0000
 1-4 VDW =      265.7168  1-4 EEL =    -4288.2560  RESTRAINT  =      304.4476
 EAMBER  =  -141693.6294


   NSTEP       ENERGY          RMS            GMAX         NAME    NUMBER
   3550      -1.4144E+05     1.2720E-01     5.3963E+00     N3        303

 BOND    =    10371.6302  ANGLE   =      195.6789  DIHED      =      935.6573
 VDWAALS =    25964.0554  EEL     =  -175192.1949  HBOND      =        0.0000
 1-4 VDW =      265.8016  1-4 EEL =    -4288.4903  RESTRAINT  =      304.5795
 EAMBER  =  -141747.8618


   NSTEP       ENERGY          RMS            GMAX         NAME    NUMBER
   3600      -1.4149E+05     1.1717E-01     4.7599E+00     O       16782

 BOND    =    10379.9118  ANGLE   =      195.7318  DIHED      =      935.6715
 VDWAALS =    25996.7120  EEL     =  -175281.6399  HBOND      =        0.0000
 1-4 VDW =      265.7862  1-4 EEL =    -4288.3693  RESTRAINT  =      304.4091
 EAMBER  =  -141796.1958


   NSTEP       ENERGY          RMS            GMAX         NAME    NUMBER
   3650      -1.4154E+05     1.1116E-01     6.4338E+00     O       16782

 BOND    =    10387.6274  ANGLE   =      195.7866  DIHED      =      935.6406
 VDWAALS =    26026.4476  EEL     =  -175365.2855  HBOND      =        0.0000
 1-4 VDW =      265.8329  1-4 EEL =    -4288.2800  RESTRAINT  =      304.1627
 EAMBER  =  -141842.2303


   NSTEP       ENERGY          RMS            GMAX         NAME    NUMBER
   3700      -1.4158E+05     1.0859E-01     3.5666E+00     C6        990

 BOND    =    10397.5881  ANGLE   =      195.8227  DIHED      =      935.7271
 VDWAALS =    26057.9228  EEL     =  -175451.0739  HBOND      =        0.0000
 1-4 VDW =      265.8193  1-4 EEL =    -4288.1405  RESTRAINT  =      303.9623
 EAMBER  =  -141886.3344


   NSTEP       ENERGY          RMS            GMAX         NAME    NUMBER
   3750      -1.4163E+05     1.0163E-01     4.8884E+00     O       16782

 BOND    =    10405.6212  ANGLE   =      195.8393  DIHED      =      935.7693
 VDWAALS =    26086.0530  EEL     =  -175531.6022  HBOND      =        0.0000
 1-4 VDW =      265.8973  1-4 EEL =    -4288.0367  RESTRAINT  =      303.7760
 EAMBER  =  -141930.4587


   NSTEP       ENERGY          RMS            GMAX         NAME    NUMBER
   3800      -1.4167E+05     1.0746E-01     3.6541E+00     C1'       886

 BOND    =    10413.3031  ANGLE   =      195.8920  DIHED      =      935.7856
 VDWAALS =    26115.1163  EEL     =  -175611.3320  HBOND      =        0.0000
 1-4 VDW =      265.9438  1-4 EEL =    -4287.9426  RESTRAINT  =      303.6413
 EAMBER  =  -141973.2338


   NSTEP       ENERGY          RMS            GMAX         NAME    NUMBER
   3850      -1.4171E+05     1.0792E-01     3.5438E+00     C1'       322

 BOND    =    10417.5078  ANGLE   =      195.8462  DIHED      =      935.7852
 VDWAALS =    26137.4165  EEL     =  -175675.1258  HBOND      =        0.0000
 1-4 VDW =      266.0167  1-4 EEL =    -4287.9327  RESTRAINT  =      303.6857
 EAMBER  =  -142010.4862


   NSTEP       ENERGY          RMS            GMAX         NAME    NUMBER
   3900      -1.4175E+05     1.0285E-01     3.9297E+00     C4        269

 BOND    =    10422.2022  ANGLE   =      195.7275  DIHED      =      935.8788
 VDWAALS =    26158.4041  EEL     =  -175743.7236  HBOND      =        0.0000
 1-4 VDW =      266.0311  1-4 EEL =    -4287.8659  RESTRAINT  =      304.0553
 EAMBER  =  -142053.3458


   NSTEP       ENERGY          RMS            GMAX         NAME    NUMBER
   3950      -1.4179E+05     1.0990E-01     4.2467E+00     C1'       322

 BOND    =    10427.5374  ANGLE   =      196.0577  DIHED      =      935.8396
 VDWAALS =    26179.9728  EEL     =  -175808.2173  HBOND      =        0.0000
 1-4 VDW =      266.1116  1-4 EEL =    -4288.0324  RESTRAINT  =      304.2723
 EAMBER  =  -142090.7305


   NSTEP       ENERGY          RMS            GMAX         NAME    NUMBER
   4000      -1.4182E+05     1.3601E-01     6.7013E+00     C2        304

 BOND    =    10431.7835  ANGLE   =      196.1455  DIHED      =      935.9104
 VDWAALS =    26200.5020  EEL     =  -175867.8261  HBOND      =        0.0000
 1-4 VDW =      266.2144  1-4 EEL =    -4288.0488  RESTRAINT  =      304.3744
 EAMBER  =  -142125.3192


  Maximum number of minimization cycles reached.


                    FINAL RESULTS



   NSTEP       ENERGY          RMS            GMAX         NAME    NUMBER
   4000      -1.4182E+05     1.3601E-01     6.7013E+00     C2        304

 BOND    =    10431.7835  ANGLE   =      196.1455  DIHED      =      935.9104
 VDWAALS =    26200.5020  EEL     =  -175867.8261  HBOND      =        0.0000
 1-4 VDW =      266.2144  1-4 EEL =    -4288.0488  RESTRAINT  =      304.3744
 EAMBER  =  -142125.3192
--------------------------------------------------------------------------------
   5.  TIMINGS
--------------------------------------------------------------------------------

|  NonSetup CPU Time in Major Routines:
|
|     Routine           Sec        %
|     ------------------------------
|     Nonbond           5.64   39.39
|     Bond              0.00    0.00
|     Angle             0.00    0.00
|     Dihedral          0.00    0.00
|     Shake             0.00    0.00
|     Other             8.68   60.61
|     ------------------------------
|     Total            14.33

|  PME Nonbond Pairlist CPU Time:
|
|     Routine              Sec        %
|     ---------------------------------
|     Set Up Cit           0.00    0.00
|     Build List           0.00    0.00
|     ---------------------------------
|     Total                0.00    0.00

|  PME Direct Force CPU Time:
|
|     Routine              Sec        %
|     ---------------------------------
|     NonBonded Calc       0.00    0.00
|     Exclude Masked       0.00    0.00
|     Other                0.01    0.06
|     ---------------------------------
|     Total                0.01    0.06

|  PME Reciprocal Force CPU Time:
|
|     Routine              Sec        %
|     ---------------------------------
|     1D bspline           0.00    0.00
|     Grid Charges         0.00    0.00
|     Scalar Sum           0.00    0.00
|     Gradient Sum         0.00    0.00
|     FFT                  0.00    0.00
|     ---------------------------------
|     Total                0.00    0.00

|  Setup CPU time:            0.90 seconds
|  NonSetup CPU time:        14.33 seconds
|  Total CPU time:           15.22 seconds     0.00 hours

|  Setup wall time:           2    seconds
|  NonSetup wall time:       28    seconds
|  Total wall time:          30    seconds     0.01 hours
