
          -------------------------------------------------------
          Amber 16 PMEMD                              2016
          -------------------------------------------------------

| PMEMD implementation of SANDER, Release 16

| Run on 10/23/2020 at 11:29:38

|   Executable path: pmemd.cuda
| Working directory: /home/kyq/T7RNADNA/7/fanLA7
|          Hostname: gpu01

  [-O]verwriting output

File Assignments:
|   MDIN: heat3.in                                                              
|  MDOUT: cmp_heat3.out                                                         
| INPCRD: cmp_heat2.rst                                                         
|   PARM: cmp.prmtop                                                            
| RESTRT: cmp_heat3.rst                                                         
|   REFC: cmp.inpcrd                                                            
|  MDVEL: mdvel                                                                 
|   MDEN: mden                                                                  
|  MDCRD: cmp_heat3.mdcrd                                                       
| MDINFO: mdinfo                                                                
|  MDFRC: mdfrc                                                                 

 
 Here is the input file:
 
Stage 2 equilibration 1 0-5ns                                                  
 &cntrl                                                                        
  imin=0, irest=1, ntx=5,                                                      
  nstlim=2500, dt=0.002,                                                       
  ntc=2, ntf=2,                                                                
  ntt=1, tautp=1.5,                                                            
  tempi=100.0, temp0=150.0,                                                    
  ntpr=50, ntwx=50,                                                            
  ntb=1,                                                                       
  cut=10,                                                                      
 /                                                                             


Note: ig = -1. Setting random seed to   151400 based on wallclock time in 
      microseconds.
 
|--------------------- INFORMATION ----------------------
| GPU (CUDA) Version of PMEMD in use: NVIDIA GPU IN USE.
|                    Version 16.0.0
| 
|                      02/25/2016
| 
| Implementation by:
|                    Ross C. Walker     (SDSC)
|                    Scott Le Grand     (nVIDIA)
| 
| Precision model in use:
|      [SPFP] - Single Precision Forces, 64-bit Fixed Point
|               Accumulation. (Default)
| 
|--------------------------------------------------------
 
|----------------- CITATION INFORMATION -----------------
|
|    When publishing work that utilized the CUDA version
|    of AMBER, please cite the following in addition to
|    the regular AMBER citations:
|
|  - Romelia Salomon-Ferrer; Andreas W. Goetz; Duncan
|    Poole; Scott Le Grand; Ross C. Walker "Routine
|    microsecond molecular dynamics simulations with
|    AMBER - Part II: Particle Mesh Ewald", J. Chem.
|    Theory Comput., 2013, 9 (9), pp3878-3888,
|    DOI: 10.1021/ct400314y.
|
|  - Andreas W. Goetz; Mark J. Williamson; Dong Xu;
|    Duncan Poole; Scott Le Grand; Ross C. Walker
|    "Routine microsecond molecular dynamics simulations
|    with AMBER - Part I: Generalized Born", J. Chem.
|    Theory Comput., 2012, 8 (5), pp1542-1555.
|
|  - Scott Le Grand; Andreas W. Goetz; Ross C. Walker
|    "SPFP: Speed without compromise - a mixed precision
|    model for GPU accelerated molecular dynamics
|    simulations.", Comp. Phys. Comm., 2013, 184
|    pp374-380, DOI: 10.1016/j.cpc.2012.09.022
|
|--------------------------------------------------------
 
|------------------- GPU DEVICE INFO --------------------
|
|            CUDA_VISIBLE_DEVICES: 1
|   CUDA Capable Devices Detected:      1
|           CUDA Device ID in use:      0
|                CUDA Device Name: Tesla P100-PCIE-16GB
|     CUDA Device Global Mem Size:  16276 MB
| CUDA Device Num Multiprocessors:     56
|           CUDA Device Core Freq:   1.33 GHz
|
|--------------------------------------------------------
 
 
| Conditional Compilation Defines Used:
| PUBFFT
| BINTRAJ
| CUDA
| EMIL
 
| Largest sphere to fit in unit cell has radius =    31.918

| New format PARM file being parsed.
| Version =    1.000 Date = 10/23/20 Time = 11:24:18

| Note: 1-4 EEL scale factors are being read from the topology file.

| Note: 1-4 VDW scale factors are being read from the topology file.
| Duplicated    0 dihedrals

| Duplicated    0 dihedrals

--------------------------------------------------------------------------------
   1.  RESOURCE   USE: 
--------------------------------------------------------------------------------

 getting box info from netcdf restart file
 NATOM  =   32504 NTYPES =      18 NBONH =   31781 MBONA  =     774
 NTHETH =     889 MTHETA =    1191 NPHIH =    1825 MPHIA  =    2449
 NHPARM =       0 NPARM  =       0 NNB   =   47851 NRES   =   10534
 NBONA  =     774 NTHETA =    1191 NPHIA =    2449 NUMBND =      61
 NUMANG =     127 NPTRA  =      75 NATYP =      34 NPHB   =       1
 IFBOX  =       2 NMXRS  =      33 IFCAP =       0 NEXTRA =       0
 NCOPY  =       0

| Coordinate Index Table dimensions:    12   12   12
| Direct force subcell size =     6.5153    6.5153    6.5153

     BOX TYPE: TRUNCATED OCTAHEDRON

--------------------------------------------------------------------------------
   2.  CONTROL  DATA  FOR  THE  RUN
--------------------------------------------------------------------------------

default_name                                                                    

General flags:
     imin    =       0, nmropt  =       0

Nature and format of input:
     ntx     =       5, irest   =       1, ntrx    =       1

Nature and format of output:
     ntxo    =       2, ntpr    =      50, ntrx    =       1, ntwr    =    2500
     iwrap   =       0, ntwx    =      50, ntwv    =       0, ntwe    =       0
     ioutfm  =       1, ntwprt  =       0, idecomp =       0, rbornstat=      0

Potential function:
     ntf     =       2, ntb     =       1, igb     =       0, nsnb    =      25
     ipol    =       0, gbsa    =       0, iesp    =       0
     dielc   =   1.00000, cut     =  10.00000, intdiel =   1.00000

Frozen or restrained atoms:
     ibelly  =       0, ntr     =       0

Molecular dynamics:
     nstlim  =      2500, nscm    =      1000, nrespa  =         1
     t       =   0.00000, dt      =   0.00200, vlimit  =  -1.00000

Berendsen (weak-coupling) temperature regulation:
     temp0   = 150.00000, tempi   = 100.00000, tautp   =   1.50000

SHAKE:
     ntc     =       2, jfastw  =       0
     tol     =   0.00001

| Intermolecular bonds treatment:
|     no_intermolecular_bonds =       1

| Energy averages sample interval:
|     ene_avg_sampling =      50

Ewald parameters:
     verbose =       0, ew_type =       0, nbflag  =       1, use_pme =       1
     vdwmeth =       1, eedmeth =       1, netfrc  =       1
     Box X =   78.184   Box Y =   78.184   Box Z =   78.184
     Alpha =  109.471   Beta  =  109.471   Gamma =  109.471
     NFFT1 =   80       NFFT2 =   80       NFFT3 =   80
     Cutoff=   10.000   Tol   =0.100E-04
     Ewald Coefficient =  0.27511
     Interpolation order =    4

--------------------------------------------------------------------------------
   3.  ATOMIC COORDINATES AND VELOCITIES
--------------------------------------------------------------------------------

default_name                                                                    
 begin time read from input coords =    10.000 ps

 
 Number of triangulated 3-point waters found:    10468

     Sum of charges from parm topology file =   0.00000019
     Forcing neutrality...

| Dynamic Memory, Types Used:
| Reals              957916
| Integers           791549

| Nonbonded Pairs Initial Allocation:     9831647

| GPU memory information (estimate):
| KB of GPU memory in use:    163538
| KB of CPU memory in use:     52406

--------------------------------------------------------------------------------
   4.  RESULTS
--------------------------------------------------------------------------------

 ---------------------------------------------------
 APPROXIMATING switch and d/dx switch using CUBIC SPLINE INTERPOLATION
 using   5000.0 points per unit in tabled values
 TESTING RELATIVE ERROR over r ranging from 0.0 to cutoff
| CHECK switch(x): max rel err =   0.3316E-14   at   2.351880
| CHECK d/dx switch(x): max rel err =   0.8066E-11   at   2.747240
 ---------------------------------------------------
|---------------------------------------------------
| APPROXIMATING direct energy using CUBIC SPLINE INTERPOLATION
|  with   50.0 points per unit in tabled values
| Relative Error Limit not exceeded for r .gt.   2.34
| APPROXIMATING direct force using CUBIC SPLINE INTERPOLATION
|  with   50.0 points per unit in tabled values
| Relative Error Limit not exceeded for r .gt.   2.81
|---------------------------------------------------

 NSTEP =       50   TIME(PS) =      10.100  TEMP(K) =    94.65  PRESS =     0.0
 Etot   =   -124632.8114  EKtot   =      6181.1353  EPtot      =   -130813.9466
 BOND   =        76.1283  ANGLE   =       244.0254  DIHED      =       953.9512
 1-4 NB =       261.3383  1-4 EEL =     -4276.2798  VDWAALS    =     21709.8837
 EELEC  =   -149782.9937  EHBOND  =         0.0000  RESTRAINT  =         0.0000
 ------------------------------------------------------------------------------


 NSTEP =      100   TIME(PS) =      10.200  TEMP(K) =    96.34  PRESS =     0.0
 Etot   =   -124394.2025  EKtot   =      6291.3950  EPtot      =   -130685.5975
 BOND   =        74.3300  ANGLE   =       234.5437  DIHED      =       959.6462
 1-4 NB =       265.6116  1-4 EEL =     -4258.7962  VDWAALS    =     21683.0219
 EELEC  =   -149643.9547  EHBOND  =         0.0000  RESTRAINT  =         0.0000
 ------------------------------------------------------------------------------


 NSTEP =      150   TIME(PS) =      10.300  TEMP(K) =    97.79  PRESS =     0.0
 Etot   =   -124165.6553  EKtot   =      6386.0762  EPtot      =   -130551.7315
 BOND   =        83.4958  ANGLE   =       239.7229  DIHED      =       954.4466
 1-4 NB =       268.9189  1-4 EEL =     -4272.7991  VDWAALS    =     21737.3393
 EELEC  =   -149562.8559  EHBOND  =         0.0000  RESTRAINT  =         0.0000
 ------------------------------------------------------------------------------


 NSTEP =      200   TIME(PS) =      10.400  TEMP(K) =    98.21  PRESS =     0.0
 Etot   =   -123940.3378  EKtot   =      6413.6631  EPtot      =   -130354.0009
 BOND   =        82.4826  ANGLE   =       250.4308  DIHED      =       951.8430
 1-4 NB =       262.8777  1-4 EEL =     -4269.5263  VDWAALS    =     21491.0860
 EELEC  =   -149123.1947  EHBOND  =         0.0000  RESTRAINT  =         0.0000
 ------------------------------------------------------------------------------


 NSTEP =      250   TIME(PS) =      10.500  TEMP(K) =   100.70  PRESS =     0.0
 Etot   =   -123722.1584  EKtot   =      6576.2051  EPtot      =   -130298.3635
 BOND   =        90.3400  ANGLE   =       245.5201  DIHED      =       962.1041
 1-4 NB =       264.8739  1-4 EEL =     -4277.9996  VDWAALS    =     21398.0175
 EELEC  =   -148981.2195  EHBOND  =         0.0000  RESTRAINT  =         0.0000
 ------------------------------------------------------------------------------


 NSTEP =      300   TIME(PS) =      10.600  TEMP(K) =   102.93  PRESS =     0.0
 Etot   =   -123513.0594  EKtot   =      6721.8887  EPtot      =   -130234.9481
 BOND   =        85.6178  ANGLE   =       244.7430  DIHED      =       948.9006
 1-4 NB =       261.6928  1-4 EEL =     -4264.9736  VDWAALS    =     21583.3646
 EELEC  =   -149094.2932  EHBOND  =         0.0000  RESTRAINT  =         0.0000
 ------------------------------------------------------------------------------


 NSTEP =      350   TIME(PS) =      10.700  TEMP(K) =   104.11  PRESS =     0.0
 Etot   =   -123310.3267  EKtot   =      6798.9829  EPtot      =   -130109.3096
 BOND   =        87.7751  ANGLE   =       248.1953  DIHED      =       964.1625
 1-4 NB =       263.5057  1-4 EEL =     -4275.9164  VDWAALS    =     21456.1621
 EELEC  =   -148853.1939  EHBOND  =         0.0000  RESTRAINT  =         0.0000
 ------------------------------------------------------------------------------


 NSTEP =      400   TIME(PS) =      10.800  TEMP(K) =   105.22  PRESS =     0.0
 Etot   =   -123112.7633  EKtot   =      6871.3311  EPtot      =   -129984.0944
 BOND   =        90.2936  ANGLE   =       248.9813  DIHED      =       963.2419
 1-4 NB =       268.4629  1-4 EEL =     -4267.1350  VDWAALS    =     21552.9146
 EELEC  =   -148840.8537  EHBOND  =         0.0000  RESTRAINT  =         0.0000
 ------------------------------------------------------------------------------


 NSTEP =      450   TIME(PS) =      10.900  TEMP(K) =   107.74  PRESS =     0.0
 Etot   =   -122924.5321  EKtot   =      7035.9355  EPtot      =   -129960.4677
 BOND   =        89.3477  ANGLE   =       259.6726  DIHED      =       961.4947
 1-4 NB =       267.3264  1-4 EEL =     -4271.7254  VDWAALS    =     21570.2700
 EELEC  =   -148836.8537  EHBOND  =         0.0000  RESTRAINT  =         0.0000
 ------------------------------------------------------------------------------


 NSTEP =      500   TIME(PS) =      11.000  TEMP(K) =   107.73  PRESS =     0.0
 Etot   =   -122741.6620  EKtot   =      7035.4902  EPtot      =   -129777.1523
 BOND   =        93.0433  ANGLE   =       262.4995  DIHED      =       955.6226
 1-4 NB =       270.8030  1-4 EEL =     -4276.5756  VDWAALS    =     21646.3777
 EELEC  =   -148728.9228  EHBOND  =         0.0000  RESTRAINT  =         0.0000
 ------------------------------------------------------------------------------


 NSTEP =      550   TIME(PS) =      11.100  TEMP(K) =   110.20  PRESS =     0.0
 Etot   =   -122563.2102  EKtot   =      7197.1055  EPtot      =   -129760.3157
 BOND   =        92.7093  ANGLE   =       262.2669  DIHED      =       954.8929
 1-4 NB =       267.6902  1-4 EEL =     -4263.4628  VDWAALS    =     21464.9493
 EELEC  =   -148539.3616  EHBOND  =         0.0000  RESTRAINT  =         0.0000
 ------------------------------------------------------------------------------


 NSTEP =      600   TIME(PS) =      11.200  TEMP(K) =   111.49  PRESS =     0.0
 Etot   =   -122390.4175  EKtot   =      7281.2832  EPtot      =   -129671.7007
 BOND   =        89.0334  ANGLE   =       251.3634  DIHED      =       956.3850
 1-4 NB =       263.0035  1-4 EEL =     -4273.6088  VDWAALS    =     21482.2384
 EELEC  =   -148440.1155  EHBOND  =         0.0000  RESTRAINT  =         0.0000
 ------------------------------------------------------------------------------


 NSTEP =      650   TIME(PS) =      11.300  TEMP(K) =   111.72  PRESS =     0.0
 Etot   =   -122224.3323  EKtot   =      7296.1738  EPtot      =   -129520.5061
 BOND   =        85.6046  ANGLE   =       244.6118  DIHED      =       956.3874
 1-4 NB =       268.6132  1-4 EEL =     -4257.6152  VDWAALS    =     21434.6762
 EELEC  =   -148252.7842  EHBOND  =         0.0000  RESTRAINT  =         0.0000
 ------------------------------------------------------------------------------


 NSTEP =      700   TIME(PS) =      11.400  TEMP(K) =   113.81  PRESS =     0.0
 Etot   =   -122063.0568  EKtot   =      7432.5894  EPtot      =   -129495.6462
 BOND   =        94.0680  ANGLE   =       250.9108  DIHED      =       958.0253
 1-4 NB =       265.7007  1-4 EEL =     -4266.4933  VDWAALS    =     21269.9122
 EELEC  =   -148067.7699  EHBOND  =         0.0000  RESTRAINT  =         0.0000
 ------------------------------------------------------------------------------


 NSTEP =      750   TIME(PS) =      11.500  TEMP(K) =   115.29  PRESS =     0.0
 Etot   =   -121907.3569  EKtot   =      7529.5527  EPtot      =   -129436.9096
 BOND   =        87.2685  ANGLE   =       265.3145  DIHED      =       956.1635
 1-4 NB =       262.6335  1-4 EEL =     -4279.0039  VDWAALS    =     21270.1053
 EELEC  =   -147999.3910  EHBOND  =         0.0000  RESTRAINT  =         0.0000
 ------------------------------------------------------------------------------


 NSTEP =      800   TIME(PS) =      11.600  TEMP(K) =   115.89  PRESS =     0.0
 Etot   =   -121755.6289  EKtot   =      7568.7451  EPtot      =   -129324.3740
 BOND   =        96.1596  ANGLE   =       253.1706  DIHED      =       957.8029
 1-4 NB =       270.3500  1-4 EEL =     -4275.5761  VDWAALS    =     21437.3617
 EELEC  =   -148063.6427  EHBOND  =         0.0000  RESTRAINT  =         0.0000
 ------------------------------------------------------------------------------


 NSTEP =      850   TIME(PS) =      11.700  TEMP(K) =   116.92  PRESS =     0.0
 Etot   =   -121608.6476  EKtot   =      7635.8096  EPtot      =   -129244.4571
 BOND   =        94.4380  ANGLE   =       266.7879  DIHED      =       960.3799
 1-4 NB =       266.2782  1-4 EEL =     -4269.8797  VDWAALS    =     21435.8206
 EELEC  =   -147998.2820  EHBOND  =         0.0000  RESTRAINT  =         0.0000
 ------------------------------------------------------------------------------


 NSTEP =      900   TIME(PS) =      11.800  TEMP(K) =   117.40  PRESS =     0.0
 Etot   =   -121466.8007  EKtot   =      7667.1455  EPtot      =   -129133.9462
 BOND   =        96.4358  ANGLE   =       267.8044  DIHED      =       963.8550
 1-4 NB =       265.4265  1-4 EEL =     -4266.0786  VDWAALS    =     21237.6373
 EELEC  =   -147699.0266  EHBOND  =         0.0000  RESTRAINT  =         0.0000
 ------------------------------------------------------------------------------


 NSTEP =      950   TIME(PS) =      11.900  TEMP(K) =   118.22  PRESS =     0.0
 Etot   =   -121329.0149  EKtot   =      7720.6025  EPtot      =   -129049.6174
 BOND   =        84.5696  ANGLE   =       262.3495  DIHED      =       961.7998
 1-4 NB =       269.8974  1-4 EEL =     -4247.9803  VDWAALS    =     21263.1404
 EELEC  =   -147643.3939  EHBOND  =         0.0000  RESTRAINT  =         0.0000
 ------------------------------------------------------------------------------

check COM velocity, temp:        0.000005     0.00(Removed)

 NSTEP =     1000   TIME(PS) =      12.000  TEMP(K) =   120.05  PRESS =     0.0
 Etot   =   -121196.5133  EKtot   =      7840.3804  EPtot      =   -129036.8937
 BOND   =        94.1970  ANGLE   =       263.0850  DIHED      =       962.4846
 1-4 NB =       265.8092  1-4 EEL =     -4265.2765  VDWAALS    =     21170.3208
 EELEC  =   -147527.5137  EHBOND  =         0.0000  RESTRAINT  =         0.0000
 ------------------------------------------------------------------------------


 NSTEP =     1050   TIME(PS) =      12.100  TEMP(K) =   120.63  PRESS =     0.0
 Etot   =   -121066.6492  EKtot   =      7877.9375  EPtot      =   -128944.5867
 BOND   =        95.9634  ANGLE   =       250.7078  DIHED      =       966.1603
 1-4 NB =       271.7061  1-4 EEL =     -4242.9560  VDWAALS    =     21033.6933
 EELEC  =   -147319.8615  EHBOND  =         0.0000  RESTRAINT  =         0.0000
 ------------------------------------------------------------------------------


 NSTEP =     1100   TIME(PS) =      12.200  TEMP(K) =   121.14  PRESS =     0.0
 Etot   =   -120939.2794  EKtot   =      7911.0303  EPtot      =   -128850.3096
 BOND   =       102.5885  ANGLE   =       261.0260  DIHED      =       962.8707
 1-4 NB =       266.1619  1-4 EEL =     -4267.4581  VDWAALS    =     21128.4778
 EELEC  =   -147303.9764  EHBOND  =         0.0000  RESTRAINT  =         0.0000
 ------------------------------------------------------------------------------


 NSTEP =     1150   TIME(PS) =      12.300  TEMP(K) =   123.21  PRESS =     0.0
 Etot   =   -120821.7719  EKtot   =      8046.4463  EPtot      =   -128868.2182
 BOND   =        95.8995  ANGLE   =       272.6960  DIHED      =       961.5982
 1-4 NB =       266.9468  1-4 EEL =     -4263.7187  VDWAALS    =     21175.2644
 EELEC  =   -147376.9044  EHBOND  =         0.0000  RESTRAINT  =         0.0000
 ------------------------------------------------------------------------------


 NSTEP =     1200   TIME(PS) =      12.400  TEMP(K) =   123.90  PRESS =     0.0
 Etot   =   -120706.1946  EKtot   =      8091.7334  EPtot      =   -128797.9280
 BOND   =       101.5595  ANGLE   =       270.6227  DIHED      =       962.0289
 1-4 NB =       269.0890  1-4 EEL =     -4286.0102  VDWAALS    =     20979.1469
 EELEC  =   -147094.3647  EHBOND  =         0.0000  RESTRAINT  =         0.0000
 ------------------------------------------------------------------------------


 NSTEP =     1250   TIME(PS) =      12.500  TEMP(K) =   124.60  PRESS =     0.0
 Etot   =   -120590.0731  EKtot   =      8137.4014  EPtot      =   -128727.4745
 BOND   =        95.9212  ANGLE   =       272.4347  DIHED      =       960.6655
 1-4 NB =       263.6559  1-4 EEL =     -4260.5741  VDWAALS    =     21052.6702
 EELEC  =   -147112.2479  EHBOND  =         0.0000  RESTRAINT  =         0.0000
 ------------------------------------------------------------------------------


 NSTEP =     1300   TIME(PS) =      12.600  TEMP(K) =   125.71  PRESS =     0.0
 Etot   =   -120482.3054  EKtot   =      8210.0117  EPtot      =   -128692.3171
 BOND   =        98.8511  ANGLE   =       265.7486  DIHED      =       965.1904
 1-4 NB =       272.7520  1-4 EEL =     -4261.8865  VDWAALS    =     21249.4238
 EELEC  =   -147282.3965  EHBOND  =         0.0000  RESTRAINT  =         0.0000
 ------------------------------------------------------------------------------


 NSTEP =     1350   TIME(PS) =      12.700  TEMP(K) =   125.72  PRESS =     0.0
 Etot   =   -120375.6081  EKtot   =      8210.4668  EPtot      =   -128586.0749
 BOND   =       109.4614  ANGLE   =       260.4009  DIHED      =       966.0649
 1-4 NB =       266.0154  1-4 EEL =     -4268.5957  VDWAALS    =     21050.7395
 EELEC  =   -146970.1614  EHBOND  =         0.0000  RESTRAINT  =         0.0000
 ------------------------------------------------------------------------------


 NSTEP =     1400   TIME(PS) =      12.800  TEMP(K) =   126.41  PRESS =     0.0
 Etot   =   -120273.1847  EKtot   =      8255.1533  EPtot      =   -128528.3381
 BOND   =        97.5836  ANGLE   =       272.7395  DIHED      =       962.6821
 1-4 NB =       270.5607  1-4 EEL =     -4266.8696  VDWAALS    =     21117.6759
 EELEC  =   -146982.7104  EHBOND  =         0.0000  RESTRAINT  =         0.0000
 ------------------------------------------------------------------------------


 NSTEP =     1450   TIME(PS) =      12.900  TEMP(K) =   128.06  PRESS =     0.0
 Etot   =   -120172.6923  EKtot   =      8363.4980  EPtot      =   -128536.1903
 BOND   =        92.6837  ANGLE   =       267.9025  DIHED      =       958.5892
 1-4 NB =       275.2184  1-4 EEL =     -4250.8143  VDWAALS    =     21101.3025
 EELEC  =   -146981.0723  EHBOND  =         0.0000  RESTRAINT  =         0.0000
 ------------------------------------------------------------------------------


 NSTEP =     1500   TIME(PS) =      13.000  TEMP(K) =   128.87  PRESS =     0.0
 Etot   =   -120079.4211  EKtot   =      8415.8047  EPtot      =   -128495.2258
 BOND   =        97.4291  ANGLE   =       274.3384  DIHED      =       965.5995
 1-4 NB =       265.2722  1-4 EEL =     -4258.1595  VDWAALS    =     20952.2960
 EELEC  =   -146792.0014  EHBOND  =         0.0000  RESTRAINT  =         0.0000
 ------------------------------------------------------------------------------


 NSTEP =     1550   TIME(PS) =      13.100  TEMP(K) =   129.51  PRESS =     0.0
 Etot   =   -119987.9809  EKtot   =      8457.5967  EPtot      =   -128445.5776
 BOND   =       108.0355  ANGLE   =       278.7839  DIHED      =       962.3621
 1-4 NB =       259.0176  1-4 EEL =     -4288.3024  VDWAALS    =     20819.8357
 EELEC  =   -146585.3100  EHBOND  =         0.0000  RESTRAINT  =         0.0000
 ------------------------------------------------------------------------------


 NSTEP =     1600   TIME(PS) =      13.200  TEMP(K) =   129.22  PRESS =     0.0
 Etot   =   -119897.0300  EKtot   =      8438.9883  EPtot      =   -128336.0183
 BOND   =       100.9031  ANGLE   =       274.0594  DIHED      =       965.5536
 1-4 NB =       270.4959  1-4 EEL =     -4251.3015  VDWAALS    =     20839.9997
 EELEC  =   -146535.7284  EHBOND  =         0.0000  RESTRAINT  =         0.0000
 ------------------------------------------------------------------------------


 NSTEP =     1650   TIME(PS) =      13.300  TEMP(K) =   129.71  PRESS =     0.0
 Etot   =   -119808.2549  EKtot   =      8471.1895  EPtot      =   -128279.4443
 BOND   =        93.7673  ANGLE   =       270.1034  DIHED      =       978.3877
 1-4 NB =       266.7507  1-4 EEL =     -4268.5352  VDWAALS    =     20943.6834
 EELEC  =   -146563.6017  EHBOND  =         0.0000  RESTRAINT  =         0.0000
 ------------------------------------------------------------------------------


 NSTEP =     1700   TIME(PS) =      13.400  TEMP(K) =   130.64  PRESS =     0.0
 Etot   =   -119723.6637  EKtot   =      8531.7324  EPtot      =   -128255.3961
 BOND   =       101.6606  ANGLE   =       275.9099  DIHED      =       969.8732
 1-4 NB =       262.3551  1-4 EEL =     -4274.7003  VDWAALS    =     21033.5758
 EELEC  =   -146624.0704  EHBOND  =         0.0000  RESTRAINT  =         0.0000
 ------------------------------------------------------------------------------


 NSTEP =     1750   TIME(PS) =      13.500  TEMP(K) =   131.98  PRESS =     0.0
 Etot   =   -119643.1611  EKtot   =      8618.9961  EPtot      =   -128262.1572
 BOND   =        99.8696  ANGLE   =       266.1828  DIHED      =       971.3424
 1-4 NB =       275.9166  1-4 EEL =     -4269.3819  VDWAALS    =     20881.6146
 EELEC  =   -146487.7012  EHBOND  =         0.0000  RESTRAINT  =         0.0000
 ------------------------------------------------------------------------------


 NSTEP =     1800   TIME(PS) =      13.600  TEMP(K) =   133.16  PRESS =     0.0
 Etot   =   -119565.1603  EKtot   =      8696.0703  EPtot      =   -128261.2306
 BOND   =       104.8214  ANGLE   =       271.8056  DIHED      =       965.9948
 1-4 NB =       268.2669  1-4 EEL =     -4281.3878  VDWAALS    =     20961.8532
 EELEC  =   -146552.5847  EHBOND  =         0.0000  RESTRAINT  =         0.0000
 ------------------------------------------------------------------------------


 NSTEP =     1850   TIME(PS) =      13.700  TEMP(K) =   133.46  PRESS =     0.0
 Etot   =   -119489.0024  EKtot   =      8716.0723  EPtot      =   -128205.0747
 BOND   =       102.4947  ANGLE   =       289.1009  DIHED      =       971.7425
 1-4 NB =       266.9511  1-4 EEL =     -4267.1492  VDWAALS    =     20870.0582
 EELEC  =   -146438.2727  EHBOND  =         0.0000  RESTRAINT  =         0.0000
 ------------------------------------------------------------------------------


 NSTEP =     1900   TIME(PS) =      13.800  TEMP(K) =   132.97  PRESS =     0.0
 Etot   =   -119414.4047  EKtot   =      8683.9268  EPtot      =   -128098.3314
 BOND   =       110.7280  ANGLE   =       292.7426  DIHED      =       975.1610
 1-4 NB =       269.7177  1-4 EEL =     -4288.9901  VDWAALS    =     21007.8200
 EELEC  =   -146465.5106  EHBOND  =         0.0000  RESTRAINT  =         0.0000
 ------------------------------------------------------------------------------


 NSTEP =     1950   TIME(PS) =      13.900  TEMP(K) =   134.30  PRESS =     0.0
 Etot   =   -119344.6506  EKtot   =      8770.6895  EPtot      =   -128115.3400
 BOND   =       100.0385  ANGLE   =       282.9516  DIHED      =       971.3331
 1-4 NB =       262.7416  1-4 EEL =     -4254.7649  VDWAALS    =     20882.9215
 EELEC  =   -146360.5615  EHBOND  =         0.0000  RESTRAINT  =         0.0000
 ------------------------------------------------------------------------------

check COM velocity, temp:        0.000008     0.00(Removed)

 NSTEP =     2000   TIME(PS) =      14.000  TEMP(K) =   135.61  PRESS =     0.0
 Etot   =   -119278.5426  EKtot   =      8856.2227  EPtot      =   -128134.7652
 BOND   =        92.6357  ANGLE   =       277.2134  DIHED      =       964.4358
 1-4 NB =       273.2627  1-4 EEL =     -4250.5743  VDWAALS    =     20891.5968
 EELEC  =   -146383.3352  EHBOND  =         0.0000  RESTRAINT  =         0.0000
 ------------------------------------------------------------------------------


 NSTEP =     2050   TIME(PS) =      14.100  TEMP(K) =   134.43  PRESS =     0.0
 Etot   =   -119211.4172  EKtot   =      8779.0938  EPtot      =   -127990.5110
 BOND   =       103.7759  ANGLE   =       277.7297  DIHED      =       974.5678
 1-4 NB =       267.7619  1-4 EEL =     -4258.1612  VDWAALS    =     20880.0229
 EELEC  =   -146236.2080  EHBOND  =         0.0000  RESTRAINT  =         0.0000
 ------------------------------------------------------------------------------


 NSTEP =     2100   TIME(PS) =      14.200  TEMP(K) =   136.17  PRESS =     0.0
 Etot   =   -119146.6457  EKtot   =      8892.5791  EPtot      =   -128039.2248
 BOND   =       110.9181  ANGLE   =       285.9291  DIHED      =       972.2584
 1-4 NB =       264.6832  1-4 EEL =     -4275.6138  VDWAALS    =     20624.9769
 EELEC  =   -146022.3767  EHBOND  =         0.0000  RESTRAINT  =         0.0000
 ------------------------------------------------------------------------------


 NSTEP =     2150   TIME(PS) =      14.300  TEMP(K) =   135.70  PRESS =     0.0
 Etot   =   -119086.2756  EKtot   =      8861.8594  EPtot      =   -127948.1349
 BOND   =       103.7962  ANGLE   =       275.5168  DIHED      =       964.4504
 1-4 NB =       272.4802  1-4 EEL =     -4268.0348  VDWAALS    =     20751.8390
 EELEC  =   -146048.1828  EHBOND  =         0.0000  RESTRAINT  =         0.0000
 ------------------------------------------------------------------------------


 NSTEP =     2200   TIME(PS) =      14.400  TEMP(K) =   136.54  PRESS =     0.0
 Etot   =   -119028.3928  EKtot   =      8916.7842  EPtot      =   -127945.1769
 BOND   =       106.3537  ANGLE   =       279.8462  DIHED      =       967.5526
 1-4 NB =       268.5784  1-4 EEL =     -4284.2930  VDWAALS    =     20857.2553
 EELEC  =   -146140.4700  EHBOND  =         0.0000  RESTRAINT  =         0.0000
 ------------------------------------------------------------------------------


 NSTEP =     2250   TIME(PS) =      14.500  TEMP(K) =   135.67  PRESS =     0.0
 Etot   =   -118970.1216  EKtot   =      8860.2451  EPtot      =   -127830.3667
 BOND   =       108.1904  ANGLE   =       274.5457  DIHED      =       974.5045
 1-4 NB =       271.8707  1-4 EEL =     -4280.4144  VDWAALS    =     20760.4182
 EELEC  =   -145939.4818  EHBOND  =         0.0000  RESTRAINT  =         0.0000
 ------------------------------------------------------------------------------


 NSTEP =     2300   TIME(PS) =      14.600  TEMP(K) =   138.08  PRESS =     0.0
 Etot   =   -118915.1348  EKtot   =      9017.8213  EPtot      =   -127932.9561
 BOND   =       120.3835  ANGLE   =       296.8429  DIHED      =       971.3924
 1-4 NB =       264.5852  1-4 EEL =     -4299.0787  VDWAALS    =     20785.2113
 EELEC  =   -146072.2926  EHBOND  =         0.0000  RESTRAINT  =         0.0000
 ------------------------------------------------------------------------------


 NSTEP =     2350   TIME(PS) =      14.700  TEMP(K) =   138.14  PRESS =     0.0
 Etot   =   -118863.6816  EKtot   =      9021.4004  EPtot      =   -127885.0820
 BOND   =       107.9212  ANGLE   =       283.2327  DIHED      =       959.9809
 1-4 NB =       268.8594  1-4 EEL =     -4266.4725  VDWAALS    =     20802.1791
 EELEC  =   -146040.7827  EHBOND  =         0.0000  RESTRAINT  =         0.0000
 ------------------------------------------------------------------------------


 NSTEP =     2400   TIME(PS) =      14.800  TEMP(K) =   138.20  PRESS =     0.0
 Etot   =   -118812.6756  EKtot   =      9025.1709  EPtot      =   -127837.8465
 BOND   =       104.1384  ANGLE   =       292.6268  DIHED      =       966.3260
 1-4 NB =       270.7558  1-4 EEL =     -4271.6849  VDWAALS    =     20912.7265
 EELEC  =   -146112.7349  EHBOND  =         0.0000  RESTRAINT  =         0.0000
 ------------------------------------------------------------------------------


 NSTEP =     2450   TIME(PS) =      14.900  TEMP(K) =   138.55  PRESS =     0.0
 Etot   =   -118761.6797  EKtot   =      9048.0820  EPtot      =   -127809.7617
 BOND   =       106.2658  ANGLE   =       287.3704  DIHED      =       957.1587
 1-4 NB =       263.9902  1-4 EEL =     -4265.7002  VDWAALS    =     20607.6160
 EELEC  =   -145766.4627  EHBOND  =         0.0000  RESTRAINT  =         0.0000
 ------------------------------------------------------------------------------


 NSTEP =     2500   TIME(PS) =      15.000  TEMP(K) =   138.54  PRESS =     0.0
 Etot   =   -118713.2479  EKtot   =      9047.4404  EPtot      =   -127760.6884
 BOND   =       119.3816  ANGLE   =       285.4331  DIHED      =       972.0821
 1-4 NB =       262.3297  1-4 EEL =     -4283.2328  VDWAALS    =     20898.5922
 EELEC  =   -146015.2741  EHBOND  =         0.0000  RESTRAINT  =         0.0000
 ------------------------------------------------------------------------------


      A V E R A G E S   O V E R      50 S T E P S


 NSTEP =     2500   TIME(PS) =      15.000  TEMP(K) =   122.10  PRESS =     0.0
 Etot   =   -120922.6158  EKtot   =      7974.2587  EPtot      =   -128896.8745
 BOND   =        97.2272  ANGLE   =       267.0509  DIHED      =       963.4300
 1-4 NB =       267.1912  1-4 EEL =     -4269.0304  VDWAALS    =     21142.9817
 EELEC  =   -147365.7251  EHBOND  =         0.0000  RESTRAINT  =         0.0000
 ------------------------------------------------------------------------------


      R M S  F L U C T U A T I O N S


 NSTEP =     2500   TIME(PS) =      15.000  TEMP(K) =    12.98  PRESS =     0.0
 Etot   =      1717.1267  EKtot   =       847.7145  EPtot      =       870.8562
 BOND   =         9.7206  ANGLE   =        14.9808  DIHED      =         6.4906
 1-4 NB =         3.7251  1-4 EEL =        11.1616  VDWAALS    =       304.0585
 EELEC  =      1135.8279  EHBOND  =         0.0000  RESTRAINT  =         0.0000
 ------------------------------------------------------------------------------

--------------------------------------------------------------------------------
   5.  TIMINGS
--------------------------------------------------------------------------------

|  NonSetup CPU Time in Major Routines:
|
|     Routine           Sec        %
|     ------------------------------
|     Nonbond           0.40   10.44
|     Bond              0.00    0.00
|     Angle             0.00    0.00
|     Dihedral          0.00    0.00
|     Shake             0.02    0.55
|     RunMD             3.37   88.82
|     Other             0.01    0.19
|     ------------------------------
|     Total             3.80

|  PME Nonbond Pairlist CPU Time:
|
|     Routine              Sec        %
|     ---------------------------------
|     Set Up Cit           0.00    0.00
|     Build List           0.00    0.00
|     ---------------------------------
|     Total                0.00    0.00

|  PME Direct Force CPU Time:
|
|     Routine              Sec        %
|     ---------------------------------
|     NonBonded Calc       0.00    0.00
|     Exclude Masked       0.00    0.00
|     Other                0.01    0.14
|     ---------------------------------
|     Total                0.01    0.14

|  PME Reciprocal Force CPU Time:
|
|     Routine              Sec        %
|     ---------------------------------
|     1D bspline           0.00    0.00
|     Grid Charges         0.00    0.00
|     Scalar Sum           0.00    0.00
|     Gradient Sum         0.00    0.00
|     FFT                  0.00    0.00
|     ---------------------------------
|     Total                0.00    0.00

|  Final Performance Info:
|     -----------------------------------------------------
|     Average timings for last    2450 steps:
|     Elapsed(s) =       7.38 Per Step(ms) =       3.01
|         ns/day =      57.38   seconds/ns =    1505.84
|
|     Average timings for all steps:
|     Elapsed(s) =       7.60 Per Step(ms) =       3.04
|         ns/day =      56.85   seconds/ns =    1519.71
|     -----------------------------------------------------

|  Setup CPU time:            0.68 seconds
|  NonSetup CPU time:         3.80 seconds
|  Total CPU time:            4.48 seconds     0.00 hours

|  Setup wall time:           1    seconds
|  NonSetup wall time:        8    seconds
|  Total wall time:           9    seconds     0.00 hours
