
          -------------------------------------------------------
          Amber 16 PMEMD                              2016
          -------------------------------------------------------

| PMEMD implementation of SANDER, Release 16

| Run on 08/25/2020 at 10:59:00

|   Executable path: pmemd.cuda
| Working directory: /home/kyq/T7RNADNA/4/LA4
|          Hostname: gpu01

  [-O]verwriting output

File Assignments:
|   MDIN: heat6.in                                                              
|  MDOUT: cmp_heat6.out                                                         
| INPCRD: cmp_heat5.rst                                                         
|   PARM: cmp.prmtop                                                            
| RESTRT: cmp_heat6.rst                                                         
|   REFC: cmp.inpcrd                                                            
|  MDVEL: mdvel                                                                 
|   MDEN: mden                                                                  
|  MDCRD: cmp_heat6.mdcrd                                                       
| MDINFO: mdinfo                                                                
|  MDFRC: mdfrc                                                                 

 
 Here is the input file:
 
Stage 2 equilibration 1 0-5ns                                                  
 &cntrl                                                                        
  imin=0, irest=1, ntx=5,                                                      
  nstlim=6000, dt=0.002,                                                       
  ntc=2, ntf=2,                                                                
  ntt=1, tautp=1.5,                                                            
  tempi=255.0, temp0=310.0,                                                    
  ntpr=50, ntwx=50,                                                            
  ntb=1,                                                                       
  cut=10,                                                                      
 /                                                                             


Note: ig = -1. Setting random seed to   154989 based on wallclock time in 
      microseconds.
 
|--------------------- INFORMATION ----------------------
| GPU (CUDA) Version of PMEMD in use: NVIDIA GPU IN USE.
|                    Version 16.0.0
| 
|                      02/25/2016
| 
| Implementation by:
|                    Ross C. Walker     (SDSC)
|                    Scott Le Grand     (nVIDIA)
| 
| Precision model in use:
|      [SPFP] - Single Precision Forces, 64-bit Fixed Point
|               Accumulation. (Default)
| 
|--------------------------------------------------------
 
|----------------- CITATION INFORMATION -----------------
|
|    When publishing work that utilized the CUDA version
|    of AMBER, please cite the following in addition to
|    the regular AMBER citations:
|
|  - Romelia Salomon-Ferrer; Andreas W. Goetz; Duncan
|    Poole; Scott Le Grand; Ross C. Walker "Routine
|    microsecond molecular dynamics simulations with
|    AMBER - Part II: Particle Mesh Ewald", J. Chem.
|    Theory Comput., 2013, 9 (9), pp3878-3888,
|    DOI: 10.1021/ct400314y.
|
|  - Andreas W. Goetz; Mark J. Williamson; Dong Xu;
|    Duncan Poole; Scott Le Grand; Ross C. Walker
|    "Routine microsecond molecular dynamics simulations
|    with AMBER - Part I: Generalized Born", J. Chem.
|    Theory Comput., 2012, 8 (5), pp1542-1555.
|
|  - Scott Le Grand; Andreas W. Goetz; Ross C. Walker
|    "SPFP: Speed without compromise - a mixed precision
|    model for GPU accelerated molecular dynamics
|    simulations.", Comp. Phys. Comm., 2013, 184
|    pp374-380, DOI: 10.1016/j.cpc.2012.09.022
|
|--------------------------------------------------------
 
|------------------- GPU DEVICE INFO --------------------
|
|            CUDA_VISIBLE_DEVICES: 0
|   CUDA Capable Devices Detected:      1
|           CUDA Device ID in use:      0
|                CUDA Device Name: Tesla P100-PCIE-16GB
|     CUDA Device Global Mem Size:  16276 MB
| CUDA Device Num Multiprocessors:     56
|           CUDA Device Core Freq:   1.33 GHz
|
|--------------------------------------------------------
 
 
| Conditional Compilation Defines Used:
| PUBFFT
| BINTRAJ
| CUDA
| EMIL
 
| Largest sphere to fit in unit cell has radius =    31.660

| New format PARM file being parsed.
| Version =    1.000 Date = 08/25/20 Time = 10:52:25

| Note: 1-4 EEL scale factors are being read from the topology file.

| Note: 1-4 VDW scale factors are being read from the topology file.
| Duplicated    0 dihedrals

| Duplicated    0 dihedrals

--------------------------------------------------------------------------------
   1.  RESOURCE   USE: 
--------------------------------------------------------------------------------

 getting box info from netcdf restart file
 NATOM  =   31440 NTYPES =      18 NBONH =   30717 MBONA  =     774
 NTHETH =     892 MTHETA =    1191 NPHIH =    1828 MPHIA  =    2451
 NHPARM =       0 NPARM  =       0 NNB   =   46437 NRES   =   10179
 NBONA  =     774 NTHETA =    1191 NPHIA =    2451 NUMBND =      61
 NUMANG =     127 NPTRA  =      75 NATYP =      34 NPHB   =       1
 IFBOX  =       2 NMXRS  =      33 IFCAP =       0 NEXTRA =       0
 NCOPY  =       0

| Coordinate Index Table dimensions:    12   12   12
| Direct force subcell size =     6.4625    6.4625    6.4625

     BOX TYPE: TRUNCATED OCTAHEDRON

--------------------------------------------------------------------------------
   2.  CONTROL  DATA  FOR  THE  RUN
--------------------------------------------------------------------------------

default_name                                                                    

General flags:
     imin    =       0, nmropt  =       0

Nature and format of input:
     ntx     =       5, irest   =       1, ntrx    =       1

Nature and format of output:
     ntxo    =       2, ntpr    =      50, ntrx    =       1, ntwr    =    6000
     iwrap   =       0, ntwx    =      50, ntwv    =       0, ntwe    =       0
     ioutfm  =       1, ntwprt  =       0, idecomp =       0, rbornstat=      0

Potential function:
     ntf     =       2, ntb     =       1, igb     =       0, nsnb    =      25
     ipol    =       0, gbsa    =       0, iesp    =       0
     dielc   =   1.00000, cut     =  10.00000, intdiel =   1.00000

Frozen or restrained atoms:
     ibelly  =       0, ntr     =       0

Molecular dynamics:
     nstlim  =      6000, nscm    =      1000, nrespa  =         1
     t       =   0.00000, dt      =   0.00200, vlimit  =  -1.00000

Berendsen (weak-coupling) temperature regulation:
     temp0   = 310.00000, tempi   = 255.00000, tautp   =   1.50000

SHAKE:
     ntc     =       2, jfastw  =       0
     tol     =   0.00001

| Intermolecular bonds treatment:
|     no_intermolecular_bonds =       1

| Energy averages sample interval:
|     ene_avg_sampling =      50

Ewald parameters:
     verbose =       0, ew_type =       0, nbflag  =       1, use_pme =       1
     vdwmeth =       1, eedmeth =       1, netfrc  =       1
     Box X =   77.550   Box Y =   77.550   Box Z =   77.550
     Alpha =  109.471   Beta  =  109.471   Gamma =  109.471
     NFFT1 =   80       NFFT2 =   80       NFFT3 =   80
     Cutoff=   10.000   Tol   =0.100E-04
     Ewald Coefficient =  0.27511
     Interpolation order =    4

--------------------------------------------------------------------------------
   3.  ATOMIC COORDINATES AND VELOCITIES
--------------------------------------------------------------------------------

default_name                                                                    
 begin time read from input coords =    28.000 ps

 
 Number of triangulated 3-point waters found:    10113

     Sum of charges from parm topology file =   0.00000018
     Forcing neutrality...

| Dynamic Memory, Types Used:
| Reals              931317
| Integers           768955

| Nonbonded Pairs Initial Allocation:     9509814

| GPU memory information (estimate):
| KB of GPU memory in use:    162914
| KB of CPU memory in use:     51782

--------------------------------------------------------------------------------
   4.  RESULTS
--------------------------------------------------------------------------------

 ---------------------------------------------------
 APPROXIMATING switch and d/dx switch using CUBIC SPLINE INTERPOLATION
 using   5000.0 points per unit in tabled values
 TESTING RELATIVE ERROR over r ranging from 0.0 to cutoff
| CHECK switch(x): max rel err =   0.3316E-14   at   2.351880
| CHECK d/dx switch(x): max rel err =   0.8066E-11   at   2.747240
 ---------------------------------------------------
|---------------------------------------------------
| APPROXIMATING direct energy using CUBIC SPLINE INTERPOLATION
|  with   50.0 points per unit in tabled values
| Relative Error Limit not exceeded for r .gt.   2.34
| APPROXIMATING direct force using CUBIC SPLINE INTERPOLATION
|  with   50.0 points per unit in tabled values
| Relative Error Limit not exceeded for r .gt.   2.81
|---------------------------------------------------

 NSTEP =       50   TIME(PS) =      28.100  TEMP(K) =   243.41  PRESS =     0.0
 Etot   =    -97235.5046  EKtot   =     15381.7754  EPtot      =   -112617.2800
 BOND   =       244.6341  ANGLE   =       487.1000  DIHED      =      1019.5883
 1-4 NB =       277.1859  1-4 EEL =     -3928.4295  VDWAALS    =     15829.6620
 EELEC  =   -126547.0208  EHBOND  =         0.0000  RESTRAINT  =         0.0000
 ------------------------------------------------------------------------------


 NSTEP =      100   TIME(PS) =      28.200  TEMP(K) =   247.04  PRESS =     0.0
 Etot   =    -96965.5132  EKtot   =     15611.0430  EPtot      =   -112576.5562
 BOND   =       237.3977  ANGLE   =       507.0889  DIHED      =      1016.5493
 1-4 NB =       287.9861  1-4 EEL =     -3937.9058  VDWAALS    =     15700.1662
 EELEC  =   -126387.8385  EHBOND  =         0.0000  RESTRAINT  =         0.0000
 ------------------------------------------------------------------------------


 NSTEP =      150   TIME(PS) =      28.300  TEMP(K) =   246.93  PRESS =     0.0
 Etot   =    -96698.7018  EKtot   =     15604.3564  EPtot      =   -112303.0582
 BOND   =       219.3577  ANGLE   =       490.6351  DIHED      =      1014.2637
 1-4 NB =       284.0165  1-4 EEL =     -3919.2960  VDWAALS    =     15779.3910
 EELEC  =   -126171.4263  EHBOND  =         0.0000  RESTRAINT  =         0.0000
 ------------------------------------------------------------------------------


 NSTEP =      200   TIME(PS) =      28.400  TEMP(K) =   247.39  PRESS =     0.0
 Etot   =    -96436.5086  EKtot   =     15633.1250  EPtot      =   -112069.6336
 BOND   =       232.1622  ANGLE   =       482.1384  DIHED      =      1001.2233
 1-4 NB =       268.9107  1-4 EEL =     -3863.9215  VDWAALS    =     15842.8133
 EELEC  =   -126032.9600  EHBOND  =         0.0000  RESTRAINT  =         0.0000
 ------------------------------------------------------------------------------


 NSTEP =      250   TIME(PS) =      28.500  TEMP(K) =   249.97  PRESS =     0.0
 Etot   =    -96182.9555  EKtot   =     15796.2051  EPtot      =   -111979.1606
 BOND   =       235.4716  ANGLE   =       489.9347  DIHED      =      1014.8053
 1-4 NB =       277.3891  1-4 EEL =     -3894.3221  VDWAALS    =     15782.7644
 EELEC  =   -125885.2036  EHBOND  =         0.0000  RESTRAINT  =         0.0000
 ------------------------------------------------------------------------------


 NSTEP =      300   TIME(PS) =      28.600  TEMP(K) =   254.33  PRESS =     0.0
 Etot   =    -95939.8381  EKtot   =     16071.9609  EPtot      =   -112011.7991
 BOND   =       247.4729  ANGLE   =       483.2248  DIHED      =      1008.4541
 1-4 NB =       292.1729  1-4 EEL =     -3924.9323  VDWAALS    =     15576.4746
 EELEC  =   -125694.6662  EHBOND  =         0.0000  RESTRAINT  =         0.0000
 ------------------------------------------------------------------------------


 NSTEP =      350   TIME(PS) =      28.700  TEMP(K) =   253.74  PRESS =     0.0
 Etot   =    -95700.2082  EKtot   =     16034.3340  EPtot      =   -111734.5422
 BOND   =       225.6305  ANGLE   =       497.7529  DIHED      =      1023.1526
 1-4 NB =       294.9910  1-4 EEL =     -3944.3958  VDWAALS    =     15493.2827
 EELEC  =   -125324.9561  EHBOND  =         0.0000  RESTRAINT  =         0.0000
 ------------------------------------------------------------------------------


 NSTEP =      400   TIME(PS) =      28.800  TEMP(K) =   254.70  PRESS =     0.0
 Etot   =    -95460.2954  EKtot   =     16095.1025  EPtot      =   -111555.3980
 BOND   =       258.1515  ANGLE   =       502.2036  DIHED      =      1010.1999
 1-4 NB =       286.8560  1-4 EEL =     -3910.6260  VDWAALS    =     15387.1915
 EELEC  =   -125089.3745  EHBOND  =         0.0000  RESTRAINT  =         0.0000
 ------------------------------------------------------------------------------


 NSTEP =      450   TIME(PS) =      28.900  TEMP(K) =   256.59  PRESS =     0.0
 Etot   =    -95232.3637  EKtot   =     16214.5312  EPtot      =   -111446.8949
 BOND   =       252.5796  ANGLE   =       487.1224  DIHED      =      1016.2984
 1-4 NB =       284.8139  1-4 EEL =     -3882.8147  VDWAALS    =     15346.4432
 EELEC  =   -124951.3378  EHBOND  =         0.0000  RESTRAINT  =         0.0000
 ------------------------------------------------------------------------------


 NSTEP =      500   TIME(PS) =      29.000  TEMP(K) =   255.14  PRESS =     0.0
 Etot   =    -95003.4032  EKtot   =     16123.1855  EPtot      =   -111126.5888
 BOND   =       246.7276  ANGLE   =       510.6133  DIHED      =       994.6025
 1-4 NB =       296.0347  1-4 EEL =     -3916.4682  VDWAALS    =     15243.1729
 EELEC  =   -124501.2715  EHBOND  =         0.0000  RESTRAINT  =         0.0000
 ------------------------------------------------------------------------------


 NSTEP =      550   TIME(PS) =      29.100  TEMP(K) =   257.35  PRESS =     0.0
 Etot   =    -94783.7481  EKtot   =     16262.8262  EPtot      =   -111046.5743
 BOND   =       247.2274  ANGLE   =       528.8640  DIHED      =      1006.9807
 1-4 NB =       283.5896  1-4 EEL =     -3932.3222  VDWAALS    =     15338.4012
 EELEC  =   -124519.3150  EHBOND  =         0.0000  RESTRAINT  =         0.0000
 ------------------------------------------------------------------------------


 NSTEP =      600   TIME(PS) =      29.200  TEMP(K) =   257.74  PRESS =     0.0
 Etot   =    -94569.6194  EKtot   =     16287.1807  EPtot      =   -110856.8000
 BOND   =       252.4981  ANGLE   =       507.9862  DIHED      =       998.7011
 1-4 NB =       283.9564  1-4 EEL =     -3932.3797  VDWAALS    =     15153.3267
 EELEC  =   -124120.8889  EHBOND  =         0.0000  RESTRAINT  =         0.0000
 ------------------------------------------------------------------------------


 NSTEP =      650   TIME(PS) =      29.300  TEMP(K) =   260.37  PRESS =     0.0
 Etot   =    -94351.8755  EKtot   =     16453.6934  EPtot      =   -110805.5689
 BOND   =       233.0316  ANGLE   =       514.4539  DIHED      =      1011.1302
 1-4 NB =       284.6700  1-4 EEL =     -3895.7174  VDWAALS    =     15244.2069
 EELEC  =   -124197.3441  EHBOND  =         0.0000  RESTRAINT  =         0.0000
 ------------------------------------------------------------------------------


 NSTEP =      700   TIME(PS) =      29.400  TEMP(K) =   259.99  PRESS =     0.0
 Etot   =    -94141.9561  EKtot   =     16429.5840  EPtot      =   -110571.5401
 BOND   =       276.6608  ANGLE   =       543.6408  DIHED      =      1014.0303
 1-4 NB =       281.7926  1-4 EEL =     -3936.0427  VDWAALS    =     15153.9790
 EELEC  =   -123905.6009  EHBOND  =         0.0000  RESTRAINT  =         0.0000
 ------------------------------------------------------------------------------


 NSTEP =      750   TIME(PS) =      29.500  TEMP(K) =   263.54  PRESS =     0.0
 Etot   =    -93936.8100  EKtot   =     16653.5781  EPtot      =   -110590.3881
 BOND   =       254.4428  ANGLE   =       522.5919  DIHED      =      1010.4689
 1-4 NB =       282.4321  1-4 EEL =     -3906.1053  VDWAALS    =     15033.2839
 EELEC  =   -123787.5024  EHBOND  =         0.0000  RESTRAINT  =         0.0000
 ------------------------------------------------------------------------------


 NSTEP =      800   TIME(PS) =      29.600  TEMP(K) =   262.58  PRESS =     0.0
 Etot   =    -93737.4322  EKtot   =     16592.9922  EPtot      =   -110330.4244
 BOND   =       271.6541  ANGLE   =       517.2095  DIHED      =      1016.0745
 1-4 NB =       278.3801  1-4 EEL =     -3907.1710  VDWAALS    =     15166.2127
 EELEC  =   -123672.7844  EHBOND  =         0.0000  RESTRAINT  =         0.0000
 ------------------------------------------------------------------------------


 NSTEP =      850   TIME(PS) =      29.700  TEMP(K) =   263.49  PRESS =     0.0
 Etot   =    -93545.4119  EKtot   =     16650.7207  EPtot      =   -110196.1326
 BOND   =       244.8039  ANGLE   =       549.2389  DIHED      =      1007.5499
 1-4 NB =       289.0235  1-4 EEL =     -3935.1840  VDWAALS    =     15211.2340
 EELEC  =   -123562.7988  EHBOND  =         0.0000  RESTRAINT  =         0.0000
 ------------------------------------------------------------------------------


 NSTEP =      900   TIME(PS) =      29.800  TEMP(K) =   263.28  PRESS =     0.0
 Etot   =    -93350.6267  EKtot   =     16637.4414  EPtot      =   -109988.0681
 BOND   =       262.0848  ANGLE   =       522.1047  DIHED      =      1016.3754
 1-4 NB =       302.3713  1-4 EEL =     -3913.1850  VDWAALS    =     15033.4375
 EELEC  =   -123211.2566  EHBOND  =         0.0000  RESTRAINT  =         0.0000
 ------------------------------------------------------------------------------


 NSTEP =      950   TIME(PS) =      29.900  TEMP(K) =   265.50  PRESS =     0.0
 Etot   =    -93157.5002  EKtot   =     16777.5430  EPtot      =   -109935.0431
 BOND   =       261.0312  ANGLE   =       524.6183  DIHED      =       995.3343
 1-4 NB =       293.6652  1-4 EEL =     -3914.9489  VDWAALS    =     14723.8780
 EELEC  =   -122818.6212  EHBOND  =         0.0000  RESTRAINT  =         0.0000
 ------------------------------------------------------------------------------

check COM velocity, temp:        0.000006     0.00(Removed)

 NSTEP =     1000   TIME(PS) =      30.000  TEMP(K) =   267.64  PRESS =     0.0
 Etot   =    -92972.4737  EKtot   =     16913.1445  EPtot      =   -109885.6183
 BOND   =       236.1018  ANGLE   =       523.7270  DIHED      =      1010.2590
 1-4 NB =       275.4357  1-4 EEL =     -3889.0498  VDWAALS    =     14755.4640
 EELEC  =   -122797.5558  EHBOND  =         0.0000  RESTRAINT  =         0.0000
 ------------------------------------------------------------------------------


 NSTEP =     1050   TIME(PS) =      30.100  TEMP(K) =   266.79  PRESS =     0.0
 Etot   =    -92787.8906  EKtot   =     16858.9141  EPtot      =   -109646.8047
 BOND   =       260.5566  ANGLE   =       536.2075  DIHED      =      1024.7986
 1-4 NB =       285.7690  1-4 EEL =     -3918.7230  VDWAALS    =     14817.7789
 EELEC  =   -122653.1922  EHBOND  =         0.0000  RESTRAINT  =         0.0000
 ------------------------------------------------------------------------------


 NSTEP =     1100   TIME(PS) =      30.200  TEMP(K) =   264.97  PRESS =     0.0
 Etot   =    -92599.3196  EKtot   =     16744.1797  EPtot      =   -109343.4993
 BOND   =       264.3625  ANGLE   =       532.7315  DIHED      =      1040.6116
 1-4 NB =       277.8231  1-4 EEL =     -3917.1354  VDWAALS    =     14712.8544
 EELEC  =   -122254.7470  EHBOND  =         0.0000  RESTRAINT  =         0.0000
 ------------------------------------------------------------------------------


 NSTEP =     1150   TIME(PS) =      30.300  TEMP(K) =   268.78  PRESS =     0.0
 Etot   =    -92423.6122  EKtot   =     16985.0859  EPtot      =   -109408.6982
 BOND   =       278.8418  ANGLE   =       534.1629  DIHED      =      1013.9205
 1-4 NB =       298.4367  1-4 EEL =     -3942.8921  VDWAALS    =     14733.8332
 EELEC  =   -122325.0012  EHBOND  =         0.0000  RESTRAINT  =         0.0000
 ------------------------------------------------------------------------------


 NSTEP =     1200   TIME(PS) =      30.400  TEMP(K) =   269.48  PRESS =     0.0
 Etot   =    -92251.2263  EKtot   =     17029.2168  EPtot      =   -109280.4431
 BOND   =       271.1323  ANGLE   =       523.6403  DIHED      =      1017.2299
 1-4 NB =       285.3222  1-4 EEL =     -3920.5096  VDWAALS    =     14507.8038
 EELEC  =   -121965.0621  EHBOND  =         0.0000  RESTRAINT  =         0.0000
 ------------------------------------------------------------------------------


 NSTEP =     1250   TIME(PS) =      30.500  TEMP(K) =   274.13  PRESS =     0.0
 Etot   =    -92090.7980  EKtot   =     17323.0742  EPtot      =   -109413.8723
 BOND   =       252.0556  ANGLE   =       540.3321  DIHED      =      1007.5700
 1-4 NB =       285.0647  1-4 EEL =     -3928.6391  VDWAALS    =     14771.9379
 EELEC  =   -122342.1935  EHBOND  =         0.0000  RESTRAINT  =         0.0000
 ------------------------------------------------------------------------------


 NSTEP =     1300   TIME(PS) =      30.600  TEMP(K) =   270.62  PRESS =     0.0
 Etot   =    -91928.9873  EKtot   =     17101.1855  EPtot      =   -109030.1728
 BOND   =       260.4133  ANGLE   =       546.7849  DIHED      =      1013.3430
 1-4 NB =       280.9083  1-4 EEL =     -3934.7145  VDWAALS    =     14637.5189
 EELEC  =   -121834.4267  EHBOND  =         0.0000  RESTRAINT  =         0.0000
 ------------------------------------------------------------------------------


 NSTEP =     1350   TIME(PS) =      30.700  TEMP(K) =   272.60  PRESS =     0.0
 Etot   =    -91764.6128  EKtot   =     17226.2852  EPtot      =   -108990.8979
 BOND   =       262.1372  ANGLE   =       535.2855  DIHED      =      1013.3280
 1-4 NB =       283.1161  1-4 EEL =     -3936.1471  VDWAALS    =     14196.1071
 EELEC  =   -121344.7247  EHBOND  =         0.0000  RESTRAINT  =         0.0000
 ------------------------------------------------------------------------------


 NSTEP =     1400   TIME(PS) =      30.800  TEMP(K) =   275.14  PRESS =     0.0
 Etot   =    -91602.4940  EKtot   =     17386.5957  EPtot      =   -108989.0897
 BOND   =       279.0699  ANGLE   =       531.4870  DIHED      =      1025.7775
 1-4 NB =       277.1629  1-4 EEL =     -3929.9695  VDWAALS    =     14521.1015
 EELEC  =   -121693.7190  EHBOND  =         0.0000  RESTRAINT  =         0.0000
 ------------------------------------------------------------------------------


 NSTEP =     1450   TIME(PS) =      30.900  TEMP(K) =   275.06  PRESS =     0.0
 Etot   =    -91454.2562  EKtot   =     17381.9004  EPtot      =   -108836.1566
 BOND   =       258.3635  ANGLE   =       536.6907  DIHED      =      1009.5259
 1-4 NB =       285.1189  1-4 EEL =     -3935.8022  VDWAALS    =     14482.5396
 EELEC  =   -121472.5928  EHBOND  =         0.0000  RESTRAINT  =         0.0000
 ------------------------------------------------------------------------------


 NSTEP =     1500   TIME(PS) =      31.000  TEMP(K) =   273.79  PRESS =     0.0
 Etot   =    -91301.6618  EKtot   =     17301.5234  EPtot      =   -108603.1852
 BOND   =       244.1907  ANGLE   =       570.6313  DIHED      =      1030.2868
 1-4 NB =       275.0299  1-4 EEL =     -3909.8045  VDWAALS    =     14461.0038
 EELEC  =   -121274.5232  EHBOND  =         0.0000  RESTRAINT  =         0.0000
 ------------------------------------------------------------------------------


 NSTEP =     1550   TIME(PS) =      31.100  TEMP(K) =   274.76  PRESS =     0.0
 Etot   =    -91154.2844  EKtot   =     17363.0371  EPtot      =   -108517.3215
 BOND   =       259.5493  ANGLE   =       522.6942  DIHED      =      1034.5481
 1-4 NB =       290.3757  1-4 EEL =     -3902.7434  VDWAALS    =     14426.8603
 EELEC  =   -121148.6056  EHBOND  =         0.0000  RESTRAINT  =         0.0000
 ------------------------------------------------------------------------------


 NSTEP =     1600   TIME(PS) =      31.200  TEMP(K) =   274.24  PRESS =     0.0
 Etot   =    -91007.2317  EKtot   =     17329.9141  EPtot      =   -108337.1458
 BOND   =       279.8587  ANGLE   =       536.5517  DIHED      =      1021.2772
 1-4 NB =       296.2958  1-4 EEL =     -3925.0809  VDWAALS    =     14369.3367
 EELEC  =   -120915.3850  EHBOND  =         0.0000  RESTRAINT  =         0.0000
 ------------------------------------------------------------------------------


 NSTEP =     1650   TIME(PS) =      31.300  TEMP(K) =   274.50  PRESS =     0.0
 Etot   =    -90867.2288  EKtot   =     17346.2148  EPtot      =   -108213.4437
 BOND   =       268.9345  ANGLE   =       542.3929  DIHED      =      1016.7255
 1-4 NB =       290.3354  1-4 EEL =     -3925.8040  VDWAALS    =     14292.4123
 EELEC  =   -120698.4402  EHBOND  =         0.0000  RESTRAINT  =         0.0000
 ------------------------------------------------------------------------------


 NSTEP =     1700   TIME(PS) =      31.400  TEMP(K) =   277.21  PRESS =     0.0
 Etot   =    -90728.4217  EKtot   =     17517.7656  EPtot      =   -108246.1873
 BOND   =       276.4749  ANGLE   =       539.0694  DIHED      =      1018.5875
 1-4 NB =       304.4635  1-4 EEL =     -3919.1111  VDWAALS    =     14171.5658
 EELEC  =   -120637.2375  EHBOND  =         0.0000  RESTRAINT  =         0.0000
 ------------------------------------------------------------------------------


 NSTEP =     1750   TIME(PS) =      31.500  TEMP(K) =   277.98  PRESS =     0.0
 Etot   =    -90593.8494  EKtot   =     17566.4336  EPtot      =   -108160.2830
 BOND   =       258.4071  ANGLE   =       554.0058  DIHED      =       997.4860
 1-4 NB =       279.0307  1-4 EEL =     -3891.3664  VDWAALS    =     14217.8910
 EELEC  =   -120575.7372  EHBOND  =         0.0000  RESTRAINT  =         0.0000
 ------------------------------------------------------------------------------


 NSTEP =     1800   TIME(PS) =      31.600  TEMP(K) =   277.36  PRESS =     0.0
 Etot   =    -90458.2290  EKtot   =     17526.8828  EPtot      =   -107985.1118
 BOND   =       280.7629  ANGLE   =       548.6172  DIHED      =      1017.1939
 1-4 NB =       279.4369  1-4 EEL =     -3933.4730  VDWAALS    =     14289.6218
 EELEC  =   -120467.2715  EHBOND  =         0.0000  RESTRAINT  =         0.0000
 ------------------------------------------------------------------------------


 NSTEP =     1850   TIME(PS) =      31.700  TEMP(K) =   279.79  PRESS =     0.0
 Etot   =    -90326.6679  EKtot   =     17680.4531  EPtot      =   -108007.1211
 BOND   =       270.1402  ANGLE   =       536.5571  DIHED      =      1016.7323
 1-4 NB =       302.8036  1-4 EEL =     -3927.3581  VDWAALS    =     14323.7763
 EELEC  =   -120529.7724  EHBOND  =         0.0000  RESTRAINT  =         0.0000
 ------------------------------------------------------------------------------


 NSTEP =     1900   TIME(PS) =      31.800  TEMP(K) =   280.15  PRESS =     0.0
 Etot   =    -90203.4629  EKtot   =     17703.1777  EPtot      =   -107906.6406
 BOND   =       272.3799  ANGLE   =       546.0965  DIHED      =      1013.4275
 1-4 NB =       280.0674  1-4 EEL =     -3920.0644  VDWAALS    =     14064.8460
 EELEC  =   -120163.3935  EHBOND  =         0.0000  RESTRAINT  =         0.0000
 ------------------------------------------------------------------------------


 NSTEP =     1950   TIME(PS) =      31.900  TEMP(K) =   279.58  PRESS =     0.0
 Etot   =    -90073.4567  EKtot   =     17667.1660  EPtot      =   -107740.6228
 BOND   =       251.8807  ANGLE   =       561.4194  DIHED      =      1021.2612
 1-4 NB =       296.3250  1-4 EEL =     -3929.1255  VDWAALS    =     14160.4387
 EELEC  =   -120102.8223  EHBOND  =         0.0000  RESTRAINT  =         0.0000
 ------------------------------------------------------------------------------

check COM velocity, temp:        0.000006     0.00(Removed)

 NSTEP =     2000   TIME(PS) =      32.000  TEMP(K) =   277.88  PRESS =     0.0
 Etot   =    -89946.4256  EKtot   =     17560.1836  EPtot      =   -107506.6092
 BOND   =       288.5628  ANGLE   =       548.7877  DIHED      =      1022.1554
 1-4 NB =       297.6684  1-4 EEL =     -3936.3083  VDWAALS    =     14258.3397
 EELEC  =   -119985.8150  EHBOND  =         0.0000  RESTRAINT  =         0.0000
 ------------------------------------------------------------------------------


 NSTEP =     2050   TIME(PS) =      32.100  TEMP(K) =   279.75  PRESS =     0.0
 Etot   =    -89818.8963  EKtot   =     17678.0430  EPtot      =   -107496.9393
 BOND   =       290.9581  ANGLE   =       537.6356  DIHED      =      1026.8083
 1-4 NB =       297.3304  1-4 EEL =     -3926.9593  VDWAALS    =     14076.0234
 EELEC  =   -119798.7357  EHBOND  =         0.0000  RESTRAINT  =         0.0000
 ------------------------------------------------------------------------------


 NSTEP =     2100   TIME(PS) =      32.200  TEMP(K) =   283.56  PRESS =     0.0
 Etot   =    -89700.4132  EKtot   =     17918.7305  EPtot      =   -107619.1437
 BOND   =       278.6227  ANGLE   =       562.7861  DIHED      =      1017.9255
 1-4 NB =       289.7255  1-4 EEL =     -3914.5474  VDWAALS    =     14158.2364
 EELEC  =   -120011.8925  EHBOND  =         0.0000  RESTRAINT  =         0.0000
 ------------------------------------------------------------------------------


 NSTEP =     2150   TIME(PS) =      32.300  TEMP(K) =   282.56  PRESS =     0.0
 Etot   =    -89581.0660  EKtot   =     17855.6836  EPtot      =   -107436.7495
 BOND   =       273.2409  ANGLE   =       557.4734  DIHED      =      1035.9480
 1-4 NB =       279.4621  1-4 EEL =     -3907.1144  VDWAALS    =     14319.4487
 EELEC  =   -119995.2082  EHBOND  =         0.0000  RESTRAINT  =         0.0000
 ------------------------------------------------------------------------------


 NSTEP =     2200   TIME(PS) =      32.400  TEMP(K) =   281.69  PRESS =     0.0
 Etot   =    -89466.9208  EKtot   =     17800.4648  EPtot      =   -107267.3857
 BOND   =       279.1773  ANGLE   =       569.8276  DIHED      =      1013.0120
 1-4 NB =       284.8062  1-4 EEL =     -3955.6246  VDWAALS    =     14306.7803
 EELEC  =   -119765.3644  EHBOND  =         0.0000  RESTRAINT  =         0.0000
 ------------------------------------------------------------------------------


 NSTEP =     2250   TIME(PS) =      32.500  TEMP(K) =   285.48  PRESS =     0.0
 Etot   =    -89355.0644  EKtot   =     18040.4902  EPtot      =   -107395.5547
 BOND   =       276.3597  ANGLE   =       561.2084  DIHED      =      1031.1514
 1-4 NB =       288.7792  1-4 EEL =     -3907.5533  VDWAALS    =     13750.9477
 EELEC  =   -119396.4475  EHBOND  =         0.0000  RESTRAINT  =         0.0000
 ------------------------------------------------------------------------------


 NSTEP =     2300   TIME(PS) =      32.600  TEMP(K) =   283.58  PRESS =     0.0
 Etot   =    -89237.6782  EKtot   =     17920.1113  EPtot      =   -107157.7895
 BOND   =       263.4694  ANGLE   =       605.4094  DIHED      =      1034.6482
 1-4 NB =       284.5202  1-4 EEL =     -3919.2545  VDWAALS    =     14034.7406
 EELEC  =   -119461.3229  EHBOND  =         0.0000  RESTRAINT  =         0.0000
 ------------------------------------------------------------------------------


 NSTEP =     2350   TIME(PS) =      32.700  TEMP(K) =   284.51  PRESS =     0.0
 Etot   =    -89125.8977  EKtot   =     17978.6680  EPtot      =   -107104.5657
 BOND   =       281.3562  ANGLE   =       569.4670  DIHED      =      1020.8221
 1-4 NB =       294.8520  1-4 EEL =     -3932.4467  VDWAALS    =     13824.8156
 EELEC  =   -119163.4318  EHBOND  =         0.0000  RESTRAINT  =         0.0000
 ------------------------------------------------------------------------------


 NSTEP =     2400   TIME(PS) =      32.800  TEMP(K) =   282.57  PRESS =     0.0
 Etot   =    -89018.3849  EKtot   =     17856.1406  EPtot      =   -106874.5255
 BOND   =       285.7992  ANGLE   =       529.6271  DIHED      =      1025.2819
 1-4 NB =       300.2342  1-4 EEL =     -3910.8987  VDWAALS    =     13910.8730
 EELEC  =   -119015.4423  EHBOND  =         0.0000  RESTRAINT  =         0.0000
 ------------------------------------------------------------------------------


 NSTEP =     2450   TIME(PS) =      32.900  TEMP(K) =   284.88  PRESS =     0.0
 Etot   =    -88913.0103  EKtot   =     18002.6484  EPtot      =   -106915.6587
 BOND   =       294.4952  ANGLE   =       563.3798  DIHED      =      1038.9810
 1-4 NB =       281.4599  1-4 EEL =     -3910.5775  VDWAALS    =     13810.0930
 EELEC  =   -118993.4900  EHBOND  =         0.0000  RESTRAINT  =         0.0000
 ------------------------------------------------------------------------------


 NSTEP =     2500   TIME(PS) =      33.000  TEMP(K) =   283.93  PRESS =     0.0
 Etot   =    -88811.3963  EKtot   =     17942.5586  EPtot      =   -106753.9549
 BOND   =       282.9583  ANGLE   =       552.0212  DIHED      =      1012.2096
 1-4 NB =       296.7080  1-4 EEL =     -3905.2506  VDWAALS    =     13783.9544
 EELEC  =   -118776.5559  EHBOND  =         0.0000  RESTRAINT  =         0.0000
 ------------------------------------------------------------------------------


 NSTEP =     2550   TIME(PS) =      33.100  TEMP(K) =   285.61  PRESS =     0.0
 Etot   =    -88712.6719  EKtot   =     18048.6172  EPtot      =   -106761.2891
 BOND   =       270.6802  ANGLE   =       579.2309  DIHED      =      1030.0442
 1-4 NB =       293.9668  1-4 EEL =     -3917.7361  VDWAALS    =     13920.1256
 EELEC  =   -118937.6007  EHBOND  =         0.0000  RESTRAINT  =         0.0000
 ------------------------------------------------------------------------------


 NSTEP =     2600   TIME(PS) =      33.200  TEMP(K) =   284.42  PRESS =     0.0
 Etot   =    -88609.1644  EKtot   =     17973.5410  EPtot      =   -106582.7054
 BOND   =       274.5761  ANGLE   =       577.7286  DIHED      =      1026.1519
 1-4 NB =       282.1313  1-4 EEL =     -3917.8994  VDWAALS    =     13640.4021
 EELEC  =   -118465.7960  EHBOND  =         0.0000  RESTRAINT  =         0.0000
 ------------------------------------------------------------------------------


 NSTEP =     2650   TIME(PS) =      33.300  TEMP(K) =   287.55  PRESS =     0.0
 Etot   =    -88512.1988  EKtot   =     18171.1016  EPtot      =   -106683.3004
 BOND   =       292.2379  ANGLE   =       576.7940  DIHED      =      1020.7106
 1-4 NB =       282.8403  1-4 EEL =     -3953.5552  VDWAALS    =     13567.8155
 EELEC  =   -118470.1434  EHBOND  =         0.0000  RESTRAINT  =         0.0000
 ------------------------------------------------------------------------------


 NSTEP =     2700   TIME(PS) =      33.400  TEMP(K) =   288.60  PRESS =     0.0
 Etot   =    -88420.3137  EKtot   =     18237.3496  EPtot      =   -106657.6633
 BOND   =       280.2626  ANGLE   =       570.4890  DIHED      =      1015.0120
 1-4 NB =       275.6264  1-4 EEL =     -3917.4043  VDWAALS    =     13741.6419
 EELEC  =   -118623.2909  EHBOND  =         0.0000  RESTRAINT  =         0.0000
 ------------------------------------------------------------------------------


 NSTEP =     2750   TIME(PS) =      33.500  TEMP(K) =   287.21  PRESS =     0.0
 Etot   =    -88325.5800  EKtot   =     18149.8672  EPtot      =   -106475.4472
 BOND   =       291.9493  ANGLE   =       563.6210  DIHED      =      1037.3927
 1-4 NB =       293.6863  1-4 EEL =     -3901.4696  VDWAALS    =     13430.7182
 EELEC  =   -118191.3451  EHBOND  =         0.0000  RESTRAINT  =         0.0000
 ------------------------------------------------------------------------------


 NSTEP =     2800   TIME(PS) =      33.600  TEMP(K) =   287.01  PRESS =     0.0
 Etot   =    -88233.2698  EKtot   =     18136.9531  EPtot      =   -106370.2230
 BOND   =       277.5856  ANGLE   =       566.0206  DIHED      =      1008.7762
 1-4 NB =       284.6692  1-4 EEL =     -3915.0755  VDWAALS    =     13505.6374
 EELEC  =   -118097.8365  EHBOND  =         0.0000  RESTRAINT  =         0.0000
 ------------------------------------------------------------------------------


 NSTEP =     2850   TIME(PS) =      33.700  TEMP(K) =   289.34  PRESS =     0.0
 Etot   =    -88143.7003  EKtot   =     18283.8984  EPtot      =   -106427.5987
 BOND   =       277.1690  ANGLE   =       571.8866  DIHED      =      1037.0221
 1-4 NB =       289.6161  1-4 EEL =     -3925.1526  VDWAALS    =     13723.6359
 EELEC  =   -118401.7758  EHBOND  =         0.0000  RESTRAINT  =         0.0000
 ------------------------------------------------------------------------------


 NSTEP =     2900   TIME(PS) =      33.800  TEMP(K) =   290.27  PRESS =     0.0
 Etot   =    -88060.9517  EKtot   =     18342.8711  EPtot      =   -106403.8228
 BOND   =       283.8500  ANGLE   =       570.9547  DIHED      =      1029.4775
 1-4 NB =       298.3427  1-4 EEL =     -3933.8476  VDWAALS    =     13606.9584
 EELEC  =   -118259.5584  EHBOND  =         0.0000  RESTRAINT  =         0.0000
 ------------------------------------------------------------------------------


 NSTEP =     2950   TIME(PS) =      33.900  TEMP(K) =   292.24  PRESS =     0.0
 Etot   =    -87982.4014  EKtot   =     18467.4316  EPtot      =   -106449.8331
 BOND   =       280.3049  ANGLE   =       563.3790  DIHED      =      1028.8061
 1-4 NB =       293.3562  1-4 EEL =     -3932.2655  VDWAALS    =     13546.1393
 EELEC  =   -118229.5532  EHBOND  =         0.0000  RESTRAINT  =         0.0000
 ------------------------------------------------------------------------------

check COM velocity, temp:        0.000003     0.00(Removed)

 NSTEP =     3000   TIME(PS) =      34.000  TEMP(K) =   293.98  PRESS =     0.0
 Etot   =    -87911.0178  EKtot   =     18577.6641  EPtot      =   -106488.6818
 BOND   =       266.9908  ANGLE   =       576.1709  DIHED      =      1038.6677
 1-4 NB =       288.8683  1-4 EEL =     -3922.7866  VDWAALS    =     13435.2172
 EELEC  =   -118171.8101  EHBOND  =         0.0000  RESTRAINT  =         0.0000
 ------------------------------------------------------------------------------


 NSTEP =     3050   TIME(PS) =      34.100  TEMP(K) =   291.28  PRESS =     0.0
 Etot   =    -87835.7329  EKtot   =     18407.0391  EPtot      =   -106242.7720
 BOND   =       271.2327  ANGLE   =       570.0799  DIHED      =      1041.2489
 1-4 NB =       280.7675  1-4 EEL =     -3905.8661  VDWAALS    =     13865.5393
 EELEC  =   -118365.7741  EHBOND  =         0.0000  RESTRAINT  =         0.0000
 ------------------------------------------------------------------------------


 NSTEP =     3100   TIME(PS) =      34.200  TEMP(K) =   293.53  PRESS =     0.0
 Etot   =    -87765.2878  EKtot   =     18549.1777  EPtot      =   -106314.4655
 BOND   =       268.9678  ANGLE   =       571.8469  DIHED      =      1034.7143
 1-4 NB =       291.0851  1-4 EEL =     -3899.8586  VDWAALS    =     13653.6733
 EELEC  =   -118234.8943  EHBOND  =         0.0000  RESTRAINT  =         0.0000
 ------------------------------------------------------------------------------


 NSTEP =     3150   TIME(PS) =      34.300  TEMP(K) =   292.77  PRESS =     0.0
 Etot   =    -87692.8159  EKtot   =     18501.1953  EPtot      =   -106194.0112
 BOND   =       270.5934  ANGLE   =       578.0695  DIHED      =      1031.4473
 1-4 NB =       284.0243  1-4 EEL =     -3942.9071  VDWAALS    =     13763.5609
 EELEC  =   -118178.7995  EHBOND  =         0.0000  RESTRAINT  =         0.0000
 ------------------------------------------------------------------------------


 NSTEP =     3200   TIME(PS) =      34.400  TEMP(K) =   293.22  PRESS =     0.0
 Etot   =    -87624.8831  EKtot   =     18529.2129  EPtot      =   -106154.0960
 BOND   =       312.8642  ANGLE   =       574.8378  DIHED      =      1027.4732
 1-4 NB =       286.7737  1-4 EEL =     -3925.7205  VDWAALS    =     13669.5746
 EELEC  =   -118099.8990  EHBOND  =         0.0000  RESTRAINT  =         0.0000
 ------------------------------------------------------------------------------


 NSTEP =     3250   TIME(PS) =      34.500  TEMP(K) =   295.24  PRESS =     0.0
 Etot   =    -87557.5617  EKtot   =     18656.9277  EPtot      =   -106214.4895
 BOND   =       284.4929  ANGLE   =       560.2634  DIHED      =      1025.7031
 1-4 NB =       287.2509  1-4 EEL =     -3887.4038  VDWAALS    =     13660.6183
 EELEC  =   -118145.4142  EHBOND  =         0.0000  RESTRAINT  =         0.0000
 ------------------------------------------------------------------------------


 NSTEP =     3300   TIME(PS) =      34.600  TEMP(K) =   295.02  PRESS =     0.0
 Etot   =    -87493.8437  EKtot   =     18643.1758  EPtot      =   -106137.0195
 BOND   =       267.6027  ANGLE   =       581.7893  DIHED      =      1049.8581
 1-4 NB =       288.8459  1-4 EEL =     -3911.6393  VDWAALS    =     13670.1217
 EELEC  =   -118083.5980  EHBOND  =         0.0000  RESTRAINT  =         0.0000
 ------------------------------------------------------------------------------


 NSTEP =     3350   TIME(PS) =      34.700  TEMP(K) =   292.04  PRESS =     0.0
 Etot   =    -87426.2524  EKtot   =     18455.0898  EPtot      =   -105881.3422
 BOND   =       295.5691  ANGLE   =       591.5319  DIHED      =      1045.2070
 1-4 NB =       301.6318  1-4 EEL =     -3942.1911  VDWAALS    =     13598.6760
 EELEC  =   -117771.7670  EHBOND  =         0.0000  RESTRAINT  =         0.0000
 ------------------------------------------------------------------------------


 NSTEP =     3400   TIME(PS) =      34.800  TEMP(K) =   293.68  PRESS =     0.0
 Etot   =    -87363.7353  EKtot   =     18558.1816  EPtot      =   -105921.9169
 BOND   =       279.0757  ANGLE   =       593.9014  DIHED      =      1032.4088
 1-4 NB =       287.0458  1-4 EEL =     -3933.6452  VDWAALS    =     13495.9788
 EELEC  =   -117676.6824  EHBOND  =         0.0000  RESTRAINT  =         0.0000
 ------------------------------------------------------------------------------


 NSTEP =     3450   TIME(PS) =      34.900  TEMP(K) =   293.51  PRESS =     0.0
 Etot   =    -87292.8038  EKtot   =     18547.5586  EPtot      =   -105840.3623
 BOND   =       283.8211  ANGLE   =       568.3634  DIHED      =      1046.3315
 1-4 NB =       293.9326  1-4 EEL =     -3935.3693  VDWAALS    =     13567.6032
 EELEC  =   -117665.0448  EHBOND  =         0.0000  RESTRAINT  =         0.0000
 ------------------------------------------------------------------------------


 NSTEP =     3500   TIME(PS) =      35.000  TEMP(K) =   294.10  PRESS =     0.0
 Etot   =    -87229.6816  EKtot   =     18585.1543  EPtot      =   -105814.8359
 BOND   =       280.9156  ANGLE   =       556.0779  DIHED      =      1041.3452
 1-4 NB =       295.7519  1-4 EEL =     -3893.4776  VDWAALS    =     13537.3157
 EELEC  =   -117632.7646  EHBOND  =         0.0000  RESTRAINT  =         0.0000
 ------------------------------------------------------------------------------


 NSTEP =     3550   TIME(PS) =      35.100  TEMP(K) =   294.64  PRESS =     0.0
 Etot   =    -87167.4830  EKtot   =     18618.8320  EPtot      =   -105786.3150
 BOND   =       283.3968  ANGLE   =       597.4452  DIHED      =      1032.9065
 1-4 NB =       288.6239  1-4 EEL =     -3898.5139  VDWAALS    =     13337.2147
 EELEC  =   -117427.3882  EHBOND  =         0.0000  RESTRAINT  =         0.0000
 ------------------------------------------------------------------------------


 NSTEP =     3600   TIME(PS) =      35.200  TEMP(K) =   297.41  PRESS =     0.0
 Etot   =    -87106.0585  EKtot   =     18794.4492  EPtot      =   -105900.5077
 BOND   =       263.6466  ANGLE   =       582.1469  DIHED      =      1034.1913
 1-4 NB =       293.3910  1-4 EEL =     -3885.5596  VDWAALS    =     13340.5272
 EELEC  =   -117528.8510  EHBOND  =         0.0000  RESTRAINT  =         0.0000
 ------------------------------------------------------------------------------


 NSTEP =     3650   TIME(PS) =      35.300  TEMP(K) =   294.82  PRESS =     0.0
 Etot   =    -87044.6848  EKtot   =     18630.3203  EPtot      =   -105675.0052
 BOND   =       273.0605  ANGLE   =       596.3056  DIHED      =      1039.3406
 1-4 NB =       290.4073  1-4 EEL =     -3911.2004  VDWAALS    =     13613.7251
 EELEC  =   -117576.6439  EHBOND  =         0.0000  RESTRAINT  =         0.0000
 ------------------------------------------------------------------------------


 NSTEP =     3700   TIME(PS) =      35.400  TEMP(K) =   294.20  PRESS =     0.0
 Etot   =    -86978.3773  EKtot   =     18591.2012  EPtot      =   -105569.5785
 BOND   =       281.8769  ANGLE   =       580.0567  DIHED      =      1047.1038
 1-4 NB =       302.1263  1-4 EEL =     -3917.7008  VDWAALS    =     13360.9356
 EELEC  =   -117223.9770  EHBOND  =         0.0000  RESTRAINT  =         0.0000
 ------------------------------------------------------------------------------


 NSTEP =     3750   TIME(PS) =      35.500  TEMP(K) =   295.36  PRESS =     0.0
 Etot   =    -86915.3405  EKtot   =     18664.5078  EPtot      =   -105579.8483
 BOND   =       286.4737  ANGLE   =       571.9791  DIHED      =      1055.5684
 1-4 NB =       280.6759  1-4 EEL =     -3908.6695  VDWAALS    =     13226.0793
 EELEC  =   -117091.9554  EHBOND  =         0.0000  RESTRAINT  =         0.0000
 ------------------------------------------------------------------------------


 NSTEP =     3800   TIME(PS) =      35.600  TEMP(K) =   294.56  PRESS =     0.0
 Etot   =    -86855.6216  EKtot   =     18613.8086  EPtot      =   -105469.4302
 BOND   =       299.0905  ANGLE   =       579.8802  DIHED      =      1027.5221
 1-4 NB =       287.1148  1-4 EEL =     -3894.3096  VDWAALS    =     13375.9875
 EELEC  =   -117144.7157  EHBOND  =         0.0000  RESTRAINT  =         0.0000
 ------------------------------------------------------------------------------


 NSTEP =     3850   TIME(PS) =      35.700  TEMP(K) =   296.35  PRESS =     0.0
 Etot   =    -86799.8836  EKtot   =     18727.3633  EPtot      =   -105527.2469
 BOND   =       279.5974  ANGLE   =       587.7270  DIHED      =      1037.7720
 1-4 NB =       295.7628  1-4 EEL =     -3890.4097  VDWAALS    =     13486.4992
 EELEC  =   -117324.1956  EHBOND  =         0.0000  RESTRAINT  =         0.0000
 ------------------------------------------------------------------------------


 NSTEP =     3900   TIME(PS) =      35.800  TEMP(K) =   296.06  PRESS =     0.0
 Etot   =    -86742.6454  EKtot   =     18708.9473  EPtot      =   -105451.5926
 BOND   =       283.7167  ANGLE   =       583.7454  DIHED      =      1028.2541
 1-4 NB =       289.6733  1-4 EEL =     -3889.2668  VDWAALS    =     13390.7738
 EELEC  =   -117138.4891  EHBOND  =         0.0000  RESTRAINT  =         0.0000
 ------------------------------------------------------------------------------


 NSTEP =     3950   TIME(PS) =      35.900  TEMP(K) =   295.88  PRESS =     0.0
 Etot   =    -86688.5384  EKtot   =     18697.3438  EPtot      =   -105385.8821
 BOND   =       300.4033  ANGLE   =       589.2480  DIHED      =      1035.9113
 1-4 NB =       276.9338  1-4 EEL =     -3946.5526  VDWAALS    =     13365.4737
 EELEC  =   -117007.2996  EHBOND  =         0.0000  RESTRAINT  =         0.0000
 ------------------------------------------------------------------------------

check COM velocity, temp:        0.000002     0.00(Removed)

 NSTEP =     4000   TIME(PS) =      36.000  TEMP(K) =   296.33  PRESS =     0.0
 Etot   =    -86633.7075  EKtot   =     18726.1875  EPtot      =   -105359.8950
 BOND   =       295.5556  ANGLE   =       592.9362  DIHED      =      1009.6011
 1-4 NB =       298.1800  1-4 EEL =     -3912.4114  VDWAALS    =     13555.8677
 EELEC  =   -117199.6242  EHBOND  =         0.0000  RESTRAINT  =         0.0000
 ------------------------------------------------------------------------------


 NSTEP =     4050   TIME(PS) =      36.100  TEMP(K) =   294.86  PRESS =     0.0
 Etot   =    -86579.7955  EKtot   =     18632.7930  EPtot      =   -105212.5885
 BOND   =       286.8174  ANGLE   =       568.8367  DIHED      =      1017.9909
 1-4 NB =       289.0034  1-4 EEL =     -3894.9436  VDWAALS    =     13421.6937
 EELEC  =   -116901.9870  EHBOND  =         0.0000  RESTRAINT  =         0.0000
 ------------------------------------------------------------------------------


 NSTEP =     4100   TIME(PS) =      36.200  TEMP(K) =   298.53  PRESS =     0.0
 Etot   =    -86527.9348  EKtot   =     18865.0508  EPtot      =   -105392.9856
 BOND   =       285.8939  ANGLE   =       565.3240  DIHED      =      1028.3936
 1-4 NB =       281.1595  1-4 EEL =     -3889.1986  VDWAALS    =     13335.6092
 EELEC  =   -117000.1672  EHBOND  =         0.0000  RESTRAINT  =         0.0000
 ------------------------------------------------------------------------------


 NSTEP =     4150   TIME(PS) =      36.300  TEMP(K) =   298.88  PRESS =     0.0
 Etot   =    -86481.7395  EKtot   =     18887.0469  EPtot      =   -105368.7864
 BOND   =       304.8584  ANGLE   =       574.5352  DIHED      =      1018.9867
 1-4 NB =       298.2859  1-4 EEL =     -3892.1997  VDWAALS    =     13038.7988
 EELEC  =   -116712.0517  EHBOND  =         0.0000  RESTRAINT  =         0.0000
 ------------------------------------------------------------------------------


 NSTEP =     4200   TIME(PS) =      36.400  TEMP(K) =   301.30  PRESS =     0.0
 Etot   =    -86441.9693  EKtot   =     19040.1836  EPtot      =   -105482.1529
 BOND   =       298.8138  ANGLE   =       581.6021  DIHED      =      1035.1307
 1-4 NB =       288.1960  1-4 EEL =     -3960.4317  VDWAALS    =     13475.8131
 EELEC  =   -117201.2769  EHBOND  =         0.0000  RESTRAINT  =         0.0000
 ------------------------------------------------------------------------------


 NSTEP =     4250   TIME(PS) =      36.500  TEMP(K) =   298.04  PRESS =     0.0
 Etot   =    -86398.8088  EKtot   =     18833.8281  EPtot      =   -105232.6369
 BOND   =       287.4099  ANGLE   =       572.1692  DIHED      =      1030.5709
 1-4 NB =       296.4462  1-4 EEL =     -3927.9579  VDWAALS    =     13182.3606
 EELEC  =   -116673.6360  EHBOND  =         0.0000  RESTRAINT  =         0.0000
 ------------------------------------------------------------------------------


 NSTEP =     4300   TIME(PS) =      36.600  TEMP(K) =   297.98  PRESS =     0.0
 Etot   =    -86350.9877  EKtot   =     18830.4062  EPtot      =   -105181.3939
 BOND   =       267.3924  ANGLE   =       556.6269  DIHED      =      1037.2532
 1-4 NB =       294.3224  1-4 EEL =     -3918.8402  VDWAALS    =     13378.7093
 EELEC  =   -116796.8580  EHBOND  =         0.0000  RESTRAINT  =         0.0000
 ------------------------------------------------------------------------------


 NSTEP =     4350   TIME(PS) =      36.700  TEMP(K) =   299.34  PRESS =     0.0
 Etot   =    -86305.3558  EKtot   =     18916.0273  EPtot      =   -105221.3832
 BOND   =       279.0578  ANGLE   =       558.2188  DIHED      =      1038.0398
 1-4 NB =       296.1373  1-4 EEL =     -3905.0622  VDWAALS    =     13296.9386
 EELEC  =   -116784.7133  EHBOND  =         0.0000  RESTRAINT  =         0.0000
 ------------------------------------------------------------------------------


 NSTEP =     4400   TIME(PS) =      36.800  TEMP(K) =   298.96  PRESS =     0.0
 Etot   =    -86264.0654  EKtot   =     18891.7871  EPtot      =   -105155.8525
 BOND   =       298.4265  ANGLE   =       588.9984  DIHED      =      1044.2554
 1-4 NB =       279.4498  1-4 EEL =     -3896.9040  VDWAALS    =     13480.9874
 EELEC  =   -116951.0658  EHBOND  =         0.0000  RESTRAINT  =         0.0000
 ------------------------------------------------------------------------------


 NSTEP =     4450   TIME(PS) =      36.900  TEMP(K) =   301.53  PRESS =     0.0
 Etot   =    -86228.2515  EKtot   =     19054.7422  EPtot      =   -105282.9937
 BOND   =       315.1374  ANGLE   =       551.8167  DIHED      =      1027.2548
 1-4 NB =       284.9723  1-4 EEL =     -3947.8504  VDWAALS    =     13479.6346
 EELEC  =   -116993.9590  EHBOND  =         0.0000  RESTRAINT  =         0.0000
 ------------------------------------------------------------------------------


 NSTEP =     4500   TIME(PS) =      37.000  TEMP(K) =   300.10  PRESS =     0.0
 Etot   =    -86191.4901  EKtot   =     18964.0977  EPtot      =   -105155.5878
 BOND   =       318.9863  ANGLE   =       571.8284  DIHED      =      1019.0956
 1-4 NB =       293.3893  1-4 EEL =     -3928.3691  VDWAALS    =     13267.5340
 EELEC  =   -116698.0523  EHBOND  =         0.0000  RESTRAINT  =         0.0000
 ------------------------------------------------------------------------------


 NSTEP =     4550   TIME(PS) =      37.100  TEMP(K) =   300.91  PRESS =     0.0
 Etot   =    -86154.0002  EKtot   =     19015.2637  EPtot      =   -105169.2638
 BOND   =       308.5203  ANGLE   =       575.2177  DIHED      =      1041.5779
 1-4 NB =       282.7980  1-4 EEL =     -3953.1825  VDWAALS    =     13362.1653
 EELEC  =   -116786.3604  EHBOND  =         0.0000  RESTRAINT  =         0.0000
 ------------------------------------------------------------------------------


 NSTEP =     4600   TIME(PS) =      37.200  TEMP(K) =   300.18  PRESS =     0.0
 Etot   =    -86115.9130  EKtot   =     18969.1094  EPtot      =   -105085.0223
 BOND   =       287.5684  ANGLE   =       573.9018  DIHED      =      1035.3993
 1-4 NB =       289.1462  1-4 EEL =     -3913.4947  VDWAALS    =     13249.7914
 EELEC  =   -116607.3349  EHBOND  =         0.0000  RESTRAINT  =         0.0000
 ------------------------------------------------------------------------------


 NSTEP =     4650   TIME(PS) =      37.300  TEMP(K) =   301.78  PRESS =     0.0
 Etot   =    -86078.4699  EKtot   =     19070.3105  EPtot      =   -105148.7805
 BOND   =       279.5618  ANGLE   =       560.2628  DIHED      =      1043.0577
 1-4 NB =       291.9549  1-4 EEL =     -3890.5431  VDWAALS    =     12988.5861
 EELEC  =   -116421.6606  EHBOND  =         0.0000  RESTRAINT  =         0.0000
 ------------------------------------------------------------------------------


 NSTEP =     4700   TIME(PS) =      37.400  TEMP(K) =   301.59  PRESS =     0.0
 Etot   =    -86040.2875  EKtot   =     19058.5371  EPtot      =   -105098.8246
 BOND   =       303.9586  ANGLE   =       582.2281  DIHED      =      1048.5260
 1-4 NB =       290.3545  1-4 EEL =     -3904.2710  VDWAALS    =     13266.1225
 EELEC  =   -116685.7432  EHBOND  =         0.0000  RESTRAINT  =         0.0000
 ------------------------------------------------------------------------------


 NSTEP =     4750   TIME(PS) =      37.500  TEMP(K) =   302.99  PRESS =     0.0
 Etot   =    -86006.5013  EKtot   =     19146.4414  EPtot      =   -105152.9427
 BOND   =       270.7195  ANGLE   =       583.2276  DIHED      =      1040.2994
 1-4 NB =       288.7753  1-4 EEL =     -3935.9575  VDWAALS    =     13315.1006
 EELEC  =   -116715.1076  EHBOND  =         0.0000  RESTRAINT  =         0.0000
 ------------------------------------------------------------------------------


 NSTEP =     4800   TIME(PS) =      37.600  TEMP(K) =   301.92  PRESS =     0.0
 Etot   =    -85973.7650  EKtot   =     19079.1797  EPtot      =   -105052.9447
 BOND   =       302.0092  ANGLE   =       546.7174  DIHED      =      1029.7701
 1-4 NB =       293.1561  1-4 EEL =     -3906.8618  VDWAALS    =     13416.6442
 EELEC  =   -116734.3799  EHBOND  =         0.0000  RESTRAINT  =         0.0000
 ------------------------------------------------------------------------------


 NSTEP =     4850   TIME(PS) =      37.700  TEMP(K) =   301.87  PRESS =     0.0
 Etot   =    -85942.9280  EKtot   =     19075.6641  EPtot      =   -105018.5920
 BOND   =       287.1507  ANGLE   =       573.7088  DIHED      =      1027.5631
 1-4 NB =       298.9770  1-4 EEL =     -3879.1813  VDWAALS    =     13312.5731
 EELEC  =   -116639.3835  EHBOND  =         0.0000  RESTRAINT  =         0.0000
 ------------------------------------------------------------------------------


 NSTEP =     4900   TIME(PS) =      37.800  TEMP(K) =   304.93  PRESS =     0.0
 Etot   =    -85915.2848  EKtot   =     19269.0645  EPtot      =   -105184.3493
 BOND   =       288.2936  ANGLE   =       566.4399  DIHED      =      1044.2593
 1-4 NB =       288.9038  1-4 EEL =     -3898.2103  VDWAALS    =     13360.8120
 EELEC  =   -116834.8475  EHBOND  =         0.0000  RESTRAINT  =         0.0000
 ------------------------------------------------------------------------------


 NSTEP =     4950   TIME(PS) =      37.900  TEMP(K) =   306.58  PRESS =     0.0
 Etot   =    -85890.3279  EKtot   =     19373.8359  EPtot      =   -105264.1638
 BOND   =       284.2352  ANGLE   =       573.7737  DIHED      =      1036.5878
 1-4 NB =       289.2366  1-4 EEL =     -3916.5838  VDWAALS    =     13256.3775
 EELEC  =   -116787.7908  EHBOND  =         0.0000  RESTRAINT  =         0.0000
 ------------------------------------------------------------------------------

check COM velocity, temp:        0.000014     0.00(Removed)

 NSTEP =     5000   TIME(PS) =      38.000  TEMP(K) =   302.31  PRESS =     0.0
 Etot   =    -85862.1422  EKtot   =     19103.7285  EPtot      =   -104965.8707
 BOND   =       327.2775  ANGLE   =       564.4054  DIHED      =      1020.4450
 1-4 NB =       289.3415  1-4 EEL =     -3904.7516  VDWAALS    =     13289.4384
 EELEC  =   -116552.0268  EHBOND  =         0.0000  RESTRAINT  =         0.0000
 ------------------------------------------------------------------------------


 NSTEP =     5050   TIME(PS) =      38.100  TEMP(K) =   303.40  PRESS =     0.0
 Etot   =    -85838.9181  EKtot   =     19172.8633  EPtot      =   -105011.7814
 BOND   =       292.5176  ANGLE   =       551.7997  DIHED      =      1049.5699
 1-4 NB =       297.6532  1-4 EEL =     -3890.9616  VDWAALS    =     13330.4031
 EELEC  =   -116642.7633  EHBOND  =         0.0000  RESTRAINT  =         0.0000
 ------------------------------------------------------------------------------


 NSTEP =     5100   TIME(PS) =      38.200  TEMP(K) =   304.84  PRESS =     0.0
 Etot   =    -85814.1653  EKtot   =     19263.7461  EPtot      =   -105077.9114
 BOND   =       299.4659  ANGLE   =       555.4598  DIHED      =      1045.5830
 1-4 NB =       289.4182  1-4 EEL =     -3862.9506  VDWAALS    =     13275.9373
 EELEC  =   -116680.8249  EHBOND  =         0.0000  RESTRAINT  =         0.0000
 ------------------------------------------------------------------------------


 NSTEP =     5150   TIME(PS) =      38.300  TEMP(K) =   301.62  PRESS =     0.0
 Etot   =    -85783.5965  EKtot   =     19060.3945  EPtot      =   -104843.9911
 BOND   =       308.2823  ANGLE   =       554.2364  DIHED      =      1037.3659
 1-4 NB =       300.2856  1-4 EEL =     -3916.8416  VDWAALS    =     13270.8034
 EELEC  =   -116398.1231  EHBOND  =         0.0000  RESTRAINT  =         0.0000
 ------------------------------------------------------------------------------


 NSTEP =     5200   TIME(PS) =      38.400  TEMP(K) =   302.55  PRESS =     0.0
 Etot   =    -85753.2904  EKtot   =     19119.1328  EPtot      =   -104872.4232
 BOND   =       274.7528  ANGLE   =       589.0258  DIHED      =      1035.9716
 1-4 NB =       278.0472  1-4 EEL =     -3903.7572  VDWAALS    =     13339.5084
 EELEC  =   -116485.9717  EHBOND  =         0.0000  RESTRAINT  =         0.0000
 ------------------------------------------------------------------------------


 NSTEP =     5250   TIME(PS) =      38.500  TEMP(K) =   304.50  PRESS =     0.0
 Etot   =    -85729.3049  EKtot   =     19241.9863  EPtot      =   -104971.2912
 BOND   =       281.5793  ANGLE   =       593.5796  DIHED      =      1028.0454
 1-4 NB =       296.0843  1-4 EEL =     -3874.8020  VDWAALS    =     13376.9547
 EELEC  =   -116672.7324  EHBOND  =         0.0000  RESTRAINT  =         0.0000
 ------------------------------------------------------------------------------


 NSTEP =     5300   TIME(PS) =      38.600  TEMP(K) =   305.10  PRESS =     0.0
 Etot   =    -85705.9783  EKtot   =     19279.7852  EPtot      =   -104985.7634
 BOND   =       293.2913  ANGLE   =       572.3214  DIHED      =      1032.0875
 1-4 NB =       294.4409  1-4 EEL =     -3917.4747  VDWAALS    =     13290.2473
 EELEC  =   -116550.6772  EHBOND  =         0.0000  RESTRAINT  =         0.0000
 ------------------------------------------------------------------------------


 NSTEP =     5350   TIME(PS) =      38.700  TEMP(K) =   304.81  PRESS =     0.0
 Etot   =    -85679.4318  EKtot   =     19261.6602  EPtot      =   -104941.0919
 BOND   =       282.6396  ANGLE   =       569.9996  DIHED      =      1019.7130
 1-4 NB =       283.4594  1-4 EEL =     -3900.2676  VDWAALS    =     12940.9978
 EELEC  =   -116137.6338  EHBOND  =         0.0000  RESTRAINT  =         0.0000
 ------------------------------------------------------------------------------


 NSTEP =     5400   TIME(PS) =      38.800  TEMP(K) =   304.81  PRESS =     0.0
 Etot   =    -85656.1433  EKtot   =     19261.9180  EPtot      =   -104918.0612
 BOND   =       277.4614  ANGLE   =       555.4702  DIHED      =      1059.9479
 1-4 NB =       297.0177  1-4 EEL =     -3905.9929  VDWAALS    =     13211.9239
 EELEC  =   -116413.8894  EHBOND  =         0.0000  RESTRAINT  =         0.0000
 ------------------------------------------------------------------------------


 NSTEP =     5450   TIME(PS) =      38.900  TEMP(K) =   303.54  PRESS =     0.0
 Etot   =    -85625.5540  EKtot   =     19181.2754  EPtot      =   -104806.8293
 BOND   =       324.7812  ANGLE   =       568.4626  DIHED      =      1038.0474
 1-4 NB =       283.4366  1-4 EEL =     -3917.3703  VDWAALS    =     13414.9656
 EELEC  =   -116519.1524  EHBOND  =         0.0000  RESTRAINT  =         0.0000
 ------------------------------------------------------------------------------


 NSTEP =     5500   TIME(PS) =      39.000  TEMP(K) =   303.31  PRESS =     0.0
 Etot   =    -85601.3522  EKtot   =     19167.2227  EPtot      =   -104768.5749
 BOND   =       265.0939  ANGLE   =       573.6123  DIHED      =      1041.7110
 1-4 NB =       280.1558  1-4 EEL =     -3933.2198  VDWAALS    =     13287.3116
 EELEC  =   -116283.2398  EHBOND  =         0.0000  RESTRAINT  =         0.0000
 ------------------------------------------------------------------------------


 NSTEP =     5550   TIME(PS) =      39.100  TEMP(K) =   303.97  PRESS =     0.0
 Etot   =    -85577.5067  EKtot   =     19208.5977  EPtot      =   -104786.1044
 BOND   =       304.9320  ANGLE   =       568.4002  DIHED      =      1047.2032
 1-4 NB =       300.8550  1-4 EEL =     -3946.0225  VDWAALS    =     13489.9655
 EELEC  =   -116551.4378  EHBOND  =         0.0000  RESTRAINT  =         0.0000
 ------------------------------------------------------------------------------


 NSTEP =     5600   TIME(PS) =      39.200  TEMP(K) =   306.27  PRESS =     0.0
 Etot   =    -85554.2726  EKtot   =     19353.9805  EPtot      =   -104908.2530
 BOND   =       279.7162  ANGLE   =       567.3877  DIHED      =      1050.5322
 1-4 NB =       290.6410  1-4 EEL =     -3911.4183  VDWAALS    =     13201.9330
 EELEC  =   -116387.0450  EHBOND  =         0.0000  RESTRAINT  =         0.0000
 ------------------------------------------------------------------------------


 NSTEP =     5650   TIME(PS) =      39.300  TEMP(K) =   305.06  PRESS =     0.0
 Etot   =    -85534.2372  EKtot   =     19277.2500  EPtot      =   -104811.4872
 BOND   =       280.9111  ANGLE   =       549.7388  DIHED      =      1036.6792
 1-4 NB =       296.0857  1-4 EEL =     -3900.7442  VDWAALS    =     13404.4579
 EELEC  =   -116478.6157  EHBOND  =         0.0000  RESTRAINT  =         0.0000
 ------------------------------------------------------------------------------


 NSTEP =     5700   TIME(PS) =      39.400  TEMP(K) =   306.09  PRESS =     0.0
 Etot   =    -85514.0989  EKtot   =     19342.7227  EPtot      =   -104856.8215
 BOND   =       266.4791  ANGLE   =       542.6116  DIHED      =      1053.8926
 1-4 NB =       286.4689  1-4 EEL =     -3882.1018  VDWAALS    =     13232.0956
 EELEC  =   -116356.2676  EHBOND  =         0.0000  RESTRAINT  =         0.0000
 ------------------------------------------------------------------------------


 NSTEP =     5750   TIME(PS) =      39.500  TEMP(K) =   303.05  PRESS =     0.0
 Etot   =    -85493.8522  EKtot   =     19150.7422  EPtot      =   -104644.5944
 BOND   =       269.0657  ANGLE   =       580.0070  DIHED      =      1025.1016
 1-4 NB =       295.6260  1-4 EEL =     -3891.9440  VDWAALS    =     13250.2172
 EELEC  =   -116172.6677  EHBOND  =         0.0000  RESTRAINT  =         0.0000
 ------------------------------------------------------------------------------


 NSTEP =     5800   TIME(PS) =      39.600  TEMP(K) =   306.00  PRESS =     0.0
 Etot   =    -85464.1941  EKtot   =     19336.7656  EPtot      =   -104800.9598
 BOND   =       288.2425  ANGLE   =       574.3368  DIHED      =      1033.3478
 1-4 NB =       294.3596  1-4 EEL =     -3916.0930  VDWAALS    =     13130.6700
 EELEC  =   -116205.8234  EHBOND  =         0.0000  RESTRAINT  =         0.0000
 ------------------------------------------------------------------------------


 NSTEP =     5850   TIME(PS) =      39.700  TEMP(K) =   305.80  PRESS =     0.0
 Etot   =    -85445.3566  EKtot   =     19324.1523  EPtot      =   -104769.5089
 BOND   =       283.1672  ANGLE   =       569.7331  DIHED      =      1031.4772
 1-4 NB =       292.8846  1-4 EEL =     -3912.5915  VDWAALS    =     13204.8400
 EELEC  =   -116239.0195  EHBOND  =         0.0000  RESTRAINT  =         0.0000
 ------------------------------------------------------------------------------


 NSTEP =     5900   TIME(PS) =      39.800  TEMP(K) =   306.25  PRESS =     0.0
 Etot   =    -85430.4446  EKtot   =     19352.9102  EPtot      =   -104783.3547
 BOND   =       293.2623  ANGLE   =       584.2315  DIHED      =      1029.0937
 1-4 NB =       296.6107  1-4 EEL =     -3906.5435  VDWAALS    =     13306.5323
 EELEC  =   -116386.5417  EHBOND  =         0.0000  RESTRAINT  =         0.0000
 ------------------------------------------------------------------------------


 NSTEP =     5950   TIME(PS) =      39.900  TEMP(K) =   305.67  PRESS =     0.0
 Etot   =    -85415.2128  EKtot   =     19315.8418  EPtot      =   -104731.0546
 BOND   =       286.3799  ANGLE   =       541.5697  DIHED      =      1038.1131
 1-4 NB =       296.8464  1-4 EEL =     -3921.9393  VDWAALS    =     13216.4985
 EELEC  =   -116188.5229  EHBOND  =         0.0000  RESTRAINT  =         0.0000
 ------------------------------------------------------------------------------

check COM velocity, temp:        0.000005     0.00(Removed)

 NSTEP =     6000   TIME(PS) =      40.000  TEMP(K) =   305.69  PRESS =     0.0
 Etot   =    -85397.2677  EKtot   =     19317.3516  EPtot      =   -104714.6193
 BOND   =       306.8576  ANGLE   =       594.7208  DIHED      =      1037.9143
 1-4 NB =       298.9962  1-4 EEL =     -3948.2530  VDWAALS    =     13327.6318
 EELEC  =   -116332.4871  EHBOND  =         0.0000  RESTRAINT  =         0.0000
 ------------------------------------------------------------------------------


      A V E R A G E S   O V E R     120 S T E P S


 NSTEP =     6000   TIME(PS) =      40.000  TEMP(K) =   286.09  PRESS =     0.0
 Etot   =    -89007.3833  EKtot   =     18078.9951  EPtot      =   -107086.3784
 BOND   =       276.5180  ANGLE   =       555.8023  DIHED      =      1027.2537
 1-4 NB =       289.0882  1-4 EEL =     -3915.4681  VDWAALS    =     13946.0157
 EELEC  =   -119265.5884  EHBOND  =         0.0000  RESTRAINT  =         0.0000
 ------------------------------------------------------------------------------


      R M S  F L U C T U A T I O N S


 NSTEP =     6000   TIME(PS) =      40.000  TEMP(K) =    16.97  PRESS =     0.0
 Etot   =      3328.7313  EKtot   =      1072.4226  EPtot      =      2263.7717
 BOND   =        20.3107  ANGLE   =        27.6990  DIHED      =        13.6396
 1-4 NB =         7.3923  1-4 EEL =        19.4356  VDWAALS    =       763.4870
 EELEC  =      2964.8205  EHBOND  =         0.0000  RESTRAINT  =         0.0000
 ------------------------------------------------------------------------------

--------------------------------------------------------------------------------
   5.  TIMINGS
--------------------------------------------------------------------------------

|  NonSetup CPU Time in Major Routines:
|
|     Routine           Sec        %
|     ------------------------------
|     Nonbond           1.43   16.21
|     Bond              0.00    0.00
|     Angle             0.00    0.00
|     Dihedral          0.00    0.00
|     Shake             0.05    0.58
|     RunMD             7.31   83.03
|     Other             0.02    0.17
|     ------------------------------
|     Total             8.80

|  PME Nonbond Pairlist CPU Time:
|
|     Routine              Sec        %
|     ---------------------------------
|     Set Up Cit           0.00    0.00
|     Build List           0.00    0.00
|     ---------------------------------
|     Total                0.00    0.00

|  PME Direct Force CPU Time:
|
|     Routine              Sec        %
|     ---------------------------------
|     NonBonded Calc       0.00    0.00
|     Exclude Masked       0.00    0.00
|     Other                0.01    0.12
|     ---------------------------------
|     Total                0.01    0.12

|  PME Reciprocal Force CPU Time:
|
|     Routine              Sec        %
|     ---------------------------------
|     1D bspline           0.00    0.00
|     Grid Charges         0.00    0.00
|     Scalar Sum           0.00    0.00
|     Gradient Sum         0.00    0.00
|     FFT                  0.00    0.00
|     ---------------------------------
|     Total                0.00    0.00

|  Final Performance Info:
|     -----------------------------------------------------
|     Average timings for last    5950 steps:
|     Elapsed(s) =      17.44 Per Step(ms) =       2.93
|         ns/day =      58.95   seconds/ns =    1465.58
|
|     Average timings for all steps:
|     Elapsed(s) =      17.59 Per Step(ms) =       2.93
|         ns/day =      58.95   seconds/ns =    1465.70
|     -----------------------------------------------------

|  Setup CPU time:            0.66 seconds
|  NonSetup CPU time:         8.80 seconds
|  Total CPU time:            9.46 seconds     0.00 hours

|  Setup wall time:           1    seconds
|  NonSetup wall time:       18    seconds
|  Total wall time:          19    seconds     0.01 hours
