
          -------------------------------------------------------
          Amber 16 PMEMD                              2016
          -------------------------------------------------------

| PMEMD implementation of SANDER, Release 16

| Run on 08/25/2020 at 10:58:32

|   Executable path: pmemd.cuda
| Working directory: /home/kyq/T7RNADNA/4/LA4
|          Hostname: gpu01

  [-O]verwriting output

File Assignments:
|   MDIN: heat4.in                                                              
|  MDOUT: cmp_heat4.out                                                         
| INPCRD: cmp_heat3.rst                                                         
|   PARM: cmp.prmtop                                                            
| RESTRT: cmp_heat4.rst                                                         
|   REFC: cmp.inpcrd                                                            
|  MDVEL: mdvel                                                                 
|   MDEN: mden                                                                  
|  MDCRD: cmp_heat4.mdcrd                                                       
| MDINFO: mdinfo                                                                
|  MDFRC: mdfrc                                                                 

 
 Here is the input file:
 
Stage 2 equilibration 1 0-5ns                                                  
 &cntrl                                                                        
  imin=0, irest=1, ntx=5,                                                      
  nstlim=2500, dt=0.002,                                                       
  ntc=2, ntf=2,                                                                
  ntt=1, tautp=1.5,                                                            
  tempi=150.0, temp0=200.0,                                                    
  ntpr=50, ntwx=50,                                                            
  ntb=1,                                                                       
  cut=10,                                                                      
 /                                                                             


Note: ig = -1. Setting random seed to   418713 based on wallclock time in 
      microseconds.
 
|--------------------- INFORMATION ----------------------
| GPU (CUDA) Version of PMEMD in use: NVIDIA GPU IN USE.
|                    Version 16.0.0
| 
|                      02/25/2016
| 
| Implementation by:
|                    Ross C. Walker     (SDSC)
|                    Scott Le Grand     (nVIDIA)
| 
| Precision model in use:
|      [SPFP] - Single Precision Forces, 64-bit Fixed Point
|               Accumulation. (Default)
| 
|--------------------------------------------------------
 
|----------------- CITATION INFORMATION -----------------
|
|    When publishing work that utilized the CUDA version
|    of AMBER, please cite the following in addition to
|    the regular AMBER citations:
|
|  - Romelia Salomon-Ferrer; Andreas W. Goetz; Duncan
|    Poole; Scott Le Grand; Ross C. Walker "Routine
|    microsecond molecular dynamics simulations with
|    AMBER - Part II: Particle Mesh Ewald", J. Chem.
|    Theory Comput., 2013, 9 (9), pp3878-3888,
|    DOI: 10.1021/ct400314y.
|
|  - Andreas W. Goetz; Mark J. Williamson; Dong Xu;
|    Duncan Poole; Scott Le Grand; Ross C. Walker
|    "Routine microsecond molecular dynamics simulations
|    with AMBER - Part I: Generalized Born", J. Chem.
|    Theory Comput., 2012, 8 (5), pp1542-1555.
|
|  - Scott Le Grand; Andreas W. Goetz; Ross C. Walker
|    "SPFP: Speed without compromise - a mixed precision
|    model for GPU accelerated molecular dynamics
|    simulations.", Comp. Phys. Comm., 2013, 184
|    pp374-380, DOI: 10.1016/j.cpc.2012.09.022
|
|--------------------------------------------------------
 
|------------------- GPU DEVICE INFO --------------------
|
|            CUDA_VISIBLE_DEVICES: 0
|   CUDA Capable Devices Detected:      1
|           CUDA Device ID in use:      0
|                CUDA Device Name: Tesla P100-PCIE-16GB
|     CUDA Device Global Mem Size:  16276 MB
| CUDA Device Num Multiprocessors:     56
|           CUDA Device Core Freq:   1.33 GHz
|
|--------------------------------------------------------
 
 
| Conditional Compilation Defines Used:
| PUBFFT
| BINTRAJ
| CUDA
| EMIL
 
| Largest sphere to fit in unit cell has radius =    31.660

| New format PARM file being parsed.
| Version =    1.000 Date = 08/25/20 Time = 10:52:25

| Note: 1-4 EEL scale factors are being read from the topology file.

| Note: 1-4 VDW scale factors are being read from the topology file.
| Duplicated    0 dihedrals

| Duplicated    0 dihedrals

--------------------------------------------------------------------------------
   1.  RESOURCE   USE: 
--------------------------------------------------------------------------------

 getting box info from netcdf restart file
 NATOM  =   31440 NTYPES =      18 NBONH =   30717 MBONA  =     774
 NTHETH =     892 MTHETA =    1191 NPHIH =    1828 MPHIA  =    2451
 NHPARM =       0 NPARM  =       0 NNB   =   46437 NRES   =   10179
 NBONA  =     774 NTHETA =    1191 NPHIA =    2451 NUMBND =      61
 NUMANG =     127 NPTRA  =      75 NATYP =      34 NPHB   =       1
 IFBOX  =       2 NMXRS  =      33 IFCAP =       0 NEXTRA =       0
 NCOPY  =       0

| Coordinate Index Table dimensions:    12   12   12
| Direct force subcell size =     6.4625    6.4625    6.4625

     BOX TYPE: TRUNCATED OCTAHEDRON

--------------------------------------------------------------------------------
   2.  CONTROL  DATA  FOR  THE  RUN
--------------------------------------------------------------------------------

default_name                                                                    

General flags:
     imin    =       0, nmropt  =       0

Nature and format of input:
     ntx     =       5, irest   =       1, ntrx    =       1

Nature and format of output:
     ntxo    =       2, ntpr    =      50, ntrx    =       1, ntwr    =    2500
     iwrap   =       0, ntwx    =      50, ntwv    =       0, ntwe    =       0
     ioutfm  =       1, ntwprt  =       0, idecomp =       0, rbornstat=      0

Potential function:
     ntf     =       2, ntb     =       1, igb     =       0, nsnb    =      25
     ipol    =       0, gbsa    =       0, iesp    =       0
     dielc   =   1.00000, cut     =  10.00000, intdiel =   1.00000

Frozen or restrained atoms:
     ibelly  =       0, ntr     =       0

Molecular dynamics:
     nstlim  =      2500, nscm    =      1000, nrespa  =         1
     t       =   0.00000, dt      =   0.00200, vlimit  =  -1.00000

Berendsen (weak-coupling) temperature regulation:
     temp0   = 200.00000, tempi   = 150.00000, tautp   =   1.50000

SHAKE:
     ntc     =       2, jfastw  =       0
     tol     =   0.00001

| Intermolecular bonds treatment:
|     no_intermolecular_bonds =       1

| Energy averages sample interval:
|     ene_avg_sampling =      50

Ewald parameters:
     verbose =       0, ew_type =       0, nbflag  =       1, use_pme =       1
     vdwmeth =       1, eedmeth =       1, netfrc  =       1
     Box X =   77.550   Box Y =   77.550   Box Z =   77.550
     Alpha =  109.471   Beta  =  109.471   Gamma =  109.471
     NFFT1 =   80       NFFT2 =   80       NFFT3 =   80
     Cutoff=   10.000   Tol   =0.100E-04
     Ewald Coefficient =  0.27511
     Interpolation order =    4

--------------------------------------------------------------------------------
   3.  ATOMIC COORDINATES AND VELOCITIES
--------------------------------------------------------------------------------

default_name                                                                    
 begin time read from input coords =    15.000 ps

 
 Number of triangulated 3-point waters found:    10113

     Sum of charges from parm topology file =   0.00000018
     Forcing neutrality...

| Dynamic Memory, Types Used:
| Reals              931317
| Integers           768955

| Nonbonded Pairs Initial Allocation:     9509814

| GPU memory information (estimate):
| KB of GPU memory in use:    162914
| KB of CPU memory in use:     51782

--------------------------------------------------------------------------------
   4.  RESULTS
--------------------------------------------------------------------------------

 ---------------------------------------------------
 APPROXIMATING switch and d/dx switch using CUBIC SPLINE INTERPOLATION
 using   5000.0 points per unit in tabled values
 TESTING RELATIVE ERROR over r ranging from 0.0 to cutoff
| CHECK switch(x): max rel err =   0.3316E-14   at   2.351880
| CHECK d/dx switch(x): max rel err =   0.8066E-11   at   2.747240
 ---------------------------------------------------
|---------------------------------------------------
| APPROXIMATING direct energy using CUBIC SPLINE INTERPOLATION
|  with   50.0 points per unit in tabled values
| Relative Error Limit not exceeded for r .gt.   2.34
| APPROXIMATING direct force using CUBIC SPLINE INTERPOLATION
|  with   50.0 points per unit in tabled values
| Relative Error Limit not exceeded for r .gt.   2.81
|---------------------------------------------------

 NSTEP =       50   TIME(PS) =      15.100  TEMP(K) =   140.84  PRESS =     0.0
 Etot   =   -114456.9952  EKtot   =      8900.1992  EPtot      =   -123357.1944
 BOND   =       110.0993  ANGLE   =       306.2173  DIHED      =       965.1619
 1-4 NB =       274.1398  1-4 EEL =     -3933.5417  VDWAALS    =     20116.4010
 EELEC  =   -141195.6719  EHBOND  =         0.0000  RESTRAINT  =         0.0000
 ------------------------------------------------------------------------------


 NSTEP =      100   TIME(PS) =      15.200  TEMP(K) =   142.39  PRESS =     0.0
 Etot   =   -114213.0328  EKtot   =      8998.0254  EPtot      =   -123211.0582
 BOND   =       111.1050  ANGLE   =       307.8416  DIHED      =       964.0402
 1-4 NB =       273.2600  1-4 EEL =     -3932.7266  VDWAALS    =     20303.1600
 EELEC  =   -141237.7383  EHBOND  =         0.0000  RESTRAINT  =         0.0000
 ------------------------------------------------------------------------------


 NSTEP =      150   TIME(PS) =      15.300  TEMP(K) =   144.69  PRESS =     0.0
 Etot   =   -113979.7426  EKtot   =      9143.6367  EPtot      =   -123123.3793
 BOND   =       114.9354  ANGLE   =       314.0871  DIHED      =       966.8757
 1-4 NB =       275.8669  1-4 EEL =     -3931.0719  VDWAALS    =     20122.4729
 EELEC  =   -140986.5455  EHBOND  =         0.0000  RESTRAINT  =         0.0000
 ------------------------------------------------------------------------------


 NSTEP =      200   TIME(PS) =      15.400  TEMP(K) =   145.06  PRESS =     0.0
 Etot   =   -113747.2257  EKtot   =      9166.4756  EPtot      =   -122913.7012
 BOND   =       108.1979  ANGLE   =       307.9855  DIHED      =       970.9440
 1-4 NB =       274.2432  1-4 EEL =     -3920.8830  VDWAALS    =     19868.2346
 EELEC  =   -140522.4235  EHBOND  =         0.0000  RESTRAINT  =         0.0000
 ------------------------------------------------------------------------------


 NSTEP =      250   TIME(PS) =      15.500  TEMP(K) =   147.45  PRESS =     0.0
 Etot   =   -113523.6985  EKtot   =      9317.5371  EPtot      =   -122841.2356
 BOND   =       112.8664  ANGLE   =       297.8067  DIHED      =       975.9992
 1-4 NB =       268.1629  1-4 EEL =     -3921.6425  VDWAALS    =     19814.8470
 EELEC  =   -140389.2753  EHBOND  =         0.0000  RESTRAINT  =         0.0000
 ------------------------------------------------------------------------------


 NSTEP =      300   TIME(PS) =      15.600  TEMP(K) =   148.62  PRESS =     0.0
 Etot   =   -113308.1645  EKtot   =      9391.5645  EPtot      =   -122699.7290
 BOND   =       112.5652  ANGLE   =       291.5334  DIHED      =       967.3330
 1-4 NB =       271.5298  1-4 EEL =     -3930.4482  VDWAALS    =     19704.0337
 EELEC  =   -140116.2758  EHBOND  =         0.0000  RESTRAINT  =         0.0000
 ------------------------------------------------------------------------------


 NSTEP =      350   TIME(PS) =      15.700  TEMP(K) =   149.71  PRESS =     0.0
 Etot   =   -113097.3528  EKtot   =      9460.4111  EPtot      =   -122557.7640
 BOND   =       121.8421  ANGLE   =       328.7105  DIHED      =       963.6066
 1-4 NB =       272.5620  1-4 EEL =     -3930.0485  VDWAALS    =     19679.4417
 EELEC  =   -139993.8784  EHBOND  =         0.0000  RESTRAINT  =         0.0000
 ------------------------------------------------------------------------------


 NSTEP =      400   TIME(PS) =      15.800  TEMP(K) =   151.57  PRESS =     0.0
 Etot   =   -112891.5481  EKtot   =      9577.9590  EPtot      =   -122469.5071
 BOND   =       116.4198  ANGLE   =       318.3104  DIHED      =       959.8015
 1-4 NB =       281.7785  1-4 EEL =     -3921.6091  VDWAALS    =     19677.3562
 EELEC  =   -139901.5645  EHBOND  =         0.0000  RESTRAINT  =         0.0000
 ------------------------------------------------------------------------------


 NSTEP =      450   TIME(PS) =      15.900  TEMP(K) =   154.77  PRESS =     0.0
 Etot   =   -112695.9991  EKtot   =      9780.3096  EPtot      =   -122476.3086
 BOND   =       116.8145  ANGLE   =       324.9622  DIHED      =       971.3801
 1-4 NB =       274.6671  1-4 EEL =     -3913.3756  VDWAALS    =     19644.2150
 EELEC  =   -139894.9720  EHBOND  =         0.0000  RESTRAINT  =         0.0000
 ------------------------------------------------------------------------------


 NSTEP =      500   TIME(PS) =      16.000  TEMP(K) =   155.82  PRESS =     0.0
 Etot   =   -112506.2875  EKtot   =      9846.7139  EPtot      =   -122353.0013
 BOND   =       119.1014  ANGLE   =       309.6438  DIHED      =       980.3335
 1-4 NB =       273.1631  1-4 EEL =     -3926.9210  VDWAALS    =     19723.2054
 EELEC  =   -139831.5277  EHBOND  =         0.0000  RESTRAINT  =         0.0000
 ------------------------------------------------------------------------------


 NSTEP =      550   TIME(PS) =      16.100  TEMP(K) =   155.95  PRESS =     0.0
 Etot   =   -112318.6113  EKtot   =      9855.1631  EPtot      =   -122173.7744
 BOND   =       116.1005  ANGLE   =       324.5715  DIHED      =       980.6307
 1-4 NB =       268.8108  1-4 EEL =     -3922.4038  VDWAALS    =     19758.0083
 EELEC  =   -139699.4923  EHBOND  =         0.0000  RESTRAINT  =         0.0000
 ------------------------------------------------------------------------------


 NSTEP =      600   TIME(PS) =      16.200  TEMP(K) =   157.31  PRESS =     0.0
 Etot   =   -112136.3643  EKtot   =      9940.5527  EPtot      =   -122076.9170
 BOND   =       132.4686  ANGLE   =       308.6186  DIHED      =       975.6922
 1-4 NB =       262.9104  1-4 EEL =     -3934.3254  VDWAALS    =     19591.0626
 EELEC  =   -139413.3439  EHBOND  =         0.0000  RESTRAINT  =         0.0000
 ------------------------------------------------------------------------------


 NSTEP =      650   TIME(PS) =      16.300  TEMP(K) =   159.94  PRESS =     0.0
 Etot   =   -111962.0921  EKtot   =     10106.9043  EPtot      =   -122068.9964
 BOND   =       113.1821  ANGLE   =       323.8798  DIHED      =       965.0805
 1-4 NB =       273.7362  1-4 EEL =     -3907.2540  VDWAALS    =     19733.5038
 EELEC  =   -139571.1249  EHBOND  =         0.0000  RESTRAINT  =         0.0000
 ------------------------------------------------------------------------------


 NSTEP =      700   TIME(PS) =      16.400  TEMP(K) =   158.64  PRESS =     0.0
 Etot   =   -111792.5009  EKtot   =     10024.6240  EPtot      =   -121817.1249
 BOND   =       129.8829  ANGLE   =       313.8969  DIHED      =       960.5926
 1-4 NB =       279.2231  1-4 EEL =     -3926.0516  VDWAALS    =     19637.7318
 EELEC  =   -139212.4006  EHBOND  =         0.0000  RESTRAINT  =         0.0000
 ------------------------------------------------------------------------------


 NSTEP =      750   TIME(PS) =      16.500  TEMP(K) =   161.98  PRESS =     0.0
 Etot   =   -111628.1361  EKtot   =     10235.7949  EPtot      =   -121863.9310
 BOND   =       124.1489  ANGLE   =       320.0648  DIHED      =       970.6562
 1-4 NB =       278.6382  1-4 EEL =     -3918.3802  VDWAALS    =     19584.3894
 EELEC  =   -139223.4482  EHBOND  =         0.0000  RESTRAINT  =         0.0000
 ------------------------------------------------------------------------------


 NSTEP =      800   TIME(PS) =      16.600  TEMP(K) =   162.00  PRESS =     0.0
 Etot   =   -111467.1984  EKtot   =     10237.3643  EPtot      =   -121704.5626
 BOND   =       121.9485  ANGLE   =       305.6307  DIHED      =       965.0992
 1-4 NB =       275.9620  1-4 EEL =     -3903.6140  VDWAALS    =     19607.7239
 EELEC  =   -139077.3128  EHBOND  =         0.0000  RESTRAINT  =         0.0000
 ------------------------------------------------------------------------------


 NSTEP =      850   TIME(PS) =      16.700  TEMP(K) =   163.30  PRESS =     0.0
 Etot   =   -111309.3721  EKtot   =     10319.2344  EPtot      =   -121628.6064
 BOND   =       133.8090  ANGLE   =       326.7632  DIHED      =       973.8485
 1-4 NB =       269.6115  1-4 EEL =     -3930.6734  VDWAALS    =     19391.6314
 EELEC  =   -138793.5967  EHBOND  =         0.0000  RESTRAINT  =         0.0000
 ------------------------------------------------------------------------------


 NSTEP =      900   TIME(PS) =      16.800  TEMP(K) =   164.51  PRESS =     0.0
 Etot   =   -111158.9390  EKtot   =     10395.6250  EPtot      =   -121554.5640
 BOND   =       117.1090  ANGLE   =       326.5303  DIHED      =       973.4468
 1-4 NB =       267.6532  1-4 EEL =     -3918.3542  VDWAALS    =     19332.5687
 EELEC  =   -138653.5179  EHBOND  =         0.0000  RESTRAINT  =         0.0000
 ------------------------------------------------------------------------------


 NSTEP =      950   TIME(PS) =      16.900  TEMP(K) =   166.43  PRESS =     0.0
 Etot   =   -111013.1856  EKtot   =     10516.8750  EPtot      =   -121530.0606
 BOND   =       126.5843  ANGLE   =       321.4910  DIHED      =       969.0354
 1-4 NB =       271.7504  1-4 EEL =     -3909.0966  VDWAALS    =     19451.3432
 EELEC  =   -138761.1683  EHBOND  =         0.0000  RESTRAINT  =         0.0000
 ------------------------------------------------------------------------------

check COM velocity, temp:        0.000014     0.00(Removed)

 NSTEP =     1000   TIME(PS) =      17.000  TEMP(K) =   166.65  PRESS =     0.0
 Etot   =   -110870.9768  EKtot   =     10531.0801  EPtot      =   -121402.0569
 BOND   =       125.9400  ANGLE   =       328.0272  DIHED      =       968.4154
 1-4 NB =       276.8710  1-4 EEL =     -3907.1164  VDWAALS    =     19520.7515
 EELEC  =   -138714.9455  EHBOND  =         0.0000  RESTRAINT  =         0.0000
 ------------------------------------------------------------------------------


 NSTEP =     1050   TIME(PS) =      17.100  TEMP(K) =   167.27  PRESS =     0.0
 Etot   =   -110731.1791  EKtot   =     10570.5410  EPtot      =   -121301.7201
 BOND   =       143.4421  ANGLE   =       332.7039  DIHED      =       979.6819
 1-4 NB =       267.6903  1-4 EEL =     -3930.0009  VDWAALS    =     19131.5522
 EELEC  =   -138226.7897  EHBOND  =         0.0000  RESTRAINT  =         0.0000
 ------------------------------------------------------------------------------


 NSTEP =     1100   TIME(PS) =      17.200  TEMP(K) =   168.27  PRESS =     0.0
 Etot   =   -110596.5810  EKtot   =     10633.3271  EPtot      =   -121229.9081
 BOND   =       136.4228  ANGLE   =       340.5408  DIHED      =       968.0764
 1-4 NB =       273.4598  1-4 EEL =     -3938.4305  VDWAALS    =     19557.6232
 EELEC  =   -138567.6007  EHBOND  =         0.0000  RESTRAINT  =         0.0000
 ------------------------------------------------------------------------------


 NSTEP =     1150   TIME(PS) =      17.300  TEMP(K) =   168.22  PRESS =     0.0
 Etot   =   -110464.7279  EKtot   =     10630.0879  EPtot      =   -121094.8158
 BOND   =       123.3864  ANGLE   =       318.1975  DIHED      =       987.6443
 1-4 NB =       278.5127  1-4 EEL =     -3919.1076  VDWAALS    =     19611.1729
 EELEC  =   -138494.6219  EHBOND  =         0.0000  RESTRAINT  =         0.0000
 ------------------------------------------------------------------------------


 NSTEP =     1200   TIME(PS) =      17.400  TEMP(K) =   170.52  PRESS =     0.0
 Etot   =   -110338.8747  EKtot   =     10775.9102  EPtot      =   -121114.7848
 BOND   =       133.3033  ANGLE   =       328.7661  DIHED      =       967.5055
 1-4 NB =       272.2348  1-4 EEL =     -3910.1598  VDWAALS    =     19292.1245
 EELEC  =   -138198.5592  EHBOND  =         0.0000  RESTRAINT  =         0.0000
 ------------------------------------------------------------------------------


 NSTEP =     1250   TIME(PS) =      17.500  TEMP(K) =   172.43  PRESS =     0.0
 Etot   =   -110215.3696  EKtot   =     10896.5000  EPtot      =   -121111.8696
 BOND   =       130.1689  ANGLE   =       330.7614  DIHED      =       981.0917
 1-4 NB =       273.6092  1-4 EEL =     -3913.6969  VDWAALS    =     19255.6307
 EELEC  =   -138169.4346  EHBOND  =         0.0000  RESTRAINT  =         0.0000
 ------------------------------------------------------------------------------


 NSTEP =     1300   TIME(PS) =      17.600  TEMP(K) =   171.64  PRESS =     0.0
 Etot   =   -110095.9590  EKtot   =     10846.6484  EPtot      =   -120942.6074
 BOND   =       130.0123  ANGLE   =       325.6818  DIHED      =       985.4953
 1-4 NB =       282.1552  1-4 EEL =     -3926.4142  VDWAALS    =     19138.9209
 EELEC  =   -137878.4589  EHBOND  =         0.0000  RESTRAINT  =         0.0000
 ------------------------------------------------------------------------------


 NSTEP =     1350   TIME(PS) =      17.700  TEMP(K) =   172.37  PRESS =     0.0
 Etot   =   -109979.5456  EKtot   =     10892.5352  EPtot      =   -120872.0808
 BOND   =       137.7657  ANGLE   =       363.7560  DIHED      =       966.0660
 1-4 NB =       271.7519  1-4 EEL =     -3921.1578  VDWAALS    =     19407.0851
 EELEC  =   -138097.3476  EHBOND  =         0.0000  RESTRAINT  =         0.0000
 ------------------------------------------------------------------------------


 NSTEP =     1400   TIME(PS) =      17.800  TEMP(K) =   174.55  PRESS =     0.0
 Etot   =   -109868.5881  EKtot   =     11030.2373  EPtot      =   -120898.8254
 BOND   =       142.3825  ANGLE   =       330.4000  DIHED      =       968.1992
 1-4 NB =       273.5779  1-4 EEL =     -3909.3383  VDWAALS    =     19148.3336
 EELEC  =   -137852.3803  EHBOND  =         0.0000  RESTRAINT  =         0.0000
 ------------------------------------------------------------------------------


 NSTEP =     1450   TIME(PS) =      17.900  TEMP(K) =   173.52  PRESS =     0.0
 Etot   =   -109759.0727  EKtot   =     10965.0039  EPtot      =   -120724.0766
 BOND   =       132.9456  ANGLE   =       362.6023  DIHED      =       975.3780
 1-4 NB =       279.5188  1-4 EEL =     -3910.7053  VDWAALS    =     19012.7718
 EELEC  =   -137576.5880  EHBOND  =         0.0000  RESTRAINT  =         0.0000
 ------------------------------------------------------------------------------


 NSTEP =     1500   TIME(PS) =      18.000  TEMP(K) =   173.80  PRESS =     0.0
 Etot   =   -109649.7865  EKtot   =     10982.8145  EPtot      =   -120632.6009
 BOND   =       133.3309  ANGLE   =       342.7141  DIHED      =       980.3577
 1-4 NB =       277.5695  1-4 EEL =     -3920.4045  VDWAALS    =     19093.1565
 EELEC  =   -137539.3252  EHBOND  =         0.0000  RESTRAINT  =         0.0000
 ------------------------------------------------------------------------------


 NSTEP =     1550   TIME(PS) =      18.100  TEMP(K) =   175.75  PRESS =     0.0
 Etot   =   -109548.2608  EKtot   =     11106.3467  EPtot      =   -120654.6075
 BOND   =       138.1472  ANGLE   =       352.2947  DIHED      =       970.6042
 1-4 NB =       276.3770  1-4 EEL =     -3908.4284  VDWAALS    =     19125.5135
 EELEC  =   -137609.1156  EHBOND  =         0.0000  RESTRAINT  =         0.0000
 ------------------------------------------------------------------------------


 NSTEP =     1600   TIME(PS) =      18.200  TEMP(K) =   176.22  PRESS =     0.0
 Etot   =   -109447.1147  EKtot   =     11135.5410  EPtot      =   -120582.6557
 BOND   =       140.5280  ANGLE   =       356.8529  DIHED      =       973.8057
 1-4 NB =       274.3289  1-4 EEL =     -3924.4083  VDWAALS    =     18981.5383
 EELEC  =   -137385.3013  EHBOND  =         0.0000  RESTRAINT  =         0.0000
 ------------------------------------------------------------------------------


 NSTEP =     1650   TIME(PS) =      18.300  TEMP(K) =   177.99  PRESS =     0.0
 Etot   =   -109349.0688  EKtot   =     11247.4102  EPtot      =   -120596.4789
 BOND   =       146.1163  ANGLE   =       348.5061  DIHED      =       981.4038
 1-4 NB =       280.3164  1-4 EEL =     -3927.3379  VDWAALS    =     19036.6111
 EELEC  =   -137462.0947  EHBOND  =         0.0000  RESTRAINT  =         0.0000
 ------------------------------------------------------------------------------


 NSTEP =     1700   TIME(PS) =      18.400  TEMP(K) =   176.39  PRESS =     0.0
 Etot   =   -109251.6279  EKtot   =     11146.6289  EPtot      =   -120398.2568
 BOND   =       136.8968  ANGLE   =       333.1224  DIHED      =       978.5921
 1-4 NB =       276.5167  1-4 EEL =     -3918.1313  VDWAALS    =     19016.4598
 EELEC  =   -137221.7134  EHBOND  =         0.0000  RESTRAINT  =         0.0000
 ------------------------------------------------------------------------------


 NSTEP =     1750   TIME(PS) =      18.500  TEMP(K) =   176.05  PRESS =     0.0
 Etot   =   -109158.6328  EKtot   =     11125.0264  EPtot      =   -120283.6592
 BOND   =       138.5369  ANGLE   =       349.7014  DIHED      =       982.5692
 1-4 NB =       269.9475  1-4 EEL =     -3915.9759  VDWAALS    =     19191.2078
 EELEC  =   -137299.6461  EHBOND  =         0.0000  RESTRAINT  =         0.0000
 ------------------------------------------------------------------------------


 NSTEP =     1800   TIME(PS) =      18.600  TEMP(K) =   178.33  PRESS =     0.0
 Etot   =   -109066.6547  EKtot   =     11269.3213  EPtot      =   -120335.9760
 BOND   =       147.8658  ANGLE   =       345.6518  DIHED      =       984.9592
 1-4 NB =       276.4388  1-4 EEL =     -3921.7664  VDWAALS    =     18826.2225
 EELEC  =   -136995.3477  EHBOND  =         0.0000  RESTRAINT  =         0.0000
 ------------------------------------------------------------------------------


 NSTEP =     1850   TIME(PS) =      18.700  TEMP(K) =   180.16  PRESS =     0.0
 Etot   =   -108979.3264  EKtot   =     11385.0469  EPtot      =   -120364.3732
 BOND   =       143.7162  ANGLE   =       346.3280  DIHED      =       983.7677
 1-4 NB =       280.4488  1-4 EEL =     -3932.3858  VDWAALS    =     18941.5932
 EELEC  =   -137127.8413  EHBOND  =         0.0000  RESTRAINT  =         0.0000
 ------------------------------------------------------------------------------


 NSTEP =     1900   TIME(PS) =      18.800  TEMP(K) =   179.83  PRESS =     0.0
 Etot   =   -108896.6928  EKtot   =     11363.6992  EPtot      =   -120260.3920
 BOND   =       147.1392  ANGLE   =       348.5532  DIHED      =       973.2389
 1-4 NB =       278.7019  1-4 EEL =     -3934.9140  VDWAALS    =     18938.0486
 EELEC  =   -137011.1598  EHBOND  =         0.0000  RESTRAINT  =         0.0000
 ------------------------------------------------------------------------------


 NSTEP =     1950   TIME(PS) =      18.900  TEMP(K) =   180.69  PRESS =     0.0
 Etot   =   -108809.9291  EKtot   =     11418.4531  EPtot      =   -120228.3822
 BOND   =       148.3316  ANGLE   =       342.2631  DIHED      =       971.4563
 1-4 NB =       279.2759  1-4 EEL =     -3897.3194  VDWAALS    =     18930.8711
 EELEC  =   -137003.2608  EHBOND  =         0.0000  RESTRAINT  =         0.0000
 ------------------------------------------------------------------------------

check COM velocity, temp:        0.000007     0.00(Removed)

 NSTEP =     2000   TIME(PS) =      19.000  TEMP(K) =   181.12  PRESS =     0.0
 Etot   =   -108729.9331  EKtot   =     11445.1699  EPtot      =   -120175.1030
 BOND   =       154.7521  ANGLE   =       361.4368  DIHED      =       963.2285
 1-4 NB =       269.2788  1-4 EEL =     -3922.0226  VDWAALS    =     18919.1667
 EELEC  =   -136920.9433  EHBOND  =         0.0000  RESTRAINT  =         0.0000
 ------------------------------------------------------------------------------


 NSTEP =     2050   TIME(PS) =      19.100  TEMP(K) =   181.07  PRESS =     0.0
 Etot   =   -108651.2452  EKtot   =     11442.1172  EPtot      =   -120093.3624
 BOND   =       153.7709  ANGLE   =       348.0693  DIHED      =       985.8742
 1-4 NB =       272.6751  1-4 EEL =     -3932.9602  VDWAALS    =     18715.6154
 EELEC  =   -136636.4071  EHBOND  =         0.0000  RESTRAINT  =         0.0000
 ------------------------------------------------------------------------------


 NSTEP =     2100   TIME(PS) =      19.200  TEMP(K) =   181.44  PRESS =     0.0
 Etot   =   -108574.2993  EKtot   =     11465.9766  EPtot      =   -120040.2758
 BOND   =       146.9107  ANGLE   =       366.8399  DIHED      =       977.0646
 1-4 NB =       277.4860  1-4 EEL =     -3935.3683  VDWAALS    =     18782.7989
 EELEC  =   -136656.0077  EHBOND  =         0.0000  RESTRAINT  =         0.0000
 ------------------------------------------------------------------------------


 NSTEP =     2150   TIME(PS) =      19.300  TEMP(K) =   180.80  PRESS =     0.0
 Etot   =   -108495.8543  EKtot   =     11425.0664  EPtot      =   -119920.9207
 BOND   =       148.4642  ANGLE   =       339.6180  DIHED      =       971.0807
 1-4 NB =       273.9500  1-4 EEL =     -3900.4593  VDWAALS    =     18819.8312
 EELEC  =   -136573.4055  EHBOND  =         0.0000  RESTRAINT  =         0.0000
 ------------------------------------------------------------------------------


 NSTEP =     2200   TIME(PS) =      19.400  TEMP(K) =   182.76  PRESS =     0.0
 Etot   =   -108420.2364  EKtot   =     11548.9092  EPtot      =   -119969.1456
 BOND   =       141.5856  ANGLE   =       347.7933  DIHED      =       984.8665
 1-4 NB =       272.1842  1-4 EEL =     -3915.6111  VDWAALS    =     18769.3893
 EELEC  =   -136569.3535  EHBOND  =         0.0000  RESTRAINT  =         0.0000
 ------------------------------------------------------------------------------


 NSTEP =     2250   TIME(PS) =      19.500  TEMP(K) =   185.50  PRESS =     0.0
 Etot   =   -108352.8816  EKtot   =     11722.4072  EPtot      =   -120075.2889
 BOND   =       142.9984  ANGLE   =       351.1605  DIHED      =       984.6967
 1-4 NB =       281.6411  1-4 EEL =     -3950.2794  VDWAALS    =     18662.3496
 EELEC  =   -136547.8558  EHBOND  =         0.0000  RESTRAINT  =         0.0000
 ------------------------------------------------------------------------------


 NSTEP =     2300   TIME(PS) =      19.600  TEMP(K) =   182.98  PRESS =     0.0
 Etot   =   -108283.9495  EKtot   =     11563.2324  EPtot      =   -119847.1820
 BOND   =       152.2810  ANGLE   =       364.9234  DIHED      =       981.5517
 1-4 NB =       268.8851  1-4 EEL =     -3923.0303  VDWAALS    =     18625.2439
 EELEC  =   -136317.0369  EHBOND  =         0.0000  RESTRAINT  =         0.0000
 ------------------------------------------------------------------------------


 NSTEP =     2350   TIME(PS) =      19.700  TEMP(K) =   183.43  PRESS =     0.0
 Etot   =   -108216.8685  EKtot   =     11591.5527  EPtot      =   -119808.4212
 BOND   =       160.0106  ANGLE   =       367.7124  DIHED      =       979.4912
 1-4 NB =       276.5289  1-4 EEL =     -3911.8918  VDWAALS    =     18637.5839
 EELEC  =   -136317.8565  EHBOND  =         0.0000  RESTRAINT  =         0.0000
 ------------------------------------------------------------------------------


 NSTEP =     2400   TIME(PS) =      19.800  TEMP(K) =   185.30  PRESS =     0.0
 Etot   =   -108152.7465  EKtot   =     11709.5273  EPtot      =   -119862.2739
 BOND   =       143.2289  ANGLE   =       355.6894  DIHED      =       985.1455
 1-4 NB =       284.4196  1-4 EEL =     -3910.5486  VDWAALS    =     18512.9846
 EELEC  =   -136233.1932  EHBOND  =         0.0000  RESTRAINT  =         0.0000
 ------------------------------------------------------------------------------


 NSTEP =     2450   TIME(PS) =      19.900  TEMP(K) =   186.20  PRESS =     0.0
 Etot   =   -108089.7076  EKtot   =     11766.1729  EPtot      =   -119855.8805
 BOND   =       145.9371  ANGLE   =       364.3022  DIHED      =       985.9369
 1-4 NB =       274.9251  1-4 EEL =     -3931.0452  VDWAALS    =     18561.2446
 EELEC  =   -136257.1812  EHBOND  =         0.0000  RESTRAINT  =         0.0000
 ------------------------------------------------------------------------------


 NSTEP =     2500   TIME(PS) =      20.000  TEMP(K) =   186.42  PRESS =     0.0
 Etot   =   -108029.6313  EKtot   =     11780.0879  EPtot      =   -119809.7192
 BOND   =       148.9561  ANGLE   =       360.3978  DIHED      =       992.5150
 1-4 NB =       274.9148  1-4 EEL =     -3923.4113  VDWAALS    =     18792.1948
 EELEC  =   -136455.2862  EHBOND  =         0.0000  RESTRAINT  =         0.0000
 ------------------------------------------------------------------------------


      A V E R A G E S   O V E R      50 S T E P S


 NSTEP =     2500   TIME(PS) =      20.000  TEMP(K) =   168.57  PRESS =     0.0
 Etot   =   -110525.6354  EKtot   =     10652.5470  EPtot      =   -121178.1823
 BOND   =       133.0891  ANGLE   =       334.6783  DIHED      =       974.7864
 1-4 NB =       274.6772  1-4 EEL =     -3921.5250  VDWAALS    =     19273.9384
 EELEC  =   -138247.8268  EHBOND  =         0.0000  RESTRAINT  =         0.0000
 ------------------------------------------------------------------------------


      R M S  F L U C T U A T I O N S


 NSTEP =     2500   TIME(PS) =      20.000  TEMP(K) =    12.98  PRESS =     0.0
 Etot   =      1862.3714  EKtot   =       820.2146  EPtot      =      1045.4983
 BOND   =        13.7165  ANGLE   =        19.9538  DIHED      =         8.0857
 1-4 NB =         4.3493  1-4 EEL =        10.6831  VDWAALS    =       442.4129
 EELEC  =      1437.1421  EHBOND  =         0.0000  RESTRAINT  =         0.0000
 ------------------------------------------------------------------------------

--------------------------------------------------------------------------------
   5.  TIMINGS
--------------------------------------------------------------------------------

|  NonSetup CPU Time in Major Routines:
|
|     Routine           Sec        %
|     ------------------------------
|     Nonbond           0.47   14.86
|     Bond              0.00    0.00
|     Angle             0.00    0.00
|     Dihedral          0.00    0.00
|     Shake             0.03    0.82
|     RunMD             2.67   84.18
|     Other             0.00    0.14
|     ------------------------------
|     Total             3.17

|  PME Nonbond Pairlist CPU Time:
|
|     Routine              Sec        %
|     ---------------------------------
|     Set Up Cit           0.00    0.00
|     Build List           0.00    0.00
|     ---------------------------------
|     Total                0.00    0.00

|  PME Direct Force CPU Time:
|
|     Routine              Sec        %
|     ---------------------------------
|     NonBonded Calc       0.00    0.00
|     Exclude Masked       0.00    0.00
|     Other                0.00    0.10
|     ---------------------------------
|     Total                0.00    0.10

|  PME Reciprocal Force CPU Time:
|
|     Routine              Sec        %
|     ---------------------------------
|     1D bspline           0.00    0.00
|     Grid Charges         0.00    0.00
|     Scalar Sum           0.00    0.00
|     Gradient Sum         0.00    0.00
|     FFT                  0.00    0.00
|     ---------------------------------
|     Total                0.00    0.00

|  Final Performance Info:
|     -----------------------------------------------------
|     Average timings for last    2450 steps:
|     Elapsed(s) =       6.20 Per Step(ms) =       2.53
|         ns/day =      68.27   seconds/ns =    1265.54
|
|     Average timings for all steps:
|     Elapsed(s) =       6.35 Per Step(ms) =       2.54
|         ns/day =      68.05   seconds/ns =    1269.75
|     -----------------------------------------------------

|  Setup CPU time:            0.88 seconds
|  NonSetup CPU time:         3.17 seconds
|  Total CPU time:            4.05 seconds     0.00 hours

|  Setup wall time:           2    seconds
|  NonSetup wall time:        7    seconds
|  Total wall time:           9    seconds     0.00 hours
