
          -------------------------------------------------------
          Amber 16 PMEMD                              2016
          -------------------------------------------------------

| PMEMD implementation of SANDER, Release 16

| Run on 10/15/2020 at 10:49:33

|   Executable path: pmemd.cuda
| Working directory: /home/kyq/T7RNADNA/newLC7
|          Hostname: gpu01

  [-O]verwriting output

File Assignments:
|   MDIN: min2.in                                                               
|  MDOUT: cmp_min2.out                                                          
| INPCRD: cmp_min1.rst                                                          
|   PARM: cmp.prmtop                                                            
| RESTRT: cmp_min2.rst                                                          
|   REFC: cmp.inpcrd                                                            
|  MDVEL: mdvel                                                                 
|   MDEN: mden                                                                  
|  MDCRD: mdcrd                                                                 
| MDINFO: mdinfo                                                                
|  MDFRC: mdfrc                                                                 

 
 Here is the input file:
 
Initial minimisation of our structures                                         
 &cntrl                                                                        
  imin=1, maxcyc=10000, ncyc=5000,                                             
  cut=10, ntb=1,ntr=1,                                                         
  restraint_wt=2.0                                                             
  restraintmask=':1-34@C5'                                                     
                                                                               
/                                                                              


Note: ig = -1. Setting random seed to   520636 based on wallclock time in 
      microseconds.
 
|--------------------- INFORMATION ----------------------
| GPU (CUDA) Version of PMEMD in use: NVIDIA GPU IN USE.
|                    Version 16.0.0
| 
|                      02/25/2016
| 
| Implementation by:
|                    Ross C. Walker     (SDSC)
|                    Scott Le Grand     (nVIDIA)
| 
| Precision model in use:
|      [SPFP] - Single Precision Forces, 64-bit Fixed Point
|               Accumulation. (Default)
| 
|--------------------------------------------------------
 
|----------------- CITATION INFORMATION -----------------
|
|    When publishing work that utilized the CUDA version
|    of AMBER, please cite the following in addition to
|    the regular AMBER citations:
|
|  - Romelia Salomon-Ferrer; Andreas W. Goetz; Duncan
|    Poole; Scott Le Grand; Ross C. Walker "Routine
|    microsecond molecular dynamics simulations with
|    AMBER - Part II: Particle Mesh Ewald", J. Chem.
|    Theory Comput., 2013, 9 (9), pp3878-3888,
|    DOI: 10.1021/ct400314y.
|
|  - Andreas W. Goetz; Mark J. Williamson; Dong Xu;
|    Duncan Poole; Scott Le Grand; Ross C. Walker
|    "Routine microsecond molecular dynamics simulations
|    with AMBER - Part I: Generalized Born", J. Chem.
|    Theory Comput., 2012, 8 (5), pp1542-1555.
|
|  - Scott Le Grand; Andreas W. Goetz; Ross C. Walker
|    "SPFP: Speed without compromise - a mixed precision
|    model for GPU accelerated molecular dynamics
|    simulations.", Comp. Phys. Comm., 2013, 184
|    pp374-380, DOI: 10.1016/j.cpc.2012.09.022
|
|--------------------------------------------------------
 
|------------------- GPU DEVICE INFO --------------------
|
|            CUDA_VISIBLE_DEVICES: 0
|   CUDA Capable Devices Detected:      1
|           CUDA Device ID in use:      0
|                CUDA Device Name: Tesla P100-PCIE-16GB
|     CUDA Device Global Mem Size:  16276 MB
| CUDA Device Num Multiprocessors:     56
|           CUDA Device Core Freq:   1.33 GHz
|
|--------------------------------------------------------
 
 
| Conditional Compilation Defines Used:
| PUBFFT
| BINTRAJ
| CUDA
| EMIL
 
| Largest sphere to fit in unit cell has radius =    31.887

| New format PARM file being parsed.
| Version =    1.000 Date = 10/15/20 Time = 10:48:56

| Note: 1-4 EEL scale factors are being read from the topology file.

| Note: 1-4 VDW scale factors are being read from the topology file.
| Duplicated    0 dihedrals

| Duplicated    0 dihedrals

--------------------------------------------------------------------------------
   1.  RESOURCE   USE: 
--------------------------------------------------------------------------------

 getting box info from netcdf restart file
 NATOM  =   32397 NTYPES =      18 NBONH =   31674 MBONA  =     774
 NTHETH =     898 MTHETA =    1191 NPHIH =    1825 MPHIA  =    2463
 NHPARM =       0 NPARM  =       0 NNB   =   47718 NRES   =   10497
 NBONA  =     774 NTHETA =    1191 NPHIA =    2463 NUMBND =      61
 NUMANG =     127 NPTRA  =      75 NATYP =      34 NPHB   =       1
 IFBOX  =       2 NMXRS  =      33 IFCAP =       0 NEXTRA =       0
 NCOPY  =       0

| Coordinate Index Table dimensions:    12   12   12
| Direct force subcell size =     6.5088    6.5088    6.5088

     BOX TYPE: TRUNCATED OCTAHEDRON

--------------------------------------------------------------------------------
   2.  CONTROL  DATA  FOR  THE  RUN
--------------------------------------------------------------------------------

default_name                                                                    

General flags:
     imin    =       1, nmropt  =       0

Nature and format of input:
     ntx     =       1, irest   =       0, ntrx    =       1

Nature and format of output:
     ntxo    =       2, ntpr    =      50, ntrx    =       1, ntwr    =       1
     iwrap   =       0, ntwx    =       0, ntwv    =       0, ntwe    =       0
     ioutfm  =       1, ntwprt  =       0, idecomp =       0, rbornstat=      0

Potential function:
     ntf     =       1, ntb     =       1, igb     =       0, nsnb    =      25
     ipol    =       0, gbsa    =       0, iesp    =       0
     dielc   =   1.00000, cut     =  10.00000, intdiel =   1.00000

Frozen or restrained atoms:
     ibelly  =       0, ntr     =       1
     restraint_wt =   2.00000

Energy minimization:
     maxcyc  =   10000, ncyc    =    5000, ntmin   =       1
     dx0     =   0.01000, drms    =   0.00010

| Intermolecular bonds treatment:
|     no_intermolecular_bonds =       1

| Energy averages sample interval:
|     ene_avg_sampling =       1

Ewald parameters:
     verbose =       0, ew_type =       0, nbflag  =       1, use_pme =       1
     vdwmeth =       1, eedmeth =       1, netfrc  =       0
     Box X =   78.106   Box Y =   78.106   Box Z =   78.106
     Alpha =  109.471   Beta  =  109.471   Gamma =  109.471
     NFFT1 =   80       NFFT2 =   80       NFFT3 =   80
     Cutoff=   10.000   Tol   =0.100E-04
     Ewald Coefficient =  0.27511
     Interpolation order =    4

    LOADING THE CONSTRAINED ATOMS AS GROUPS


   5.  REFERENCE ATOM COORDINATES

  default_name                                                                    
     Mask :1-34@C5; matches    34 atoms

--------------------------------------------------------------------------------
   3.  ATOMIC COORDINATES AND VELOCITIES
--------------------------------------------------------------------------------

default_name                                                                    
 begin time read from input coords =     0.000 ps

 
 Number of triangulated 3-point waters found:    10431

     Sum of charges from parm topology file =   0.00000020
     Forcing neutrality...

| Dynamic Memory, Types Used:
| Reals              987261
| Integers           821179

| Nonbonded Pairs Initial Allocation:     9799282

| GPU memory information (estimate):
| KB of GPU memory in use:    164474
| KB of CPU memory in use:     53342

--------------------------------------------------------------------------------
   4.  RESULTS
--------------------------------------------------------------------------------

 ---------------------------------------------------
 APPROXIMATING switch and d/dx switch using CUBIC SPLINE INTERPOLATION
 using   5000.0 points per unit in tabled values
 TESTING RELATIVE ERROR over r ranging from 0.0 to cutoff
| CHECK switch(x): max rel err =   0.3316E-14   at   2.351880
| CHECK d/dx switch(x): max rel err =   0.8066E-11   at   2.747240
 ---------------------------------------------------
|---------------------------------------------------
| APPROXIMATING direct energy using CUBIC SPLINE INTERPOLATION
|  with   50.0 points per unit in tabled values
| Relative Error Limit not exceeded for r .gt.   2.34
| APPROXIMATING direct force using CUBIC SPLINE INTERPOLATION
|  with   50.0 points per unit in tabled values
| Relative Error Limit not exceeded for r .gt.   2.81
|---------------------------------------------------


   NSTEP       ENERGY          RMS            GMAX         NAME    NUMBER
      1      -1.4232E+05     3.2601E-01     4.7046E+01     Na+      1074

 BOND    =    10458.8400  ANGLE   =      194.9034  DIHED      =      963.9412
 VDWAALS =    26280.3799  EEL     =  -175667.0582  HBOND      =        0.0000
 1-4 VDW =      261.7884  1-4 EEL =    -4810.5739  RESTRAINT  =        0.7738
 EAMBER  =  -142317.7792


   NSTEP       ENERGY          RMS            GMAX         NAME    NUMBER
     50      -1.4236E+05     9.6093E-02     5.6824E+00     H2      16653

 BOND    =    10459.1547  ANGLE   =      190.3596  DIHED      =      965.9699
 VDWAALS =    26286.6812  EEL     =  -175709.8227  HBOND      =        0.0000
 1-4 VDW =      260.7372  1-4 EEL =    -4818.7910  RESTRAINT  =        0.9490
 EAMBER  =  -142365.7112


   NSTEP       ENERGY          RMS            GMAX         NAME    NUMBER
    100      -1.4238E+05     2.3297E-01     1.3820E+01     H2      16653

 BOND    =    10464.0414  ANGLE   =      189.2473  DIHED      =      966.8356
 VDWAALS =    26291.5683  EEL     =  -175733.7229  HBOND      =        0.0000
 1-4 VDW =      260.8370  1-4 EEL =    -4820.0590  RESTRAINT  =        1.1077
 EAMBER  =  -142381.2525


   NSTEP       ENERGY          RMS            GMAX         NAME    NUMBER
    150      -1.4239E+05     8.1296E-02     6.3872E+00     P          64

 BOND    =    10460.5262  ANGLE   =      187.7092  DIHED      =      967.4028
 VDWAALS =    26297.3073  EEL     =  -175749.7526  HBOND      =        0.0000
 1-4 VDW =      260.7831  1-4 EEL =    -4820.1922  RESTRAINT  =        1.2648
 EAMBER  =  -142396.2162


   NSTEP       ENERGY          RMS            GMAX         NAME    NUMBER
    200      -1.4241E+05     1.8615E-01     1.5801E+01     P          64

 BOND    =    10462.5541  ANGLE   =      186.4630  DIHED      =      967.5813
 VDWAALS =    26303.1998  EEL     =  -175769.7425  HBOND      =        0.0000
 1-4 VDW =      260.7424  1-4 EEL =    -4819.8916  RESTRAINT  =        1.4211
 EAMBER  =  -142409.0935


   NSTEP       ENERGY          RMS            GMAX         NAME    NUMBER
    250      -1.4242E+05     5.6431E-02     2.9988E+00     HO5'      523

 BOND    =    10463.0765  ANGLE   =      185.7638  DIHED      =      967.4428
 VDWAALS =    26308.8054  EEL     =  -175788.0562  HBOND      =        0.0000
 1-4 VDW =      260.8156  1-4 EEL =    -4819.4918  RESTRAINT  =        1.5688
 EAMBER  =  -142421.6439


   NSTEP       ENERGY          RMS            GMAX         NAME    NUMBER
    300      -1.4243E+05     1.5193E-01     1.1753E+01     C2        242

 BOND    =    10464.2426  ANGLE   =      185.0211  DIHED      =      967.2158
 VDWAALS =    26314.6804  EEL     =  -175806.5416  HBOND      =        0.0000
 1-4 VDW =      260.8876  1-4 EEL =    -4818.9430  RESTRAINT  =        1.7216
 EAMBER  =  -142433.4371


   NSTEP       ENERGY          RMS            GMAX         NAME    NUMBER
    350      -1.4244E+05     5.6882E-02     1.9997E+00     C2        242

 BOND    =    10465.7963  ANGLE   =      184.0511  DIHED      =      967.0370
 VDWAALS =    26319.9709  EEL     =  -175823.7239  HBOND      =        0.0000
 1-4 VDW =      260.8961  1-4 EEL =    -4818.5680  RESTRAINT  =        1.8616
 EAMBER  =  -142444.5406


   NSTEP       ENERGY          RMS            GMAX         NAME    NUMBER
    400      -1.4245E+05     8.7292E-02     6.2919E+00     C2        242

 BOND    =    10467.3880  ANGLE   =      183.3039  DIHED      =      966.8884
 VDWAALS =    26325.6341  EEL     =  -175841.8279  HBOND      =        0.0000
 1-4 VDW =      260.9735  1-4 EEL =    -4818.1447  RESTRAINT  =        2.0089
 EAMBER  =  -142455.7849


   NSTEP       ENERGY          RMS            GMAX         NAME    NUMBER
    450      -1.4246E+05     2.2357E-01     1.0905E+01     C6        736

 BOND    =    10467.9967  ANGLE   =      183.9969  DIHED      =      966.7816
 VDWAALS =    26331.1607  EEL     =  -175858.4908  HBOND      =        0.0000
 1-4 VDW =      260.7680  1-4 EEL =    -4817.9763  RESTRAINT  =        2.1459
 EAMBER  =  -142465.7632


   NSTEP       ENERGY          RMS            GMAX         NAME    NUMBER
    500      -1.4247E+05     5.6243E-02     2.5828E+00     H2      22464

 BOND    =    10469.2541  ANGLE   =      182.5187  DIHED      =      966.7046
 VDWAALS =    26336.1673  EEL     =  -175874.8921  HBOND      =        0.0000
 1-4 VDW =      261.0833  1-4 EEL =    -4817.3548  RESTRAINT  =        2.2726
 EAMBER  =  -142476.5190


   NSTEP       ENERGY          RMS            GMAX         NAME    NUMBER
    550      -1.4248E+05     1.5995E-01     1.1896E+01     C2        242

 BOND    =    10469.9715  ANGLE   =      182.5863  DIHED      =      966.6410
 VDWAALS =    26341.8163  EEL     =  -175891.3655  HBOND      =        0.0000
 1-4 VDW =      261.0727  1-4 EEL =    -4816.9889  RESTRAINT  =        2.4024
 EAMBER  =  -142486.2666


   NSTEP       ENERGY          RMS            GMAX         NAME    NUMBER
    600      -1.4249E+05     5.6109E-02     2.3723E+00     C2        242

 BOND    =    10471.9247  ANGLE   =      181.6497  DIHED      =      966.6216
 VDWAALS =    26347.3313  EEL     =  -175908.1101  HBOND      =        0.0000
 1-4 VDW =      261.2106  1-4 EEL =    -4816.8215  RESTRAINT  =        2.5284
 EAMBER  =  -142496.1937


   NSTEP       ENERGY          RMS            GMAX         NAME    NUMBER
    650      -1.4250E+05     1.6214E-01     1.0584E+01     C2        242

 BOND    =    10474.2491  ANGLE   =      180.8567  DIHED      =      966.6126
 VDWAALS =    26353.0852  EEL     =  -175924.5969  HBOND      =        0.0000
 1-4 VDW =      261.3595  1-4 EEL =    -4816.5866  RESTRAINT  =        2.6533
 EAMBER  =  -142505.0204


   NSTEP       ENERGY          RMS            GMAX         NAME    NUMBER
    700      -1.4251E+05     4.8091E-02     1.4303E+00     H1       3413

 BOND    =    10474.0779  ANGLE   =      180.9841  DIHED      =      966.5988
 VDWAALS =    26358.8602  EEL     =  -175939.1537  HBOND      =        0.0000
 1-4 VDW =      261.2884  1-4 EEL =    -4816.2890  RESTRAINT  =        2.7675
 EAMBER  =  -142513.6334


   NSTEP       ENERGY          RMS            GMAX         NAME    NUMBER
    750      -1.4252E+05     1.2857E-01     9.3404E+00     C2        242

 BOND    =    10475.2983  ANGLE   =      180.5463  DIHED      =      966.6154
 VDWAALS =    26364.6159  EEL     =  -175954.0348  HBOND      =        0.0000
 1-4 VDW =      261.3819  1-4 EEL =    -4815.9119  RESTRAINT  =        2.8838
 EAMBER  =  -142521.4890


   NSTEP       ENERGY          RMS            GMAX         NAME    NUMBER
    800      -1.4253E+05     1.7717E-01     1.4232E+01     C2        242

 BOND    =    10476.0471  ANGLE   =      180.6884  DIHED      =      966.6601
 VDWAALS =    26370.2523  EEL     =  -175968.1060  HBOND      =        0.0000
 1-4 VDW =      261.3227  1-4 EEL =    -4815.7034  RESTRAINT  =        2.9954
 EAMBER  =  -142528.8389


   NSTEP       ENERGY          RMS            GMAX         NAME    NUMBER
    850      -1.4253E+05     1.0604E-01     7.0467E+00     C2        242

 BOND    =    10478.2641  ANGLE   =      179.8017  DIHED      =      966.7589
 VDWAALS =    26375.4912  EEL     =  -175982.7996  HBOND      =        0.0000
 1-4 VDW =      261.4455  1-4 EEL =    -4815.7294  RESTRAINT  =        3.1057
 EAMBER  =  -142536.7676


   NSTEP       ENERGY          RMS            GMAX         NAME    NUMBER
    900      -1.4254E+05     4.6510E-02     1.5420E+00     C2        242

 BOND    =    10478.5886  ANGLE   =      179.8208  DIHED      =      966.8439
 VDWAALS =    26380.8243  EEL     =  -175996.1618  HBOND      =        0.0000
 1-4 VDW =      261.4193  1-4 EEL =    -4815.4782  RESTRAINT  =        3.2104
 EAMBER  =  -142544.1431


   NSTEP       ENERGY          RMS            GMAX         NAME    NUMBER
    950      -1.4255E+05     6.3519E-02     3.4915E+00     C2        242

 BOND    =    10479.6897  ANGLE   =      179.5302  DIHED      =      966.9608
 VDWAALS =    26386.0913  EEL     =  -176009.8006  HBOND      =        0.0000
 1-4 VDW =      261.4704  1-4 EEL =    -4815.2683  RESTRAINT  =        3.3153
 EAMBER  =  -142551.3266


   NSTEP       ENERGY          RMS            GMAX         NAME    NUMBER
   1000      -1.4255E+05     1.3542E-01     7.7354E+00     C2        242

 BOND    =    10480.1778  ANGLE   =      179.9136  DIHED      =      967.0927
 VDWAALS =    26391.4401  EEL     =  -176023.0552  HBOND      =        0.0000
 1-4 VDW =      261.3707  1-4 EEL =    -4815.1441  RESTRAINT  =        3.4188
 EAMBER  =  -142558.2043


   NSTEP       ENERGY          RMS            GMAX         NAME    NUMBER
   1050      -1.4256E+05     6.1990E-02     3.7778E+00     C2        242

 BOND    =    10482.0341  ANGLE   =      179.1555  DIHED      =      967.2591
 VDWAALS =    26396.3153  EEL     =  -176036.4344  HBOND      =        0.0000
 1-4 VDW =      261.5064  1-4 EEL =    -4815.0941  RESTRAINT  =        3.5187
 EAMBER  =  -142565.2580


   NSTEP       ENERGY          RMS            GMAX         NAME    NUMBER
   1100      -1.4257E+05     1.1999E-01     7.5967E+00     C2        242

 BOND    =    10483.0735  ANGLE   =      179.2747  DIHED      =      967.4321
 VDWAALS =    26401.3841  EEL     =  -176049.4280  HBOND      =        0.0000
 1-4 VDW =      261.4613  1-4 EEL =    -4815.0705  RESTRAINT  =        3.6196
 EAMBER  =  -142571.8728


   NSTEP       ENERGY          RMS            GMAX         NAME    NUMBER
   1150      -1.4257E+05     1.6849E-01     1.1304E+01     C2        242

 BOND    =    10485.1524  ANGLE   =      178.4262  DIHED      =      967.6145
 VDWAALS =    26405.9918  EEL     =  -176062.2717  HBOND      =        0.0000
 1-4 VDW =      261.6660  1-4 EEL =    -4814.8674  RESTRAINT  =        3.7174
 EAMBER  =  -142578.2882


   NSTEP       ENERGY          RMS            GMAX         NAME    NUMBER
   1200      -1.4258E+05     7.4246E-02     4.7974E+00     C2        242

 BOND    =    10484.7353  ANGLE   =      178.6652  DIHED      =      967.7821
 VDWAALS =    26410.8612  EEL     =  -176074.4525  HBOND      =        0.0000
 1-4 VDW =      261.6071  1-4 EEL =    -4814.5372  RESTRAINT  =        3.8158
 EAMBER  =  -142585.3388


   NSTEP       ENERGY          RMS            GMAX         NAME    NUMBER
   1250      -1.4259E+05     4.3602E-02     1.5255E+00     H2      28083

 BOND    =    10485.8654  ANGLE   =      178.5466  DIHED      =      967.9815
 VDWAALS =    26415.4154  EEL     =  -176086.8867  HBOND      =        0.0000
 1-4 VDW =      261.6111  1-4 EEL =    -4814.5245  RESTRAINT  =        3.9148
 EAMBER  =  -142591.9913


   NSTEP       ENERGY          RMS            GMAX         NAME    NUMBER
   1300      -1.4259E+05     6.8007E-02     4.5958E+00     C2        242

 BOND    =    10487.0223  ANGLE   =      178.3965  DIHED      =      968.1864
 VDWAALS =    26420.0254  EEL     =  -176099.4438  HBOND      =        0.0000
 1-4 VDW =      261.6362  1-4 EEL =    -4814.4499  RESTRAINT  =        4.0163
 EAMBER  =  -142598.6270


   NSTEP       ENERGY          RMS            GMAX         NAME    NUMBER
   1350      -1.4260E+05     1.2285E-01     9.7464E+00     C2        242

 BOND    =    10488.4125  ANGLE   =      178.1942  DIHED      =      968.3933
 VDWAALS =    26424.4834  EEL     =  -176111.6930  HBOND      =        0.0000
 1-4 VDW =      261.6786  1-4 EEL =    -4814.4006  RESTRAINT  =        4.1165
 EAMBER  =  -142604.9315


   NSTEP       ENERGY          RMS            GMAX         NAME    NUMBER
   1400      -1.4261E+05     5.1593E-02     2.7451E+00     C2        242

 BOND    =    10488.4998  ANGLE   =      178.2125  DIHED      =      968.5760
 VDWAALS =    26428.8682  EEL     =  -176123.0974  HBOND      =        0.0000
 1-4 VDW =      261.6783  1-4 EEL =    -4814.1137  RESTRAINT  =        4.2135
 EAMBER  =  -142611.3763


   NSTEP       ENERGY          RMS            GMAX         NAME    NUMBER
   1450      -1.4261E+05     5.7758E-02     3.3410E+00     C2        242

 BOND    =    10489.3250  ANGLE   =      178.1431  DIHED      =      968.7751
 VDWAALS =    26433.1552  EEL     =  -176134.6559  HBOND      =        0.0000
 1-4 VDW =      261.6908  1-4 EEL =    -4814.0090  RESTRAINT  =        4.3127
 EAMBER  =  -142617.5757


   NSTEP       ENERGY          RMS            GMAX         NAME    NUMBER
   1500      -1.4262E+05     1.6741E-01     1.1814E+01     C6        637

 BOND    =    10489.6925  ANGLE   =      178.7119  DIHED      =      968.9701
 VDWAALS =    26437.4017  EEL     =  -176145.5979  HBOND      =        0.0000
 1-4 VDW =      261.5691  1-4 EEL =    -4813.9649  RESTRAINT  =        4.4125
 EAMBER  =  -142623.2174


   NSTEP       ENERGY          RMS            GMAX         NAME    NUMBER
   1550      -1.4262E+05     6.0589E-02     3.9076E+00     C2        242

 BOND    =    10491.4065  ANGLE   =      177.8303  DIHED      =      969.1817
 VDWAALS =    26441.1691  EEL     =  -176156.8952  HBOND      =        0.0000
 1-4 VDW =      261.7448  1-4 EEL =    -4813.9388  RESTRAINT  =        4.5113
 EAMBER  =  -142629.5015


   NSTEP       ENERGY          RMS            GMAX         NAME    NUMBER
   1600      -1.4263E+05     1.2032E-01     8.7482E+00     C2        242

 BOND    =    10492.4154  ANGLE   =      177.8966  DIHED      =      969.3885
 VDWAALS =    26445.0353  EEL     =  -176167.7177  HBOND      =        0.0000
 1-4 VDW =      261.7233  1-4 EEL =    -4813.9712  RESTRAINT  =        4.6124
 EAMBER  =  -142635.2298


   NSTEP       ENERGY          RMS            GMAX         NAME    NUMBER
   1650      -1.4264E+05     4.1103E-02     1.0999E+00     C2        242

 BOND    =    10492.7899  ANGLE   =      177.6426  DIHED      =      969.5729
 VDWAALS =    26448.6495  EEL     =  -176177.9567  HBOND      =        0.0000
 1-4 VDW =      261.7888  1-4 EEL =    -4813.7023  RESTRAINT  =        4.7093
 EAMBER  =  -142641.2153


   NSTEP       ENERGY          RMS            GMAX         NAME    NUMBER
   1700      -1.4264E+05     1.1924E-01     7.1580E+00     C2        242

 BOND    =    10493.7611  ANGLE   =      177.3600  DIHED      =      969.7691
 VDWAALS =    26452.2726  EEL     =  -176188.6689  HBOND      =        0.0000
 1-4 VDW =      261.8763  1-4 EEL =    -4813.4828  RESTRAINT  =        4.8104
 EAMBER  =  -142647.1127


   NSTEP       ENERGY          RMS            GMAX         NAME    NUMBER
   1750      -1.4265E+05     4.5552E-02     2.0361E+00     C2        242

 BOND    =    10494.5249  ANGLE   =      177.4616  DIHED      =      969.9772
 VDWAALS =    26455.8449  EEL     =  -176199.2558  HBOND      =        0.0000
 1-4 VDW =      261.8193  1-4 EEL =    -4813.6290  RESTRAINT  =        4.9111
 EAMBER  =  -142653.2569


   NSTEP       ENERGY          RMS            GMAX         NAME    NUMBER
   1800      -1.4265E+05     6.2863E-02     3.4393E+00     C2        242

 BOND    =    10495.2931  ANGLE   =      177.4934  DIHED      =      970.1749
 VDWAALS =    26459.3686  EEL     =  -176209.7095  HBOND      =        0.0000
 1-4 VDW =      261.8049  1-4 EEL =    -4813.6215  RESTRAINT  =        5.0108
 EAMBER  =  -142659.1960


   NSTEP       ENERGY          RMS            GMAX         NAME    NUMBER
   1850      -1.4266E+05     1.2280E-01     9.4738E+00     C2        242

 BOND    =    10496.7149  ANGLE   =      177.2346  DIHED      =      970.3739
 VDWAALS =    26462.8043  EEL     =  -176220.2222  HBOND      =        0.0000
 1-4 VDW =      261.8629  1-4 EEL =    -4813.6510  RESTRAINT  =        5.1083
 EAMBER  =  -142664.8826


   NSTEP       ENERGY          RMS            GMAX         NAME    NUMBER
   1900      -1.4267E+05     4.2920E-02     1.5834E+00     C2        242

 BOND    =    10496.7867  ANGLE   =      177.2564  DIHED      =      970.5510
 VDWAALS =    26466.4970  EEL     =  -176230.4630  HBOND      =        0.0000
 1-4 VDW =      261.8611  1-4 EEL =    -4813.4208  RESTRAINT  =        5.2050
 EAMBER  =  -142670.9316


   NSTEP       ENERGY          RMS            GMAX         NAME    NUMBER
   1950      -1.4267E+05     1.1154E-01     7.8872E+00     C2        242

 BOND    =    10497.2957  ANGLE   =      177.4785  DIHED      =      970.7403
 VDWAALS =    26470.5239  EEL     =  -176241.3222  HBOND      =        0.0000
 1-4 VDW =      261.8200  1-4 EEL =    -4813.3077  RESTRAINT  =        5.3062
 EAMBER  =  -142676.7716


   NSTEP       ENERGY          RMS            GMAX         NAME    NUMBER
   2000      -1.4268E+05     5.1264E-02     2.8647E+00     C2        242

 BOND    =    10498.8248  ANGLE   =      177.0598  DIHED      =      970.9437
 VDWAALS =    26474.4401  EEL     =  -176252.4581  HBOND      =        0.0000
 1-4 VDW =      261.8928  1-4 EEL =    -4813.4134  RESTRAINT  =        5.4055
 EAMBER  =  -142682.7103


   NSTEP       ENERGY          RMS            GMAX         NAME    NUMBER
   2050      -1.4268E+05     9.5461E-02     7.1107E+00     C2        242

 BOND    =    10500.1046  ANGLE   =      176.9068  DIHED      =      971.1354
 VDWAALS =    26478.5449  EEL     =  -176263.3732  HBOND      =        0.0000
 1-4 VDW =      261.9233  1-4 EEL =    -4813.4394  RESTRAINT  =        5.5034
 EAMBER  =  -142688.1976


   NSTEP       ENERGY          RMS            GMAX         NAME    NUMBER
   2100      -1.4269E+05     1.5335E-01     8.9245E+00     C6        637

 BOND    =    10500.6936  ANGLE   =      177.4239  DIHED      =      971.3216
 VDWAALS =    26482.9023  EEL     =  -176274.1642  HBOND      =        0.0000
 1-4 VDW =      261.7992  1-4 EEL =    -4813.5285  RESTRAINT  =        5.6022
 EAMBER  =  -142693.5521


   NSTEP       ENERGY          RMS            GMAX         NAME    NUMBER
   2150      -1.4269E+05     6.0568E-02     3.7333E+00     C2        242

 BOND    =    10501.3573  ANGLE   =      176.8877  DIHED      =      971.4906
 VDWAALS =    26487.1157  EEL     =  -176285.0587  HBOND      =        0.0000
 1-4 VDW =      261.9320  1-4 EEL =    -4813.1880  RESTRAINT  =        5.6973
 EAMBER  =  -142699.4633


   NSTEP       ENERGY          RMS            GMAX         NAME    NUMBER
   2200      -1.4270E+05     1.1820E-01     7.7687E+00     C2        242

 BOND    =    10501.9084  ANGLE   =      177.2064  DIHED      =      971.6635
 VDWAALS =    26491.3993  EEL     =  -176295.6448  HBOND      =        0.0000
 1-4 VDW =      261.8629  1-4 EEL =    -4813.1385  RESTRAINT  =        5.7933
 EAMBER  =  -142704.7428


   NSTEP       ENERGY          RMS            GMAX         NAME    NUMBER
   2250      -1.4270E+05     4.2109E-02     1.6698E+00     H2      12582

 BOND    =    10503.4442  ANGLE   =      176.7656  DIHED      =      971.8481
 VDWAALS =    26495.4317  EEL     =  -176306.6360  HBOND      =        0.0000
 1-4 VDW =      261.9414  1-4 EEL =    -4813.2345  RESTRAINT  =        5.8870
 EAMBER  =  -142710.4393


   NSTEP       ENERGY          RMS            GMAX         NAME    NUMBER
   2300      -1.4271E+05     1.0774E-01     7.5116E+00     C2        242

 BOND    =    10504.7533  ANGLE   =      176.7904  DIHED      =      972.0301
 VDWAALS =    26499.6548  EEL     =  -176317.6979  HBOND      =        0.0000
 1-4 VDW =      261.9263  1-4 EEL =    -4813.3417  RESTRAINT  =        5.9830
 EAMBER  =  -142715.8848


   NSTEP       ENERGY          RMS            GMAX         NAME    NUMBER
   2350      -1.4271E+05     1.5538E-01     1.0212E+01     C2        242

 BOND    =    10506.4975  ANGLE   =      176.2525  DIHED      =      972.2029
 VDWAALS =    26503.6289  EEL     =  -176328.3934  HBOND      =        0.0000
 1-4 VDW =      262.0631  1-4 EEL =    -4813.2757  RESTRAINT  =        6.0757
 EAMBER  =  -142721.0242


   NSTEP       ENERGY          RMS            GMAX         NAME    NUMBER
   2400      -1.4272E+05     8.7900E-02     5.7779E+00     C2        242

 BOND    =    10506.1063  ANGLE   =      176.5397  DIHED      =      972.3493
 VDWAALS =    26507.7545  EEL     =  -176338.2246  HBOND      =        0.0000
 1-4 VDW =      262.0066  1-4 EEL =    -4812.9767  RESTRAINT  =        6.1681
 EAMBER  =  -142726.4449


   NSTEP       ENERGY          RMS            GMAX         NAME    NUMBER
   2450      -1.4272E+05     1.3721E-01     7.7817E+00     C6        637

 BOND    =    10507.2984  ANGLE   =      176.2624  DIHED      =      972.5101
 VDWAALS =    26511.5332  EEL     =  -176348.0224  HBOND      =        0.0000
 1-4 VDW =      262.0872  1-4 EEL =    -4812.8658  RESTRAINT  =        6.2590
 EAMBER  =  -142731.1969


   NSTEP       ENERGY          RMS            GMAX         NAME    NUMBER
   2500      -1.4273E+05     5.3864E-02     3.1848E+00     C2        242

 BOND    =    10508.1006  ANGLE   =      176.4492  DIHED      =      972.6804
 VDWAALS =    26515.1965  EEL     =  -176357.4676  HBOND      =        0.0000
 1-4 VDW =      262.0012  1-4 EEL =    -4813.1150  RESTRAINT  =        6.3498
 EAMBER  =  -142736.1546


   NSTEP       ENERGY          RMS            GMAX         NAME    NUMBER
   2550      -1.4273E+05     1.1737E-01     8.1616E+00     C2        242

 BOND    =    10509.5194  ANGLE   =      176.1955  DIHED      =      972.8437
 VDWAALS =    26518.6333  EEL     =  -176366.8649  HBOND      =        0.0000
 1-4 VDW =      262.0607  1-4 EEL =    -4813.1538  RESTRAINT  =        6.4388
 EAMBER  =  -142740.7661


   NSTEP       ENERGY          RMS            GMAX         NAME    NUMBER
   2600      -1.4274E+05     1.5297E-01     1.1249E+01     C2        242

 BOND    =    10510.3293  ANGLE   =      176.4036  DIHED      =      973.0006
 VDWAALS =    26522.0298  EEL     =  -176375.8927  HBOND      =        0.0000
 1-4 VDW =      262.0082  1-4 EEL =    -4813.2330  RESTRAINT  =        6.5275
 EAMBER  =  -142745.3541


   NSTEP       ENERGY          RMS            GMAX         NAME    NUMBER
   2650      -1.4274E+05     1.0008E-01     6.2983E+00     C2        242

 BOND    =    10510.2209  ANGLE   =      176.2260  DIHED      =      973.1342
 VDWAALS =    26525.3528  EEL     =  -176384.6137  HBOND      =        0.0000
 1-4 VDW =      262.0837  1-4 EEL =    -4812.7917  RESTRAINT  =        6.6149
 EAMBER  =  -142750.3878


   NSTEP       ENERGY          RMS            GMAX         NAME    NUMBER
   2700      -1.4275E+05     1.4794E-01     9.3271E+00     C6        637

 BOND    =    10510.3222  ANGLE   =      176.9275  DIHED      =      973.2806
 VDWAALS =    26528.6165  EEL     =  -176392.9350  HBOND      =        0.0000
 1-4 VDW =      261.9198  1-4 EEL =    -4812.8770  RESTRAINT  =        6.7010
 EAMBER  =  -142754.7453


   NSTEP       ENERGY          RMS            GMAX         NAME    NUMBER
   2750      -1.4275E+05     6.2628E-02     3.7877E+00     C2        242

 BOND    =    10511.9301  ANGLE   =      176.2549  DIHED      =      973.4421
 VDWAALS =    26531.5474  EEL     =  -176401.7891  HBOND      =        0.0000
 1-4 VDW =      262.0500  1-4 EEL =    -4812.9758  RESTRAINT  =        6.7847
 EAMBER  =  -142759.5404


   NSTEP       ENERGY          RMS            GMAX         NAME    NUMBER
   2800      -1.4276E+05     1.0786E-01     7.5443E+00     C2        242

 BOND    =    10512.9742  ANGLE   =      176.2044  DIHED      =      973.5939
 VDWAALS =    26534.5964  EEL     =  -176410.3761  HBOND      =        0.0000
 1-4 VDW =      262.0624  1-4 EEL =    -4813.0207  RESTRAINT  =        6.8681
 EAMBER  =  -142763.9655


   NSTEP       ENERGY          RMS            GMAX         NAME    NUMBER
   2850      -1.4276E+05     3.6256E-02     1.0735E+00     H2      18702

 BOND    =    10513.1331  ANGLE   =      176.1653  DIHED      =      973.7288
 VDWAALS =    26537.7001  EEL     =  -176418.6107  HBOND      =        0.0000
 1-4 VDW =      262.0896  1-4 EEL =    -4812.7883  RESTRAINT  =        6.9492
 EAMBER  =  -142768.5820


   NSTEP       ENERGY          RMS            GMAX         NAME    NUMBER
   2900      -1.4277E+05     1.0210E-01     7.3218E+00     C2        242

 BOND    =    10513.6122  ANGLE   =      176.2677  DIHED      =      973.8716
 VDWAALS =    26540.9849  EEL     =  -176427.2911  HBOND      =        0.0000
 1-4 VDW =      262.0920  1-4 EEL =    -4812.6209  RESTRAINT  =        7.0324
 EAMBER  =  -142773.0837


   NSTEP       ENERGY          RMS            GMAX         NAME    NUMBER
   2950      -1.4277E+05     3.6198E-02     1.0650E+00     H2      18702

 BOND    =    10514.7638  ANGLE   =      176.0407  DIHED      =      974.0241
 VDWAALS =    26544.0585  EEL     =  -176435.8236  HBOND      =        0.0000
 1-4 VDW =      262.1298  1-4 EEL =    -4812.7423  RESTRAINT  =        7.1105
 EAMBER  =  -142777.5489


   NSTEP       ENERGY          RMS            GMAX         NAME    NUMBER
   3000      -1.4277E+05     8.3116E-02     5.6897E+00     C2        242

 BOND    =    10515.8201  ANGLE   =      176.0091  DIHED      =      974.1775
 VDWAALS =    26547.3509  EEL     =  -176444.6176  HBOND      =        0.0000
 1-4 VDW =      262.1402  1-4 EEL =    -4812.8042  RESTRAINT  =        7.1906
 EAMBER  =  -142781.9241


   NSTEP       ENERGY          RMS            GMAX         NAME    NUMBER
   3050      -1.4278E+05     3.8439E-02     1.5093E+00     C2        242

 BOND    =    10516.0601  ANGLE   =      176.0573  DIHED      =      974.3163
 VDWAALS =    26550.6620  EEL     =  -176453.0224  HBOND      =        0.0000
 1-4 VDW =      262.1521  1-4 EEL =    -4812.6053  RESTRAINT  =        7.2693
 EAMBER  =  -142786.3799


   NSTEP       ENERGY          RMS            GMAX         NAME    NUMBER
   3100      -1.4278E+05     5.2558E-02     3.1049E+00     C2        242

 BOND    =    10516.7297  ANGLE   =      176.0396  DIHED      =      974.4613
 VDWAALS =    26553.8950  EEL     =  -176461.4980  HBOND      =        0.0000
 1-4 VDW =      262.1744  1-4 EEL =    -4812.5182  RESTRAINT  =        7.3466
 EAMBER  =  -142790.7162


   NSTEP       ENERGY          RMS            GMAX         NAME    NUMBER
   3150      -1.4279E+05     1.2248E-01     6.8290E+00     C2        242

 BOND    =    10517.0110  ANGLE   =      176.4740  DIHED      =      974.6063
 VDWAALS =    26557.1802  EEL     =  -176469.7954  HBOND      =        0.0000
 1-4 VDW =      262.1009  1-4 EEL =    -4812.4550  RESTRAINT  =        7.4247
 EAMBER  =  -142794.8780


   NSTEP       ENERGY          RMS            GMAX         NAME    NUMBER
   3200      -1.4279E+05     5.0223E-02     2.8088E+00     C2        242

 BOND    =    10518.4845  ANGLE   =      175.9492  DIHED      =      974.7626
 VDWAALS =    26560.0507  EEL     =  -176478.2246  HBOND      =        0.0000
 1-4 VDW =      262.2180  1-4 EEL =    -4812.5411  RESTRAINT  =        7.4976
 EAMBER  =  -142799.3007


   NSTEP       ENERGY          RMS            GMAX         NAME    NUMBER
   3250      -1.4280E+05     8.7926E-02     5.9561E+00     C2        242

 BOND    =    10519.3242  ANGLE   =      176.0472  DIHED      =      974.9192
 VDWAALS =    26563.1328  EEL     =  -176486.8445  HBOND      =        0.0000
 1-4 VDW =      262.2155  1-4 EEL =    -4812.5700  RESTRAINT  =        7.5747
 EAMBER  =  -142803.7756


   NSTEP       ENERGY          RMS            GMAX         NAME    NUMBER
   3300      -1.4280E+05     1.2942E-01     8.9932E+00     C2        242

 BOND    =    10520.2231  ANGLE   =      176.1354  DIHED      =      975.0726
 VDWAALS =    26566.0500  EEL     =  -176495.1825  HBOND      =        0.0000
 1-4 VDW =      262.2232  1-4 EEL =    -4812.5922  RESTRAINT  =        7.6487
 EAMBER  =  -142808.0704


   NSTEP       ENERGY          RMS            GMAX         NAME    NUMBER
   3350      -1.4281E+05     5.7218E-02     3.3158E+00     C2        242

 BOND    =    10520.0555  ANGLE   =      176.2164  DIHED      =      975.2103
 VDWAALS =    26568.9742  EEL     =  -176503.2422  HBOND      =        0.0000
 1-4 VDW =      262.2570  1-4 EEL =    -4812.2615  RESTRAINT  =        7.7210
 EAMBER  =  -142812.7904


   NSTEP       ENERGY          RMS            GMAX         NAME    NUMBER
   3400      -1.4281E+05     1.1659E-01     6.5370E+00     C6        637

 BOND    =    10520.3992  ANGLE   =      176.6291  DIHED      =      975.3660
 VDWAALS =    26571.9125  EEL     =  -176511.5946  HBOND      =        0.0000
 1-4 VDW =      262.2117  1-4 EEL =    -4812.2113  RESTRAINT  =        7.7946
 EAMBER  =  -142817.2873


   NSTEP       ENERGY          RMS            GMAX         NAME    NUMBER
   3450      -1.4281E+05     3.8055E-02     1.4978E+00     H2       8532

 BOND    =    10521.7137  ANGLE   =      176.1784  DIHED      =      975.5381
 VDWAALS =    26574.4930  EEL     =  -176519.8764  HBOND      =        0.0000
 1-4 VDW =      262.3451  1-4 EEL =    -4812.2494  RESTRAINT  =        7.8637
 EAMBER  =  -142821.8575


   NSTEP       ENERGY          RMS            GMAX         NAME    NUMBER
   3500      -1.4282E+05     9.0905E-02     6.1125E+00     C2        242

 BOND    =    10522.8359  ANGLE   =      176.1210  DIHED      =      975.7227
 VDWAALS =    26577.1487  EEL     =  -176528.1563  HBOND      =        0.0000
 1-4 VDW =      262.4045  1-4 EEL =    -4812.3019  RESTRAINT  =        7.9351
 EAMBER  =  -142826.2254


   NSTEP       ENERGY          RMS            GMAX         NAME    NUMBER
   3550      -1.4282E+05     4.3905E-02     2.1272E+00     C2        242

 BOND    =    10522.8269  ANGLE   =      176.3206  DIHED      =      975.9007
 VDWAALS =    26579.8482  EEL     =  -176535.9203  HBOND      =        0.0000
 1-4 VDW =      262.4225  1-4 EEL =    -4812.0829  RESTRAINT  =        8.0060
 EAMBER  =  -142830.6843


   NSTEP       ENERGY          RMS            GMAX         NAME    NUMBER
   3600      -1.4283E+05     6.4016E-02     3.9026E+00     C2        242

 BOND    =    10523.4559  ANGLE   =      176.3346  DIHED      =      976.0921
 VDWAALS =    26582.4693  EEL     =  -176543.7936  HBOND      =        0.0000
 1-4 VDW =      262.4778  1-4 EEL =    -4811.9869  RESTRAINT  =        8.0755
 EAMBER  =  -142834.9510


   NSTEP       ENERGY          RMS            GMAX         NAME    NUMBER
   3650      -1.4283E+05     1.1640E-01     7.5432E+00     C2        242

 BOND    =    10523.7835  ANGLE   =      176.6665  DIHED      =      976.2840
 VDWAALS =    26585.1938  EEL     =  -176551.4901  HBOND      =        0.0000
 1-4 VDW =      262.4611  1-4 EEL =    -4811.8979  RESTRAINT  =        8.1447
 EAMBER  =  -142838.9991


   NSTEP       ENERGY          RMS            GMAX         NAME    NUMBER
   3700      -1.4284E+05     4.7354E-02     2.3889E+00     C2        242

 BOND    =    10525.1642  ANGLE   =      176.3075  DIHED      =      976.4911
 VDWAALS =    26587.7554  EEL     =  -176559.4825  HBOND      =        0.0000
 1-4 VDW =      262.5612  1-4 EEL =    -4812.0459  RESTRAINT  =        8.2113
 EAMBER  =  -142843.2490


   NSTEP       ENERGY          RMS            GMAX         NAME    NUMBER
   3750      -1.4284E+05     1.1722E-01     6.3526E+00     C2        424

 BOND    =    10526.5452  ANGLE   =      176.0034  DIHED      =      976.6933
 VDWAALS =    26590.4819  EEL     =  -176567.7603  HBOND      =        0.0000
 1-4 VDW =      262.6785  1-4 EEL =    -4812.0270  RESTRAINT  =        8.2797
 EAMBER  =  -142847.3850


   NSTEP       ENERGY          RMS            GMAX         NAME    NUMBER
   3800      -1.4284E+05     4.5416E-02     2.2327E+00     C2        242

 BOND    =    10526.2050  ANGLE   =      176.4159  DIHED      =      976.8671
 VDWAALS =    26593.3188  EEL     =  -176575.3003  HBOND      =        0.0000
 1-4 VDW =      262.6251  1-4 EEL =    -4811.8432  RESTRAINT  =        8.3462
 EAMBER  =  -142851.7117


   NSTEP       ENERGY          RMS            GMAX         NAME    NUMBER
   3850      -1.4285E+05     8.9148E-02     5.1024E+00     C2        242

 BOND    =    10526.9580  ANGLE   =      176.3069  DIHED      =      977.0499
 VDWAALS =    26596.1348  EEL     =  -176583.4946  HBOND      =        0.0000
 1-4 VDW =      262.7009  1-4 EEL =    -4811.6914  RESTRAINT  =        8.4136
 EAMBER  =  -142856.0355


   NSTEP       ENERGY          RMS            GMAX         NAME    NUMBER
   3900      -1.4285E+05     1.2924E-01     7.4123E+00     C2        424

 BOND    =    10527.1096  ANGLE   =      176.8574  DIHED      =      977.2250
 VDWAALS =    26599.0480  EEL     =  -176591.5161  HBOND      =        0.0000
 1-4 VDW =      262.6111  1-4 EEL =    -4811.6786  RESTRAINT  =        8.4809
 EAMBER  =  -142860.3436


   NSTEP       ENERGY          RMS            GMAX         NAME    NUMBER
   3950      -1.4286E+05     5.2497E-02     2.7113E+00     C2        242

 BOND    =    10528.5856  ANGLE   =      176.3746  DIHED      =      977.4120
 VDWAALS =    26601.6994  EEL     =  -176600.1803  HBOND      =        0.0000
 1-4 VDW =      262.7269  1-4 EEL =    -4811.8038  RESTRAINT  =        8.5452
 EAMBER  =  -142865.1855


   NSTEP       ENERGY          RMS            GMAX         NAME    NUMBER
   4000      -1.4286E+05     1.0325E-01     6.5858E+00     C2        424

 BOND    =    10529.8469  ANGLE   =      176.1438  DIHED      =      977.5878
 VDWAALS =    26604.4911  EEL     =  -176608.9101  HBOND      =        0.0000
 1-4 VDW =      262.8170  1-4 EEL =    -4811.8032  RESTRAINT  =        8.6091
 EAMBER  =  -142869.8267


   NSTEP       ENERGY          RMS            GMAX         NAME    NUMBER
   4050      -1.4287E+05     1.5809E-01     8.7132E+00     C2        242

 BOND    =    10530.3465  ANGLE   =      176.6852  DIHED      =      977.7577
 VDWAALS =    26607.5884  EEL     =  -176617.6284  HBOND      =        0.0000
 1-4 VDW =      262.7254  1-4 EEL =    -4811.8970  RESTRAINT  =        8.6743
 EAMBER  =  -142874.4221


   NSTEP       ENERGY          RMS            GMAX         NAME    NUMBER
   4100      -1.4287E+05     9.8597E-02     5.1138E+00     C2        242

 BOND    =    10530.5714  ANGLE   =      176.2165  DIHED      =      977.9045
 VDWAALS =    26610.6944  EEL     =  -176626.2194  HBOND      =        0.0000
 1-4 VDW =      262.9049  1-4 EEL =    -4811.3923  RESTRAINT  =        8.7365
 EAMBER  =  -142879.3199


   NSTEP       ENERGY          RMS            GMAX         NAME    NUMBER
   4150      -1.4287E+05     1.4539E-01     8.3810E+00     C6        637

 BOND    =    10530.5778  ANGLE   =      176.9849  DIHED      =      978.0574
 VDWAALS =    26614.1150  EEL     =  -176634.8209  HBOND      =        0.0000
 1-4 VDW =      262.7560  1-4 EEL =    -4811.4273  RESTRAINT  =        8.8006
 EAMBER  =  -142883.7570


   NSTEP       ENERGY          RMS            GMAX         NAME    NUMBER
   4200      -1.4288E+05     5.9092E-02     3.1424E+00     C2        242

 BOND    =    10532.1642  ANGLE   =      176.3651  DIHED      =      978.2200
 VDWAALS =    26617.3322  EEL     =  -176644.0299  HBOND      =        0.0000
 1-4 VDW =      262.8896  1-4 EEL =    -4811.5211  RESTRAINT  =        8.8622
 EAMBER  =  -142888.5799


   NSTEP       ENERGY          RMS            GMAX         NAME    NUMBER
   4250      -1.4288E+05     3.4591E-02     1.1033E+00     H2      16689

 BOND    =    10532.6243  ANGLE   =      176.3364  DIHED      =      978.3532
 VDWAALS =    26620.7122  EEL     =  -176652.4394  HBOND      =        0.0000
 1-4 VDW =      262.9229  1-4 EEL =    -4811.3445  RESTRAINT  =        8.9236
 EAMBER  =  -142892.8350


   NSTEP       ENERGY          RMS            GMAX         NAME    NUMBER
   4300      -1.4289E+05     3.6163E-02     1.1531E+00     C2        242

 BOND    =    10533.2748  ANGLE   =      176.3355  DIHED      =      978.4816
 VDWAALS =    26624.0896  EEL     =  -176660.7929  HBOND      =        0.0000
 1-4 VDW =      262.9323  1-4 EEL =    -4811.2661  RESTRAINT  =        8.9855
 EAMBER  =  -142896.9452


   NSTEP       ENERGY          RMS            GMAX         NAME    NUMBER
   4350      -1.4289E+05     9.4158E-02     5.6551E+00     C2        242

 BOND    =    10533.8603  ANGLE   =      176.2601  DIHED      =      978.5960
 VDWAALS =    26627.3528  EEL     =  -176668.9143  HBOND      =        0.0000
 1-4 VDW =      262.9731  1-4 EEL =    -4811.0469  RESTRAINT  =        9.0476
 EAMBER  =  -142900.9190


   NSTEP       ENERGY          RMS            GMAX         NAME    NUMBER
   4400      -1.4290E+05     4.6796E-02     2.2707E+00     C2        424

 BOND    =    10534.8201  ANGLE   =      176.2348  DIHED      =      978.7134
 VDWAALS =    26630.3942  EEL     =  -176676.7880  HBOND      =        0.0000
 1-4 VDW =      262.9432  1-4 EEL =    -4811.1962  RESTRAINT  =        9.1081
 EAMBER  =  -142904.8784


   NSTEP       ENERGY          RMS            GMAX         NAME    NUMBER
   4450      -1.4290E+05     8.0671E-02     5.0029E+00     C2        424

 BOND    =    10535.8081  ANGLE   =      176.0723  DIHED      =      978.8181
 VDWAALS =    26633.3598  EEL     =  -176684.7008  HBOND      =        0.0000
 1-4 VDW =      262.9694  1-4 EEL =    -4811.1660  RESTRAINT  =        9.1692
 EAMBER  =  -142908.8391


   NSTEP       ENERGY          RMS            GMAX         NAME    NUMBER
   4500      -1.4290E+05     3.5995E-02     1.2034E+00     H1      22037

 BOND    =    10535.8397  ANGLE   =      176.1937  DIHED      =      978.9016
 VDWAALS =    26636.2529  EEL     =  -176692.0205  HBOND      =        0.0000
 1-4 VDW =      262.9448  1-4 EEL =    -4810.9453  RESTRAINT  =        9.2298
 EAMBER  =  -142912.8330


   NSTEP       ENERGY          RMS            GMAX         NAME    NUMBER
   4550      -1.4291E+05     4.7290E-02     2.1545E+00     C2        424

 BOND    =    10536.3519  ANGLE   =      176.2474  DIHED      =      978.9886
 VDWAALS =    26639.1339  EEL     =  -176699.6999  HBOND      =        0.0000
 1-4 VDW =      262.9229  1-4 EEL =    -4810.8544  RESTRAINT  =        9.2919
 EAMBER  =  -142916.9096


   NSTEP       ENERGY          RMS            GMAX         NAME    NUMBER
   4600      -1.4291E+05     1.0823E-01     5.9347E+00     C6        637

 BOND    =    10536.6476  ANGLE   =      176.5495  DIHED      =      979.0674
 VDWAALS =    26642.0086  EEL     =  -176707.3731  HBOND      =        0.0000
 1-4 VDW =      262.8513  1-4 EEL =    -4810.7546  RESTRAINT  =        9.3543
 EAMBER  =  -142921.0033


   NSTEP       ENERGY          RMS            GMAX         NAME    NUMBER
   4650      -1.4292E+05     4.8353E-02     2.4917E+00     C2        424

 BOND    =    10538.0695  ANGLE   =      176.0153  DIHED      =      979.1545
 VDWAALS =    26644.6369  EEL     =  -176715.4105  HBOND      =        0.0000
 1-4 VDW =      262.9398  1-4 EEL =    -4810.7929  RESTRAINT  =        9.4149
 EAMBER  =  -142925.3875


   NSTEP       ENERGY          RMS            GMAX         NAME    NUMBER
   4700      -1.4292E+05     9.0621E-02     5.3275E+00     C2        424

 BOND    =    10538.8938  ANGLE   =      176.0696  DIHED      =      979.2307
 VDWAALS =    26647.3794  EEL     =  -176723.2358  HBOND      =        0.0000
 1-4 VDW =      262.9089  1-4 EEL =    -4810.8141  RESTRAINT  =        9.4762
 EAMBER  =  -142929.5675


   NSTEP       ENERGY          RMS            GMAX         NAME    NUMBER
   4750      -1.4292E+05     3.6186E-02     1.4621E+00     H1       9845

 BOND    =    10539.0958  ANGLE   =      176.0107  DIHED      =      979.2907
 VDWAALS =    26650.1067  EEL     =  -176730.7503  HBOND      =        0.0000
 1-4 VDW =      262.9292  1-4 EEL =    -4810.5547  RESTRAINT  =        9.5366
 EAMBER  =  -142933.8719


   NSTEP       ENERGY          RMS            GMAX         NAME    NUMBER
   4800      -1.4293E+05     5.6438E-02     3.1702E+00     C2        424

 BOND    =    10539.5766  ANGLE   =      176.0693  DIHED      =      979.3524
 VDWAALS =    26652.8208  EEL     =  -176738.2856  HBOND      =        0.0000
 1-4 VDW =      262.9121  1-4 EEL =    -4810.4418  RESTRAINT  =        9.5970
 EAMBER  =  -142937.9963


   NSTEP       ENERGY          RMS            GMAX         NAME    NUMBER
   4850      -1.4293E+05     1.1866E-01     7.9838E+00     C2        424

 BOND    =    10539.9862  ANGLE   =      176.2095  DIHED      =      979.4094
 VDWAALS =    26655.6574  EEL     =  -176746.0013  HBOND      =        0.0000
 1-4 VDW =      262.8902  1-4 EEL =    -4810.2732  RESTRAINT  =        9.6590
 EAMBER  =  -142942.1220


   NSTEP       ENERGY          RMS            GMAX         NAME    NUMBER
   4900      -1.4294E+05     3.6240E-02     1.4556E+00     H1       9845

 BOND    =    10541.2390  ANGLE   =      175.8939  DIHED      =      979.4783
 VDWAALS =    26658.3754  EEL     =  -176754.0522  HBOND      =        0.0000
 1-4 VDW =      262.9206  1-4 EEL =    -4810.4010  RESTRAINT  =        9.7187
 EAMBER  =  -142946.5459


   NSTEP       ENERGY          RMS            GMAX         NAME    NUMBER
   4950      -1.4294E+05     9.6863E-02     6.1399E+00     C2        424

 BOND    =    10542.3059  ANGLE   =      175.8929  DIHED      =      979.5392
 VDWAALS =    26661.2432  EEL     =  -176761.9624  HBOND      =        0.0000
 1-4 VDW =      262.9012  1-4 EEL =    -4810.4717  RESTRAINT  =        9.7791
 EAMBER  =  -142950.5518


   NSTEP       ENERGY          RMS            GMAX         NAME    NUMBER
   5000      -1.4294E+05     4.3341E-02     2.0234E+00     C2        424

 BOND    =    10542.3182  ANGLE   =      175.9396  DIHED      =      979.5791
 VDWAALS =    26664.1903  EEL     =  -176769.2468  HBOND      =        0.0000
 1-4 VDW =      262.9040  1-4 EEL =    -4810.1968  RESTRAINT  =        9.8373
 EAMBER  =  -142954.5124


   NSTEP       ENERGY          RMS            GMAX         NAME    NUMBER
   5050      -1.4300E+05     1.2812E-01     7.8854E+00     C2'       398

 BOND    =    10557.3530  ANGLE   =      175.5178  DIHED      =      980.1633
 VDWAALS =    26728.5330  EEL     =  -176910.1938  HBOND      =        0.0000
 1-4 VDW =      262.4122  1-4 EEL =    -4809.2006  RESTRAINT  =       11.0508
 EAMBER  =  -143015.4151


   NSTEP       ENERGY          RMS            GMAX         NAME    NUMBER
   5100      -1.4303E+05     1.1631E-01     5.7554E+00     P         817

 BOND    =    10561.8693  ANGLE   =      175.4318  DIHED      =      980.1129
 VDWAALS =    26742.6769  EEL     =  -176950.8238  HBOND      =        0.0000
 1-4 VDW =      262.5599  1-4 EEL =    -4808.9275  RESTRAINT  =       11.2992
 EAMBER  =  -143037.1005


   NSTEP       ENERGY          RMS            GMAX         NAME    NUMBER
   5150      -1.4304E+05     8.0212E-02     4.7772E+00     H2'       399

 BOND    =    10564.7936  ANGLE   =      175.7069  DIHED      =      980.0043
 VDWAALS =    26757.0612  EEL     =  -176986.2620  HBOND      =        0.0000
 1-4 VDW =      262.4826  1-4 EEL =    -4808.6438  RESTRAINT  =       11.5026
 EAMBER  =  -143054.8572


   NSTEP       ENERGY          RMS            GMAX         NAME    NUMBER
   5200      -1.4306E+05     1.1034E-01     6.0698E+00     H2'       399

 BOND    =    10568.0182  ANGLE   =      176.0286  DIHED      =      979.9214
 VDWAALS =    26775.0160  EEL     =  -177026.2491  HBOND      =        0.0000
 1-4 VDW =      262.3538  1-4 EEL =    -4808.4833  RESTRAINT  =       11.7123
 EAMBER  =  -143073.3945


   NSTEP       ENERGY          RMS            GMAX         NAME    NUMBER
   5250      -1.4308E+05     8.3310E-02     6.6049E+00     C2'       398

 BOND    =    10571.3105  ANGLE   =      175.9693  DIHED      =      979.9013
 VDWAALS =    26790.6017  EEL     =  -177063.8701  HBOND      =        0.0000
 1-4 VDW =      262.3787  1-4 EEL =    -4808.2732  RESTRAINT  =       11.9133
 EAMBER  =  -143091.9818


   NSTEP       ENERGY          RMS            GMAX         NAME    NUMBER
   5300      -1.4311E+05     1.7336E-01     1.0054E+01     P         817

 BOND    =    10576.8970  ANGLE   =      175.8390  DIHED      =      979.8609
 VDWAALS =    26817.5480  EEL     =  -177129.0562  HBOND      =        0.0000
 1-4 VDW =      262.5360  1-4 EEL =    -4807.8499  RESTRAINT  =       12.2770
 EAMBER  =  -143124.2251


   NSTEP       ENERGY          RMS            GMAX         NAME    NUMBER
   5350      -1.4313E+05     9.4411E-02     4.1016E+00     O3'       401

 BOND    =    10577.1002  ANGLE   =      175.8898  DIHED      =      979.9297
 VDWAALS =    26827.5820  EEL     =  -177152.9186  HBOND      =        0.0000
 1-4 VDW =      262.5571  1-4 EEL =    -4807.8336  RESTRAINT  =       12.3981
 EAMBER  =  -143137.6935


   NSTEP       ENERGY          RMS            GMAX         NAME    NUMBER
   5400      -1.4314E+05     1.0465E-01     4.3276E+00     C2        424

 BOND    =    10579.5733  ANGLE   =      175.8322  DIHED      =      979.9791
 VDWAALS =    26839.1943  EEL     =  -177180.7768  HBOND      =        0.0000
 1-4 VDW =      262.5316  1-4 EEL =    -4807.6908  RESTRAINT  =       12.5029
 EAMBER  =  -143151.3570


   NSTEP       ENERGY          RMS            GMAX         NAME    NUMBER
   5450      -1.4315E+05     8.5257E-02     3.3730E+00     O       24076

 BOND    =    10581.8905  ANGLE   =      175.7991  DIHED      =      980.0514
 VDWAALS =    26851.0753  EEL     =  -177207.9446  HBOND      =        0.0000
 1-4 VDW =      262.5045  1-4 EEL =    -4807.6098  RESTRAINT  =       12.5740
 EAMBER  =  -143164.2336


   NSTEP       ENERGY          RMS            GMAX         NAME    NUMBER
   5500      -1.4317E+05     1.0042E-01     5.2237E+00     P         817

 BOND    =    10584.7081  ANGLE   =      175.8194  DIHED      =      980.1453
 VDWAALS =    26863.2710  EEL     =  -177238.1120  HBOND      =        0.0000
 1-4 VDW =      262.5224  1-4 EEL =    -4807.7189  RESTRAINT  =       12.6399
 EAMBER  =  -143179.3648


   NSTEP       ENERGY          RMS            GMAX         NAME    NUMBER
   5550      -1.4318E+05     1.0728E-01     4.9088E+00     C2'       518

 BOND    =    10587.3794  ANGLE   =      175.9419  DIHED      =      980.2430
 VDWAALS =    26875.8089  EEL     =  -177268.9877  HBOND      =        0.0000
 1-4 VDW =      262.4378  1-4 EEL =    -4807.7231  RESTRAINT  =       12.6973
 EAMBER  =  -143194.8998


   NSTEP       ENERGY          RMS            GMAX         NAME    NUMBER
   5600      -1.4320E+05     9.8903E-02     5.3688E+00     C2'       518

 BOND    =    10590.1872  ANGLE   =      176.1074  DIHED      =      980.3205
 VDWAALS =    26889.8528  EEL     =  -177299.1839  HBOND      =        0.0000
 1-4 VDW =      262.3729  1-4 EEL =    -4807.6967  RESTRAINT  =       12.7500
 EAMBER  =  -143208.0397


   NSTEP       ENERGY          RMS            GMAX         NAME    NUMBER
   5650      -1.4321E+05     8.7852E-02     3.0974E+00     O       24064

 BOND    =    10592.8377  ANGLE   =      176.2914  DIHED      =      980.3541
 VDWAALS =    26903.7936  EEL     =  -177329.0707  HBOND      =        0.0000
 1-4 VDW =      262.3365  1-4 EEL =    -4807.5301  RESTRAINT  =       12.8018
 EAMBER  =  -143220.9875


   NSTEP       ENERGY          RMS            GMAX         NAME    NUMBER
   5700      -1.4322E+05     1.0472E-01     4.1245E+00     O       24064

 BOND    =    10595.3816  ANGLE   =      176.4528  DIHED      =      980.3675
 VDWAALS =    26918.1752  EEL     =  -177360.0991  HBOND      =        0.0000
 1-4 VDW =      262.2990  1-4 EEL =    -4807.5535  RESTRAINT  =       12.8603
 EAMBER  =  -143234.9764


   NSTEP       ENERGY          RMS            GMAX         NAME    NUMBER
   5750      -1.4323E+05     9.5190E-02     4.0504E+00     O3'       401

 BOND    =    10598.4168  ANGLE   =      176.5132  DIHED      =      980.3306
 VDWAALS =    26930.5240  EEL     =  -177388.1302  HBOND      =        0.0000
 1-4 VDW =      262.3012  1-4 EEL =    -4807.5127  RESTRAINT  =       12.9097
 EAMBER  =  -143247.5570


   NSTEP       ENERGY          RMS            GMAX         NAME    NUMBER
   5800      -1.4325E+05     9.2155E-02     4.4453E+00     O3'       401

 BOND    =    10601.7663  ANGLE   =      176.8481  DIHED      =      980.2855
 VDWAALS =    26940.8030  EEL     =  -177413.1442  HBOND      =        0.0000
 1-4 VDW =      262.2022  1-4 EEL =    -4807.5450  RESTRAINT  =       12.9530
 EAMBER  =  -143258.7841


   NSTEP       ENERGY          RMS            GMAX         NAME    NUMBER
   5850      -1.4326E+05     1.3104E-01     5.9546E+00     C2'       813

 BOND    =    10603.4233  ANGLE   =      176.9997  DIHED      =      980.2009
 VDWAALS =    26950.0237  EEL     =  -177434.7289  HBOND      =        0.0000
 1-4 VDW =      262.1609  1-4 EEL =    -4807.5642  RESTRAINT  =       12.9983
 EAMBER  =  -143269.4845


   NSTEP       ENERGY          RMS            GMAX         NAME    NUMBER
   5900      -1.4327E+05     1.1013E-01     4.3834E+00     O3'       401

 BOND    =    10606.0504  ANGLE   =      176.6347  DIHED      =      980.0719
 VDWAALS =    26958.0820  EEL     =  -177456.4055  HBOND      =        0.0000
 1-4 VDW =      262.1944  1-4 EEL =    -4807.2652  RESTRAINT  =       13.0474
 EAMBER  =  -143280.6372


   NSTEP       ENERGY          RMS            GMAX         NAME    NUMBER
   5950      -1.4328E+05     8.3634E-02     2.7035E+00     H2       9846

 BOND    =    10606.6282  ANGLE   =      176.8350  DIHED      =      979.9265
 VDWAALS =    26966.5836  EEL     =  -177476.3063  HBOND      =        0.0000
 1-4 VDW =      262.2042  1-4 EEL =    -4807.1452  RESTRAINT  =       13.0929
 EAMBER  =  -143291.2740


   NSTEP       ENERGY          RMS            GMAX         NAME    NUMBER
   6000      -1.4329E+05     7.4738E-02     3.8976E+00     C2'       813

 BOND    =    10608.1678  ANGLE   =      176.9255  DIHED      =      979.7677
 VDWAALS =    26973.5774  EEL     =  -177494.4288  HBOND      =        0.0000
 1-4 VDW =      262.1574  1-4 EEL =    -4807.0646  RESTRAINT  =       13.1344
 EAMBER  =  -143300.8975


   NSTEP       ENERGY          RMS            GMAX         NAME    NUMBER
   6050      -1.4331E+05     2.4402E-01     1.7650E+01     O5'       375

 BOND    =    10612.9068  ANGLE   =      179.6880  DIHED      =      979.5412
 VDWAALS =    26991.1457  EEL     =  -177539.9702  HBOND      =        0.0000
 1-4 VDW =      262.4088  1-4 EEL =    -4806.2894  RESTRAINT  =       13.2425
 EAMBER  =  -143320.5691


   NSTEP       ENERGY          RMS            GMAX         NAME    NUMBER
   6100      -1.4333E+05     2.1690E-01     1.5413E+01     O5'       375

 BOND    =    10617.5739  ANGLE   =      178.8945  DIHED      =      978.9346
 VDWAALS =    27008.8938  EEL     =  -177579.9972  HBOND      =        0.0000
 1-4 VDW =      262.0053  1-4 EEL =    -4806.1429  RESTRAINT  =       13.3525
 EAMBER  =  -143339.8381


   NSTEP       ENERGY          RMS            GMAX         NAME    NUMBER
   6150      -1.4334E+05     1.5667E-01     6.9878E+00     O5'       375

 BOND    =    10616.5698  ANGLE   =      177.8363  DIHED      =      978.4258
 VDWAALS =    27023.2348  EEL     =  -177609.0583  HBOND      =        0.0000
 1-4 VDW =      262.0588  1-4 EEL =    -4805.7637  RESTRAINT  =       13.4204
 EAMBER  =  -143356.6966


   NSTEP       ENERGY          RMS            GMAX         NAME    NUMBER
   6200      -1.4336E+05     1.3077E-01     6.0406E+00     O5'       375

 BOND    =    10619.8141  ANGLE   =      178.0448  DIHED      =      977.9399
 VDWAALS =    27036.5881  EEL     =  -177641.4006  HBOND      =        0.0000
 1-4 VDW =      261.8893  1-4 EEL =    -4805.9676  RESTRAINT  =       13.4988
 EAMBER  =  -143373.0919


   NSTEP       ENERGY          RMS            GMAX         NAME    NUMBER
   6250      -1.4337E+05     1.3427E-01     6.2280E+00     O       16705

 BOND    =    10621.9788  ANGLE   =      177.6913  DIHED      =      977.7276
 VDWAALS =    27048.3406  EEL     =  -177666.9579  HBOND      =        0.0000
 1-4 VDW =      261.9331  1-4 EEL =    -4805.9290  RESTRAINT  =       13.5677
 EAMBER  =  -143385.2155


   NSTEP       ENERGY          RMS            GMAX         NAME    NUMBER
   6300      -1.4338E+05     1.4996E-01     7.2427E+00     O5'       375

 BOND    =    10623.7922  ANGLE   =      177.8300  DIHED      =      977.6937
 VDWAALS =    27064.5927  EEL     =  -177697.1455  HBOND      =        0.0000
 1-4 VDW =      261.9469  1-4 EEL =    -4805.8960  RESTRAINT  =       13.6612
 EAMBER  =  -143397.1860


   NSTEP       ENERGY          RMS            GMAX         NAME    NUMBER
   6350      -1.4340E+05     3.2710E-01     1.5126E+01     C2        424

 BOND    =    10624.3825  ANGLE   =      178.6866  DIHED      =      978.0727
 VDWAALS =    27080.4043  EEL     =  -177730.8065  HBOND      =        0.0000
 1-4 VDW =      261.8692  1-4 EEL =    -4805.6556  RESTRAINT  =       13.8145
 EAMBER  =  -143413.0468


   NSTEP       ENERGY          RMS            GMAX         NAME    NUMBER
   6400      -1.4342E+05     2.0963E-01     9.3210E+00     H2      22710

 BOND    =    10626.0105  ANGLE   =      177.2568  DIHED      =      977.7382
 VDWAALS =    27090.7133  EEL     =  -177758.5890  HBOND      =        0.0000
 1-4 VDW =      261.9169  1-4 EEL =    -4805.2777  RESTRAINT  =       13.8977
 EAMBER  =  -143430.2309


   NSTEP       ENERGY          RMS            GMAX         NAME    NUMBER
   6450      -1.4343E+05     1.3706E-01     5.5733E+00     C6        670

 BOND    =    10634.4625  ANGLE   =      176.8025  DIHED      =      977.4700
 VDWAALS =    27104.4265  EEL     =  -177793.6167  HBOND      =        0.0000
 1-4 VDW =      261.9011  1-4 EEL =    -4805.3369  RESTRAINT  =       14.0008
 EAMBER  =  -143443.8910


   NSTEP       ENERGY          RMS            GMAX         NAME    NUMBER
   6500      -1.4344E+05     1.3057E-01     6.9765E+00     N9        665

 BOND    =    10638.6649  ANGLE   =      176.7192  DIHED      =      977.3870
 VDWAALS =    27115.1183  EEL     =  -177819.0924  HBOND      =        0.0000
 1-4 VDW =      261.9436  1-4 EEL =    -4805.4547  RESTRAINT  =       14.0909
 EAMBER  =  -143454.7140


   NSTEP       ENERGY          RMS            GMAX         NAME    NUMBER
   6550      -1.4345E+05     1.0972E-01     4.3401E+00     C1'       382

 BOND    =    10638.6035  ANGLE   =      176.6929  DIHED      =      977.3624
 VDWAALS =    27127.2357  EEL     =  -177839.9878  HBOND      =        0.0000
 1-4 VDW =      261.9269  1-4 EEL =    -4805.4548  RESTRAINT  =       14.1827
 EAMBER  =  -143463.6212


   NSTEP       ENERGY          RMS            GMAX         NAME    NUMBER
   6600      -1.4347E+05     2.7949E-01     2.7797E+01     H1       1457

 BOND    =    10645.2453  ANGLE   =      177.3753  DIHED      =      977.3888
 VDWAALS =    27155.2361  EEL     =  -177891.4395  HBOND      =        0.0000
 1-4 VDW =      261.8088  1-4 EEL =    -4805.5114  RESTRAINT  =       14.3952
 EAMBER  =  -143479.8967


   NSTEP       ENERGY          RMS            GMAX         NAME    NUMBER
   6650      -1.4348E+05     3.4755E-01     2.9470E+01     H2      12807

 BOND    =    10650.6193  ANGLE   =      177.3386  DIHED      =      977.1357
 VDWAALS =    27175.9974  EEL     =  -177933.4508  HBOND      =        0.0000
 1-4 VDW =      262.1259  1-4 EEL =    -4805.8155  RESTRAINT  =       14.5842
 EAMBER  =  -143496.0494


   NSTEP       ENERGY          RMS            GMAX         NAME    NUMBER
   6700      -1.4349E+05     1.2945E-01     4.3479E+00     O4'       411

 BOND    =    10647.5461  ANGLE   =      177.1328  DIHED      =      976.8497
 VDWAALS =    27183.7423  EEL     =  -177948.4752  HBOND      =        0.0000
 1-4 VDW =      261.8484  1-4 EEL =    -4805.8770  RESTRAINT  =       14.6385
 EAMBER  =  -143507.2328


   NSTEP       ENERGY          RMS            GMAX         NAME    NUMBER
   6750      -1.4350E+05     1.0387E-01     4.4374E+00     O        1456

 BOND    =    10648.9888  ANGLE   =      177.2478  DIHED      =      976.8019
 VDWAALS =    27190.1188  EEL     =  -177962.9333  HBOND      =        0.0000
 1-4 VDW =      261.8840  1-4 EEL =    -4805.8779  RESTRAINT  =       14.7118
 EAMBER  =  -143513.7699


   NSTEP       ENERGY          RMS            GMAX         NAME    NUMBER
   6800      -1.4351E+05     1.2646E-01     4.8586E+00     C4'       379

 BOND    =    10650.6324  ANGLE   =      177.3864  DIHED      =      976.7118
 VDWAALS =    27196.4873  EEL     =  -177978.5764  HBOND      =        0.0000
 1-4 VDW =      261.9132  1-4 EEL =    -4806.0893  RESTRAINT  =       14.7883
 EAMBER  =  -143521.5347


   NSTEP       ENERGY          RMS            GMAX         NAME    NUMBER
   6850      -1.4352E+05     1.8667E-01     1.1444E+01     H2      14394

 BOND    =    10654.8492  ANGLE   =      177.9263  DIHED      =      976.6198
 VDWAALS =    27207.2229  EEL     =  -178004.8104  HBOND      =        0.0000
 1-4 VDW =      262.1284  1-4 EEL =    -4806.2072  RESTRAINT  =       14.9072
 EAMBER  =  -143532.2710


   NSTEP       ENERGY          RMS            GMAX         NAME    NUMBER
   6900      -1.4353E+05     1.2962E-01     5.5548E+00     C2'       813

 BOND    =    10654.8385  ANGLE   =      177.9131  DIHED      =      976.5072
 VDWAALS =    27211.2756  EEL     =  -178020.2345  HBOND      =        0.0000
 1-4 VDW =      262.0718  1-4 EEL =    -4806.1866  RESTRAINT  =       14.9847
 EAMBER  =  -143543.8149


   NSTEP       ENERGY          RMS            GMAX         NAME    NUMBER
   6950      -1.4354E+05     1.2504E-01     4.4175E+00     C2'       398

 BOND    =    10655.7370  ANGLE   =      177.9631  DIHED      =      976.4202
 VDWAALS =    27213.9065  EEL     =  -178031.8106  HBOND      =        0.0000
 1-4 VDW =      261.9546  1-4 EEL =    -4806.2602  RESTRAINT  =       15.0465
 EAMBER  =  -143552.0894


   NSTEP       ENERGY          RMS            GMAX         NAME    NUMBER
   7000      -1.4354E+05     1.0803E-01     4.8413E+00     P         620

 BOND    =    10657.2502  ANGLE   =      177.9572  DIHED      =      976.3523
 VDWAALS =    27216.1437  EEL     =  -178043.2578  HBOND      =        0.0000
 1-4 VDW =      262.0619  1-4 EEL =    -4806.4183  RESTRAINT  =       15.0950
 EAMBER  =  -143559.9109


   NSTEP       ENERGY          RMS            GMAX         NAME    NUMBER
   7050      -1.4356E+05     2.1527E-01     1.0727E+01     C5'       376

 BOND    =    10660.0138  ANGLE   =      178.1365  DIHED      =      976.2623
 VDWAALS =    27220.2968  EEL     =  -178061.0253  HBOND      =        0.0000
 1-4 VDW =      261.9561  1-4 EEL =    -4806.5382  RESTRAINT  =       15.1762
 EAMBER  =  -143570.8978


   NSTEP       ENERGY          RMS            GMAX         NAME    NUMBER
   7100      -1.4356E+05     1.2698E-01     5.1585E+00     C5        865

 BOND    =    10659.4886  ANGLE   =      177.4732  DIHED      =      976.1811
 VDWAALS =    27225.6245  EEL     =  -178074.4119  HBOND      =        0.0000
 1-4 VDW =      261.8636  1-4 EEL =    -4806.1271  RESTRAINT  =       15.2439
 EAMBER  =  -143579.9080


   NSTEP       ENERGY          RMS            GMAX         NAME    NUMBER
   7150      -1.4357E+05     7.7427E-02     2.0153E+00     C6        670

 BOND    =    10661.2090  ANGLE   =      177.4694  DIHED      =      976.1259
 VDWAALS =    27230.7236  EEL     =  -178089.2792  HBOND      =        0.0000
 1-4 VDW =      261.7941  1-4 EEL =    -4806.1814  RESTRAINT  =       15.2889
 EAMBER  =  -143588.1387


   NSTEP       ENERGY          RMS            GMAX         NAME    NUMBER
   7200      -1.4358E+05     7.0898E-02     2.6194E+00     P        1010

 BOND    =    10660.8808  ANGLE   =      177.5421  DIHED      =      976.0702
 VDWAALS =    27233.7854  EEL     =  -178098.8859  HBOND      =        0.0000
 1-4 VDW =      261.7615  1-4 EEL =    -4806.3495  RESTRAINT  =       15.3272
 EAMBER  =  -143595.1953


   NSTEP       ENERGY          RMS            GMAX         NAME    NUMBER
   7250      -1.4359E+05     5.1060E-02     1.6478E+00     C6        233

 BOND    =    10665.2897  ANGLE   =      177.5401  DIHED      =      976.0010
 VDWAALS =    27237.4865  EEL     =  -178114.2060  HBOND      =        0.0000
 1-4 VDW =      261.7195  1-4 EEL =    -4806.1777  RESTRAINT  =       15.3873
 EAMBER  =  -143602.3469


   NSTEP       ENERGY          RMS            GMAX         NAME    NUMBER
   7300      -1.4359E+05     4.0013E-02     2.6615E+00     P        1010

 BOND    =    10665.8531  ANGLE   =      177.5626  DIHED      =      975.9086
 VDWAALS =    27241.8631  EEL     =  -178127.0175  HBOND      =        0.0000
 1-4 VDW =      261.7560  1-4 EEL =    -4806.1644  RESTRAINT  =       15.4505
 EAMBER  =  -143610.2383


   NSTEP       ENERGY          RMS            GMAX         NAME    NUMBER
   7350      -1.4360E+05     3.1035E-02     1.3080E+00     P         462

 BOND    =    10667.4855  ANGLE   =      177.6788  DIHED      =      975.8258
 VDWAALS =    27247.1908  EEL     =  -178141.2800  HBOND      =        0.0000
 1-4 VDW =      261.7393  1-4 EEL =    -4806.2142  RESTRAINT  =       15.5165
 EAMBER  =  -143617.5741


   NSTEP       ENERGY          RMS            GMAX         NAME    NUMBER
   7400      -1.4361E+05     2.8863E-02     1.1360E+00     P        1010

 BOND    =    10669.4273  ANGLE   =      177.7651  DIHED      =      975.7067
 VDWAALS =    27257.7002  EEL     =  -178164.5207  HBOND      =        0.0000
 1-4 VDW =      261.7122  1-4 EEL =    -4806.2395  RESTRAINT  =       15.6207
 EAMBER  =  -143628.4486


   NSTEP       ENERGY          RMS            GMAX         NAME    NUMBER
   7450      -1.4363E+05     5.5384E-02     3.9293E+00     H1      22853

 BOND    =    10675.5981  ANGLE   =      177.9417  DIHED      =      975.5705
 VDWAALS =    27275.4823  EEL     =  -178203.6360  HBOND      =        0.0000
 1-4 VDW =      261.6746  1-4 EEL =    -4806.3095  RESTRAINT  =       15.7681
 EAMBER  =  -143643.6781


   NSTEP       ENERGY          RMS            GMAX         NAME    NUMBER
   7500      -1.4364E+05     5.9101E-02     2.1614E+00     H2      14778

 BOND    =    10677.5503  ANGLE   =      177.9611  DIHED      =      975.6324
 VDWAALS =    27280.8184  EEL     =  -178220.9026  HBOND      =        0.0000
 1-4 VDW =      261.5450  1-4 EEL =    -4806.1959  RESTRAINT  =       15.8424
 EAMBER  =  -143653.5914


   NSTEP       ENERGY          RMS            GMAX         NAME    NUMBER
   7550      -1.4365E+05     6.1614E-02     2.0817E+00     H1      14777

 BOND    =    10679.2460  ANGLE   =      177.9545  DIHED      =      975.6898
 VDWAALS =    27283.3274  EEL     =  -178232.5994  HBOND      =        0.0000
 1-4 VDW =      261.5487  1-4 EEL =    -4806.2685  RESTRAINT  =       15.8795
 EAMBER  =  -143661.1015


   NSTEP       ENERGY          RMS            GMAX         NAME    NUMBER
   7600      -1.4365E+05     8.7450E-02     3.8472E+00     C5        669

 BOND    =    10677.5278  ANGLE   =      178.0910  DIHED      =      975.8452
 VDWAALS =    27286.9792  EEL     =  -178242.9849  HBOND      =        0.0000
 1-4 VDW =      261.4468  1-4 EEL =    -4806.3140  RESTRAINT  =       15.9205
 EAMBER  =  -143669.4088


   NSTEP       ENERGY          RMS            GMAX         NAME    NUMBER
   7650      -1.4366E+05     6.0253E-02     2.3692E+00     O       14776

 BOND    =    10679.0648  ANGLE   =      177.9121  DIHED      =      976.0111
 VDWAALS =    27291.8916  EEL     =  -178257.8691  HBOND      =        0.0000
 1-4 VDW =      261.5242  1-4 EEL =    -4806.1294  RESTRAINT  =       15.9518
 EAMBER  =  -143677.5946


   NSTEP       ENERGY          RMS            GMAX         NAME    NUMBER
   7700      -1.4367E+05     7.9134E-02     4.3537E+00     C4'       379

 BOND    =    10679.7586  ANGLE   =      178.0346  DIHED      =      976.0222
 VDWAALS =    27296.6547  EEL     =  -178269.9195  HBOND      =        0.0000
 1-4 VDW =      261.5266  1-4 EEL =    -4805.9253  RESTRAINT  =       15.9711
 EAMBER  =  -143683.8479


   NSTEP       ENERGY          RMS            GMAX         NAME    NUMBER
   7750      -1.4368E+05     9.3206E-02     4.7213E+00     O       23059

 BOND    =    10681.4245  ANGLE   =      177.9879  DIHED      =      976.0510
 VDWAALS =    27305.0152  EEL     =  -178290.0230  HBOND      =        0.0000
 1-4 VDW =      261.4912  1-4 EEL =    -4805.6540  RESTRAINT  =       16.0107
 EAMBER  =  -143693.7073


   NSTEP       ENERGY          RMS            GMAX         NAME    NUMBER
   7800      -1.4368E+05     2.3954E-01     9.2833E+00     C5        669

 BOND    =    10683.5981  ANGLE   =      178.8681  DIHED      =      976.0776
 VDWAALS =    27312.1454  EEL     =  -178305.9541  HBOND      =        0.0000
 1-4 VDW =      261.2890  1-4 EEL =    -4805.3640  RESTRAINT  =       16.0509
 EAMBER  =  -143699.3400


   NSTEP       ENERGY          RMS            GMAX         NAME    NUMBER
   7850      -1.4369E+05     1.1629E-01     5.4130E+00     O       17314

 BOND    =    10684.7625  ANGLE   =      178.2834  DIHED      =      976.0885
 VDWAALS =    27316.7486  EEL     =  -178319.0249  HBOND      =        0.0000
 1-4 VDW =      261.5523  1-4 EEL =    -4805.1382  RESTRAINT  =       16.0701
 EAMBER  =  -143706.7278


   NSTEP       ENERGY          RMS            GMAX         NAME    NUMBER
   7900      -1.4370E+05     1.5821E-01     8.5574E+00     O       23059

 BOND    =    10685.4443  ANGLE   =      178.0189  DIHED      =      975.8750
 VDWAALS =    27320.8287  EEL     =  -178331.7191  HBOND      =        0.0000
 1-4 VDW =      261.7454  1-4 EEL =    -4805.2184  RESTRAINT  =       16.1060
 EAMBER  =  -143715.0252


   NSTEP       ENERGY          RMS            GMAX         NAME    NUMBER
   7950      -1.4371E+05     1.1056E-01     4.4713E+00     C2'       398

 BOND    =    10689.2169  ANGLE   =      178.2526  DIHED      =      975.9248
 VDWAALS =    27326.2623  EEL     =  -178349.8668  HBOND      =        0.0000
 1-4 VDW =      261.6908  1-4 EEL =    -4804.9589  RESTRAINT  =       16.1325
 EAMBER  =  -143723.4783


   NSTEP       ENERGY          RMS            GMAX         NAME    NUMBER
   8000      -1.4371E+05     9.4210E-02     3.5154E+00     N3        678

 BOND    =    10691.5795  ANGLE   =      178.1875  DIHED      =      975.8813
 VDWAALS =    27331.6196  EEL     =  -178364.5944  HBOND      =        0.0000
 1-4 VDW =      261.7111  1-4 EEL =    -4805.0036  RESTRAINT  =       16.1598
 EAMBER  =  -143730.6189


   NSTEP       ENERGY          RMS            GMAX         NAME    NUMBER
   8050      -1.4372E+05     1.1966E-01     4.7963E+00     O       23059

 BOND    =    10693.9502  ANGLE   =      178.3425  DIHED      =      975.8817
 VDWAALS =    27336.6145  EEL     =  -178379.2735  HBOND      =        0.0000
 1-4 VDW =      261.6675  1-4 EEL =    -4804.9255  RESTRAINT  =       16.1992
 EAMBER  =  -143737.7425


   NSTEP       ENERGY          RMS            GMAX         NAME    NUMBER
   8100      -1.4373E+05     1.2373E-01     4.9122E+00     H2      12336

 BOND    =    10693.2210  ANGLE   =      178.2621  DIHED      =      975.8283
 VDWAALS =    27339.1087  EEL     =  -178390.8056  HBOND      =        0.0000
 1-4 VDW =      261.8096  1-4 EEL =    -4804.7400  RESTRAINT  =       16.2490
 EAMBER  =  -143747.3160


   NSTEP       ENERGY          RMS            GMAX         NAME    NUMBER
   8150      -1.4374E+05     1.2150E-01     3.8378E+00     O        2878

 BOND    =    10695.4458  ANGLE   =      178.1004  DIHED      =      975.7652
 VDWAALS =    27339.8314  EEL     =  -178402.6372  HBOND      =        0.0000
 1-4 VDW =      261.8556  1-4 EEL =    -4804.6793  RESTRAINT  =       16.2851
 EAMBER  =  -143756.3182


   NSTEP       ENERGY          RMS            GMAX         NAME    NUMBER
   8200      -1.4375E+05     7.5136E-02     2.2541E+00     H2      12336

 BOND    =    10693.6798  ANGLE   =      178.1315  DIHED      =      975.7197
 VDWAALS =    27340.5860  EEL     =  -178407.8924  HBOND      =        0.0000
 1-4 VDW =      261.8372  1-4 EEL =    -4804.7007  RESTRAINT  =       16.3184
 EAMBER  =  -143762.6390


   NSTEP       ENERGY          RMS            GMAX         NAME    NUMBER
   8250      -1.4375E+05     1.2617E-01     6.6285E+00     P         402

 BOND    =    10699.6922  ANGLE   =      178.1848  DIHED      =      975.6684
 VDWAALS =    27342.2102  EEL     =  -178420.5230  HBOND      =        0.0000
 1-4 VDW =      261.8140  1-4 EEL =    -4804.7607  RESTRAINT  =       16.3562
 EAMBER  =  -143767.7141


   NSTEP       ENERGY          RMS            GMAX         NAME    NUMBER
   8300      -1.4376E+05     9.6313E-02     3.8860E+00     P         402

 BOND    =    10692.2420  ANGLE   =      178.1703  DIHED      =      975.6507
 VDWAALS =    27344.8831  EEL     =  -178421.8617  HBOND      =        0.0000
 1-4 VDW =      261.8493  1-4 EEL =    -4804.5067  RESTRAINT  =       16.4005
 EAMBER  =  -143773.5731


   NSTEP       ENERGY          RMS            GMAX         NAME    NUMBER
   8350      -1.4376E+05     1.3564E-01     6.8716E+00     C6        107

 BOND    =    10699.5528  ANGLE   =      178.2346  DIHED      =      975.6864
 VDWAALS =    27348.1685  EEL     =  -178440.2737  HBOND      =        0.0000
 1-4 VDW =      261.8108  1-4 EEL =    -4804.2298  RESTRAINT  =       16.4469
 EAMBER  =  -143781.0505


   NSTEP       ENERGY          RMS            GMAX         NAME    NUMBER
   8400      -1.4377E+05     1.0808E-01     7.2511E+00     Na+      1081

 BOND    =    10698.7507  ANGLE   =      177.6052  DIHED      =      975.5719
 VDWAALS =    27349.7433  EEL     =  -178448.9815  HBOND      =        0.0000
 1-4 VDW =      261.9082  1-4 EEL =    -4804.1850  RESTRAINT  =       16.4599
 EAMBER  =  -143789.5872


   NSTEP       ENERGY          RMS            GMAX         NAME    NUMBER
   8450      -1.4378E+05     9.4015E-02     5.4791E+00     O4'       381

 BOND    =    10701.0966  ANGLE   =      178.0040  DIHED      =      975.6289
 VDWAALS =    27349.4286  EEL     =  -178456.9933  HBOND      =        0.0000
 1-4 VDW =      261.9572  1-4 EEL =    -4804.0788  RESTRAINT  =       16.4767
 EAMBER  =  -143794.9569


   NSTEP       ENERGY          RMS            GMAX         NAME    NUMBER
   8500      -1.4378E+05     9.3395E-02     4.9613E+00     O       31744

 BOND    =    10698.8139  ANGLE   =      178.1319  DIHED      =      975.5249
 VDWAALS =    27351.9248  EEL     =  -178462.4646  HBOND      =        0.0000
 1-4 VDW =      262.0453  1-4 EEL =    -4804.2913  RESTRAINT  =       16.4945
 EAMBER  =  -143800.3150


   NSTEP       ENERGY          RMS            GMAX         NAME    NUMBER
   8550      -1.4379E+05     1.0845E-01     6.4852E+00     C6        107

 BOND    =    10699.4828  ANGLE   =      178.0455  DIHED      =      975.4668
 VDWAALS =    27352.6456  EEL     =  -178468.2603  HBOND      =        0.0000
 1-4 VDW =      261.9793  1-4 EEL =    -4804.0442  RESTRAINT  =       16.5040
 EAMBER  =  -143804.6846


   NSTEP       ENERGY          RMS            GMAX         NAME    NUMBER
   8600      -1.4379E+05     8.7196E-02     4.0054E+00     H4'       380

 BOND    =    10702.5910  ANGLE   =      178.3017  DIHED      =      975.3919
 VDWAALS =    27356.9103  EEL     =  -178479.6642  HBOND      =        0.0000
 1-4 VDW =      261.9693  1-4 EEL =    -4804.1173  RESTRAINT  =       16.5113
 EAMBER  =  -143808.6175


   NSTEP       ENERGY          RMS            GMAX         NAME    NUMBER
   8650      -1.4380E+05     1.1160E-01     4.9878E+00     P         587

 BOND    =    10704.5045  ANGLE   =      178.1604  DIHED      =      975.3891
 VDWAALS =    27372.2946  EEL     =  -178504.9692  HBOND      =        0.0000
 1-4 VDW =      261.9887  1-4 EEL =    -4803.9553  RESTRAINT  =       16.5285
 EAMBER  =  -143816.5873


   NSTEP       ENERGY          RMS            GMAX         NAME    NUMBER
   8700      -1.4381E+05     1.5125E-01     6.0428E+00     H2      12030

 BOND    =    10705.2764  ANGLE   =      178.4585  DIHED      =      975.3564
 VDWAALS =    27381.1723  EEL     =  -178522.0803  HBOND      =        0.0000
 1-4 VDW =      261.9959  1-4 EEL =    -4803.9939  RESTRAINT  =       16.5288
 EAMBER  =  -143823.8147


   NSTEP       ENERGY          RMS            GMAX         NAME    NUMBER
   8750      -1.4381E+05     1.5551E-01     8.4843E+00     H2       3177

 BOND    =    10707.4853  ANGLE   =      178.4389  DIHED      =      975.2977
 VDWAALS =    27388.3442  EEL     =  -178538.5781  HBOND      =        0.0000
 1-4 VDW =      261.8752  1-4 EEL =    -4804.0140  RESTRAINT  =       16.5389
 EAMBER  =  -143831.1508


   NSTEP       ENERGY          RMS            GMAX         NAME    NUMBER
   8800      -1.4382E+05     1.1744E-01     5.9905E+00     O       31765

 BOND    =    10707.3032  ANGLE   =      177.9916  DIHED      =      975.2567
 VDWAALS =    27392.1079  EEL     =  -178547.0918  HBOND      =        0.0000
 1-4 VDW =      262.0781  1-4 EEL =    -4803.9367  RESTRAINT  =       16.5514
 EAMBER  =  -143836.2910


   NSTEP       ENERGY          RMS            GMAX         NAME    NUMBER
   8850      -1.4383E+05     2.3440E-01     1.2329E+01     N1        106

 BOND    =    10712.2937  ANGLE   =      178.6727  DIHED      =      975.2460
 VDWAALS =    27400.6355  EEL     =  -178567.0474  HBOND      =        0.0000
 1-4 VDW =      261.9360  1-4 EEL =    -4803.8829  RESTRAINT  =       16.5477
 EAMBER  =  -143842.1463


   NSTEP       ENERGY          RMS            GMAX         NAME    NUMBER
   8900      -1.4383E+05     6.5286E-02     2.9916E+00     C6        107

 BOND    =    10711.5054  ANGLE   =      178.3311  DIHED      =      975.1430
 VDWAALS =    27407.6172  EEL     =  -178576.5488  HBOND      =        0.0000
 1-4 VDW =      262.1381  1-4 EEL =    -4804.3069  RESTRAINT  =       16.5528
 EAMBER  =  -143846.1209


   NSTEP       ENERGY          RMS            GMAX         NAME    NUMBER
   8950      -1.4383E+05     9.1201E-02     4.9918E+00     C2'       368

 BOND    =    10711.6946  ANGLE   =      178.2853  DIHED      =      975.1204
 VDWAALS =    27411.4821  EEL     =  -178583.7346  HBOND      =        0.0000
 1-4 VDW =      262.2215  1-4 EEL =    -4804.2952  RESTRAINT  =       16.5548
 EAMBER  =  -143849.2259


   NSTEP       ENERGY          RMS            GMAX         NAME    NUMBER
   9000      -1.4383E+05     7.5131E-02     5.3945E+00     P         402

 BOND    =    10712.2721  ANGLE   =      178.2270  DIHED      =      975.1594
 VDWAALS =    27412.8078  EEL     =  -178587.9795  HBOND      =        0.0000
 1-4 VDW =      262.0700  1-4 EEL =    -4803.9219  RESTRAINT  =       16.5614
 EAMBER  =  -143851.3651


   NSTEP       ENERGY          RMS            GMAX         NAME    NUMBER
   9050      -1.4384E+05     9.2358E-02     5.7777E+00     C2'       488

 BOND    =    10712.8699  ANGLE   =      178.3310  DIHED      =      975.0944
 VDWAALS =    27415.5305  EEL     =  -178593.4858  HBOND      =        0.0000
 1-4 VDW =      262.1484  1-4 EEL =    -4804.1883  RESTRAINT  =       16.5577
 EAMBER  =  -143853.6998


   NSTEP       ENERGY          RMS            GMAX         NAME    NUMBER
   9100      -1.4384E+05     1.1537E-01     7.0058E+00     O        2950

 BOND    =    10716.5590  ANGLE   =      178.4369  DIHED      =      975.1888
 VDWAALS =    27423.6785  EEL     =  -178611.2194  HBOND      =        0.0000
 1-4 VDW =      262.1197  1-4 EEL =    -4803.7549  RESTRAINT  =       16.5685
 EAMBER  =  -143858.9913


   NSTEP       ENERGY          RMS            GMAX         NAME    NUMBER
   9150      -1.4385E+05     1.1924E-01     5.2551E+00     C6        604

 BOND    =    10715.3619  ANGLE   =      178.4628  DIHED      =      975.0477
 VDWAALS =    27427.5234  EEL     =  -178617.8263  HBOND      =        0.0000
 1-4 VDW =      262.1044  1-4 EEL =    -4804.0854  RESTRAINT  =       16.5564
 EAMBER  =  -143863.4115


   NSTEP       ENERGY          RMS            GMAX         NAME    NUMBER
   9200      -1.4385E+05     9.3329E-02     4.2695E+00     H3        870

 BOND    =    10718.1803  ANGLE   =      178.3062  DIHED      =      975.0449
 VDWAALS =    27431.8868  EEL     =  -178629.6000  HBOND      =        0.0000
 1-4 VDW =      262.1245  1-4 EEL =    -4804.0300  RESTRAINT  =       16.5474
 EAMBER  =  -143868.0871


   NSTEP       ENERGY          RMS            GMAX         NAME    NUMBER
   9250      -1.4386E+05     7.9315E-02     3.6373E+00     N1        862

 BOND    =    10718.5187  ANGLE   =      178.2924  DIHED      =      974.9827
 VDWAALS =    27437.5847  EEL     =  -178640.7618  HBOND      =        0.0000
 1-4 VDW =      262.1988  1-4 EEL =    -4804.0400  RESTRAINT  =       16.5231
 EAMBER  =  -143873.2244


   NSTEP       ENERGY          RMS            GMAX         NAME    NUMBER
   9300      -1.4386E+05     6.7154E-02     3.7824E+00     C2        394

 BOND    =    10718.6321  ANGLE   =      178.2193  DIHED      =      975.0040
 VDWAALS =    27437.4395  EEL     =  -178644.1263  HBOND      =        0.0000
 1-4 VDW =      262.2064  1-4 EEL =    -4803.9233  RESTRAINT  =       16.5151
 EAMBER  =  -143876.5484


   NSTEP       ENERGY          RMS            GMAX         NAME    NUMBER
   9350      -1.4387E+05     8.1649E-02     5.3778E+00     O        3856

 BOND    =    10723.2345  ANGLE   =      178.2700  DIHED      =      974.7603
 VDWAALS =    27449.1530  EEL     =  -178672.1348  HBOND      =        0.0000
 1-4 VDW =      262.3345  1-4 EEL =    -4803.9178  RESTRAINT  =       16.4551
 EAMBER  =  -143888.3003


   NSTEP       ENERGY          RMS            GMAX         NAME    NUMBER
   9400      -1.4388E+05     4.3281E-02     2.3341E+00     C2'       398

 BOND    =    10723.3523  ANGLE   =      178.3218  DIHED      =      974.5762
 VDWAALS =    27454.2829  EEL     =  -178681.0349  HBOND      =        0.0000
 1-4 VDW =      262.2490  1-4 EEL =    -4803.8502  RESTRAINT  =       16.4367
 EAMBER  =  -143892.1029

     .... RESTARTED DUE TO LINMIN FAILURE ...


   NSTEP       ENERGY          RMS            GMAX         NAME    NUMBER
   9450      -1.4388E+05     1.2787E-01     4.8609E+00     H1       3458

 BOND    =    10726.6729  ANGLE   =      178.5309  DIHED      =      974.0028
 VDWAALS =    27470.0258  EEL     =  -178705.6114  HBOND      =        0.0000
 1-4 VDW =      262.3057  1-4 EEL =    -4803.6095  RESTRAINT  =       16.3835
 EAMBER  =  -143897.6828


   NSTEP       ENERGY          RMS            GMAX         NAME    NUMBER
   9500      -1.4389E+05     1.1576E-01     5.2117E+00     C4        867

 BOND    =    10726.8025  ANGLE   =      178.6491  DIHED      =      973.6304
 VDWAALS =    27473.6332  EEL     =  -178714.4348  HBOND      =        0.0000
 1-4 VDW =      262.2926  1-4 EEL =    -4803.5896  RESTRAINT  =       16.3714
 EAMBER  =  -143903.0167


   NSTEP       ENERGY          RMS            GMAX         NAME    NUMBER
   9550      -1.4389E+05     8.6268E-02     3.3698E+00     O3'       401

 BOND    =    10728.3017  ANGLE   =      178.5407  DIHED      =      973.4412
 VDWAALS =    27475.3131  EEL     =  -178720.2413  HBOND      =        0.0000
 1-4 VDW =      262.2998  1-4 EEL =    -4803.7182  RESTRAINT  =       16.3607
 EAMBER  =  -143906.0629


   NSTEP       ENERGY          RMS            GMAX         NAME    NUMBER
   9600      -1.4389E+05     3.0938E-02     1.6214E+00     H2       3858

 BOND    =    10728.6540  ANGLE   =      178.5609  DIHED      =      973.3669
 VDWAALS =    27477.3449  EEL     =  -178724.5178  HBOND      =        0.0000
 1-4 VDW =      262.3441  1-4 EEL =    -4803.6555  RESTRAINT  =       16.3525
 EAMBER  =  -143907.9025


   NSTEP       ENERGY          RMS            GMAX         NAME    NUMBER
   9650      -1.4390E+05     8.0342E-02     5.4752E+00     H1      29345

 BOND    =    10732.1909  ANGLE   =      178.7297  DIHED      =      973.1129
 VDWAALS =    27490.2390  EEL     =  -178747.0930  HBOND      =        0.0000
 1-4 VDW =      262.4305  1-4 EEL =    -4803.7518  RESTRAINT  =       16.3082
 EAMBER  =  -143914.1417


   NSTEP       ENERGY          RMS            GMAX         NAME    NUMBER
   9700      -1.4390E+05     3.3058E-02     1.9725E+00     O       28519

 BOND    =    10733.9233  ANGLE   =      178.4716  DIHED      =      973.1958
 VDWAALS =    27491.4014  EEL     =  -178754.3132  HBOND      =        0.0000
 1-4 VDW =      262.5118  1-4 EEL =    -4803.7750  RESTRAINT  =       16.3050
 EAMBER  =  -143918.5843


   NSTEP       ENERGY          RMS            GMAX         NAME    NUMBER
   9750      -1.4391E+05     6.1027E-02     2.5408E+00     H2       7683

 BOND    =    10734.9778  ANGLE   =      178.1498  DIHED      =      973.7227
 VDWAALS =    27499.6331  EEL     =  -178770.6924  HBOND      =        0.0000
 1-4 VDW =      262.5390  1-4 EEL =    -4803.5735  RESTRAINT  =       16.2409
 EAMBER  =  -143925.2435


   NSTEP       ENERGY          RMS            GMAX         NAME    NUMBER
   9800      -1.4391E+05     3.6573E-02     2.0978E+00     C2        514

 BOND    =    10735.0093  ANGLE   =      178.1616  DIHED      =      973.6577
 VDWAALS =    27498.8396  EEL     =  -178771.8005  HBOND      =        0.0000
 1-4 VDW =      262.5873  1-4 EEL =    -4803.5687  RESTRAINT  =       16.2260
 EAMBER  =  -143927.1137

     .... RESTARTED DUE TO LINMIN FAILURE ...


   NSTEP       ENERGY          RMS            GMAX         NAME    NUMBER
   9850      -1.4392E+05     8.9658E-02     7.3413E+00     O       30898

 BOND    =    10736.2084  ANGLE   =      178.7247  DIHED      =      973.4630
 VDWAALS =    27499.5273  EEL     =  -178779.0915  HBOND      =        0.0000
 1-4 VDW =      262.7307  1-4 EEL =    -4803.7029  RESTRAINT  =       16.1682
 EAMBER  =  -143932.1402


   NSTEP       ENERGY          RMS            GMAX         NAME    NUMBER
   9900      -1.4392E+05     1.3716E-01     1.0942E+01     P         432

 BOND    =    10736.3530  ANGLE   =      178.2848  DIHED      =      973.4857
 VDWAALS =    27503.3894  EEL     =  -178787.3269  HBOND      =        0.0000
 1-4 VDW =      262.8701  1-4 EEL =    -4803.6589  RESTRAINT  =       16.1221
 EAMBER  =  -143936.6030


   NSTEP       ENERGY          RMS            GMAX         NAME    NUMBER
   9950      -1.4392E+05     6.9149E-02     5.2419E+00     H2      30900

 BOND    =    10738.7983  ANGLE   =      178.3232  DIHED      =      973.4867
 VDWAALS =    27505.2540  EEL     =  -178795.3198  HBOND      =        0.0000
 1-4 VDW =      262.4002  1-4 EEL =    -4803.2615  RESTRAINT  =       16.0863
 EAMBER  =  -143940.3188


   NSTEP       ENERGY          RMS            GMAX         NAME    NUMBER
  10000      -1.4393E+05     3.9371E-02     2.9983E+00     P         432

 BOND    =    10738.2522  ANGLE   =      178.2215  DIHED      =      973.4921
 VDWAALS =    27505.9758  EEL     =  -178797.7773  HBOND      =        0.0000
 1-4 VDW =      262.5313  1-4 EEL =    -4803.3781  RESTRAINT  =       16.0724
 EAMBER  =  -143942.6825


  Maximum number of minimization cycles reached.


                    FINAL RESULTS



   NSTEP       ENERGY          RMS            GMAX         NAME    NUMBER
  10000      -1.4393E+05     3.9371E-02     2.9983E+00     P         432

 BOND    =    10738.2522  ANGLE   =      178.2215  DIHED      =      973.4921
 VDWAALS =    27505.9758  EEL     =  -178797.7773  HBOND      =        0.0000
 1-4 VDW =      262.5313  1-4 EEL =    -4803.3781  RESTRAINT  =       16.0724
 EAMBER  =  -143942.6825
--------------------------------------------------------------------------------
   5.  TIMINGS
--------------------------------------------------------------------------------

|  NonSetup CPU Time in Major Routines:
|
|     Routine           Sec        %
|     ------------------------------
|     Nonbond          17.22   51.53
|     Bond              0.00    0.00
|     Angle             0.00    0.00
|     Dihedral          0.00    0.00
|     Shake             0.00    0.00
|     Other            16.20   48.47
|     ------------------------------
|     Total            33.42

|  PME Nonbond Pairlist CPU Time:
|
|     Routine              Sec        %
|     ---------------------------------
|     Set Up Cit           0.00    0.00
|     Build List           0.00    0.00
|     ---------------------------------
|     Total                0.00    0.00

|  PME Direct Force CPU Time:
|
|     Routine              Sec        %
|     ---------------------------------
|     NonBonded Calc       0.00    0.00
|     Exclude Masked       0.00    0.00
|     Other                0.02    0.06
|     ---------------------------------
|     Total                0.02    0.06

|  PME Reciprocal Force CPU Time:
|
|     Routine              Sec        %
|     ---------------------------------
|     1D bspline           0.00    0.00
|     Grid Charges         0.00    0.00
|     Scalar Sum           0.00    0.00
|     Gradient Sum         0.00    0.00
|     FFT                  0.00    0.00
|     ---------------------------------
|     Total                0.00    0.00

|  Setup CPU time:            0.77 seconds
|  NonSetup CPU time:        33.42 seconds
|  Total CPU time:           34.19 seconds     0.01 hours

|  Setup wall time:           0    seconds
|  NonSetup wall time:       34    seconds
|  Total wall time:          34    seconds     0.01 hours
