
          -------------------------------------------------------
          Amber 16 PMEMD                              2016
          -------------------------------------------------------

| PMEMD implementation of SANDER, Release 16

| Run on 10/15/2020 at 10:50:52

|   Executable path: pmemd.cuda
| Working directory: /home/kyq/T7RNADNA/newLC7
|          Hostname: gpu01

  [-O]verwriting output

File Assignments:
|   MDIN: heat3.in                                                              
|  MDOUT: cmp_heat3.out                                                         
| INPCRD: cmp_heat2.rst                                                         
|   PARM: cmp.prmtop                                                            
| RESTRT: cmp_heat3.rst                                                         
|   REFC: cmp.inpcrd                                                            
|  MDVEL: mdvel                                                                 
|   MDEN: mden                                                                  
|  MDCRD: cmp_heat3.mdcrd                                                       
| MDINFO: mdinfo                                                                
|  MDFRC: mdfrc                                                                 

 
 Here is the input file:
 
Stage 2 equilibration 1 0-5ns                                                  
 &cntrl                                                                        
  imin=0, irest=1, ntx=5,                                                      
  nstlim=2500, dt=0.002,                                                       
  ntc=2, ntf=2,                                                                
  ntt=1, tautp=1.5,                                                            
  tempi=100.0, temp0=150.0,                                                    
  ntpr=50, ntwx=50,                                                            
  ntb=1,                                                                       
  cut=10,                                                                      
 /                                                                             


Note: ig = -1. Setting random seed to   938517 based on wallclock time in 
      microseconds.
 
|--------------------- INFORMATION ----------------------
| GPU (CUDA) Version of PMEMD in use: NVIDIA GPU IN USE.
|                    Version 16.0.0
| 
|                      02/25/2016
| 
| Implementation by:
|                    Ross C. Walker     (SDSC)
|                    Scott Le Grand     (nVIDIA)
| 
| Precision model in use:
|      [SPFP] - Single Precision Forces, 64-bit Fixed Point
|               Accumulation. (Default)
| 
|--------------------------------------------------------
 
|----------------- CITATION INFORMATION -----------------
|
|    When publishing work that utilized the CUDA version
|    of AMBER, please cite the following in addition to
|    the regular AMBER citations:
|
|  - Romelia Salomon-Ferrer; Andreas W. Goetz; Duncan
|    Poole; Scott Le Grand; Ross C. Walker "Routine
|    microsecond molecular dynamics simulations with
|    AMBER - Part II: Particle Mesh Ewald", J. Chem.
|    Theory Comput., 2013, 9 (9), pp3878-3888,
|    DOI: 10.1021/ct400314y.
|
|  - Andreas W. Goetz; Mark J. Williamson; Dong Xu;
|    Duncan Poole; Scott Le Grand; Ross C. Walker
|    "Routine microsecond molecular dynamics simulations
|    with AMBER - Part I: Generalized Born", J. Chem.
|    Theory Comput., 2012, 8 (5), pp1542-1555.
|
|  - Scott Le Grand; Andreas W. Goetz; Ross C. Walker
|    "SPFP: Speed without compromise - a mixed precision
|    model for GPU accelerated molecular dynamics
|    simulations.", Comp. Phys. Comm., 2013, 184
|    pp374-380, DOI: 10.1016/j.cpc.2012.09.022
|
|--------------------------------------------------------
 
|------------------- GPU DEVICE INFO --------------------
|
|            CUDA_VISIBLE_DEVICES: 0
|   CUDA Capable Devices Detected:      1
|           CUDA Device ID in use:      0
|                CUDA Device Name: Tesla P100-PCIE-16GB
|     CUDA Device Global Mem Size:  16276 MB
| CUDA Device Num Multiprocessors:     56
|           CUDA Device Core Freq:   1.33 GHz
|
|--------------------------------------------------------
 
 
| Conditional Compilation Defines Used:
| PUBFFT
| BINTRAJ
| CUDA
| EMIL
 
| Largest sphere to fit in unit cell has radius =    31.887

| New format PARM file being parsed.
| Version =    1.000 Date = 10/15/20 Time = 10:48:56

| Note: 1-4 EEL scale factors are being read from the topology file.

| Note: 1-4 VDW scale factors are being read from the topology file.
| Duplicated    0 dihedrals

| Duplicated    0 dihedrals

--------------------------------------------------------------------------------
   1.  RESOURCE   USE: 
--------------------------------------------------------------------------------

 getting box info from netcdf restart file
 NATOM  =   32397 NTYPES =      18 NBONH =   31674 MBONA  =     774
 NTHETH =     898 MTHETA =    1191 NPHIH =    1825 MPHIA  =    2463
 NHPARM =       0 NPARM  =       0 NNB   =   47718 NRES   =   10497
 NBONA  =     774 NTHETA =    1191 NPHIA =    2463 NUMBND =      61
 NUMANG =     127 NPTRA  =      75 NATYP =      34 NPHB   =       1
 IFBOX  =       2 NMXRS  =      33 IFCAP =       0 NEXTRA =       0
 NCOPY  =       0

| Coordinate Index Table dimensions:    12   12   12
| Direct force subcell size =     6.5088    6.5088    6.5088

     BOX TYPE: TRUNCATED OCTAHEDRON

--------------------------------------------------------------------------------
   2.  CONTROL  DATA  FOR  THE  RUN
--------------------------------------------------------------------------------

default_name                                                                    

General flags:
     imin    =       0, nmropt  =       0

Nature and format of input:
     ntx     =       5, irest   =       1, ntrx    =       1

Nature and format of output:
     ntxo    =       2, ntpr    =      50, ntrx    =       1, ntwr    =    2500
     iwrap   =       0, ntwx    =      50, ntwv    =       0, ntwe    =       0
     ioutfm  =       1, ntwprt  =       0, idecomp =       0, rbornstat=      0

Potential function:
     ntf     =       2, ntb     =       1, igb     =       0, nsnb    =      25
     ipol    =       0, gbsa    =       0, iesp    =       0
     dielc   =   1.00000, cut     =  10.00000, intdiel =   1.00000

Frozen or restrained atoms:
     ibelly  =       0, ntr     =       0

Molecular dynamics:
     nstlim  =      2500, nscm    =      1000, nrespa  =         1
     t       =   0.00000, dt      =   0.00200, vlimit  =  -1.00000

Berendsen (weak-coupling) temperature regulation:
     temp0   = 150.00000, tempi   = 100.00000, tautp   =   1.50000

SHAKE:
     ntc     =       2, jfastw  =       0
     tol     =   0.00001

| Intermolecular bonds treatment:
|     no_intermolecular_bonds =       1

| Energy averages sample interval:
|     ene_avg_sampling =      50

Ewald parameters:
     verbose =       0, ew_type =       0, nbflag  =       1, use_pme =       1
     vdwmeth =       1, eedmeth =       1, netfrc  =       1
     Box X =   78.106   Box Y =   78.106   Box Z =   78.106
     Alpha =  109.471   Beta  =  109.471   Gamma =  109.471
     NFFT1 =   80       NFFT2 =   80       NFFT3 =   80
     Cutoff=   10.000   Tol   =0.100E-04
     Ewald Coefficient =  0.27511
     Interpolation order =    4

--------------------------------------------------------------------------------
   3.  ATOMIC COORDINATES AND VELOCITIES
--------------------------------------------------------------------------------

default_name                                                                    
 begin time read from input coords =    10.000 ps

 
 Number of triangulated 3-point waters found:    10431

     Sum of charges from parm topology file =   0.00000020
     Forcing neutrality...

| Dynamic Memory, Types Used:
| Reals              955245
| Integers           789544

| Nonbonded Pairs Initial Allocation:     9799282

| GPU memory information (estimate):
| KB of GPU memory in use:    163496
| KB of CPU memory in use:     52364

--------------------------------------------------------------------------------
   4.  RESULTS
--------------------------------------------------------------------------------

 ---------------------------------------------------
 APPROXIMATING switch and d/dx switch using CUBIC SPLINE INTERPOLATION
 using   5000.0 points per unit in tabled values
 TESTING RELATIVE ERROR over r ranging from 0.0 to cutoff
| CHECK switch(x): max rel err =   0.3316E-14   at   2.351880
| CHECK d/dx switch(x): max rel err =   0.8066E-11   at   2.747240
 ---------------------------------------------------
|---------------------------------------------------
| APPROXIMATING direct energy using CUBIC SPLINE INTERPOLATION
|  with   50.0 points per unit in tabled values
| Relative Error Limit not exceeded for r .gt.   2.34
| APPROXIMATING direct force using CUBIC SPLINE INTERPOLATION
|  with   50.0 points per unit in tabled values
| Relative Error Limit not exceeded for r .gt.   2.81
|---------------------------------------------------

 NSTEP =       50   TIME(PS) =      10.100  TEMP(K) =    93.71  PRESS =     0.0
 Etot   =   -124432.5082  EKtot   =      6099.9761  EPtot      =   -130532.4843
 BOND   =        75.5466  ANGLE   =       237.0926  DIHED      =       973.1756
 1-4 NB =       270.6486  1-4 EEL =     -4800.9470  VDWAALS    =     21550.3131
 EELEC  =   -148838.3138  EHBOND  =         0.0000  RESTRAINT  =         0.0000
 ------------------------------------------------------------------------------


 NSTEP =      100   TIME(PS) =      10.200  TEMP(K) =    95.49  PRESS =     0.0
 Etot   =   -124196.6526  EKtot   =      6215.6631  EPtot      =   -130412.3156
 BOND   =        83.2671  ANGLE   =       245.1234  DIHED      =       966.5613
 1-4 NB =       256.6219  1-4 EEL =     -4798.4733  VDWAALS    =     21597.7775
 EELEC  =   -148763.1935  EHBOND  =         0.0000  RESTRAINT  =         0.0000
 ------------------------------------------------------------------------------


 NSTEP =      150   TIME(PS) =      10.300  TEMP(K) =    98.39  PRESS =     0.0
 Etot   =   -123966.3098  EKtot   =      6404.7905  EPtot      =   -130371.1003
 BOND   =        83.8049  ANGLE   =       236.6579  DIHED      =       970.4642
 1-4 NB =       261.1262  1-4 EEL =     -4791.2950  VDWAALS    =     21636.3149
 EELEC  =   -148768.1734  EHBOND  =         0.0000  RESTRAINT  =         0.0000
 ------------------------------------------------------------------------------


 NSTEP =      200   TIME(PS) =      10.400  TEMP(K) =    98.94  PRESS =     0.0
 Etot   =   -123744.6536  EKtot   =      6440.6445  EPtot      =   -130185.2981
 BOND   =        79.7121  ANGLE   =       245.6881  DIHED      =       979.6312
 1-4 NB =       272.0017  1-4 EEL =     -4800.3220  VDWAALS    =     21604.2123
 EELEC  =   -148566.2215  EHBOND  =         0.0000  RESTRAINT  =         0.0000
 ------------------------------------------------------------------------------


 NSTEP =      250   TIME(PS) =      10.500  TEMP(K) =   101.09  PRESS =     0.0
 Etot   =   -123529.1760  EKtot   =      6580.4072  EPtot      =   -130109.5832
 BOND   =        88.3663  ANGLE   =       248.0344  DIHED      =       980.6621
 1-4 NB =       264.6009  1-4 EEL =     -4813.8184  VDWAALS    =     21368.9474
 EELEC  =   -148246.3758  EHBOND  =         0.0000  RESTRAINT  =         0.0000
 ------------------------------------------------------------------------------


 NSTEP =      300   TIME(PS) =      10.600  TEMP(K) =   103.12  PRESS =     0.0
 Etot   =   -123321.1942  EKtot   =      6712.2480  EPtot      =   -130033.4423
 BOND   =        90.8680  ANGLE   =       242.1358  DIHED      =       977.3406
 1-4 NB =       268.3418  1-4 EEL =     -4798.1205  VDWAALS    =     21467.9895
 EELEC  =   -148281.9976  EHBOND  =         0.0000  RESTRAINT  =         0.0000
 ------------------------------------------------------------------------------


 NSTEP =      350   TIME(PS) =      10.700  TEMP(K) =   104.07  PRESS =     0.0
 Etot   =   -123119.7365  EKtot   =      6774.5215  EPtot      =   -129894.2580
 BOND   =        92.6415  ANGLE   =       251.2817  DIHED      =       980.5250
 1-4 NB =       268.8050  1-4 EEL =     -4808.8915  VDWAALS    =     21396.3628
 EELEC  =   -148074.9825  EHBOND  =         0.0000  RESTRAINT  =         0.0000
 ------------------------------------------------------------------------------


 NSTEP =      400   TIME(PS) =      10.800  TEMP(K) =   105.27  PRESS =     0.0
 Etot   =   -122922.4821  EKtot   =      6852.4478  EPtot      =   -129774.9299
 BOND   =        87.6328  ANGLE   =       262.7924  DIHED      =       970.6919
 1-4 NB =       266.0724  1-4 EEL =     -4808.7818  VDWAALS    =     21357.9822
 EELEC  =   -147911.3196  EHBOND  =         0.0000  RESTRAINT  =         0.0000
 ------------------------------------------------------------------------------


 NSTEP =      450   TIME(PS) =      10.900  TEMP(K) =   106.82  PRESS =     0.0
 Etot   =   -122732.2816  EKtot   =      6953.6602  EPtot      =   -129685.9418
 BOND   =        86.7367  ANGLE   =       246.3826  DIHED      =       972.4768
 1-4 NB =       266.7954  1-4 EEL =     -4798.1755  VDWAALS    =     21368.2113
 EELEC  =   -147828.3691  EHBOND  =         0.0000  RESTRAINT  =         0.0000
 ------------------------------------------------------------------------------


 NSTEP =      500   TIME(PS) =      11.000  TEMP(K) =   108.24  PRESS =     0.0
 Etot   =   -122549.2904  EKtot   =      7046.0576  EPtot      =   -129595.3481
 BOND   =        89.1270  ANGLE   =       246.2251  DIHED      =       976.6569
 1-4 NB =       266.0988  1-4 EEL =     -4782.9778  VDWAALS    =     21442.0062
 EELEC  =   -147832.4842  EHBOND  =         0.0000  RESTRAINT  =         0.0000
 ------------------------------------------------------------------------------


 NSTEP =      550   TIME(PS) =      11.100  TEMP(K) =   109.46  PRESS =     0.0
 Etot   =   -122371.2457  EKtot   =      7125.4214  EPtot      =   -129496.6671
 BOND   =        87.7746  ANGLE   =       257.1115  DIHED      =       970.9494
 1-4 NB =       265.8317  1-4 EEL =     -4803.0141  VDWAALS    =     21350.8803
 EELEC  =   -147626.2004  EHBOND  =         0.0000  RESTRAINT  =         0.0000
 ------------------------------------------------------------------------------


 NSTEP =      600   TIME(PS) =      11.200  TEMP(K) =   110.78  PRESS =     0.0
 Etot   =   -122197.8977  EKtot   =      7211.4570  EPtot      =   -129409.3547
 BOND   =        86.9140  ANGLE   =       258.4236  DIHED      =       979.1356
 1-4 NB =       264.9597  1-4 EEL =     -4792.4748  VDWAALS    =     21352.6076
 EELEC  =   -147558.9205  EHBOND  =         0.0000  RESTRAINT  =         0.0000
 ------------------------------------------------------------------------------


 NSTEP =      650   TIME(PS) =      11.300  TEMP(K) =   112.09  PRESS =     0.0
 Etot   =   -122030.0364  EKtot   =      7296.5459  EPtot      =   -129326.5823
 BOND   =        86.5358  ANGLE   =       256.4123  DIHED      =       980.4261
 1-4 NB =       264.1733  1-4 EEL =     -4800.2117  VDWAALS    =     21325.3695
 EELEC  =   -147439.2876  EHBOND  =         0.0000  RESTRAINT  =         0.0000
 ------------------------------------------------------------------------------


 NSTEP =      700   TIME(PS) =      11.400  TEMP(K) =   113.23  PRESS =     0.0
 Etot   =   -121869.6568  EKtot   =      7370.4043  EPtot      =   -129240.0611
 BOND   =        91.0892  ANGLE   =       271.4118  DIHED      =       980.9999
 1-4 NB =       263.9303  1-4 EEL =     -4813.7293  VDWAALS    =     21194.4548
 EELEC  =   -147228.2178  EHBOND  =         0.0000  RESTRAINT  =         0.0000
 ------------------------------------------------------------------------------


 NSTEP =      750   TIME(PS) =      11.500  TEMP(K) =   113.82  PRESS =     0.0
 Etot   =   -121712.5782  EKtot   =      7408.7666  EPtot      =   -129121.3448
 BOND   =        97.8840  ANGLE   =       270.9681  DIHED      =       969.4962
 1-4 NB =       270.8025  1-4 EEL =     -4811.7481  VDWAALS    =     21106.0566
 EELEC  =   -147024.8040  EHBOND  =         0.0000  RESTRAINT  =         0.0000
 ------------------------------------------------------------------------------


 NSTEP =      800   TIME(PS) =      11.600  TEMP(K) =   114.41  PRESS =     0.0
 Etot   =   -121560.0742  EKtot   =      7447.3652  EPtot      =   -129007.4395
 BOND   =        92.3432  ANGLE   =       265.4339  DIHED      =       980.7787
 1-4 NB =       273.4291  1-4 EEL =     -4817.5947  VDWAALS    =     21054.8014
 EELEC  =   -146856.6311  EHBOND  =         0.0000  RESTRAINT  =         0.0000
 ------------------------------------------------------------------------------


 NSTEP =      850   TIME(PS) =      11.700  TEMP(K) =   116.89  PRESS =     0.0
 Etot   =   -121412.5073  EKtot   =      7608.6650  EPtot      =   -129021.1723
 BOND   =        95.4276  ANGLE   =       252.3102  DIHED      =       971.1835
 1-4 NB =       265.3535  1-4 EEL =     -4789.4527  VDWAALS    =     21125.3027
 EELEC  =   -146941.2972  EHBOND  =         0.0000  RESTRAINT  =         0.0000
 ------------------------------------------------------------------------------


 NSTEP =      900   TIME(PS) =      11.800  TEMP(K) =   117.60  PRESS =     0.0
 Etot   =   -121272.6201  EKtot   =      7655.3682  EPtot      =   -128927.9883
 BOND   =        90.1792  ANGLE   =       266.4493  DIHED      =       976.6853
 1-4 NB =       272.4060  1-4 EEL =     -4806.0603  VDWAALS    =     21205.7379
 EELEC  =   -146933.3856  EHBOND  =         0.0000  RESTRAINT  =         0.0000
 ------------------------------------------------------------------------------


 NSTEP =      950   TIME(PS) =      11.900  TEMP(K) =   118.40  PRESS =     0.0
 Etot   =   -121135.7479  EKtot   =      7707.4995  EPtot      =   -128843.2474
 BOND   =        94.9935  ANGLE   =       258.0875  DIHED      =       972.2500
 1-4 NB =       273.3320  1-4 EEL =     -4805.3517  VDWAALS    =     21303.7583
 EELEC  =   -146940.3170  EHBOND  =         0.0000  RESTRAINT  =         0.0000
 ------------------------------------------------------------------------------

check COM velocity, temp:        0.000009     0.00(Removed)

 NSTEP =     1000   TIME(PS) =      12.000  TEMP(K) =   119.44  PRESS =     0.0
 Etot   =   -121002.5725  EKtot   =      7774.6724  EPtot      =   -128777.2448
 BOND   =        91.8965  ANGLE   =       254.8822  DIHED      =       973.9009
 1-4 NB =       268.8596  1-4 EEL =     -4806.1465  VDWAALS    =     21172.3263
 EELEC  =   -146732.9638  EHBOND  =         0.0000  RESTRAINT  =         0.0000
 ------------------------------------------------------------------------------


 NSTEP =     1050   TIME(PS) =      12.100  TEMP(K) =   120.07  PRESS =     0.0
 Etot   =   -120872.5029  EKtot   =      7816.1699  EPtot      =   -128688.6729
 BOND   =        94.7604  ANGLE   =       269.8095  DIHED      =       973.6132
 1-4 NB =       268.3355  1-4 EEL =     -4808.6731  VDWAALS    =     21126.1105
 EELEC  =   -146612.6288  EHBOND  =         0.0000  RESTRAINT  =         0.0000
 ------------------------------------------------------------------------------


 NSTEP =     1100   TIME(PS) =      12.200  TEMP(K) =   121.59  PRESS =     0.0
 Etot   =   -120748.5383  EKtot   =      7914.9541  EPtot      =   -128663.4924
 BOND   =        98.2913  ANGLE   =       265.2299  DIHED      =       972.0361
 1-4 NB =       271.5262  1-4 EEL =     -4802.4827  VDWAALS    =     20987.5554
 EELEC  =   -146455.6486  EHBOND  =         0.0000  RESTRAINT  =         0.0000
 ------------------------------------------------------------------------------


 NSTEP =     1150   TIME(PS) =      12.300  TEMP(K) =   122.62  PRESS =     0.0
 Etot   =   -120627.4224  EKtot   =      7982.1426  EPtot      =   -128609.5649
 BOND   =        96.8070  ANGLE   =       261.2261  DIHED      =       977.6505
 1-4 NB =       264.6054  1-4 EEL =     -4796.4597  VDWAALS    =     21117.4871
 EELEC  =   -146530.8814  EHBOND  =         0.0000  RESTRAINT  =         0.0000
 ------------------------------------------------------------------------------


 NSTEP =     1200   TIME(PS) =      12.400  TEMP(K) =   123.42  PRESS =     0.0
 Etot   =   -120511.9373  EKtot   =      8033.8848  EPtot      =   -128545.8221
 BOND   =        97.2657  ANGLE   =       266.2669  DIHED      =       978.3920
 1-4 NB =       262.1636  1-4 EEL =     -4805.0958  VDWAALS    =     20957.5382
 EELEC  =   -146302.3526  EHBOND  =         0.0000  RESTRAINT  =         0.0000
 ------------------------------------------------------------------------------


 NSTEP =     1250   TIME(PS) =      12.500  TEMP(K) =   124.20  PRESS =     0.0
 Etot   =   -120399.1841  EKtot   =      8084.7852  EPtot      =   -128483.9692
 BOND   =        95.3289  ANGLE   =       258.5505  DIHED      =       981.0598
 1-4 NB =       271.9044  1-4 EEL =     -4780.3471  VDWAALS    =     20866.6690
 EELEC  =   -146177.1346  EHBOND  =         0.0000  RESTRAINT  =         0.0000
 ------------------------------------------------------------------------------


 NSTEP =     1300   TIME(PS) =      12.600  TEMP(K) =   124.49  PRESS =     0.0
 Etot   =   -120289.2178  EKtot   =      8103.7700  EPtot      =   -128392.9878
 BOND   =       100.6432  ANGLE   =       265.3151  DIHED      =       984.9565
 1-4 NB =       272.1629  1-4 EEL =     -4796.1348  VDWAALS    =     21052.7321
 EELEC  =   -146272.6627  EHBOND  =         0.0000  RESTRAINT  =         0.0000
 ------------------------------------------------------------------------------


 NSTEP =     1350   TIME(PS) =      12.700  TEMP(K) =   125.50  PRESS =     0.0
 Etot   =   -120181.3999  EKtot   =      8169.5195  EPtot      =   -128350.9194
 BOND   =       105.1169  ANGLE   =       264.8139  DIHED      =       978.2227
 1-4 NB =       267.1571  1-4 EEL =     -4817.6494  VDWAALS    =     20835.3683
 EELEC  =   -145983.9489  EHBOND  =         0.0000  RESTRAINT  =         0.0000
 ------------------------------------------------------------------------------


 NSTEP =     1400   TIME(PS) =      12.800  TEMP(K) =   127.14  PRESS =     0.0
 Etot   =   -120079.8703  EKtot   =      8276.1797  EPtot      =   -128356.0500
 BOND   =        96.7612  ANGLE   =       277.1040  DIHED      =       980.0817
 1-4 NB =       267.6176  1-4 EEL =     -4795.1086  VDWAALS    =     20871.0581
 EELEC  =   -146053.5641  EHBOND  =         0.0000  RESTRAINT  =         0.0000
 ------------------------------------------------------------------------------


 NSTEP =     1450   TIME(PS) =      12.900  TEMP(K) =   128.15  PRESS =     0.0
 Etot   =   -119983.7972  EKtot   =      8342.1445  EPtot      =   -128325.9417
 BOND   =        95.9478  ANGLE   =       275.7393  DIHED      =       987.3726
 1-4 NB =       276.9923  1-4 EEL =     -4793.5421  VDWAALS    =     21082.5452
 EELEC  =   -146250.9968  EHBOND  =         0.0000  RESTRAINT  =         0.0000
 ------------------------------------------------------------------------------


 NSTEP =     1500   TIME(PS) =      13.000  TEMP(K) =   128.49  PRESS =     0.0
 Etot   =   -119890.6482  EKtot   =      8363.9512  EPtot      =   -128254.5994
 BOND   =        95.2341  ANGLE   =       293.0681  DIHED      =       972.5000
 1-4 NB =       265.6026  1-4 EEL =     -4778.9161  VDWAALS    =     20840.0963
 EELEC  =   -145942.1845  EHBOND  =         0.0000  RESTRAINT  =         0.0000
 ------------------------------------------------------------------------------


 NSTEP =     1550   TIME(PS) =      13.100  TEMP(K) =   128.16  PRESS =     0.0
 Etot   =   -119795.4541  EKtot   =      8342.7988  EPtot      =   -128138.2529
 BOND   =       105.4210  ANGLE   =       279.3255  DIHED      =       983.2483
 1-4 NB =       268.4716  1-4 EEL =     -4793.6164  VDWAALS    =     20847.5275
 EELEC  =   -145828.6304  EHBOND  =         0.0000  RESTRAINT  =         0.0000
 ------------------------------------------------------------------------------


 NSTEP =     1600   TIME(PS) =      13.200  TEMP(K) =   129.24  PRESS =     0.0
 Etot   =   -119705.9196  EKtot   =      8412.9863  EPtot      =   -128118.9060
 BOND   =        98.1466  ANGLE   =       281.1924  DIHED      =       978.3555
 1-4 NB =       274.3150  1-4 EEL =     -4795.4508  VDWAALS    =     20892.8827
 EELEC  =   -145848.3474  EHBOND  =         0.0000  RESTRAINT  =         0.0000
 ------------------------------------------------------------------------------


 NSTEP =     1650   TIME(PS) =      13.300  TEMP(K) =   129.97  PRESS =     0.0
 Etot   =   -119618.7120  EKtot   =      8460.3359  EPtot      =   -128079.0480
 BOND   =       108.5634  ANGLE   =       272.0455  DIHED      =       966.9764
 1-4 NB =       263.8585  1-4 EEL =     -4802.8289  VDWAALS    =     20832.7364
 EELEC  =   -145720.3992  EHBOND  =         0.0000  RESTRAINT  =         0.0000
 ------------------------------------------------------------------------------


 NSTEP =     1700   TIME(PS) =      13.400  TEMP(K) =   130.45  PRESS =     0.0
 Etot   =   -119534.4090  EKtot   =      8491.7031  EPtot      =   -128026.1122
 BOND   =       107.7756  ANGLE   =       277.5493  DIHED      =       978.2865
 1-4 NB =       262.1133  1-4 EEL =     -4809.3604  VDWAALS    =     20857.7373
 EELEC  =   -145700.2139  EHBOND  =         0.0000  RESTRAINT  =         0.0000
 ------------------------------------------------------------------------------


 NSTEP =     1750   TIME(PS) =      13.500  TEMP(K) =   131.70  PRESS =     0.0
 Etot   =   -119455.5181  EKtot   =      8573.0684  EPtot      =   -128028.5865
 BOND   =       101.9718  ANGLE   =       273.6926  DIHED      =       983.6009
 1-4 NB =       266.7278  1-4 EEL =     -4799.6266  VDWAALS    =     20985.2489
 EELEC  =   -145840.2018  EHBOND  =         0.0000  RESTRAINT  =         0.0000
 ------------------------------------------------------------------------------


 NSTEP =     1800   TIME(PS) =      13.600  TEMP(K) =   133.02  PRESS =     0.0
 Etot   =   -119379.0847  EKtot   =      8658.9717  EPtot      =   -128038.0564
 BOND   =        96.8795  ANGLE   =       265.7314  DIHED      =       990.5263
 1-4 NB =       278.9908  1-4 EEL =     -4796.5440  VDWAALS    =     20731.2092
 EELEC  =   -145604.8496  EHBOND  =         0.0000  RESTRAINT  =         0.0000
 ------------------------------------------------------------------------------


 NSTEP =     1850   TIME(PS) =      13.700  TEMP(K) =   132.05  PRESS =     0.0
 Etot   =   -119302.3947  EKtot   =      8595.5986  EPtot      =   -127897.9934
 BOND   =       103.0028  ANGLE   =       275.7614  DIHED      =       980.0177
 1-4 NB =       268.7242  1-4 EEL =     -4805.9742  VDWAALS    =     20852.0155
 EELEC  =   -145571.5406  EHBOND  =         0.0000  RESTRAINT  =         0.0000
 ------------------------------------------------------------------------------


 NSTEP =     1900   TIME(PS) =      13.800  TEMP(K) =   133.92  PRESS =     0.0
 Etot   =   -119229.4178  EKtot   =      8717.5352  EPtot      =   -127946.9529
 BOND   =       104.8327  ANGLE   =       277.7207  DIHED      =       976.3982
 1-4 NB =       263.5758  1-4 EEL =     -4801.4332  VDWAALS    =     20868.5906
 EELEC  =   -145636.6379  EHBOND  =         0.0000  RESTRAINT  =         0.0000
 ------------------------------------------------------------------------------


 NSTEP =     1950   TIME(PS) =      13.900  TEMP(K) =   133.63  PRESS =     0.0
 Etot   =   -119157.5473  EKtot   =      8698.5137  EPtot      =   -127856.0610
 BOND   =       104.9570  ANGLE   =       274.2033  DIHED      =       985.4558
 1-4 NB =       260.9728  1-4 EEL =     -4785.2923  VDWAALS    =     20851.1226
 EELEC  =   -145547.4801  EHBOND  =         0.0000  RESTRAINT  =         0.0000
 ------------------------------------------------------------------------------

check COM velocity, temp:        0.000009     0.00(Removed)

 NSTEP =     2000   TIME(PS) =      14.000  TEMP(K) =   134.55  PRESS =     0.0
 Etot   =   -119092.1553  EKtot   =      8758.5098  EPtot      =   -127850.6651
 BOND   =       102.0376  ANGLE   =       286.2520  DIHED      =       981.6704
 1-4 NB =       268.4079  1-4 EEL =     -4810.0582  VDWAALS    =     20852.5890
 EELEC  =   -145531.5638  EHBOND  =         0.0000  RESTRAINT  =         0.0000
 ------------------------------------------------------------------------------


 NSTEP =     2050   TIME(PS) =      14.100  TEMP(K) =   134.89  PRESS =     0.0
 Etot   =   -119025.2264  EKtot   =      8780.5898  EPtot      =   -127805.8162
 BOND   =        98.7707  ANGLE   =       293.0938  DIHED      =       976.8475
 1-4 NB =       267.8600  1-4 EEL =     -4781.4345  VDWAALS    =     20948.9006
 EELEC  =   -145609.8543  EHBOND  =         0.0000  RESTRAINT  =         0.0000
 ------------------------------------------------------------------------------


 NSTEP =     2100   TIME(PS) =      14.200  TEMP(K) =   136.58  PRESS =     0.0
 Etot   =   -118963.7281  EKtot   =      8890.4365  EPtot      =   -127854.1646
 BOND   =       104.9637  ANGLE   =       277.4095  DIHED      =       989.0508
 1-4 NB =       267.0283  1-4 EEL =     -4790.4465  VDWAALS    =     20797.0424
 EELEC  =   -145499.2127  EHBOND  =         0.0000  RESTRAINT  =         0.0000
 ------------------------------------------------------------------------------


 NSTEP =     2150   TIME(PS) =      14.300  TEMP(K) =   135.67  PRESS =     0.0
 Etot   =   -118900.8168  EKtot   =      8831.2402  EPtot      =   -127732.0571
 BOND   =       105.3730  ANGLE   =       276.5292  DIHED      =       978.8563
 1-4 NB =       263.6777  1-4 EEL =     -4805.8887  VDWAALS    =     20583.8440
 EELEC  =   -145134.4486  EHBOND  =         0.0000  RESTRAINT  =         0.0000
 ------------------------------------------------------------------------------


 NSTEP =     2200   TIME(PS) =      14.400  TEMP(K) =   136.50  PRESS =     0.0
 Etot   =   -118842.4049  EKtot   =      8885.0840  EPtot      =   -127727.4889
 BOND   =       107.5090  ANGLE   =       282.0344  DIHED      =       982.3611
 1-4 NB =       276.1780  1-4 EEL =     -4813.4811  VDWAALS    =     20698.3503
 EELEC  =   -145260.4408  EHBOND  =         0.0000  RESTRAINT  =         0.0000
 ------------------------------------------------------------------------------


 NSTEP =     2250   TIME(PS) =      14.500  TEMP(K) =   136.73  PRESS =     0.0
 Etot   =   -118785.4088  EKtot   =      8900.1797  EPtot      =   -127685.5885
 BOND   =       114.6062  ANGLE   =       288.9660  DIHED      =       981.5432
 1-4 NB =       271.0027  1-4 EEL =     -4807.3211  VDWAALS    =     20759.7039
 EELEC  =   -145294.0893  EHBOND  =         0.0000  RESTRAINT  =         0.0000
 ------------------------------------------------------------------------------


 NSTEP =     2300   TIME(PS) =      14.600  TEMP(K) =   137.02  PRESS =     0.0
 Etot   =   -118729.2144  EKtot   =      8919.0176  EPtot      =   -127648.2320
 BOND   =       109.5522  ANGLE   =       278.2569  DIHED      =       981.2235
 1-4 NB =       267.3813  1-4 EEL =     -4777.6966  VDWAALS    =     20814.4559
 EELEC  =   -145321.4052  EHBOND  =         0.0000  RESTRAINT  =         0.0000
 ------------------------------------------------------------------------------


 NSTEP =     2350   TIME(PS) =      14.700  TEMP(K) =   138.26  PRESS =     0.0
 Etot   =   -118675.1727  EKtot   =      8999.6895  EPtot      =   -127674.8622
 BOND   =       106.5761  ANGLE   =       284.6337  DIHED      =       984.9633
 1-4 NB =       266.0436  1-4 EEL =     -4802.5559  VDWAALS    =     20717.0488
 EELEC  =   -145231.5718  EHBOND  =         0.0000  RESTRAINT  =         0.0000
 ------------------------------------------------------------------------------


 NSTEP =     2400   TIME(PS) =      14.800  TEMP(K) =   137.99  PRESS =     0.0
 Etot   =   -118625.0207  EKtot   =      8982.6689  EPtot      =   -127607.6896
 BOND   =       106.4124  ANGLE   =       298.4915  DIHED      =       975.9914
 1-4 NB =       270.2074  1-4 EEL =     -4794.7293  VDWAALS    =     20884.5810
 EELEC  =   -145348.6441  EHBOND  =         0.0000  RESTRAINT  =         0.0000
 ------------------------------------------------------------------------------


 NSTEP =     2450   TIME(PS) =      14.900  TEMP(K) =   138.08  PRESS =     0.0
 Etot   =   -118574.6400  EKtot   =      8988.3115  EPtot      =   -127562.9515
 BOND   =       107.7091  ANGLE   =       289.7832  DIHED      =       973.0974
 1-4 NB =       273.9339  1-4 EEL =     -4779.4235  VDWAALS    =     20770.4934
 EELEC  =   -145198.5451  EHBOND  =         0.0000  RESTRAINT  =         0.0000
 ------------------------------------------------------------------------------


 NSTEP =     2500   TIME(PS) =      15.000  TEMP(K) =   139.00  PRESS =     0.0
 Etot   =   -118527.9673  EKtot   =      9047.9219  EPtot      =   -127575.8892
 BOND   =       116.8761  ANGLE   =       278.1730  DIHED      =       991.9176
 1-4 NB =       267.2895  1-4 EEL =     -4809.6259  VDWAALS    =     20668.1815
 EELEC  =   -145088.7009  EHBOND  =         0.0000  RESTRAINT  =         0.0000
 ------------------------------------------------------------------------------


      A V E R A G E S   O V E R      50 S T E P S


 NSTEP =     2500   TIME(PS) =      15.000  TEMP(K) =   121.89  PRESS =     0.0
 Etot   =   -120731.6791  EKtot   =      7934.1849  EPtot      =   -128665.8640
 BOND   =        97.2167  ANGLE   =       267.6175  DIHED      =       978.2053
 1-4 NB =       267.9804  1-4 EEL =     -4799.6957  VDWAALS    =     21058.6567
 EELEC  =   -146535.8447  EHBOND  =         0.0000  RESTRAINT  =         0.0000
 ------------------------------------------------------------------------------


      R M S  F L U C T U A T I O N S


 NSTEP =     2500   TIME(PS) =      15.000  TEMP(K) =    13.00  PRESS =     0.0
 Etot   =      1713.9473  EKtot   =       846.3503  EPtot      =       868.7783
 BOND   =         8.9096  ANGLE   =        15.0905  DIHED      =         5.7272
 1-4 NB =         4.3849  1-4 EEL =        10.2522  VDWAALS    =       277.0540
 EELEC  =      1109.3485  EHBOND  =         0.0000  RESTRAINT  =         0.0000
 ------------------------------------------------------------------------------

--------------------------------------------------------------------------------
   5.  TIMINGS
--------------------------------------------------------------------------------

|  NonSetup CPU Time in Major Routines:
|
|     Routine           Sec        %
|     ------------------------------
|     Nonbond           0.86   11.20
|     Bond              0.00    0.00
|     Angle             0.00    0.00
|     Dihedral          0.00    0.00
|     Shake             0.02    0.27
|     RunMD             6.77   88.48
|     Other             0.00    0.06
|     ------------------------------
|     Total             7.65

|  PME Nonbond Pairlist CPU Time:
|
|     Routine              Sec        %
|     ---------------------------------
|     Set Up Cit           0.00    0.00
|     Build List           0.00    0.00
|     ---------------------------------
|     Total                0.00    0.00

|  PME Direct Force CPU Time:
|
|     Routine              Sec        %
|     ---------------------------------
|     NonBonded Calc       0.00    0.00
|     Exclude Masked       0.00    0.00
|     Other                0.00    0.03
|     ---------------------------------
|     Total                0.00    0.03

|  PME Reciprocal Force CPU Time:
|
|     Routine              Sec        %
|     ---------------------------------
|     1D bspline           0.00    0.00
|     Grid Charges         0.00    0.00
|     Scalar Sum           0.00    0.00
|     Gradient Sum         0.00    0.00
|     FFT                  0.00    0.00
|     ---------------------------------
|     Total                0.00    0.00

|  Final Performance Info:
|     -----------------------------------------------------
|     Average timings for last    2450 steps:
|     Elapsed(s) =       7.49 Per Step(ms) =       3.06
|         ns/day =      56.51   seconds/ns =    1528.81
|
|     Average timings for all steps:
|     Elapsed(s) =       7.65 Per Step(ms) =       3.06
|         ns/day =      56.46   seconds/ns =    1530.22
|     -----------------------------------------------------

|  Setup CPU time:            0.83 seconds
|  NonSetup CPU time:         7.65 seconds
|  Total CPU time:            8.48 seconds     0.00 hours

|  Setup wall time:           1    seconds
|  NonSetup wall time:        7    seconds
|  Total wall time:           8    seconds     0.00 hours
