
          -------------------------------------------------------
          Amber 16 PMEMD                              2016
          -------------------------------------------------------

| PMEMD implementation of SANDER, Release 16

| Run on 01/29/2021 at 10:52:55

|   Executable path: pmemd.cuda
| Working directory: /home/kyq/T7RNADNA/7/nLA7
|          Hostname: gpu01

  [-O]verwriting output

File Assignments:
|   MDIN: heat1.in                                                              
|  MDOUT: cmp_heat1.out                                                         
| INPCRD: cmp_heat0.rst                                                         
|   PARM: cmp.prmtop                                                            
| RESTRT: cmp_heat1.rst                                                         
|   REFC: cmp.inpcrd                                                            
|  MDVEL: mdvel                                                                 
|   MDEN: mden                                                                  
|  MDCRD: cmp_heat1.mdcrd                                                       
| MDINFO: mdinfo                                                                
|  MDFRC: mdfrc                                                                 

 
 Here is the input file:
 
Stage 1 heating 1 5ps 0-100K                                                   
 &cntrl                                                                        
  imin=0, ntx=1,                                                               
  nstlim=2500, dt=0.002,                                                       
  ntc=2, ntf=2,                                                                
  ntt=1, tautp=1.5,                                                            
  tempi=0.0, temp0=50.0,                                                       
  ntpr=50, ntwx=50,                                                            
  ntb=1,                                                                       
  cut=10,                                                                      
 /                                                                             


Note: ig = -1. Setting random seed to   317832 based on wallclock time in 
      microseconds.
 
|--------------------- INFORMATION ----------------------
| GPU (CUDA) Version of PMEMD in use: NVIDIA GPU IN USE.
|                    Version 16.0.0
| 
|                      02/25/2016
| 
| Implementation by:
|                    Ross C. Walker     (SDSC)
|                    Scott Le Grand     (nVIDIA)
| 
| Precision model in use:
|      [SPFP] - Single Precision Forces, 64-bit Fixed Point
|               Accumulation. (Default)
| 
|--------------------------------------------------------
 
|----------------- CITATION INFORMATION -----------------
|
|    When publishing work that utilized the CUDA version
|    of AMBER, please cite the following in addition to
|    the regular AMBER citations:
|
|  - Romelia Salomon-Ferrer; Andreas W. Goetz; Duncan
|    Poole; Scott Le Grand; Ross C. Walker "Routine
|    microsecond molecular dynamics simulations with
|    AMBER - Part II: Particle Mesh Ewald", J. Chem.
|    Theory Comput., 2013, 9 (9), pp3878-3888,
|    DOI: 10.1021/ct400314y.
|
|  - Andreas W. Goetz; Mark J. Williamson; Dong Xu;
|    Duncan Poole; Scott Le Grand; Ross C. Walker
|    "Routine microsecond molecular dynamics simulations
|    with AMBER - Part I: Generalized Born", J. Chem.
|    Theory Comput., 2012, 8 (5), pp1542-1555.
|
|  - Scott Le Grand; Andreas W. Goetz; Ross C. Walker
|    "SPFP: Speed without compromise - a mixed precision
|    model for GPU accelerated molecular dynamics
|    simulations.", Comp. Phys. Comm., 2013, 184
|    pp374-380, DOI: 10.1016/j.cpc.2012.09.022
|
|--------------------------------------------------------
 
|------------------- GPU DEVICE INFO --------------------
|
|            CUDA_VISIBLE_DEVICES: 1
|   CUDA Capable Devices Detected:      1
|           CUDA Device ID in use:      0
|                CUDA Device Name: Tesla P100-PCIE-16GB
|     CUDA Device Global Mem Size:  16276 MB
| CUDA Device Num Multiprocessors:     56
|           CUDA Device Core Freq:   1.33 GHz
|
|--------------------------------------------------------
 
 
| Conditional Compilation Defines Used:
| PUBFFT
| BINTRAJ
| CUDA
| EMIL
 
| Largest sphere to fit in unit cell has radius =    33.199

| New format PARM file being parsed.
| Version =    1.000 Date = 01/29/21 Time = 10:51:35

| Note: 1-4 EEL scale factors are being read from the topology file.

| Note: 1-4 VDW scale factors are being read from the topology file.
| Duplicated    0 dihedrals

| Duplicated    0 dihedrals

--------------------------------------------------------------------------------
   1.  RESOURCE   USE: 
--------------------------------------------------------------------------------

 getting box info from netcdf restart file
 NATOM  =   36670 NTYPES =      18 NBONH =   35934 MBONA  =     787
 NTHETH =     879 MTHETA =    1217 NPHIH =    1867 MPHIA  =    2445
 NHPARM =       0 NPARM  =       0 NNB   =   53471 NRES   =   11918
 NBONA  =     787 NTHETA =    1217 NPHIA =    2445 NUMBND =      73
 NUMANG =     152 NPTRA  =      87 NATYP =      37 NPHB   =       1
 IFBOX  =       2 NMXRS  =      34 IFCAP =       0 NEXTRA =       0
 NCOPY  =       0

| Coordinate Index Table dimensions:    13   13   13
| Direct force subcell size =     6.2555    6.2555    6.2555

     BOX TYPE: TRUNCATED OCTAHEDRON

--------------------------------------------------------------------------------
   2.  CONTROL  DATA  FOR  THE  RUN
--------------------------------------------------------------------------------

default_name                                                                    

General flags:
     imin    =       0, nmropt  =       0

Nature and format of input:
     ntx     =       1, irest   =       0, ntrx    =       1

Nature and format of output:
     ntxo    =       2, ntpr    =      50, ntrx    =       1, ntwr    =    2500
     iwrap   =       0, ntwx    =      50, ntwv    =       0, ntwe    =       0
     ioutfm  =       1, ntwprt  =       0, idecomp =       0, rbornstat=      0

Potential function:
     ntf     =       2, ntb     =       1, igb     =       0, nsnb    =      25
     ipol    =       0, gbsa    =       0, iesp    =       0
     dielc   =   1.00000, cut     =  10.00000, intdiel =   1.00000

Frozen or restrained atoms:
     ibelly  =       0, ntr     =       0

Molecular dynamics:
     nstlim  =      2500, nscm    =      1000, nrespa  =         1
     t       =   0.00000, dt      =   0.00200, vlimit  =  -1.00000

Berendsen (weak-coupling) temperature regulation:
     temp0   =  50.00000, tempi   =   0.00000, tautp   =   1.50000

SHAKE:
     ntc     =       2, jfastw  =       0
     tol     =   0.00001

| Intermolecular bonds treatment:
|     no_intermolecular_bonds =       1

| Energy averages sample interval:
|     ene_avg_sampling =      50

Ewald parameters:
     verbose =       0, ew_type =       0, nbflag  =       1, use_pme =       1
     vdwmeth =       1, eedmeth =       1, netfrc  =       1
     Box X =   81.322   Box Y =   81.322   Box Z =   81.322
     Alpha =  109.471   Beta  =  109.471   Gamma =  109.471
     NFFT1 =   84       NFFT2 =   84       NFFT3 =   84
     Cutoff=   10.000   Tol   =0.100E-04
     Ewald Coefficient =  0.27511
     Interpolation order =    4

--------------------------------------------------------------------------------
   3.  ATOMIC COORDINATES AND VELOCITIES
--------------------------------------------------------------------------------

default_name                                                                    
 begin time read from input coords =     0.000 ps

 
 Number of triangulated 3-point waters found:    11852

     Sum of charges from parm topology file =   0.00000012
     Forcing neutrality...

| Dynamic Memory, Types Used:
| Reals             1062253
| Integers           881536

| Nonbonded Pairs Initial Allocation:    11091758

| GPU memory information (estimate):
| KB of GPU memory in use:    172826
| KB of CPU memory in use:     61694

--------------------------------------------------------------------------------
   4.  RESULTS
--------------------------------------------------------------------------------

 ---------------------------------------------------
 APPROXIMATING switch and d/dx switch using CUBIC SPLINE INTERPOLATION
 using   5000.0 points per unit in tabled values
 TESTING RELATIVE ERROR over r ranging from 0.0 to cutoff
| CHECK switch(x): max rel err =   0.3316E-14   at   2.351880
| CHECK d/dx switch(x): max rel err =   0.8066E-11   at   2.747240
 ---------------------------------------------------
|---------------------------------------------------
| APPROXIMATING direct energy using CUBIC SPLINE INTERPOLATION
|  with   50.0 points per unit in tabled values
| Relative Error Limit not exceeded for r .gt.   2.34
| APPROXIMATING direct force using CUBIC SPLINE INTERPOLATION
|  with   50.0 points per unit in tabled values
| Relative Error Limit not exceeded for r .gt.   2.81
|---------------------------------------------------

 NSTEP =        0   TIME(PS) =       0.000  TEMP(K) =     0.00  PRESS =     0.0
 Etot   =   -174554.5870  EKtot   =         0.0000  EPtot      =   -174554.5870
 BOND   =        52.9058  ANGLE   =       220.7364  DIHED      =       828.0562
 1-4 NB =       256.3470  1-4 EEL =     -3633.6818  VDWAALS    =     31742.7522
 EELEC  =   -204021.7027  EHBOND  =         0.0000  RESTRAINT  =         0.0000
 ------------------------------------------------------------------------------


 NSTEP =       50   TIME(PS) =       0.100  TEMP(K) =     8.76  PRESS =     0.0
 Etot   =   -149853.5707  EKtot   =       644.7544  EPtot      =   -150498.3251
 BOND   =        51.6488  ANGLE   =       216.6087  DIHED      =       827.3042
 1-4 NB =       260.7917  1-4 EEL =     -3630.1271  VDWAALS    =     26932.7226
 EELEC  =   -175157.2739  EHBOND  =         0.0000  RESTRAINT  =         0.0000
 ------------------------------------------------------------------------------


 NSTEP =      100   TIME(PS) =       0.200  TEMP(K) =     7.95  PRESS =     0.0
 Etot   =   -149666.9051  EKtot   =       585.4393  EPtot      =   -150252.3444
 BOND   =        52.4586  ANGLE   =       217.1870  DIHED      =       828.0708
 1-4 NB =       260.3020  1-4 EEL =     -3635.5238  VDWAALS    =     24493.6124
 EELEC  =   -172468.4513  EHBOND  =         0.0000  RESTRAINT  =         0.0000
 ------------------------------------------------------------------------------


 NSTEP =      150   TIME(PS) =       0.300  TEMP(K) =    10.44  PRESS =     0.0
 Etot   =   -149475.7715  EKtot   =       768.1761  EPtot      =   -150243.9476
 BOND   =        53.2759  ANGLE   =       218.1055  DIHED      =       829.1318
 1-4 NB =       261.6709  1-4 EEL =     -3636.6437  VDWAALS    =     24785.4136
 EELEC  =   -172754.9015  EHBOND  =         0.0000  RESTRAINT  =         0.0000
 ------------------------------------------------------------------------------


 NSTEP =      200   TIME(PS) =       0.400  TEMP(K) =    11.88  PRESS =     0.0
 Etot   =   -149284.3245  EKtot   =       874.6891  EPtot      =   -150159.0136
 BOND   =        53.2586  ANGLE   =       219.1099  DIHED      =       829.8540
 1-4 NB =       260.1301  1-4 EEL =     -3636.0986  VDWAALS    =     25240.8018
 EELEC  =   -173126.0696  EHBOND  =         0.0000  RESTRAINT  =         0.0000
 ------------------------------------------------------------------------------


 NSTEP =      250   TIME(PS) =       0.500  TEMP(K) =    13.72  PRESS =     0.0
 Etot   =   -149102.5067  EKtot   =      1010.1212  EPtot      =   -150112.6279
 BOND   =        53.9299  ANGLE   =       220.2681  DIHED      =       828.1286
 1-4 NB =       262.0214  1-4 EEL =     -3633.9186  VDWAALS    =     25077.2291
 EELEC  =   -172920.2864  EHBOND  =         0.0000  RESTRAINT  =         0.0000
 ------------------------------------------------------------------------------


 NSTEP =      300   TIME(PS) =       0.600  TEMP(K) =    14.98  PRESS =     0.0
 Etot   =   -148926.8977  EKtot   =      1102.4075  EPtot      =   -150029.3052
 BOND   =        53.9235  ANGLE   =       222.2834  DIHED      =       829.0275
 1-4 NB =       263.0537  1-4 EEL =     -3633.3586  VDWAALS    =     24912.6632
 EELEC  =   -172676.8980  EHBOND  =         0.0000  RESTRAINT  =         0.0000
 ------------------------------------------------------------------------------


 NSTEP =      350   TIME(PS) =       0.700  TEMP(K) =    16.29  PRESS =     0.0
 Etot   =   -148758.7121  EKtot   =      1199.0703  EPtot      =   -149957.7824
 BOND   =        53.4732  ANGLE   =       227.5168  DIHED      =       827.2035
 1-4 NB =       263.0592  1-4 EEL =     -3631.1416  VDWAALS    =     24934.5161
 EELEC  =   -172632.4097  EHBOND  =         0.0000  RESTRAINT  =         0.0000
 ------------------------------------------------------------------------------


 NSTEP =      400   TIME(PS) =       0.800  TEMP(K) =    18.12  PRESS =     0.0
 Etot   =   -148597.6838  EKtot   =      1333.5376  EPtot      =   -149931.2214
 BOND   =        54.3551  ANGLE   =       228.4194  DIHED      =       829.9790
 1-4 NB =       261.1483  1-4 EEL =     -3625.8697  VDWAALS    =     24966.5507
 EELEC  =   -172645.8042  EHBOND  =         0.0000  RESTRAINT  =         0.0000
 ------------------------------------------------------------------------------


 NSTEP =      450   TIME(PS) =       0.900  TEMP(K) =    19.48  PRESS =     0.0
 Etot   =   -148444.0213  EKtot   =      1433.5137  EPtot      =   -149877.5350
 BOND   =        54.5487  ANGLE   =       229.3131  DIHED      =       832.0148
 1-4 NB =       261.4796  1-4 EEL =     -3625.2524  VDWAALS    =     24851.4116
 EELEC  =   -172481.0503  EHBOND  =         0.0000  RESTRAINT  =         0.0000
 ------------------------------------------------------------------------------


 NSTEP =      500   TIME(PS) =       1.000  TEMP(K) =    20.91  PRESS =     0.0
 Etot   =   -148296.9833  EKtot   =      1539.1470  EPtot      =   -149836.1302
 BOND   =        54.4053  ANGLE   =       231.7111  DIHED      =       831.8464
 1-4 NB =       261.3897  1-4 EEL =     -3630.3035  VDWAALS    =     24890.7409
 EELEC  =   -172475.9201  EHBOND  =         0.0000  RESTRAINT  =         0.0000
 ------------------------------------------------------------------------------


 NSTEP =      550   TIME(PS) =       1.100  TEMP(K) =    22.22  PRESS =     0.0
 Etot   =   -148159.3272  EKtot   =      1635.0425  EPtot      =   -149794.3697
 BOND   =        54.4244  ANGLE   =       232.8945  DIHED      =       829.6994
 1-4 NB =       261.8210  1-4 EEL =     -3633.3009  VDWAALS    =     24865.5887
 EELEC  =   -172405.4968  EHBOND  =         0.0000  RESTRAINT  =         0.0000
 ------------------------------------------------------------------------------


 NSTEP =      600   TIME(PS) =       1.200  TEMP(K) =    23.46  PRESS =     0.0
 Etot   =   -148025.6105  EKtot   =      1726.5557  EPtot      =   -149752.1662
 BOND   =        54.3063  ANGLE   =       231.6867  DIHED      =       834.2307
 1-4 NB =       261.2136  1-4 EEL =     -3634.6449  VDWAALS    =     24984.2687
 EELEC  =   -172483.2273  EHBOND  =         0.0000  RESTRAINT  =         0.0000
 ------------------------------------------------------------------------------


 NSTEP =      650   TIME(PS) =       1.300  TEMP(K) =    24.54  PRESS =     0.0
 Etot   =   -147899.6888  EKtot   =      1805.8905  EPtot      =   -149705.5793
 BOND   =        55.0194  ANGLE   =       232.6859  DIHED      =       835.2289
 1-4 NB =       261.8093  1-4 EEL =     -3630.5504  VDWAALS    =     25123.1043
 EELEC  =   -172582.8768  EHBOND  =         0.0000  RESTRAINT  =         0.0000
 ------------------------------------------------------------------------------


 NSTEP =      700   TIME(PS) =       1.400  TEMP(K) =    25.88  PRESS =     0.0
 Etot   =   -147777.3276  EKtot   =      1904.7515  EPtot      =   -149682.0791
 BOND   =        56.3646  ANGLE   =       236.4701  DIHED      =       832.4776
 1-4 NB =       258.4947  1-4 EEL =     -3626.1695  VDWAALS    =     25200.6676
 EELEC  =   -172640.3843  EHBOND  =         0.0000  RESTRAINT  =         0.0000
 ------------------------------------------------------------------------------


 NSTEP =      750   TIME(PS) =       1.500  TEMP(K) =    27.02  PRESS =     0.0
 Etot   =   -147662.9362  EKtot   =      1988.7069  EPtot      =   -149651.6431
 BOND   =        55.5415  ANGLE   =       237.4690  DIHED      =       833.9076
 1-4 NB =       261.4861  1-4 EEL =     -3627.7818  VDWAALS    =     25232.8907
 EELEC  =   -172645.1563  EHBOND  =         0.0000  RESTRAINT  =         0.0000
 ------------------------------------------------------------------------------


 NSTEP =      800   TIME(PS) =       1.600  TEMP(K) =    28.27  PRESS =     0.0
 Etot   =   -147553.5205  EKtot   =      2080.3376  EPtot      =   -149633.8581
 BOND   =        57.4496  ANGLE   =       242.7880  DIHED      =       838.9557
 1-4 NB =       258.5692  1-4 EEL =     -3627.9800  VDWAALS    =     25117.7434
 EELEC  =   -172521.3841  EHBOND  =         0.0000  RESTRAINT  =         0.0000
 ------------------------------------------------------------------------------


 NSTEP =      850   TIME(PS) =       1.700  TEMP(K) =    29.49  PRESS =     0.0
 Etot   =   -147450.1204  EKtot   =      2170.3110  EPtot      =   -149620.4314
 BOND   =        58.3459  ANGLE   =       238.2825  DIHED      =       838.7956
 1-4 NB =       262.0640  1-4 EEL =     -3626.9655  VDWAALS    =     25251.6025
 EELEC  =   -172642.5564  EHBOND  =         0.0000  RESTRAINT  =         0.0000
 ------------------------------------------------------------------------------


 NSTEP =      900   TIME(PS) =       1.800  TEMP(K) =    30.59  PRESS =     0.0
 Etot   =   -147352.3287  EKtot   =      2251.5903  EPtot      =   -149603.9190
 BOND   =        56.3140  ANGLE   =       239.3941  DIHED      =       836.5732
 1-4 NB =       260.3335  1-4 EEL =     -3626.2772  VDWAALS    =     25211.7837
 EELEC  =   -172582.0405  EHBOND  =         0.0000  RESTRAINT  =         0.0000
 ------------------------------------------------------------------------------


 NSTEP =      950   TIME(PS) =       1.900  TEMP(K) =    31.29  PRESS =     0.0
 Etot   =   -147258.4506  EKtot   =      2302.8433  EPtot      =   -149561.2938
 BOND   =        56.6330  ANGLE   =       238.5741  DIHED      =       832.6976
 1-4 NB =       264.1239  1-4 EEL =     -3620.0376  VDWAALS    =     25223.8225
 EELEC  =   -172557.1074  EHBOND  =         0.0000  RESTRAINT  =         0.0000
 ------------------------------------------------------------------------------

check COM velocity, temp:        0.000013     0.00(Removed)

 NSTEP =     1000   TIME(PS) =       2.000  TEMP(K) =    32.24  PRESS =     0.0
 Etot   =   -147169.3992  EKtot   =      2372.7332  EPtot      =   -149542.1323
 BOND   =        57.0639  ANGLE   =       237.4035  DIHED      =       836.1634
 1-4 NB =       263.3488  1-4 EEL =     -3628.3528  VDWAALS    =     25190.2632
 EELEC  =   -172498.0224  EHBOND  =         0.0000  RESTRAINT  =         0.0000
 ------------------------------------------------------------------------------


 NSTEP =     1050   TIME(PS) =       2.100  TEMP(K) =    33.20  PRESS =     0.0
 Etot   =   -147084.2522  EKtot   =      2443.6528  EPtot      =   -149527.9050
 BOND   =        57.1068  ANGLE   =       245.4600  DIHED      =       830.1576
 1-4 NB =       263.4269  1-4 EEL =     -3633.2594  VDWAALS    =     25121.2177
 EELEC  =   -172412.0146  EHBOND  =         0.0000  RESTRAINT  =         0.0000
 ------------------------------------------------------------------------------


 NSTEP =     1100   TIME(PS) =       2.200  TEMP(K) =    34.21  PRESS =     0.0
 Etot   =   -147004.0863  EKtot   =      2517.6836  EPtot      =   -149521.7699
 BOND   =        57.5679  ANGLE   =       242.1378  DIHED      =       829.1326
 1-4 NB =       266.0761  1-4 EEL =     -3624.8143  VDWAALS    =     25171.7229
 EELEC  =   -172463.5929  EHBOND  =         0.0000  RESTRAINT  =         0.0000
 ------------------------------------------------------------------------------


 NSTEP =     1150   TIME(PS) =       2.300  TEMP(K) =    34.96  PRESS =     0.0
 Etot   =   -146929.5559  EKtot   =      2572.9048  EPtot      =   -149502.4607
 BOND   =        56.8080  ANGLE   =       238.5812  DIHED      =       837.2837
 1-4 NB =       267.6258  1-4 EEL =     -3629.7276  VDWAALS    =     25204.2699
 EELEC  =   -172477.3018  EHBOND  =         0.0000  RESTRAINT  =         0.0000
 ------------------------------------------------------------------------------


 NSTEP =     1200   TIME(PS) =       2.400  TEMP(K) =    35.89  PRESS =     0.0
 Etot   =   -146857.8948  EKtot   =      2641.3594  EPtot      =   -149499.2541
 BOND   =        58.8446  ANGLE   =       238.1561  DIHED      =       838.8490
 1-4 NB =       263.7675  1-4 EEL =     -3629.5515  VDWAALS    =     25186.2712
 EELEC  =   -172455.5911  EHBOND  =         0.0000  RESTRAINT  =         0.0000
 ------------------------------------------------------------------------------


 NSTEP =     1250   TIME(PS) =       2.500  TEMP(K) =    36.31  PRESS =     0.0
 Etot   =   -146790.1066  EKtot   =      2672.1831  EPtot      =   -149462.2897
 BOND   =        57.2637  ANGLE   =       237.7791  DIHED      =       836.0025
 1-4 NB =       264.9100  1-4 EEL =     -3634.8905  VDWAALS    =     25275.7146
 EELEC  =   -172499.0691  EHBOND  =         0.0000  RESTRAINT  =         0.0000
 ------------------------------------------------------------------------------


 NSTEP =     1300   TIME(PS) =       2.600  TEMP(K) =    37.16  PRESS =     0.0
 Etot   =   -146725.1303  EKtot   =      2735.1235  EPtot      =   -149460.2538
 BOND   =        56.7556  ANGLE   =       245.3181  DIHED      =       833.1174
 1-4 NB =       264.7998  1-4 EEL =     -3635.5034  VDWAALS    =     25168.9107
 EELEC  =   -172393.6521  EHBOND  =         0.0000  RESTRAINT  =         0.0000
 ------------------------------------------------------------------------------


 NSTEP =     1350   TIME(PS) =       2.700  TEMP(K) =    37.80  PRESS =     0.0
 Etot   =   -146664.5770  EKtot   =      2782.2258  EPtot      =   -149446.8028
 BOND   =        58.5634  ANGLE   =       247.1955  DIHED      =       835.5140
 1-4 NB =       262.3677  1-4 EEL =     -3635.9785  VDWAALS    =     25190.7092
 EELEC  =   -172405.1741  EHBOND  =         0.0000  RESTRAINT  =         0.0000
 ------------------------------------------------------------------------------


 NSTEP =     1400   TIME(PS) =       2.800  TEMP(K) =    38.40  PRESS =     0.0
 Etot   =   -146607.2876  EKtot   =      2826.2588  EPtot      =   -149433.5464
 BOND   =        57.9989  ANGLE   =       243.0035  DIHED      =       838.5394
 1-4 NB =       264.9941  1-4 EEL =     -3645.0850  VDWAALS    =     25080.8667
 EELEC  =   -172273.8640  EHBOND  =         0.0000  RESTRAINT  =         0.0000
 ------------------------------------------------------------------------------


 NSTEP =     1450   TIME(PS) =       2.900  TEMP(K) =    39.40  PRESS =     0.0
 Etot   =   -146553.3814  EKtot   =      2900.1382  EPtot      =   -149453.5196
 BOND   =        56.5020  ANGLE   =       239.2176  DIHED      =       837.4012
 1-4 NB =       272.0899  1-4 EEL =     -3643.6658  VDWAALS    =     25075.8101
 EELEC  =   -172290.8745  EHBOND  =         0.0000  RESTRAINT  =         0.0000
 ------------------------------------------------------------------------------


 NSTEP =     1500   TIME(PS) =       3.000  TEMP(K) =    39.61  PRESS =     0.0
 Etot   =   -146502.1580  EKtot   =      2915.3276  EPtot      =   -149417.4856
 BOND   =        59.3620  ANGLE   =       242.1558  DIHED      =       839.0863
 1-4 NB =       263.9332  1-4 EEL =     -3640.3111  VDWAALS    =     25045.0860
 EELEC  =   -172226.7978  EHBOND  =         0.0000  RESTRAINT  =         0.0000
 ------------------------------------------------------------------------------


 NSTEP =     1550   TIME(PS) =       3.100  TEMP(K) =    40.11  PRESS =     0.0
 Etot   =   -146452.1408  EKtot   =      2951.9692  EPtot      =   -149404.1101
 BOND   =        57.9880  ANGLE   =       235.4660  DIHED      =       837.1186
 1-4 NB =       269.8308  1-4 EEL =     -3630.5117  VDWAALS    =     25132.2588
 EELEC  =   -172306.2606  EHBOND  =         0.0000  RESTRAINT  =         0.0000
 ------------------------------------------------------------------------------


 NSTEP =     1600   TIME(PS) =       3.200  TEMP(K) =    41.08  PRESS =     0.0
 Etot   =   -146406.3612  EKtot   =      3023.6963  EPtot      =   -149430.0575
 BOND   =        59.0521  ANGLE   =       245.1879  DIHED      =       836.5056
 1-4 NB =       262.1731  1-4 EEL =     -3638.0049  VDWAALS    =     25135.7482
 EELEC  =   -172330.7196  EHBOND  =         0.0000  RESTRAINT  =         0.0000
 ------------------------------------------------------------------------------


 NSTEP =     1650   TIME(PS) =       3.300  TEMP(K) =    41.67  PRESS =     0.0
 Etot   =   -146363.0953  EKtot   =      3067.0715  EPtot      =   -149430.1668
 BOND   =        56.4154  ANGLE   =       234.5332  DIHED      =       838.5316
 1-4 NB =       270.6495  1-4 EEL =     -3637.8532  VDWAALS    =     25243.7780
 EELEC  =   -172436.2212  EHBOND  =         0.0000  RESTRAINT  =         0.0000
 ------------------------------------------------------------------------------


 NSTEP =     1700   TIME(PS) =       3.400  TEMP(K) =    41.84  PRESS =     0.0
 Etot   =   -146323.5082  EKtot   =      3079.2463  EPtot      =   -149402.7545
 BOND   =        56.3407  ANGLE   =       242.4879  DIHED      =       837.1622
 1-4 NB =       262.4674  1-4 EEL =     -3637.4686  VDWAALS    =     25229.0663
 EELEC  =   -172392.8105  EHBOND  =         0.0000  RESTRAINT  =         0.0000
 ------------------------------------------------------------------------------


 NSTEP =     1750   TIME(PS) =       3.500  TEMP(K) =    42.29  PRESS =     0.0
 Etot   =   -146284.8253  EKtot   =      3112.6924  EPtot      =   -149397.5177
 BOND   =        57.7923  ANGLE   =       241.6312  DIHED      =       837.8343
 1-4 NB =       266.3651  1-4 EEL =     -3634.8027  VDWAALS    =     25155.2423
 EELEC  =   -172321.5802  EHBOND  =         0.0000  RESTRAINT  =         0.0000
 ------------------------------------------------------------------------------


 NSTEP =     1800   TIME(PS) =       3.600  TEMP(K) =    42.48  PRESS =     0.0
 Etot   =   -146249.0442  EKtot   =      3126.3296  EPtot      =   -149375.3737
 BOND   =        61.1035  ANGLE   =       249.0835  DIHED      =       834.5044
 1-4 NB =       266.8758  1-4 EEL =     -3645.4526  VDWAALS    =     25134.6951
 EELEC  =   -172276.1834  EHBOND  =         0.0000  RESTRAINT  =         0.0000
 ------------------------------------------------------------------------------


 NSTEP =     1850   TIME(PS) =       3.700  TEMP(K) =    43.26  PRESS =     0.0
 Etot   =   -146214.0661  EKtot   =      3183.5322  EPtot      =   -149397.5983
 BOND   =        57.7969  ANGLE   =       245.0307  DIHED      =       835.5344
 1-4 NB =       268.0347  1-4 EEL =     -3629.8463  VDWAALS    =     25221.4927
 EELEC  =   -172395.6414  EHBOND  =         0.0000  RESTRAINT  =         0.0000
 ------------------------------------------------------------------------------


 NSTEP =     1900   TIME(PS) =       3.800  TEMP(K) =    43.94  PRESS =     0.0
 Etot   =   -146181.7958  EKtot   =      3233.7612  EPtot      =   -149415.5570
 BOND   =        60.4816  ANGLE   =       243.8599  DIHED      =       845.7309
 1-4 NB =       265.8598  1-4 EEL =     -3637.8927  VDWAALS    =     25157.4688
 EELEC  =   -172351.0655  EHBOND  =         0.0000  RESTRAINT  =         0.0000
 ------------------------------------------------------------------------------


 NSTEP =     1950   TIME(PS) =       3.900  TEMP(K) =    43.93  PRESS =     0.0
 Etot   =   -146151.8449  EKtot   =      3233.1636  EPtot      =   -149385.0085
 BOND   =        60.0416  ANGLE   =       244.2302  DIHED      =       834.5710
 1-4 NB =       265.7961  1-4 EEL =     -3636.8761  VDWAALS    =     25102.5234
 EELEC  =   -172255.2947  EHBOND  =         0.0000  RESTRAINT  =         0.0000
 ------------------------------------------------------------------------------

check COM velocity, temp:        0.000006     0.00(Removed)

 NSTEP =     2000   TIME(PS) =       4.000  TEMP(K) =    44.82  PRESS =     0.0
 Etot   =   -146125.3040  EKtot   =      3298.6538  EPtot      =   -149423.9578
 BOND   =        57.9058  ANGLE   =       244.9955  DIHED      =       839.7446
 1-4 NB =       266.3792  1-4 EEL =     -3639.7950  VDWAALS    =     25278.8766
 EELEC  =   -172472.0646  EHBOND  =         0.0000  RESTRAINT  =         0.0000
 ------------------------------------------------------------------------------


 NSTEP =     2050   TIME(PS) =       4.100  TEMP(K) =    44.81  PRESS =     0.0
 Etot   =   -146099.2247  EKtot   =      3297.7715  EPtot      =   -149396.9962
 BOND   =        60.3880  ANGLE   =       247.5084  DIHED      =       840.6851
 1-4 NB =       261.5965  1-4 EEL =     -3633.0074  VDWAALS    =     25194.9660
 EELEC  =   -172369.1327  EHBOND  =         0.0000  RESTRAINT  =         0.0000
 ------------------------------------------------------------------------------


 NSTEP =     2100   TIME(PS) =       4.200  TEMP(K) =    45.37  PRESS =     0.0
 Etot   =   -146074.9903  EKtot   =      3339.0962  EPtot      =   -149414.0865
 BOND   =        55.7173  ANGLE   =       243.7077  DIHED      =       841.8844
 1-4 NB =       266.7923  1-4 EEL =     -3623.8845  VDWAALS    =     25116.8041
 EELEC  =   -172315.1078  EHBOND  =         0.0000  RESTRAINT  =         0.0000
 ------------------------------------------------------------------------------


 NSTEP =     2150   TIME(PS) =       4.300  TEMP(K) =    45.86  PRESS =     0.0
 Etot   =   -146054.1401  EKtot   =      3375.1387  EPtot      =   -149429.2788
 BOND   =        60.5668  ANGLE   =       244.9796  DIHED      =       848.1187
 1-4 NB =       262.5549  1-4 EEL =     -3636.7416  VDWAALS    =     25280.3924
 EELEC  =   -172489.1496  EHBOND  =         0.0000  RESTRAINT  =         0.0000
 ------------------------------------------------------------------------------


 NSTEP =     2200   TIME(PS) =       4.400  TEMP(K) =    45.90  PRESS =     0.0
 Etot   =   -146036.1559  EKtot   =      3377.9795  EPtot      =   -149414.1354
 BOND   =        60.9351  ANGLE   =       250.4704  DIHED      =       841.6766
 1-4 NB =       268.9730  1-4 EEL =     -3639.9938  VDWAALS    =     25240.5174
 EELEC  =   -172436.7140  EHBOND  =         0.0000  RESTRAINT  =         0.0000
 ------------------------------------------------------------------------------


 NSTEP =     2250   TIME(PS) =       4.500  TEMP(K) =    46.39  PRESS =     0.0
 Etot   =   -146016.6706  EKtot   =      3414.4509  EPtot      =   -149431.1216
 BOND   =        61.0634  ANGLE   =       255.4109  DIHED      =       834.1235
 1-4 NB =       265.6832  1-4 EEL =     -3645.4707  VDWAALS    =     25217.2546
 EELEC  =   -172419.1866  EHBOND  =         0.0000  RESTRAINT  =         0.0000
 ------------------------------------------------------------------------------


 NSTEP =     2300   TIME(PS) =       4.600  TEMP(K) =    46.69  PRESS =     0.0
 Etot   =   -145998.5897  EKtot   =      3436.4204  EPtot      =   -149435.0101
 BOND   =        59.7724  ANGLE   =       246.8515  DIHED      =       839.2506
 1-4 NB =       259.8731  1-4 EEL =     -3639.7017  VDWAALS    =     25245.0830
 EELEC  =   -172446.1390  EHBOND  =         0.0000  RESTRAINT  =         0.0000
 ------------------------------------------------------------------------------


 NSTEP =     2350   TIME(PS) =       4.700  TEMP(K) =    47.09  PRESS =     0.0
 Etot   =   -145983.4758  EKtot   =      3466.0586  EPtot      =   -149449.5344
 BOND   =        62.5151  ANGLE   =       247.4100  DIHED      =       840.3833
 1-4 NB =       261.6463  1-4 EEL =     -3631.2207  VDWAALS    =     25235.5530
 EELEC  =   -172465.8213  EHBOND  =         0.0000  RESTRAINT  =         0.0000
 ------------------------------------------------------------------------------


 NSTEP =     2400   TIME(PS) =       4.800  TEMP(K) =    47.34  PRESS =     0.0
 Etot   =   -145970.9705  EKtot   =      3484.4094  EPtot      =   -149455.3799
 BOND   =        59.0166  ANGLE   =       244.6146  DIHED      =       844.5591
 1-4 NB =       274.0036  1-4 EEL =     -3631.1895  VDWAALS    =     25188.9018
 EELEC  =   -172435.2861  EHBOND  =         0.0000  RESTRAINT  =         0.0000
 ------------------------------------------------------------------------------


 NSTEP =     2450   TIME(PS) =       4.900  TEMP(K) =    47.26  PRESS =     0.0
 Etot   =   -145957.0333  EKtot   =      3478.6299  EPtot      =   -149435.6632
 BOND   =        62.9361  ANGLE   =       249.6901  DIHED      =       838.0597
 1-4 NB =       261.8655  1-4 EEL =     -3646.1446  VDWAALS    =     25276.0954
 EELEC  =   -172478.1653  EHBOND  =         0.0000  RESTRAINT  =         0.0000
 ------------------------------------------------------------------------------


 NSTEP =     2500   TIME(PS) =       5.000  TEMP(K) =    47.70  PRESS =     0.0
 Etot   =   -145945.2229  EKtot   =      3510.6572  EPtot      =   -149455.8801
 BOND   =        60.3681  ANGLE   =       244.5820  DIHED      =       835.0688
 1-4 NB =       265.0883  1-4 EEL =     -3631.2980  VDWAALS    =     25309.8699
 EELEC  =   -172539.5593  EHBOND  =         0.0000  RESTRAINT  =         0.0000
 ------------------------------------------------------------------------------


      A V E R A G E S   O V E R      50 S T E P S


 NSTEP =     2500   TIME(PS) =       5.000  TEMP(K) =    33.49  PRESS =     0.0
 Etot   =   -147146.4595  EKtot   =      2464.5441  EPtot      =   -149611.0036
 BOND   =        57.2342  ANGLE   =       238.3781  DIHED      =       835.5484
 1-4 NB =       263.8962  1-4 EEL =     -3633.6048  VDWAALS    =     25162.0913
 EELEC  =   -172534.5470  EHBOND  =         0.0000  RESTRAINT  =         0.0000
 ------------------------------------------------------------------------------


      R M S  F L U C T U A T I O N S


 NSTEP =     2500   TIME(PS) =       5.000  TEMP(K) =    11.85  PRESS =     0.0
 Etot   =      1131.6917  EKtot   =       871.8508  EPtot      =       272.0208
 BOND   =         2.6625  ANGLE   =         9.2851  DIHED      =         4.7944
 1-4 NB =         3.3415  1-4 EEL =         5.9987  VDWAALS    =       295.2408
 EELEC  =       408.0613  EHBOND  =         0.0000  RESTRAINT  =         0.0000
 ------------------------------------------------------------------------------

--------------------------------------------------------------------------------
   5.  TIMINGS
--------------------------------------------------------------------------------

|  NonSetup CPU Time in Major Routines:
|
|     Routine           Sec        %
|     ------------------------------
|     Nonbond           0.21    8.85
|     Bond              0.00    0.00
|     Angle             0.00    0.00
|     Dihedral          0.00    0.00
|     Shake             0.02    0.72
|     RunMD             2.18   90.22
|     Other             0.00    0.20
|     ------------------------------
|     Total             2.42

|  PME Nonbond Pairlist CPU Time:
|
|     Routine              Sec        %
|     ---------------------------------
|     Set Up Cit           0.00    0.00
|     Build List           0.00    0.00
|     ---------------------------------
|     Total                0.00    0.00

|  PME Direct Force CPU Time:
|
|     Routine              Sec        %
|     ---------------------------------
|     NonBonded Calc       0.00    0.00
|     Exclude Masked       0.00    0.00
|     Other                0.00    0.06
|     ---------------------------------
|     Total                0.00    0.06

|  PME Reciprocal Force CPU Time:
|
|     Routine              Sec        %
|     ---------------------------------
|     1D bspline           0.00    0.00
|     Grid Charges         0.00    0.00
|     Scalar Sum           0.00    0.00
|     Gradient Sum         0.00    0.00
|     FFT                  0.00    0.00
|     ---------------------------------
|     Total                0.00    0.00

|  Final Performance Info:
|     -----------------------------------------------------
|     Average timings for last    2500 steps:
|     Elapsed(s) =       2.42 Per Step(ms) =       0.97
|         ns/day =     178.67   seconds/ns =     483.57
|
|     Average timings for all steps:
|     Elapsed(s) =       2.42 Per Step(ms) =       0.97
|         ns/day =     178.67   seconds/ns =     483.57
|     -----------------------------------------------------

|  Setup CPU time:            0.69 seconds
|  NonSetup CPU time:         2.42 seconds
|  Total CPU time:            3.11 seconds     0.00 hours

|  Setup wall time:           1    seconds
|  NonSetup wall time:        2    seconds
|  Total wall time:           3    seconds     0.00 hours
