
          -------------------------------------------------------
          Amber 16 PMEMD                              2016
          -------------------------------------------------------

| PMEMD implementation of SANDER, Release 16

| Run on 01/29/2021 at 10:51:48

|   Executable path: pmemd.cuda
| Working directory: /home/kyq/T7RNADNA/7/nLA7
|          Hostname: gpu01

  [-O]verwriting output

File Assignments:
|   MDIN: min1.in                                                               
|  MDOUT: cmp_min1.out                                                          
| INPCRD: cmp.inpcrd                                                            
|   PARM: cmp.prmtop                                                            
| RESTRT: cmp_min1.rst                                                          
|   REFC: cmp.inpcrd                                                            
|  MDVEL: mdvel                                                                 
|   MDEN: mden                                                                  
|  MDCRD: mdcrd                                                                 
| MDINFO: mdinfo                                                                
|  MDFRC: mdfrc                                                                 

 
 Here is the input file:
 
Initial minimisation of our structures                                         
 &cntrl                                                                        
  imin=1, maxcyc=4000, ncyc=2000,                                              
  cut=10, ntb=1,ntr=1,                                                         
  restraint_wt=2.0                                                             
  restraintmask=':1-34'                                                        
/                                                                              


Note: ig = -1. Setting random seed to   235094 based on wallclock time in 
      microseconds.
 
|--------------------- INFORMATION ----------------------
| GPU (CUDA) Version of PMEMD in use: NVIDIA GPU IN USE.
|                    Version 16.0.0
| 
|                      02/25/2016
| 
| Implementation by:
|                    Ross C. Walker     (SDSC)
|                    Scott Le Grand     (nVIDIA)
| 
| Precision model in use:
|      [SPFP] - Single Precision Forces, 64-bit Fixed Point
|               Accumulation. (Default)
| 
|--------------------------------------------------------
 
|----------------- CITATION INFORMATION -----------------
|
|    When publishing work that utilized the CUDA version
|    of AMBER, please cite the following in addition to
|    the regular AMBER citations:
|
|  - Romelia Salomon-Ferrer; Andreas W. Goetz; Duncan
|    Poole; Scott Le Grand; Ross C. Walker "Routine
|    microsecond molecular dynamics simulations with
|    AMBER - Part II: Particle Mesh Ewald", J. Chem.
|    Theory Comput., 2013, 9 (9), pp3878-3888,
|    DOI: 10.1021/ct400314y.
|
|  - Andreas W. Goetz; Mark J. Williamson; Dong Xu;
|    Duncan Poole; Scott Le Grand; Ross C. Walker
|    "Routine microsecond molecular dynamics simulations
|    with AMBER - Part I: Generalized Born", J. Chem.
|    Theory Comput., 2012, 8 (5), pp1542-1555.
|
|  - Scott Le Grand; Andreas W. Goetz; Ross C. Walker
|    "SPFP: Speed without compromise - a mixed precision
|    model for GPU accelerated molecular dynamics
|    simulations.", Comp. Phys. Comm., 2013, 184
|    pp374-380, DOI: 10.1016/j.cpc.2012.09.022
|
|--------------------------------------------------------
 
|------------------- GPU DEVICE INFO --------------------
|
|            CUDA_VISIBLE_DEVICES: 1
|   CUDA Capable Devices Detected:      1
|           CUDA Device ID in use:      0
|                CUDA Device Name: Tesla P100-PCIE-16GB
|     CUDA Device Global Mem Size:  16276 MB
| CUDA Device Num Multiprocessors:     56
|           CUDA Device Core Freq:   1.33 GHz
|
|--------------------------------------------------------
 
 
| Conditional Compilation Defines Used:
| PUBFFT
| BINTRAJ
| CUDA
| EMIL
 
| Largest sphere to fit in unit cell has radius =    33.199

| New format PARM file being parsed.
| Version =    1.000 Date = 01/29/21 Time = 10:51:35

| Note: 1-4 EEL scale factors are being read from the topology file.

| Note: 1-4 VDW scale factors are being read from the topology file.
| Duplicated    0 dihedrals

| Duplicated    0 dihedrals

--------------------------------------------------------------------------------
   1.  RESOURCE   USE: 
--------------------------------------------------------------------------------

 getting new box info from bottom of inpcrd
 NATOM  =   36670 NTYPES =      18 NBONH =   35934 MBONA  =     787
 NTHETH =     879 MTHETA =    1217 NPHIH =    1867 MPHIA  =    2445
 NHPARM =       0 NPARM  =       0 NNB   =   53471 NRES   =   11918
 NBONA  =     787 NTHETA =    1217 NPHIA =    2445 NUMBND =      73
 NUMANG =     152 NPTRA  =      87 NATYP =      37 NPHB   =       1
 IFBOX  =       2 NMXRS  =      34 IFCAP =       0 NEXTRA =       0
 NCOPY  =       0

| Coordinate Index Table dimensions:    13   13   13
| Direct force subcell size =     6.2555    6.2555    6.2555

     BOX TYPE: TRUNCATED OCTAHEDRON

--------------------------------------------------------------------------------
   2.  CONTROL  DATA  FOR  THE  RUN
--------------------------------------------------------------------------------

default_name                                                                    

General flags:
     imin    =       1, nmropt  =       0

Nature and format of input:
     ntx     =       1, irest   =       0, ntrx    =       1

Nature and format of output:
     ntxo    =       2, ntpr    =      50, ntrx    =       1, ntwr    =       1
     iwrap   =       0, ntwx    =       0, ntwv    =       0, ntwe    =       0
     ioutfm  =       1, ntwprt  =       0, idecomp =       0, rbornstat=      0

Potential function:
     ntf     =       1, ntb     =       1, igb     =       0, nsnb    =      25
     ipol    =       0, gbsa    =       0, iesp    =       0
     dielc   =   1.00000, cut     =  10.00000, intdiel =   1.00000

Frozen or restrained atoms:
     ibelly  =       0, ntr     =       1
     restraint_wt =   2.00000

Energy minimization:
     maxcyc  =    4000, ncyc    =    2000, ntmin   =       1
     dx0     =   0.01000, drms    =   0.00010

| Intermolecular bonds treatment:
|     no_intermolecular_bonds =       1

| Energy averages sample interval:
|     ene_avg_sampling =       1

Ewald parameters:
     verbose =       0, ew_type =       0, nbflag  =       1, use_pme =       1
     vdwmeth =       1, eedmeth =       1, netfrc  =       0
     Box X =   81.322   Box Y =   81.322   Box Z =   81.322
     Alpha =  109.471   Beta  =  109.471   Gamma =  109.471
     NFFT1 =   84       NFFT2 =   84       NFFT3 =   84
     Cutoff=   10.000   Tol   =0.100E-04
     Ewald Coefficient =  0.27511
     Interpolation order =    4

    LOADING THE CONSTRAINED ATOMS AS GROUPS


   5.  REFERENCE ATOM COORDINATES

  default_name                                                                    
     Mask :1-34; matches  1082 atoms

--------------------------------------------------------------------------------
   3.  ATOMIC COORDINATES AND VELOCITIES
--------------------------------------------------------------------------------

default_name                                                                    
 begin time read from input coords =     0.000 ps

 
 Number of triangulated 3-point waters found:    11852

     Sum of charges from parm topology file =   0.00000012
     Forcing neutrality...

| Dynamic Memory, Types Used:
| Reals             1098545
| Integers           917450

| Nonbonded Pairs Initial Allocation:    11091758

| GPU memory information (estimate):
| KB of GPU memory in use:    173977
| KB of CPU memory in use:     62845

--------------------------------------------------------------------------------
   4.  RESULTS
--------------------------------------------------------------------------------

 ---------------------------------------------------
 APPROXIMATING switch and d/dx switch using CUBIC SPLINE INTERPOLATION
 using   5000.0 points per unit in tabled values
 TESTING RELATIVE ERROR over r ranging from 0.0 to cutoff
| CHECK switch(x): max rel err =   0.3316E-14   at   2.351880
| CHECK d/dx switch(x): max rel err =   0.8066E-11   at   2.747240
 ---------------------------------------------------
|---------------------------------------------------
| APPROXIMATING direct energy using CUBIC SPLINE INTERPOLATION
|  with   50.0 points per unit in tabled values
| Relative Error Limit not exceeded for r .gt.   2.34
| APPROXIMATING direct force using CUBIC SPLINE INTERPOLATION
|  with   50.0 points per unit in tabled values
| Relative Error Limit not exceeded for r .gt.   2.81
|---------------------------------------------------


   NSTEP       ENERGY          RMS            GMAX         NAME    NUMBER
      1      -1.0834E+05     1.4844E+01     8.4586E+02     H5'       319

 BOND    =      305.9643  ANGLE   =     1507.8161  DIHED      =      958.1563
 VDWAALS =    12079.4267  EEL     =  -120193.7643  HBOND      =        0.0000
 1-4 VDW =      613.9204  1-4 EEL =    -3616.0764  RESTRAINT  =        0.0000


   NSTEP       ENERGY          RMS            GMAX         NAME    NUMBER
     50      -1.3079E+05     5.1008E+00     1.3553E+02     P         314

 BOND    =     8826.9902  ANGLE   =      294.5206  DIHED      =      855.1247
 VDWAALS =    11116.7390  EEL     =  -148502.9898  HBOND      =        0.0000
 1-4 VDW =      262.8574  1-4 EEL =    -3696.2128  RESTRAINT  =       55.9296
 EAMBER  =  -130842.9706


   NSTEP       ENERGY          RMS            GMAX         NAME    NUMBER
    100      -1.3649E+05     2.9684E+00     2.2483E+02     P         314

 BOND    =     6998.6530  ANGLE   =      276.3084  DIHED      =      841.6791
 VDWAALS =    12265.2864  EEL     =  -153512.8997  HBOND      =        0.0000
 1-4 VDW =      256.8933  1-4 EEL =    -3700.5014  RESTRAINT  =       87.9489
 EAMBER  =  -136574.5809


   NSTEP       ENERGY          RMS            GMAX         NAME    NUMBER
    150      -1.3945E+05     9.9285E-01     1.1941E+02     P         314

 BOND    =     7970.3413  ANGLE   =      257.9691  DIHED      =      835.8486
 VDWAALS =    13399.4112  EEL     =  -158574.0385  HBOND      =        0.0000
 1-4 VDW =      254.3170  1-4 EEL =    -3697.1051  RESTRAINT  =      107.1079
 EAMBER  =  -139553.2565


   NSTEP       ENERGY          RMS            GMAX         NAME    NUMBER
    200      -1.4128E+05     2.4172E+00     5.1777E+02     P         314

 BOND    =     8328.3577  ANGLE   =      268.6075  DIHED      =      833.1251
 VDWAALS =    14434.5880  EEL     =  -161825.0937  HBOND      =        0.0000
 1-4 VDW =      254.0642  1-4 EEL =    -3693.4355  RESTRAINT  =      120.7424
 EAMBER  =  -141399.7866


   NSTEP       ENERGY          RMS            GMAX         NAME    NUMBER
    250      -1.4282E+05     1.4576E+00     3.2385E+02     P         314

 BOND    =     8509.0405  ANGLE   =      259.6723  DIHED      =      831.0536
 VDWAALS =    15373.8676  EEL     =  -164481.4776  HBOND      =        0.0000
 1-4 VDW =      253.6948  1-4 EEL =    -3692.4308  RESTRAINT  =      130.6657
 EAMBER  =  -142946.5797


   NSTEP       ENERGY          RMS            GMAX         NAME    NUMBER
    300      -1.4400E+05     6.4875E-01     9.1182E+01     P         314

 BOND    =     8685.3980  ANGLE   =      250.8361  DIHED      =      830.3276
 VDWAALS =    16196.3355  EEL     =  -166659.2894  HBOND      =        0.0000
 1-4 VDW =      253.0654  1-4 EEL =    -3689.9420  RESTRAINT  =      137.9798
 EAMBER  =  -144133.2687


   NSTEP       ENERGY          RMS            GMAX         NAME    NUMBER
    350      -1.4495E+05     1.2845E+00     2.8206E+02     P         314

 BOND    =     8882.9507  ANGLE   =      254.5262  DIHED      =      829.8335
 VDWAALS =    16954.8899  EEL     =  -168583.3939  HBOND      =        0.0000
 1-4 VDW =      252.4517  1-4 EEL =    -3688.2330  RESTRAINT  =      143.9772
 EAMBER  =  -145096.9748


   NSTEP       ENERGY          RMS            GMAX         NAME    NUMBER
    400      -1.4574E+05     1.7872E+00     4.0178E+02     P         314

 BOND    =     9061.7749  ANGLE   =      258.2855  DIHED      =      829.3488
 VDWAALS =    17616.9016  EEL     =  -170222.2435  HBOND      =        0.0000
 1-4 VDW =      252.2611  1-4 EEL =    -3686.6191  RESTRAINT  =      148.9304
 EAMBER  =  -145890.2907


   NSTEP       ENERGY          RMS            GMAX         NAME    NUMBER
    450      -1.4651E+05     1.0624E+00     2.3648E+02     P         314

 BOND    =     9174.2161  ANGLE   =      251.9475  DIHED      =      828.6843
 VDWAALS =    18225.5727  EEL     =  -171709.1463  HBOND      =        0.0000
 1-4 VDW =      252.4529  1-4 EEL =    -3685.6065  RESTRAINT  =      153.3184
 EAMBER  =  -146661.8793


   NSTEP       ENERGY          RMS            GMAX         NAME    NUMBER
    500      -1.4713E+05     1.5555E+00     3.3484E+02     P         314

 BOND    =     9321.2419  ANGLE   =      256.5291  DIHED      =      828.8116
 VDWAALS =    18778.5462  EEL     =  -173044.7119  HBOND      =        0.0000
 1-4 VDW =      252.4248  1-4 EEL =    -3684.2822  RESTRAINT  =      157.0064
 EAMBER  =  -147291.4406


   NSTEP       ENERGY          RMS            GMAX         NAME    NUMBER
    550      -1.4773E+05     9.1636E-01     1.6727E+02     P         314

 BOND    =     9415.7948  ANGLE   =      247.2284  DIHED      =      829.2247
 VDWAALS =    19270.8187  EEL     =  -174227.2989  HBOND      =        0.0000
 1-4 VDW =      251.6877  1-4 EEL =    -3681.8627  RESTRAINT  =      159.9477
 EAMBER  =  -147894.4072


   NSTEP       ENERGY          RMS            GMAX         NAME    NUMBER
    600      -1.4823E+05     1.3449E+00     2.2859E+02     P         314

 BOND    =     9535.1777  ANGLE   =      249.3582  DIHED      =      829.2856
 VDWAALS =    19717.2729  EEL     =  -175289.9139  HBOND      =        0.0000
 1-4 VDW =      251.3955  1-4 EEL =    -3680.6747  RESTRAINT  =      162.7668
 EAMBER  =  -148388.0986


   NSTEP       ENERGY          RMS            GMAX         NAME    NUMBER
    650      -1.4871E+05     7.6890E-01     9.4867E+01     P         314

 BOND    =     9610.0934  ANGLE   =      247.5899  DIHED      =      829.0278
 VDWAALS =    20125.5463  EEL     =  -176254.0106  HBOND      =        0.0000
 1-4 VDW =      252.5033  1-4 EEL =    -3682.4375  RESTRAINT  =      165.5064
 EAMBER  =  -148871.6875


   NSTEP       ENERGY          RMS            GMAX         NAME    NUMBER
    700      -1.4912E+05     1.2553E+00     1.0334E+02     C6        934

 BOND    =     9711.1108  ANGLE   =      249.2940  DIHED      =      828.9059
 VDWAALS =    20507.4142  EEL     =  -177157.5585  HBOND      =        0.0000
 1-4 VDW =      253.4259  1-4 EEL =    -3681.6203  RESTRAINT  =      168.2260
 EAMBER  =  -149289.0280


   NSTEP       ENERGY          RMS            GMAX         NAME    NUMBER
    750      -1.4954E+05     4.4349E-01     1.7565E+01     N9        896

 BOND    =     9776.2924  ANGLE   =      243.0245  DIHED      =      828.7544
 VDWAALS =    20854.3543  EEL     =  -177986.0443  HBOND      =        0.0000
 1-4 VDW =      252.4315  1-4 EEL =    -3679.8942  RESTRAINT  =      170.8204
 EAMBER  =  -149711.0815


   NSTEP       ENERGY          RMS            GMAX         NAME    NUMBER
    800      -1.4991E+05     9.9748E-01     6.0442E+01     C6        612

 BOND    =     9866.1307  ANGLE   =      242.9637  DIHED      =      828.6455
 VDWAALS =    21184.7701  EEL     =  -178781.4772  HBOND      =        0.0000
 1-4 VDW =      253.1162  1-4 EEL =    -3678.3061  RESTRAINT  =      173.5938
 EAMBER  =  -150084.1571


   NSTEP       ENERGY          RMS            GMAX         NAME    NUMBER
    850      -1.5027E+05     5.1006E-01     2.6979E+01     N9        896

 BOND    =     9923.1454  ANGLE   =      242.6875  DIHED      =      828.4803
 VDWAALS =    21495.3605  EEL     =  -179510.0178  HBOND      =        0.0000
 1-4 VDW =      253.5138  1-4 EEL =    -3679.7017  RESTRAINT  =      175.5564
 EAMBER  =  -150446.5320


   NSTEP       ENERGY          RMS            GMAX         NAME    NUMBER
    900      -1.5058E+05     8.7628E-01     7.9696E+01     C6        612

 BOND    =     9993.9849  ANGLE   =      245.3398  DIHED      =      828.2039
 VDWAALS =    21784.7766  EEL     =  -180186.8917  HBOND      =        0.0000
 1-4 VDW =      253.4929  1-4 EEL =    -3679.4134  RESTRAINT  =      176.9111
 EAMBER  =  -150760.5070


   NSTEP       ENERGY          RMS            GMAX         NAME    NUMBER
    950      -1.5089E+05     2.8121E-01     7.2662E+00     N9        896

 BOND    =    10047.6727  ANGLE   =      240.1201  DIHED      =      827.9374
 VDWAALS =    22049.4291  EEL     =  -180809.5238  HBOND      =        0.0000
 1-4 VDW =      253.8304  1-4 EEL =    -3677.6830  RESTRAINT  =      178.0203
 EAMBER  =  -151068.2172


   NSTEP       ENERGY          RMS            GMAX         NAME    NUMBER
   1000      -1.5117E+05     6.8678E-01     3.5656E+01     N9        896

 BOND    =    10112.0297  ANGLE   =      240.8508  DIHED      =      827.7187
 VDWAALS =    22303.4487  EEL     =  -181407.5767  HBOND      =        0.0000
 1-4 VDW =      253.8601  1-4 EEL =    -3676.6782  RESTRAINT  =      179.1357
 EAMBER  =  -151346.3468


   NSTEP       ENERGY          RMS            GMAX         NAME    NUMBER
   1050      -1.5143E+05     1.0966E+00     1.0375E+02     C6        544

 BOND    =    10175.3949  ANGLE   =      244.3581  DIHED      =      827.4991
 VDWAALS =    22546.7275  EEL     =  -181980.0031  HBOND      =        0.0000
 1-4 VDW =      253.7249  1-4 EEL =    -3676.3947  RESTRAINT  =      180.2904
 EAMBER  =  -151608.6933


   NSTEP       ENERGY          RMS            GMAX         NAME    NUMBER
   1100      -1.5169E+05     5.9940E-01     3.1844E+01     N9        896

 BOND    =    10214.3305  ANGLE   =      241.4195  DIHED      =      827.3057
 VDWAALS =    22774.6229  EEL     =  -182506.7111  HBOND      =        0.0000
 1-4 VDW =      254.6343  1-4 EEL =    -3677.2713  RESTRAINT  =      180.7611
 EAMBER  =  -151871.6695


   NSTEP       ENERGY          RMS            GMAX         NAME    NUMBER
   1150      -1.5191E+05     9.9373E-01     1.1118E+02     C6        544

 BOND    =    10270.3016  ANGLE   =      242.5697  DIHED      =      827.0104
 VDWAALS =    22988.1365  EEL     =  -183000.6103  HBOND      =        0.0000
 1-4 VDW =      255.1682  1-4 EEL =    -3676.6159  RESTRAINT  =      181.0030
 EAMBER  =  -152094.0397


   NSTEP       ENERGY          RMS            GMAX         NAME    NUMBER
   1200      -1.5215E+05     3.7909E-01     1.8137E+01     C2        490

 BOND    =    10306.3495  ANGLE   =      240.1037  DIHED      =      826.6392
 VDWAALS =    23195.8749  EEL     =  -183478.8250  HBOND      =        0.0000
 1-4 VDW =      254.3627  1-4 EEL =    -3675.7250  RESTRAINT  =      181.1860
 EAMBER  =  -152331.2200


   NSTEP       ENERGY          RMS            GMAX         NAME    NUMBER
   1250      -1.5235E+05     6.9455E-01     3.8406E+01     C2        490

 BOND    =    10355.5884  ANGLE   =      240.4566  DIHED      =      826.3697
 VDWAALS =    23387.7929  EEL     =  -183919.8706  HBOND      =        0.0000
 1-4 VDW =      254.5012  1-4 EEL =    -3674.9835  RESTRAINT  =      181.4311
 EAMBER  =  -152530.1454


   NSTEP       ENERGY          RMS            GMAX         NAME    NUMBER
   1300      -1.5255E+05     4.0611E-01     1.9798E+01     C2        490

 BOND    =    10389.9369  ANGLE   =      240.9182  DIHED      =      826.2023
 VDWAALS =    23571.9392  EEL     =  -184340.3915  HBOND      =        0.0000
 1-4 VDW =      254.7403  1-4 EEL =    -3675.9715  RESTRAINT  =      181.7743
 EAMBER  =  -152732.6261


   NSTEP       ENERGY          RMS            GMAX         NAME    NUMBER
   1350      -1.5273E+05     6.2076E-01     3.2910E+01     C2        490

 BOND    =    10431.5060  ANGLE   =      242.3127  DIHED      =      826.0045
 VDWAALS =    23746.1782  EEL     =  -184739.3926  HBOND      =        0.0000
 1-4 VDW =      254.7593  1-4 EEL =    -3676.0152  RESTRAINT  =      182.2343
 EAMBER  =  -152914.6470


   NSTEP       ENERGY          RMS            GMAX         NAME    NUMBER
   1400      -1.5291E+05     2.2316E-01     6.6797E+00     C2        490

 BOND    =    10464.3425  ANGLE   =      240.1775  DIHED      =      825.7639
 VDWAALS =    23910.5427  EEL     =  -185116.0791  HBOND      =        0.0000
 1-4 VDW =      254.6163  1-4 EEL =    -3675.1218  RESTRAINT  =      182.6763
 EAMBER  =  -153095.7578


   NSTEP       ENERGY          RMS            GMAX         NAME    NUMBER
   1450      -1.5308E+05     5.7234E-01     3.2710E+01     C2        490

 BOND    =    10505.8433  ANGLE   =      240.4603  DIHED      =      825.5508
 VDWAALS =    24074.8631  EEL     =  -185491.1015  HBOND      =        0.0000
 1-4 VDW =      254.7126  1-4 EEL =    -3674.4614  RESTRAINT  =      182.9443
 EAMBER  =  -153264.1328


   NSTEP       ENERGY          RMS            GMAX         NAME    NUMBER
   1500      -1.5323E+05     8.3400E-01     5.4345E+01     C6        544

 BOND    =    10544.3184  ANGLE   =      241.1161  DIHED      =      825.3827
 VDWAALS =    24222.7114  EEL     =  -185829.8680  HBOND      =        0.0000
 1-4 VDW =      255.0699  1-4 EEL =    -3674.0861  RESTRAINT  =      183.0563
 EAMBER  =  -153415.3556


   NSTEP       ENERGY          RMS            GMAX         NAME    NUMBER
   1550      -1.5339E+05     4.6339E-01     2.7563E+01     C2        490

 BOND    =    10568.2309  ANGLE   =      241.0678  DIHED      =      825.2808
 VDWAALS =    24366.1979  EEL     =  -186156.3679  HBOND      =        0.0000
 1-4 VDW =      255.0831  1-4 EEL =    -3674.9104  RESTRAINT  =      183.1092
 EAMBER  =  -153575.4178


   NSTEP       ENERGY          RMS            GMAX         NAME    NUMBER
   1600      -1.5354E+05     1.9652E-01     5.2024E+00     C2        490

 BOND    =    10597.5344  ANGLE   =      240.4399  DIHED      =      825.0838
 VDWAALS =    24507.8158  EEL     =  -186479.3203  HBOND      =        0.0000
 1-4 VDW =      254.8957  1-4 EEL =    -3674.4031  RESTRAINT  =      183.0648
 EAMBER  =  -153727.9536


   NSTEP       ENERGY          RMS            GMAX         NAME    NUMBER
   1650      -1.5368E+05     3.0225E-01     1.5274E+01     C2        490

 BOND    =    10627.9570  ANGLE   =      240.6786  DIHED      =      824.9331
 VDWAALS =    24642.6106  EEL     =  -186783.0433  HBOND      =        0.0000
 1-4 VDW =      254.9068  1-4 EEL =    -3674.1652  RESTRAINT  =      182.9262
 EAMBER  =  -153866.1223


   NSTEP       ENERGY          RMS            GMAX         NAME    NUMBER
   1700      -1.5381E+05     6.1072E-01     3.1055E+01     C2        490

 BOND    =    10660.1015  ANGLE   =      241.9984  DIHED      =      824.7900
 VDWAALS =    24774.1998  EEL     =  -187076.4430  HBOND      =        0.0000
 1-4 VDW =      254.8533  1-4 EEL =    -3674.0116  RESTRAINT  =      182.7087
 EAMBER  =  -153994.5116


   NSTEP       ENERGY          RMS            GMAX         NAME    NUMBER
   1750      -1.5394E+05     1.8213E-01     4.3830E+00     C2        460

 BOND    =    10682.3866  ANGLE   =      240.5982  DIHED      =      824.7169
 VDWAALS =    24900.2465  EEL     =  -187355.0291  HBOND      =        0.0000
 1-4 VDW =      255.3162  1-4 EEL =    -3674.1161  RESTRAINT  =      182.4606
 EAMBER  =  -154125.8809


   NSTEP       ENERGY          RMS            GMAX         NAME    NUMBER
   1800      -1.5407E+05     5.2865E-01     3.1566E+01     C2        490

 BOND    =    10712.9464  ANGLE   =      242.0600  DIHED      =      824.6291
 VDWAALS =    25029.9947  EEL     =  -187639.5788  HBOND      =        0.0000
 1-4 VDW =      255.4873  1-4 EEL =    -3674.3496  RESTRAINT  =      182.2214
 EAMBER  =  -154248.8110


   NSTEP       ENERGY          RMS            GMAX         NAME    NUMBER
   1850      -1.5419E+05     1.7148E-01     3.5515E+00     C2        460

 BOND    =    10734.8415  ANGLE   =      240.5339  DIHED      =      824.4990
 VDWAALS =    25147.6737  EEL     =  -187897.0871  HBOND      =        0.0000
 1-4 VDW =      255.5806  1-4 EEL =    -3673.8397  RESTRAINT  =      181.9965
 EAMBER  =  -154367.7981


   NSTEP       ENERGY          RMS            GMAX         NAME    NUMBER
   1900      -1.5430E+05     2.5496E-01     1.2356E+01     C2        460

 BOND    =    10760.3932  ANGLE   =      240.5664  DIHED      =      824.3900
 VDWAALS =    25266.5843  EEL     =  -188154.9645  HBOND      =        0.0000
 1-4 VDW =      255.7169  1-4 EEL =    -3673.6973  RESTRAINT  =      181.8055
 EAMBER  =  -154481.0111


   NSTEP       ENERGY          RMS            GMAX         NAME    NUMBER
   1950      -1.5440E+05     6.7307E-01     3.6482E+01     C6        544

 BOND    =    10788.9713  ANGLE   =      242.9064  DIHED      =      824.2686
 VDWAALS =    25382.1295  EEL     =  -188403.9655  HBOND      =        0.0000
 1-4 VDW =      255.4359  1-4 EEL =    -3673.8075  RESTRAINT  =      181.6458
 EAMBER  =  -154584.0614


   NSTEP       ENERGY          RMS            GMAX         NAME    NUMBER
   2000      -1.5451E+05     3.6059E-01     2.1270E+01     C2        460

 BOND    =    10807.8059  ANGLE   =      241.3876  DIHED      =      824.2211
 VDWAALS =    25493.0763  EEL     =  -188642.5227  HBOND      =        0.0000
 1-4 VDW =      256.0230  1-4 EEL =    -3674.1300  RESTRAINT  =      181.4932
 EAMBER  =  -154694.1389


   NSTEP       ENERGY          RMS            GMAX         NAME    NUMBER
   2050      -1.5532E+05     7.7098E-01     5.1620E+01     O       18773

 BOND    =    11082.6834  ANGLE   =      254.7205  DIHED      =      824.9890
 VDWAALS =    26531.9588  EEL     =  -190766.3855  HBOND      =        0.0000
 1-4 VDW =      257.8268  1-4 EEL =    -3683.0082  RESTRAINT  =      180.0850
 EAMBER  =  -155497.2152


   NSTEP       ENERGY          RMS            GMAX         NAME    NUMBER
   2100      -1.5557E+05     5.1784E-01     3.5678E+01     N3        397

 BOND    =    11070.2540  ANGLE   =      246.1351  DIHED      =      824.3838
 VDWAALS =    26693.9014  EEL     =  -191160.7193  HBOND      =        0.0000
 1-4 VDW =      257.9435  1-4 EEL =    -3680.5095  RESTRAINT  =      180.3079
 EAMBER  =  -155748.6110


   NSTEP       ENERGY          RMS            GMAX         NAME    NUMBER
   2150      -1.5578E+05     4.8453E-01     2.8918E+01     N3        397

 BOND    =    11110.2358  ANGLE   =      246.0212  DIHED      =      824.0352
 VDWAALS =    26899.0537  EEL     =  -191623.0709  HBOND      =        0.0000
 1-4 VDW =      258.4174  1-4 EEL =    -3678.9423  RESTRAINT  =      180.9503
 EAMBER  =  -155964.2499


   NSTEP       ENERGY          RMS            GMAX         NAME    NUMBER
   2200      -1.5597E+05     4.5663E-01     2.8341E+01     N3        397

 BOND    =    11141.8171  ANGLE   =      245.5123  DIHED      =      823.9446
 VDWAALS =    27040.0312  EEL     =  -191979.4690  HBOND      =        0.0000
 1-4 VDW =      258.0669  1-4 EEL =    -3679.0956  RESTRAINT  =      180.9719
 EAMBER  =  -156149.1926


   NSTEP       ENERGY          RMS            GMAX         NAME    NUMBER
   2250      -1.5616E+05     4.4025E-01     2.4961E+01     N3        397

 BOND    =    11178.1887  ANGLE   =      245.6945  DIHED      =      824.0699
 VDWAALS =    27205.5526  EEL     =  -192375.7358  HBOND      =        0.0000
 1-4 VDW =      258.2989  1-4 EEL =    -3679.1081  RESTRAINT  =      181.1038
 EAMBER  =  -156343.0393


   NSTEP       ENERGY          RMS            GMAX         NAME    NUMBER
   2300      -1.5646E+05     5.5841E-01     3.3351E+01     P         854

 BOND    =    11238.0358  ANGLE   =      250.3855  DIHED      =      824.2529
 VDWAALS =    27505.9756  EEL     =  -193041.3209  HBOND      =        0.0000
 1-4 VDW =      259.3104  1-4 EEL =    -3678.7215  RESTRAINT  =      181.7843
 EAMBER  =  -156642.0822


   NSTEP       ENERGY          RMS            GMAX         NAME    NUMBER
   2350      -1.5671E+05     5.1134E-01     2.3492E+01     P         854

 BOND    =    11285.4451  ANGLE   =      249.8583  DIHED      =      824.2040
 VDWAALS =    27697.4517  EEL     =  -193529.8003  HBOND      =        0.0000
 1-4 VDW =      258.1687  1-4 EEL =    -3674.9056  RESTRAINT  =      180.7797
 EAMBER  =  -156889.5783


   NSTEP       ENERGY          RMS            GMAX         NAME    NUMBER
   2400      -1.5694E+05     5.2396E-01     2.2834E+01     C4'       861

 BOND    =    11324.8894  ANGLE   =      247.3177  DIHED      =      823.9305
 VDWAALS =    27866.2225  EEL     =  -193960.0379  HBOND      =        0.0000
 1-4 VDW =      258.4391  1-4 EEL =    -3676.9212  RESTRAINT  =      178.8660
 EAMBER  =  -157116.1598


   NSTEP       ENERGY          RMS            GMAX         NAME    NUMBER
   2450      -1.5717E+05     6.0359E-01     4.2034E+01     P         854

 BOND    =    11380.7546  ANGLE   =      247.9967  DIHED      =      823.5813
 VDWAALS =    28062.8464  EEL     =  -194443.6859  HBOND      =        0.0000
 1-4 VDW =      258.1688  1-4 EEL =    -3674.6994  RESTRAINT  =      177.5817
 EAMBER  =  -157345.0376


   NSTEP       ENERGY          RMS            GMAX         NAME    NUMBER
   2500      -1.5737E+05     5.1327E-01     3.1283E+01     C4        393

 BOND    =    11417.3335  ANGLE   =      246.7279  DIHED      =      823.8949
 VDWAALS =    28201.5438  EEL     =  -194817.4630  HBOND      =        0.0000
 1-4 VDW =      257.6277  1-4 EEL =    -3672.4080  RESTRAINT  =      176.5789
 EAMBER  =  -157542.7432


   NSTEP       ENERGY          RMS            GMAX         NAME    NUMBER
   2550      -1.5754E+05     4.0272E-01     1.8638E+01     O        2858

 BOND    =    11426.6627  ANGLE   =      245.3719  DIHED      =      823.4134
 VDWAALS =    28316.9959  EEL     =  -195109.0197  HBOND      =        0.0000
 1-4 VDW =      258.2700  1-4 EEL =    -3676.1555  RESTRAINT  =      176.8895
 EAMBER  =  -157714.4613


   NSTEP       ENERGY          RMS            GMAX         NAME    NUMBER
   2600      -1.5769E+05     3.4998E-01     1.3961E+01     O        2858

 BOND    =    11458.2023  ANGLE   =      242.9562  DIHED      =      823.1940
 VDWAALS =    28412.2368  EEL     =  -195381.3615  HBOND      =        0.0000
 1-4 VDW =      257.7562  1-4 EEL =    -3674.8393  RESTRAINT  =      175.9604
 EAMBER  =  -157861.8552


   NSTEP       ENERGY          RMS            GMAX         NAME    NUMBER
   2650      -1.5789E+05     4.4959E-01     2.2399E+01     O       20873

 BOND    =    11489.7059  ANGLE   =      242.6412  DIHED      =      822.4621
 VDWAALS =    28619.2081  EEL     =  -195822.8780  HBOND      =        0.0000
 1-4 VDW =      257.3808  1-4 EEL =    -3672.9866  RESTRAINT  =      174.7094
 EAMBER  =  -158064.4665


   NSTEP       ENERGY          RMS            GMAX         NAME    NUMBER
   2700      -1.5801E+05     3.0565E-01     1.3538E+01     O2        399

 BOND    =    11520.6794  ANGLE   =      242.1311  DIHED      =      822.8807
 VDWAALS =    28652.1153  EEL     =  -196009.0626  HBOND      =        0.0000
 1-4 VDW =      256.9784  1-4 EEL =    -3670.1726  RESTRAINT  =      174.7096
 EAMBER  =  -158184.4503


   NSTEP       ENERGY          RMS            GMAX         NAME    NUMBER
   2750      -1.5810E+05     3.1601E-01     1.4103E+01     C5        391

 BOND    =    11535.8023  ANGLE   =      241.8886  DIHED      =      822.8828
 VDWAALS =    28707.3390  EEL     =  -196167.8824  HBOND      =        0.0000
 1-4 VDW =      256.7864  1-4 EEL =    -3670.1354  RESTRAINT  =      174.8221
 EAMBER  =  -158273.3187


   NSTEP       ENERGY          RMS            GMAX         NAME    NUMBER
   2800      -1.5818E+05     3.1864E-01     1.2088E+01     O2        399

 BOND    =    11548.7347  ANGLE   =      241.6606  DIHED      =      822.9386
 VDWAALS =    28762.4554  EEL     =  -196320.7533  HBOND      =        0.0000
 1-4 VDW =      256.6571  1-4 EEL =    -3670.0933  RESTRAINT  =      174.9371
 EAMBER  =  -158358.4001


   NSTEP       ENERGY          RMS            GMAX         NAME    NUMBER
   2850      -1.5830E+05     3.4316E-01     1.5713E+01     C2        398

 BOND    =    11567.9243  ANGLE   =      241.4097  DIHED      =      822.8919
 VDWAALS =    28846.6981  EEL     =  -196537.3501  HBOND      =        0.0000
 1-4 VDW =      256.6403  1-4 EEL =    -3670.3722  RESTRAINT  =      175.3119
 EAMBER  =  -158472.1580


   NSTEP       ENERGY          RMS            GMAX         NAME    NUMBER
   2900      -1.5840E+05     3.2367E-01     1.3533E+01     P         854

 BOND    =    11589.3993  ANGLE   =      240.6463  DIHED      =      822.8292
 VDWAALS =    28916.8807  EEL     =  -196732.2018  HBOND      =        0.0000
 1-4 VDW =      256.8242  1-4 EEL =    -3669.4616  RESTRAINT  =      175.1984
 EAMBER  =  -158575.0837


   NSTEP       ENERGY          RMS            GMAX         NAME    NUMBER
   2950      -1.5855E+05     3.1722E-01     1.2558E+01     C6        295

 BOND    =    11619.4244  ANGLE   =      239.3973  DIHED      =      822.6468
 VDWAALS =    29052.3200  EEL     =  -197039.5071  HBOND      =        0.0000
 1-4 VDW =      257.3792  1-4 EEL =    -3671.7253  RESTRAINT  =      174.5098
 EAMBER  =  -158720.0647


   NSTEP       ENERGY          RMS            GMAX         NAME    NUMBER
   3000      -1.5867E+05     4.0325E-01     1.7215E+01     N1        866

 BOND    =    11661.3740  ANGLE   =      241.6600  DIHED      =      823.1195
 VDWAALS =    29130.1764  EEL     =  -197285.5346  HBOND      =        0.0000
 1-4 VDW =      257.2457  1-4 EEL =    -3672.9525  RESTRAINT  =      174.2759
 EAMBER  =  -158844.9115


   NSTEP       ENERGY          RMS            GMAX         NAME    NUMBER
   3050      -1.5876E+05     3.3502E-01     1.2837E+01     P         854

 BOND    =    11649.7198  ANGLE   =      241.6594  DIHED      =      822.9926
 VDWAALS =    29173.7245  EEL     =  -197410.6567  HBOND      =        0.0000
 1-4 VDW =      257.1308  1-4 EEL =    -3671.8222  RESTRAINT  =      174.0241
 EAMBER  =  -158937.2518


   NSTEP       ENERGY          RMS            GMAX         NAME    NUMBER
   3100      -1.5883E+05     2.6517E-01     1.2590E+01     C2        398

 BOND    =    11675.0588  ANGLE   =      239.6912  DIHED      =      822.8206
 VDWAALS =    29211.0619  EEL     =  -197539.6536  HBOND      =        0.0000
 1-4 VDW =      257.0288  1-4 EEL =    -3670.9397  RESTRAINT  =      173.9191
 EAMBER  =  -159004.9321


   NSTEP       ENERGY          RMS            GMAX         NAME    NUMBER
   3150      -1.5889E+05     2.4122E-01     1.2996E+01     P         854

 BOND    =    11680.0064  ANGLE   =      240.1476  DIHED      =      822.8584
 VDWAALS =    29247.0984  EEL     =  -197636.8303  HBOND      =        0.0000
 1-4 VDW =      256.9782  1-4 EEL =    -3670.9662  RESTRAINT  =      173.8892
 EAMBER  =  -159060.7075


   NSTEP       ENERGY          RMS            GMAX         NAME    NUMBER
   3200      -1.5894E+05     2.2891E-01     1.3832E+01     C6        295

 BOND    =    11690.4778  ANGLE   =      239.7158  DIHED      =      822.8333
 VDWAALS =    29287.4350  EEL     =  -197740.8352  HBOND      =        0.0000
 1-4 VDW =      256.9093  1-4 EEL =    -3670.8223  RESTRAINT  =      173.9218
 EAMBER  =  -159114.2863


   NSTEP       ENERGY          RMS            GMAX         NAME    NUMBER
   3250      -1.5899E+05     2.2836E-01     1.2986E+01     C6        295

 BOND    =    11695.1413  ANGLE   =      239.4170  DIHED      =      822.8526
 VDWAALS =    29324.6610  EEL     =  -197834.1609  HBOND      =        0.0000
 1-4 VDW =      256.8953  1-4 EEL =    -3670.7149  RESTRAINT  =      173.9605
 EAMBER  =  -159165.9086


   NSTEP       ENERGY          RMS            GMAX         NAME    NUMBER
   3300      -1.5904E+05     2.2765E-01     1.3598E+01     N1        866

 BOND    =    11700.5290  ANGLE   =      238.8457  DIHED      =      822.8559
 VDWAALS =    29363.6373  EEL     =  -197930.6166  HBOND      =        0.0000
 1-4 VDW =      256.9197  1-4 EEL =    -3670.5647  RESTRAINT  =      174.0326
 EAMBER  =  -159218.3936


   NSTEP       ENERGY          RMS            GMAX         NAME    NUMBER
   3350      -1.5910E+05     2.3298E-01     1.1956E+01     N1        866

 BOND    =    11705.8902  ANGLE   =      239.1647  DIHED      =      822.8545
 VDWAALS =    29401.3967  EEL     =  -198025.3508  HBOND      =        0.0000
 1-4 VDW =      256.8403  1-4 EEL =    -3670.2652  RESTRAINT  =      174.0548
 EAMBER  =  -159269.4696


   NSTEP       ENERGY          RMS            GMAX         NAME    NUMBER
   3400      -1.5915E+05     2.6067E-01     1.2322E+01     C2'       849

 BOND    =    11714.1376  ANGLE   =      239.3065  DIHED      =      822.8352
 VDWAALS =    29440.2788  EEL     =  -198125.4523  HBOND      =        0.0000
 1-4 VDW =      256.7926  1-4 EEL =    -3670.0213  RESTRAINT  =      174.0692
 EAMBER  =  -159322.1230


   NSTEP       ENERGY          RMS            GMAX         NAME    NUMBER
   3450      -1.5920E+05     1.9838E-01     1.1750E+01     N3        397

 BOND    =    11723.3765  ANGLE   =      238.8714  DIHED      =      822.7735
 VDWAALS =    29475.9356  EEL     =  -198218.1210  HBOND      =        0.0000
 1-4 VDW =      256.9064  1-4 EEL =    -3669.9652  RESTRAINT  =      173.9768
 EAMBER  =  -159370.2227


   NSTEP       ENERGY          RMS            GMAX         NAME    NUMBER
   3500      -1.5924E+05     1.9532E-01     1.2601E+01     C2        398

 BOND    =    11735.3237  ANGLE   =      238.1815  DIHED      =      822.7036
 VDWAALS =    29509.8716  EEL     =  -198309.6780  HBOND      =        0.0000
 1-4 VDW =      257.0546  1-4 EEL =    -3669.9144  RESTRAINT  =      173.8942
 EAMBER  =  -159416.4573


   NSTEP       ENERGY          RMS            GMAX         NAME    NUMBER
   3550      -1.5929E+05     1.8119E-01     8.1355E+00     O2        399

 BOND    =    11746.4180  ANGLE   =      237.9271  DIHED      =      822.6737
 VDWAALS =    29543.9504  EEL     =  -198399.6479  HBOND      =        0.0000
 1-4 VDW =      257.0568  1-4 EEL =    -3669.8459  RESTRAINT  =      173.8958
 EAMBER  =  -159461.4678


   NSTEP       ENERGY          RMS            GMAX         NAME    NUMBER
   3600      -1.5934E+05     1.5425E-01     9.7173E+00     C6        389

 BOND    =    11758.0619  ANGLE   =      238.1058  DIHED      =      822.6455
 VDWAALS =    29580.4381  EEL     =  -198498.0017  HBOND      =        0.0000
 1-4 VDW =      256.9735  1-4 EEL =    -3669.9633  RESTRAINT  =      173.8547
 EAMBER  =  -159511.7403


   NSTEP       ENERGY          RMS            GMAX         NAME    NUMBER
   3650      -1.5938E+05     1.5544E-01     1.2118E+01     C6        389

 BOND    =    11767.1422  ANGLE   =      237.7569  DIHED      =      822.6058
 VDWAALS =    29615.9202  EEL     =  -198588.9095  HBOND      =        0.0000
 1-4 VDW =      257.0578  1-4 EEL =    -3670.0769  RESTRAINT  =      173.7624
 EAMBER  =  -159558.5034


   NSTEP       ENERGY          RMS            GMAX         NAME    NUMBER
   3700      -1.5943E+05     1.4573E-01     1.1000E+01     C6        389

 BOND    =    11776.5450  ANGLE   =      237.5894  DIHED      =      822.5283
 VDWAALS =    29652.2055  EEL     =  -198679.5530  HBOND      =        0.0000
 1-4 VDW =      257.0869  1-4 EEL =    -3669.9072  RESTRAINT  =      173.7498
 EAMBER  =  -159603.5052


   NSTEP       ENERGY          RMS            GMAX         NAME    NUMBER
   3750      -1.5947E+05     1.2266E-01     7.9594E+00     C2        398

 BOND    =    11785.8079  ANGLE   =      237.2859  DIHED      =      822.4524
 VDWAALS =    29682.7362  EEL     =  -198760.8556  HBOND      =        0.0000
 1-4 VDW =      257.1902  1-4 EEL =    -3669.8831  RESTRAINT  =      173.6824
 EAMBER  =  -159645.2661


   NSTEP       ENERGY          RMS            GMAX         NAME    NUMBER
   3800      -1.5952E+05     1.1645E-01     5.8182E+00     N3        397

 BOND    =    11793.4072  ANGLE   =      236.9797  DIHED      =      822.4064
 VDWAALS =    29717.1530  EEL     =  -198848.6615  HBOND      =        0.0000
 1-4 VDW =      257.3066  1-4 EEL =    -3669.8123  RESTRAINT  =      173.6142
 EAMBER  =  -159691.2208


   NSTEP       ENERGY          RMS            GMAX         NAME    NUMBER
   3850      -1.5957E+05     1.2362E-01     7.0014E+00     C2'       849

 BOND    =    11803.1442  ANGLE   =      236.7337  DIHED      =      822.4426
 VDWAALS =    29754.2667  EEL     =  -198943.8515  HBOND      =        0.0000
 1-4 VDW =      257.5437  1-4 EEL =    -3669.9368  RESTRAINT  =      173.5390
 EAMBER  =  -159739.6574


   NSTEP       ENERGY          RMS            GMAX         NAME    NUMBER
   3900      -1.5961E+05     1.1139E-01     5.1554E+00     C2'       849

 BOND    =    11810.2777  ANGLE   =      236.6245  DIHED      =      822.4774
 VDWAALS =    29783.8738  EEL     =  -199020.2785  HBOND      =        0.0000
 1-4 VDW =      257.6613  1-4 EEL =    -3669.9100  RESTRAINT  =      173.4534
 EAMBER  =  -159779.2738


   NSTEP       ENERGY          RMS            GMAX         NAME    NUMBER
   3950      -1.5966E+05     1.1550E-01     4.8108E+00     H5''     1024

 BOND    =    11821.0172  ANGLE   =      236.6036  DIHED      =      822.5049
 VDWAALS =    29822.7220  EEL     =  -199123.9640  HBOND      =        0.0000
 1-4 VDW =      257.8904  1-4 EEL =    -3669.9335  RESTRAINT  =      173.4100
 EAMBER  =  -159833.1593


   NSTEP       ENERGY          RMS            GMAX         NAME    NUMBER
   4000      -1.5971E+05     1.7373E-01     9.1039E+00     H2'       850

 BOND    =    11830.8271  ANGLE   =      238.0555  DIHED      =      822.7583
 VDWAALS =    29862.8356  EEL     =  -199225.0866  HBOND      =        0.0000
 1-4 VDW =      257.9242  1-4 EEL =    -3669.9225  RESTRAINT  =      173.4155
 EAMBER  =  -159882.6083


  Maximum number of minimization cycles reached.


                    FINAL RESULTS



   NSTEP       ENERGY          RMS            GMAX         NAME    NUMBER
   4000      -1.5971E+05     1.7373E-01     9.1039E+00     H2'       850

 BOND    =    11830.8271  ANGLE   =      238.0555  DIHED      =      822.7583
 VDWAALS =    29862.8356  EEL     =  -199225.0866  HBOND      =        0.0000
 1-4 VDW =      257.9242  1-4 EEL =    -3669.9225  RESTRAINT  =      173.4155
 EAMBER  =  -159882.6083
--------------------------------------------------------------------------------
   5.  TIMINGS
--------------------------------------------------------------------------------

|  NonSetup CPU Time in Major Routines:
|
|     Routine           Sec        %
|     ------------------------------
|     Nonbond           4.12   37.82
|     Bond              0.00    0.00
|     Angle             0.00    0.00
|     Dihedral          0.00    0.00
|     Shake             0.00    0.00
|     Other             6.77   62.18
|     ------------------------------
|     Total            10.89

|  PME Nonbond Pairlist CPU Time:
|
|     Routine              Sec        %
|     ---------------------------------
|     Set Up Cit           0.00    0.00
|     Build List           0.00    0.00
|     ---------------------------------
|     Total                0.00    0.00

|  PME Direct Force CPU Time:
|
|     Routine              Sec        %
|     ---------------------------------
|     NonBonded Calc       0.00    0.00
|     Exclude Masked       0.00    0.00
|     Other                0.01    0.07
|     ---------------------------------
|     Total                0.01    0.07

|  PME Reciprocal Force CPU Time:
|
|     Routine              Sec        %
|     ---------------------------------
|     1D bspline           0.00    0.00
|     Grid Charges         0.00    0.00
|     Scalar Sum           0.00    0.00
|     Gradient Sum         0.00    0.00
|     FFT                  0.00    0.00
|     ---------------------------------
|     Total                0.00    0.00

|  Setup CPU time:            0.74 seconds
|  NonSetup CPU time:        10.89 seconds
|  Total CPU time:           11.63 seconds     0.00 hours

|  Setup wall time:           1    seconds
|  NonSetup wall time:       11    seconds
|  Total wall time:          12    seconds     0.00 hours
