
          -------------------------------------------------------
          Amber 16 PMEMD                              2016
          -------------------------------------------------------

| PMEMD implementation of SANDER, Release 16

| Run on 01/29/2021 at 10:52:58

|   Executable path: pmemd.cuda
| Working directory: /home/kyq/T7RNADNA/7/nLA7
|          Hostname: gpu01

  [-O]verwriting output

File Assignments:
|   MDIN: heat2.in                                                              
|  MDOUT: cmp_heat2.out                                                         
| INPCRD: cmp_heat1.rst                                                         
|   PARM: cmp.prmtop                                                            
| RESTRT: cmp_heat2.rst                                                         
|   REFC: cmp.inpcrd                                                            
|  MDVEL: mdvel                                                                 
|   MDEN: mden                                                                  
|  MDCRD: cmp_heat2.mdcrd                                                       
| MDINFO: mdinfo                                                                
|  MDFRC: mdfrc                                                                 

 
 Here is the input file:
 
Stage 1 heating 1 5ps 0-100K                                                   
 &cntrl                                                                        
  imin=0, irest=1,ntx=5,                                                       
  nstlim=2500, dt=0.002,                                                       
  ntc=2, ntf=2,                                                                
  ntt=1, tautp=1.5,                                                            
  tempi=50.0, temp0=100.0,                                                     
  ntpr=50, ntwx=50,                                                            
  ntb=1,                                                                       
  cut=10,                                                                      
  /                                                                            


Note: ig = -1. Setting random seed to   585334 based on wallclock time in 
      microseconds.
 
|--------------------- INFORMATION ----------------------
| GPU (CUDA) Version of PMEMD in use: NVIDIA GPU IN USE.
|                    Version 16.0.0
| 
|                      02/25/2016
| 
| Implementation by:
|                    Ross C. Walker     (SDSC)
|                    Scott Le Grand     (nVIDIA)
| 
| Precision model in use:
|      [SPFP] - Single Precision Forces, 64-bit Fixed Point
|               Accumulation. (Default)
| 
|--------------------------------------------------------
 
|----------------- CITATION INFORMATION -----------------
|
|    When publishing work that utilized the CUDA version
|    of AMBER, please cite the following in addition to
|    the regular AMBER citations:
|
|  - Romelia Salomon-Ferrer; Andreas W. Goetz; Duncan
|    Poole; Scott Le Grand; Ross C. Walker "Routine
|    microsecond molecular dynamics simulations with
|    AMBER - Part II: Particle Mesh Ewald", J. Chem.
|    Theory Comput., 2013, 9 (9), pp3878-3888,
|    DOI: 10.1021/ct400314y.
|
|  - Andreas W. Goetz; Mark J. Williamson; Dong Xu;
|    Duncan Poole; Scott Le Grand; Ross C. Walker
|    "Routine microsecond molecular dynamics simulations
|    with AMBER - Part I: Generalized Born", J. Chem.
|    Theory Comput., 2012, 8 (5), pp1542-1555.
|
|  - Scott Le Grand; Andreas W. Goetz; Ross C. Walker
|    "SPFP: Speed without compromise - a mixed precision
|    model for GPU accelerated molecular dynamics
|    simulations.", Comp. Phys. Comm., 2013, 184
|    pp374-380, DOI: 10.1016/j.cpc.2012.09.022
|
|--------------------------------------------------------
 
|------------------- GPU DEVICE INFO --------------------
|
|            CUDA_VISIBLE_DEVICES: 1
|   CUDA Capable Devices Detected:      1
|           CUDA Device ID in use:      0
|                CUDA Device Name: Tesla P100-PCIE-16GB
|     CUDA Device Global Mem Size:  16276 MB
| CUDA Device Num Multiprocessors:     56
|           CUDA Device Core Freq:   1.33 GHz
|
|--------------------------------------------------------
 
 
| Conditional Compilation Defines Used:
| PUBFFT
| BINTRAJ
| CUDA
| EMIL
 
| Largest sphere to fit in unit cell has radius =    33.199

| New format PARM file being parsed.
| Version =    1.000 Date = 01/29/21 Time = 10:51:35

| Note: 1-4 EEL scale factors are being read from the topology file.

| Note: 1-4 VDW scale factors are being read from the topology file.
| Duplicated    0 dihedrals

| Duplicated    0 dihedrals

--------------------------------------------------------------------------------
   1.  RESOURCE   USE: 
--------------------------------------------------------------------------------

 getting box info from netcdf restart file
 NATOM  =   36670 NTYPES =      18 NBONH =   35934 MBONA  =     787
 NTHETH =     879 MTHETA =    1217 NPHIH =    1867 MPHIA  =    2445
 NHPARM =       0 NPARM  =       0 NNB   =   53471 NRES   =   11918
 NBONA  =     787 NTHETA =    1217 NPHIA =    2445 NUMBND =      73
 NUMANG =     152 NPTRA  =      87 NATYP =      37 NPHB   =       1
 IFBOX  =       2 NMXRS  =      34 IFCAP =       0 NEXTRA =       0
 NCOPY  =       0

| Coordinate Index Table dimensions:    13   13   13
| Direct force subcell size =     6.2555    6.2555    6.2555

     BOX TYPE: TRUNCATED OCTAHEDRON

--------------------------------------------------------------------------------
   2.  CONTROL  DATA  FOR  THE  RUN
--------------------------------------------------------------------------------

default_name                                                                    

General flags:
     imin    =       0, nmropt  =       0

Nature and format of input:
     ntx     =       5, irest   =       1, ntrx    =       1

Nature and format of output:
     ntxo    =       2, ntpr    =      50, ntrx    =       1, ntwr    =    2500
     iwrap   =       0, ntwx    =      50, ntwv    =       0, ntwe    =       0
     ioutfm  =       1, ntwprt  =       0, idecomp =       0, rbornstat=      0

Potential function:
     ntf     =       2, ntb     =       1, igb     =       0, nsnb    =      25
     ipol    =       0, gbsa    =       0, iesp    =       0
     dielc   =   1.00000, cut     =  10.00000, intdiel =   1.00000

Frozen or restrained atoms:
     ibelly  =       0, ntr     =       0

Molecular dynamics:
     nstlim  =      2500, nscm    =      1000, nrespa  =         1
     t       =   0.00000, dt      =   0.00200, vlimit  =  -1.00000

Berendsen (weak-coupling) temperature regulation:
     temp0   = 100.00000, tempi   =  50.00000, tautp   =   1.50000

SHAKE:
     ntc     =       2, jfastw  =       0
     tol     =   0.00001

| Intermolecular bonds treatment:
|     no_intermolecular_bonds =       1

| Energy averages sample interval:
|     ene_avg_sampling =      50

Ewald parameters:
     verbose =       0, ew_type =       0, nbflag  =       1, use_pme =       1
     vdwmeth =       1, eedmeth =       1, netfrc  =       1
     Box X =   81.322   Box Y =   81.322   Box Z =   81.322
     Alpha =  109.471   Beta  =  109.471   Gamma =  109.471
     NFFT1 =   84       NFFT2 =   84       NFFT3 =   84
     Cutoff=   10.000   Tol   =0.100E-04
     Ewald Coefficient =  0.27511
     Interpolation order =    4

--------------------------------------------------------------------------------
   3.  ATOMIC COORDINATES AND VELOCITIES
--------------------------------------------------------------------------------

default_name                                                                    
 begin time read from input coords =     5.000 ps

 
 Number of triangulated 3-point waters found:    11852

     Sum of charges from parm topology file =   0.00000012
     Forcing neutrality...

| Dynamic Memory, Types Used:
| Reals             1062253
| Integers           881536

| Nonbonded Pairs Initial Allocation:    11091758

| GPU memory information (estimate):
| KB of GPU memory in use:    172826
| KB of CPU memory in use:     61694

--------------------------------------------------------------------------------
   4.  RESULTS
--------------------------------------------------------------------------------

 ---------------------------------------------------
 APPROXIMATING switch and d/dx switch using CUBIC SPLINE INTERPOLATION
 using   5000.0 points per unit in tabled values
 TESTING RELATIVE ERROR over r ranging from 0.0 to cutoff
| CHECK switch(x): max rel err =   0.3316E-14   at   2.351880
| CHECK d/dx switch(x): max rel err =   0.8066E-11   at   2.747240
 ---------------------------------------------------
|---------------------------------------------------
| APPROXIMATING direct energy using CUBIC SPLINE INTERPOLATION
|  with   50.0 points per unit in tabled values
| Relative Error Limit not exceeded for r .gt.   2.34
| APPROXIMATING direct force using CUBIC SPLINE INTERPOLATION
|  with   50.0 points per unit in tabled values
| Relative Error Limit not exceeded for r .gt.   2.81
|---------------------------------------------------

 NSTEP =       50   TIME(PS) =       5.100  TEMP(K) =    49.92  PRESS =     0.0
 Etot   =   -145700.6373  EKtot   =      3674.2896  EPtot      =   -149374.9269
 BOND   =        60.0901  ANGLE   =       254.7887  DIHED      =       841.5025
 1-4 NB =       263.0076  1-4 EEL =     -3643.2579  VDWAALS    =     25354.5679
 EELEC  =   -172505.6258  EHBOND  =         0.0000  RESTRAINT  =         0.0000
 ------------------------------------------------------------------------------


 NSTEP =      100   TIME(PS) =       5.200  TEMP(K) =    51.14  PRESS =     0.0
 Etot   =   -145457.5699  EKtot   =      3764.0581  EPtot      =   -149221.6280
 BOND   =        62.2198  ANGLE   =       253.3940  DIHED      =       834.6408
 1-4 NB =       264.4535  1-4 EEL =     -3635.5270  VDWAALS    =     25305.6593
 EELEC  =   -172306.4684  EHBOND  =         0.0000  RESTRAINT  =         0.0000
 ------------------------------------------------------------------------------


 NSTEP =      150   TIME(PS) =       5.300  TEMP(K) =    52.83  PRESS =     0.0
 Etot   =   -145221.9815  EKtot   =      3888.0354  EPtot      =   -149110.0169
 BOND   =        62.3686  ANGLE   =       247.6846  DIHED      =       836.9522
 1-4 NB =       263.6467  1-4 EEL =     -3635.0727  VDWAALS    =     25283.5154
 EELEC  =   -172169.1117  EHBOND  =         0.0000  RESTRAINT  =         0.0000
 ------------------------------------------------------------------------------


 NSTEP =      200   TIME(PS) =       5.400  TEMP(K) =    54.65  PRESS =     0.0
 Etot   =   -144994.8150  EKtot   =      4022.2173  EPtot      =   -149017.0323
 BOND   =        62.0241  ANGLE   =       253.3931  DIHED      =       845.6636
 1-4 NB =       267.8016  1-4 EEL =     -3627.9995  VDWAALS    =     25211.2289
 EELEC  =   -172029.1440  EHBOND  =         0.0000  RESTRAINT  =         0.0000
 ------------------------------------------------------------------------------


 NSTEP =      250   TIME(PS) =       5.500  TEMP(K) =    56.40  PRESS =     0.0
 Etot   =   -144775.4964  EKtot   =      4151.2827  EPtot      =   -148926.7791
 BOND   =        62.5805  ANGLE   =       257.1411  DIHED      =       848.0558
 1-4 NB =       263.1155  1-4 EEL =     -3643.0439  VDWAALS    =     25200.1548
 EELEC  =   -171914.7829  EHBOND  =         0.0000  RESTRAINT  =         0.0000
 ------------------------------------------------------------------------------


 NSTEP =      300   TIME(PS) =       5.600  TEMP(K) =    57.20  PRESS =     0.0
 Etot   =   -144564.6739  EKtot   =      4209.8706  EPtot      =   -148774.5445
 BOND   =        67.3823  ANGLE   =       261.4135  DIHED      =       837.0012
 1-4 NB =       263.1638  1-4 EEL =     -3646.1012  VDWAALS    =     25205.2719
 EELEC  =   -171762.6758  EHBOND  =         0.0000  RESTRAINT  =         0.0000
 ------------------------------------------------------------------------------


 NSTEP =      350   TIME(PS) =       5.700  TEMP(K) =    58.66  PRESS =     0.0
 Etot   =   -144359.8252  EKtot   =      4317.2002  EPtot      =   -148677.0254
 BOND   =        61.7474  ANGLE   =       254.3710  DIHED      =       836.7457
 1-4 NB =       265.9183  1-4 EEL =     -3628.6772  VDWAALS    =     25021.9705
 EELEC  =   -171489.1009  EHBOND  =         0.0000  RESTRAINT  =         0.0000
 ------------------------------------------------------------------------------


 NSTEP =      400   TIME(PS) =       5.800  TEMP(K) =    59.73  PRESS =     0.0
 Etot   =   -144161.5530  EKtot   =      4396.2358  EPtot      =   -148557.7888
 BOND   =        63.8346  ANGLE   =       251.6230  DIHED      =       850.1722
 1-4 NB =       267.3051  1-4 EEL =     -3639.3245  VDWAALS    =     25138.0649
 EELEC  =   -171489.4642  EHBOND  =         0.0000  RESTRAINT  =         0.0000
 ------------------------------------------------------------------------------


 NSTEP =      450   TIME(PS) =       5.900  TEMP(K) =    61.63  PRESS =     0.0
 Etot   =   -143969.4634  EKtot   =      4536.0996  EPtot      =   -148505.5630
 BOND   =        64.9374  ANGLE   =       253.5896  DIHED      =       848.8934
 1-4 NB =       265.6270  1-4 EEL =     -3632.6385  VDWAALS    =     25133.6919
 EELEC  =   -171439.6638  EHBOND  =         0.0000  RESTRAINT  =         0.0000
 ------------------------------------------------------------------------------


 NSTEP =      500   TIME(PS) =       6.000  TEMP(K) =    62.87  PRESS =     0.0
 Etot   =   -143783.7282  EKtot   =      4626.8091  EPtot      =   -148410.5373
 BOND   =        65.3733  ANGLE   =       257.1094  DIHED      =       845.0709
 1-4 NB =       263.4229  1-4 EEL =     -3641.6526  VDWAALS    =     24917.2999
 EELEC  =   -171117.1610  EHBOND  =         0.0000  RESTRAINT  =         0.0000
 ------------------------------------------------------------------------------


 NSTEP =      550   TIME(PS) =       6.100  TEMP(K) =    64.42  PRESS =     0.0
 Etot   =   -143607.4204  EKtot   =      4741.0552  EPtot      =   -148348.4756
 BOND   =        63.5499  ANGLE   =       260.3598  DIHED      =       846.6878
 1-4 NB =       267.0160  1-4 EEL =     -3632.7612  VDWAALS    =     24886.4131
 EELEC  =   -171039.7410  EHBOND  =         0.0000  RESTRAINT  =         0.0000
 ------------------------------------------------------------------------------


 NSTEP =      600   TIME(PS) =       6.200  TEMP(K) =    65.53  PRESS =     0.0
 Etot   =   -143436.1321  EKtot   =      4822.6602  EPtot      =   -148258.7923
 BOND   =        62.1954  ANGLE   =       259.8549  DIHED      =       844.7583
 1-4 NB =       271.0978  1-4 EEL =     -3642.1077  VDWAALS    =     24878.6260
 EELEC  =   -170933.2170  EHBOND  =         0.0000  RESTRAINT  =         0.0000
 ------------------------------------------------------------------------------


 NSTEP =      650   TIME(PS) =       6.300  TEMP(K) =    66.59  PRESS =     0.0
 Etot   =   -143270.6197  EKtot   =      4901.2598  EPtot      =   -148171.8795
 BOND   =        62.8565  ANGLE   =       259.6787  DIHED      =       853.6255
 1-4 NB =       267.8099  1-4 EEL =     -3634.4925  VDWAALS    =     24924.0868
 EELEC  =   -170905.4443  EHBOND  =         0.0000  RESTRAINT  =         0.0000
 ------------------------------------------------------------------------------


 NSTEP =      700   TIME(PS) =       6.400  TEMP(K) =    67.94  PRESS =     0.0
 Etot   =   -143110.4753  EKtot   =      5000.3496  EPtot      =   -148110.8249
 BOND   =        66.6948  ANGLE   =       260.0845  DIHED      =       850.1529
 1-4 NB =       269.1090  1-4 EEL =     -3631.6781  VDWAALS    =     24901.0004
 EELEC  =   -170826.1884  EHBOND  =         0.0000  RESTRAINT  =         0.0000
 ------------------------------------------------------------------------------


 NSTEP =      750   TIME(PS) =       6.500  TEMP(K) =    69.06  PRESS =     0.0
 Etot   =   -142954.2634  EKtot   =      5082.7539  EPtot      =   -148037.0173
 BOND   =        70.0071  ANGLE   =       258.2962  DIHED      =       844.1197
 1-4 NB =       265.1557  1-4 EEL =     -3641.1352  VDWAALS    =     24903.5202
 EELEC  =   -170736.9810  EHBOND  =         0.0000  RESTRAINT  =         0.0000
 ------------------------------------------------------------------------------


 NSTEP =      800   TIME(PS) =       6.600  TEMP(K) =    70.53  PRESS =     0.0
 Etot   =   -142805.1938  EKtot   =      5191.2480  EPtot      =   -147996.4418
 BOND   =        68.2256  ANGLE   =       258.9201  DIHED      =       843.8814
 1-4 NB =       267.2881  1-4 EEL =     -3628.4429  VDWAALS    =     24804.6199
 EELEC  =   -170610.9342  EHBOND  =         0.0000  RESTRAINT  =         0.0000
 ------------------------------------------------------------------------------


 NSTEP =      850   TIME(PS) =       6.700  TEMP(K) =    71.25  PRESS =     0.0
 Etot   =   -142660.5051  EKtot   =      5244.2178  EPtot      =   -147904.7229
 BOND   =        65.6964  ANGLE   =       264.1481  DIHED      =       844.1351
 1-4 NB =       265.8285  1-4 EEL =     -3646.7828  VDWAALS    =     24905.0370
 EELEC  =   -170602.7852  EHBOND  =         0.0000  RESTRAINT  =         0.0000
 ------------------------------------------------------------------------------


 NSTEP =      900   TIME(PS) =       6.800  TEMP(K) =    71.53  PRESS =     0.0
 Etot   =   -142520.9419  EKtot   =      5264.3599  EPtot      =   -147785.3018
 BOND   =        63.4660  ANGLE   =       260.3009  DIHED      =       847.3931
 1-4 NB =       267.6262  1-4 EEL =     -3627.2355  VDWAALS    =     24848.4571
 EELEC  =   -170445.3095  EHBOND  =         0.0000  RESTRAINT  =         0.0000
 ------------------------------------------------------------------------------


 NSTEP =      950   TIME(PS) =       6.900  TEMP(K) =    73.50  PRESS =     0.0
 Etot   =   -142388.6920  EKtot   =      5409.5005  EPtot      =   -147798.1925
 BOND   =        68.3878  ANGLE   =       257.8021  DIHED      =       848.1104
 1-4 NB =       262.9961  1-4 EEL =     -3640.0032  VDWAALS    =     24988.5338
 EELEC  =   -170584.0196  EHBOND  =         0.0000  RESTRAINT  =         0.0000
 ------------------------------------------------------------------------------

check COM velocity, temp:        0.000042     0.00(Removed)

 NSTEP =     1000   TIME(PS) =       7.000  TEMP(K) =    74.22  PRESS =     0.0
 Etot   =   -142261.0814  EKtot   =      5462.5029  EPtot      =   -147723.5844
 BOND   =        67.4624  ANGLE   =       258.2640  DIHED      =       848.5919
 1-4 NB =       263.3422  1-4 EEL =     -3640.2264  VDWAALS    =     24861.1597
 EELEC  =   -170382.1782  EHBOND  =         0.0000  RESTRAINT  =         0.0000
 ------------------------------------------------------------------------------


 NSTEP =     1050   TIME(PS) =       7.100  TEMP(K) =    75.78  PRESS =     0.0
 Etot   =   -142138.2178  EKtot   =      5577.3369  EPtot      =   -147715.5547
 BOND   =        66.6154  ANGLE   =       262.4293  DIHED      =       843.7810
 1-4 NB =       267.5832  1-4 EEL =     -3632.7052  VDWAALS    =     24847.0494
 EELEC  =   -170370.3078  EHBOND  =         0.0000  RESTRAINT  =         0.0000
 ------------------------------------------------------------------------------


 NSTEP =     1100   TIME(PS) =       7.200  TEMP(K) =    76.43  PRESS =     0.0
 Etot   =   -142020.2738  EKtot   =      5625.0791  EPtot      =   -147645.3529
 BOND   =        69.8633  ANGLE   =       263.2593  DIHED      =       844.7110
 1-4 NB =       270.0844  1-4 EEL =     -3630.6426  VDWAALS    =     24912.8788
 EELEC  =   -170375.5072  EHBOND  =         0.0000  RESTRAINT  =         0.0000
 ------------------------------------------------------------------------------


 NSTEP =     1150   TIME(PS) =       7.300  TEMP(K) =    76.63  PRESS =     0.0
 Etot   =   -141902.9032  EKtot   =      5640.0762  EPtot      =   -147542.9794
 BOND   =        71.7183  ANGLE   =       268.5090  DIHED      =       842.7109
 1-4 NB =       270.5910  1-4 EEL =     -3632.1080  VDWAALS    =     24739.2698
 EELEC  =   -170103.6703  EHBOND  =         0.0000  RESTRAINT  =         0.0000
 ------------------------------------------------------------------------------


 NSTEP =     1200   TIME(PS) =       7.400  TEMP(K) =    78.30  PRESS =     0.0
 Etot   =   -141793.7626  EKtot   =      5762.8213  EPtot      =   -147556.5839
 BOND   =        64.2596  ANGLE   =       261.4505  DIHED      =       849.5831
 1-4 NB =       267.7364  1-4 EEL =     -3622.9563  VDWAALS    =     24845.9109
 EELEC  =   -170222.5681  EHBOND  =         0.0000  RESTRAINT  =         0.0000
 ------------------------------------------------------------------------------


 NSTEP =     1250   TIME(PS) =       7.500  TEMP(K) =    77.93  PRESS =     0.0
 Etot   =   -141687.8221  EKtot   =      5735.5820  EPtot      =   -147423.4041
 BOND   =        69.3341  ANGLE   =       265.4072  DIHED      =       846.0299
 1-4 NB =       265.7293  1-4 EEL =     -3633.4242  VDWAALS    =     24783.9959
 EELEC  =   -170020.4764  EHBOND  =         0.0000  RESTRAINT  =         0.0000
 ------------------------------------------------------------------------------


 NSTEP =     1300   TIME(PS) =       7.600  TEMP(K) =    79.36  PRESS =     0.0
 Etot   =   -141585.0057  EKtot   =      5840.9053  EPtot      =   -147425.9110
 BOND   =        67.9616  ANGLE   =       267.8318  DIHED      =       844.2020
 1-4 NB =       271.8695  1-4 EEL =     -3642.9695  VDWAALS    =     24688.5085
 EELEC  =   -169923.3149  EHBOND  =         0.0000  RESTRAINT  =         0.0000
 ------------------------------------------------------------------------------


 NSTEP =     1350   TIME(PS) =       7.700  TEMP(K) =    79.80  PRESS =     0.0
 Etot   =   -141484.4375  EKtot   =      5872.8828  EPtot      =   -147357.3204
 BOND   =        69.1994  ANGLE   =       252.4137  DIHED      =       855.2956
 1-4 NB =       268.2463  1-4 EEL =     -3641.3025  VDWAALS    =     24790.5334
 EELEC  =   -169951.7063  EHBOND  =         0.0000  RESTRAINT  =         0.0000
 ------------------------------------------------------------------------------


 NSTEP =     1400   TIME(PS) =       7.800  TEMP(K) =    80.97  PRESS =     0.0
 Etot   =   -141388.8096  EKtot   =      5959.5410  EPtot      =   -147348.3506
 BOND   =        69.3179  ANGLE   =       272.9241  DIHED      =       854.9005
 1-4 NB =       263.2146  1-4 EEL =     -3636.7704  VDWAALS    =     24734.2874
 EELEC  =   -169906.2247  EHBOND  =         0.0000  RESTRAINT  =         0.0000
 ------------------------------------------------------------------------------


 NSTEP =     1450   TIME(PS) =       7.900  TEMP(K) =    81.26  PRESS =     0.0
 Etot   =   -141295.8741  EKtot   =      5980.4854  EPtot      =   -147276.3594
 BOND   =        68.3721  ANGLE   =       263.3032  DIHED      =       855.6068
 1-4 NB =       269.9883  1-4 EEL =     -3627.6017  VDWAALS    =     24765.9902
 EELEC  =   -169872.0183  EHBOND  =         0.0000  RESTRAINT  =         0.0000
 ------------------------------------------------------------------------------


 NSTEP =     1500   TIME(PS) =       8.000  TEMP(K) =    82.41  PRESS =     0.0
 Etot   =   -141208.0968  EKtot   =      6065.3545  EPtot      =   -147273.4513
 BOND   =        65.7365  ANGLE   =       272.8817  DIHED      =       851.6168
 1-4 NB =       266.1105  1-4 EEL =     -3639.8714  VDWAALS    =     24676.1291
 EELEC  =   -169766.0545  EHBOND  =         0.0000  RESTRAINT  =         0.0000
 ------------------------------------------------------------------------------


 NSTEP =     1550   TIME(PS) =       8.100  TEMP(K) =    82.81  PRESS =     0.0
 Etot   =   -141122.6566  EKtot   =      6094.5674  EPtot      =   -147217.2240
 BOND   =        70.7803  ANGLE   =       277.3152  DIHED      =       844.7399
 1-4 NB =       261.7420  1-4 EEL =     -3643.5190  VDWAALS    =     24776.6689
 EELEC  =   -169804.9513  EHBOND  =         0.0000  RESTRAINT  =         0.0000
 ------------------------------------------------------------------------------


 NSTEP =     1600   TIME(PS) =       8.200  TEMP(K) =    83.61  PRESS =     0.0
 Etot   =   -141042.2539  EKtot   =      6153.3711  EPtot      =   -147195.6250
 BOND   =        67.2667  ANGLE   =       272.7176  DIHED      =       852.4827
 1-4 NB =       269.6803  1-4 EEL =     -3646.1762  VDWAALS    =     24700.1268
 EELEC  =   -169711.7229  EHBOND  =         0.0000  RESTRAINT  =         0.0000
 ------------------------------------------------------------------------------


 NSTEP =     1650   TIME(PS) =       8.300  TEMP(K) =    84.52  PRESS =     0.0
 Etot   =   -140961.9440  EKtot   =      6220.6133  EPtot      =   -147182.5573
 BOND   =        67.7476  ANGLE   =       263.4187  DIHED      =       856.4635
 1-4 NB =       269.5799  1-4 EEL =     -3632.3446  VDWAALS    =     24797.7013
 EELEC  =   -169805.1237  EHBOND  =         0.0000  RESTRAINT  =         0.0000
 ------------------------------------------------------------------------------


 NSTEP =     1700   TIME(PS) =       8.400  TEMP(K) =    84.95  PRESS =     0.0
 Etot   =   -140887.7428  EKtot   =      6251.8457  EPtot      =   -147139.5885
 BOND   =        75.0951  ANGLE   =       274.5884  DIHED      =       856.8424
 1-4 NB =       265.0096  1-4 EEL =     -3643.2427  VDWAALS    =     24997.6085
 EELEC  =   -169965.4899  EHBOND  =         0.0000  RESTRAINT  =         0.0000
 ------------------------------------------------------------------------------


 NSTEP =     1750   TIME(PS) =       8.500  TEMP(K) =    85.18  PRESS =     0.0
 Etot   =   -140816.6739  EKtot   =      6269.3423  EPtot      =   -147086.0162
 BOND   =        72.0642  ANGLE   =       270.9515  DIHED      =       851.3623
 1-4 NB =       264.4447  1-4 EEL =     -3642.7419  VDWAALS    =     24945.4872
 EELEC  =   -169847.5841  EHBOND  =         0.0000  RESTRAINT  =         0.0000
 ------------------------------------------------------------------------------


 NSTEP =     1800   TIME(PS) =       8.600  TEMP(K) =    86.37  PRESS =     0.0
 Etot   =   -140749.8904  EKtot   =      6356.4492  EPtot      =   -147106.3396
 BOND   =        69.2930  ANGLE   =       270.0864  DIHED      =       858.9898
 1-4 NB =       271.0793  1-4 EEL =     -3633.0443  VDWAALS    =     24698.1549
 EELEC  =   -169640.8988  EHBOND  =         0.0000  RESTRAINT  =         0.0000
 ------------------------------------------------------------------------------


 NSTEP =     1850   TIME(PS) =       8.700  TEMP(K) =    86.44  PRESS =     0.0
 Etot   =   -140683.0354  EKtot   =      6362.0054  EPtot      =   -147045.0408
 BOND   =        74.2510  ANGLE   =       268.5452  DIHED      =       851.6443
 1-4 NB =       272.7890  1-4 EEL =     -3645.8337  VDWAALS    =     24775.4684
 EELEC  =   -169641.9050  EHBOND  =         0.0000  RESTRAINT  =         0.0000
 ------------------------------------------------------------------------------


 NSTEP =     1900   TIME(PS) =       8.800  TEMP(K) =    86.47  PRESS =     0.0
 Etot   =   -140614.8510  EKtot   =      6363.8203  EPtot      =   -146978.6713
 BOND   =        75.9105  ANGLE   =       270.7692  DIHED      =       859.9969
 1-4 NB =       265.9684  1-4 EEL =     -3652.1060  VDWAALS    =     24658.5526
 EELEC  =   -169457.7629  EHBOND  =         0.0000  RESTRAINT  =         0.0000
 ------------------------------------------------------------------------------


 NSTEP =     1950   TIME(PS) =       8.900  TEMP(K) =    87.89  PRESS =     0.0
 Etot   =   -140554.0028  EKtot   =      6468.4209  EPtot      =   -147022.4237
 BOND   =        71.7253  ANGLE   =       279.0351  DIHED      =       848.3319
 1-4 NB =       272.9132  1-4 EEL =     -3645.6087  VDWAALS    =     24811.3912
 EELEC  =   -169660.2117  EHBOND  =         0.0000  RESTRAINT  =         0.0000
 ------------------------------------------------------------------------------

check COM velocity, temp:        0.000008     0.00(Removed)

 NSTEP =     2000   TIME(PS) =       9.000  TEMP(K) =    87.94  PRESS =     0.0
 Etot   =   -140496.5025  EKtot   =      6472.1270  EPtot      =   -146968.6295
 BOND   =        71.2802  ANGLE   =       280.2625  DIHED      =       848.8447
 1-4 NB =       269.5380  1-4 EEL =     -3658.0942  VDWAALS    =     24764.3942
 EELEC  =   -169544.8550  EHBOND  =         0.0000  RESTRAINT  =         0.0000
 ------------------------------------------------------------------------------


 NSTEP =     2050   TIME(PS) =       9.100  TEMP(K) =    88.71  PRESS =     0.0
 Etot   =   -140439.9846  EKtot   =      6529.2158  EPtot      =   -146969.2004
 BOND   =        79.1529  ANGLE   =       274.9360  DIHED      =       856.7093
 1-4 NB =       264.9346  1-4 EEL =     -3645.6417  VDWAALS    =     24630.6458
 EELEC  =   -169429.9374  EHBOND  =         0.0000  RESTRAINT  =         0.0000
 ------------------------------------------------------------------------------


 NSTEP =     2100   TIME(PS) =       9.200  TEMP(K) =    88.13  PRESS =     0.0
 Etot   =   -140385.6886  EKtot   =      6486.1992  EPtot      =   -146871.8879
 BOND   =        75.1348  ANGLE   =       277.0085  DIHED      =       853.1027
 1-4 NB =       277.9639  1-4 EEL =     -3642.6407  VDWAALS    =     24876.7068
 EELEC  =   -169589.1638  EHBOND  =         0.0000  RESTRAINT  =         0.0000
 ------------------------------------------------------------------------------


 NSTEP =     2150   TIME(PS) =       9.300  TEMP(K) =    89.91  PRESS =     0.0
 Etot   =   -140332.5698  EKtot   =      6617.1367  EPtot      =   -146949.7065
 BOND   =        72.6256  ANGLE   =       286.6810  DIHED      =       856.1669
 1-4 NB =       265.5700  1-4 EEL =     -3638.8701  VDWAALS    =     24796.0369
 EELEC  =   -169587.9167  EHBOND  =         0.0000  RESTRAINT  =         0.0000
 ------------------------------------------------------------------------------


 NSTEP =     2200   TIME(PS) =       9.400  TEMP(K) =    89.23  PRESS =     0.0
 Etot   =   -140283.2916  EKtot   =      6567.0659  EPtot      =   -146850.3575
 BOND   =        79.2378  ANGLE   =       271.5814  DIHED      =       858.5712
 1-4 NB =       270.2139  1-4 EEL =     -3632.2062  VDWAALS    =     24775.6502
 EELEC  =   -169473.4056  EHBOND  =         0.0000  RESTRAINT  =         0.0000
 ------------------------------------------------------------------------------


 NSTEP =     2250   TIME(PS) =       9.500  TEMP(K) =    90.52  PRESS =     0.0
 Etot   =   -140235.0541  EKtot   =      6662.2969  EPtot      =   -146897.3510
 BOND   =        77.4221  ANGLE   =       281.0218  DIHED      =       847.9890
 1-4 NB =       273.3545  1-4 EEL =     -3629.2931  VDWAALS    =     24587.5599
 EELEC  =   -169335.4052  EHBOND  =         0.0000  RESTRAINT  =         0.0000
 ------------------------------------------------------------------------------


 NSTEP =     2300   TIME(PS) =       9.600  TEMP(K) =    91.01  PRESS =     0.0
 Etot   =   -140187.9676  EKtot   =      6698.5176  EPtot      =   -146886.4852
 BOND   =        74.5883  ANGLE   =       281.0950  DIHED      =       855.5929
 1-4 NB =       265.6745  1-4 EEL =     -3638.1419  VDWAALS    =     24505.3233
 EELEC  =   -169230.6173  EHBOND  =         0.0000  RESTRAINT  =         0.0000
 ------------------------------------------------------------------------------


 NSTEP =     2350   TIME(PS) =       9.700  TEMP(K) =    91.31  PRESS =     0.0
 Etot   =   -140145.7543  EKtot   =      6720.5059  EPtot      =   -146866.2602
 BOND   =        73.3036  ANGLE   =       274.6910  DIHED      =       864.9751
 1-4 NB =       271.5435  1-4 EEL =     -3624.1945  VDWAALS    =     24632.9831
 EELEC  =   -169359.5621  EHBOND  =         0.0000  RESTRAINT  =         0.0000
 ------------------------------------------------------------------------------


 NSTEP =     2400   TIME(PS) =       9.800  TEMP(K) =    91.22  PRESS =     0.0
 Etot   =   -140103.9821  EKtot   =      6713.5337  EPtot      =   -146817.5158
 BOND   =        73.8934  ANGLE   =       275.1031  DIHED      =       859.9837
 1-4 NB =       270.4059  1-4 EEL =     -3630.3418  VDWAALS    =     24629.9995
 EELEC  =   -169296.5595  EHBOND  =         0.0000  RESTRAINT  =         0.0000
 ------------------------------------------------------------------------------


 NSTEP =     2450   TIME(PS) =       9.900  TEMP(K) =    92.81  PRESS =     0.0
 Etot   =   -140064.1136  EKtot   =      6830.6001  EPtot      =   -146894.7137
 BOND   =        82.8056  ANGLE   =       291.3398  DIHED      =       850.5647
 1-4 NB =       264.9333  1-4 EEL =     -3640.9321  VDWAALS    =     24649.3852
 EELEC  =   -169392.8103  EHBOND  =         0.0000  RESTRAINT  =         0.0000
 ------------------------------------------------------------------------------


 NSTEP =     2500   TIME(PS) =      10.000  TEMP(K) =    91.68  PRESS =     0.0
 Etot   =   -140026.3130  EKtot   =      6747.6074  EPtot      =   -146773.9204
 BOND   =        78.4857  ANGLE   =       283.7934  DIHED      =       850.6747
 1-4 NB =       271.3488  1-4 EEL =     -3644.9788  VDWAALS    =     24792.6549
 EELEC  =   -169405.8992  EHBOND  =         0.0000  RESTRAINT  =         0.0000
 ------------------------------------------------------------------------------


      A V E R A G E S   O V E R      50 S T E P S


 NSTEP =     2500   TIME(PS) =      10.000  TEMP(K) =    76.18  PRESS =     0.0
 Etot   =   -142052.8909  EKtot   =      5607.0262  EPtot      =   -147659.9171
 BOND   =        69.1108  ANGLE   =       266.3514  DIHED      =       849.3724
 1-4 NB =       267.4914  1-4 EEL =     -3637.7693  VDWAALS    =     24865.1986
 EELEC  =   -170339.6726  EHBOND  =         0.0000  RESTRAINT  =         0.0000
 ------------------------------------------------------------------------------


      R M S  F L U C T U A T I O N S


 NSTEP =     2500   TIME(PS) =      10.000  TEMP(K) =    12.40  PRESS =     0.0
 Etot   =      1645.2131  EKtot   =       912.4901  EPtot      =       734.6739
 BOND   =         5.3103  ANGLE   =        10.1294  DIHED      =         6.5043
 1-4 NB =         3.3993  1-4 EEL =         7.3438  VDWAALS    =       193.5674
 EELEC  =       890.9161  EHBOND  =         0.0000  RESTRAINT  =         0.0000
 ------------------------------------------------------------------------------

--------------------------------------------------------------------------------
   5.  TIMINGS
--------------------------------------------------------------------------------

|  NonSetup CPU Time in Major Routines:
|
|     Routine           Sec        %
|     ------------------------------
|     Nonbond           0.22    9.04
|     Bond              0.00    0.00
|     Angle             0.00    0.00
|     Dihedral          0.00    0.00
|     Shake             0.02    0.73
|     RunMD             2.18   90.09
|     Other             0.00    0.14
|     ------------------------------
|     Total             2.42

|  PME Nonbond Pairlist CPU Time:
|
|     Routine              Sec        %
|     ---------------------------------
|     Set Up Cit           0.00    0.00
|     Build List           0.00    0.00
|     ---------------------------------
|     Total                0.00    0.00

|  PME Direct Force CPU Time:
|
|     Routine              Sec        %
|     ---------------------------------
|     NonBonded Calc       0.00    0.00
|     Exclude Masked       0.00    0.00
|     Other                0.00    0.10
|     ---------------------------------
|     Total                0.00    0.10

|  PME Reciprocal Force CPU Time:
|
|     Routine              Sec        %
|     ---------------------------------
|     1D bspline           0.00    0.00
|     Grid Charges         0.00    0.00
|     Scalar Sum           0.00    0.00
|     Gradient Sum         0.00    0.00
|     FFT                  0.00    0.00
|     ---------------------------------
|     Total                0.00    0.00

|  Final Performance Info:
|     -----------------------------------------------------
|     Average timings for last    2450 steps:
|     Elapsed(s) =       2.37 Per Step(ms) =       0.97
|         ns/day =     178.71   seconds/ns =     483.45
|
|     Average timings for all steps:
|     Elapsed(s) =       2.42 Per Step(ms) =       0.97
|         ns/day =     178.57   seconds/ns =     483.85
|     -----------------------------------------------------

|  Setup CPU time:            0.69 seconds
|  NonSetup CPU time:         2.42 seconds
|  Total CPU time:            3.11 seconds     0.00 hours

|  Setup wall time:           0    seconds
|  NonSetup wall time:        3    seconds
|  Total wall time:           3    seconds     0.00 hours
