
          -------------------------------------------------------
          Amber 16 PMEMD                              2016
          -------------------------------------------------------

| PMEMD implementation of SANDER, Release 16

| Run on 01/29/2021 at 10:56:08

|   Executable path: pmemd.cuda
| Working directory: /home/kyq/T7RNADNA/4/nLC4
|          Hostname: gpu01

  [-O]verwriting output

File Assignments:
|   MDIN: min3.in                                                               
|  MDOUT: cmp_min3.out                                                          
| INPCRD: cmp_min2.rst                                                          
|   PARM: cmp.prmtop                                                            
| RESTRT: cmp_heat0.rst                                                         
|   REFC: cmp.inpcrd                                                            
|  MDVEL: mdvel                                                                 
|   MDEN: mden                                                                  
|  MDCRD: mdcrd                                                                 
| MDINFO: mdinfo                                                                
|  MDFRC: mdfrc                                                                 

 
 Here is the input file:
 
Initial minimisation of our structures                                         
 &cntrl                                                                        
  imin=1, maxcyc=10000, ncyc=5000,                                             
  cut=10, ntb=1,                                                               
/                                                                              


Note: ig = -1. Setting random seed to   547758 based on wallclock time in 
      microseconds.
 
|--------------------- INFORMATION ----------------------
| GPU (CUDA) Version of PMEMD in use: NVIDIA GPU IN USE.
|                    Version 16.0.0
| 
|                      02/25/2016
| 
| Implementation by:
|                    Ross C. Walker     (SDSC)
|                    Scott Le Grand     (nVIDIA)
| 
| Precision model in use:
|      [SPFP] - Single Precision Forces, 64-bit Fixed Point
|               Accumulation. (Default)
| 
|--------------------------------------------------------
 
|----------------- CITATION INFORMATION -----------------
|
|    When publishing work that utilized the CUDA version
|    of AMBER, please cite the following in addition to
|    the regular AMBER citations:
|
|  - Romelia Salomon-Ferrer; Andreas W. Goetz; Duncan
|    Poole; Scott Le Grand; Ross C. Walker "Routine
|    microsecond molecular dynamics simulations with
|    AMBER - Part II: Particle Mesh Ewald", J. Chem.
|    Theory Comput., 2013, 9 (9), pp3878-3888,
|    DOI: 10.1021/ct400314y.
|
|  - Andreas W. Goetz; Mark J. Williamson; Dong Xu;
|    Duncan Poole; Scott Le Grand; Ross C. Walker
|    "Routine microsecond molecular dynamics simulations
|    with AMBER - Part I: Generalized Born", J. Chem.
|    Theory Comput., 2012, 8 (5), pp1542-1555.
|
|  - Scott Le Grand; Andreas W. Goetz; Ross C. Walker
|    "SPFP: Speed without compromise - a mixed precision
|    model for GPU accelerated molecular dynamics
|    simulations.", Comp. Phys. Comm., 2013, 184
|    pp374-380, DOI: 10.1016/j.cpc.2012.09.022
|
|--------------------------------------------------------
 
|------------------- GPU DEVICE INFO --------------------
|
|            CUDA_VISIBLE_DEVICES: 0
|   CUDA Capable Devices Detected:      1
|           CUDA Device ID in use:      0
|                CUDA Device Name: Tesla P100-PCIE-16GB
|     CUDA Device Global Mem Size:  16276 MB
| CUDA Device Num Multiprocessors:     56
|           CUDA Device Core Freq:   1.33 GHz
|
|--------------------------------------------------------
 
 
| Conditional Compilation Defines Used:
| PUBFFT
| BINTRAJ
| CUDA
| EMIL
 
| Largest sphere to fit in unit cell has radius =    33.487

| New format PARM file being parsed.
| Version =    1.000 Date = 01/29/21 Time = 10:55:02

| Note: 1-4 EEL scale factors are being read from the topology file.

| Note: 1-4 VDW scale factors are being read from the topology file.
| Duplicated    0 dihedrals

| Duplicated    0 dihedrals

--------------------------------------------------------------------------------
   1.  RESOURCE   USE: 
--------------------------------------------------------------------------------

 getting box info from netcdf restart file
 NATOM  =   37690 NTYPES =      18 NBONH =   36951 MBONA  =     790
 NTHETH =     882 MTHETA =    1223 NPHIH =    1873 MPHIA  =    2454
 NHPARM =       0 NPARM  =       0 NNB   =   54850 NRES   =   12256
 NBONA  =     790 NTHETA =    1223 NPHIA =    2454 NUMBND =      73
 NUMANG =     152 NPTRA  =      87 NATYP =      37 NPHB   =       1
 IFBOX  =       2 NMXRS  =      34 IFCAP =       0 NEXTRA =       0
 NCOPY  =       0

| Coordinate Index Table dimensions:    13   13   13
| Direct force subcell size =     6.3096    6.3096    6.3096

     BOX TYPE: TRUNCATED OCTAHEDRON

--------------------------------------------------------------------------------
   2.  CONTROL  DATA  FOR  THE  RUN
--------------------------------------------------------------------------------

default_name                                                                    

General flags:
     imin    =       1, nmropt  =       0

Nature and format of input:
     ntx     =       1, irest   =       0, ntrx    =       1

Nature and format of output:
     ntxo    =       2, ntpr    =      50, ntrx    =       1, ntwr    =       1
     iwrap   =       0, ntwx    =       0, ntwv    =       0, ntwe    =       0
     ioutfm  =       1, ntwprt  =       0, idecomp =       0, rbornstat=      0

Potential function:
     ntf     =       1, ntb     =       1, igb     =       0, nsnb    =      25
     ipol    =       0, gbsa    =       0, iesp    =       0
     dielc   =   1.00000, cut     =  10.00000, intdiel =   1.00000

Frozen or restrained atoms:
     ibelly  =       0, ntr     =       0

Energy minimization:
     maxcyc  =   10000, ncyc    =    5000, ntmin   =       1
     dx0     =   0.01000, drms    =   0.00010

| Intermolecular bonds treatment:
|     no_intermolecular_bonds =       1

| Energy averages sample interval:
|     ene_avg_sampling =       1

Ewald parameters:
     verbose =       0, ew_type =       0, nbflag  =       1, use_pme =       1
     vdwmeth =       1, eedmeth =       1, netfrc  =       0
     Box X =   82.025   Box Y =   82.025   Box Z =   82.025
     Alpha =  109.471   Beta  =  109.471   Gamma =  109.471
     NFFT1 =   84       NFFT2 =   84       NFFT3 =   84
     Cutoff=   10.000   Tol   =0.100E-04
     Ewald Coefficient =  0.27511
     Interpolation order =    4

--------------------------------------------------------------------------------
   3.  ATOMIC COORDINATES AND VELOCITIES
--------------------------------------------------------------------------------

default_name                                                                    
 begin time read from input coords =     0.000 ps

 
 Number of triangulated 3-point waters found:    12190

     Sum of charges from parm topology file =   0.00000012
     Forcing neutrality...

| Dynamic Memory, Types Used:
| Reals              974305
| Integers           902919

| Nonbonded Pairs Initial Allocation:    11400282

| GPU memory information (estimate):
| KB of GPU memory in use:    208607
| KB of CPU memory in use:     63455

--------------------------------------------------------------------------------
   4.  RESULTS
--------------------------------------------------------------------------------

 ---------------------------------------------------
 APPROXIMATING switch and d/dx switch using CUBIC SPLINE INTERPOLATION
 using   5000.0 points per unit in tabled values
 TESTING RELATIVE ERROR over r ranging from 0.0 to cutoff
| CHECK switch(x): max rel err =   0.3316E-14   at   2.351880
| CHECK d/dx switch(x): max rel err =   0.8066E-11   at   2.747240
 ---------------------------------------------------
|---------------------------------------------------
| APPROXIMATING direct energy using CUBIC SPLINE INTERPOLATION
|  with   50.0 points per unit in tabled values
| Relative Error Limit not exceeded for r .gt.   2.34
| APPROXIMATING direct force using CUBIC SPLINE INTERPOLATION
|  with   50.0 points per unit in tabled values
| Relative Error Limit not exceeded for r .gt.   2.81
|---------------------------------------------------


   NSTEP       ENERGY          RMS            GMAX         NAME    NUMBER
      1      -1.6656E+05     1.7215E-01     2.0144E+01     H1       9021

 BOND    =    12559.3090  ANGLE   =      253.4595  DIHED      =      811.3268
 VDWAALS =    32305.6860  EEL     =  -208269.0137  HBOND      =        0.0000
 1-4 VDW =      255.4875  1-4 EEL =    -4476.4730  RESTRAINT  =        0.0000


   NSTEP       ENERGY          RMS            GMAX         NAME    NUMBER
     50      -1.6657E+05     6.3126E-02     9.9932E+00     H2       9022

 BOND    =    12559.8660  ANGLE   =      253.0215  DIHED      =      810.8944
 VDWAALS =    32304.3777  EEL     =  -208272.5177  HBOND      =        0.0000
 1-4 VDW =      255.6220  1-4 EEL =    -4476.8117  RESTRAINT  =        0.0000


   NSTEP       ENERGY          RMS            GMAX         NAME    NUMBER
    100      -1.6657E+05     2.3004E-02     1.8463E+00     H1       9021

 BOND    =    12558.3111  ANGLE   =      252.9524  DIHED      =      810.8217
 VDWAALS =    32305.0130  EEL     =  -208272.9043  HBOND      =        0.0000
 1-4 VDW =      255.6305  1-4 EEL =    -4476.7977  RESTRAINT  =        0.0000


   NSTEP       ENERGY          RMS            GMAX         NAME    NUMBER
    150      -1.6657E+05     5.6867E-02     9.8137E+00     P         623

 BOND    =    12558.5596  ANGLE   =      252.8876  DIHED      =      810.7996
 VDWAALS =    32305.9044  EEL     =  -208275.1155  HBOND      =        0.0000
 1-4 VDW =      255.6416  1-4 EEL =    -4476.7868  RESTRAINT  =        0.0000


   NSTEP       ENERGY          RMS            GMAX         NAME    NUMBER
    200      -1.6657E+05     1.6275E-02     7.5202E-01     P         623

 BOND    =    12559.1604  ANGLE   =      252.8801  DIHED      =      810.7772
 VDWAALS =    32306.8040  EEL     =  -208277.7673  HBOND      =        0.0000
 1-4 VDW =      255.6578  1-4 EEL =    -4476.7762  RESTRAINT  =        0.0000


   NSTEP       ENERGY          RMS            GMAX         NAME    NUMBER
    250      -1.6657E+05     2.3855E-02     1.7246E+00     C6         12

 BOND    =    12559.3763  ANGLE   =      252.8537  DIHED      =      810.7652
 VDWAALS =    32307.8538  EEL     =  -208280.1865  HBOND      =        0.0000
 1-4 VDW =      255.6740  1-4 EEL =    -4476.7706  RESTRAINT  =        0.0000


   NSTEP       ENERGY          RMS            GMAX         NAME    NUMBER
    300      -1.6657E+05     1.5947E-02     6.9473E-01     H1      22752

 BOND    =    12559.5659  ANGLE   =      252.8330  DIHED      =      810.7577
 VDWAALS =    32308.9214  EEL     =  -208282.5546  HBOND      =        0.0000
 1-4 VDW =      255.6906  1-4 EEL =    -4476.7774  RESTRAINT  =        0.0000


   NSTEP       ENERGY          RMS            GMAX         NAME    NUMBER
    350      -1.6657E+05     3.8891E-02     4.5045E+00     C6         12

 BOND    =    12559.7932  ANGLE   =      252.7824  DIHED      =      810.7494
 VDWAALS =    32309.9608  EEL     =  -208284.8621  HBOND      =        0.0000
 1-4 VDW =      255.7176  1-4 EEL =    -4476.7819  RESTRAINT  =        0.0000


   NSTEP       ENERGY          RMS            GMAX         NAME    NUMBER
    400      -1.6657E+05     1.6288E-02     7.7320E-01     C6         12

 BOND    =    12559.9859  ANGLE   =      252.7964  DIHED      =      810.7391
 VDWAALS =    32311.0207  EEL     =  -208287.1935  HBOND      =        0.0000
 1-4 VDW =      255.7228  1-4 EEL =    -4476.7788  RESTRAINT  =        0.0000


   NSTEP       ENERGY          RMS            GMAX         NAME    NUMBER
    450      -1.6657E+05     1.7375E-02     1.1405E+00     C6         12

 BOND    =    12560.1956  ANGLE   =      252.7853  DIHED      =      810.7292
 VDWAALS =    32312.0824  EEL     =  -208289.5423  HBOND      =        0.0000
 1-4 VDW =      255.7378  1-4 EEL =    -4476.7833  RESTRAINT  =        0.0000


   NSTEP       ENERGY          RMS            GMAX         NAME    NUMBER
    500      -1.6658E+05     4.9337E-02     5.7425E+00     C6         12

 BOND    =    12560.4884  ANGLE   =      252.7361  DIHED      =      810.7172
 VDWAALS =    32313.1548  EEL     =  -208291.8954  HBOND      =        0.0000
 1-4 VDW =      255.7588  1-4 EEL =    -4476.7712  RESTRAINT  =        0.0000


   NSTEP       ENERGY          RMS            GMAX         NAME    NUMBER
    550      -1.6658E+05     1.8665E-02     1.3952E+00     C6         12

 BOND    =    12560.5944  ANGLE   =      252.7749  DIHED      =      810.7098
 VDWAALS =    32314.2256  EEL     =  -208294.1732  HBOND      =        0.0000
 1-4 VDW =      255.7686  1-4 EEL =    -4476.7985  RESTRAINT  =        0.0000


   NSTEP       ENERGY          RMS            GMAX         NAME    NUMBER
    600      -1.6658E+05     4.2885E-02     3.3343E+00     N3         21

 BOND    =    12560.7861  ANGLE   =      252.8258  DIHED      =      810.7003
 VDWAALS =    32315.3214  EEL     =  -208296.5501  HBOND      =        0.0000
 1-4 VDW =      255.7725  1-4 EEL =    -4476.8146  RESTRAINT  =        0.0000


   NSTEP       ENERGY          RMS            GMAX         NAME    NUMBER
    650      -1.6658E+05     1.6711E-02     8.7676E-01     C6         12

 BOND    =    12561.0236  ANGLE   =      252.7521  DIHED      =      810.6884
 VDWAALS =    32316.3405  EEL     =  -208298.8406  HBOND      =        0.0000
 1-4 VDW =      255.7965  1-4 EEL =    -4476.8040  RESTRAINT  =        0.0000


   NSTEP       ENERGY          RMS            GMAX         NAME    NUMBER
    700      -1.6658E+05     4.0298E-02     3.5558E+00     C6        742

 BOND    =    12561.1748  ANGLE   =      252.8299  DIHED      =      810.6798
 VDWAALS =    32317.2643  EEL     =  -208300.8906  HBOND      =        0.0000
 1-4 VDW =      255.7879  1-4 EEL =    -4476.8272  RESTRAINT  =        0.0000


   NSTEP       ENERGY          RMS            GMAX         NAME    NUMBER
    750      -1.6658E+05     1.7259E-02     7.4591E-01     H2      33514

 BOND    =    12561.3743  ANGLE   =      252.7333  DIHED      =      810.6713
 VDWAALS =    32318.0952  EEL     =  -208302.8693  HBOND      =        0.0000
 1-4 VDW =      255.8237  1-4 EEL =    -4476.8115  RESTRAINT  =        0.0000


   NSTEP       ENERGY          RMS            GMAX         NAME    NUMBER
    800      -1.6658E+05     3.0791E-02     2.3019E+00     C6        742

 BOND    =    12561.5729  ANGLE   =      252.7020  DIHED      =      810.6630
 VDWAALS =    32318.9175  EEL     =  -208304.7700  HBOND      =        0.0000
 1-4 VDW =      255.8436  1-4 EEL =    -4476.8072  RESTRAINT  =        0.0000


   NSTEP       ENERGY          RMS            GMAX         NAME    NUMBER
    850      -1.6658E+05     4.7241E-02     3.4444E+00     C6        742

 BOND    =    12561.7734  ANGLE   =      252.6827  DIHED      =      810.6546
 VDWAALS =    32319.7207  EEL     =  -208306.7140  HBOND      =        0.0000
 1-4 VDW =      255.8606  1-4 EEL =    -4476.8046  RESTRAINT  =        0.0000


   NSTEP       ENERGY          RMS            GMAX         NAME    NUMBER
    900      -1.6658E+05     1.7240E-02     8.7542E-01     H2      28615

 BOND    =    12561.8550  ANGLE   =      252.7399  DIHED      =      810.6471
 VDWAALS =    32320.5763  EEL     =  -208308.7713  HBOND      =        0.0000
 1-4 VDW =      255.8516  1-4 EEL =    -4476.8275  RESTRAINT  =        0.0000


   NSTEP       ENERGY          RMS            GMAX         NAME    NUMBER
    950      -1.6659E+05     2.3588E-02     1.1889E+00     H1      33690

 BOND    =    12561.9959  ANGLE   =      252.7377  DIHED      =      810.6389
 VDWAALS =    32321.4354  EEL     =  -208310.8633  HBOND      =        0.0000
 1-4 VDW =      255.8629  1-4 EEL =    -4476.8317  RESTRAINT  =        0.0000


   NSTEP       ENERGY          RMS            GMAX         NAME    NUMBER
   1000      -1.6659E+05     1.6300E-02     9.9366E-01     H2      28615

 BOND    =    12562.2304  ANGLE   =      252.7364  DIHED      =      810.6312
 VDWAALS =    32322.2685  EEL     =  -208313.0157  HBOND      =        0.0000
 1-4 VDW =      255.8735  1-4 EEL =    -4476.8364  RESTRAINT  =        0.0000


   NSTEP       ENERGY          RMS            GMAX         NAME    NUMBER
   1050      -1.6659E+05     2.6399E-02     1.3074E+00     H1      33690

 BOND    =    12562.4980  ANGLE   =      252.7342  DIHED      =      810.6234
 VDWAALS =    32323.1057  EEL     =  -208315.2715  HBOND      =        0.0000
 1-4 VDW =      255.8834  1-4 EEL =    -4476.8408  RESTRAINT  =        0.0000


   NSTEP       ENERGY          RMS            GMAX         NAME    NUMBER
   1100      -1.6659E+05     4.9181E-02     2.6651E+00     H1      33690

 BOND    =    12562.8502  ANGLE   =      252.7312  DIHED      =      810.6156
 VDWAALS =    32323.9630  EEL     =  -208317.5730  HBOND      =        0.0000
 1-4 VDW =      255.8917  1-4 EEL =    -4476.8440  RESTRAINT  =        0.0000


   NSTEP       ENERGY          RMS            GMAX         NAME    NUMBER
   1150      -1.6659E+05     6.9100E-02     3.5010E+00     H1      33690

 BOND    =    12563.1996  ANGLE   =      252.7263  DIHED      =      810.6074
 VDWAALS =    32324.8586  EEL     =  -208319.9020  HBOND      =        0.0000
 1-4 VDW =      255.8969  1-4 EEL =    -4476.8452  RESTRAINT  =        0.0000


   NSTEP       ENERGY          RMS            GMAX         NAME    NUMBER
   1200      -1.6659E+05     3.7321E-02     1.9345E+00     C8        738

 BOND    =    12562.7914  ANGLE   =      252.7405  DIHED      =      810.5985
 VDWAALS =    32325.8411  EEL     =  -208321.7118  HBOND      =        0.0000
 1-4 VDW =      255.9323  1-4 EEL =    -4476.8519  RESTRAINT  =        0.0000


   NSTEP       ENERGY          RMS            GMAX         NAME    NUMBER
   1250      -1.6659E+05     5.4588E-02     4.4040E+00     P         555

 BOND    =    12563.1574  ANGLE   =      252.7600  DIHED      =      810.5882
 VDWAALS =    32326.8205  EEL     =  -208324.1861  HBOND      =        0.0000
 1-4 VDW =      255.9668  1-4 EEL =    -4476.8541  RESTRAINT  =        0.0000


   NSTEP       ENERGY          RMS            GMAX         NAME    NUMBER
   1300      -1.6659E+05     3.0171E-02     1.8728E+00     P         156

 BOND    =    12563.2751  ANGLE   =      252.7126  DIHED      =      810.5822
 VDWAALS =    32327.8643  EEL     =  -208326.3861  HBOND      =        0.0000
 1-4 VDW =      255.9152  1-4 EEL =    -4476.8640  RESTRAINT  =        0.0000


   NSTEP       ENERGY          RMS            GMAX         NAME    NUMBER
   1350      -1.6659E+05     1.5718E-02     1.0688E+00     H2      28615

 BOND    =    12563.4624  ANGLE   =      252.7262  DIHED      =      810.5688
 VDWAALS =    32328.9535  EEL     =  -208328.8141  HBOND      =        0.0000
 1-4 VDW =      255.9518  1-4 EEL =    -4476.8544  RESTRAINT  =        0.0000


   NSTEP       ENERGY          RMS            GMAX         NAME    NUMBER
   1400      -1.6660E+05     1.6383E-02     9.7557E-01     H2      28615

 BOND    =    12563.6450  ANGLE   =      252.7292  DIHED      =      810.5571
 VDWAALS =    32330.0719  EEL     =  -208331.2736  HBOND      =        0.0000
 1-4 VDW =      255.9648  1-4 EEL =    -4476.8532  RESTRAINT  =        0.0000


   NSTEP       ENERGY          RMS            GMAX         NAME    NUMBER
   1450      -1.6660E+05     4.5402E-02     3.6465E+00     C5        741

 BOND    =    12563.8858  ANGLE   =      252.6850  DIHED      =      810.5435
 VDWAALS =    32331.1708  EEL     =  -208333.6082  HBOND      =        0.0000
 1-4 VDW =      256.0078  1-4 EEL =    -4476.8216  RESTRAINT  =        0.0000


   NSTEP       ENERGY          RMS            GMAX         NAME    NUMBER
   1500      -1.6660E+05     1.5257E-02     7.5963E-01     H2      28615

 BOND    =    12564.0056  ANGLE   =      252.7188  DIHED      =      810.5302
 VDWAALS =    32332.2888  EEL     =  -208335.8650  HBOND      =        0.0000
 1-4 VDW =      255.9796  1-4 EEL =    -4476.8645  RESTRAINT  =        0.0000


   NSTEP       ENERGY          RMS            GMAX         NAME    NUMBER
   1550      -1.6660E+05     4.0071E-02     4.1612E+00     C6        674

 BOND    =    12564.1401  ANGLE   =      252.8031  DIHED      =      810.5141
 VDWAALS =    32333.4234  EEL     =  -208338.1232  HBOND      =        0.0000
 1-4 VDW =      255.9743  1-4 EEL =    -4476.8799  RESTRAINT  =        0.0000


   NSTEP       ENERGY          RMS            GMAX         NAME    NUMBER
   1600      -1.6660E+05     1.5747E-02     8.3720E-01     H2      29443

 BOND    =    12564.3442  ANGLE   =      252.7028  DIHED      =      810.4986
 VDWAALS =    32334.4102  EEL     =  -208340.0969  HBOND      =        0.0000
 1-4 VDW =      256.0070  1-4 EEL =    -4476.8586  RESTRAINT  =        0.0000


   NSTEP       ENERGY          RMS            GMAX         NAME    NUMBER
   1650      -1.6660E+05     3.3558E-02     3.3802E+00     C6        674

 BOND    =    12564.5511  ANGLE   =      252.6537  DIHED      =      810.4811
 VDWAALS =    32335.4234  EEL     =  -208342.1213  HBOND      =        0.0000
 1-4 VDW =      256.0292  1-4 EEL =    -4476.8502  RESTRAINT  =        0.0000


   NSTEP       ENERGY          RMS            GMAX         NAME    NUMBER
   1700      -1.6660E+05     1.4476E-02     1.0865E+00     H2      29443

 BOND    =    12564.6346  ANGLE   =      252.7163  DIHED      =      810.4611
 VDWAALS =    32336.5130  EEL     =  -208344.1988  HBOND      =        0.0000
 1-4 VDW =      256.0246  1-4 EEL =    -4476.8614  RESTRAINT  =        0.0000


   NSTEP       ENERGY          RMS            GMAX         NAME    NUMBER
   1750      -1.6660E+05     1.4960E-02     1.2409E+00     H2      29443

 BOND    =    12564.8062  ANGLE   =      252.7117  DIHED      =      810.4369
 VDWAALS =    32337.7210  EEL     =  -208346.4585  HBOND      =        0.0000
 1-4 VDW =      256.0328  1-4 EEL =    -4476.8640  RESTRAINT  =        0.0000


   NSTEP       ENERGY          RMS            GMAX         NAME    NUMBER
   1800      -1.6660E+05     3.6421E-02     4.0267E+00     C2        746

 BOND    =    12565.0225  ANGLE   =      252.7003  DIHED      =      810.4066
 VDWAALS =    32339.0403  EEL     =  -208348.9041  HBOND      =        0.0000
 1-4 VDW =      256.0279  1-4 EEL =    -4476.8919  RESTRAINT  =        0.0000


   NSTEP       ENERGY          RMS            GMAX         NAME    NUMBER
   1850      -1.6660E+05     1.5111E-02     1.4451E+00     H2      29443

 BOND    =    12565.1935  ANGLE   =      252.7215  DIHED      =      810.3794
 VDWAALS =    32340.3044  EEL     =  -208351.3665  HBOND      =        0.0000
 1-4 VDW =      256.0636  1-4 EEL =    -4476.8526  RESTRAINT  =        0.0000


   NSTEP       ENERGY          RMS            GMAX         NAME    NUMBER
   1900      -1.6660E+05     1.8461E-02     1.4057E+00     H2      29443

 BOND    =    12565.3925  ANGLE   =      252.7272  DIHED      =      810.3485
 VDWAALS =    32341.6073  EEL     =  -208353.8169  HBOND      =        0.0000
 1-4 VDW =      256.0775  1-4 EEL =    -4476.8435  RESTRAINT  =        0.0000


   NSTEP       ENERGY          RMS            GMAX         NAME    NUMBER
   1950      -1.6661E+05     5.2496E-02     6.4313E+00     C6        742

 BOND    =    12565.5459  ANGLE   =      252.8713  DIHED      =      810.3155
 VDWAALS =    32342.9645  EEL     =  -208356.2244  HBOND      =        0.0000
 1-4 VDW =      256.0437  1-4 EEL =    -4476.8773  RESTRAINT  =        0.0000


   NSTEP       ENERGY          RMS            GMAX         NAME    NUMBER
   2000      -1.6661E+05     2.4024E-02     2.4624E+00     C6        742

 BOND    =    12565.8074  ANGLE   =      252.6940  DIHED      =      810.2853
 VDWAALS =    32344.1012  EEL     =  -208358.2982  HBOND      =        0.0000
 1-4 VDW =      256.1030  1-4 EEL =    -4476.8552  RESTRAINT  =        0.0000


   NSTEP       ENERGY          RMS            GMAX         NAME    NUMBER
   2050      -1.6661E+05     1.5394E-02     8.8600E-01     C6        742

 BOND    =    12565.9712  ANGLE   =      252.7359  DIHED      =      810.2571
 VDWAALS =    32345.2589  EEL     =  -208360.3823  HBOND      =        0.0000
 1-4 VDW =      256.1024  1-4 EEL =    -4476.8624  RESTRAINT  =        0.0000


   NSTEP       ENERGY          RMS            GMAX         NAME    NUMBER
   2100      -1.6661E+05     1.5616E-02     9.9838E-01     C6        742

 BOND    =    12566.1276  ANGLE   =      252.7845  DIHED      =      810.2307
 VDWAALS =    32346.3493  EEL     =  -208362.3558  HBOND      =        0.0000
 1-4 VDW =      256.0966  1-4 EEL =    -4476.8775  RESTRAINT  =        0.0000


   NSTEP       ENERGY          RMS            GMAX         NAME    NUMBER
   2150      -1.6661E+05     3.7850E-02     3.0510E+00     H2      16963

 BOND    =    12566.3545  ANGLE   =      252.7798  DIHED      =      810.2051
 VDWAALS =    32347.4443  EEL     =  -208364.4176  HBOND      =        0.0000
 1-4 VDW =      256.1066  1-4 EEL =    -4476.8835  RESTRAINT  =        0.0000


   NSTEP       ENERGY          RMS            GMAX         NAME    NUMBER
   2200      -1.6661E+05     5.1866E-02     4.8035E+00     H2      16963

 BOND    =    12566.6842  ANGLE   =      252.7864  DIHED      =      810.1799
 VDWAALS =    32348.5528  EEL     =  -208366.6222  HBOND      =        0.0000
 1-4 VDW =      256.1100  1-4 EEL =    -4476.8877  RESTRAINT  =        0.0000


   NSTEP       ENERGY          RMS            GMAX         NAME    NUMBER
   2250      -1.6661E+05     2.8844E-02     2.2645E+00     H2      16963

 BOND    =    12566.5596  ANGLE   =      252.8142  DIHED      =      810.1579
 VDWAALS =    32349.5998  EEL     =  -208368.3799  HBOND      =        0.0000
 1-4 VDW =      256.1179  1-4 EEL =    -4476.8992  RESTRAINT  =        0.0000


   NSTEP       ENERGY          RMS            GMAX         NAME    NUMBER
   2300      -1.6661E+05     1.3825E-02     7.1097E-01     H1      10968

 BOND    =    12566.8302  ANGLE   =      252.8254  DIHED      =      810.1377
 VDWAALS =    32350.5792  EEL     =  -208370.4071  HBOND      =        0.0000
 1-4 VDW =      256.1195  1-4 EEL =    -4476.9059  RESTRAINT  =        0.0000


   NSTEP       ENERGY          RMS            GMAX         NAME    NUMBER
   2350      -1.6661E+05     1.3934E-02     7.8579E-01     H1      10968

 BOND    =    12567.0324  ANGLE   =      252.8431  DIHED      =      810.1187
 VDWAALS =    32351.5647  EEL     =  -208372.4247  HBOND      =        0.0000
 1-4 VDW =      256.1246  1-4 EEL =    -4476.9145  RESTRAINT  =        0.0000


   NSTEP       ENERGY          RMS            GMAX         NAME    NUMBER
   2400      -1.6661E+05     3.2990E-02     2.8469E+00     C6        139

 BOND    =    12567.2640  ANGLE   =      252.8836  DIHED      =      810.0988
 VDWAALS =    32352.5912  EEL     =  -208374.5858  HBOND      =        0.0000
 1-4 VDW =      256.1376  1-4 EEL =    -4476.9311  RESTRAINT  =        0.0000


   NSTEP       ENERGY          RMS            GMAX         NAME    NUMBER
   2450      -1.6661E+05     1.5152E-02     9.4105E-01     H1      10968

 BOND    =    12567.4038  ANGLE   =      252.8665  DIHED      =      810.0832
 VDWAALS =    32353.4720  EEL     =  -208376.4279  HBOND      =        0.0000
 1-4 VDW =      256.1263  1-4 EEL =    -4476.9271  RESTRAINT  =        0.0000


   NSTEP       ENERGY          RMS            GMAX         NAME    NUMBER
   2500      -1.6661E+05     1.6612E-02     1.0018E+00     H1      10968

 BOND    =    12567.5921  ANGLE   =      252.8792  DIHED      =      810.0677
 VDWAALS =    32354.3526  EEL     =  -208378.4650  HBOND      =        0.0000
 1-4 VDW =      256.1285  1-4 EEL =    -4476.9329  RESTRAINT  =        0.0000


   NSTEP       ENERGY          RMS            GMAX         NAME    NUMBER
   2550      -1.6662E+05     4.5901E-02     4.1745E+00     C4        143

 BOND    =    12567.7969  ANGLE   =      252.8646  DIHED      =      810.0524
 VDWAALS =    32355.2212  EEL     =  -208380.4816  HBOND      =        0.0000
 1-4 VDW =      256.1310  1-4 EEL =    -4476.9252  RESTRAINT  =        0.0000


   NSTEP       ENERGY          RMS            GMAX         NAME    NUMBER
   2600      -1.6662E+05     1.7262E-02     1.0248E+00     H1      10968

 BOND    =    12568.0272  ANGLE   =      252.9118  DIHED      =      810.0393
 VDWAALS =    32356.0730  EEL     =  -208382.6208  HBOND      =        0.0000
 1-4 VDW =      256.1378  1-4 EEL =    -4476.9536  RESTRAINT  =        0.0000


   NSTEP       ENERGY          RMS            GMAX         NAME    NUMBER
   2650      -1.6662E+05     3.0841E-02     2.8372E+00     C4        143

 BOND    =    12568.2984  ANGLE   =      252.9275  DIHED      =      810.0266
 VDWAALS =    32356.9179  EEL     =  -208384.8350  HBOND      =        0.0000
 1-4 VDW =      256.1408  1-4 EEL =    -4476.9702  RESTRAINT  =        0.0000


   NSTEP       ENERGY          RMS            GMAX         NAME    NUMBER
   2700      -1.6662E+05     5.1865E-02     5.4918E+00     C4        143

 BOND    =    12568.5944  ANGLE   =      252.9400  DIHED      =      810.0153
 VDWAALS =    32357.7201  EEL     =  -208387.0234  HBOND      =        0.0000
 1-4 VDW =      256.1483  1-4 EEL =    -4476.9832  RESTRAINT  =        0.0000


   NSTEP       ENERGY          RMS            GMAX         NAME    NUMBER
   2750      -1.6662E+05     1.7985E-02     1.6755E+00     H2       7573

 BOND    =    12568.6868  ANGLE   =      252.9550  DIHED      =      810.0031
 VDWAALS =    32358.5558  EEL     =  -208389.2021  HBOND      =        0.0000
 1-4 VDW =      256.1456  1-4 EEL =    -4476.9606  RESTRAINT  =        0.0000


   NSTEP       ENERGY          RMS            GMAX         NAME    NUMBER
   2800      -1.6662E+05     5.4757E-02     3.4679E+00     C6        742

 BOND    =    12569.0416  ANGLE   =      252.8362  DIHED      =      809.9922
 VDWAALS =    32359.3586  EEL     =  -208391.4793  HBOND      =        0.0000
 1-4 VDW =      256.1933  1-4 EEL =    -4476.9228  RESTRAINT  =        0.0000


   NSTEP       ENERGY          RMS            GMAX         NAME    NUMBER
   2850      -1.6662E+05     1.9259E-02     1.8595E+00     H2       7573

 BOND    =    12569.2471  ANGLE   =      252.9788  DIHED      =      809.9838
 VDWAALS =    32360.2038  EEL     =  -208393.8210  HBOND      =        0.0000
 1-4 VDW =      256.1506  1-4 EEL =    -4476.9778  RESTRAINT  =        0.0000


   NSTEP       ENERGY          RMS            GMAX         NAME    NUMBER
   2900      -1.6662E+05     2.2269E-02     1.6928E+00     H2       7573

 BOND    =    12569.5229  ANGLE   =      252.9971  DIHED      =      809.9752
 VDWAALS =    32361.0801  EEL     =  -208396.2213  HBOND      =        0.0000
 1-4 VDW =      256.1501  1-4 EEL =    -4476.9856  RESTRAINT  =        0.0000


   NSTEP       ENERGY          RMS            GMAX         NAME    NUMBER
   2950      -1.6662E+05     6.0734E-02     3.7702E+00     C6        742

 BOND    =    12569.9889  ANGLE   =      252.8625  DIHED      =      809.9694
 VDWAALS =    32361.9733  EEL     =  -208398.6456  HBOND      =        0.0000
 1-4 VDW =      256.1924  1-4 EEL =    -4476.9687  RESTRAINT  =        0.0000


   NSTEP       ENERGY          RMS            GMAX         NAME    NUMBER
   3000      -1.6663E+05     3.1522E-02     2.8968E+00     P         462

 BOND    =    12569.9235  ANGLE   =      253.0254  DIHED      =      809.9587
 VDWAALS =    32362.9625  EEL     =  -208400.8295  HBOND      =        0.0000
 1-4 VDW =      256.1660  1-4 EEL =    -4476.9680  RESTRAINT  =        0.0000


   NSTEP       ENERGY          RMS            GMAX         NAME    NUMBER
   3050      -1.6663E+05     5.4449E-02     4.8913E+00     P         462

 BOND    =    12570.0821  ANGLE   =      253.1110  DIHED      =      809.9516
 VDWAALS =    32363.9663  EEL     =  -208403.0022  HBOND      =        0.0000
 1-4 VDW =      256.1547  1-4 EEL =    -4476.9757  RESTRAINT  =        0.0000


   NSTEP       ENERGY          RMS            GMAX         NAME    NUMBER
   3100      -1.6663E+05     1.7255E-02     1.1739E+00     P         462

 BOND    =    12570.4522  ANGLE   =      253.0149  DIHED      =      809.9507
 VDWAALS =    32364.9537  EEL     =  -208405.3147  HBOND      =        0.0000
 1-4 VDW =      256.1679  1-4 EEL =    -4476.9900  RESTRAINT  =        0.0000


   NSTEP       ENERGY          RMS            GMAX         NAME    NUMBER
   3150      -1.6663E+05     5.0606E-02     3.5081E+00     P         462

 BOND    =    12570.6485  ANGLE   =      253.1446  DIHED      =      809.9480
 VDWAALS =    32366.0183  EEL     =  -208407.6159  HBOND      =        0.0000
 1-4 VDW =      256.1368  1-4 EEL =    -4477.0183  RESTRAINT  =        0.0000


   NSTEP       ENERGY          RMS            GMAX         NAME    NUMBER
   3200      -1.6663E+05     1.5615E-02     5.8020E-01     H1      34278

 BOND    =    12570.8220  ANGLE   =      253.0249  DIHED      =      809.9438
 VDWAALS =    32366.8948  EEL     =  -208409.5032  HBOND      =        0.0000
 1-4 VDW =      256.1801  1-4 EEL =    -4476.9874  RESTRAINT  =        0.0000


   NSTEP       ENERGY          RMS            GMAX         NAME    NUMBER
   3250      -1.6663E+05     3.6246E-02     1.9238E+00     C4        143

 BOND    =    12571.0177  ANGLE   =      253.0452  DIHED      =      809.9420
 VDWAALS =    32367.8967  EEL     =  -208411.6085  HBOND      =        0.0000
 1-4 VDW =      256.1833  1-4 EEL =    -4476.9858  RESTRAINT  =        0.0000


   NSTEP       ENERGY          RMS            GMAX         NAME    NUMBER
   3300      -1.6663E+05     5.0383E-02     4.0445E+00     P         462

 BOND    =    12571.1241  ANGLE   =      253.1214  DIHED      =      809.9405
 VDWAALS =    32369.0036  EEL     =  -208413.8455  HBOND      =        0.0000
 1-4 VDW =      256.1805  1-4 EEL =    -4476.9932  RESTRAINT  =        0.0000


   NSTEP       ENERGY          RMS            GMAX         NAME    NUMBER
   3350      -1.6663E+05     2.5435E-02     2.8229E+00     P         462

 BOND    =    12571.4991  ANGLE   =      253.0530  DIHED      =      809.9439
 VDWAALS =    32370.1140  EEL     =  -208416.2211  HBOND      =        0.0000
 1-4 VDW =      256.1816  1-4 EEL =    -4477.0089  RESTRAINT  =        0.0000


   NSTEP       ENERGY          RMS            GMAX         NAME    NUMBER
   3400      -1.6663E+05     4.6818E-02     6.2743E+00     P         462

 BOND    =    12571.7942  ANGLE   =      253.0444  DIHED      =      809.9465
 VDWAALS =    32371.2140  EEL     =  -208418.4700  HBOND      =        0.0000
 1-4 VDW =      256.1812  1-4 EEL =    -4477.0271  RESTRAINT  =        0.0000


   NSTEP       ENERGY          RMS            GMAX         NAME    NUMBER
   3450      -1.6663E+05     1.6523E-02     1.5405E+00     P         462

 BOND    =    12571.8333  ANGLE   =      253.0698  DIHED      =      809.9421
 VDWAALS =    32372.3121  EEL     =  -208420.5159  HBOND      =        0.0000
 1-4 VDW =      256.2079  1-4 EEL =    -4477.0118  RESTRAINT  =        0.0000


   NSTEP       ENERGY          RMS            GMAX         NAME    NUMBER
   3500      -1.6663E+05     3.7537E-02     5.2871E+00     P         462

 BOND    =    12572.0061  ANGLE   =      253.0736  DIHED      =      809.9393
 VDWAALS =    32373.3941  EEL     =  -208422.5952  HBOND      =        0.0000
 1-4 VDW =      256.2305  1-4 EEL =    -4477.0129  RESTRAINT  =        0.0000


   NSTEP       ENERGY          RMS            GMAX         NAME    NUMBER
   3550      -1.6664E+05     1.9838E-02     1.2116E+00     P         462

 BOND    =    12572.2750  ANGLE   =      253.0998  DIHED      =      809.9439
 VDWAALS =    32374.5256  EEL     =  -208424.8486  HBOND      =        0.0000
 1-4 VDW =      256.2107  1-4 EEL =    -4477.0413  RESTRAINT  =        0.0000


   NSTEP       ENERGY          RMS            GMAX         NAME    NUMBER
   3600      -1.6664E+05     3.9928E-02     3.0403E+00     C6        940

 BOND    =    12572.4684  ANGLE   =      253.1468  DIHED      =      809.9418
 VDWAALS =    32375.5543  EEL     =  -208426.8805  HBOND      =        0.0000
 1-4 VDW =      256.2123  1-4 EEL =    -4477.0551  RESTRAINT  =        0.0000


   NSTEP       ENERGY          RMS            GMAX         NAME    NUMBER
   3650      -1.6664E+05     1.4015E-02     4.1114E-01     H1      28590

 BOND    =    12572.6504  ANGLE   =      253.0941  DIHED      =      809.9372
 VDWAALS =    32376.5398  EEL     =  -208428.7490  HBOND      =        0.0000
 1-4 VDW =      256.2379  1-4 EEL =    -4477.0589  RESTRAINT  =        0.0000


   NSTEP       ENERGY          RMS            GMAX         NAME    NUMBER
   3700      -1.6664E+05     2.1940E-02     1.3752E+00     H2      16618

 BOND    =    12572.9647  ANGLE   =      253.1113  DIHED      =      809.9322
 VDWAALS =    32377.5948  EEL     =  -208430.8867  HBOND      =        0.0000
 1-4 VDW =      256.2473  1-4 EEL =    -4477.0712  RESTRAINT  =        0.0000


   NSTEP       ENERGY          RMS            GMAX         NAME    NUMBER
   3750      -1.6664E+05     1.3143E-02     4.4845E-01     H1       1935

 BOND    =    12572.9935  ANGLE   =      253.1171  DIHED      =      809.9262
 VDWAALS =    32378.6147  EEL     =  -208432.6830  HBOND      =        0.0000
 1-4 VDW =      256.2565  1-4 EEL =    -4477.0817  RESTRAINT  =        0.0000


   NSTEP       ENERGY          RMS            GMAX         NAME    NUMBER
   3800      -1.6664E+05     1.3854E-02     4.8238E-01     H1       1935

 BOND    =    12573.2298  ANGLE   =      253.1265  DIHED      =      809.9180
 VDWAALS =    32379.6997  EEL     =  -208434.8083  HBOND      =        0.0000
 1-4 VDW =      256.2665  1-4 EEL =    -4477.0930  RESTRAINT  =        0.0000


   NSTEP       ENERGY          RMS            GMAX         NAME    NUMBER
   3850      -1.6664E+05     3.3966E-02     2.6746E+00     P         462

 BOND    =    12573.5012  ANGLE   =      253.1358  DIHED      =      809.9102
 VDWAALS =    32380.7635  EEL     =  -208436.8892  HBOND      =        0.0000
 1-4 VDW =      256.2661  1-4 EEL =    -4477.1091  RESTRAINT  =        0.0000


   NSTEP       ENERGY          RMS            GMAX         NAME    NUMBER
   3900      -1.6664E+05     1.4517E-02     6.0627E-01     P         462

 BOND    =    12573.5871  ANGLE   =      253.1445  DIHED      =      809.8993
 VDWAALS =    32381.7349  EEL     =  -208438.7061  HBOND      =        0.0000
 1-4 VDW =      256.2940  1-4 EEL =    -4477.1024  RESTRAINT  =        0.0000


   NSTEP       ENERGY          RMS            GMAX         NAME    NUMBER
   3950      -1.6664E+05     2.1033E-02     1.5738E+00     P         462

 BOND    =    12573.7494  ANGLE   =      253.1547  DIHED      =      809.8885
 VDWAALS =    32382.6970  EEL     =  -208440.5096  HBOND      =        0.0000
 1-4 VDW =      256.3100  1-4 EEL =    -4477.1039  RESTRAINT  =        0.0000


   NSTEP       ENERGY          RMS            GMAX         NAME    NUMBER
   4000      -1.6664E+05     5.5653E-02     3.9375E+00     C6        538

 BOND    =    12573.9774  ANGLE   =      253.1477  DIHED      =      809.8797
 VDWAALS =    32383.6456  EEL     =  -208442.3388  HBOND      =        0.0000
 1-4 VDW =      256.3087  1-4 EEL =    -4477.1127  RESTRAINT  =        0.0000


   NSTEP       ENERGY          RMS            GMAX         NAME    NUMBER
   4050      -1.6664E+05     2.2896E-02     1.0382E+00     H2      16618

 BOND    =    12574.2280  ANGLE   =      253.1641  DIHED      =      809.8698
 VDWAALS =    32384.4886  EEL     =  -208444.1822  HBOND      =        0.0000
 1-4 VDW =      256.3192  1-4 EEL =    -4477.1153  RESTRAINT  =        0.0000


   NSTEP       ENERGY          RMS            GMAX         NAME    NUMBER
   4100      -1.6664E+05     3.4995E-02     3.3367E+00     C4        143

 BOND    =    12574.4446  ANGLE   =      253.1778  DIHED      =      809.8598
 VDWAALS =    32385.3754  EEL     =  -208446.0234  HBOND      =        0.0000
 1-4 VDW =      256.3244  1-4 EEL =    -4477.1223  RESTRAINT  =        0.0000


   NSTEP       ENERGY          RMS            GMAX         NAME    NUMBER
   4150      -1.6664E+05     1.5845E-02     7.8587E-01     H1       1935

 BOND    =    12574.4642  ANGLE   =      253.1999  DIHED      =      809.8500
 VDWAALS =    32386.2583  EEL     =  -208447.8039  HBOND      =        0.0000
 1-4 VDW =      256.3392  1-4 EEL =    -4477.1140  RESTRAINT  =        0.0000


   NSTEP       ENERGY          RMS            GMAX         NAME    NUMBER
   4200      -1.6665E+05     1.3360E-02     8.2131E-01     H1       1935

 BOND    =    12574.6603  ANGLE   =      253.1827  DIHED      =      809.8413
 VDWAALS =    32387.0853  EEL     =  -208449.5639  HBOND      =        0.0000
 1-4 VDW =      256.3511  1-4 EEL =    -4477.1108  RESTRAINT  =        0.0000


   NSTEP       ENERGY          RMS            GMAX         NAME    NUMBER
   4250      -1.6665E+05     1.3609E-02     8.4227E-01     H1       1935

 BOND    =    12574.8098  ANGLE   =      253.1856  DIHED      =      809.8336
 VDWAALS =    32387.8395  EEL     =  -208451.1823  HBOND      =        0.0000
 1-4 VDW =      256.3585  1-4 EEL =    -4477.1096  RESTRAINT  =        0.0000


   NSTEP       ENERGY          RMS            GMAX         NAME    NUMBER
   4300      -1.6665E+05     1.4687E-02     8.2517E-01     H1       1935

 BOND    =    12575.0643  ANGLE   =      253.1872  DIHED      =      809.8256
 VDWAALS =    32388.7134  EEL     =  -208453.1869  HBOND      =        0.0000
 1-4 VDW =      256.3670  1-4 EEL =    -4477.1077  RESTRAINT  =        0.0000


   NSTEP       ENERGY          RMS            GMAX         NAME    NUMBER
   4350      -1.6665E+05     3.8523E-02     2.7536E+00     C6        674

 BOND    =    12575.3090  ANGLE   =      253.1365  DIHED      =      809.8192
 VDWAALS =    32389.6320  EEL     =  -208455.1712  HBOND      =        0.0000
 1-4 VDW =      256.3738  1-4 EEL =    -4477.0916  RESTRAINT  =        0.0000


   NSTEP       ENERGY          RMS            GMAX         NAME    NUMBER
   4400      -1.6665E+05     1.7798E-02     1.8144E+00     C6        674

 BOND    =    12575.3903  ANGLE   =      253.1531  DIHED      =      809.8116
 VDWAALS =    32390.4956  EEL     =  -208456.9208  HBOND      =        0.0000
 1-4 VDW =      256.3947  1-4 EEL =    -4477.0933  RESTRAINT  =        0.0000


   NSTEP       ENERGY          RMS            GMAX         NAME    NUMBER
   4450      -1.6665E+05     1.3161E-02     7.0049E-01     H1      19698

 BOND    =    12575.5201  ANGLE   =      253.1864  DIHED      =      809.8060
 VDWAALS =    32391.3113  EEL     =  -208458.5462  HBOND      =        0.0000
 1-4 VDW =      256.3930  1-4 EEL =    -4477.0964  RESTRAINT  =        0.0000


   NSTEP       ENERGY          RMS            GMAX         NAME    NUMBER
   4500      -1.6665E+05     1.3200E-02     7.0888E-01     H1      19698

 BOND    =    12575.6831  ANGLE   =      253.1878  DIHED      =      809.8010
 VDWAALS =    32392.1644  EEL     =  -208460.2501  HBOND      =        0.0000
 1-4 VDW =      256.3996  1-4 EEL =    -4477.0936  RESTRAINT  =        0.0000


   NSTEP       ENERGY          RMS            GMAX         NAME    NUMBER
   4550      -1.6665E+05     1.7395E-02     1.1731E+00     H2      35470

 BOND    =    12575.8570  ANGLE   =      253.1991  DIHED      =      809.7964
 VDWAALS =    32393.0882  EEL     =  -208462.0425  HBOND      =        0.0000
 1-4 VDW =      256.4039  1-4 EEL =    -4477.0927  RESTRAINT  =        0.0000


   NSTEP       ENERGY          RMS            GMAX         NAME    NUMBER
   4600      -1.6665E+05     4.4010E-02     3.8129E+00     H2      35470

 BOND    =    12576.0631  ANGLE   =      253.1974  DIHED      =      809.7921
 VDWAALS =    32394.0256  EEL     =  -208463.7873  HBOND      =        0.0000
 1-4 VDW =      256.4098  1-4 EEL =    -4477.0879  RESTRAINT  =        0.0000


   NSTEP       ENERGY          RMS            GMAX         NAME    NUMBER
   4650      -1.6665E+05     1.2178E-02     6.8719E-01     H1      19698

 BOND    =    12576.1731  ANGLE   =      253.2042  DIHED      =      809.7879
 VDWAALS =    32394.9246  EEL     =  -208465.4566  HBOND      =        0.0000
 1-4 VDW =      256.4158  1-4 EEL =    -4477.0878  RESTRAINT  =        0.0000


   NSTEP       ENERGY          RMS            GMAX         NAME    NUMBER
   4700      -1.6665E+05     1.2156E-02     6.8322E-01     H1      19698

 BOND    =    12576.2053  ANGLE   =      253.2045  DIHED      =      809.7871
 VDWAALS =    32395.1074  EEL     =  -208465.7960  HBOND      =        0.0000
 1-4 VDW =      256.4169  1-4 EEL =    -4477.0871  RESTRAINT  =        0.0000


   NSTEP       ENERGY          RMS            GMAX         NAME    NUMBER
   4750      -1.6665E+05     1.2156E-02     6.8319E-01     H1      19698

 BOND    =    12576.2056  ANGLE   =      253.2045  DIHED      =      809.7871
 VDWAALS =    32395.1120  EEL     =  -208465.8080  HBOND      =        0.0000
 1-4 VDW =      256.4170  1-4 EEL =    -4477.0871  RESTRAINT  =        0.0000


   NSTEP       ENERGY          RMS            GMAX         NAME    NUMBER
   4800      -1.6665E+05     1.2156E-02     6.8316E-01     H1      19698

 BOND    =    12576.2058  ANGLE   =      253.2045  DIHED      =      809.7871
 VDWAALS =    32395.1102  EEL     =  -208465.8006  HBOND      =        0.0000
 1-4 VDW =      256.4170  1-4 EEL =    -4477.0871  RESTRAINT  =        0.0000


   NSTEP       ENERGY          RMS            GMAX         NAME    NUMBER
   4850      -1.6665E+05     1.2156E-02     6.8311E-01     H1      19698

 BOND    =    12576.2061  ANGLE   =      253.2045  DIHED      =      809.7871
 VDWAALS =    32395.1129  EEL     =  -208465.8151  HBOND      =        0.0000
 1-4 VDW =      256.4170  1-4 EEL =    -4477.0871  RESTRAINT  =        0.0000


   NSTEP       ENERGY          RMS            GMAX         NAME    NUMBER
   4900      -1.6665E+05     1.2155E-02     6.8306E-01     H1      19698

 BOND    =    12576.2063  ANGLE   =      253.2045  DIHED      =      809.7871
 VDWAALS =    32395.1153  EEL     =  -208465.8231  HBOND      =        0.0000
 1-4 VDW =      256.4170  1-4 EEL =    -4477.0871  RESTRAINT  =        0.0000


   NSTEP       ENERGY          RMS            GMAX         NAME    NUMBER
   4950      -1.6665E+05     1.2155E-02     6.8305E-01     H1      19698

 BOND    =    12576.2066  ANGLE   =      253.2045  DIHED      =      809.7871
 VDWAALS =    32395.1148  EEL     =  -208465.8235  HBOND      =        0.0000
 1-4 VDW =      256.4170  1-4 EEL =    -4477.0871  RESTRAINT  =        0.0000


   NSTEP       ENERGY          RMS            GMAX         NAME    NUMBER
   5000      -1.6665E+05     1.2155E-02     6.8302E-01     H1      19698

 BOND    =    12576.2069  ANGLE   =      253.2045  DIHED      =      809.7871
 VDWAALS =    32395.1181  EEL     =  -208465.8224  HBOND      =        0.0000
 1-4 VDW =      256.4170  1-4 EEL =    -4477.0871  RESTRAINT  =        0.0000


   NSTEP       ENERGY          RMS            GMAX         NAME    NUMBER
   5050      -1.6667E+05     8.3272E-02     5.8866E+00     O       10550

 BOND    =    12582.4064  ANGLE   =      253.2984  DIHED      =      809.6777
 VDWAALS =    32428.3589  EEL     =  -208519.6050  HBOND      =        0.0000
 1-4 VDW =      256.7403  1-4 EEL =    -4477.1227  RESTRAINT  =        0.0000


   NSTEP       ENERGY          RMS            GMAX         NAME    NUMBER
   5100      -1.6667E+05     4.0445E-02     1.9853E+00     O       19649

 BOND    =    12583.4684  ANGLE   =      253.1813  DIHED      =      809.7224
 VDWAALS =    32431.6866  EEL     =  -208528.1675  HBOND      =        0.0000
 1-4 VDW =      256.7343  1-4 EEL =    -4477.2692  RESTRAINT  =        0.0000

     .... RESTARTED DUE TO LINMIN FAILURE ...


   NSTEP       ENERGY          RMS            GMAX         NAME    NUMBER
   5150      -1.6667E+05     7.1020E-02     3.8887E+00     O       10406

 BOND    =    12583.8244  ANGLE   =      253.2378  DIHED      =      809.7961
 VDWAALS =    32440.2759  EEL     =  -208541.6088  HBOND      =        0.0000
 1-4 VDW =      256.7384  1-4 EEL =    -4477.2492  RESTRAINT  =        0.0000


   NSTEP       ENERGY          RMS            GMAX         NAME    NUMBER
   5200      -1.6668E+05     1.2031E-01     4.2815E+00     H2      19651

 BOND    =    12584.3881  ANGLE   =      253.1348  DIHED      =      809.7861
 VDWAALS =    32444.3619  EEL     =  -208552.2784  HBOND      =        0.0000
 1-4 VDW =      256.8258  1-4 EEL =    -4477.4925  RESTRAINT  =        0.0000


   NSTEP       ENERGY          RMS            GMAX         NAME    NUMBER
   5250      -1.6669E+05     5.7329E-02     4.4246E+00     Na+      1100

 BOND    =    12584.4347  ANGLE   =      252.8489  DIHED      =      809.8544
 VDWAALS =    32447.5652  EEL     =  -208561.2536  HBOND      =        0.0000
 1-4 VDW =      256.5114  1-4 EEL =    -4477.2366  RESTRAINT  =        0.0000


   NSTEP       ENERGY          RMS            GMAX         NAME    NUMBER
   5300      -1.6669E+05     6.9057E-02     2.6755E+00     O       19697

 BOND    =    12585.9580  ANGLE   =      252.9327  DIHED      =      809.8060
 VDWAALS =    32454.4128  EEL     =  -208574.8709  HBOND      =        0.0000
 1-4 VDW =      256.7021  1-4 EEL =    -4477.3487  RESTRAINT  =        0.0000


   NSTEP       ENERGY          RMS            GMAX         NAME    NUMBER
   5350      -1.6670E+05     1.7903E-01     9.1830E+00     C4        852

 BOND    =    12587.6576  ANGLE   =      253.5771  DIHED      =      809.7038
 VDWAALS =    32461.4904  EEL     =  -208589.4149  HBOND      =        0.0000
 1-4 VDW =      256.7881  1-4 EEL =    -4477.8291  RESTRAINT  =        0.0000


   NSTEP       ENERGY          RMS            GMAX         NAME    NUMBER
   5400      -1.6670E+05     8.1328E-02     3.7502E+00     O       19553

 BOND    =    12590.3139  ANGLE   =      253.4870  DIHED      =      809.7765
 VDWAALS =    32469.2130  EEL     =  -208606.1100  HBOND      =        0.0000
 1-4 VDW =      256.7607  1-4 EEL =    -4477.0909  RESTRAINT  =        0.0000


   NSTEP       ENERGY          RMS            GMAX         NAME    NUMBER
   5450      -1.6671E+05     8.5580E-02     3.6567E+00     OP2       464

 BOND    =    12591.0301  ANGLE   =      253.4845  DIHED      =      809.7679
 VDWAALS =    32479.8610  EEL     =  -208622.3559  HBOND      =        0.0000
 1-4 VDW =      256.6063  1-4 EEL =    -4476.8131  RESTRAINT  =        0.0000


   NSTEP       ENERGY          RMS            GMAX         NAME    NUMBER
   5500      -1.6671E+05     5.9980E-02     2.9701E+00     P         402

 BOND    =    12594.3826  ANGLE   =      253.2786  DIHED      =      809.7436
 VDWAALS =    32487.6178  EEL     =  -208637.5752  HBOND      =        0.0000
 1-4 VDW =      256.6153  1-4 EEL =    -4476.6741  RESTRAINT  =        0.0000


   NSTEP       ENERGY          RMS            GMAX         NAME    NUMBER
   5550      -1.6672E+05     5.8568E-02     2.3352E+00     O       22766

 BOND    =    12592.6723  ANGLE   =      253.6837  DIHED      =      809.7685
 VDWAALS =    32490.7391  EEL     =  -208642.4460  HBOND      =        0.0000
 1-4 VDW =      256.6680  1-4 EEL =    -4476.5010  RESTRAINT  =        0.0000


   NSTEP       ENERGY          RMS            GMAX         NAME    NUMBER
   5600      -1.6672E+05     4.2169E-02     2.4565E+00     H2       9040

 BOND    =    12594.5605  ANGLE   =      253.7924  DIHED      =      809.7538
 VDWAALS =    32499.3479  EEL     =  -208657.6086  HBOND      =        0.0000
 1-4 VDW =      256.6831  1-4 EEL =    -4476.4553  RESTRAINT  =        0.0000


   NSTEP       ENERGY          RMS            GMAX         NAME    NUMBER
   5650      -1.6673E+05     6.8130E-02     4.2114E+00     H2       9040

 BOND    =    12595.9432  ANGLE   =      253.6099  DIHED      =      809.7771
 VDWAALS =    32506.9239  EEL     =  -208672.8252  HBOND      =        0.0000
 1-4 VDW =      256.6702  1-4 EEL =    -4476.4147  RESTRAINT  =        0.0000


   NSTEP       ENERGY          RMS            GMAX         NAME    NUMBER
   5700      -1.6673E+05     6.2554E-02     3.4200E+00     P         402

 BOND    =    12596.7812  ANGLE   =      253.8791  DIHED      =      809.7770
 VDWAALS =    32512.1489  EEL     =  -208683.4540  HBOND      =        0.0000
 1-4 VDW =      256.6646  1-4 EEL =    -4476.4307  RESTRAINT  =        0.0000


   NSTEP       ENERGY          RMS            GMAX         NAME    NUMBER
   5750      -1.6674E+05     8.7567E-02     6.3430E+00     P         402

 BOND    =    12598.0013  ANGLE   =      254.0007  DIHED      =      809.7560
 VDWAALS =    32516.3522  EEL     =  -208693.3038  HBOND      =        0.0000
 1-4 VDW =      256.8374  1-4 EEL =    -4476.7233  RESTRAINT  =        0.0000


   NSTEP       ENERGY          RMS            GMAX         NAME    NUMBER
   5800      -1.6674E+05     5.7534E-02     2.3066E+00     N6        777

 BOND    =    12599.8018  ANGLE   =      253.9330  DIHED      =      809.7447
 VDWAALS =    32520.2968  EEL     =  -208702.6896  HBOND      =        0.0000
 1-4 VDW =      256.6996  1-4 EEL =    -4476.4420  RESTRAINT  =        0.0000


   NSTEP       ENERGY          RMS            GMAX         NAME    NUMBER
   5850      -1.6674E+05     1.3745E-01     8.2693E+00     C6        674

 BOND    =    12600.5193  ANGLE   =      254.2891  DIHED      =      809.7154
 VDWAALS =    32526.1567  EEL     =  -208713.1339  HBOND      =        0.0000
 1-4 VDW =      256.5683  1-4 EEL =    -4476.3836  RESTRAINT  =        0.0000


   NSTEP       ENERGY          RMS            GMAX         NAME    NUMBER
   5900      -1.6675E+05     4.5205E-02     2.4664E+00     P         555

 BOND    =    12601.1331  ANGLE   =      253.9021  DIHED      =      809.7591
 VDWAALS =    32533.3995  EEL     =  -208725.8439  HBOND      =        0.0000
 1-4 VDW =      256.6798  1-4 EEL =    -4476.3991  RESTRAINT  =        0.0000


   NSTEP       ENERGY          RMS            GMAX         NAME    NUMBER
   5950      -1.6675E+05     3.8458E-02     2.1749E+00     H2      37213

 BOND    =    12602.6371  ANGLE   =      254.1021  DIHED      =      809.7545
 VDWAALS =    32541.5753  EEL     =  -208743.3970  HBOND      =        0.0000
 1-4 VDW =      256.6864  1-4 EEL =    -4476.2581  RESTRAINT  =        0.0000


   NSTEP       ENERGY          RMS            GMAX         NAME    NUMBER
   6000      -1.6676E+05     5.7663E-02     2.3005E+00     H1      37212

 BOND    =    12603.2863  ANGLE   =      254.4755  DIHED      =      809.7715
 VDWAALS =    32549.5104  EEL     =  -208757.7450  HBOND      =        0.0000
 1-4 VDW =      256.6298  1-4 EEL =    -4475.9758  RESTRAINT  =        0.0000


   NSTEP       ENERGY          RMS            GMAX         NAME    NUMBER
   6050      -1.6676E+05     7.2600E-02     4.2302E+00     C4        915

 BOND    =    12604.2167  ANGLE   =      254.4096  DIHED      =      809.7296
 VDWAALS =    32552.2951  EEL     =  -208764.3714  HBOND      =        0.0000
 1-4 VDW =      256.6459  1-4 EEL =    -4475.8064  RESTRAINT  =        0.0000


   NSTEP       ENERGY          RMS            GMAX         NAME    NUMBER
   6100      -1.6677E+05     7.0959E-02     3.8953E+00     O3'       758

 BOND    =    12604.4460  ANGLE   =      254.4261  DIHED      =      809.7281
 VDWAALS =    32555.6277  EEL     =  -208771.0632  HBOND      =        0.0000
 1-4 VDW =      256.6166  1-4 EEL =    -4475.7332  RESTRAINT  =        0.0000


   NSTEP       ENERGY          RMS            GMAX         NAME    NUMBER
   6150      -1.6677E+05     2.8815E-02     9.0022E-01     C2'       686

 BOND    =    12605.0949  ANGLE   =      254.3079  DIHED      =      809.7506
 VDWAALS =    32557.1089  EEL     =  -208775.0629  HBOND      =        0.0000
 1-4 VDW =      256.6381  1-4 EEL =    -4476.0924  RESTRAINT  =        0.0000


   NSTEP       ENERGY          RMS            GMAX         NAME    NUMBER
   6200      -1.6677E+05     3.3573E-02     1.7920E+00     H2      33367

 BOND    =    12605.3980  ANGLE   =      254.4835  DIHED      =      809.7284
 VDWAALS =    32559.6667  EEL     =  -208781.6873  HBOND      =        0.0000
 1-4 VDW =      256.6109  1-4 EEL =    -4476.0258  RESTRAINT  =        0.0000


   NSTEP       ENERGY          RMS            GMAX         NAME    NUMBER
   6250      -1.6678E+05     4.7656E-02     4.0216E+00     H2      33367

 BOND    =    12606.3041  ANGLE   =      254.6487  DIHED      =      809.7202
 VDWAALS =    32561.8141  EEL     =  -208791.4262  HBOND      =        0.0000
 1-4 VDW =      256.6530  1-4 EEL =    -4475.9967  RESTRAINT  =        0.0000


   NSTEP       ENERGY          RMS            GMAX         NAME    NUMBER
   6300      -1.6678E+05     2.5675E-02     2.2331E+00     P         555

 BOND    =    12606.1028  ANGLE   =      254.5813  DIHED      =      809.7198
 VDWAALS =    32562.7596  EEL     =  -208793.3560  HBOND      =        0.0000
 1-4 VDW =      256.6143  1-4 EEL =    -4475.9005  RESTRAINT  =        0.0000


   NSTEP       ENERGY          RMS            GMAX         NAME    NUMBER
   6350      -1.6679E+05     7.6096E-02     6.9036E+00     P         555

 BOND    =    12608.0392  ANGLE   =      254.7589  DIHED      =      809.6734
 VDWAALS =    32572.0127  EEL     =  -208811.3954  HBOND      =        0.0000
 1-4 VDW =      256.4942  1-4 EEL =    -4475.6164  RESTRAINT  =        0.0000


   NSTEP       ENERGY          RMS            GMAX         NAME    NUMBER
   6400      -1.6679E+05     6.8380E-02     4.1464E+00     O3'      1054

 BOND    =    12608.2726  ANGLE   =      255.0359  DIHED      =      809.6365
 VDWAALS =    32576.2897  EEL     =  -208820.1948  HBOND      =        0.0000
 1-4 VDW =      256.4618  1-4 EEL =    -4475.6182  RESTRAINT  =        0.0000


   NSTEP       ENERGY          RMS            GMAX         NAME    NUMBER
   6450      -1.6680E+05     9.1854E-02     9.8394E+00     H2       6736

 BOND    =    12610.3702  ANGLE   =      255.0919  DIHED      =      809.7119
 VDWAALS =    32582.9800  EEL     =  -208834.5086  HBOND      =        0.0000
 1-4 VDW =      256.6491  1-4 EEL =    -4475.8600  RESTRAINT  =        0.0000


   NSTEP       ENERGY          RMS            GMAX         NAME    NUMBER
   6500      -1.6680E+05     9.5585E-02     3.9085E+00     P         555

 BOND    =    12608.5644  ANGLE   =      255.3820  DIHED      =      809.6101
 VDWAALS =    32585.2082  EEL     =  -208838.9994  HBOND      =        0.0000
 1-4 VDW =      256.6852  1-4 EEL =    -4475.9009  RESTRAINT  =        0.0000


   NSTEP       ENERGY          RMS            GMAX         NAME    NUMBER
   6550      -1.6680E+05     7.6651E-02     3.0194E+00     O        6734

 BOND    =    12609.3935  ANGLE   =      255.6979  DIHED      =      809.6032
 VDWAALS =    32589.4771  EEL     =  -208848.2996  HBOND      =        0.0000
 1-4 VDW =      256.6053  1-4 EEL =    -4476.0533  RESTRAINT  =        0.0000


   NSTEP       ENERGY          RMS            GMAX         NAME    NUMBER
   6600      -1.6681E+05     5.3419E-02     2.2306E+00     H1       6735

 BOND    =    12612.4974  ANGLE   =      255.4000  DIHED      =      809.6110
 VDWAALS =    32592.8492  EEL     =  -208857.7196  HBOND      =        0.0000
 1-4 VDW =      256.6277  1-4 EEL =    -4475.9405  RESTRAINT  =        0.0000


   NSTEP       ENERGY          RMS            GMAX         NAME    NUMBER
   6650      -1.6681E+05     3.2143E-02     1.4831E+00     H1'       473

 BOND    =    12611.8450  ANGLE   =      255.4504  DIHED      =      809.6637
 VDWAALS =    32596.2871  EEL     =  -208864.1789  HBOND      =        0.0000
 1-4 VDW =      256.4796  1-4 EEL =    -4475.2321  RESTRAINT  =        0.0000


   NSTEP       ENERGY          RMS            GMAX         NAME    NUMBER
   6700      -1.6682E+05     1.0311E-01     7.8171E+00     H1       6030

 BOND    =    12616.8175  ANGLE   =      256.6007  DIHED      =      809.5857
 VDWAALS =    32611.0689  EEL     =  -208895.1822  HBOND      =        0.0000
 1-4 VDW =      256.5833  1-4 EEL =    -4475.3604  RESTRAINT  =        0.0000


   NSTEP       ENERGY          RMS            GMAX         NAME    NUMBER
   6750      -1.6683E+05     7.9252E-02     4.2151E+00     P         691

 BOND    =    12618.5826  ANGLE   =      256.3103  DIHED      =      809.5294
 VDWAALS =    32610.6675  EEL     =  -208902.2444  HBOND      =        0.0000
 1-4 VDW =      256.5849  1-4 EEL =    -4475.3810  RESTRAINT  =        0.0000


   NSTEP       ENERGY          RMS            GMAX         NAME    NUMBER
   6800      -1.6683E+05     1.0459E-01     6.2736E+00     P         691

 BOND    =    12620.2804  ANGLE   =      257.1167  DIHED      =      809.5471
 VDWAALS =    32620.3137  EEL     =  -208919.8944  HBOND      =        0.0000
 1-4 VDW =      256.5313  1-4 EEL =    -4475.1065  RESTRAINT  =        0.0000


   NSTEP       ENERGY          RMS            GMAX         NAME    NUMBER
   6850      -1.6683E+05     2.3890E-02     1.5141E+00     P         691

 BOND    =    12617.6779  ANGLE   =      256.2953  DIHED      =      809.5244
 VDWAALS =    32621.0625  EEL     =  -208919.9315  HBOND      =        0.0000
 1-4 VDW =      256.4821  1-4 EEL =    -4474.9485  RESTRAINT  =        0.0000


   NSTEP       ENERGY          RMS            GMAX         NAME    NUMBER
   6900      -1.6684E+05     6.1368E-02     2.8295E+00     N6        206

 BOND    =    12619.1651  ANGLE   =      256.6831  DIHED      =      809.3580
 VDWAALS =    32630.3501  EEL     =  -208938.1642  HBOND      =        0.0000
 1-4 VDW =      256.3720  1-4 EEL =    -4474.8422  RESTRAINT  =        0.0000


   NSTEP       ENERGY          RMS            GMAX         NAME    NUMBER
   6950      -1.6684E+05     7.5294E-02     3.9195E+00     P         691

 BOND    =    12620.8580  ANGLE   =      256.6725  DIHED      =      809.3569
 VDWAALS =    32633.1794  EEL     =  -208945.2719  HBOND      =        0.0000
 1-4 VDW =      256.4600  1-4 EEL =    -4474.9248  RESTRAINT  =        0.0000


   NSTEP       ENERGY          RMS            GMAX         NAME    NUMBER
   7000      -1.6685E+05     2.5037E-02     8.6441E-01     C6         77

 BOND    =    12621.9567  ANGLE   =      256.8047  DIHED      =      809.2436
 VDWAALS =    32637.9442  EEL     =  -208955.1061  HBOND      =        0.0000
 1-4 VDW =      256.4659  1-4 EEL =    -4474.9251  RESTRAINT  =        0.0000


   NSTEP       ENERGY          RMS            GMAX         NAME    NUMBER
   7050      -1.6685E+05     3.9273E-02     2.5139E+00     OP2       693

 BOND    =    12624.5116  ANGLE   =      257.1236  DIHED      =      809.1464
 VDWAALS =    32645.9938  EEL     =  -208972.7703  HBOND      =        0.0000
 1-4 VDW =      256.4027  1-4 EEL =    -4475.0383  RESTRAINT  =        0.0000


   NSTEP       ENERGY          RMS            GMAX         NAME    NUMBER
   7100      -1.6686E+05     4.0004E-02     2.9030E+00     H1      22005

 BOND    =    12625.2461  ANGLE   =      257.1651  DIHED      =      809.0834
 VDWAALS =    32648.2492  EEL     =  -208980.6799  HBOND      =        0.0000
 1-4 VDW =      256.4033  1-4 EEL =    -4474.9466  RESTRAINT  =        0.0000


   NSTEP       ENERGY          RMS            GMAX         NAME    NUMBER
   7150      -1.6687E+05     4.5001E-02     2.2133E+00     P         691

 BOND    =    12626.8462  ANGLE   =      257.4225  DIHED      =      808.9954
 VDWAALS =    32651.3902  EEL     =  -208992.3341  HBOND      =        0.0000
 1-4 VDW =      256.4049  1-4 EEL =    -4474.8870  RESTRAINT  =        0.0000


   NSTEP       ENERGY          RMS            GMAX         NAME    NUMBER
   7200      -1.6687E+05     3.3708E-02     1.6830E+00     C6        538

 BOND    =    12627.2466  ANGLE   =      257.6337  DIHED      =      808.9646
 VDWAALS =    32654.2300  EEL     =  -209001.1324  HBOND      =        0.0000
 1-4 VDW =      256.3852  1-4 EEL =    -4474.9195  RESTRAINT  =        0.0000


   NSTEP       ENERGY          RMS            GMAX         NAME    NUMBER
   7250      -1.6688E+05     3.4288E-02     1.3173E+00     C6       1072

 BOND    =    12627.6555  ANGLE   =      257.7380  DIHED      =      808.8984
 VDWAALS =    32658.0182  EEL     =  -209009.6887  HBOND      =        0.0000
 1-4 VDW =      256.3722  1-4 EEL =    -4474.9748  RESTRAINT  =        0.0000


   NSTEP       ENERGY          RMS            GMAX         NAME    NUMBER
   7300      -1.6688E+05     3.2155E-02     1.5818E+00     O        8498

 BOND    =    12627.8141  ANGLE   =      257.8675  DIHED      =      808.8121
 VDWAALS =    32660.7444  EEL     =  -209015.7814  HBOND      =        0.0000
 1-4 VDW =      256.4830  1-4 EEL =    -4474.9067  RESTRAINT  =        0.0000


   NSTEP       ENERGY          RMS            GMAX         NAME    NUMBER
   7350      -1.6688E+05     4.1232E-02     1.6250E+00     C4'       630

 BOND    =    12628.8832  ANGLE   =      258.1865  DIHED      =      808.7498
 VDWAALS =    32666.6319  EEL     =  -209027.3116  HBOND      =        0.0000
 1-4 VDW =      256.4774  1-4 EEL =    -4474.9490  RESTRAINT  =        0.0000


   NSTEP       ENERGY          RMS            GMAX         NAME    NUMBER
   7400      -1.6689E+05     4.2318E-02     2.4609E+00     C4       1080

 BOND    =    12630.2173  ANGLE   =      258.2941  DIHED      =      808.6280
 VDWAALS =    32670.8758  EEL     =  -209036.5279  HBOND      =        0.0000
 1-4 VDW =      256.5000  1-4 EEL =    -4474.8711  RESTRAINT  =        0.0000


   NSTEP       ENERGY          RMS            GMAX         NAME    NUMBER
   7450      -1.6689E+05     1.9225E-02     1.0030E+00     P         432

 BOND    =    12630.1781  ANGLE   =      258.3116  DIHED      =      808.6049
 VDWAALS =    32671.1888  EEL     =  -209037.2977  HBOND      =        0.0000
 1-4 VDW =      256.5224  1-4 EEL =    -4475.0068  RESTRAINT  =        0.0000


   NSTEP       ENERGY          RMS            GMAX         NAME    NUMBER
   7500      -1.6689E+05     3.8480E-02     3.5545E+00     O        6728

 BOND    =    12631.5570  ANGLE   =      258.6315  DIHED      =      808.4083
 VDWAALS =    32682.2412  EEL     =  -209057.2984  HBOND      =        0.0000
 1-4 VDW =      256.5672  1-4 EEL =    -4474.8487  RESTRAINT  =        0.0000


   NSTEP       ENERGY          RMS            GMAX         NAME    NUMBER
   7550      -1.6690E+05     6.1093E-02     4.4173E+00     O        6728

 BOND    =    12632.5290  ANGLE   =      258.9468  DIHED      =      808.2959
 VDWAALS =    32687.5261  EEL     =  -209067.7931  HBOND      =        0.0000
 1-4 VDW =      256.4776  1-4 EEL =    -4474.8257  RESTRAINT  =        0.0000


   NSTEP       ENERGY          RMS            GMAX         NAME    NUMBER
   7600      -1.6690E+05     4.0830E-02     2.0390E+00     C1'       667

 BOND    =    12632.0721  ANGLE   =      258.8933  DIHED      =      808.2619
 VDWAALS =    32687.8059  EEL     =  -209070.3152  HBOND      =        0.0000
 1-4 VDW =      256.6151  1-4 EEL =    -4474.7851  RESTRAINT  =        0.0000


   NSTEP       ENERGY          RMS            GMAX         NAME    NUMBER
   7650      -1.6691E+05     6.5642E-02     3.0371E+00     O       29744

 BOND    =    12634.2782  ANGLE   =      259.0367  DIHED      =      808.1269
 VDWAALS =    32697.4822  EEL     =  -209087.0671  HBOND      =        0.0000
 1-4 VDW =      256.7704  1-4 EEL =    -4475.1816  RESTRAINT  =        0.0000


   NSTEP       ENERGY          RMS            GMAX         NAME    NUMBER
   7700      -1.6691E+05     3.9545E-02     1.7368E+00     O5'       863

 BOND    =    12635.4635  ANGLE   =      259.1631  DIHED      =      808.0568
 VDWAALS =    32700.1810  EEL     =  -209094.5327  HBOND      =        0.0000
 1-4 VDW =      256.7980  1-4 EEL =    -4475.2531  RESTRAINT  =        0.0000


   NSTEP       ENERGY          RMS            GMAX         NAME    NUMBER
   7750      -1.6691E+05     3.8769E-02     2.2250E+00     O5'       863

 BOND    =    12636.2183  ANGLE   =      259.2828  DIHED      =      807.9933
 VDWAALS =    32703.4041  EEL     =  -209101.6174  HBOND      =        0.0000
 1-4 VDW =      256.7957  1-4 EEL =    -4475.2392  RESTRAINT  =        0.0000

     .... RESTARTED DUE TO LINMIN FAILURE ...


   NSTEP       ENERGY          RMS            GMAX         NAME    NUMBER
   7800      -1.6692E+05     5.5287E-02     3.7189E+00     H1      16749

 BOND    =    12637.8122  ANGLE   =      259.8337  DIHED      =      807.6513
 VDWAALS =    32710.0325  EEL     =  -209112.9904  HBOND      =        0.0000
 1-4 VDW =      256.9231  1-4 EEL =    -4475.1086  RESTRAINT  =        0.0000

     .... RESTARTED DUE TO LINMIN FAILURE ...


   NSTEP       ENERGY          RMS            GMAX         NAME    NUMBER
   7850      -1.6692E+05     3.0151E-02     2.1154E+00     H1      14058

 BOND    =    12637.6762  ANGLE   =      259.7006  DIHED      =      807.7767
 VDWAALS =    32708.7382  EEL     =  -209112.5952  HBOND      =        0.0000
 1-4 VDW =      256.7821  1-4 EEL =    -4475.4696  RESTRAINT  =        0.0000


   NSTEP       ENERGY          RMS            GMAX         NAME    NUMBER
   7900      -1.6692E+05     9.8266E-02     5.5524E+00     O4'       869

 BOND    =    12639.0274  ANGLE   =      260.5250  DIHED      =      807.4462
 VDWAALS =    32716.5121  EEL     =  -209127.3504  HBOND      =        0.0000
 1-4 VDW =      256.9801  1-4 EEL =    -4475.6263  RESTRAINT  =        0.0000


   NSTEP       ENERGY          RMS            GMAX         NAME    NUMBER
   7950      -1.6693E+05     3.0075E-02     1.6742E+00     H2       7090

 BOND    =    12639.7294  ANGLE   =      260.0228  DIHED      =      807.3654
 VDWAALS =    32718.9402  EEL     =  -209133.2560  HBOND      =        0.0000
 1-4 VDW =      256.8998  1-4 EEL =    -4475.6742  RESTRAINT  =        0.0000


   NSTEP       ENERGY          RMS            GMAX         NAME    NUMBER
   8000      -1.6693E+05     9.1500E-02     4.8541E+00     H2      14059

 BOND    =    12641.6648  ANGLE   =      260.6892  DIHED      =      807.2469
 VDWAALS =    32726.7627  EEL     =  -209147.7637  HBOND      =        0.0000
 1-4 VDW =      256.8085  1-4 EEL =    -4475.5409  RESTRAINT  =        0.0000


   NSTEP       ENERGY          RMS            GMAX         NAME    NUMBER
   8050      -1.6693E+05     4.0789E-02     2.0439E+00     C2'       488

 BOND    =    12641.7787  ANGLE   =      260.2885  DIHED      =      807.2222
 VDWAALS =    32728.2335  EEL     =  -209152.2951  HBOND      =        0.0000
 1-4 VDW =      256.9139  1-4 EEL =    -4475.4865  RESTRAINT  =        0.0000


   NSTEP       ENERGY          RMS            GMAX         NAME    NUMBER
   8100      -1.6693E+05     2.3859E-02     1.0679E+00     C2'       488

 BOND    =    12641.8913  ANGLE   =      260.3473  DIHED      =      807.1889
 VDWAALS =    32729.6796  EEL     =  -209155.2763  HBOND      =        0.0000
 1-4 VDW =      256.9559  1-4 EEL =    -4475.5830  RESTRAINT  =        0.0000


   NSTEP       ENERGY          RMS            GMAX         NAME    NUMBER
   8150      -1.6694E+05     1.7663E-02     8.8012E-01     O       28463

 BOND    =    12642.5224  ANGLE   =      260.3356  DIHED      =      807.2211
 VDWAALS =    32732.5576  EEL     =  -209161.9007  HBOND      =        0.0000
 1-4 VDW =      257.0002  1-4 EEL =    -4475.5058  RESTRAINT  =        0.0000


   NSTEP       ENERGY          RMS            GMAX         NAME    NUMBER
   8200      -1.6694E+05     1.4209E-01     1.8193E+01     H1       4491

 BOND    =    12644.3226  ANGLE   =      260.7182  DIHED      =      807.4503
 VDWAALS =    32737.2429  EEL     =  -209172.4332  HBOND      =        0.0000
 1-4 VDW =      257.0956  1-4 EEL =    -4475.5760  RESTRAINT  =        0.0000


   NSTEP       ENERGY          RMS            GMAX         NAME    NUMBER
   8250      -1.6694E+05     3.6921E-02     2.0434E+00     O       28463

 BOND    =    12643.3973  ANGLE   =      260.2805  DIHED      =      807.2550
 VDWAALS =    32738.2048  EEL     =  -209173.7141  HBOND      =        0.0000
 1-4 VDW =      257.1815  1-4 EEL =    -4475.4633  RESTRAINT  =        0.0000


   NSTEP       ENERGY          RMS            GMAX         NAME    NUMBER
   8300      -1.6695E+05     6.0320E-02     4.5706E+00     H1      17400

 BOND    =    12645.3547  ANGLE   =      260.2872  DIHED      =      807.4816
 VDWAALS =    32746.0099  EEL     =  -209187.9522  HBOND      =        0.0000
 1-4 VDW =      257.2048  1-4 EEL =    -4475.3139  RESTRAINT  =        0.0000


   NSTEP       ENERGY          RMS            GMAX         NAME    NUMBER
   8350      -1.6695E+05     7.5226E-02     6.4666E+00     O        4094

 BOND    =    12646.5424  ANGLE   =      260.4518  DIHED      =      807.3766
 VDWAALS =    32749.6093  EEL     =  -209195.8922  HBOND      =        0.0000
 1-4 VDW =      257.3067  1-4 EEL =    -4475.0707  RESTRAINT  =        0.0000


   NSTEP       ENERGY          RMS            GMAX         NAME    NUMBER
   8400      -1.6695E+05     8.0010E-02     8.0908E+00     P         462

 BOND    =    12645.6772  ANGLE   =      260.4825  DIHED      =      807.3982
 VDWAALS =    32754.1361  EEL     =  -209203.8299  HBOND      =        0.0000
 1-4 VDW =      257.3957  1-4 EEL =    -4474.7687  RESTRAINT  =        0.0000


   NSTEP       ENERGY          RMS            GMAX         NAME    NUMBER
   8450      -1.6696E+05     2.6088E-02     1.4428E+00     O3'       431

 BOND    =    12645.8553  ANGLE   =      260.4649  DIHED      =      807.5145
 VDWAALS =    32754.5970  EEL     =  -209206.0511  HBOND      =        0.0000
 1-4 VDW =      257.2652  1-4 EEL =    -4475.2082  RESTRAINT  =        0.0000


   NSTEP       ENERGY          RMS            GMAX         NAME    NUMBER
   8500      -1.6696E+05     6.8323E-02     3.6763E+00     O       17399

 BOND    =    12646.7946  ANGLE   =      260.9358  DIHED      =      807.5968
 VDWAALS =    32759.5948  EEL     =  -209220.2424  HBOND      =        0.0000
 1-4 VDW =      257.1740  1-4 EEL =    -4475.3403  RESTRAINT  =        0.0000


   NSTEP       ENERGY          RMS            GMAX         NAME    NUMBER
   8550      -1.6697E+05     7.7492E-02     6.6740E+00     O       17399

 BOND    =    12648.6031  ANGLE   =      260.9752  DIHED      =      807.6176
 VDWAALS =    32763.3033  EEL     =  -209229.2167  HBOND      =        0.0000
 1-4 VDW =      257.2187  1-4 EEL =    -4475.0438  RESTRAINT  =        0.0000


   NSTEP       ENERGY          RMS            GMAX         NAME    NUMBER
   8600      -1.6697E+05     2.4246E-02     1.7573E+00     O       17399

 BOND    =    12648.1989  ANGLE   =      260.7669  DIHED      =      807.5890
 VDWAALS =    32764.4700  EEL     =  -209231.3431  HBOND      =        0.0000
 1-4 VDW =      257.2044  1-4 EEL =    -4474.9629  RESTRAINT  =        0.0000


   NSTEP       ENERGY          RMS            GMAX         NAME    NUMBER
   8650      -1.6697E+05     3.0301E-01     2.4449E+01     C4       1080

 BOND    =    12650.7564  ANGLE   =      260.2177  DIHED      =      807.5912
 VDWAALS =    32772.8620  EEL     =  -209244.2362  HBOND      =        0.0000
 1-4 VDW =      257.3912  1-4 EEL =    -4474.7134  RESTRAINT  =        0.0000


   NSTEP       ENERGY          RMS            GMAX         NAME    NUMBER
   8700      -1.6697E+05     3.6906E-02     2.1531E+00     P          31

 BOND    =    12648.9263  ANGLE   =      260.8788  DIHED      =      807.5318
 VDWAALS =    32773.7658  EEL     =  -209246.7656  HBOND      =        0.0000
 1-4 VDW =      257.4140  1-4 EEL =    -4474.7552  RESTRAINT  =        0.0000


   NSTEP       ENERGY          RMS            GMAX         NAME    NUMBER
   8750      -1.6697E+05     1.8275E-02     9.7037E-01     O       17216

 BOND    =    12649.6514  ANGLE   =      260.8383  DIHED      =      807.5386
 VDWAALS =    32774.0230  EEL     =  -209248.0555  HBOND      =        0.0000
 1-4 VDW =      257.4434  1-4 EEL =    -4474.7448  RESTRAINT  =        0.0000


   NSTEP       ENERGY          RMS            GMAX         NAME    NUMBER
   8800      -1.6698E+05     6.3513E-02     4.3924E+00     O       14654

 BOND    =    12651.7041  ANGLE   =      261.0808  DIHED      =      807.5503
 VDWAALS =    32782.8489  EEL     =  -209265.0404  HBOND      =        0.0000
 1-4 VDW =      257.5232  1-4 EEL =    -4474.6455  RESTRAINT  =        0.0000


   NSTEP       ENERGY          RMS            GMAX         NAME    NUMBER
   8850      -1.6698E+05     5.4252E-02     5.6952E+00     H2      14656

 BOND    =    12651.7713  ANGLE   =      260.9060  DIHED      =      807.4343
 VDWAALS =    32783.1680  EEL     =  -209266.7804  HBOND      =        0.0000
 1-4 VDW =      257.5475  1-4 EEL =    -4474.3986  RESTRAINT  =        0.0000


   NSTEP       ENERGY          RMS            GMAX         NAME    NUMBER
   8900      -1.6698E+05     4.0916E-02     2.8938E+00     C2        881

 BOND    =    12651.6343  ANGLE   =      260.9887  DIHED      =      807.3997
 VDWAALS =    32783.3082  EEL     =  -209268.4975  HBOND      =        0.0000
 1-4 VDW =      257.7239  1-4 EEL =    -4474.4207  RESTRAINT  =        0.0000


   NSTEP       ENERGY          RMS            GMAX         NAME    NUMBER
   8950      -1.6698E+05     9.9275E-02     3.7723E+00     C5'       864

 BOND    =    12654.3967  ANGLE   =      260.9721  DIHED      =      807.3783
 VDWAALS =    32783.6158  EEL     =  -209273.7056  HBOND      =        0.0000
 1-4 VDW =      257.5837  1-4 EEL =    -4474.7945  RESTRAINT  =        0.0000


   NSTEP       ENERGY          RMS            GMAX         NAME    NUMBER
   9000      -1.6699E+05     3.8074E-02     2.1670E+00     O        4850

 BOND    =    12653.4219  ANGLE   =      260.9761  DIHED      =      807.2490
 VDWAALS =    32785.1335  EEL     =  -209276.9844  HBOND      =        0.0000
 1-4 VDW =      257.6730  1-4 EEL =    -4474.3918  RESTRAINT  =        0.0000


   NSTEP       ENERGY          RMS            GMAX         NAME    NUMBER
   9050      -1.6699E+05     2.0128E-02     8.2678E-01     O        4850

 BOND    =    12653.5991  ANGLE   =      260.8993  DIHED      =      807.1992
 VDWAALS =    32788.1420  EEL     =  -209281.8538  HBOND      =        0.0000
 1-4 VDW =      257.6696  1-4 EEL =    -4474.2835  RESTRAINT  =        0.0000


   NSTEP       ENERGY          RMS            GMAX         NAME    NUMBER
   9100      -1.6699E+05     2.0990E-02     1.3874E+00     C4'       867

 BOND    =    12655.2799  ANGLE   =      261.1049  DIHED      =      806.9869
 VDWAALS =    32797.6310  EEL     =  -209296.3544  HBOND      =        0.0000
 1-4 VDW =      257.6534  1-4 EEL =    -4474.4760  RESTRAINT  =        0.0000


   NSTEP       ENERGY          RMS            GMAX         NAME    NUMBER
   9150      -1.6699E+05     5.2639E-02     3.9321E+00     P         890

 BOND    =    12655.4376  ANGLE   =      261.0080  DIHED      =      807.0133
 VDWAALS =    32801.5043  EEL     =  -209301.7840  HBOND      =        0.0000
 1-4 VDW =      257.7808  1-4 EEL =    -4474.3269  RESTRAINT  =        0.0000


   NSTEP       ENERGY          RMS            GMAX         NAME    NUMBER
   9200      -1.6699E+05     1.3303E-02     5.8923E-01     O        4850

 BOND    =    12656.0896  ANGLE   =      261.0517  DIHED      =      807.0252
 VDWAALS =    32801.7854  EEL     =  -209302.9141  HBOND      =        0.0000
 1-4 VDW =      257.7100  1-4 EEL =    -4474.3997  RESTRAINT  =        0.0000


   NSTEP       ENERGY          RMS            GMAX         NAME    NUMBER
   9250      -1.6699E+05     9.0674E-03     6.3440E-01     C4        877

 BOND    =    12656.1556  ANGLE   =      261.0290  DIHED      =      807.0252
 VDWAALS =    32802.4270  EEL     =  -209303.8983  HBOND      =        0.0000
 1-4 VDW =      257.7195  1-4 EEL =    -4474.3529  RESTRAINT  =        0.0000

     .... RESTARTED DUE TO LINMIN FAILURE ...


   NSTEP       ENERGY          RMS            GMAX         NAME    NUMBER
   9300      -1.6699E+05     7.5257E-03     5.8064E-01     H1      36276

 BOND    =    12656.1885  ANGLE   =      261.0269  DIHED      =      807.0254
 VDWAALS =    32802.4308  EEL     =  -209303.9340  HBOND      =        0.0000
 1-4 VDW =      257.7218  1-4 EEL =    -4474.3533  RESTRAINT  =        0.0000


   NSTEP       ENERGY          RMS            GMAX         NAME    NUMBER
   9350      -1.6700E+05     3.8800E-02     1.8933E+00     C6        742

 BOND    =    12657.6030  ANGLE   =      261.0153  DIHED      =      807.0587
 VDWAALS =    32811.3098  EEL     =  -209317.4782  HBOND      =        0.0000
 1-4 VDW =      257.7952  1-4 EEL =    -4474.2985  RESTRAINT  =        0.0000


   NSTEP       ENERGY          RMS            GMAX         NAME    NUMBER
   9400      -1.6700E+05     3.8672E-02     1.9963E+00     O       11492

 BOND    =    12658.6362  ANGLE   =      261.0142  DIHED      =      807.0896
 VDWAALS =    32815.2671  EEL     =  -209323.7284  HBOND      =        0.0000
 1-4 VDW =      257.7944  1-4 EEL =    -4474.3863  RESTRAINT  =        0.0000


   NSTEP       ENERGY          RMS            GMAX         NAME    NUMBER
   9450      -1.6700E+05     4.4675E-02     2.8489E+00     N3        879

 BOND    =    12658.6186  ANGLE   =      260.9143  DIHED      =      807.1676
 VDWAALS =    32816.1439  EEL     =  -209324.8772  HBOND      =        0.0000
 1-4 VDW =      257.7183  1-4 EEL =    -4474.3347  RESTRAINT  =        0.0000


   NSTEP       ENERGY          RMS            GMAX         NAME    NUMBER
   9500      -1.6700E+05     2.1782E-02     1.1221E+00     C5'       864

 BOND    =    12658.5608  ANGLE   =      260.9682  DIHED      =      807.1307
 VDWAALS =    32816.7954  EEL     =  -209325.8680  HBOND      =        0.0000
 1-4 VDW =      257.7649  1-4 EEL =    -4474.3697  RESTRAINT  =        0.0000


   NSTEP       ENERGY          RMS            GMAX         NAME    NUMBER
   9550      -1.6700E+05     2.0684E-02     1.1411E+00     C6        873

 BOND    =    12661.7034  ANGLE   =      260.8799  DIHED      =      807.2812
 VDWAALS =    32832.1452  EEL     =  -209349.8884  HBOND      =        0.0000
 1-4 VDW =      257.7658  1-4 EEL =    -4474.4030  RESTRAINT  =        0.0000


   NSTEP       ENERGY          RMS            GMAX         NAME    NUMBER
   9600      -1.6701E+05     7.6883E-02     6.1931E+00     H1      19611

 BOND    =    12663.9599  ANGLE   =      260.7590  DIHED      =      807.4584
 VDWAALS =    32844.9917  EEL     =  -209369.2505  HBOND      =        0.0000
 1-4 VDW =      257.8847  1-4 EEL =    -4474.1893  RESTRAINT  =        0.0000


   NSTEP       ENERGY          RMS            GMAX         NAME    NUMBER
   9650      -1.6701E+05     8.8303E-02     5.3036E+00     P         890

 BOND    =    12664.8471  ANGLE   =      260.7994  DIHED      =      807.5473
 VDWAALS =    32845.5316  EEL     =  -209374.5858  HBOND      =        0.0000
 1-4 VDW =      257.9364  1-4 EEL =    -4474.3816  RESTRAINT  =        0.0000


   NSTEP       ENERGY          RMS            GMAX         NAME    NUMBER
   9700      -1.6702E+05     4.2518E-02     2.2855E+00     P         890

 BOND    =    12663.2896  ANGLE   =      260.7586  DIHED      =      807.6029
 VDWAALS =    32847.9081  EEL     =  -209378.6957  HBOND      =        0.0000
 1-4 VDW =      257.7875  1-4 EEL =    -4474.3328  RESTRAINT  =        0.0000


   NSTEP       ENERGY          RMS            GMAX         NAME    NUMBER
   9750      -1.6702E+05     8.1859E-02     8.1510E+00     H1      32532

 BOND    =    12664.0910  ANGLE   =      260.7799  DIHED      =      807.8362
 VDWAALS =    32855.5078  EEL     =  -209391.7641  HBOND      =        0.0000
 1-4 VDW =      257.5306  1-4 EEL =    -4474.1070  RESTRAINT  =        0.0000


   NSTEP       ENERGY          RMS            GMAX         NAME    NUMBER
   9800      -1.6702E+05     7.5143E-02     4.6096E+00     O       32771

 BOND    =    12664.6838  ANGLE   =      260.7489  DIHED      =      807.8459
 VDWAALS =    32854.8183  EEL     =  -209395.4316  HBOND      =        0.0000
 1-4 VDW =      257.5414  1-4 EEL =    -4474.1587  RESTRAINT  =        0.0000


   NSTEP       ENERGY          RMS            GMAX         NAME    NUMBER
   9850      -1.6703E+05     1.4095E-01     6.1292E+00     H2      27082

 BOND    =    12663.6933  ANGLE   =      260.2920  DIHED      =      807.8874
 VDWAALS =    32858.4498  EEL     =  -209400.8183  HBOND      =        0.0000
 1-4 VDW =      257.7255  1-4 EEL =    -4474.1593  RESTRAINT  =        0.0000


   NSTEP       ENERGY          RMS            GMAX         NAME    NUMBER
   9900      -1.6703E+05     7.9272E-02     5.0119E+00     O       32771

 BOND    =    12668.4886  ANGLE   =      260.5467  DIHED      =      807.9330
 VDWAALS =    32862.3002  EEL     =  -209413.0892  HBOND      =        0.0000
 1-4 VDW =      257.6946  1-4 EEL =    -4473.9962  RESTRAINT  =        0.0000


   NSTEP       ENERGY          RMS            GMAX         NAME    NUMBER
   9950      -1.6703E+05     6.7792E-02     3.6046E+00     H2      29821

 BOND    =    12669.1600  ANGLE   =      260.2982  DIHED      =      808.0039
 VDWAALS =    32870.4066  EEL     =  -209425.2725  HBOND      =        0.0000
 1-4 VDW =      257.7728  1-4 EEL =    -4474.2608  RESTRAINT  =        0.0000


   NSTEP       ENERGY          RMS            GMAX         NAME    NUMBER
  10000      -1.6704E+05     5.0675E-02     2.2506E+00     O       29819

 BOND    =    12671.0701  ANGLE   =      260.2126  DIHED      =      808.1370
 VDWAALS =    32878.5269  EEL     =  -209440.4271  HBOND      =        0.0000
 1-4 VDW =      257.8132  1-4 EEL =    -4474.3855  RESTRAINT  =        0.0000


  Maximum number of minimization cycles reached.


                    FINAL RESULTS



   NSTEP       ENERGY          RMS            GMAX         NAME    NUMBER
  10000      -1.6704E+05     5.0675E-02     2.2506E+00     O       29819

 BOND    =    12671.0701  ANGLE   =      260.2126  DIHED      =      808.1370
 VDWAALS =    32878.5269  EEL     =  -209440.4271  HBOND      =        0.0000
 1-4 VDW =      257.8132  1-4 EEL =    -4474.3855  RESTRAINT  =        0.0000
--------------------------------------------------------------------------------
   5.  TIMINGS
--------------------------------------------------------------------------------

|  NonSetup CPU Time in Major Routines:
|
|     Routine           Sec        %
|     ------------------------------
|     Nonbond          18.26   51.45
|     Bond              0.00    0.00
|     Angle             0.00    0.00
|     Dihedral          0.00    0.00
|     Shake             0.00    0.00
|     Other            17.23   48.55
|     ------------------------------
|     Total            35.50

|  PME Nonbond Pairlist CPU Time:
|
|     Routine              Sec        %
|     ---------------------------------
|     Set Up Cit           0.00    0.00
|     Build List           0.00    0.00
|     ---------------------------------
|     Total                0.00    0.00

|  PME Direct Force CPU Time:
|
|     Routine              Sec        %
|     ---------------------------------
|     NonBonded Calc       0.00    0.00
|     Exclude Masked       0.00    0.00
|     Other                0.01    0.04
|     ---------------------------------
|     Total                0.01    0.04

|  PME Reciprocal Force CPU Time:
|
|     Routine              Sec        %
|     ---------------------------------
|     1D bspline           0.00    0.00
|     Grid Charges         0.00    0.00
|     Scalar Sum           0.00    0.00
|     Gradient Sum         0.00    0.00
|     FFT                  0.00    0.00
|     ---------------------------------
|     Total                0.00    0.00

|  Setup CPU time:            0.77 seconds
|  NonSetup CPU time:        35.50 seconds
|  Total CPU time:           36.27 seconds     0.01 hours

|  Setup wall time:           0    seconds
|  NonSetup wall time:       36    seconds
|  Total wall time:          36    seconds     0.01 hours
