
          -------------------------------------------------------
          Amber 16 PMEMD                              2016
          -------------------------------------------------------

| PMEMD implementation of SANDER, Release 16

| Run on 01/29/2021 at 10:56:58

|   Executable path: pmemd.cuda
| Working directory: /home/kyq/T7RNADNA/4/nLC4
|          Hostname: gpu01

  [-O]verwriting output

File Assignments:
|   MDIN: heat3.in                                                              
|  MDOUT: cmp_heat3.out                                                         
| INPCRD: cmp_heat2.rst                                                         
|   PARM: cmp.prmtop                                                            
| RESTRT: cmp_heat3.rst                                                         
|   REFC: cmp.inpcrd                                                            
|  MDVEL: mdvel                                                                 
|   MDEN: mden                                                                  
|  MDCRD: cmp_heat3.mdcrd                                                       
| MDINFO: mdinfo                                                                
|  MDFRC: mdfrc                                                                 

 
 Here is the input file:
 
Stage 2 equilibration 1 0-5ns                                                  
 &cntrl                                                                        
  imin=0, irest=1, ntx=5,                                                      
  nstlim=2500, dt=0.002,                                                       
  ntc=2, ntf=2,                                                                
  ntt=1, tautp=1.5,                                                            
  tempi=100.0, temp0=150.0,                                                    
  ntpr=50, ntwx=50,                                                            
  ntb=1,                                                                       
  cut=10,                                                                      
 /                                                                             


Note: ig = -1. Setting random seed to   268060 based on wallclock time in 
      microseconds.
 
|--------------------- INFORMATION ----------------------
| GPU (CUDA) Version of PMEMD in use: NVIDIA GPU IN USE.
|                    Version 16.0.0
| 
|                      02/25/2016
| 
| Implementation by:
|                    Ross C. Walker     (SDSC)
|                    Scott Le Grand     (nVIDIA)
| 
| Precision model in use:
|      [SPFP] - Single Precision Forces, 64-bit Fixed Point
|               Accumulation. (Default)
| 
|--------------------------------------------------------
 
|----------------- CITATION INFORMATION -----------------
|
|    When publishing work that utilized the CUDA version
|    of AMBER, please cite the following in addition to
|    the regular AMBER citations:
|
|  - Romelia Salomon-Ferrer; Andreas W. Goetz; Duncan
|    Poole; Scott Le Grand; Ross C. Walker "Routine
|    microsecond molecular dynamics simulations with
|    AMBER - Part II: Particle Mesh Ewald", J. Chem.
|    Theory Comput., 2013, 9 (9), pp3878-3888,
|    DOI: 10.1021/ct400314y.
|
|  - Andreas W. Goetz; Mark J. Williamson; Dong Xu;
|    Duncan Poole; Scott Le Grand; Ross C. Walker
|    "Routine microsecond molecular dynamics simulations
|    with AMBER - Part I: Generalized Born", J. Chem.
|    Theory Comput., 2012, 8 (5), pp1542-1555.
|
|  - Scott Le Grand; Andreas W. Goetz; Ross C. Walker
|    "SPFP: Speed without compromise - a mixed precision
|    model for GPU accelerated molecular dynamics
|    simulations.", Comp. Phys. Comm., 2013, 184
|    pp374-380, DOI: 10.1016/j.cpc.2012.09.022
|
|--------------------------------------------------------
 
|------------------- GPU DEVICE INFO --------------------
|
|            CUDA_VISIBLE_DEVICES: 0
|   CUDA Capable Devices Detected:      1
|           CUDA Device ID in use:      0
|                CUDA Device Name: Tesla P100-PCIE-16GB
|     CUDA Device Global Mem Size:  16276 MB
| CUDA Device Num Multiprocessors:     56
|           CUDA Device Core Freq:   1.33 GHz
|
|--------------------------------------------------------
 
 
| Conditional Compilation Defines Used:
| PUBFFT
| BINTRAJ
| CUDA
| EMIL
 
| Largest sphere to fit in unit cell has radius =    33.487

| New format PARM file being parsed.
| Version =    1.000 Date = 01/29/21 Time = 10:55:02

| Note: 1-4 EEL scale factors are being read from the topology file.

| Note: 1-4 VDW scale factors are being read from the topology file.
| Duplicated    0 dihedrals

| Duplicated    0 dihedrals

--------------------------------------------------------------------------------
   1.  RESOURCE   USE: 
--------------------------------------------------------------------------------

 getting box info from netcdf restart file
 NATOM  =   37690 NTYPES =      18 NBONH =   36951 MBONA  =     790
 NTHETH =     882 MTHETA =    1223 NPHIH =    1873 MPHIA  =    2454
 NHPARM =       0 NPARM  =       0 NNB   =   54850 NRES   =   12256
 NBONA  =     790 NTHETA =    1223 NPHIA =    2454 NUMBND =      73
 NUMANG =     152 NPTRA  =      87 NATYP =      37 NPHB   =       1
 IFBOX  =       2 NMXRS  =      34 IFCAP =       0 NEXTRA =       0
 NCOPY  =       0

| Coordinate Index Table dimensions:    13   13   13
| Direct force subcell size =     6.3096    6.3096    6.3096

     BOX TYPE: TRUNCATED OCTAHEDRON

--------------------------------------------------------------------------------
   2.  CONTROL  DATA  FOR  THE  RUN
--------------------------------------------------------------------------------

default_name                                                                    

General flags:
     imin    =       0, nmropt  =       0

Nature and format of input:
     ntx     =       5, irest   =       1, ntrx    =       1

Nature and format of output:
     ntxo    =       2, ntpr    =      50, ntrx    =       1, ntwr    =    2500
     iwrap   =       0, ntwx    =      50, ntwv    =       0, ntwe    =       0
     ioutfm  =       1, ntwprt  =       0, idecomp =       0, rbornstat=      0

Potential function:
     ntf     =       2, ntb     =       1, igb     =       0, nsnb    =      25
     ipol    =       0, gbsa    =       0, iesp    =       0
     dielc   =   1.00000, cut     =  10.00000, intdiel =   1.00000

Frozen or restrained atoms:
     ibelly  =       0, ntr     =       0

Molecular dynamics:
     nstlim  =      2500, nscm    =      1000, nrespa  =         1
     t       =   0.00000, dt      =   0.00200, vlimit  =  -1.00000

Berendsen (weak-coupling) temperature regulation:
     temp0   = 150.00000, tempi   = 100.00000, tautp   =   1.50000

SHAKE:
     ntc     =       2, jfastw  =       0
     tol     =   0.00001

| Intermolecular bonds treatment:
|     no_intermolecular_bonds =       1

| Energy averages sample interval:
|     ene_avg_sampling =      50

Ewald parameters:
     verbose =       0, ew_type =       0, nbflag  =       1, use_pme =       1
     vdwmeth =       1, eedmeth =       1, netfrc  =       1
     Box X =   82.025   Box Y =   82.025   Box Z =   82.025
     Alpha =  109.471   Beta  =  109.471   Gamma =  109.471
     NFFT1 =   84       NFFT2 =   84       NFFT3 =   84
     Cutoff=   10.000   Tol   =0.100E-04
     Ewald Coefficient =  0.27511
     Interpolation order =    4

--------------------------------------------------------------------------------
   3.  ATOMIC COORDINATES AND VELOCITIES
--------------------------------------------------------------------------------

default_name                                                                    
 begin time read from input coords =    10.000 ps

 
 Number of triangulated 3-point waters found:    12190

     Sum of charges from parm topology file =   0.00000012
     Forcing neutrality...

| Dynamic Memory, Types Used:
| Reals             1087756
| Integers           903681

| Nonbonded Pairs Initial Allocation:    11400282

| GPU memory information (estimate):
| KB of GPU memory in use:    207466
| KB of CPU memory in use:     62314

--------------------------------------------------------------------------------
   4.  RESULTS
--------------------------------------------------------------------------------

 ---------------------------------------------------
 APPROXIMATING switch and d/dx switch using CUBIC SPLINE INTERPOLATION
 using   5000.0 points per unit in tabled values
 TESTING RELATIVE ERROR over r ranging from 0.0 to cutoff
| CHECK switch(x): max rel err =   0.3316E-14   at   2.351880
| CHECK d/dx switch(x): max rel err =   0.8066E-11   at   2.747240
 ---------------------------------------------------
|---------------------------------------------------
| APPROXIMATING direct energy using CUBIC SPLINE INTERPOLATION
|  with   50.0 points per unit in tabled values
| Relative Error Limit not exceeded for r .gt.   2.34
| APPROXIMATING direct force using CUBIC SPLINE INTERPOLATION
|  with   50.0 points per unit in tabled values
| Relative Error Limit not exceeded for r .gt.   2.81
|---------------------------------------------------

 NSTEP =       50   TIME(PS) =      10.100  TEMP(K) =    94.08  PRESS =     0.0
 Etot   =   -143999.9047  EKtot   =      7114.8418  EPtot      =   -151114.7465
 BOND   =        87.1562  ANGLE   =       293.9894  DIHED      =       833.2685
 1-4 NB =       266.8827  1-4 EEL =     -4478.8582  VDWAALS    =     25689.7726
 EELEC  =   -173806.9577  EHBOND  =         0.0000  RESTRAINT  =         0.0000
 ------------------------------------------------------------------------------


 NSTEP =      100   TIME(PS) =      10.200  TEMP(K) =    96.69  PRESS =     0.0
 Etot   =   -143725.2182  EKtot   =      7312.2188  EPtot      =   -151037.4370
 BOND   =        80.6675  ANGLE   =       297.6774  DIHED      =       837.0468
 1-4 NB =       276.8630  1-4 EEL =     -4485.7193  VDWAALS    =     25614.7393
 EELEC  =   -173658.7116  EHBOND  =         0.0000  RESTRAINT  =         0.0000
 ------------------------------------------------------------------------------


 NSTEP =      150   TIME(PS) =      10.300  TEMP(K) =    97.95  PRESS =     0.0
 Etot   =   -143459.2167  EKtot   =      7407.7207  EPtot      =   -150866.9374
 BOND   =        90.6046  ANGLE   =       301.0443  DIHED      =       841.2775
 1-4 NB =       266.2363  1-4 EEL =     -4480.2242  VDWAALS    =     25391.9531
 EELEC  =   -173277.8290  EHBOND  =         0.0000  RESTRAINT  =         0.0000
 ------------------------------------------------------------------------------


 NSTEP =      200   TIME(PS) =      10.400  TEMP(K) =    99.41  PRESS =     0.0
 Etot   =   -143200.6639  EKtot   =      7518.0298  EPtot      =   -150718.6936
 BOND   =        87.4471  ANGLE   =       306.3811  DIHED      =       839.7944
 1-4 NB =       272.4843  1-4 EEL =     -4480.0360  VDWAALS    =     25303.9795
 EELEC  =   -173048.7440  EHBOND  =         0.0000  RESTRAINT  =         0.0000
 ------------------------------------------------------------------------------


 NSTEP =      250   TIME(PS) =      10.500  TEMP(K) =   100.70  PRESS =     0.0
 Etot   =   -142949.9050  EKtot   =      7615.8857  EPtot      =   -150565.7908
 BOND   =        87.4219  ANGLE   =       312.4212  DIHED      =       838.6723
 1-4 NB =       263.4623  1-4 EEL =     -4492.2990  VDWAALS    =     25399.9542
 EELEC  =   -172975.4238  EHBOND  =         0.0000  RESTRAINT  =         0.0000
 ------------------------------------------------------------------------------


 NSTEP =      300   TIME(PS) =      10.600  TEMP(K) =   103.26  PRESS =     0.0
 Etot   =   -142708.8969  EKtot   =      7809.1182  EPtot      =   -150518.0151
 BOND   =        85.8563  ANGLE   =       321.9477  DIHED      =       832.1752
 1-4 NB =       269.7097  1-4 EEL =     -4489.1989  VDWAALS    =     25577.9677
 EELEC  =   -173116.4727  EHBOND  =         0.0000  RESTRAINT  =         0.0000
 ------------------------------------------------------------------------------


 NSTEP =      350   TIME(PS) =      10.700  TEMP(K) =   104.17  PRESS =     0.0
 Etot   =   -142476.0778  EKtot   =      7878.3350  EPtot      =   -150354.4128
 BOND   =        92.2372  ANGLE   =       317.7590  DIHED      =       840.6417
 1-4 NB =       269.6223  1-4 EEL =     -4494.0177  VDWAALS    =     25571.6921
 EELEC  =   -172952.3474  EHBOND  =         0.0000  RESTRAINT  =         0.0000
 ------------------------------------------------------------------------------


 NSTEP =      400   TIME(PS) =      10.800  TEMP(K) =   104.87  PRESS =     0.0
 Etot   =   -142248.6824  EKtot   =      7930.8306  EPtot      =   -150179.5130
 BOND   =        88.4997  ANGLE   =       314.6343  DIHED      =       833.7145
 1-4 NB =       268.8723  1-4 EEL =     -4487.2349  VDWAALS    =     25320.7632
 EELEC  =   -172518.7620  EHBOND  =         0.0000  RESTRAINT  =         0.0000
 ------------------------------------------------------------------------------


 NSTEP =      450   TIME(PS) =      10.900  TEMP(K) =   106.58  PRESS =     0.0
 Etot   =   -142026.5814  EKtot   =      8060.3521  EPtot      =   -150086.9335
 BOND   =        94.4330  ANGLE   =       309.3585  DIHED      =       836.4821
 1-4 NB =       269.6248  1-4 EEL =     -4488.4257  VDWAALS    =     25113.0827
 EELEC  =   -172221.4889  EHBOND  =         0.0000  RESTRAINT  =         0.0000
 ------------------------------------------------------------------------------


 NSTEP =      500   TIME(PS) =      11.000  TEMP(K) =   108.04  PRESS =     0.0
 Etot   =   -141814.3304  EKtot   =      8171.2114  EPtot      =   -149985.5418
 BOND   =        96.9911  ANGLE   =       311.8379  DIHED      =       838.3022
 1-4 NB =       272.6674  1-4 EEL =     -4483.4477  VDWAALS    =     25375.6026
 EELEC  =   -172397.4954  EHBOND  =         0.0000  RESTRAINT  =         0.0000
 ------------------------------------------------------------------------------


 NSTEP =      550   TIME(PS) =      11.100  TEMP(K) =   109.84  PRESS =     0.0
 Etot   =   -141608.7514  EKtot   =      8306.9746  EPtot      =   -149915.7260
 BOND   =        95.7115  ANGLE   =       319.0135  DIHED      =       845.5854
 1-4 NB =       272.6397  1-4 EEL =     -4480.9852  VDWAALS    =     25084.9997
 EELEC  =   -172052.6906  EHBOND  =         0.0000  RESTRAINT  =         0.0000
 ------------------------------------------------------------------------------


 NSTEP =      600   TIME(PS) =      11.200  TEMP(K) =   111.19  PRESS =     0.0
 Etot   =   -141411.2408  EKtot   =      8409.2246  EPtot      =   -149820.4654
 BOND   =        90.1754  ANGLE   =       321.7442  DIHED      =       838.8354
 1-4 NB =       267.1892  1-4 EEL =     -4477.2340  VDWAALS    =     25010.6100
 EELEC  =   -171871.7857  EHBOND  =         0.0000  RESTRAINT  =         0.0000
 ------------------------------------------------------------------------------


 NSTEP =      650   TIME(PS) =      11.300  TEMP(K) =   112.20  PRESS =     0.0
 Etot   =   -141218.5609  EKtot   =      8485.8291  EPtot      =   -149704.3900
 BOND   =        94.2762  ANGLE   =       322.8586  DIHED      =       843.7754
 1-4 NB =       267.8232  1-4 EEL =     -4479.5765  VDWAALS    =     25260.8639
 EELEC  =   -172014.4109  EHBOND  =         0.0000  RESTRAINT  =         0.0000
 ------------------------------------------------------------------------------


 NSTEP =      700   TIME(PS) =      11.400  TEMP(K) =   113.14  PRESS =     0.0
 Etot   =   -141031.4825  EKtot   =      8556.3926  EPtot      =   -149587.8751
 BOND   =        99.3238  ANGLE   =       315.3213  DIHED      =       845.6004
 1-4 NB =       274.9535  1-4 EEL =     -4481.7690  VDWAALS    =     25191.6987
 EELEC  =   -171833.0038  EHBOND  =         0.0000  RESTRAINT  =         0.0000
 ------------------------------------------------------------------------------


 NSTEP =      750   TIME(PS) =      11.500  TEMP(K) =   115.55  PRESS =     0.0
 Etot   =   -140853.5608  EKtot   =      8739.1377  EPtot      =   -149592.6985
 BOND   =        94.5254  ANGLE   =       325.2880  DIHED      =       833.4493
 1-4 NB =       267.9047  1-4 EEL =     -4485.3826  VDWAALS    =     25160.7745
 EELEC  =   -171789.2578  EHBOND  =         0.0000  RESTRAINT  =         0.0000
 ------------------------------------------------------------------------------


 NSTEP =      800   TIME(PS) =      11.600  TEMP(K) =   115.72  PRESS =     0.0
 Etot   =   -140678.6380  EKtot   =      8751.5752  EPtot      =   -149430.2132
 BOND   =       100.2484  ANGLE   =       328.2655  DIHED      =       835.8311
 1-4 NB =       274.0243  1-4 EEL =     -4509.3749  VDWAALS    =     24990.1726
 EELEC  =   -171449.3802  EHBOND  =         0.0000  RESTRAINT  =         0.0000
 ------------------------------------------------------------------------------


 NSTEP =      850   TIME(PS) =      11.700  TEMP(K) =   117.22  PRESS =     0.0
 Etot   =   -140508.2755  EKtot   =      8864.9570  EPtot      =   -149373.2325
 BOND   =       103.1308  ANGLE   =       334.6754  DIHED      =       837.3691
 1-4 NB =       264.1212  1-4 EEL =     -4493.8345  VDWAALS    =     25119.7282
 EELEC  =   -171538.4227  EHBOND  =         0.0000  RESTRAINT  =         0.0000
 ------------------------------------------------------------------------------


 NSTEP =      900   TIME(PS) =      11.800  TEMP(K) =   118.35  PRESS =     0.0
 Etot   =   -140344.6751  EKtot   =      8950.2637  EPtot      =   -149294.9387
 BOND   =        91.8321  ANGLE   =       319.4613  DIHED      =       843.8297
 1-4 NB =       274.2945  1-4 EEL =     -4468.9374  VDWAALS    =     25035.0341
 EELEC  =   -171390.4531  EHBOND  =         0.0000  RESTRAINT  =         0.0000
 ------------------------------------------------------------------------------


 NSTEP =      950   TIME(PS) =      11.900  TEMP(K) =   119.13  PRESS =     0.0
 Etot   =   -140187.9986  EKtot   =      9009.6182  EPtot      =   -149197.6167
 BOND   =        92.3574  ANGLE   =       328.0569  DIHED      =       836.8082
 1-4 NB =       273.1633  1-4 EEL =     -4478.0168  VDWAALS    =     24906.5818
 EELEC  =   -171156.5675  EHBOND  =         0.0000  RESTRAINT  =         0.0000
 ------------------------------------------------------------------------------

check COM velocity, temp:        0.000007     0.00(Removed)

 NSTEP =     1000   TIME(PS) =      12.000  TEMP(K) =   119.89  PRESS =     0.0
 Etot   =   -140036.5131  EKtot   =      9067.3301  EPtot      =   -149103.8432
 BOND   =        96.9081  ANGLE   =       334.7063  DIHED      =       835.1764
 1-4 NB =       265.0285  1-4 EEL =     -4485.2606  VDWAALS    =     25088.0644
 EELEC  =   -171238.4663  EHBOND  =         0.0000  RESTRAINT  =         0.0000
 ------------------------------------------------------------------------------


 NSTEP =     1050   TIME(PS) =      12.100  TEMP(K) =   120.76  PRESS =     0.0
 Etot   =   -139888.6542  EKtot   =      9132.8711  EPtot      =   -149021.5253
 BOND   =        97.1622  ANGLE   =       335.2940  DIHED      =       844.5489
 1-4 NB =       276.3997  1-4 EEL =     -4499.2115  VDWAALS    =     25050.1306
 EELEC  =   -171125.8493  EHBOND  =         0.0000  RESTRAINT  =         0.0000
 ------------------------------------------------------------------------------


 NSTEP =     1100   TIME(PS) =      12.200  TEMP(K) =   121.43  PRESS =     0.0
 Etot   =   -139743.3244  EKtot   =      9183.2070  EPtot      =   -148926.5314
 BOND   =       105.1922  ANGLE   =       324.9363  DIHED      =       836.7718
 1-4 NB =       271.7432  1-4 EEL =     -4499.5648  VDWAALS    =     24748.9307
 EELEC  =   -170714.5408  EHBOND  =         0.0000  RESTRAINT  =         0.0000
 ------------------------------------------------------------------------------


 NSTEP =     1150   TIME(PS) =      12.300  TEMP(K) =   122.93  PRESS =     0.0
 Etot   =   -139601.0697  EKtot   =      9296.6797  EPtot      =   -148897.7494
 BOND   =       102.8344  ANGLE   =       346.1406  DIHED      =       851.6889
 1-4 NB =       263.7974  1-4 EEL =     -4491.7598  VDWAALS    =     24797.6439
 EELEC  =   -170768.0949  EHBOND  =         0.0000  RESTRAINT  =         0.0000
 ------------------------------------------------------------------------------


 NSTEP =     1200   TIME(PS) =      12.400  TEMP(K) =   123.68  PRESS =     0.0
 Etot   =   -139467.7228  EKtot   =      9353.6211  EPtot      =   -148821.3439
 BOND   =        98.5821  ANGLE   =       326.5772  DIHED      =       840.5850
 1-4 NB =       281.2685  1-4 EEL =     -4478.6266  VDWAALS    =     24951.2141
 EELEC  =   -170840.9442  EHBOND  =         0.0000  RESTRAINT  =         0.0000
 ------------------------------------------------------------------------------


 NSTEP =     1250   TIME(PS) =      12.500  TEMP(K) =   125.46  PRESS =     0.0
 Etot   =   -139338.5356  EKtot   =      9488.1758  EPtot      =   -148826.7114
 BOND   =       101.8241  ANGLE   =       335.5367  DIHED      =       842.9354
 1-4 NB =       268.6190  1-4 EEL =     -4481.0947  VDWAALS    =     25082.0878
 EELEC  =   -170976.6197  EHBOND  =         0.0000  RESTRAINT  =         0.0000
 ------------------------------------------------------------------------------


 NSTEP =     1300   TIME(PS) =      12.600  TEMP(K) =   125.61  PRESS =     0.0
 Etot   =   -139216.0950  EKtot   =      9500.0527  EPtot      =   -148716.1477
 BOND   =       102.6175  ANGLE   =       324.4478  DIHED      =       836.8318
 1-4 NB =       267.8822  1-4 EEL =     -4478.4125  VDWAALS    =     24785.4844
 EELEC  =   -170554.9990  EHBOND  =         0.0000  RESTRAINT  =         0.0000
 ------------------------------------------------------------------------------


 NSTEP =     1350   TIME(PS) =      12.700  TEMP(K) =   126.27  PRESS =     0.0
 Etot   =   -139092.6046  EKtot   =      9549.2686  EPtot      =   -148641.8732
 BOND   =       101.5670  ANGLE   =       335.1933  DIHED      =       841.0552
 1-4 NB =       268.2000  1-4 EEL =     -4506.5993  VDWAALS    =     24710.6267
 EELEC  =   -170391.9161  EHBOND  =         0.0000  RESTRAINT  =         0.0000
 ------------------------------------------------------------------------------


 NSTEP =     1400   TIME(PS) =      12.800  TEMP(K) =   126.40  PRESS =     0.0
 Etot   =   -138972.9220  EKtot   =      9559.8047  EPtot      =   -148532.7267
 BOND   =       110.1234  ANGLE   =       336.4262  DIHED      =       846.1061
 1-4 NB =       273.1208  1-4 EEL =     -4491.7389  VDWAALS    =     24846.4266
 EELEC  =   -170453.1908  EHBOND  =         0.0000  RESTRAINT  =         0.0000
 ------------------------------------------------------------------------------


 NSTEP =     1450   TIME(PS) =      12.900  TEMP(K) =   128.52  PRESS =     0.0
 Etot   =   -138858.4803  EKtot   =      9720.0391  EPtot      =   -148578.5194
 BOND   =       105.8579  ANGLE   =       335.6269  DIHED      =       849.1693
 1-4 NB =       275.4331  1-4 EEL =     -4494.4477  VDWAALS    =     24879.9876
 EELEC  =   -170530.1464  EHBOND  =         0.0000  RESTRAINT  =         0.0000
 ------------------------------------------------------------------------------


 NSTEP =     1500   TIME(PS) =      13.000  TEMP(K) =   128.47  PRESS =     0.0
 Etot   =   -138748.1973  EKtot   =      9716.2090  EPtot      =   -148464.4063
 BOND   =       106.1097  ANGLE   =       349.4372  DIHED      =       835.8379
 1-4 NB =       269.8439  1-4 EEL =     -4488.9972  VDWAALS    =     24800.7035
 EELEC  =   -170337.3412  EHBOND  =         0.0000  RESTRAINT  =         0.0000
 ------------------------------------------------------------------------------


 NSTEP =     1550   TIME(PS) =      13.100  TEMP(K) =   129.00  PRESS =     0.0
 Etot   =   -138644.7540  EKtot   =      9755.7334  EPtot      =   -148400.4874
 BOND   =       107.3125  ANGLE   =       340.6270  DIHED      =       833.8117
 1-4 NB =       269.6780  1-4 EEL =     -4514.0183  VDWAALS    =     24795.7292
 EELEC  =   -170233.6275  EHBOND  =         0.0000  RESTRAINT  =         0.0000
 ------------------------------------------------------------------------------


 NSTEP =     1600   TIME(PS) =      13.200  TEMP(K) =   129.96  PRESS =     0.0
 Etot   =   -138543.0648  EKtot   =      9828.9297  EPtot      =   -148371.9945
 BOND   =       106.0717  ANGLE   =       338.1751  DIHED      =       839.9116
 1-4 NB =       270.9729  1-4 EEL =     -4497.1890  VDWAALS    =     24955.7278
 EELEC  =   -170385.6645  EHBOND  =         0.0000  RESTRAINT  =         0.0000
 ------------------------------------------------------------------------------


 NSTEP =     1650   TIME(PS) =      13.300  TEMP(K) =   131.07  PRESS =     0.0
 Etot   =   -138444.9647  EKtot   =      9912.5293  EPtot      =   -148357.4940
 BOND   =       106.5053  ANGLE   =       323.6841  DIHED      =       841.3556
 1-4 NB =       272.9591  1-4 EEL =     -4475.7563  VDWAALS    =     24462.6008
 EELEC  =   -169888.8425  EHBOND  =         0.0000  RESTRAINT  =         0.0000
 ------------------------------------------------------------------------------


 NSTEP =     1700   TIME(PS) =      13.400  TEMP(K) =   130.74  PRESS =     0.0
 Etot   =   -138347.2161  EKtot   =      9887.5957  EPtot      =   -148234.8118
 BOND   =       101.6531  ANGLE   =       334.8520  DIHED      =       842.2717
 1-4 NB =       266.1360  1-4 EEL =     -4483.2250  VDWAALS    =     24611.5223
 EELEC  =   -169908.0219  EHBOND  =         0.0000  RESTRAINT  =         0.0000
 ------------------------------------------------------------------------------


 NSTEP =     1750   TIME(PS) =      13.500  TEMP(K) =   131.55  PRESS =     0.0
 Etot   =   -138253.8533  EKtot   =      9948.7012  EPtot      =   -148202.5545
 BOND   =       106.2455  ANGLE   =       346.0181  DIHED      =       846.0292
 1-4 NB =       271.7857  1-4 EEL =     -4492.9920  VDWAALS    =     24562.8594
 EELEC  =   -169842.5003  EHBOND  =         0.0000  RESTRAINT  =         0.0000
 ------------------------------------------------------------------------------


 NSTEP =     1800   TIME(PS) =      13.600  TEMP(K) =   133.14  PRESS =     0.0
 Etot   =   -138163.7822  EKtot   =     10068.9180  EPtot      =   -148232.7001
 BOND   =       112.9193  ANGLE   =       336.0644  DIHED      =       843.3461
 1-4 NB =       269.7731  1-4 EEL =     -4493.2372  VDWAALS    =     24575.2739
 EELEC  =   -169876.8398  EHBOND  =         0.0000  RESTRAINT  =         0.0000
 ------------------------------------------------------------------------------


 NSTEP =     1850   TIME(PS) =      13.700  TEMP(K) =   132.66  PRESS =     0.0
 Etot   =   -138078.4866  EKtot   =     10032.9248  EPtot      =   -148111.4114
 BOND   =       112.3085  ANGLE   =       334.2050  DIHED      =       831.3003
 1-4 NB =       276.0809  1-4 EEL =     -4482.1941  VDWAALS    =     24499.6404
 EELEC  =   -169682.7524  EHBOND  =         0.0000  RESTRAINT  =         0.0000
 ------------------------------------------------------------------------------


 NSTEP =     1900   TIME(PS) =      13.800  TEMP(K) =   133.96  PRESS =     0.0
 Etot   =   -137993.0631  EKtot   =     10131.5771  EPtot      =   -148124.6402
 BOND   =       115.5330  ANGLE   =       349.3153  DIHED      =       842.2712
 1-4 NB =       274.7188  1-4 EEL =     -4507.9879  VDWAALS    =     24595.0480
 EELEC  =   -169793.5386  EHBOND  =         0.0000  RESTRAINT  =         0.0000
 ------------------------------------------------------------------------------


 NSTEP =     1950   TIME(PS) =      13.900  TEMP(K) =   134.41  PRESS =     0.0
 Etot   =   -137913.9050  EKtot   =     10164.9414  EPtot      =   -148078.8464
 BOND   =       117.2548  ANGLE   =       348.7248  DIHED      =       841.9958
 1-4 NB =       269.4390  1-4 EEL =     -4505.9049  VDWAALS    =     24544.2539
 EELEC  =   -169694.6099  EHBOND  =         0.0000  RESTRAINT  =         0.0000
 ------------------------------------------------------------------------------

check COM velocity, temp:        0.000011     0.00(Removed)

 NSTEP =     2000   TIME(PS) =      14.000  TEMP(K) =   133.95  PRESS =     0.0
 Etot   =   -137833.9417  EKtot   =     10130.3896  EPtot      =   -147964.3313
 BOND   =       111.4617  ANGLE   =       344.5920  DIHED      =       840.3012
 1-4 NB =       277.3130  1-4 EEL =     -4488.3923  VDWAALS    =     24454.9880
 EELEC  =   -169504.5950  EHBOND  =         0.0000  RESTRAINT  =         0.0000
 ------------------------------------------------------------------------------


 NSTEP =     2050   TIME(PS) =      14.100  TEMP(K) =   136.22  PRESS =     0.0
 Etot   =   -137760.0776  EKtot   =     10302.0293  EPtot      =   -148062.1069
 BOND   =       105.6035  ANGLE   =       345.3483  DIHED      =       837.8413
 1-4 NB =       268.2818  1-4 EEL =     -4450.5780  VDWAALS    =     24702.4615
 EELEC  =   -169871.0652  EHBOND  =         0.0000  RESTRAINT  =         0.0000
 ------------------------------------------------------------------------------


 NSTEP =     2100   TIME(PS) =      14.200  TEMP(K) =   135.73  PRESS =     0.0
 Etot   =   -137690.7585  EKtot   =     10265.3203  EPtot      =   -147956.0788
 BOND   =       120.8716  ANGLE   =       348.0164  DIHED      =       845.2790
 1-4 NB =       275.8742  1-4 EEL =     -4500.2213  VDWAALS    =     24546.5835
 EELEC  =   -169592.4823  EHBOND  =         0.0000  RESTRAINT  =         0.0000
 ------------------------------------------------------------------------------


 NSTEP =     2150   TIME(PS) =      14.300  TEMP(K) =   136.77  PRESS =     0.0
 Etot   =   -137619.3396  EKtot   =     10343.6240  EPtot      =   -147962.9636
 BOND   =       112.6572  ANGLE   =       341.5455  DIHED      =       842.8337
 1-4 NB =       271.4269  1-4 EEL =     -4499.7039  VDWAALS    =     24678.1781
 EELEC  =   -169709.9010  EHBOND  =         0.0000  RESTRAINT  =         0.0000
 ------------------------------------------------------------------------------


 NSTEP =     2200   TIME(PS) =      14.400  TEMP(K) =   137.93  PRESS =     0.0
 Etot   =   -137554.4990  EKtot   =     10431.3945  EPtot      =   -147985.8936
 BOND   =       117.2324  ANGLE   =       339.4449  DIHED      =       846.0905
 1-4 NB =       272.6684  1-4 EEL =     -4509.7403  VDWAALS    =     24643.9078
 EELEC  =   -169695.4973  EHBOND  =         0.0000  RESTRAINT  =         0.0000
 ------------------------------------------------------------------------------


 NSTEP =     2250   TIME(PS) =      14.500  TEMP(K) =   137.10  PRESS =     0.0
 Etot   =   -137488.7072  EKtot   =     10368.3652  EPtot      =   -147857.0724
 BOND   =       114.7033  ANGLE   =       333.0712  DIHED      =       835.1764
 1-4 NB =       273.0235  1-4 EEL =     -4488.4718  VDWAALS    =     24428.8876
 EELEC  =   -169353.4626  EHBOND  =         0.0000  RESTRAINT  =         0.0000
 ------------------------------------------------------------------------------


 NSTEP =     2300   TIME(PS) =      14.600  TEMP(K) =   138.11  PRESS =     0.0
 Etot   =   -137426.4548  EKtot   =     10444.8057  EPtot      =   -147871.2605
 BOND   =       111.1822  ANGLE   =       355.8453  DIHED      =       844.4677
 1-4 NB =       268.9410  1-4 EEL =     -4490.0471  VDWAALS    =     24371.1749
 EELEC  =   -169332.8245  EHBOND  =         0.0000  RESTRAINT  =         0.0000
 ------------------------------------------------------------------------------


 NSTEP =     2350   TIME(PS) =      14.700  TEMP(K) =   138.60  PRESS =     0.0
 Etot   =   -137367.7255  EKtot   =     10482.0234  EPtot      =   -147849.7489
 BOND   =       115.6730  ANGLE   =       347.3328  DIHED      =       848.0864
 1-4 NB =       269.3245  1-4 EEL =     -4494.6560  VDWAALS    =     24521.9816
 EELEC  =   -169457.4912  EHBOND  =         0.0000  RESTRAINT  =         0.0000
 ------------------------------------------------------------------------------


 NSTEP =     2400   TIME(PS) =      14.800  TEMP(K) =   138.53  PRESS =     0.0
 Etot   =   -137311.4105  EKtot   =     10476.8604  EPtot      =   -147788.2708
 BOND   =       110.5681  ANGLE   =       364.7110  DIHED      =       841.5502
 1-4 NB =       269.8030  1-4 EEL =     -4482.4259  VDWAALS    =     24369.9670
 EELEC  =   -169262.4443  EHBOND  =         0.0000  RESTRAINT  =         0.0000
 ------------------------------------------------------------------------------


 NSTEP =     2450   TIME(PS) =      14.900  TEMP(K) =   140.25  PRESS =     0.0
 Etot   =   -137254.5803  EKtot   =     10606.6367  EPtot      =   -147861.2170
 BOND   =       115.7523  ANGLE   =       366.4738  DIHED      =       834.1065
 1-4 NB =       274.6607  1-4 EEL =     -4504.0370  VDWAALS    =     24629.9381
 EELEC  =   -169578.1114  EHBOND  =         0.0000  RESTRAINT  =         0.0000
 ------------------------------------------------------------------------------


 NSTEP =     2500   TIME(PS) =      15.000  TEMP(K) =   139.29  PRESS =     0.0
 Etot   =   -137203.7451  EKtot   =     10534.2441  EPtot      =   -147737.9892
 BOND   =       106.6374  ANGLE   =       354.5415  DIHED      =       837.6295
 1-4 NB =       270.6159  1-4 EEL =     -4492.1543  VDWAALS    =     24645.0742
 EELEC  =   -169460.3334  EHBOND  =         0.0000  RESTRAINT  =         0.0000
 ------------------------------------------------------------------------------


      A V E R A G E S   O V E R      50 S T E P S


 NSTEP =     2500   TIME(PS) =      15.000  TEMP(K) =   122.33  PRESS =     0.0
 Etot   =   -139726.2222  EKtot   =      9251.5464  EPtot      =   -148977.7686
 BOND   =       102.1964  ANGLE   =       331.5729  DIHED      =       840.1764
 1-4 NB =       270.9470  1-4 EEL =     -4489.2644  VDWAALS    =     24909.1414
 EELEC  =   -170942.5384  EHBOND  =         0.0000  RESTRAINT  =         0.0000
 ------------------------------------------------------------------------------


      R M S  F L U C T U A T I O N S


 NSTEP =     2500   TIME(PS) =      15.000  TEMP(K) =    13.15  PRESS =     0.0
 Etot   =      1973.5910  EKtot   =       994.4525  EPtot      =       980.7813
 BOND   =         9.7640  ANGLE   =        16.1389  DIHED      =         4.6886
 1-4 NB =         3.7818  1-4 EEL =        11.4988  VDWAALS    =       351.1742
 EELEC  =      1294.4808  EHBOND  =         0.0000  RESTRAINT  =         0.0000
 ------------------------------------------------------------------------------

--------------------------------------------------------------------------------
   5.  TIMINGS
--------------------------------------------------------------------------------

|  NonSetup CPU Time in Major Routines:
|
|     Routine           Sec        %
|     ------------------------------
|     Nonbond           0.56    9.59
|     Bond              0.00    0.00
|     Angle             0.00    0.00
|     Dihedral          0.00    0.00
|     Shake             0.02    0.32
|     RunMD             5.26   89.95
|     Other             0.01    0.14
|     ------------------------------
|     Total             5.85

|  PME Nonbond Pairlist CPU Time:
|
|     Routine              Sec        %
|     ---------------------------------
|     Set Up Cit           0.00    0.00
|     Build List           0.00    0.00
|     ---------------------------------
|     Total                0.00    0.00

|  PME Direct Force CPU Time:
|
|     Routine              Sec        %
|     ---------------------------------
|     NonBonded Calc       0.00    0.00
|     Exclude Masked       0.00    0.00
|     Other                0.01    0.10
|     ---------------------------------
|     Total                0.01    0.10

|  PME Reciprocal Force CPU Time:
|
|     Routine              Sec        %
|     ---------------------------------
|     1D bspline           0.00    0.00
|     Grid Charges         0.00    0.00
|     Scalar Sum           0.00    0.00
|     Gradient Sum         0.00    0.00
|     FFT                  0.00    0.00
|     ---------------------------------
|     Total                0.00    0.00

|  Final Performance Info:
|     -----------------------------------------------------
|     Average timings for last    2450 steps:
|     Elapsed(s) =       5.72 Per Step(ms) =       2.34
|         ns/day =      73.98   seconds/ns =    1167.95
|
|     Average timings for all steps:
|     Elapsed(s) =       5.85 Per Step(ms) =       2.34
|         ns/day =      73.89   seconds/ns =    1169.38
|     -----------------------------------------------------

|  Setup CPU time:            0.77 seconds
|  NonSetup CPU time:         5.85 seconds
|  Total CPU time:            6.62 seconds     0.00 hours

|  Setup wall time:           1    seconds
|  NonSetup wall time:        6    seconds
|  Total wall time:           7    seconds     0.00 hours
