
          -------------------------------------------------------
          Amber 16 PMEMD                              2016
          -------------------------------------------------------

| PMEMD implementation of SANDER, Release 16

| Run on 01/29/2021 at 10:55:16

|   Executable path: pmemd.cuda
| Working directory: /home/kyq/T7RNADNA/4/nLC4
|          Hostname: gpu01

  [-O]verwriting output

File Assignments:
|   MDIN: min1.in                                                               
|  MDOUT: cmp_min1.out                                                          
| INPCRD: cmp.inpcrd                                                            
|   PARM: cmp.prmtop                                                            
| RESTRT: cmp_min1.rst                                                          
|   REFC: cmp.inpcrd                                                            
|  MDVEL: mdvel                                                                 
|   MDEN: mden                                                                  
|  MDCRD: mdcrd                                                                 
| MDINFO: mdinfo                                                                
|  MDFRC: mdfrc                                                                 

 
 Here is the input file:
 
Initial minimisation of our structures                                         
 &cntrl                                                                        
  imin=1, maxcyc=4000, ncyc=2000,                                              
  cut=10, ntb=1,ntr=1,                                                         
  restraint_wt=2.0                                                             
  restraintmask=':1-34'                                                        
/                                                                              


Note: ig = -1. Setting random seed to   824695 based on wallclock time in 
      microseconds.
 
|--------------------- INFORMATION ----------------------
| GPU (CUDA) Version of PMEMD in use: NVIDIA GPU IN USE.
|                    Version 16.0.0
| 
|                      02/25/2016
| 
| Implementation by:
|                    Ross C. Walker     (SDSC)
|                    Scott Le Grand     (nVIDIA)
| 
| Precision model in use:
|      [SPFP] - Single Precision Forces, 64-bit Fixed Point
|               Accumulation. (Default)
| 
|--------------------------------------------------------
 
|----------------- CITATION INFORMATION -----------------
|
|    When publishing work that utilized the CUDA version
|    of AMBER, please cite the following in addition to
|    the regular AMBER citations:
|
|  - Romelia Salomon-Ferrer; Andreas W. Goetz; Duncan
|    Poole; Scott Le Grand; Ross C. Walker "Routine
|    microsecond molecular dynamics simulations with
|    AMBER - Part II: Particle Mesh Ewald", J. Chem.
|    Theory Comput., 2013, 9 (9), pp3878-3888,
|    DOI: 10.1021/ct400314y.
|
|  - Andreas W. Goetz; Mark J. Williamson; Dong Xu;
|    Duncan Poole; Scott Le Grand; Ross C. Walker
|    "Routine microsecond molecular dynamics simulations
|    with AMBER - Part I: Generalized Born", J. Chem.
|    Theory Comput., 2012, 8 (5), pp1542-1555.
|
|  - Scott Le Grand; Andreas W. Goetz; Ross C. Walker
|    "SPFP: Speed without compromise - a mixed precision
|    model for GPU accelerated molecular dynamics
|    simulations.", Comp. Phys. Comm., 2013, 184
|    pp374-380, DOI: 10.1016/j.cpc.2012.09.022
|
|--------------------------------------------------------
 
|------------------- GPU DEVICE INFO --------------------
|
|            CUDA_VISIBLE_DEVICES: 0
|   CUDA Capable Devices Detected:      1
|           CUDA Device ID in use:      0
|                CUDA Device Name: Tesla P100-PCIE-16GB
|     CUDA Device Global Mem Size:  16276 MB
| CUDA Device Num Multiprocessors:     56
|           CUDA Device Core Freq:   1.33 GHz
|
|--------------------------------------------------------
 
 
| Conditional Compilation Defines Used:
| PUBFFT
| BINTRAJ
| CUDA
| EMIL
 
| Largest sphere to fit in unit cell has radius =    33.487

| New format PARM file being parsed.
| Version =    1.000 Date = 01/29/21 Time = 10:55:02

| Note: 1-4 EEL scale factors are being read from the topology file.

| Note: 1-4 VDW scale factors are being read from the topology file.
| Duplicated    0 dihedrals

| Duplicated    0 dihedrals

--------------------------------------------------------------------------------
   1.  RESOURCE   USE: 
--------------------------------------------------------------------------------

 getting new box info from bottom of inpcrd
 NATOM  =   37690 NTYPES =      18 NBONH =   36951 MBONA  =     790
 NTHETH =     882 MTHETA =    1223 NPHIH =    1873 MPHIA  =    2454
 NHPARM =       0 NPARM  =       0 NNB   =   54850 NRES   =   12256
 NBONA  =     790 NTHETA =    1223 NPHIA =    2454 NUMBND =      73
 NUMANG =     152 NPTRA  =      87 NATYP =      37 NPHB   =       1
 IFBOX  =       2 NMXRS  =      34 IFCAP =       0 NEXTRA =       0
 NCOPY  =       0

| Coordinate Index Table dimensions:    13   13   13
| Direct force subcell size =     6.3096    6.3096    6.3096

     BOX TYPE: TRUNCATED OCTAHEDRON

--------------------------------------------------------------------------------
   2.  CONTROL  DATA  FOR  THE  RUN
--------------------------------------------------------------------------------

default_name                                                                    

General flags:
     imin    =       1, nmropt  =       0

Nature and format of input:
     ntx     =       1, irest   =       0, ntrx    =       1

Nature and format of output:
     ntxo    =       2, ntpr    =      50, ntrx    =       1, ntwr    =       1
     iwrap   =       0, ntwx    =       0, ntwv    =       0, ntwe    =       0
     ioutfm  =       1, ntwprt  =       0, idecomp =       0, rbornstat=      0

Potential function:
     ntf     =       1, ntb     =       1, igb     =       0, nsnb    =      25
     ipol    =       0, gbsa    =       0, iesp    =       0
     dielc   =   1.00000, cut     =  10.00000, intdiel =   1.00000

Frozen or restrained atoms:
     ibelly  =       0, ntr     =       1
     restraint_wt =   2.00000

Energy minimization:
     maxcyc  =    4000, ncyc    =    2000, ntmin   =       1
     dx0     =   0.01000, drms    =   0.00010

| Intermolecular bonds treatment:
|     no_intermolecular_bonds =       1

| Energy averages sample interval:
|     ene_avg_sampling =       1

Ewald parameters:
     verbose =       0, ew_type =       0, nbflag  =       1, use_pme =       1
     vdwmeth =       1, eedmeth =       1, netfrc  =       0
     Box X =   82.025   Box Y =   82.025   Box Z =   82.025
     Alpha =  109.471   Beta  =  109.471   Gamma =  109.471
     NFFT1 =   84       NFFT2 =   84       NFFT3 =   84
     Cutoff=   10.000   Tol   =0.100E-04
     Ewald Coefficient =  0.27511
     Interpolation order =    4

    LOADING THE CONSTRAINED ATOMS AS GROUPS


   5.  REFERENCE ATOM COORDINATES

  default_name                                                                    
     Mask :1-34; matches  1088 atoms

--------------------------------------------------------------------------------
   3.  ATOMIC COORDINATES AND VELOCITIES
--------------------------------------------------------------------------------

default_name                                                                    
 begin time read from input coords =     0.000 ps

 
 Number of triangulated 3-point waters found:    12190

     Sum of charges from parm topology file =   0.00000012
     Forcing neutrality...

| Dynamic Memory, Types Used:
| Reals             1125065
| Integers           940609

| Nonbonded Pairs Initial Allocation:    11400282

| GPU memory information (estimate):
| KB of GPU memory in use:    208650
| KB of CPU memory in use:     63498

--------------------------------------------------------------------------------
   4.  RESULTS
--------------------------------------------------------------------------------

 ---------------------------------------------------
 APPROXIMATING switch and d/dx switch using CUBIC SPLINE INTERPOLATION
 using   5000.0 points per unit in tabled values
 TESTING RELATIVE ERROR over r ranging from 0.0 to cutoff
| CHECK switch(x): max rel err =   0.3316E-14   at   2.351880
| CHECK d/dx switch(x): max rel err =   0.8066E-11   at   2.747240
 ---------------------------------------------------
|---------------------------------------------------
| APPROXIMATING direct energy using CUBIC SPLINE INTERPOLATION
|  with   50.0 points per unit in tabled values
| Relative Error Limit not exceeded for r .gt.   2.34
| APPROXIMATING direct force using CUBIC SPLINE INTERPOLATION
|  with   50.0 points per unit in tabled values
| Relative Error Limit not exceeded for r .gt.   2.81
|---------------------------------------------------


   NSTEP       ENERGY          RMS            GMAX         NAME    NUMBER
      1      -1.1012E+05     1.8690E+01     7.8164E+02     H4'       410

 BOND    =      316.2520  ANGLE   =     1558.0890  DIHED      =      951.6445
 VDWAALS =    13930.8434  EEL     =  -123137.1199  HBOND      =        0.0000
 1-4 VDW =      706.7032  1-4 EEL =    -4441.6461  RESTRAINT  =        0.0000


   NSTEP       ENERGY          RMS            GMAX         NAME    NUMBER
     50      -1.3524E+05     4.8602E+00     1.3275E+02     H1      10929

 BOND    =     8929.3396  ANGLE   =      281.4193  DIHED      =      867.3578
 VDWAALS =    11507.1940  EEL     =  -152614.7673  HBOND      =        0.0000
 1-4 VDW =      260.3250  1-4 EEL =    -4532.6670  RESTRAINT  =       58.1446
 EAMBER  =  -135301.7986


   NSTEP       ENERGY          RMS            GMAX         NAME    NUMBER
    100      -1.4092E+05     2.9446E+00     1.2608E+02     P         759

 BOND    =     7184.0857  ANGLE   =      264.7044  DIHED      =      856.8690
 VDWAALS =    12625.1861  EEL     =  -157655.9782  HBOND      =        0.0000
 1-4 VDW =      255.5460  1-4 EEL =    -4538.5118  RESTRAINT  =       87.8332
 EAMBER  =  -141008.0988


   NSTEP       ENERGY          RMS            GMAX         NAME    NUMBER
    150      -1.4391E+05     9.6652E-01     9.0350E+01     P         759

 BOND    =     8226.1904  ANGLE   =      248.6812  DIHED      =      851.8811
 VDWAALS =    13759.6271  EEL     =  -162819.9821  HBOND      =        0.0000
 1-4 VDW =      251.9595  1-4 EEL =    -4533.6504  RESTRAINT  =      106.3935
 EAMBER  =  -144015.2932


   NSTEP       ENERGY          RMS            GMAX         NAME    NUMBER
    200      -1.4578E+05     2.4463E+00     3.5484E+02     P         759

 BOND    =     8591.3581  ANGLE   =      262.7964  DIHED      =      848.9108
 VDWAALS =    14811.2108  EEL     =  -166133.4953  HBOND      =        0.0000
 1-4 VDW =      249.6057  1-4 EEL =    -4529.5635  RESTRAINT  =      121.4685
 EAMBER  =  -145899.1770


   NSTEP       ENERGY          RMS            GMAX         NAME    NUMBER
    250      -1.4734E+05     1.4012E+00     2.1346E+02     P         759

 BOND    =     8779.0906  ANGLE   =      252.9281  DIHED      =      846.0846
 VDWAALS =    15750.7924  EEL     =  -168828.6764  HBOND      =        0.0000
 1-4 VDW =      251.2726  1-4 EEL =    -4530.4916  RESTRAINT  =      134.2341
 EAMBER  =  -147478.9996


   NSTEP       ENERGY          RMS            GMAX         NAME    NUMBER
    300      -1.4850E+05     2.0495E+00     2.8172E+02     P         759

 BOND    =     9019.5173  ANGLE   =      262.5650  DIHED      =      844.5075
 VDWAALS =    16602.3867  EEL     =  -171098.3280  HBOND      =        0.0000
 1-4 VDW =      250.2051  1-4 EEL =    -4529.1287  RESTRAINT  =      145.5864
 EAMBER  =  -148648.2751


   NSTEP       ENERGY          RMS            GMAX         NAME    NUMBER
    350      -1.4953E+05     1.2550E+00     1.1976E+02     P         759

 BOND    =     9154.9997  ANGLE   =      250.8997  DIHED      =      843.1905
 VDWAALS =    17350.2930  EEL     =  -173006.5639  HBOND      =        0.0000
 1-4 VDW =      249.2367  1-4 EEL =    -4524.6069  RESTRAINT  =      155.0960
 EAMBER  =  -149682.5512


   NSTEP       ENERGY          RMS            GMAX         NAME    NUMBER
    400      -1.5036E+05     4.3766E-01     1.2935E+01     C2       1046

 BOND    =     9287.0102  ANGLE   =      246.8685  DIHED      =      841.4156
 VDWAALS =    18003.8247  EEL     =  -174623.1491  HBOND      =        0.0000
 1-4 VDW =      249.1205  1-4 EEL =    -4524.0386  RESTRAINT  =      162.0156
 EAMBER  =  -150518.9482


   NSTEP       ENERGY          RMS            GMAX         NAME    NUMBER
    450      -1.5106E+05     1.0724E+00     8.6364E+01     C2       1046

 BOND    =     9442.7588  ANGLE   =      251.4782  DIHED      =      839.5658
 VDWAALS =    18616.2481  EEL     =  -176108.7174  HBOND      =        0.0000
 1-4 VDW =      249.0563  1-4 EEL =    -4523.2149  RESTRAINT  =      168.0407
 EAMBER  =  -151232.8250


   NSTEP       ENERGY          RMS            GMAX         NAME    NUMBER
    500      -1.5171E+05     4.5999E-01     2.4600E+01     C2       1046

 BOND    =     9549.9770  ANGLE   =      247.4342  DIHED      =      838.1256
 VDWAALS =    19152.5513  EEL     =  -177394.5954  HBOND      =        0.0000
 1-4 VDW =      249.1035  1-4 EEL =    -4520.7433  RESTRAINT  =      172.5081
 EAMBER  =  -151878.1472


   NSTEP       ENERGY          RMS            GMAX         NAME    NUMBER
    550      -1.5228E+05     8.7282E-01     6.7010E+01     C2       1046

 BOND    =     9672.5396  ANGLE   =      250.0679  DIHED      =      837.3363
 VDWAALS =    19653.4910  EEL     =  -178595.2817  HBOND      =        0.0000
 1-4 VDW =      249.3165  1-4 EEL =    -4519.1358  RESTRAINT  =      176.3488
 EAMBER  =  -152451.6663


   NSTEP       ENERGY          RMS            GMAX         NAME    NUMBER
    600      -1.5278E+05     1.3010E+00     9.8918E+01     C2       1046

 BOND    =     9788.8898  ANGLE   =      254.9704  DIHED      =      837.1362
 VDWAALS =    20107.9987  EEL     =  -179678.3154  HBOND      =        0.0000
 1-4 VDW =      249.5386  1-4 EEL =    -4517.9569  RESTRAINT  =      179.1291
 EAMBER  =  -152957.7386


   NSTEP       ENERGY          RMS            GMAX         NAME    NUMBER
    650      -1.5329E+05     5.6033E-01     3.6440E+01     C2       1046

 BOND    =     9869.5568  ANGLE   =      249.3309  DIHED      =      836.8878
 VDWAALS =    20535.6948  EEL     =  -180692.4969  HBOND      =        0.0000
 1-4 VDW =      249.8804  1-4 EEL =    -4518.0665  RESTRAINT  =      180.3720
 EAMBER  =  -153469.2126


   NSTEP       ENERGY          RMS            GMAX         NAME    NUMBER
    700      -1.5373E+05     3.3742E-01     1.2089E+01     C2       1046

 BOND    =     9955.3412  ANGLE   =      248.7510  DIHED      =      836.5636
 VDWAALS =    20926.2826  EEL     =  -181612.5736  HBOND      =        0.0000
 1-4 VDW =      250.0784  1-4 EEL =    -4516.6453  RESTRAINT  =      180.8816
 EAMBER  =  -153912.2022


   NSTEP       ENERGY          RMS            GMAX         NAME    NUMBER
    750      -1.5414E+05     6.3357E-01     4.7785E+01     C2       1046

 BOND    =    10045.1697  ANGLE   =      249.6785  DIHED      =      836.2143
 VDWAALS =    21301.1633  EEL     =  -182491.0489  HBOND      =        0.0000
 1-4 VDW =      250.4068  1-4 EEL =    -4515.5047  RESTRAINT  =      181.3256
 EAMBER  =  -154323.9211


   NSTEP       ENERGY          RMS            GMAX         NAME    NUMBER
    800      -1.5452E+05     9.0113E-01     7.4544E+01     C2       1046

 BOND    =    10130.3832  ANGLE   =      251.0022  DIHED      =      835.7939
 VDWAALS =    21646.5069  EEL     =  -183298.4871  HBOND      =        0.0000
 1-4 VDW =      250.6126  1-4 EEL =    -4514.6657  RESTRAINT  =      181.8404
 EAMBER  =  -154698.8542


   NSTEP       ENERGY          RMS            GMAX         NAME    NUMBER
    850      -1.5488E+05     4.9648E-01     3.9343E+01     C2       1046

 BOND    =    10198.2282  ANGLE   =      248.2652  DIHED      =      835.2224
 VDWAALS =    21972.7771  EEL     =  -184055.6868  HBOND      =        0.0000
 1-4 VDW =      250.6475  1-4 EEL =    -4515.0755  RESTRAINT  =      182.4995
 EAMBER  =  -155065.6218


   NSTEP       ENERGY          RMS            GMAX         NAME    NUMBER
    900      -1.5521E+05     9.2837E-01     7.1341E+01     C2       1046

 BOND    =    10277.5008  ANGLE   =      251.3385  DIHED      =      834.5354
 VDWAALS =    22290.2166  EEL     =  -184783.4360  HBOND      =        0.0000
 1-4 VDW =      250.5076  1-4 EEL =    -4514.9068  RESTRAINT  =      183.4215
 EAMBER  =  -155394.2439


   NSTEP       ENERGY          RMS            GMAX         NAME    NUMBER
    950      -1.5553E+05     2.8664E-01     1.1628E+01     C2       1046

 BOND    =    10328.9682  ANGLE   =      247.6520  DIHED      =      833.9029
 VDWAALS =    22575.8426  EEL     =  -185435.3136  HBOND      =        0.0000
 1-4 VDW =      250.9139  1-4 EEL =    -4513.3108  RESTRAINT  =      184.4696
 EAMBER  =  -155711.3448


   NSTEP       ENERGY          RMS            GMAX         NAME    NUMBER
   1000      -1.5581E+05     7.7294E-01     5.6105E+01     C2       1046

 BOND    =    10398.5293  ANGLE   =      248.9341  DIHED      =      833.5255
 VDWAALS =    22858.7918  EEL     =  -186078.7820  HBOND      =        0.0000
 1-4 VDW =      251.2728  1-4 EEL =    -4511.9999  RESTRAINT  =      185.6789
 EAMBER  =  -155999.7283


   NSTEP       ENERGY          RMS            GMAX         NAME    NUMBER
   1050      -1.5608E+05     9.9850E-01     8.5879E+01     C2       1046

 BOND    =    10462.5143  ANGLE   =      251.8598  DIHED      =      833.4100
 VDWAALS =    23125.7454  EEL     =  -186681.9899  HBOND      =        0.0000
 1-4 VDW =      251.2703  1-4 EEL =    -4511.1603  RESTRAINT  =      186.7086
 EAMBER  =  -156268.3504


   NSTEP       ENERGY          RMS            GMAX         NAME    NUMBER
   1100      -1.5635E+05     6.2767E-01     3.9992E+01     C2       1046

 BOND    =    10512.0575  ANGLE   =      246.6263  DIHED      =      833.5687
 VDWAALS =    23372.4805  EEL     =  -187240.9144  HBOND      =        0.0000
 1-4 VDW =      251.6689  1-4 EEL =    -4511.5923  RESTRAINT  =      187.3709
 EAMBER  =  -156536.1048


   NSTEP       ENERGY          RMS            GMAX         NAME    NUMBER
   1150      -1.5658E+05     9.7553E-01     5.9096E+01     C6        809

 BOND    =    10566.5149  ANGLE   =      252.0681  DIHED      =      833.7914
 VDWAALS =    23600.7142  EEL     =  -187756.3292  HBOND      =        0.0000
 1-4 VDW =      250.6863  1-4 EEL =    -4512.4251  RESTRAINT  =      187.7744
 EAMBER  =  -156764.9794


   NSTEP       ENERGY          RMS            GMAX         NAME    NUMBER
   1200      -1.5682E+05     3.8125E-01     2.4712E+01     C2       1046

 BOND    =    10602.8755  ANGLE   =      246.9499  DIHED      =      833.8539
 VDWAALS =    23814.3065  EEL     =  -188242.7146  HBOND      =        0.0000
 1-4 VDW =      251.6647  1-4 EEL =    -4510.9110  RESTRAINT  =      188.0273
 EAMBER  =  -157003.9750


   NSTEP       ENERGY          RMS            GMAX         NAME    NUMBER
   1250      -1.5703E+05     2.3202E-01     7.9141E+00     C2       1046

 BOND    =    10646.7367  ANGLE   =      245.3407  DIHED      =      834.0356
 VDWAALS =    24016.6428  EEL     =  -188704.6093  HBOND      =        0.0000
 1-4 VDW =      252.0382  1-4 EEL =    -4510.6065  RESTRAINT  =      188.3273
 EAMBER  =  -157220.4217


   NSTEP       ENERGY          RMS            GMAX         NAME    NUMBER
   1300      -1.5724E+05     2.2787E-01     7.7878E+00     C2       1046

 BOND    =    10688.4732  ANGLE   =      244.5642  DIHED      =      834.1920
 VDWAALS =    24209.0487  EEL     =  -189145.7340  HBOND      =        0.0000
 1-4 VDW =      252.3272  1-4 EEL =    -4509.8637  RESTRAINT  =      188.7771
 EAMBER  =  -157426.9924


   NSTEP       ENERGY          RMS            GMAX         NAME    NUMBER
   1350      -1.5744E+05     7.0943E-01     5.9426E+01     C2        484

 BOND    =    10739.4094  ANGLE   =      244.4440  DIHED      =      834.0832
 VDWAALS =    24404.9973  EEL     =  -189594.1080  HBOND      =        0.0000
 1-4 VDW =      252.7781  1-4 EEL =    -4509.2371  RESTRAINT  =      189.2341
 EAMBER  =  -157627.6330


   NSTEP       ENERGY          RMS            GMAX         NAME    NUMBER
   1400      -1.5763E+05     2.1657E-01     7.7805E+00     C2       1046

 BOND    =    10767.8853  ANGLE   =      243.9043  DIHED      =      833.9249
 VDWAALS =    24576.7602  EEL     =  -189983.9422  HBOND      =        0.0000
 1-4 VDW =      252.6262  1-4 EEL =    -4508.3143  RESTRAINT  =      189.3130
 EAMBER  =  -157817.1555


   NSTEP       ENERGY          RMS            GMAX         NAME    NUMBER
   1450      -1.5780E+05     5.7880E-01     4.2113E+01     C2        484

 BOND    =    10808.1962  ANGLE   =      244.4727  DIHED      =      833.7530
 VDWAALS =    24743.3978  EEL     =  -190362.4025  HBOND      =        0.0000
 1-4 VDW =      253.0839  1-4 EEL =    -4507.1548  RESTRAINT  =      189.3026
 EAMBER  =  -157986.6537


   NSTEP       ENERGY          RMS            GMAX         NAME    NUMBER
   1500      -1.5796E+05     2.3577E-01     1.2688E+01     C2       1046

 BOND    =    10839.1712  ANGLE   =      243.3518  DIHED      =      833.6692
 VDWAALS =    24896.1179  EEL     =  -190711.0070  HBOND      =        0.0000
 1-4 VDW =      252.9120  1-4 EEL =    -4507.1673  RESTRAINT  =      189.3194
 EAMBER  =  -158152.9521


   NSTEP       ENERGY          RMS            GMAX         NAME    NUMBER
   1550      -1.5812E+05     4.6203E-01     3.7290E+01     C2       1046

 BOND    =    10875.4866  ANGLE   =      243.3679  DIHED      =      833.5246
 VDWAALS =    25044.5444  EEL     =  -191051.3294  HBOND      =        0.0000
 1-4 VDW =      253.1701  1-4 EEL =    -4506.5946  RESTRAINT  =      189.4300
 EAMBER  =  -158307.8303


   NSTEP       ENERGY          RMS            GMAX         NAME    NUMBER
   1600      -1.5827E+05     1.9528E-01     6.5213E+00     C2       1046

 BOND    =    10902.3204  ANGLE   =      243.2903  DIHED      =      833.3380
 VDWAALS =    25188.5635  EEL     =  -191377.1211  HBOND      =        0.0000
 1-4 VDW =      253.2764  1-4 EEL =    -4505.5326  RESTRAINT  =      189.4507
 EAMBER  =  -158461.8651


   NSTEP       ENERGY          RMS            GMAX         NAME    NUMBER
   1650      -1.5842E+05     2.9359E-01     2.0677E+01     C2       1046

 BOND    =    10933.5598  ANGLE   =      242.8185  DIHED      =      833.1949
 VDWAALS =    25330.4069  EEL     =  -191695.2737  HBOND      =        0.0000
 1-4 VDW =      253.6282  1-4 EEL =    -4504.6552  RESTRAINT  =      189.3743
 EAMBER  =  -158606.3206


   NSTEP       ENERGY          RMS            GMAX         NAME    NUMBER
   1700      -1.5855E+05     5.7483E-01     4.0378E+01     C2       1046

 BOND    =    10966.2451  ANGLE   =      242.8528  DIHED      =      833.0522
 VDWAALS =    25466.2115  EEL     =  -191996.0338  HBOND      =        0.0000
 1-4 VDW =      254.1184  1-4 EEL =    -4503.8839  RESTRAINT  =      189.2995
 EAMBER  =  -158737.4377


   NSTEP       ENERGY          RMS            GMAX         NAME    NUMBER
   1750      -1.5868E+05     1.7194E-01     4.6136E+00     C2       1046

 BOND    =    10990.5458  ANGLE   =      241.8541  DIHED      =      832.9811
 VDWAALS =    25595.2444  EEL     =  -192278.3936  HBOND      =        0.0000
 1-4 VDW =      253.9087  1-4 EEL =    -4504.3124  RESTRAINT  =      189.1709
 EAMBER  =  -158868.1720


   NSTEP       ENERGY          RMS            GMAX         NAME    NUMBER
   1800      -1.5880E+05     4.7816E-01     4.0164E+01     C2       1046

 BOND    =    11023.6406  ANGLE   =      241.6207  DIHED      =      832.8864
 VDWAALS =    25728.4089  EEL     =  -192568.1146  HBOND      =        0.0000
 1-4 VDW =      254.1856  1-4 EEL =    -4504.4319  RESTRAINT  =      188.9660
 EAMBER  =  -158991.8043


   NSTEP       ENERGY          RMS            GMAX         NAME    NUMBER
   1850      -1.5892E+05     1.6702E-01     4.8062E+00     C2       1046

 BOND    =    11044.9498  ANGLE   =      241.4675  DIHED      =      832.7893
 VDWAALS =    25848.7046  EEL     =  -192827.6530  HBOND      =        0.0000
 1-4 VDW =      254.2672  1-4 EEL =    -4504.0521  RESTRAINT  =      188.7115
 EAMBER  =  -159109.5268


   NSTEP       ENERGY          RMS            GMAX         NAME    NUMBER
   1900      -1.5903E+05     4.5696E-01     3.1852E+01     C2       1046

 BOND    =    11071.8165  ANGLE   =      243.0212  DIHED      =      832.7227
 VDWAALS =    25968.5145  EEL     =  -193084.4716  HBOND      =        0.0000
 1-4 VDW =      254.2074  1-4 EEL =    -4503.9280  RESTRAINT  =      188.4551
 EAMBER  =  -159218.1173


   NSTEP       ENERGY          RMS            GMAX         NAME    NUMBER
   1950      -1.5913E+05     6.0153E-01     5.3832E+01     C2       1046

 BOND    =    11099.0829  ANGLE   =      242.3808  DIHED      =      832.6396
 VDWAALS =    26082.0897  EEL     =  -193327.4771  HBOND      =        0.0000
 1-4 VDW =      254.7628  1-4 EEL =    -4503.3857  RESTRAINT  =      188.1911
 EAMBER  =  -159319.9069


   NSTEP       ENERGY          RMS            GMAX         NAME    NUMBER
   2000      -1.5924E+05     3.5680E-01     2.9124E+01     C2       1046

 BOND    =    11120.9851  ANGLE   =      241.1035  DIHED      =      832.6426
 VDWAALS =    26191.6859  EEL     =  -193561.5018  HBOND      =        0.0000
 1-4 VDW =      254.6010  1-4 EEL =    -4504.0921  RESTRAINT  =      187.9561
 EAMBER  =  -159424.5757


   NSTEP       ENERGY          RMS            GMAX         NAME    NUMBER
   2050      -1.6023E+05     5.1731E-01     2.3189E+01     O       35687

 BOND    =    11412.0822  ANGLE   =      242.7387  DIHED      =      831.7790
 VDWAALS =    27557.9915  EEL     =  -196208.1936  HBOND      =        0.0000
 1-4 VDW =      256.0625  1-4 EEL =    -4503.1867  RESTRAINT  =      185.4466
 EAMBER  =  -160410.7263


   NSTEP       ENERGY          RMS            GMAX         NAME    NUMBER
   2100      -1.6049E+05     5.6222E-01     3.0189E+01     C5       1039

 BOND    =    11469.3431  ANGLE   =      244.9848  DIHED      =      832.0521
 VDWAALS =    27712.4937  EEL     =  -196682.1818  HBOND      =        0.0000
 1-4 VDW =      256.9339  1-4 EEL =    -4506.4085  RESTRAINT  =      185.2043
 EAMBER  =  -160672.7827


   NSTEP       ENERGY          RMS            GMAX         NAME    NUMBER
   2150      -1.6069E+05     3.8081E-01     1.7297E+01     O       35495

 BOND    =    11479.7631  ANGLE   =      245.6781  DIHED      =      832.9662
 VDWAALS =    27836.8768  EEL     =  -197023.4967  HBOND      =        0.0000
 1-4 VDW =      256.7552  1-4 EEL =    -4504.4925  RESTRAINT  =      185.7747
 EAMBER  =  -160875.9499


   NSTEP       ENERGY          RMS            GMAX         NAME    NUMBER
   2200      -1.6086E+05     3.7114E-01     1.9013E+01     C5       1039

 BOND    =    11514.7937  ANGLE   =      243.8803  DIHED      =      831.2112
 VDWAALS =    27956.9580  EEL     =  -197346.8266  HBOND      =        0.0000
 1-4 VDW =      256.3482  1-4 EEL =    -4502.1379  RESTRAINT  =      187.4864
 EAMBER  =  -161045.7732


   NSTEP       ENERGY          RMS            GMAX         NAME    NUMBER
   2250      -1.6103E+05     3.3583E-01     1.4290E+01     H5'       285

 BOND    =    11531.6510  ANGLE   =      243.9124  DIHED      =      830.6126
 VDWAALS =    28081.3459  EEL     =  -197656.9194  HBOND      =        0.0000
 1-4 VDW =      256.5634  1-4 EEL =    -4501.4443  RESTRAINT  =      187.4982
 EAMBER  =  -161214.2783


   NSTEP       ENERGY          RMS            GMAX         NAME    NUMBER
   2300      -1.6120E+05     3.8629E-01     1.7933E+01     P         280

 BOND    =    11550.6599  ANGLE   =      244.1599  DIHED      =      830.5395
 VDWAALS =    28222.6766  EEL     =  -197986.4846  HBOND      =        0.0000
 1-4 VDW =      256.6987  1-4 EEL =    -4500.9057  RESTRAINT  =      187.1835
 EAMBER  =  -161382.6557


   NSTEP       ENERGY          RMS            GMAX         NAME    NUMBER
   2350      -1.6134E+05     3.7239E-01     1.4205E+01     H5'       285

 BOND    =    11589.7996  ANGLE   =      243.2383  DIHED      =      830.2889
 VDWAALS =    28347.9263  EEL     =  -198299.0762  HBOND      =        0.0000
 1-4 VDW =      256.8098  1-4 EEL =    -4500.7525  RESTRAINT  =      187.0614
 EAMBER  =  -161531.7657


   NSTEP       ENERGY          RMS            GMAX         NAME    NUMBER
   2400      -1.6149E+05     4.1943E-01     1.9252E+01     P         280

 BOND    =    11603.1541  ANGLE   =      244.8359  DIHED      =      830.1936
 VDWAALS =    28461.9035  EEL     =  -198569.9407  HBOND      =        0.0000
 1-4 VDW =      256.9261  1-4 EEL =    -4500.7731  RESTRAINT  =      186.9765
 EAMBER  =  -161673.7004


   NSTEP       ENERGY          RMS            GMAX         NAME    NUMBER
   2450      -1.6161E+05     4.1554E-01     1.8267E+01     H5'       285

 BOND    =    11610.0755  ANGLE   =      244.9979  DIHED      =      830.1160
 VDWAALS =    28559.8501  EEL     =  -198799.3135  HBOND      =        0.0000
 1-4 VDW =      256.9396  1-4 EEL =    -4499.9685  RESTRAINT  =      186.8363
 EAMBER  =  -161797.3029


   NSTEP       ENERGY          RMS            GMAX         NAME    NUMBER
   2500      -1.6174E+05     4.2061E-01     2.3124E+01     OP2       282

 BOND    =    11653.2238  ANGLE   =      247.0396  DIHED      =      830.0827
 VDWAALS =    28674.1664  EEL     =  -199093.5851  HBOND      =        0.0000
 1-4 VDW =      257.0512  1-4 EEL =    -4499.0748  RESTRAINT  =      186.7079
 EAMBER  =  -161931.0963


   NSTEP       ENERGY          RMS            GMAX         NAME    NUMBER
   2550      -1.6188E+05     4.4575E-01     2.2536E+01     OP2       282

 BOND    =    11679.7094  ANGLE   =      247.8370  DIHED      =      830.0968
 VDWAALS =    28791.0861  EEL     =  -199376.9708  HBOND      =        0.0000
 1-4 VDW =      257.1369  1-4 EEL =    -4498.7065  RESTRAINT  =      186.6773
 EAMBER  =  -162069.8110


   NSTEP       ENERGY          RMS            GMAX         NAME    NUMBER
   2600      -1.6202E+05     4.3928E-01     2.6190E+01     C5'       284

 BOND    =    11696.0368  ANGLE   =      248.5786  DIHED      =      830.0310
 VDWAALS =    28884.9658  EEL     =  -199624.4246  HBOND      =        0.0000
 1-4 VDW =      257.0901  1-4 EEL =    -4498.6749  RESTRAINT  =      186.9409
 EAMBER  =  -162206.3972


   NSTEP       ENERGY          RMS            GMAX         NAME    NUMBER
   2650      -1.6214E+05     3.7921E-01     2.4120E+01     OP1       281

 BOND    =    11716.7373  ANGLE   =      244.7645  DIHED      =      829.8375
 VDWAALS =    28966.4891  EEL     =  -199845.8494  HBOND      =        0.0000
 1-4 VDW =      256.7942  1-4 EEL =    -4498.8374  RESTRAINT  =      187.7573
 EAMBER  =  -162330.0641


   NSTEP       ENERGY          RMS            GMAX         NAME    NUMBER
   2700      -1.6233E+05     2.9929E-01     1.6317E+01     C6        169

 BOND    =    11777.4918  ANGLE   =      240.9310  DIHED      =      829.0462
 VDWAALS =    29121.2633  EEL     =  -200242.8217  HBOND      =        0.0000
 1-4 VDW =      256.5753  1-4 EEL =    -4499.7501  RESTRAINT  =      190.2464
 EAMBER  =  -162517.2642


   NSTEP       ENERGY          RMS            GMAX         NAME    NUMBER
   2750      -1.6244E+05     2.4128E-01     1.3297E+01     C4        818

 BOND    =    11792.2883  ANGLE   =      240.4372  DIHED      =      828.3940
 VDWAALS =    29212.7958  EEL     =  -200462.9347  HBOND      =        0.0000
 1-4 VDW =      256.5654  1-4 EEL =    -4499.9104  RESTRAINT  =      191.1200
 EAMBER  =  -162632.3642


   NSTEP       ENERGY          RMS            GMAX         NAME    NUMBER
   2800      -1.6255E+05     1.9660E-01     1.1385E+01     C6        169

 BOND    =    11807.0583  ANGLE   =      239.9845  DIHED      =      828.1051
 VDWAALS =    29294.9006  EEL     =  -200665.3405  HBOND      =        0.0000
 1-4 VDW =      256.6349  1-4 EEL =    -4500.0022  RESTRAINT  =      190.9497
 EAMBER  =  -162738.6596


   NSTEP       ENERGY          RMS            GMAX         NAME    NUMBER
   2850      -1.6268E+05     2.0164E-01     9.7527E+00     C5       1071

 BOND    =    11840.8806  ANGLE   =      240.3215  DIHED      =      827.7666
 VDWAALS =    29395.3902  EEL     =  -200928.5802  HBOND      =        0.0000
 1-4 VDW =      256.6318  1-4 EEL =    -4500.1017  RESTRAINT  =      190.8456
 EAMBER  =  -162867.6913


   NSTEP       ENERGY          RMS            GMAX         NAME    NUMBER
   2900      -1.6281E+05     2.5522E-01     1.6205E+01     P         280

 BOND    =    11867.0372  ANGLE   =      240.3910  DIHED      =      827.3729
 VDWAALS =    29502.6606  EEL     =  -201193.7968  HBOND      =        0.0000
 1-4 VDW =      256.5905  1-4 EEL =    -4500.1945  RESTRAINT  =      190.7752
 EAMBER  =  -162999.9392


   NSTEP       ENERGY          RMS            GMAX         NAME    NUMBER
   2950      -1.6293E+05     2.7695E-01     1.3838E+01     C2'       458

 BOND    =    11889.2183  ANGLE   =      241.1127  DIHED      =      827.1051
 VDWAALS =    29591.2846  EEL     =  -201421.5503  HBOND      =        0.0000
 1-4 VDW =      256.6757  1-4 EEL =    -4500.0693  RESTRAINT  =      190.8784
 EAMBER  =  -163116.2233


   NSTEP       ENERGY          RMS            GMAX         NAME    NUMBER
   3000      -1.6303E+05     1.7885E-01     6.2709E+00     C2'       398

 BOND    =    11906.6264  ANGLE   =      240.0965  DIHED      =      826.8006
 VDWAALS =    29672.7237  EEL     =  -201624.7594  HBOND      =        0.0000
 1-4 VDW =      256.7765  1-4 EEL =    -4500.2891  RESTRAINT  =      190.9712
 EAMBER  =  -163222.0249


   NSTEP       ENERGY          RMS            GMAX         NAME    NUMBER
   3050      -1.6312E+05     1.8926E-01     8.1695E+00     C4'       528

 BOND    =    11924.7807  ANGLE   =      239.9278  DIHED      =      826.5626
 VDWAALS =    29748.4782  EEL     =  -201811.6066  HBOND      =        0.0000
 1-4 VDW =      256.9305  1-4 EEL =    -4500.3974  RESTRAINT  =      191.0567
 EAMBER  =  -163315.3242


   NSTEP       ENERGY          RMS            GMAX         NAME    NUMBER
   3100      -1.6319E+05     1.8795E-01     1.1278E+01     C4'       528

 BOND    =    11937.7691  ANGLE   =      239.8222  DIHED      =      826.3808
 VDWAALS =    29798.9754  EEL     =  -201943.8262  HBOND      =        0.0000
 1-4 VDW =      256.9597  1-4 EEL =    -4500.6051  RESTRAINT  =      191.1565
 EAMBER  =  -163384.5240


   NSTEP       ENERGY          RMS            GMAX         NAME    NUMBER
   3150      -1.6326E+05     1.7215E-01     9.5177E+00     C4'       528

 BOND    =    11951.6210  ANGLE   =      240.2199  DIHED      =      826.1858
 VDWAALS =    29847.2026  EEL     =  -202073.4708  HBOND      =        0.0000
 1-4 VDW =      256.9759  1-4 EEL =    -4500.4630  RESTRAINT  =      191.2795
 EAMBER  =  -163451.7286


   NSTEP       ENERGY          RMS            GMAX         NAME    NUMBER
   3200      -1.6333E+05     1.6545E-01     8.7304E+00     C4'       528

 BOND    =    11966.4448  ANGLE   =      240.2110  DIHED      =      826.0640
 VDWAALS =    29910.6974  EEL     =  -202216.4247  HBOND      =        0.0000
 1-4 VDW =      257.0473  1-4 EEL =    -4500.6699  RESTRAINT  =      191.4471
 EAMBER  =  -163516.6302


   NSTEP       ENERGY          RMS            GMAX         NAME    NUMBER
   3250      -1.6339E+05     2.1764E-01     1.3034E+01     C4        479

 BOND    =    11974.7051  ANGLE   =      240.2334  DIHED      =      825.9776
 VDWAALS =    29969.4409  EEL     =  -202343.4821  HBOND      =        0.0000
 1-4 VDW =      257.1987  1-4 EEL =    -4500.8828  RESTRAINT  =      191.6410
 EAMBER  =  -163576.8093


   NSTEP       ENERGY          RMS            GMAX         NAME    NUMBER
   3300      -1.6343E+05     2.2851E-01     9.5471E+00     C2        304

 BOND    =    11992.0870  ANGLE   =      240.3473  DIHED      =      825.8767
 VDWAALS =    30015.9330  EEL     =  -202457.4531  HBOND      =        0.0000
 1-4 VDW =      257.3744  1-4 EEL =    -4500.9795  RESTRAINT  =      191.8351
 EAMBER  =  -163626.8142


   NSTEP       ENERGY          RMS            GMAX         NAME    NUMBER
   3350      -1.6349E+05     2.2233E-01     8.5665E+00     C1'       290

 BOND    =    11999.7767  ANGLE   =      240.4741  DIHED      =      825.7956
 VDWAALS =    30062.0547  EEL     =  -202562.1792  HBOND      =        0.0000
 1-4 VDW =      257.4494  1-4 EEL =    -4500.8173  RESTRAINT  =      192.0674
 EAMBER  =  -163677.4460


   NSTEP       ENERGY          RMS            GMAX         NAME    NUMBER
   3400      -1.6353E+05     2.5860E-01     1.0341E+01     C1'       290

 BOND    =    12007.7267  ANGLE   =      240.7452  DIHED      =      825.7145
 VDWAALS =    30104.4511  EEL     =  -202662.5346  HBOND      =        0.0000
 1-4 VDW =      257.5222  1-4 EEL =    -4500.6327  RESTRAINT  =      192.3172
 EAMBER  =  -163727.0076


   NSTEP       ENERGY          RMS            GMAX         NAME    NUMBER
   3450      -1.6360E+05     5.0034E-01     2.8430E+01     O3'       554

 BOND    =    12025.0022  ANGLE   =      246.4921  DIHED      =      825.6049
 VDWAALS =    30173.0059  EEL     =  -202819.4522  HBOND      =        0.0000
 1-4 VDW =      257.8818  1-4 EEL =    -4498.9837  RESTRAINT  =      192.6643
 EAMBER  =  -163790.4490


   NSTEP       ENERGY          RMS            GMAX         NAME    NUMBER
   3500      -1.6366E+05     2.8275E-01     1.1630E+01     C5        477

 BOND    =    12031.3698  ANGLE   =      240.3853  DIHED      =      825.9141
 VDWAALS =    30221.9241  EEL     =  -202927.6084  HBOND      =        0.0000
 1-4 VDW =      257.7424  1-4 EEL =    -4501.3312  RESTRAINT  =      192.7470
 EAMBER  =  -163851.6039


   NSTEP       ENERGY          RMS            GMAX         NAME    NUMBER
   3550      -1.6371E+05     3.1385E-01     1.3859E+01     O       34958

 BOND    =    12046.3199  ANGLE   =      241.0557  DIHED      =      825.8903
 VDWAALS =    30266.1386  EEL     =  -203038.1923  HBOND      =        0.0000
 1-4 VDW =      257.7039  1-4 EEL =    -4501.1785  RESTRAINT  =      192.8866
 EAMBER  =  -163902.2624


   NSTEP       ENERGY          RMS            GMAX         NAME    NUMBER
   3600      -1.6376E+05     2.8952E-01     1.3507E+01     C5        477

 BOND    =    12059.4576  ANGLE   =      240.5943  DIHED      =      825.8213
 VDWAALS =    30307.8047  EEL     =  -203139.8034  HBOND      =        0.0000
 1-4 VDW =      257.8860  1-4 EEL =    -4501.3221  RESTRAINT  =      192.9447
 EAMBER  =  -163949.5616


   NSTEP       ENERGY          RMS            GMAX         NAME    NUMBER
   3650      -1.6380E+05     3.1003E-01     1.3025E+01     O       34958

 BOND    =    12073.1977  ANGLE   =      240.3175  DIHED      =      825.7670
 VDWAALS =    30348.9918  EEL     =  -203238.8838  HBOND      =        0.0000
 1-4 VDW =      258.0188  1-4 EEL =    -4501.6096  RESTRAINT  =      193.0571
 EAMBER  =  -163994.2004


   NSTEP       ENERGY          RMS            GMAX         NAME    NUMBER
   3700      -1.6384E+05     2.7914E-01     1.1742E+01     P         462

 BOND    =    12079.3671  ANGLE   =      240.3165  DIHED      =      825.6578
 VDWAALS =    30386.0842  EEL     =  -203326.0731  HBOND      =        0.0000
 1-4 VDW =      257.8326  1-4 EEL =    -4500.9413  RESTRAINT  =      193.1653
 EAMBER  =  -164037.7562


   NSTEP       ENERGY          RMS            GMAX         NAME    NUMBER
   3750      -1.6388E+05     1.7173E-01     6.1550E+00     N3        879

 BOND    =    12085.0352  ANGLE   =      239.6978  DIHED      =      825.6323
 VDWAALS =    30420.5699  EEL     =  -203404.3490  HBOND      =        0.0000
 1-4 VDW =      258.0328  1-4 EEL =    -4500.8386  RESTRAINT  =      193.3444
 EAMBER  =  -164076.2197


   NSTEP       ENERGY          RMS            GMAX         NAME    NUMBER
   3800      -1.6392E+05     1.8996E-01     7.4438E+00     C3'       306

 BOND    =    12092.0713  ANGLE   =      239.6849  DIHED      =      825.6253
 VDWAALS =    30451.2419  EEL     =  -203481.8048  HBOND      =        0.0000
 1-4 VDW =      258.0966  1-4 EEL =    -4500.7170  RESTRAINT  =      193.6389
 EAMBER  =  -164115.8018


   NSTEP       ENERGY          RMS            GMAX         NAME    NUMBER
   3850      -1.6396E+05     2.2236E-01     1.0641E+01     C6        538

 BOND    =    12101.3951  ANGLE   =      240.0571  DIHED      =      825.6922
 VDWAALS =    30485.8991  EEL     =  -203565.3675  HBOND      =        0.0000
 1-4 VDW =      258.1114  1-4 EEL =    -4500.9372  RESTRAINT  =      194.1661
 EAMBER  =  -164155.1498


   NSTEP       ENERGY          RMS            GMAX         NAME    NUMBER
   3900      -1.6400E+05     2.5184E-01     1.2309E+01     C6        263

 BOND    =    12112.6751  ANGLE   =      240.0403  DIHED      =      825.7043
 VDWAALS =    30519.5748  EEL     =  -203651.4917  HBOND      =        0.0000
 1-4 VDW =      258.2448  1-4 EEL =    -4501.1249  RESTRAINT  =      194.8926
 EAMBER  =  -164196.3774


   NSTEP       ENERGY          RMS            GMAX         NAME    NUMBER
   3950      -1.6405E+05     2.8485E-01     1.0769E+01     H2      35725

 BOND    =    12127.7898  ANGLE   =      239.7775  DIHED      =      825.7702
 VDWAALS =    30573.3170  EEL     =  -203773.9884  HBOND      =        0.0000
 1-4 VDW =      258.4343  1-4 EEL =    -4501.0147  RESTRAINT  =      196.0391
 EAMBER  =  -164249.9143


   NSTEP       ENERGY          RMS            GMAX         NAME    NUMBER
   4000      -1.6415E+05     2.9306E-01     1.7982E+01     H2      34621

 BOND    =    12135.1590  ANGLE   =      239.4423  DIHED      =      825.4689
 VDWAALS =    30642.9897  EEL     =  -203944.5026  HBOND      =        0.0000
 1-4 VDW =      258.4869  1-4 EEL =    -4500.0977  RESTRAINT  =      194.9289
 EAMBER  =  -164343.0535


  Maximum number of minimization cycles reached.


                    FINAL RESULTS



   NSTEP       ENERGY          RMS            GMAX         NAME    NUMBER
   4000      -1.6415E+05     2.9306E-01     1.7982E+01     H2      34621

 BOND    =    12135.1590  ANGLE   =      239.4423  DIHED      =      825.4689
 VDWAALS =    30642.9897  EEL     =  -203944.5026  HBOND      =        0.0000
 1-4 VDW =      258.4869  1-4 EEL =    -4500.0977  RESTRAINT  =      194.9289
 EAMBER  =  -164343.0535
--------------------------------------------------------------------------------
   5.  TIMINGS
--------------------------------------------------------------------------------

|  NonSetup CPU Time in Major Routines:
|
|     Routine           Sec        %
|     ------------------------------
|     Nonbond           7.21   50.50
|     Bond              0.00    0.00
|     Angle             0.00    0.00
|     Dihedral          0.00    0.00
|     Shake             0.00    0.00
|     Other             7.06   49.50
|     ------------------------------
|     Total            14.27

|  PME Nonbond Pairlist CPU Time:
|
|     Routine              Sec        %
|     ---------------------------------
|     Set Up Cit           0.00    0.00
|     Build List           0.00    0.00
|     ---------------------------------
|     Total                0.00    0.00

|  PME Direct Force CPU Time:
|
|     Routine              Sec        %
|     ---------------------------------
|     NonBonded Calc       0.00    0.00
|     Exclude Masked       0.00    0.00
|     Other                0.01    0.05
|     ---------------------------------
|     Total                0.01    0.05

|  PME Reciprocal Force CPU Time:
|
|     Routine              Sec        %
|     ---------------------------------
|     1D bspline           0.00    0.00
|     Grid Charges         0.00    0.00
|     Scalar Sum           0.00    0.00
|     Gradient Sum         0.00    0.00
|     FFT                  0.00    0.00
|     ---------------------------------
|     Total                0.00    0.00

|  Setup CPU time:            0.82 seconds
|  NonSetup CPU time:        14.27 seconds
|  Total CPU time:           15.09 seconds     0.00 hours

|  Setup wall time:           1    seconds
|  NonSetup wall time:       14    seconds
|  Total wall time:          15    seconds     0.00 hours
