
          -------------------------------------------------------
          Amber 16 PMEMD                              2016
          -------------------------------------------------------

| PMEMD implementation of SANDER, Release 16

| Run on 01/29/2021 at 11:21:46

|   Executable path: pmemd.cuda
| Working directory: /home/kyq/T7RNADNA/7/nLT7
|          Hostname: gpu01

  [-O]verwriting output

File Assignments:
|   MDIN: heat4.in                                                              
|  MDOUT: cmp_heat4.out                                                         
| INPCRD: cmp_heat3.rst                                                         
|   PARM: cmp.prmtop                                                            
| RESTRT: cmp_heat4.rst                                                         
|   REFC: cmp.inpcrd                                                            
|  MDVEL: mdvel                                                                 
|   MDEN: mden                                                                  
|  MDCRD: cmp_heat4.mdcrd                                                       
| MDINFO: mdinfo                                                                
|  MDFRC: mdfrc                                                                 

 
 Here is the input file:
 
Stage 2 equilibration 1 0-5ns                                                  
 &cntrl                                                                        
  imin=0, irest=1, ntx=5,                                                      
  nstlim=2500, dt=0.002,                                                       
  ntc=2, ntf=2,                                                                
  ntt=1, tautp=1.5,                                                            
  tempi=150.0, temp0=200.0,                                                    
  ntpr=50, ntwx=50,                                                            
  ntb=1,                                                                       
  cut=10,                                                                      
 /                                                                             


Note: ig = -1. Setting random seed to   378077 based on wallclock time in 
      microseconds.
 
|--------------------- INFORMATION ----------------------
| GPU (CUDA) Version of PMEMD in use: NVIDIA GPU IN USE.
|                    Version 16.0.0
| 
|                      02/25/2016
| 
| Implementation by:
|                    Ross C. Walker     (SDSC)
|                    Scott Le Grand     (nVIDIA)
| 
| Precision model in use:
|      [SPFP] - Single Precision Forces, 64-bit Fixed Point
|               Accumulation. (Default)
| 
|--------------------------------------------------------
 
|----------------- CITATION INFORMATION -----------------
|
|    When publishing work that utilized the CUDA version
|    of AMBER, please cite the following in addition to
|    the regular AMBER citations:
|
|  - Romelia Salomon-Ferrer; Andreas W. Goetz; Duncan
|    Poole; Scott Le Grand; Ross C. Walker "Routine
|    microsecond molecular dynamics simulations with
|    AMBER - Part II: Particle Mesh Ewald", J. Chem.
|    Theory Comput., 2013, 9 (9), pp3878-3888,
|    DOI: 10.1021/ct400314y.
|
|  - Andreas W. Goetz; Mark J. Williamson; Dong Xu;
|    Duncan Poole; Scott Le Grand; Ross C. Walker
|    "Routine microsecond molecular dynamics simulations
|    with AMBER - Part I: Generalized Born", J. Chem.
|    Theory Comput., 2012, 8 (5), pp1542-1555.
|
|  - Scott Le Grand; Andreas W. Goetz; Ross C. Walker
|    "SPFP: Speed without compromise - a mixed precision
|    model for GPU accelerated molecular dynamics
|    simulations.", Comp. Phys. Comm., 2013, 184
|    pp374-380, DOI: 10.1016/j.cpc.2012.09.022
|
|--------------------------------------------------------
 
|------------------- GPU DEVICE INFO --------------------
|
|            CUDA_VISIBLE_DEVICES: 1
|   CUDA Capable Devices Detected:      1
|           CUDA Device ID in use:      0
|                CUDA Device Name: Tesla P100-PCIE-16GB
|     CUDA Device Global Mem Size:  16276 MB
| CUDA Device Num Multiprocessors:     56
|           CUDA Device Core Freq:   1.33 GHz
|
|--------------------------------------------------------
 
 
| Conditional Compilation Defines Used:
| PUBFFT
| BINTRAJ
| CUDA
| EMIL
 
| Largest sphere to fit in unit cell has radius =    32.402

| New format PARM file being parsed.
| Version =    1.000 Date = 01/29/21 Time = 11:19:55

| Note: 1-4 EEL scale factors are being read from the topology file.

| Note: 1-4 VDW scale factors are being read from the topology file.
| Duplicated    0 dihedrals

| Duplicated    0 dihedrals

--------------------------------------------------------------------------------
   1.  RESOURCE   USE: 
--------------------------------------------------------------------------------

 getting box info from netcdf restart file
 NATOM  =   33865 NTYPES =      18 NBONH =   33126 MBONA  =     790
 NTHETH =     891 MTHETA =    1223 NPHIH =    1882 MPHIA  =    2460
 NHPARM =       0 NPARM  =       0 NNB   =   49764 NRES   =   10980
 NBONA  =     790 NTHETA =    1223 NPHIA =    2460 NUMBND =      73
 NUMANG =     152 NPTRA  =      87 NATYP =      37 NPHB   =       1
 IFBOX  =       2 NMXRS  =      34 IFCAP =       0 NEXTRA =       0
 NCOPY  =       0

| Coordinate Index Table dimensions:    12   12   12
| Direct force subcell size =     6.6141    6.6141    6.6141

     BOX TYPE: TRUNCATED OCTAHEDRON

--------------------------------------------------------------------------------
   2.  CONTROL  DATA  FOR  THE  RUN
--------------------------------------------------------------------------------

default_name                                                                    

General flags:
     imin    =       0, nmropt  =       0

Nature and format of input:
     ntx     =       5, irest   =       1, ntrx    =       1

Nature and format of output:
     ntxo    =       2, ntpr    =      50, ntrx    =       1, ntwr    =    2500
     iwrap   =       0, ntwx    =      50, ntwv    =       0, ntwe    =       0
     ioutfm  =       1, ntwprt  =       0, idecomp =       0, rbornstat=      0

Potential function:
     ntf     =       2, ntb     =       1, igb     =       0, nsnb    =      25
     ipol    =       0, gbsa    =       0, iesp    =       0
     dielc   =   1.00000, cut     =  10.00000, intdiel =   1.00000

Frozen or restrained atoms:
     ibelly  =       0, ntr     =       0

Molecular dynamics:
     nstlim  =      2500, nscm    =      1000, nrespa  =         1
     t       =   0.00000, dt      =   0.00200, vlimit  =  -1.00000

Berendsen (weak-coupling) temperature regulation:
     temp0   = 200.00000, tempi   = 150.00000, tautp   =   1.50000

SHAKE:
     ntc     =       2, jfastw  =       0
     tol     =   0.00001

| Intermolecular bonds treatment:
|     no_intermolecular_bonds =       1

| Energy averages sample interval:
|     ene_avg_sampling =      50

Ewald parameters:
     verbose =       0, ew_type =       0, nbflag  =       1, use_pme =       1
     vdwmeth =       1, eedmeth =       1, netfrc  =       1
     Box X =   79.369   Box Y =   79.369   Box Z =   79.369
     Alpha =  109.471   Beta  =  109.471   Gamma =  109.471
     NFFT1 =   80       NFFT2 =   80       NFFT3 =   80
     Cutoff=   10.000   Tol   =0.100E-04
     Ewald Coefficient =  0.27511
     Interpolation order =    4

--------------------------------------------------------------------------------
   3.  ATOMIC COORDINATES AND VELOCITIES
--------------------------------------------------------------------------------

default_name                                                                    
 begin time read from input coords =    15.000 ps

 
 Number of triangulated 3-point waters found:    10914

     Sum of charges from parm topology file =   0.00000011
     Forcing neutrality...

| Dynamic Memory, Types Used:
| Reals              992118
| Integers           822395

| Nonbonded Pairs Initial Allocation:    10243315

| GPU memory information (estimate):
| KB of GPU memory in use:    165718
| KB of CPU memory in use:     54586

--------------------------------------------------------------------------------
   4.  RESULTS
--------------------------------------------------------------------------------

 ---------------------------------------------------
 APPROXIMATING switch and d/dx switch using CUBIC SPLINE INTERPOLATION
 using   5000.0 points per unit in tabled values
 TESTING RELATIVE ERROR over r ranging from 0.0 to cutoff
| CHECK switch(x): max rel err =   0.3316E-14   at   2.351880
| CHECK d/dx switch(x): max rel err =   0.8066E-11   at   2.747240
 ---------------------------------------------------
|---------------------------------------------------
| APPROXIMATING direct energy using CUBIC SPLINE INTERPOLATION
|  with   50.0 points per unit in tabled values
| Relative Error Limit not exceeded for r .gt.   2.34
| APPROXIMATING direct force using CUBIC SPLINE INTERPOLATION
|  with   50.0 points per unit in tabled values
| Relative Error Limit not exceeded for r .gt.   2.81
|---------------------------------------------------

 NSTEP =       50   TIME(PS) =      15.100  TEMP(K) =   141.44  PRESS =     0.0
 Etot   =   -122852.9013  EKtot   =      9622.1484  EPtot      =   -132475.0497
 BOND   =       111.8019  ANGLE   =       346.6069  DIHED      =       862.7962
 1-4 NB =       265.5396  1-4 EEL =     -3462.5908  VDWAALS    =     21518.2671
 EELEC  =   -152117.4706  EHBOND  =         0.0000  RESTRAINT  =         0.0000
 ------------------------------------------------------------------------------


 NSTEP =      100   TIME(PS) =      15.200  TEMP(K) =   142.50  PRESS =     0.0
 Etot   =   -122592.6263  EKtot   =      9694.2148  EPtot      =   -132286.8412
 BOND   =       109.7501  ANGLE   =       350.8229  DIHED      =       881.5329
 1-4 NB =       270.6150  1-4 EEL =     -3473.8117  VDWAALS    =     21833.1043
 EELEC  =   -152258.8546  EHBOND  =         0.0000  RESTRAINT  =         0.0000
 ------------------------------------------------------------------------------


 NSTEP =      150   TIME(PS) =      15.300  TEMP(K) =   143.59  PRESS =     0.0
 Etot   =   -122338.9141  EKtot   =      9767.9785  EPtot      =   -132106.8926
 BOND   =       116.3801  ANGLE   =       347.0414  DIHED      =       879.4955
 1-4 NB =       270.6275  1-4 EEL =     -3467.6716  VDWAALS    =     21700.5573
 EELEC  =   -151953.3228  EHBOND  =         0.0000  RESTRAINT  =         0.0000
 ------------------------------------------------------------------------------


 NSTEP =      200   TIME(PS) =      15.400  TEMP(K) =   146.33  PRESS =     0.0
 Etot   =   -122094.5837  EKtot   =      9954.2305  EPtot      =   -132048.8142
 BOND   =       110.1425  ANGLE   =       347.5597  DIHED      =       878.7694
 1-4 NB =       265.2938  1-4 EEL =     -3443.9759  VDWAALS    =     21375.5931
 EELEC  =   -151582.1969  EHBOND  =         0.0000  RESTRAINT  =         0.0000
 ------------------------------------------------------------------------------


 NSTEP =      250   TIME(PS) =      15.500  TEMP(K) =   147.65  PRESS =     0.0
 Etot   =   -121854.2664  EKtot   =     10044.2227  EPtot      =   -131898.4890
 BOND   =       118.2824  ANGLE   =       361.8219  DIHED      =       879.0990
 1-4 NB =       268.7756  1-4 EEL =     -3462.3656  VDWAALS    =     21256.2980
 EELEC  =   -151320.4003  EHBOND  =         0.0000  RESTRAINT  =         0.0000
 ------------------------------------------------------------------------------


 NSTEP =      300   TIME(PS) =      15.600  TEMP(K) =   150.33  PRESS =     0.0
 Etot   =   -121621.6341  EKtot   =     10226.4180  EPtot      =   -131848.0521
 BOND   =       108.4528  ANGLE   =       338.3251  DIHED      =       886.2727
 1-4 NB =       276.6117  1-4 EEL =     -3456.7739  VDWAALS    =     21541.8105
 EELEC  =   -151542.7511  EHBOND  =         0.0000  RESTRAINT  =         0.0000
 ------------------------------------------------------------------------------


 NSTEP =      350   TIME(PS) =      15.700  TEMP(K) =   150.96  PRESS =     0.0
 Etot   =   -121397.4917  EKtot   =     10269.2500  EPtot      =   -131666.7417
 BOND   =       113.3578  ANGLE   =       349.7839  DIHED      =       886.2254
 1-4 NB =       270.4022  1-4 EEL =     -3455.2077  VDWAALS    =     21393.0845
 EELEC  =   -151224.3879  EHBOND  =         0.0000  RESTRAINT  =         0.0000
 ------------------------------------------------------------------------------


 NSTEP =      400   TIME(PS) =      15.800  TEMP(K) =   152.05  PRESS =     0.0
 Etot   =   -121180.8052  EKtot   =     10343.5508  EPtot      =   -131524.3560
 BOND   =       108.9428  ANGLE   =       353.3399  DIHED      =       878.5953
 1-4 NB =       265.8799  1-4 EEL =     -3449.6028  VDWAALS    =     21429.0430
 EELEC  =   -151110.5540  EHBOND  =         0.0000  RESTRAINT  =         0.0000
 ------------------------------------------------------------------------------


 NSTEP =      450   TIME(PS) =      15.900  TEMP(K) =   154.20  PRESS =     0.0
 Etot   =   -120967.8934  EKtot   =     10490.1641  EPtot      =   -131458.0575
 BOND   =       113.0262  ANGLE   =       358.3867  DIHED      =       875.2905
 1-4 NB =       272.6596  1-4 EEL =     -3450.2939  VDWAALS    =     21253.0437
 EELEC  =   -150880.1704  EHBOND  =         0.0000  RESTRAINT  =         0.0000
 ------------------------------------------------------------------------------


 NSTEP =      500   TIME(PS) =      16.000  TEMP(K) =   155.32  PRESS =     0.0
 Etot   =   -120762.6265  EKtot   =     10565.7422  EPtot      =   -131328.3687
 BOND   =       123.3046  ANGLE   =       354.4730  DIHED      =       880.0163
 1-4 NB =       271.1272  1-4 EEL =     -3448.5635  VDWAALS    =     21425.1690
 EELEC  =   -150933.8953  EHBOND  =         0.0000  RESTRAINT  =         0.0000
 ------------------------------------------------------------------------------


 NSTEP =      550   TIME(PS) =      16.100  TEMP(K) =   155.49  PRESS =     0.0
 Etot   =   -120563.2754  EKtot   =     10577.5234  EPtot      =   -131140.7989
 BOND   =       119.9103  ANGLE   =       354.2343  DIHED      =       883.8329
 1-4 NB =       274.2156  1-4 EEL =     -3441.8232  VDWAALS    =     21355.8464
 EELEC  =   -150687.0152  EHBOND  =         0.0000  RESTRAINT  =         0.0000
 ------------------------------------------------------------------------------


 NSTEP =      600   TIME(PS) =      16.200  TEMP(K) =   157.51  PRESS =     0.0
 Etot   =   -120368.2766  EKtot   =     10715.2188  EPtot      =   -131083.4953
 BOND   =       111.0668  ANGLE   =       356.6475  DIHED      =       889.2135
 1-4 NB =       267.9475  1-4 EEL =     -3428.0197  VDWAALS    =     21205.3034
 EELEC  =   -150485.6543  EHBOND  =         0.0000  RESTRAINT  =         0.0000
 ------------------------------------------------------------------------------


 NSTEP =      650   TIME(PS) =      16.300  TEMP(K) =   159.68  PRESS =     0.0
 Etot   =   -120178.2351  EKtot   =     10862.3047  EPtot      =   -131040.5398
 BOND   =       125.3176  ANGLE   =       356.7025  DIHED      =       897.0757
 1-4 NB =       267.1409  1-4 EEL =     -3453.3200  VDWAALS    =     21242.9301
 EELEC  =   -150476.3867  EHBOND  =         0.0000  RESTRAINT  =         0.0000
 ------------------------------------------------------------------------------


 NSTEP =      700   TIME(PS) =      16.400  TEMP(K) =   160.04  PRESS =     0.0
 Etot   =   -119995.2246  EKtot   =     10887.2295  EPtot      =   -130882.4541
 BOND   =       119.0573  ANGLE   =       359.4949  DIHED      =       887.4511
 1-4 NB =       270.0876  1-4 EEL =     -3444.1292  VDWAALS    =     21332.3403
 EELEC  =   -150406.7562  EHBOND  =         0.0000  RESTRAINT  =         0.0000
 ------------------------------------------------------------------------------


 NSTEP =      750   TIME(PS) =      16.500  TEMP(K) =   161.28  PRESS =     0.0
 Etot   =   -119818.8154  EKtot   =     10971.3330  EPtot      =   -130790.1484
 BOND   =       131.6845  ANGLE   =       362.9904  DIHED      =       885.1096
 1-4 NB =       270.5755  1-4 EEL =     -3443.4171  VDWAALS    =     21327.9584
 EELEC  =   -150325.0496  EHBOND  =         0.0000  RESTRAINT  =         0.0000
 ------------------------------------------------------------------------------


 NSTEP =      800   TIME(PS) =      16.600  TEMP(K) =   162.03  PRESS =     0.0
 Etot   =   -119649.0262  EKtot   =     11022.3340  EPtot      =   -130671.3602
 BOND   =       121.8434  ANGLE   =       356.6151  DIHED      =       883.0752
 1-4 NB =       266.5961  1-4 EEL =     -3417.2579  VDWAALS    =     21327.9867
 EELEC  =   -150210.2187  EHBOND  =         0.0000  RESTRAINT  =         0.0000
 ------------------------------------------------------------------------------


 NSTEP =      850   TIME(PS) =      16.700  TEMP(K) =   164.58  PRESS =     0.0
 Etot   =   -119481.7451  EKtot   =     11195.8906  EPtot      =   -130677.6357
 BOND   =       131.1034  ANGLE   =       359.6240  DIHED      =       891.2438
 1-4 NB =       278.1044  1-4 EEL =     -3439.9345  VDWAALS    =     21240.6744
 EELEC  =   -150138.4512  EHBOND  =         0.0000  RESTRAINT  =         0.0000
 ------------------------------------------------------------------------------


 NSTEP =      900   TIME(PS) =      16.800  TEMP(K) =   165.17  PRESS =     0.0
 Etot   =   -119322.7290  EKtot   =     11236.0000  EPtot      =   -130558.7290
 BOND   =       128.1407  ANGLE   =       373.2718  DIHED      =       893.3181
 1-4 NB =       270.8644  1-4 EEL =     -3464.0926  VDWAALS    =     21170.4261
 EELEC  =   -149930.6575  EHBOND  =         0.0000  RESTRAINT  =         0.0000
 ------------------------------------------------------------------------------


 NSTEP =      950   TIME(PS) =      16.900  TEMP(K) =   165.76  PRESS =     0.0
 Etot   =   -119166.0715  EKtot   =     11276.1953  EPtot      =   -130442.2668
 BOND   =       122.0625  ANGLE   =       384.0806  DIHED      =       875.9744
 1-4 NB =       273.0012  1-4 EEL =     -3423.7334  VDWAALS    =     21190.9104
 EELEC  =   -149864.5625  EHBOND  =         0.0000  RESTRAINT  =         0.0000
 ------------------------------------------------------------------------------

check COM velocity, temp:        0.000014     0.00(Removed)

 NSTEP =     1000   TIME(PS) =      17.000  TEMP(K) =   166.32  PRESS =     0.0
 Etot   =   -119011.4997  EKtot   =     11314.2969  EPtot      =   -130325.7966
 BOND   =       127.1181  ANGLE   =       376.1941  DIHED      =       889.5329
 1-4 NB =       274.6829  1-4 EEL =     -3421.4878  VDWAALS    =     21156.3379
 EELEC  =   -149728.1746  EHBOND  =         0.0000  RESTRAINT  =         0.0000
 ------------------------------------------------------------------------------


 NSTEP =     1050   TIME(PS) =      17.100  TEMP(K) =   168.21  PRESS =     0.0
 Etot   =   -118866.6232  EKtot   =     11442.7432  EPtot      =   -130309.3663
 BOND   =       122.7622  ANGLE   =       374.6078  DIHED      =       891.0930
 1-4 NB =       270.7554  1-4 EEL =     -3427.5377  VDWAALS    =     20859.3884
 EELEC  =   -149400.4354  EHBOND  =         0.0000  RESTRAINT  =         0.0000
 ------------------------------------------------------------------------------


 NSTEP =     1100   TIME(PS) =      17.200  TEMP(K) =   167.45  PRESS =     0.0
 Etot   =   -118721.0334  EKtot   =     11391.5449  EPtot      =   -130112.5783
 BOND   =       136.1571  ANGLE   =       382.9814  DIHED      =       891.6821
 1-4 NB =       265.7279  1-4 EEL =     -3430.0673  VDWAALS    =     20867.1182
 EELEC  =   -149226.1777  EHBOND  =         0.0000  RESTRAINT  =         0.0000
 ------------------------------------------------------------------------------


 NSTEP =     1150   TIME(PS) =      17.300  TEMP(K) =   169.08  PRESS =     0.0
 Etot   =   -118581.8946  EKtot   =     11501.7881  EPtot      =   -130083.6826
 BOND   =       129.2971  ANGLE   =       385.4621  DIHED      =       889.6961
 1-4 NB =       275.8445  1-4 EEL =     -3457.7728  VDWAALS    =     20896.5283
 EELEC  =   -149202.7379  EHBOND  =         0.0000  RESTRAINT  =         0.0000
 ------------------------------------------------------------------------------


 NSTEP =     1200   TIME(PS) =      17.400  TEMP(K) =   169.76  PRESS =     0.0
 Etot   =   -118443.6879  EKtot   =     11548.6885  EPtot      =   -129992.3763
 BOND   =       139.8027  ANGLE   =       390.4085  DIHED      =       889.6738
 1-4 NB =       259.9645  1-4 EEL =     -3454.2454  VDWAALS    =     20935.2103
 EELEC  =   -149153.1906  EHBOND  =         0.0000  RESTRAINT  =         0.0000
 ------------------------------------------------------------------------------


 NSTEP =     1250   TIME(PS) =      17.500  TEMP(K) =   170.64  PRESS =     0.0
 Etot   =   -118310.9070  EKtot   =     11608.1924  EPtot      =   -129919.0994
 BOND   =       127.7820  ANGLE   =       377.2444  DIHED      =       895.5306
 1-4 NB =       277.5792  1-4 EEL =     -3432.2792  VDWAALS    =     20727.0918
 EELEC  =   -148892.0482  EHBOND  =         0.0000  RESTRAINT  =         0.0000
 ------------------------------------------------------------------------------


 NSTEP =     1300   TIME(PS) =      17.600  TEMP(K) =   171.76  PRESS =     0.0
 Etot   =   -118183.5436  EKtot   =     11684.4863  EPtot      =   -129868.0299
 BOND   =       130.9090  ANGLE   =       393.4985  DIHED      =       880.0620
 1-4 NB =       270.5282  1-4 EEL =     -3450.5112  VDWAALS    =     20945.2685
 EELEC  =   -149037.7850  EHBOND  =         0.0000  RESTRAINT  =         0.0000
 ------------------------------------------------------------------------------


 NSTEP =     1350   TIME(PS) =      17.700  TEMP(K) =   173.29  PRESS =     0.0
 Etot   =   -118059.1301  EKtot   =     11788.4883  EPtot      =   -129847.6184
 BOND   =       132.7398  ANGLE   =       385.3401  DIHED      =       890.4173
 1-4 NB =       276.8953  1-4 EEL =     -3460.6482  VDWAALS    =     20720.3969
 EELEC  =   -148792.7597  EHBOND  =         0.0000  RESTRAINT  =         0.0000
 ------------------------------------------------------------------------------


 NSTEP =     1400   TIME(PS) =      17.800  TEMP(K) =   173.67  PRESS =     0.0
 Etot   =   -117937.9966  EKtot   =     11814.3145  EPtot      =   -129752.3110
 BOND   =       140.3506  ANGLE   =       376.9030  DIHED      =       882.8404
 1-4 NB =       275.1598  1-4 EEL =     -3438.2163  VDWAALS    =     20760.0859
 EELEC  =   -148749.4344  EHBOND  =         0.0000  RESTRAINT  =         0.0000
 ------------------------------------------------------------------------------


 NSTEP =     1450   TIME(PS) =      17.900  TEMP(K) =   174.76  PRESS =     0.0
 Etot   =   -117818.5463  EKtot   =     11888.2012  EPtot      =   -129706.7475
 BOND   =       132.8391  ANGLE   =       403.8885  DIHED      =       887.0746
 1-4 NB =       269.1163  1-4 EEL =     -3453.0718  VDWAALS    =     20750.7783
 EELEC  =   -148697.3725  EHBOND  =         0.0000  RESTRAINT  =         0.0000
 ------------------------------------------------------------------------------


 NSTEP =     1500   TIME(PS) =      18.000  TEMP(K) =   175.29  PRESS =     0.0
 Etot   =   -117703.5410  EKtot   =     11924.2207  EPtot      =   -129627.7617
 BOND   =       147.9538  ANGLE   =       391.8330  DIHED      =       883.6770
 1-4 NB =       270.4656  1-4 EEL =     -3455.9580  VDWAALS    =     20672.6200
 EELEC  =   -148538.3530  EHBOND  =         0.0000  RESTRAINT  =         0.0000
 ------------------------------------------------------------------------------


 NSTEP =     1550   TIME(PS) =      18.100  TEMP(K) =   175.54  PRESS =     0.0
 Etot   =   -117590.7631  EKtot   =     11941.6992  EPtot      =   -129532.4624
 BOND   =       135.9313  ANGLE   =       404.1352  DIHED      =       885.8387
 1-4 NB =       278.3710  1-4 EEL =     -3459.0275  VDWAALS    =     20654.6470
 EELEC  =   -148432.3582  EHBOND  =         0.0000  RESTRAINT  =         0.0000
 ------------------------------------------------------------------------------


 NSTEP =     1600   TIME(PS) =      18.200  TEMP(K) =   176.23  PRESS =     0.0
 Etot   =   -117484.6657  EKtot   =     11988.7100  EPtot      =   -129473.3757
 BOND   =       147.8409  ANGLE   =       388.9562  DIHED      =       892.6474
 1-4 NB =       275.5447  1-4 EEL =     -3442.9761  VDWAALS    =     20722.3486
 EELEC  =   -148457.7374  EHBOND  =         0.0000  RESTRAINT  =         0.0000
 ------------------------------------------------------------------------------


 NSTEP =     1650   TIME(PS) =      18.300  TEMP(K) =   177.28  PRESS =     0.0
 Etot   =   -117380.2418  EKtot   =     12059.9473  EPtot      =   -129440.1890
 BOND   =       137.7842  ANGLE   =       398.9668  DIHED      =       900.8905
 1-4 NB =       276.4189  1-4 EEL =     -3450.6328  VDWAALS    =     20446.0606
 EELEC  =   -148149.6773  EHBOND  =         0.0000  RESTRAINT  =         0.0000
 ------------------------------------------------------------------------------


 NSTEP =     1700   TIME(PS) =      18.400  TEMP(K) =   178.51  PRESS =     0.0
 Etot   =   -117280.7955  EKtot   =     12143.6836  EPtot      =   -129424.4791
 BOND   =       137.1807  ANGLE   =       389.5460  DIHED      =       883.0925
 1-4 NB =       273.9672  1-4 EEL =     -3437.6557  VDWAALS    =     20607.1995
 EELEC  =   -148277.8094  EHBOND  =         0.0000  RESTRAINT  =         0.0000
 ------------------------------------------------------------------------------


 NSTEP =     1750   TIME(PS) =      18.500  TEMP(K) =   179.31  PRESS =     0.0
 Etot   =   -117181.4358  EKtot   =     12197.7012  EPtot      =   -129379.1370
 BOND   =       132.6509  ANGLE   =       380.2512  DIHED      =       883.5012
 1-4 NB =       275.6896  1-4 EEL =     -3404.3830  VDWAALS    =     20522.5566
 EELEC  =   -148169.4035  EHBOND  =         0.0000  RESTRAINT  =         0.0000
 ------------------------------------------------------------------------------


 NSTEP =     1800   TIME(PS) =      18.600  TEMP(K) =   179.84  PRESS =     0.0
 Etot   =   -117083.9311  EKtot   =     12234.1582  EPtot      =   -129318.0893
 BOND   =       152.8343  ANGLE   =       408.6930  DIHED      =       875.5651
 1-4 NB =       271.1640  1-4 EEL =     -3436.1238  VDWAALS    =     20515.3463
 EELEC  =   -148105.5681  EHBOND  =         0.0000  RESTRAINT  =         0.0000
 ------------------------------------------------------------------------------


 NSTEP =     1850   TIME(PS) =      18.700  TEMP(K) =   180.10  PRESS =     0.0
 Etot   =   -116994.4964  EKtot   =     12252.0811  EPtot      =   -129246.5775
 BOND   =       136.6470  ANGLE   =       380.7358  DIHED      =       886.1106
 1-4 NB =       269.9215  1-4 EEL =     -3437.2918  VDWAALS    =     20576.7324
 EELEC  =   -148059.4329  EHBOND  =         0.0000  RESTRAINT  =         0.0000
 ------------------------------------------------------------------------------


 NSTEP =     1900   TIME(PS) =      18.800  TEMP(K) =   180.57  PRESS =     0.0
 Etot   =   -116903.4239  EKtot   =     12283.9668  EPtot      =   -129187.3907
 BOND   =       150.3313  ANGLE   =       396.7051  DIHED      =       878.4030
 1-4 NB =       268.9763  1-4 EEL =     -3446.3756  VDWAALS    =     20493.4366
 EELEC  =   -147928.8675  EHBOND  =         0.0000  RESTRAINT  =         0.0000
 ------------------------------------------------------------------------------


 NSTEP =     1950   TIME(PS) =      18.900  TEMP(K) =   181.95  PRESS =     0.0
 Etot   =   -116818.6976  EKtot   =     12377.6289  EPtot      =   -129196.3266
 BOND   =       135.6111  ANGLE   =       399.1284  DIHED      =       877.6716
 1-4 NB =       268.2822  1-4 EEL =     -3458.9616  VDWAALS    =     20478.1421
 EELEC  =   -147896.2003  EHBOND  =         0.0000  RESTRAINT  =         0.0000
 ------------------------------------------------------------------------------

check COM velocity, temp:        0.000009     0.00(Removed)

 NSTEP =     2000   TIME(PS) =      19.000  TEMP(K) =   180.91  PRESS =     0.0
 Etot   =   -116733.5023  EKtot   =     12307.0361  EPtot      =   -129040.5385
 BOND   =       142.1805  ANGLE   =       390.4125  DIHED      =       879.7912
 1-4 NB =       278.3131  1-4 EEL =     -3443.4366  VDWAALS    =     20377.1730
 EELEC  =   -147664.9722  EHBOND  =         0.0000  RESTRAINT  =         0.0000
 ------------------------------------------------------------------------------


 NSTEP =     2050   TIME(PS) =      19.100  TEMP(K) =   181.74  PRESS =     0.0
 Etot   =   -116646.9330  EKtot   =     12363.1758  EPtot      =   -129010.1088
 BOND   =       150.9253  ANGLE   =       393.7267  DIHED      =       875.3335
 1-4 NB =       272.6917  1-4 EEL =     -3454.3220  VDWAALS    =     20026.7991
 EELEC  =   -147275.2632  EHBOND  =         0.0000  RESTRAINT  =         0.0000
 ------------------------------------------------------------------------------


 NSTEP =     2100   TIME(PS) =      19.200  TEMP(K) =   182.70  PRESS =     0.0
 Etot   =   -116566.2141  EKtot   =     12428.8213  EPtot      =   -128995.0353
 BOND   =       139.9904  ANGLE   =       397.4713  DIHED      =       879.8562
 1-4 NB =       275.8715  1-4 EEL =     -3457.8508  VDWAALS    =     20344.0824
 EELEC  =   -147574.4565  EHBOND  =         0.0000  RESTRAINT  =         0.0000
 ------------------------------------------------------------------------------


 NSTEP =     2150   TIME(PS) =      19.300  TEMP(K) =   182.86  PRESS =     0.0
 Etot   =   -116486.7906  EKtot   =     12439.6484  EPtot      =   -128926.4390
 BOND   =       147.6322  ANGLE   =       401.9054  DIHED      =       877.2099
 1-4 NB =       284.3722  1-4 EEL =     -3438.5196  VDWAALS    =     20524.6102
 EELEC  =   -147723.6493  EHBOND  =         0.0000  RESTRAINT  =         0.0000
 ------------------------------------------------------------------------------


 NSTEP =     2200   TIME(PS) =      19.400  TEMP(K) =   183.54  PRESS =     0.0
 Etot   =   -116410.5698  EKtot   =     12485.6445  EPtot      =   -128896.2144
 BOND   =       165.0165  ANGLE   =       396.3248  DIHED      =       874.1881
 1-4 NB =       266.5493  1-4 EEL =     -3455.9793  VDWAALS    =     20525.0557
 EELEC  =   -147667.3694  EHBOND  =         0.0000  RESTRAINT  =         0.0000
 ------------------------------------------------------------------------------


 NSTEP =     2250   TIME(PS) =      19.500  TEMP(K) =   184.22  PRESS =     0.0
 Etot   =   -116337.4762  EKtot   =     12531.8760  EPtot      =   -128869.3522
 BOND   =       135.3339  ANGLE   =       414.2453  DIHED      =       878.1384
 1-4 NB =       278.3273  1-4 EEL =     -3438.0201  VDWAALS    =     20250.8595
 EELEC  =   -147388.2365  EHBOND  =         0.0000  RESTRAINT  =         0.0000
 ------------------------------------------------------------------------------


 NSTEP =     2300   TIME(PS) =      19.600  TEMP(K) =   184.34  PRESS =     0.0
 Etot   =   -116262.7572  EKtot   =     12540.3516  EPtot      =   -128803.1087
 BOND   =       158.9610  ANGLE   =       393.2118  DIHED      =       897.4846
 1-4 NB =       275.5827  1-4 EEL =     -3466.9237  VDWAALS    =     20350.2001
 EELEC  =   -147411.6253  EHBOND  =         0.0000  RESTRAINT  =         0.0000
 ------------------------------------------------------------------------------


 NSTEP =     2350   TIME(PS) =      19.700  TEMP(K) =   186.23  PRESS =     0.0
 Etot   =   -116192.3001  EKtot   =     12668.7441  EPtot      =   -128861.0443
 BOND   =       156.3849  ANGLE   =       424.9498  DIHED      =       884.6276
 1-4 NB =       275.1132  1-4 EEL =     -3445.3487  VDWAALS    =     20389.7872
 EELEC  =   -147546.5583  EHBOND  =         0.0000  RESTRAINT  =         0.0000
 ------------------------------------------------------------------------------


 NSTEP =     2400   TIME(PS) =      19.800  TEMP(K) =   185.93  PRESS =     0.0
 Etot   =   -116121.9861  EKtot   =     12648.3398  EPtot      =   -128770.3260
 BOND   =       158.6733  ANGLE   =       406.6348  DIHED      =       890.6994
 1-4 NB =       270.0785  1-4 EEL =     -3452.6099  VDWAALS    =     20291.3287
 EELEC  =   -147335.1308  EHBOND  =         0.0000  RESTRAINT  =         0.0000
 ------------------------------------------------------------------------------


 NSTEP =     2450   TIME(PS) =      19.900  TEMP(K) =   186.41  PRESS =     0.0
 Etot   =   -116058.7241  EKtot   =     12681.2080  EPtot      =   -128739.9321
 BOND   =       143.3912  ANGLE   =       427.1230  DIHED      =       877.6793
 1-4 NB =       273.3888  1-4 EEL =     -3429.5293  VDWAALS    =     20331.4000
 EELEC  =   -147363.3852  EHBOND  =         0.0000  RESTRAINT  =         0.0000
 ------------------------------------------------------------------------------


 NSTEP =     2500   TIME(PS) =      20.000  TEMP(K) =   185.19  PRESS =     0.0
 Etot   =   -115993.2936  EKtot   =     12598.0332  EPtot      =   -128591.3268
 BOND   =       157.2151  ANGLE   =       414.5980  DIHED      =       875.3936
 1-4 NB =       283.2532  1-4 EEL =     -3438.2947  VDWAALS    =     20484.2402
 EELEC  =   -147367.7322  EHBOND  =         0.0000  RESTRAINT  =         0.0000
 ------------------------------------------------------------------------------


      A V E R A G E S   O V E R      50 S T E P S


 NSTEP =     2500   TIME(PS) =      20.000  TEMP(K) =   168.99  PRESS =     0.0
 Etot   =   -118647.4909  EKtot   =     11496.0274  EPtot      =   -130143.5182
 BOND   =       132.6771  ANGLE   =       380.3581  DIHED      =       883.9958
 1-4 NB =       272.2932  1-4 EEL =     -3446.0529  VDWAALS    =     20886.4635
 EELEC  =   -149253.2532  EHBOND  =         0.0000  RESTRAINT  =         0.0000
 ------------------------------------------------------------------------------


      R M S  F L U C T U A T I O N S


 NSTEP =     2500   TIME(PS) =      20.000  TEMP(K) =    13.14  PRESS =     0.0
 Etot   =      1988.9769  EKtot   =       893.5905  EPtot      =      1096.7778
 BOND   =        14.8420  ANGLE   =        22.3379  DIHED      =         7.2371
 1-4 NB =         4.7227  1-4 EEL =        13.9615  VDWAALS    =       439.2043
 EELEC  =      1481.6462  EHBOND  =         0.0000  RESTRAINT  =         0.0000
 ------------------------------------------------------------------------------

--------------------------------------------------------------------------------
   5.  TIMINGS
--------------------------------------------------------------------------------

|  NonSetup CPU Time in Major Routines:
|
|     Routine           Sec        %
|     ------------------------------
|     Nonbond           1.01   13.23
|     Bond              0.00    0.00
|     Angle             0.00    0.00
|     Dihedral          0.00    0.00
|     Shake             0.02    0.26
|     RunMD             6.58   86.45
|     Other             0.01    0.07
|     ------------------------------
|     Total             7.61

|  PME Nonbond Pairlist CPU Time:
|
|     Routine              Sec        %
|     ---------------------------------
|     Set Up Cit           0.00    0.00
|     Build List           0.00    0.00
|     ---------------------------------
|     Total                0.00    0.00

|  PME Direct Force CPU Time:
|
|     Routine              Sec        %
|     ---------------------------------
|     NonBonded Calc       0.00    0.00
|     Exclude Masked       0.00    0.00
|     Other                0.00    0.04
|     ---------------------------------
|     Total                0.00    0.04

|  PME Reciprocal Force CPU Time:
|
|     Routine              Sec        %
|     ---------------------------------
|     1D bspline           0.00    0.00
|     Grid Charges         0.00    0.00
|     Scalar Sum           0.00    0.00
|     Gradient Sum         0.00    0.00
|     FFT                  0.00    0.00
|     ---------------------------------
|     Total                0.00    0.00

|  Final Performance Info:
|     -----------------------------------------------------
|     Average timings for last    2450 steps:
|     Elapsed(s) =       7.45 Per Step(ms) =       3.04
|         ns/day =      56.80   seconds/ns =    1521.07
|
|     Average timings for all steps:
|     Elapsed(s) =       7.61 Per Step(ms) =       3.04
|         ns/day =      56.80   seconds/ns =    1521.20
|     -----------------------------------------------------

|  Setup CPU time:            0.82 seconds
|  NonSetup CPU time:         7.61 seconds
|  Total CPU time:            8.43 seconds     0.00 hours

|  Setup wall time:           1    seconds
|  NonSetup wall time:        8    seconds
|  Total wall time:           9    seconds     0.00 hours
