
          -------------------------------------------------------
          Amber 16 PMEMD                              2016
          -------------------------------------------------------

| PMEMD implementation of SANDER, Release 16

| Run on 01/29/2021 at 11:21:21

|   Executable path: pmemd.cuda
| Working directory: /home/kyq/T7RNADNA/7/nLT7
|          Hostname: gpu01

  [-O]verwriting output

File Assignments:
|   MDIN: heat1.in                                                              
|  MDOUT: cmp_heat1.out                                                         
| INPCRD: cmp_heat0.rst                                                         
|   PARM: cmp.prmtop                                                            
| RESTRT: cmp_heat1.rst                                                         
|   REFC: cmp.inpcrd                                                            
|  MDVEL: mdvel                                                                 
|   MDEN: mden                                                                  
|  MDCRD: cmp_heat1.mdcrd                                                       
| MDINFO: mdinfo                                                                
|  MDFRC: mdfrc                                                                 

 
 Here is the input file:
 
Stage 1 heating 1 5ps 0-100K                                                   
 &cntrl                                                                        
  imin=0, ntx=1,                                                               
  nstlim=2500, dt=0.002,                                                       
  ntc=2, ntf=2,                                                                
  ntt=1, tautp=1.5,                                                            
  tempi=0.0, temp0=50.0,                                                       
  ntpr=50, ntwx=50,                                                            
  ntb=1,                                                                       
  cut=10,                                                                      
 /                                                                             


Note: ig = -1. Setting random seed to   699742 based on wallclock time in 
      microseconds.
 
|--------------------- INFORMATION ----------------------
| GPU (CUDA) Version of PMEMD in use: NVIDIA GPU IN USE.
|                    Version 16.0.0
| 
|                      02/25/2016
| 
| Implementation by:
|                    Ross C. Walker     (SDSC)
|                    Scott Le Grand     (nVIDIA)
| 
| Precision model in use:
|      [SPFP] - Single Precision Forces, 64-bit Fixed Point
|               Accumulation. (Default)
| 
|--------------------------------------------------------
 
|----------------- CITATION INFORMATION -----------------
|
|    When publishing work that utilized the CUDA version
|    of AMBER, please cite the following in addition to
|    the regular AMBER citations:
|
|  - Romelia Salomon-Ferrer; Andreas W. Goetz; Duncan
|    Poole; Scott Le Grand; Ross C. Walker "Routine
|    microsecond molecular dynamics simulations with
|    AMBER - Part II: Particle Mesh Ewald", J. Chem.
|    Theory Comput., 2013, 9 (9), pp3878-3888,
|    DOI: 10.1021/ct400314y.
|
|  - Andreas W. Goetz; Mark J. Williamson; Dong Xu;
|    Duncan Poole; Scott Le Grand; Ross C. Walker
|    "Routine microsecond molecular dynamics simulations
|    with AMBER - Part I: Generalized Born", J. Chem.
|    Theory Comput., 2012, 8 (5), pp1542-1555.
|
|  - Scott Le Grand; Andreas W. Goetz; Ross C. Walker
|    "SPFP: Speed without compromise - a mixed precision
|    model for GPU accelerated molecular dynamics
|    simulations.", Comp. Phys. Comm., 2013, 184
|    pp374-380, DOI: 10.1016/j.cpc.2012.09.022
|
|--------------------------------------------------------
 
|------------------- GPU DEVICE INFO --------------------
|
|            CUDA_VISIBLE_DEVICES: 1
|   CUDA Capable Devices Detected:      1
|           CUDA Device ID in use:      0
|                CUDA Device Name: Tesla P100-PCIE-16GB
|     CUDA Device Global Mem Size:  16276 MB
| CUDA Device Num Multiprocessors:     56
|           CUDA Device Core Freq:   1.33 GHz
|
|--------------------------------------------------------
 
 
| Conditional Compilation Defines Used:
| PUBFFT
| BINTRAJ
| CUDA
| EMIL
 
| Largest sphere to fit in unit cell has radius =    32.402

| New format PARM file being parsed.
| Version =    1.000 Date = 01/29/21 Time = 11:19:55

| Note: 1-4 EEL scale factors are being read from the topology file.

| Note: 1-4 VDW scale factors are being read from the topology file.
| Duplicated    0 dihedrals

| Duplicated    0 dihedrals

--------------------------------------------------------------------------------
   1.  RESOURCE   USE: 
--------------------------------------------------------------------------------

 getting box info from netcdf restart file
 NATOM  =   33865 NTYPES =      18 NBONH =   33126 MBONA  =     790
 NTHETH =     891 MTHETA =    1223 NPHIH =    1882 MPHIA  =    2460
 NHPARM =       0 NPARM  =       0 NNB   =   49764 NRES   =   10980
 NBONA  =     790 NTHETA =    1223 NPHIA =    2460 NUMBND =      73
 NUMANG =     152 NPTRA  =      87 NATYP =      37 NPHB   =       1
 IFBOX  =       2 NMXRS  =      34 IFCAP =       0 NEXTRA =       0
 NCOPY  =       0

| Coordinate Index Table dimensions:    12   12   12
| Direct force subcell size =     6.6141    6.6141    6.6141

     BOX TYPE: TRUNCATED OCTAHEDRON

--------------------------------------------------------------------------------
   2.  CONTROL  DATA  FOR  THE  RUN
--------------------------------------------------------------------------------

default_name                                                                    

General flags:
     imin    =       0, nmropt  =       0

Nature and format of input:
     ntx     =       1, irest   =       0, ntrx    =       1

Nature and format of output:
     ntxo    =       2, ntpr    =      50, ntrx    =       1, ntwr    =    2500
     iwrap   =       0, ntwx    =      50, ntwv    =       0, ntwe    =       0
     ioutfm  =       1, ntwprt  =       0, idecomp =       0, rbornstat=      0

Potential function:
     ntf     =       2, ntb     =       1, igb     =       0, nsnb    =      25
     ipol    =       0, gbsa    =       0, iesp    =       0
     dielc   =   1.00000, cut     =  10.00000, intdiel =   1.00000

Frozen or restrained atoms:
     ibelly  =       0, ntr     =       0

Molecular dynamics:
     nstlim  =      2500, nscm    =      1000, nrespa  =         1
     t       =   0.00000, dt      =   0.00200, vlimit  =  -1.00000

Berendsen (weak-coupling) temperature regulation:
     temp0   =  50.00000, tempi   =   0.00000, tautp   =   1.50000

SHAKE:
     ntc     =       2, jfastw  =       0
     tol     =   0.00001

| Intermolecular bonds treatment:
|     no_intermolecular_bonds =       1

| Energy averages sample interval:
|     ene_avg_sampling =      50

Ewald parameters:
     verbose =       0, ew_type =       0, nbflag  =       1, use_pme =       1
     vdwmeth =       1, eedmeth =       1, netfrc  =       1
     Box X =   79.369   Box Y =   79.369   Box Z =   79.369
     Alpha =  109.471   Beta  =  109.471   Gamma =  109.471
     NFFT1 =   80       NFFT2 =   80       NFFT3 =   80
     Cutoff=   10.000   Tol   =0.100E-04
     Ewald Coefficient =  0.27511
     Interpolation order =    4

--------------------------------------------------------------------------------
   3.  ATOMIC COORDINATES AND VELOCITIES
--------------------------------------------------------------------------------

default_name                                                                    
 begin time read from input coords =     0.000 ps

 
 Number of triangulated 3-point waters found:    10914

     Sum of charges from parm topology file =   0.00000011
     Forcing neutrality...

| Dynamic Memory, Types Used:
| Reals              992118
| Integers           822395

| Nonbonded Pairs Initial Allocation:    10243315

| GPU memory information (estimate):
| KB of GPU memory in use:    165718
| KB of CPU memory in use:     54586

--------------------------------------------------------------------------------
   4.  RESULTS
--------------------------------------------------------------------------------

 ---------------------------------------------------
 APPROXIMATING switch and d/dx switch using CUBIC SPLINE INTERPOLATION
 using   5000.0 points per unit in tabled values
 TESTING RELATIVE ERROR over r ranging from 0.0 to cutoff
| CHECK switch(x): max rel err =   0.3316E-14   at   2.351880
| CHECK d/dx switch(x): max rel err =   0.8066E-11   at   2.747240
 ---------------------------------------------------
|---------------------------------------------------
| APPROXIMATING direct energy using CUBIC SPLINE INTERPOLATION
|  with   50.0 points per unit in tabled values
| Relative Error Limit not exceeded for r .gt.   2.34
| APPROXIMATING direct force using CUBIC SPLINE INTERPOLATION
|  with   50.0 points per unit in tabled values
| Relative Error Limit not exceeded for r .gt.   2.81
|---------------------------------------------------

 NSTEP =        0   TIME(PS) =       0.000  TEMP(K) =     0.00  PRESS =     0.0
 Etot   =   -161224.4775  EKtot   =         0.0000  EPtot      =   -161224.4775
 BOND   =        54.1649  ANGLE   =       244.2179  DIHED      =       812.8321
 1-4 NB =       251.7336  1-4 EEL =     -3436.2823  VDWAALS    =     28991.8131
 EELEC  =   -188142.9567  EHBOND  =         0.0000  RESTRAINT  =         0.0000
 ------------------------------------------------------------------------------


 NSTEP =       50   TIME(PS) =       0.100  TEMP(K) =     8.75  PRESS =     0.0
 Etot   =   -138548.7636  EKtot   =       595.3684  EPtot      =   -139144.1320
 BOND   =        52.3430  ANGLE   =       238.5523  DIHED      =       812.4021
 1-4 NB =       255.8801  1-4 EEL =     -3430.5456  VDWAALS    =     24515.8091
 EELEC  =   -161588.5730  EHBOND  =         0.0000  RESTRAINT  =         0.0000
 ------------------------------------------------------------------------------


 NSTEP =      100   TIME(PS) =       0.200  TEMP(K) =     7.78  PRESS =     0.0
 Etot   =   -138377.7832  EKtot   =       529.2318  EPtot      =   -138907.0150
 BOND   =        53.3009  ANGLE   =       240.5326  DIHED      =       810.3705
 1-4 NB =       255.8999  1-4 EEL =     -3433.5757  VDWAALS    =     22266.8100
 EELEC  =   -159100.3534  EHBOND  =         0.0000  RESTRAINT  =         0.0000
 ------------------------------------------------------------------------------


 NSTEP =      150   TIME(PS) =       0.300  TEMP(K) =    10.26  PRESS =     0.0
 Etot   =   -138201.9573  EKtot   =       698.0198  EPtot      =   -138899.9771
 BOND   =        54.0842  ANGLE   =       239.3509  DIHED      =       811.7190
 1-4 NB =       256.7048  1-4 EEL =     -3437.1193  VDWAALS    =     22661.1515
 EELEC  =   -159485.8681  EHBOND  =         0.0000  RESTRAINT  =         0.0000
 ------------------------------------------------------------------------------


 NSTEP =      200   TIME(PS) =       0.400  TEMP(K) =    11.79  PRESS =     0.0
 Etot   =   -138024.6636  EKtot   =       802.2114  EPtot      =   -138826.8751
 BOND   =        54.0805  ANGLE   =       241.8101  DIHED      =       814.1901
 1-4 NB =       256.7649  1-4 EEL =     -3437.1884  VDWAALS    =     23064.9758
 EELEC  =   -159821.5081  EHBOND  =         0.0000  RESTRAINT  =         0.0000
 ------------------------------------------------------------------------------


 NSTEP =      250   TIME(PS) =       0.500  TEMP(K) =    13.66  PRESS =     0.0
 Etot   =   -137855.4825  EKtot   =       929.2931  EPtot      =   -138784.7756
 BOND   =        53.4662  ANGLE   =       241.7719  DIHED      =       814.7798
 1-4 NB =       256.3958  1-4 EEL =     -3438.2275  VDWAALS    =     22891.6350
 EELEC  =   -159604.5968  EHBOND  =         0.0000  RESTRAINT  =         0.0000
 ------------------------------------------------------------------------------


 NSTEP =      300   TIME(PS) =       0.600  TEMP(K) =    15.16  PRESS =     0.0
 Etot   =   -137694.2189  EKtot   =      1031.2157  EPtot      =   -138725.4346
 BOND   =        54.0378  ANGLE   =       243.0338  DIHED      =       812.4557
 1-4 NB =       257.3443  1-4 EEL =     -3437.4234  VDWAALS    =     22830.7046
 EELEC  =   -159485.5874  EHBOND  =         0.0000  RESTRAINT  =         0.0000
 ------------------------------------------------------------------------------


 NSTEP =      350   TIME(PS) =       0.700  TEMP(K) =    16.81  PRESS =     0.0
 Etot   =   -137539.2602  EKtot   =      1143.5874  EPtot      =   -138682.8476
 BOND   =        54.6466  ANGLE   =       242.3933  DIHED      =       815.9199
 1-4 NB =       255.9114  1-4 EEL =     -3440.7938  VDWAALS    =     22920.9130
 EELEC  =   -159531.8380  EHBOND  =         0.0000  RESTRAINT  =         0.0000
 ------------------------------------------------------------------------------


 NSTEP =      400   TIME(PS) =       0.800  TEMP(K) =    18.45  PRESS =     0.0
 Etot   =   -137392.2303  EKtot   =      1255.4281  EPtot      =   -138647.6584
 BOND   =        55.1221  ANGLE   =       243.6629  DIHED      =       818.3863
 1-4 NB =       257.0793  1-4 EEL =     -3438.4972  VDWAALS    =     22890.3537
 EELEC  =   -159473.7656  EHBOND  =         0.0000  RESTRAINT  =         0.0000
 ------------------------------------------------------------------------------


 NSTEP =      450   TIME(PS) =       0.900  TEMP(K) =    19.84  PRESS =     0.0
 Etot   =   -137252.3524  EKtot   =      1349.4219  EPtot      =   -138601.7743
 BOND   =        55.6031  ANGLE   =       250.5472  DIHED      =       816.7996
 1-4 NB =       253.3431  1-4 EEL =     -3438.8710  VDWAALS    =     22783.1654
 EELEC  =   -159322.3618  EHBOND  =         0.0000  RESTRAINT  =         0.0000
 ------------------------------------------------------------------------------


 NSTEP =      500   TIME(PS) =       1.000  TEMP(K) =    21.41  PRESS =     0.0
 Etot   =   -137119.3965  EKtot   =      1456.6675  EPtot      =   -138576.0640
 BOND   =        56.1410  ANGLE   =       252.1256  DIHED      =       817.0163
 1-4 NB =       255.3715  1-4 EEL =     -3443.6544  VDWAALS    =     22799.7643
 EELEC  =   -159312.8283  EHBOND  =         0.0000  RESTRAINT  =         0.0000
 ------------------------------------------------------------------------------


 NSTEP =      550   TIME(PS) =       1.100  TEMP(K) =    22.55  PRESS =     0.0
 Etot   =   -136992.7674  EKtot   =      1533.9536  EPtot      =   -138526.7210
 BOND   =        55.0087  ANGLE   =       249.0432  DIHED      =       824.3526
 1-4 NB =       254.7110  1-4 EEL =     -3443.2523  VDWAALS    =     22958.6999
 EELEC  =   -159425.2842  EHBOND  =         0.0000  RESTRAINT  =         0.0000
 ------------------------------------------------------------------------------


 NSTEP =      600   TIME(PS) =       1.200  TEMP(K) =    24.19  PRESS =     0.0
 Etot   =   -136872.1590  EKtot   =      1645.8136  EPtot      =   -138517.9726
 BOND   =        55.6661  ANGLE   =       245.7949  DIHED      =       826.2572
 1-4 NB =       257.6197  1-4 EEL =     -3441.0368  VDWAALS    =     22854.0038
 EELEC  =   -159316.2775  EHBOND  =         0.0000  RESTRAINT  =         0.0000
 ------------------------------------------------------------------------------


 NSTEP =      650   TIME(PS) =       1.300  TEMP(K) =    25.32  PRESS =     0.0
 Etot   =   -136757.3039  EKtot   =      1722.2820  EPtot      =   -138479.5859
 BOND   =        55.9044  ANGLE   =       248.3982  DIHED      =       819.4274
 1-4 NB =       254.5137  1-4 EEL =     -3433.7169  VDWAALS    =     22897.9358
 EELEC  =   -159322.0485  EHBOND  =         0.0000  RESTRAINT  =         0.0000
 ------------------------------------------------------------------------------


 NSTEP =      700   TIME(PS) =       1.400  TEMP(K) =    26.39  PRESS =     0.0
 Etot   =   -136647.6914  EKtot   =      1795.1500  EPtot      =   -138442.8415
 BOND   =        57.0425  ANGLE   =       253.9271  DIHED      =       815.7315
 1-4 NB =       255.4063  1-4 EEL =     -3429.1203  VDWAALS    =     23007.3973
 EELEC  =   -159403.2259  EHBOND  =         0.0000  RESTRAINT  =         0.0000
 ------------------------------------------------------------------------------


 NSTEP =      750   TIME(PS) =       1.500  TEMP(K) =    27.61  PRESS =     0.0
 Etot   =   -136544.7852  EKtot   =      1878.3457  EPtot      =   -138423.1309
 BOND   =        56.5786  ANGLE   =       252.4444  DIHED      =       820.7344
 1-4 NB =       255.4802  1-4 EEL =     -3431.6187  VDWAALS    =     22994.1885
 EELEC  =   -159370.9383  EHBOND  =         0.0000  RESTRAINT  =         0.0000
 ------------------------------------------------------------------------------


 NSTEP =      800   TIME(PS) =       1.600  TEMP(K) =    28.60  PRESS =     0.0
 Etot   =   -136445.7549  EKtot   =      1945.4719  EPtot      =   -138391.2268
 BOND   =        57.0253  ANGLE   =       258.2379  DIHED      =       822.5246
 1-4 NB =       253.9544  1-4 EEL =     -3441.0384  VDWAALS    =     23010.5664
 EELEC  =   -159352.4971  EHBOND  =         0.0000  RESTRAINT  =         0.0000
 ------------------------------------------------------------------------------


 NSTEP =      850   TIME(PS) =       1.700  TEMP(K) =    29.61  PRESS =     0.0
 Etot   =   -136350.1214  EKtot   =      2013.9563  EPtot      =   -138364.0777
 BOND   =        57.2259  ANGLE   =       259.1237  DIHED      =       823.3183
 1-4 NB =       259.7431  1-4 EEL =     -3438.3625  VDWAALS    =     22942.6876
 EELEC  =   -159267.8138  EHBOND  =         0.0000  RESTRAINT  =         0.0000
 ------------------------------------------------------------------------------


 NSTEP =      900   TIME(PS) =       1.800  TEMP(K) =    30.51  PRESS =     0.0
 Etot   =   -136259.2225  EKtot   =      2075.5776  EPtot      =   -138334.8001
 BOND   =        57.2384  ANGLE   =       259.6643  DIHED      =       822.6759
 1-4 NB =       255.6942  1-4 EEL =     -3441.9627  VDWAALS    =     22807.1122
 EELEC  =   -159095.2225  EHBOND  =         0.0000  RESTRAINT  =         0.0000
 ------------------------------------------------------------------------------


 NSTEP =      950   TIME(PS) =       1.900  TEMP(K) =    31.58  PRESS =     0.0
 Etot   =   -136174.4451  EKtot   =      2147.9810  EPtot      =   -138322.4260
 BOND   =        55.1921  ANGLE   =       251.5402  DIHED      =       825.7522
 1-4 NB =       254.6708  1-4 EEL =     -3425.4727  VDWAALS    =     22905.2877
 EELEC  =   -159189.3964  EHBOND  =         0.0000  RESTRAINT  =         0.0000
 ------------------------------------------------------------------------------

check COM velocity, temp:        0.000012     0.00(Removed)

 NSTEP =     1000   TIME(PS) =       2.000  TEMP(K) =    32.21  PRESS =     0.0
 Etot   =   -136091.2466  EKtot   =      2191.0432  EPtot      =   -138282.2898
 BOND   =        55.7411  ANGLE   =       252.2625  DIHED      =       826.8286
 1-4 NB =       259.6880  1-4 EEL =     -3425.9278  VDWAALS    =     22951.6815
 EELEC  =   -159202.5638  EHBOND  =         0.0000  RESTRAINT  =         0.0000
 ------------------------------------------------------------------------------


 NSTEP =     1050   TIME(PS) =       2.100  TEMP(K) =    32.97  PRESS =     0.0
 Etot   =   -136012.7181  EKtot   =      2242.6072  EPtot      =   -138255.3252
 BOND   =        57.7729  ANGLE   =       255.2546  DIHED      =       827.7134
 1-4 NB =       258.1218  1-4 EEL =     -3435.1924  VDWAALS    =     22763.1293
 EELEC  =   -158982.1248  EHBOND  =         0.0000  RESTRAINT  =         0.0000
 ------------------------------------------------------------------------------


 NSTEP =     1100   TIME(PS) =       2.200  TEMP(K) =    33.89  PRESS =     0.0
 Etot   =   -135936.9951  EKtot   =      2305.1812  EPtot      =   -138242.1763
 BOND   =        57.9444  ANGLE   =       246.4314  DIHED      =       831.1495
 1-4 NB =       260.3440  1-4 EEL =     -3429.8338  VDWAALS    =     22828.5459
 EELEC  =   -159036.7577  EHBOND  =         0.0000  RESTRAINT  =         0.0000
 ------------------------------------------------------------------------------


 NSTEP =     1150   TIME(PS) =       2.300  TEMP(K) =    34.37  PRESS =     0.0
 Etot   =   -135866.7331  EKtot   =      2338.2136  EPtot      =   -138204.9467
 BOND   =        57.6414  ANGLE   =       251.8444  DIHED      =       828.4431
 1-4 NB =       255.6504  1-4 EEL =     -3431.2361  VDWAALS    =     22940.7212
 EELEC  =   -159108.0111  EHBOND  =         0.0000  RESTRAINT  =         0.0000
 ------------------------------------------------------------------------------


 NSTEP =     1200   TIME(PS) =       2.400  TEMP(K) =    35.47  PRESS =     0.0
 Etot   =   -135798.7100  EKtot   =      2412.8608  EPtot      =   -138211.5709
 BOND   =        54.6008  ANGLE   =       240.0332  DIHED      =       832.2394
 1-4 NB =       263.9418  1-4 EEL =     -3418.0582  VDWAALS    =     22885.2451
 EELEC  =   -159069.5730  EHBOND  =         0.0000  RESTRAINT  =         0.0000
 ------------------------------------------------------------------------------


 NSTEP =     1250   TIME(PS) =       2.500  TEMP(K) =    36.14  PRESS =     0.0
 Etot   =   -135735.0137  EKtot   =      2458.2578  EPtot      =   -138193.2715
 BOND   =        58.2734  ANGLE   =       253.0044  DIHED      =       821.2672
 1-4 NB =       260.1151  1-4 EEL =     -3423.6405  VDWAALS    =     22826.2314
 EELEC  =   -158988.5226  EHBOND  =         0.0000  RESTRAINT  =         0.0000
 ------------------------------------------------------------------------------


 NSTEP =     1300   TIME(PS) =       2.600  TEMP(K) =    36.86  PRESS =     0.0
 Etot   =   -135672.9879  EKtot   =      2507.3689  EPtot      =   -138180.3568
 BOND   =        58.6167  ANGLE   =       258.1218  DIHED      =       823.2828
 1-4 NB =       256.7103  1-4 EEL =     -3424.8047  VDWAALS    =     23024.5780
 EELEC  =   -159176.8617  EHBOND  =         0.0000  RESTRAINT  =         0.0000
 ------------------------------------------------------------------------------


 NSTEP =     1350   TIME(PS) =       2.700  TEMP(K) =    37.68  PRESS =     0.0
 Etot   =   -135615.2480  EKtot   =      2563.1724  EPtot      =   -138178.4204
 BOND   =        58.9665  ANGLE   =       255.8066  DIHED      =       827.9438
 1-4 NB =       261.0318  1-4 EEL =     -3426.4321  VDWAALS    =     22968.1718
 EELEC  =   -159123.9088  EHBOND  =         0.0000  RESTRAINT  =         0.0000
 ------------------------------------------------------------------------------


 NSTEP =     1400   TIME(PS) =       2.800  TEMP(K) =    38.25  PRESS =     0.0
 Etot   =   -135562.4083  EKtot   =      2602.3271  EPtot      =   -138164.7355
 BOND   =        59.1844  ANGLE   =       261.7414  DIHED      =       826.9607
 1-4 NB =       259.0964  1-4 EEL =     -3433.5849  VDWAALS    =     22855.0050
 EELEC  =   -158993.1385  EHBOND  =         0.0000  RESTRAINT  =         0.0000
 ------------------------------------------------------------------------------


 NSTEP =     1450   TIME(PS) =       2.900  TEMP(K) =    38.83  PRESS =     0.0
 Etot   =   -135509.9326  EKtot   =      2641.2151  EPtot      =   -138151.1476
 BOND   =        59.7121  ANGLE   =       263.2469  DIHED      =       825.8884
 1-4 NB =       257.8684  1-4 EEL =     -3435.6151  VDWAALS    =     22845.9627
 EELEC  =   -158968.2110  EHBOND  =         0.0000  RESTRAINT  =         0.0000
 ------------------------------------------------------------------------------


 NSTEP =     1500   TIME(PS) =       3.000  TEMP(K) =    39.89  PRESS =     0.0
 Etot   =   -135461.3725  EKtot   =      2713.6604  EPtot      =   -138175.0329
 BOND   =        59.1767  ANGLE   =       257.8808  DIHED      =       828.1064
 1-4 NB =       262.0306  1-4 EEL =     -3428.8251  VDWAALS    =     23040.7446
 EELEC  =   -159194.1470  EHBOND  =         0.0000  RESTRAINT  =         0.0000
 ------------------------------------------------------------------------------


 NSTEP =     1550   TIME(PS) =       3.100  TEMP(K) =    40.27  PRESS =     0.0
 Etot   =   -135417.5575  EKtot   =      2739.7046  EPtot      =   -138157.2621
 BOND   =        59.8192  ANGLE   =       252.4599  DIHED      =       833.9353
 1-4 NB =       258.6215  1-4 EEL =     -3424.2038  VDWAALS    =     22992.3732
 EELEC  =   -159130.2675  EHBOND  =         0.0000  RESTRAINT  =         0.0000
 ------------------------------------------------------------------------------


 NSTEP =     1600   TIME(PS) =       3.200  TEMP(K) =    40.59  PRESS =     0.0
 Etot   =   -135373.1981  EKtot   =      2761.5217  EPtot      =   -138134.7199
 BOND   =        56.1363  ANGLE   =       262.5167  DIHED      =       827.5963
 1-4 NB =       263.9330  1-4 EEL =     -3423.0704  VDWAALS    =     22962.5080
 EELEC  =   -159084.3396  EHBOND  =         0.0000  RESTRAINT  =         0.0000
 ------------------------------------------------------------------------------


 NSTEP =     1650   TIME(PS) =       3.300  TEMP(K) =    41.27  PRESS =     0.0
 Etot   =   -135332.9633  EKtot   =      2807.6855  EPtot      =   -138140.6489
 BOND   =        59.8321  ANGLE   =       250.1409  DIHED      =       828.3354
 1-4 NB =       259.5988  1-4 EEL =     -3431.6710  VDWAALS    =     23097.5817
 EELEC  =   -159204.4668  EHBOND  =         0.0000  RESTRAINT  =         0.0000
 ------------------------------------------------------------------------------


 NSTEP =     1700   TIME(PS) =       3.400  TEMP(K) =    41.93  PRESS =     0.0
 Etot   =   -135295.2061  EKtot   =      2852.4663  EPtot      =   -138147.6724
 BOND   =        58.0605  ANGLE   =       258.7230  DIHED      =       829.0078
 1-4 NB =       258.3912  1-4 EEL =     -3427.1018  VDWAALS    =     22940.8678
 EELEC  =   -159065.6209  EHBOND  =         0.0000  RESTRAINT  =         0.0000
 ------------------------------------------------------------------------------


 NSTEP =     1750   TIME(PS) =       3.500  TEMP(K) =    42.74  PRESS =     0.0
 Etot   =   -135261.0933  EKtot   =      2907.3928  EPtot      =   -138168.4861
 BOND   =        56.5885  ANGLE   =       252.3826  DIHED      =       833.3923
 1-4 NB =       262.5941  1-4 EEL =     -3429.1302  VDWAALS    =     22999.6680
 EELEC  =   -159143.9814  EHBOND  =         0.0000  RESTRAINT  =         0.0000
 ------------------------------------------------------------------------------


 NSTEP =     1800   TIME(PS) =       3.600  TEMP(K) =    42.81  PRESS =     0.0
 Etot   =   -135227.6277  EKtot   =      2912.2256  EPtot      =   -138139.8533
 BOND   =        58.8156  ANGLE   =       253.1329  DIHED      =       837.5844
 1-4 NB =       262.0098  1-4 EEL =     -3443.5643  VDWAALS    =     22883.4714
 EELEC  =   -158991.3032  EHBOND  =         0.0000  RESTRAINT  =         0.0000
 ------------------------------------------------------------------------------


 NSTEP =     1850   TIME(PS) =       3.700  TEMP(K) =    43.16  PRESS =     0.0
 Etot   =   -135197.3880  EKtot   =      2936.0132  EPtot      =   -138133.4012
 BOND   =        60.4555  ANGLE   =       253.9996  DIHED      =       836.8093
 1-4 NB =       259.0310  1-4 EEL =     -3431.7786  VDWAALS    =     22808.1867
 EELEC  =   -158920.1046  EHBOND  =         0.0000  RESTRAINT  =         0.0000
 ------------------------------------------------------------------------------


 NSTEP =     1900   TIME(PS) =       3.800  TEMP(K) =    43.51  PRESS =     0.0
 Etot   =   -135166.4758  EKtot   =      2960.1548  EPtot      =   -138126.6306
 BOND   =        59.9060  ANGLE   =       265.6241  DIHED      =       840.6351
 1-4 NB =       259.6094  1-4 EEL =     -3435.8209  VDWAALS    =     22903.2627
 EELEC  =   -159019.8470  EHBOND  =         0.0000  RESTRAINT  =         0.0000
 ------------------------------------------------------------------------------


 NSTEP =     1950   TIME(PS) =       3.900  TEMP(K) =    43.94  PRESS =     0.0
 Etot   =   -135137.9380  EKtot   =      2988.9211  EPtot      =   -138126.8591
 BOND   =        58.4328  ANGLE   =       257.8531  DIHED      =       834.4157
 1-4 NB =       259.9021  1-4 EEL =     -3437.1338  VDWAALS    =     22926.2220
 EELEC  =   -159026.5510  EHBOND  =         0.0000  RESTRAINT  =         0.0000
 ------------------------------------------------------------------------------

check COM velocity, temp:        0.000009     0.00(Removed)

 NSTEP =     2000   TIME(PS) =       4.000  TEMP(K) =    44.22  PRESS =     0.0
 Etot   =   -135111.9432  EKtot   =      3008.2603  EPtot      =   -138120.2035
 BOND   =        59.9497  ANGLE   =       254.2615  DIHED      =       840.5470
 1-4 NB =       258.6660  1-4 EEL =     -3434.7728  VDWAALS    =     22945.7758
 EELEC  =   -159044.6306  EHBOND  =         0.0000  RESTRAINT  =         0.0000
 ------------------------------------------------------------------------------


 NSTEP =     2050   TIME(PS) =       4.100  TEMP(K) =    44.78  PRESS =     0.0
 Etot   =   -135088.1438  EKtot   =      3046.2532  EPtot      =   -138134.3970
 BOND   =        58.0937  ANGLE   =       247.6646  DIHED      =       841.0894
 1-4 NB =       262.5905  1-4 EEL =     -3423.8712  VDWAALS    =     22891.8738
 EELEC  =   -159011.8378  EHBOND  =         0.0000  RESTRAINT  =         0.0000
 ------------------------------------------------------------------------------


 NSTEP =     2100   TIME(PS) =       4.200  TEMP(K) =    45.28  PRESS =     0.0
 Etot   =   -135065.5540  EKtot   =      3080.5923  EPtot      =   -138146.1463
 BOND   =        56.8157  ANGLE   =       247.6713  DIHED      =       837.8916
 1-4 NB =       263.4483  1-4 EEL =     -3430.6761  VDWAALS    =     23045.8557
 EELEC  =   -159167.1527  EHBOND  =         0.0000  RESTRAINT  =         0.0000
 ------------------------------------------------------------------------------


 NSTEP =     2150   TIME(PS) =       4.300  TEMP(K) =    45.46  PRESS =     0.0
 Etot   =   -135044.3531  EKtot   =      3092.2109  EPtot      =   -138136.5641
 BOND   =        58.2121  ANGLE   =       260.5945  DIHED      =       833.2458
 1-4 NB =       257.8894  1-4 EEL =     -3439.8805  VDWAALS    =     22872.4769
 EELEC  =   -158979.1022  EHBOND  =         0.0000  RESTRAINT  =         0.0000
 ------------------------------------------------------------------------------


 NSTEP =     2200   TIME(PS) =       4.400  TEMP(K) =    45.92  PRESS =     0.0
 Etot   =   -135024.4144  EKtot   =      3123.5186  EPtot      =   -138147.9329
 BOND   =        61.7668  ANGLE   =       251.4310  DIHED      =       843.1412
 1-4 NB =       261.2064  1-4 EEL =     -3441.8628  VDWAALS    =     22846.1401
 EELEC  =   -158969.7557  EHBOND  =         0.0000  RESTRAINT  =         0.0000
 ------------------------------------------------------------------------------


 NSTEP =     2250   TIME(PS) =       4.500  TEMP(K) =    46.40  PRESS =     0.0
 Etot   =   -135007.4470  EKtot   =      3156.4624  EPtot      =   -138163.9094
 BOND   =        60.5926  ANGLE   =       259.5810  DIHED      =       845.9906
 1-4 NB =       262.6040  1-4 EEL =     -3447.9691  VDWAALS    =     22932.2600
 EELEC  =   -159076.9686  EHBOND  =         0.0000  RESTRAINT  =         0.0000
 ------------------------------------------------------------------------------


 NSTEP =     2300   TIME(PS) =       4.600  TEMP(K) =    46.18  PRESS =     0.0
 Etot   =   -134992.1147  EKtot   =      3141.8496  EPtot      =   -138133.9643
 BOND   =        62.2924  ANGLE   =       248.9899  DIHED      =       841.5830
 1-4 NB =       262.2386  1-4 EEL =     -3442.9414  VDWAALS    =     22959.7456
 EELEC  =   -159065.8724  EHBOND  =         0.0000  RESTRAINT  =         0.0000
 ------------------------------------------------------------------------------


 NSTEP =     2350   TIME(PS) =       4.700  TEMP(K) =    46.88  PRESS =     0.0
 Etot   =   -134976.1255  EKtot   =      3188.8513  EPtot      =   -138164.9768
 BOND   =        60.0673  ANGLE   =       260.3076  DIHED      =       839.6132
 1-4 NB =       261.0767  1-4 EEL =     -3437.8804  VDWAALS    =     23027.8867
 EELEC  =   -159176.0479  EHBOND  =         0.0000  RESTRAINT  =         0.0000
 ------------------------------------------------------------------------------


 NSTEP =     2400   TIME(PS) =       4.800  TEMP(K) =    47.14  PRESS =     0.0
 Etot   =   -134963.0302  EKtot   =      3206.5059  EPtot      =   -138169.5361
 BOND   =        59.5716  ANGLE   =       255.5732  DIHED      =       839.7454
 1-4 NB =       262.1828  1-4 EEL =     -3433.0366  VDWAALS    =     23035.3955
 EELEC  =   -159188.9680  EHBOND  =         0.0000  RESTRAINT  =         0.0000
 ------------------------------------------------------------------------------


 NSTEP =     2450   TIME(PS) =       4.900  TEMP(K) =    47.30  PRESS =     0.0
 Etot   =   -134950.6635  EKtot   =      3217.8286  EPtot      =   -138168.4921
 BOND   =        61.6670  ANGLE   =       261.4124  DIHED      =       839.5461
 1-4 NB =       257.4656  1-4 EEL =     -3432.9909  VDWAALS    =     22988.7859
 EELEC  =   -159144.3783  EHBOND  =         0.0000  RESTRAINT  =         0.0000
 ------------------------------------------------------------------------------


 NSTEP =     2500   TIME(PS) =       5.000  TEMP(K) =    47.78  PRESS =     0.0
 Etot   =   -134938.7143  EKtot   =      3250.2542  EPtot      =   -138188.9684
 BOND   =        60.0430  ANGLE   =       264.3703  DIHED      =       836.9968
 1-4 NB =       260.1981  1-4 EEL =     -3441.0571  VDWAALS    =     22984.5837
 EELEC  =   -159154.1032  EHBOND  =         0.0000  RESTRAINT  =         0.0000
 ------------------------------------------------------------------------------


      A V E R A G E S   O V E R      50 S T E P S


 NSTEP =     2500   TIME(PS) =       5.000  TEMP(K) =    33.49  PRESS =     0.0
 Etot   =   -136057.7135  EKtot   =      2278.0711  EPtot      =   -138335.7847
 BOND   =        57.4891  ANGLE   =       252.5255  DIHED      =       827.7148
 1-4 NB =       258.6069  1-4 EEL =     -3434.1008  VDWAALS    =     22939.5620
 EELEC  =   -159237.5821  EHBOND  =         0.0000  RESTRAINT  =         0.0000
 ------------------------------------------------------------------------------


      R M S  F L U C T U A T I O N S


 NSTEP =     2500   TIME(PS) =       5.000  TEMP(K) =    11.72  PRESS =     0.0
 Etot   =      1044.5586  EKtot   =       797.0926  EPtot      =       255.9870
 BOND   =         2.3833  ANGLE   =         7.0844  DIHED      =         9.4892
 1-4 NB =         2.8283  1-4 EEL =         6.6218  VDWAALS    =       258.0004
 EELEC  =       385.5330  EHBOND  =         0.0000  RESTRAINT  =         0.0000
 ------------------------------------------------------------------------------

--------------------------------------------------------------------------------
   5.  TIMINGS
--------------------------------------------------------------------------------

|  NonSetup CPU Time in Major Routines:
|
|     Routine           Sec        %
|     ------------------------------
|     Nonbond           0.63    8.84
|     Bond              0.00    0.00
|     Angle             0.00    0.00
|     Dihedral          0.00    0.00
|     Shake             0.02    0.31
|     RunMD             6.51   90.72
|     Other             0.01    0.13
|     ------------------------------
|     Total             7.18

|  PME Nonbond Pairlist CPU Time:
|
|     Routine              Sec        %
|     ---------------------------------
|     Set Up Cit           0.00    0.00
|     Build List           0.00    0.00
|     ---------------------------------
|     Total                0.00    0.00

|  PME Direct Force CPU Time:
|
|     Routine              Sec        %
|     ---------------------------------
|     NonBonded Calc       0.00    0.00
|     Exclude Masked       0.00    0.00
|     Other                0.01    0.09
|     ---------------------------------
|     Total                0.01    0.09

|  PME Reciprocal Force CPU Time:
|
|     Routine              Sec        %
|     ---------------------------------
|     1D bspline           0.00    0.00
|     Grid Charges         0.00    0.00
|     Scalar Sum           0.00    0.00
|     Gradient Sum         0.00    0.00
|     FFT                  0.00    0.00
|     ---------------------------------
|     Total                0.00    0.00

|  Final Performance Info:
|     -----------------------------------------------------
|     Average timings for last    2500 steps:
|     Elapsed(s) =       7.18 Per Step(ms) =       2.87
|         ns/day =      60.21   seconds/ns =    1435.01
|
|     Average timings for all steps:
|     Elapsed(s) =       7.18 Per Step(ms) =       2.87
|         ns/day =      60.21   seconds/ns =    1435.01
|     -----------------------------------------------------

|  Setup CPU time:            0.80 seconds
|  NonSetup CPU time:         7.18 seconds
|  Total CPU time:            7.97 seconds     0.00 hours

|  Setup wall time:           0    seconds
|  NonSetup wall time:        8    seconds
|  Total wall time:           8    seconds     0.00 hours
