
          -------------------------------------------------------
          Amber 16 PMEMD                              2016
          -------------------------------------------------------

| PMEMD implementation of SANDER, Release 16

| Run on 01/29/2021 at 11:21:29

|   Executable path: pmemd.cuda
| Working directory: /home/kyq/T7RNADNA/7/nLT7
|          Hostname: gpu01

  [-O]verwriting output

File Assignments:
|   MDIN: heat2.in                                                              
|  MDOUT: cmp_heat2.out                                                         
| INPCRD: cmp_heat1.rst                                                         
|   PARM: cmp.prmtop                                                            
| RESTRT: cmp_heat2.rst                                                         
|   REFC: cmp.inpcrd                                                            
|  MDVEL: mdvel                                                                 
|   MDEN: mden                                                                  
|  MDCRD: cmp_heat2.mdcrd                                                       
| MDINFO: mdinfo                                                                
|  MDFRC: mdfrc                                                                 

 
 Here is the input file:
 
Stage 1 heating 1 5ps 0-100K                                                   
 &cntrl                                                                        
  imin=0, irest=1,ntx=5,                                                       
  nstlim=2500, dt=0.002,                                                       
  ntc=2, ntf=2,                                                                
  ntt=1, tautp=1.5,                                                            
  tempi=50.0, temp0=100.0,                                                     
  ntpr=50, ntwx=50,                                                            
  ntb=1,                                                                       
  cut=10,                                                                      
  /                                                                            


Note: ig = -1. Setting random seed to   818657 based on wallclock time in 
      microseconds.
 
|--------------------- INFORMATION ----------------------
| GPU (CUDA) Version of PMEMD in use: NVIDIA GPU IN USE.
|                    Version 16.0.0
| 
|                      02/25/2016
| 
| Implementation by:
|                    Ross C. Walker     (SDSC)
|                    Scott Le Grand     (nVIDIA)
| 
| Precision model in use:
|      [SPFP] - Single Precision Forces, 64-bit Fixed Point
|               Accumulation. (Default)
| 
|--------------------------------------------------------
 
|----------------- CITATION INFORMATION -----------------
|
|    When publishing work that utilized the CUDA version
|    of AMBER, please cite the following in addition to
|    the regular AMBER citations:
|
|  - Romelia Salomon-Ferrer; Andreas W. Goetz; Duncan
|    Poole; Scott Le Grand; Ross C. Walker "Routine
|    microsecond molecular dynamics simulations with
|    AMBER - Part II: Particle Mesh Ewald", J. Chem.
|    Theory Comput., 2013, 9 (9), pp3878-3888,
|    DOI: 10.1021/ct400314y.
|
|  - Andreas W. Goetz; Mark J. Williamson; Dong Xu;
|    Duncan Poole; Scott Le Grand; Ross C. Walker
|    "Routine microsecond molecular dynamics simulations
|    with AMBER - Part I: Generalized Born", J. Chem.
|    Theory Comput., 2012, 8 (5), pp1542-1555.
|
|  - Scott Le Grand; Andreas W. Goetz; Ross C. Walker
|    "SPFP: Speed without compromise - a mixed precision
|    model for GPU accelerated molecular dynamics
|    simulations.", Comp. Phys. Comm., 2013, 184
|    pp374-380, DOI: 10.1016/j.cpc.2012.09.022
|
|--------------------------------------------------------
 
|------------------- GPU DEVICE INFO --------------------
|
|            CUDA_VISIBLE_DEVICES: 1
|   CUDA Capable Devices Detected:      1
|           CUDA Device ID in use:      0
|                CUDA Device Name: Tesla P100-PCIE-16GB
|     CUDA Device Global Mem Size:  16276 MB
| CUDA Device Num Multiprocessors:     56
|           CUDA Device Core Freq:   1.33 GHz
|
|--------------------------------------------------------
 
 
| Conditional Compilation Defines Used:
| PUBFFT
| BINTRAJ
| CUDA
| EMIL
 
| Largest sphere to fit in unit cell has radius =    32.402

| New format PARM file being parsed.
| Version =    1.000 Date = 01/29/21 Time = 11:19:55

| Note: 1-4 EEL scale factors are being read from the topology file.

| Note: 1-4 VDW scale factors are being read from the topology file.
| Duplicated    0 dihedrals

| Duplicated    0 dihedrals

--------------------------------------------------------------------------------
   1.  RESOURCE   USE: 
--------------------------------------------------------------------------------

 getting box info from netcdf restart file
 NATOM  =   33865 NTYPES =      18 NBONH =   33126 MBONA  =     790
 NTHETH =     891 MTHETA =    1223 NPHIH =    1882 MPHIA  =    2460
 NHPARM =       0 NPARM  =       0 NNB   =   49764 NRES   =   10980
 NBONA  =     790 NTHETA =    1223 NPHIA =    2460 NUMBND =      73
 NUMANG =     152 NPTRA  =      87 NATYP =      37 NPHB   =       1
 IFBOX  =       2 NMXRS  =      34 IFCAP =       0 NEXTRA =       0
 NCOPY  =       0

| Coordinate Index Table dimensions:    12   12   12
| Direct force subcell size =     6.6141    6.6141    6.6141

     BOX TYPE: TRUNCATED OCTAHEDRON

--------------------------------------------------------------------------------
   2.  CONTROL  DATA  FOR  THE  RUN
--------------------------------------------------------------------------------

default_name                                                                    

General flags:
     imin    =       0, nmropt  =       0

Nature and format of input:
     ntx     =       5, irest   =       1, ntrx    =       1

Nature and format of output:
     ntxo    =       2, ntpr    =      50, ntrx    =       1, ntwr    =    2500
     iwrap   =       0, ntwx    =      50, ntwv    =       0, ntwe    =       0
     ioutfm  =       1, ntwprt  =       0, idecomp =       0, rbornstat=      0

Potential function:
     ntf     =       2, ntb     =       1, igb     =       0, nsnb    =      25
     ipol    =       0, gbsa    =       0, iesp    =       0
     dielc   =   1.00000, cut     =  10.00000, intdiel =   1.00000

Frozen or restrained atoms:
     ibelly  =       0, ntr     =       0

Molecular dynamics:
     nstlim  =      2500, nscm    =      1000, nrespa  =         1
     t       =   0.00000, dt      =   0.00200, vlimit  =  -1.00000

Berendsen (weak-coupling) temperature regulation:
     temp0   = 100.00000, tempi   =  50.00000, tautp   =   1.50000

SHAKE:
     ntc     =       2, jfastw  =       0
     tol     =   0.00001

| Intermolecular bonds treatment:
|     no_intermolecular_bonds =       1

| Energy averages sample interval:
|     ene_avg_sampling =      50

Ewald parameters:
     verbose =       0, ew_type =       0, nbflag  =       1, use_pme =       1
     vdwmeth =       1, eedmeth =       1, netfrc  =       1
     Box X =   79.369   Box Y =   79.369   Box Z =   79.369
     Alpha =  109.471   Beta  =  109.471   Gamma =  109.471
     NFFT1 =   80       NFFT2 =   80       NFFT3 =   80
     Cutoff=   10.000   Tol   =0.100E-04
     Ewald Coefficient =  0.27511
     Interpolation order =    4

--------------------------------------------------------------------------------
   3.  ATOMIC COORDINATES AND VELOCITIES
--------------------------------------------------------------------------------

default_name                                                                    
 begin time read from input coords =     5.000 ps

 
 Number of triangulated 3-point waters found:    10914

     Sum of charges from parm topology file =   0.00000011
     Forcing neutrality...

| Dynamic Memory, Types Used:
| Reals              992118
| Integers           822395

| Nonbonded Pairs Initial Allocation:    10243315

| GPU memory information (estimate):
| KB of GPU memory in use:    165718
| KB of CPU memory in use:     54586

--------------------------------------------------------------------------------
   4.  RESULTS
--------------------------------------------------------------------------------

 ---------------------------------------------------
 APPROXIMATING switch and d/dx switch using CUBIC SPLINE INTERPOLATION
 using   5000.0 points per unit in tabled values
 TESTING RELATIVE ERROR over r ranging from 0.0 to cutoff
| CHECK switch(x): max rel err =   0.3316E-14   at   2.351880
| CHECK d/dx switch(x): max rel err =   0.8066E-11   at   2.747240
 ---------------------------------------------------
|---------------------------------------------------
| APPROXIMATING direct energy using CUBIC SPLINE INTERPOLATION
|  with   50.0 points per unit in tabled values
| Relative Error Limit not exceeded for r .gt.   2.34
| APPROXIMATING direct force using CUBIC SPLINE INTERPOLATION
|  with   50.0 points per unit in tabled values
| Relative Error Limit not exceeded for r .gt.   2.81
|---------------------------------------------------

 NSTEP =       50   TIME(PS) =       5.100  TEMP(K) =    49.68  PRESS =     0.0
 Etot   =   -134712.4737  EKtot   =      3379.5908  EPtot      =   -138092.0645
 BOND   =        60.9961  ANGLE   =       259.2557  DIHED      =       846.0247
 1-4 NB =       261.3030  1-4 EEL =     -3442.7813  VDWAALS    =     23001.9340
 EELEC  =   -159078.7968  EHBOND  =         0.0000  RESTRAINT  =         0.0000
 ------------------------------------------------------------------------------


 NSTEP =      100   TIME(PS) =       5.200  TEMP(K) =    51.33  PRESS =     0.0
 Etot   =   -134487.8948  EKtot   =      3491.7302  EPtot      =   -137979.6250
 BOND   =        64.0184  ANGLE   =       260.8874  DIHED      =       838.3023
 1-4 NB =       259.7622  1-4 EEL =     -3446.0725  VDWAALS    =     22928.1662
 EELEC  =   -158884.6890  EHBOND  =         0.0000  RESTRAINT  =         0.0000
 ------------------------------------------------------------------------------


 NSTEP =      150   TIME(PS) =       5.300  TEMP(K) =    52.92  PRESS =     0.0
 Etot   =   -134271.7040  EKtot   =      3600.2156  EPtot      =   -137871.9196
 BOND   =        58.8759  ANGLE   =       254.5972  DIHED      =       837.4774
 1-4 NB =       261.4298  1-4 EEL =     -3435.4121  VDWAALS    =     22922.9325
 EELEC  =   -158771.8203  EHBOND  =         0.0000  RESTRAINT  =         0.0000
 ------------------------------------------------------------------------------


 NSTEP =      200   TIME(PS) =       5.400  TEMP(K) =    54.76  PRESS =     0.0
 Etot   =   -134063.2894  EKtot   =      3725.1912  EPtot      =   -137788.4805
 BOND   =        57.5874  ANGLE   =       254.2972  DIHED      =       841.6645
 1-4 NB =       266.0604  1-4 EEL =     -3435.8542  VDWAALS    =     22918.7554
 EELEC  =   -158690.9913  EHBOND  =         0.0000  RESTRAINT  =         0.0000
 ------------------------------------------------------------------------------


 NSTEP =      250   TIME(PS) =       5.500  TEMP(K) =    55.70  PRESS =     0.0
 Etot   =   -133860.0340  EKtot   =      3789.4434  EPtot      =   -137649.4773
 BOND   =        62.2596  ANGLE   =       261.3265  DIHED      =       849.9021
 1-4 NB =       259.1342  1-4 EEL =     -3434.8102  VDWAALS    =     22759.9477
 EELEC  =   -158407.2372  EHBOND  =         0.0000  RESTRAINT  =         0.0000
 ------------------------------------------------------------------------------


 NSTEP =      300   TIME(PS) =       5.600  TEMP(K) =    57.55  PRESS =     0.0
 Etot   =   -133663.2229  EKtot   =      3915.1904  EPtot      =   -137578.4133
 BOND   =        62.2793  ANGLE   =       267.2753  DIHED      =       839.5808
 1-4 NB =       261.8608  1-4 EEL =     -3448.5419  VDWAALS    =     22738.1881
 EELEC  =   -158299.0557  EHBOND  =         0.0000  RESTRAINT  =         0.0000
 ------------------------------------------------------------------------------


 NSTEP =      350   TIME(PS) =       5.700  TEMP(K) =    59.89  PRESS =     0.0
 Etot   =   -133476.0056  EKtot   =      4074.0889  EPtot      =   -137550.0945
 BOND   =        66.8615  ANGLE   =       266.1651  DIHED      =       846.3881
 1-4 NB =       259.6433  1-4 EEL =     -3452.3767  VDWAALS    =     22875.6180
 EELEC  =   -158412.3938  EHBOND  =         0.0000  RESTRAINT  =         0.0000
 ------------------------------------------------------------------------------


 NSTEP =      400   TIME(PS) =       5.800  TEMP(K) =    60.76  PRESS =     0.0
 Etot   =   -133295.7090  EKtot   =      4133.2988  EPtot      =   -137429.0078
 BOND   =        65.9442  ANGLE   =       271.6820  DIHED      =       837.1284
 1-4 NB =       261.4214  1-4 EEL =     -3452.0871  VDWAALS    =     22730.9437
 EELEC  =   -158144.0405  EHBOND  =         0.0000  RESTRAINT  =         0.0000
 ------------------------------------------------------------------------------


 NSTEP =      450   TIME(PS) =       5.900  TEMP(K) =    61.18  PRESS =     0.0
 Etot   =   -133119.7566  EKtot   =      4161.8711  EPtot      =   -137281.6277
 BOND   =        62.8831  ANGLE   =       259.6084  DIHED      =       838.6142
 1-4 NB =       264.2317  1-4 EEL =     -3436.4209  VDWAALS    =     22833.8156
 EELEC  =   -158104.3598  EHBOND  =         0.0000  RESTRAINT  =         0.0000
 ------------------------------------------------------------------------------


 NSTEP =      500   TIME(PS) =       6.000  TEMP(K) =    63.28  PRESS =     0.0
 Etot   =   -132950.0564  EKtot   =      4305.0234  EPtot      =   -137255.0798
 BOND   =        59.6201  ANGLE   =       268.8581  DIHED      =       839.8896
 1-4 NB =       261.5757  1-4 EEL =     -3436.9767  VDWAALS    =     22686.7784
 EELEC  =   -157934.8250  EHBOND  =         0.0000  RESTRAINT  =         0.0000
 ------------------------------------------------------------------------------


 NSTEP =      550   TIME(PS) =       6.100  TEMP(K) =    64.27  PRESS =     0.0
 Etot   =   -132786.0331  EKtot   =      4372.3281  EPtot      =   -137158.3612
 BOND   =        65.9148  ANGLE   =       269.5818  DIHED      =       843.7340
 1-4 NB =       262.1844  1-4 EEL =     -3451.4685  VDWAALS    =     22677.9421
 EELEC  =   -157826.2499  EHBOND  =         0.0000  RESTRAINT  =         0.0000
 ------------------------------------------------------------------------------


 NSTEP =      600   TIME(PS) =       6.200  TEMP(K) =    66.23  PRESS =     0.0
 Etot   =   -132631.1469  EKtot   =      4505.6875  EPtot      =   -137136.8344
 BOND   =        63.5473  ANGLE   =       268.2650  DIHED      =       846.6738
 1-4 NB =       263.9849  1-4 EEL =     -3442.6783  VDWAALS    =     22896.9009
 EELEC  =   -158033.5281  EHBOND  =         0.0000  RESTRAINT  =         0.0000
 ------------------------------------------------------------------------------


 NSTEP =      650   TIME(PS) =       6.300  TEMP(K) =    67.25  PRESS =     0.0
 Etot   =   -132480.0822  EKtot   =      4574.7842  EPtot      =   -137054.8663
 BOND   =        66.0316  ANGLE   =       269.2370  DIHED      =       842.0094
 1-4 NB =       263.6685  1-4 EEL =     -3437.3007  VDWAALS    =     22736.9255
 EELEC  =   -157795.4377  EHBOND  =         0.0000  RESTRAINT  =         0.0000
 ------------------------------------------------------------------------------


 NSTEP =      700   TIME(PS) =       6.400  TEMP(K) =    68.26  PRESS =     0.0
 Etot   =   -132332.3792  EKtot   =      4643.2559  EPtot      =   -136975.6351
 BOND   =        67.5623  ANGLE   =       262.2472  DIHED      =       846.3553
 1-4 NB =       265.2485  1-4 EEL =     -3441.3697  VDWAALS    =     22579.7131
 EELEC  =   -157555.3917  EHBOND  =         0.0000  RESTRAINT  =         0.0000
 ------------------------------------------------------------------------------


 NSTEP =      750   TIME(PS) =       6.500  TEMP(K) =    69.17  PRESS =     0.0
 Etot   =   -132191.8387  EKtot   =      4705.5107  EPtot      =   -136897.3495
 BOND   =        64.9902  ANGLE   =       263.4056  DIHED      =       842.4571
 1-4 NB =       263.0547  1-4 EEL =     -3439.1530  VDWAALS    =     22698.6936
 EELEC  =   -157590.7976  EHBOND  =         0.0000  RESTRAINT  =         0.0000
 ------------------------------------------------------------------------------


 NSTEP =      800   TIME(PS) =       6.600  TEMP(K) =    70.51  PRESS =     0.0
 Etot   =   -132054.9825  EKtot   =      4796.9170  EPtot      =   -136851.8995
 BOND   =        59.8058  ANGLE   =       263.8036  DIHED      =       843.4310
 1-4 NB =       262.4951  1-4 EEL =     -3432.7457  VDWAALS    =     22640.9441
 EELEC  =   -157489.6335  EHBOND  =         0.0000  RESTRAINT  =         0.0000
 ------------------------------------------------------------------------------


 NSTEP =      850   TIME(PS) =       6.700  TEMP(K) =    71.04  PRESS =     0.0
 Etot   =   -131922.2397  EKtot   =      4832.4326  EPtot      =   -136754.6723
 BOND   =        69.9751  ANGLE   =       270.4748  DIHED      =       837.2558
 1-4 NB =       263.2110  1-4 EEL =     -3432.8285  VDWAALS    =     22608.1895
 EELEC  =   -157370.9500  EHBOND  =         0.0000  RESTRAINT  =         0.0000
 ------------------------------------------------------------------------------


 NSTEP =      900   TIME(PS) =       6.800  TEMP(K) =    72.40  PRESS =     0.0
 Etot   =   -131796.4563  EKtot   =      4925.1660  EPtot      =   -136721.6223
 BOND   =        68.2528  ANGLE   =       269.1952  DIHED      =       843.1194
 1-4 NB =       264.8336  1-4 EEL =     -3447.4139  VDWAALS    =     22503.7228
 EELEC  =   -157223.3322  EHBOND  =         0.0000  RESTRAINT  =         0.0000
 ------------------------------------------------------------------------------


 NSTEP =      950   TIME(PS) =       6.900  TEMP(K) =    74.01  PRESS =     0.0
 Etot   =   -131675.0733  EKtot   =      5034.5342  EPtot      =   -136709.6075
 BOND   =        67.7449  ANGLE   =       271.5450  DIHED      =       844.5269
 1-4 NB =       260.3127  1-4 EEL =     -3441.6385  VDWAALS    =     22480.0146
 EELEC  =   -157192.1132  EHBOND  =         0.0000  RESTRAINT  =         0.0000
 ------------------------------------------------------------------------------

check COM velocity, temp:        0.000030     0.00(Removed)

 NSTEP =     1000   TIME(PS) =       7.000  TEMP(K) =    74.52  PRESS =     0.0
 Etot   =   -131558.8723  EKtot   =      5069.1074  EPtot      =   -136627.9798
 BOND   =        68.7772  ANGLE   =       272.1459  DIHED      =       849.0761
 1-4 NB =       263.9493  1-4 EEL =     -3447.3875  VDWAALS    =     22665.9116
 EELEC  =   -157300.4524  EHBOND  =         0.0000  RESTRAINT  =         0.0000
 ------------------------------------------------------------------------------


 NSTEP =     1050   TIME(PS) =       7.100  TEMP(K) =    75.18  PRESS =     0.0
 Etot   =   -131446.4237  EKtot   =      5114.4326  EPtot      =   -136560.8563
 BOND   =        65.7786  ANGLE   =       277.3532  DIHED      =       842.4273
 1-4 NB =       264.0996  1-4 EEL =     -3429.6084  VDWAALS    =     22766.8854
 EELEC  =   -157347.7921  EHBOND  =         0.0000  RESTRAINT  =         0.0000
 ------------------------------------------------------------------------------


 NSTEP =     1100   TIME(PS) =       7.200  TEMP(K) =    75.63  PRESS =     0.0
 Etot   =   -131335.8383  EKtot   =      5144.6841  EPtot      =   -136480.5223
 BOND   =        68.6774  ANGLE   =       284.4134  DIHED      =       850.2025
 1-4 NB =       266.4281  1-4 EEL =     -3439.6520  VDWAALS    =     22577.6216
 EELEC  =   -157088.2133  EHBOND  =         0.0000  RESTRAINT  =         0.0000
 ------------------------------------------------------------------------------


 NSTEP =     1150   TIME(PS) =       7.300  TEMP(K) =    77.27  PRESS =     0.0
 Etot   =   -131230.5572  EKtot   =      5256.7344  EPtot      =   -136487.2915
 BOND   =        67.1349  ANGLE   =       271.2915  DIHED      =       844.4605
 1-4 NB =       266.9271  1-4 EEL =     -3433.0886  VDWAALS    =     22691.2708
 EELEC  =   -157195.2878  EHBOND  =         0.0000  RESTRAINT  =         0.0000
 ------------------------------------------------------------------------------


 NSTEP =     1200   TIME(PS) =       7.400  TEMP(K) =    78.19  PRESS =     0.0
 Etot   =   -131130.6704  EKtot   =      5318.7979  EPtot      =   -136449.4683
 BOND   =        68.3111  ANGLE   =       277.4158  DIHED      =       839.0083
 1-4 NB =       262.2123  1-4 EEL =     -3448.0060  VDWAALS    =     22696.0232
 EELEC  =   -157144.4330  EHBOND  =         0.0000  RESTRAINT  =         0.0000
 ------------------------------------------------------------------------------


 NSTEP =     1250   TIME(PS) =       7.500  TEMP(K) =    78.92  PRESS =     0.0
 Etot   =   -131034.7812  EKtot   =      5368.4380  EPtot      =   -136403.2192
 BOND   =        66.8362  ANGLE   =       271.4432  DIHED      =       848.4343
 1-4 NB =       266.9597  1-4 EEL =     -3435.4175  VDWAALS    =     22531.4632
 EELEC  =   -156952.9384  EHBOND  =         0.0000  RESTRAINT  =         0.0000
 ------------------------------------------------------------------------------


 NSTEP =     1300   TIME(PS) =       7.600  TEMP(K) =    79.21  PRESS =     0.0
 Etot   =   -130941.7141  EKtot   =      5388.5039  EPtot      =   -136330.2180
 BOND   =        68.2523  ANGLE   =       270.5794  DIHED      =       850.2744
 1-4 NB =       266.3051  1-4 EEL =     -3437.6220  VDWAALS    =     22586.1611
 EELEC  =   -156934.1684  EHBOND  =         0.0000  RESTRAINT  =         0.0000
 ------------------------------------------------------------------------------


 NSTEP =     1350   TIME(PS) =       7.700  TEMP(K) =    80.23  PRESS =     0.0
 Etot   =   -130851.3353  EKtot   =      5457.9941  EPtot      =   -136309.3294
 BOND   =        76.4565  ANGLE   =       281.8528  DIHED      =       846.9862
 1-4 NB =       261.1103  1-4 EEL =     -3439.6534  VDWAALS    =     22396.0738
 EELEC  =   -156732.1556  EHBOND  =         0.0000  RESTRAINT  =         0.0000
 ------------------------------------------------------------------------------


 NSTEP =     1400   TIME(PS) =       7.800  TEMP(K) =    81.34  PRESS =     0.0
 Etot   =   -130764.5444  EKtot   =      5533.0410  EPtot      =   -136297.5854
 BOND   =        71.3433  ANGLE   =       280.0708  DIHED      =       846.2989
 1-4 NB =       264.6931  1-4 EEL =     -3431.0255  VDWAALS    =     22545.7790
 EELEC  =   -156874.7451  EHBOND  =         0.0000  RESTRAINT  =         0.0000
 ------------------------------------------------------------------------------


 NSTEP =     1450   TIME(PS) =       7.900  TEMP(K) =    82.21  PRESS =     0.0
 Etot   =   -130680.1944  EKtot   =      5592.7783  EPtot      =   -136272.9727
 BOND   =        71.5452  ANGLE   =       284.3291  DIHED      =       846.1079
 1-4 NB =       265.7113  1-4 EEL =     -3439.7312  VDWAALS    =     22456.0197
 EELEC  =   -156756.9548  EHBOND  =         0.0000  RESTRAINT  =         0.0000
 ------------------------------------------------------------------------------


 NSTEP =     1500   TIME(PS) =       8.000  TEMP(K) =    82.77  PRESS =     0.0
 Etot   =   -130601.2176  EKtot   =      5630.9287  EPtot      =   -136232.1463
 BOND   =        68.3097  ANGLE   =       280.1306  DIHED      =       850.9469
 1-4 NB =       261.7966  1-4 EEL =     -3438.7380  VDWAALS    =     22481.5807
 EELEC  =   -156736.1729  EHBOND  =         0.0000  RESTRAINT  =         0.0000
 ------------------------------------------------------------------------------


 NSTEP =     1550   TIME(PS) =       8.100  TEMP(K) =    83.72  PRESS =     0.0
 Etot   =   -130525.7698  EKtot   =      5695.3926  EPtot      =   -136221.1624
 BOND   =        70.8676  ANGLE   =       277.5778  DIHED      =       856.0513
 1-4 NB =       264.6324  1-4 EEL =     -3423.8181  VDWAALS    =     22635.7641
 EELEC  =   -156902.2375  EHBOND  =         0.0000  RESTRAINT  =         0.0000
 ------------------------------------------------------------------------------


 NSTEP =     1600   TIME(PS) =       8.200  TEMP(K) =    83.97  PRESS =     0.0
 Etot   =   -130452.0552  EKtot   =      5711.9365  EPtot      =   -136163.9917
 BOND   =        66.1791  ANGLE   =       272.1550  DIHED      =       849.2461
 1-4 NB =       265.8107  1-4 EEL =     -3410.0676  VDWAALS    =     22473.6858
 EELEC  =   -156681.0008  EHBOND  =         0.0000  RESTRAINT  =         0.0000
 ------------------------------------------------------------------------------


 NSTEP =     1650   TIME(PS) =       8.300  TEMP(K) =    83.87  PRESS =     0.0
 Etot   =   -130380.5531  EKtot   =      5705.3779  EPtot      =   -136085.9310
 BOND   =        74.9740  ANGLE   =       277.1094  DIHED      =       859.1898
 1-4 NB =       262.4270  1-4 EEL =     -3430.0767  VDWAALS    =     22690.8336
 EELEC  =   -156820.3882  EHBOND  =         0.0000  RESTRAINT  =         0.0000
 ------------------------------------------------------------------------------


 NSTEP =     1700   TIME(PS) =       8.400  TEMP(K) =    85.14  PRESS =     0.0
 Etot   =   -130311.4103  EKtot   =      5792.0796  EPtot      =   -136103.4899
 BOND   =        76.8098  ANGLE   =       277.5201  DIHED      =       855.4833
 1-4 NB =       261.7359  1-4 EEL =     -3436.8512  VDWAALS    =     22594.4023
 EELEC  =   -156732.5901  EHBOND  =         0.0000  RESTRAINT  =         0.0000
 ------------------------------------------------------------------------------


 NSTEP =     1750   TIME(PS) =       8.500  TEMP(K) =    85.82  PRESS =     0.0
 Etot   =   -130246.7948  EKtot   =      5838.2373  EPtot      =   -136085.0321
 BOND   =        70.7176  ANGLE   =       275.8101  DIHED      =       855.8375
 1-4 NB =       266.7644  1-4 EEL =     -3431.1000  VDWAALS    =     22651.2414
 EELEC  =   -156774.3033  EHBOND  =         0.0000  RESTRAINT  =         0.0000
 ------------------------------------------------------------------------------


 NSTEP =     1800   TIME(PS) =       8.600  TEMP(K) =    85.76  PRESS =     0.0
 Etot   =   -130181.5015  EKtot   =      5833.8125  EPtot      =   -136015.3140
 BOND   =        67.8501  ANGLE   =       277.6499  DIHED      =       857.7930
 1-4 NB =       260.5802  1-4 EEL =     -3427.4392  VDWAALS    =     22646.6079
 EELEC  =   -156698.3559  EHBOND  =         0.0000  RESTRAINT  =         0.0000
 ------------------------------------------------------------------------------


 NSTEP =     1850   TIME(PS) =       8.700  TEMP(K) =    87.19  PRESS =     0.0
 Etot   =   -130120.9761  EKtot   =      5931.5273  EPtot      =   -136052.5034
 BOND   =        73.5095  ANGLE   =       275.5668  DIHED      =       853.4420
 1-4 NB =       259.2292  1-4 EEL =     -3432.9309  VDWAALS    =     22579.0289
 EELEC  =   -156660.3489  EHBOND  =         0.0000  RESTRAINT  =         0.0000
 ------------------------------------------------------------------------------


 NSTEP =     1900   TIME(PS) =       8.800  TEMP(K) =    87.42  PRESS =     0.0
 Etot   =   -130061.3991  EKtot   =      5947.0654  EPtot      =   -136008.4645
 BOND   =        72.7729  ANGLE   =       271.1438  DIHED      =       859.4901
 1-4 NB =       267.7919  1-4 EEL =     -3429.9559  VDWAALS    =     22390.5617
 EELEC  =   -156440.2691  EHBOND  =         0.0000  RESTRAINT  =         0.0000
 ------------------------------------------------------------------------------


 NSTEP =     1950   TIME(PS) =       8.900  TEMP(K) =    87.37  PRESS =     0.0
 Etot   =   -130005.9831  EKtot   =      5943.4082  EPtot      =   -135949.3913
 BOND   =        75.4566  ANGLE   =       269.2650  DIHED      =       854.4393
 1-4 NB =       268.9051  1-4 EEL =     -3426.2867  VDWAALS    =     22566.3472
 EELEC  =   -156557.5178  EHBOND  =         0.0000  RESTRAINT  =         0.0000
 ------------------------------------------------------------------------------

check COM velocity, temp:        0.000004     0.00(Removed)

 NSTEP =     2000   TIME(PS) =       9.000  TEMP(K) =    87.76  PRESS =     0.0
 Etot   =   -129951.8887  EKtot   =      5970.4268  EPtot      =   -135922.3155
 BOND   =        70.3251  ANGLE   =       287.2798  DIHED      =       856.9557
 1-4 NB =       264.0294  1-4 EEL =     -3445.5395  VDWAALS    =     22490.7160
 EELEC  =   -156446.0821  EHBOND  =         0.0000  RESTRAINT  =         0.0000
 ------------------------------------------------------------------------------


 NSTEP =     2050   TIME(PS) =       9.100  TEMP(K) =    88.28  PRESS =     0.0
 Etot   =   -129897.7031  EKtot   =      6005.4795  EPtot      =   -135903.1826
 BOND   =        77.3006  ANGLE   =       282.1504  DIHED      =       860.1654
 1-4 NB =       263.2535  1-4 EEL =     -3445.2820  VDWAALS    =     22512.3530
 EELEC  =   -156453.1235  EHBOND  =         0.0000  RESTRAINT  =         0.0000
 ------------------------------------------------------------------------------


 NSTEP =     2100   TIME(PS) =       9.200  TEMP(K) =    89.44  PRESS =     0.0
 Etot   =   -129848.0576  EKtot   =      6084.6904  EPtot      =   -135932.7481
 BOND   =        76.9153  ANGLE   =       288.7938  DIHED      =       856.7615
 1-4 NB =       263.1564  1-4 EEL =     -3457.2626  VDWAALS    =     22429.1213
 EELEC  =   -156390.2339  EHBOND  =         0.0000  RESTRAINT  =         0.0000
 ------------------------------------------------------------------------------


 NSTEP =     2150   TIME(PS) =       9.300  TEMP(K) =    88.89  PRESS =     0.0
 Etot   =   -129800.2747  EKtot   =      6046.8604  EPtot      =   -135847.1350
 BOND   =        70.8734  ANGLE   =       280.0992  DIHED      =       846.7587
 1-4 NB =       269.6704  1-4 EEL =     -3435.9853  VDWAALS    =     22364.4116
 EELEC  =   -156242.9630  EHBOND  =         0.0000  RESTRAINT  =         0.0000
 ------------------------------------------------------------------------------


 NSTEP =     2200   TIME(PS) =       9.400  TEMP(K) =    89.66  PRESS =     0.0
 Etot   =   -129752.8007  EKtot   =      6099.3843  EPtot      =   -135852.1850
 BOND   =        71.5228  ANGLE   =       276.4043  DIHED      =       849.6284
 1-4 NB =       265.7160  1-4 EEL =     -3415.5757  VDWAALS    =     22397.2984
 EELEC  =   -156297.1791  EHBOND  =         0.0000  RESTRAINT  =         0.0000
 ------------------------------------------------------------------------------


 NSTEP =     2250   TIME(PS) =       9.500  TEMP(K) =    90.14  PRESS =     0.0
 Etot   =   -129707.7760  EKtot   =      6131.8022  EPtot      =   -135839.5782
 BOND   =        71.2792  ANGLE   =       283.2019  DIHED      =       857.4885
 1-4 NB =       260.6846  1-4 EEL =     -3421.4018  VDWAALS    =     22483.5250
 EELEC  =   -156374.3556  EHBOND  =         0.0000  RESTRAINT  =         0.0000
 ------------------------------------------------------------------------------


 NSTEP =     2300   TIME(PS) =       9.600  TEMP(K) =    90.84  PRESS =     0.0
 Etot   =   -129664.1595  EKtot   =      6179.4092  EPtot      =   -135843.5687
 BOND   =        77.7188  ANGLE   =       281.7199  DIHED      =       862.2304
 1-4 NB =       260.8033  1-4 EEL =     -3431.9123  VDWAALS    =     22340.0701
 EELEC  =   -156234.1988  EHBOND  =         0.0000  RESTRAINT  =         0.0000
 ------------------------------------------------------------------------------


 NSTEP =     2350   TIME(PS) =       9.700  TEMP(K) =    90.75  PRESS =     0.0
 Etot   =   -129621.5288  EKtot   =      6173.5151  EPtot      =   -135795.0439
 BOND   =        72.7034  ANGLE   =       279.3355  DIHED      =       859.8033
 1-4 NB =       268.8171  1-4 EEL =     -3425.3340  VDWAALS    =     22221.8212
 EELEC  =   -156072.1905  EHBOND  =         0.0000  RESTRAINT  =         0.0000
 ------------------------------------------------------------------------------


 NSTEP =     2400   TIME(PS) =       9.800  TEMP(K) =    91.29  PRESS =     0.0
 Etot   =   -129580.2079  EKtot   =      6210.1396  EPtot      =   -135790.3476
 BOND   =        81.9821  ANGLE   =       292.1758  DIHED      =       854.6486
 1-4 NB =       258.8653  1-4 EEL =     -3451.1191  VDWAALS    =     22210.7634
 EELEC  =   -156037.6636  EHBOND  =         0.0000  RESTRAINT  =         0.0000
 ------------------------------------------------------------------------------


 NSTEP =     2450   TIME(PS) =       9.900  TEMP(K) =    91.36  PRESS =     0.0
 Etot   =   -129542.9282  EKtot   =      6215.2412  EPtot      =   -135758.1694
 BOND   =        77.8073  ANGLE   =       283.4122  DIHED      =       859.7013
 1-4 NB =       266.5045  1-4 EEL =     -3438.5522  VDWAALS    =     22395.0057
 EELEC  =   -156202.0483  EHBOND  =         0.0000  RESTRAINT  =         0.0000
 ------------------------------------------------------------------------------


 NSTEP =     2500   TIME(PS) =      10.000  TEMP(K) =    92.38  PRESS =     0.0
 Etot   =   -129507.1409  EKtot   =      6284.2100  EPtot      =   -135791.3509
 BOND   =        76.0725  ANGLE   =       284.6317  DIHED      =       861.5540
 1-4 NB =       262.8859  1-4 EEL =     -3420.1729  VDWAALS    =     22319.6126
 EELEC  =   -156175.9346  EHBOND  =         0.0000  RESTRAINT  =         0.0000
 ------------------------------------------------------------------------------


      A V E R A G E S   O V E R      50 S T E P S


 NSTEP =     2500   TIME(PS) =      10.000  TEMP(K) =    76.33  PRESS =     0.0
 Etot   =   -131370.1487  EKtot   =      5192.8339  EPtot      =   -136562.9827
 BOND   =        69.0042  ANGLE   =       273.5147  DIHED      =       848.9085
 1-4 NB =       263.5574  1-4 EEL =     -3436.8905  VDWAALS    =     22600.1618
 EELEC  =   -157181.2388  EHBOND  =         0.0000  RESTRAINT  =         0.0000
 ------------------------------------------------------------------------------


      R M S  F L U C T U A T I O N S


 NSTEP =     2500   TIME(PS) =      10.000  TEMP(K) =    12.33  PRESS =     0.0
 Etot   =      1504.0124  EKtot   =       838.4396  EPtot      =       666.6780
 BOND   =         5.5064  ANGLE   =         8.7404  DIHED      =         7.3267
 1-4 NB =         2.6981  1-4 EEL =         9.6653  VDWAALS    =       183.0592
 EELEC  =       805.0798  EHBOND  =         0.0000  RESTRAINT  =         0.0000
 ------------------------------------------------------------------------------

--------------------------------------------------------------------------------
   5.  TIMINGS
--------------------------------------------------------------------------------

|  NonSetup CPU Time in Major Routines:
|
|     Routine           Sec        %
|     ------------------------------
|     Nonbond           0.74   10.24
|     Bond              0.00    0.00
|     Angle             0.00    0.00
|     Dihedral          0.00    0.00
|     Shake             0.02    0.34
|     RunMD             6.49   89.36
|     Other             0.00    0.06
|     ------------------------------
|     Total             7.27

|  PME Nonbond Pairlist CPU Time:
|
|     Routine              Sec        %
|     ---------------------------------
|     Set Up Cit           0.00    0.00
|     Build List           0.00    0.00
|     ---------------------------------
|     Total                0.00    0.00

|  PME Direct Force CPU Time:
|
|     Routine              Sec        %
|     ---------------------------------
|     NonBonded Calc       0.00    0.00
|     Exclude Masked       0.00    0.00
|     Other                0.00    0.04
|     ---------------------------------
|     Total                0.00    0.04

|  PME Reciprocal Force CPU Time:
|
|     Routine              Sec        %
|     ---------------------------------
|     1D bspline           0.00    0.00
|     Grid Charges         0.00    0.00
|     Scalar Sum           0.00    0.00
|     Gradient Sum         0.00    0.00
|     FFT                  0.00    0.00
|     ---------------------------------
|     Total                0.00    0.00

|  Final Performance Info:
|     -----------------------------------------------------
|     Average timings for last    2450 steps:
|     Elapsed(s) =       7.12 Per Step(ms) =       2.91
|         ns/day =      59.45   seconds/ns =    1453.30
|
|     Average timings for all steps:
|     Elapsed(s) =       7.27 Per Step(ms) =       2.91
|         ns/day =      59.45   seconds/ns =    1453.23
|     -----------------------------------------------------

|  Setup CPU time:            0.81 seconds
|  NonSetup CPU time:         7.27 seconds
|  Total CPU time:            8.07 seconds     0.00 hours

|  Setup wall time:           1    seconds
|  NonSetup wall time:        7    seconds
|  Total wall time:           8    seconds     0.00 hours
