
          -------------------------------------------------------
          Amber 16 PMEMD                              2016
          -------------------------------------------------------

| PMEMD implementation of SANDER, Release 16

| Run on 12/13/2020 at 20:40:54

|   Executable path: pmemd.cuda
| Working directory: /home/kyq/T7RNADNA/4/nDG4
|          Hostname: gpu01

  [-O]verwriting output

File Assignments:
|   MDIN: heat2.in                                                              
|  MDOUT: cmp_heat2.out                                                         
| INPCRD: cmp_heat1.rst                                                         
|   PARM: cmp.prmtop                                                            
| RESTRT: cmp_heat2.rst                                                         
|   REFC: cmp.inpcrd                                                            
|  MDVEL: mdvel                                                                 
|   MDEN: mden                                                                  
|  MDCRD: cmp_heat2.mdcrd                                                       
| MDINFO: mdinfo                                                                
|  MDFRC: mdfrc                                                                 

 
 Here is the input file:
 
Stage 1 heating 1 5ps 0-100K                                                   
 &cntrl                                                                        
  imin=0, irest=1,ntx=5,                                                       
  nstlim=2500, dt=0.002,                                                       
  ntc=2, ntf=2,                                                                
  ntt=1, tautp=1.5,                                                            
  tempi=50.0, temp0=100.0,                                                     
  ntpr=50, ntwx=50,                                                            
  ntb=1,                                                                       
  cut=10,                                                                      
  /                                                                            


Note: ig = -1. Setting random seed to   799691 based on wallclock time in 
      microseconds.
 
|--------------------- INFORMATION ----------------------
| GPU (CUDA) Version of PMEMD in use: NVIDIA GPU IN USE.
|                    Version 16.0.0
| 
|                      02/25/2016
| 
| Implementation by:
|                    Ross C. Walker     (SDSC)
|                    Scott Le Grand     (nVIDIA)
| 
| Precision model in use:
|      [SPFP] - Single Precision Forces, 64-bit Fixed Point
|               Accumulation. (Default)
| 
|--------------------------------------------------------
 
|----------------- CITATION INFORMATION -----------------
|
|    When publishing work that utilized the CUDA version
|    of AMBER, please cite the following in addition to
|    the regular AMBER citations:
|
|  - Romelia Salomon-Ferrer; Andreas W. Goetz; Duncan
|    Poole; Scott Le Grand; Ross C. Walker "Routine
|    microsecond molecular dynamics simulations with
|    AMBER - Part II: Particle Mesh Ewald", J. Chem.
|    Theory Comput., 2013, 9 (9), pp3878-3888,
|    DOI: 10.1021/ct400314y.
|
|  - Andreas W. Goetz; Mark J. Williamson; Dong Xu;
|    Duncan Poole; Scott Le Grand; Ross C. Walker
|    "Routine microsecond molecular dynamics simulations
|    with AMBER - Part I: Generalized Born", J. Chem.
|    Theory Comput., 2012, 8 (5), pp1542-1555.
|
|  - Scott Le Grand; Andreas W. Goetz; Ross C. Walker
|    "SPFP: Speed without compromise - a mixed precision
|    model for GPU accelerated molecular dynamics
|    simulations.", Comp. Phys. Comm., 2013, 184
|    pp374-380, DOI: 10.1016/j.cpc.2012.09.022
|
|--------------------------------------------------------
 
|------------------- GPU DEVICE INFO --------------------
|
|            CUDA_VISIBLE_DEVICES: 0
|   CUDA Capable Devices Detected:      1
|           CUDA Device ID in use:      0
|                CUDA Device Name: Tesla P100-PCIE-16GB
|     CUDA Device Global Mem Size:  16276 MB
| CUDA Device Num Multiprocessors:     56
|           CUDA Device Core Freq:   1.33 GHz
|
|--------------------------------------------------------
 
 
| Conditional Compilation Defines Used:
| PUBFFT
| BINTRAJ
| CUDA
| EMIL
 
| Largest sphere to fit in unit cell has radius =    32.448

| New format PARM file being parsed.
| Version =    1.000 Date = 12/13/20 Time = 20:39:12

| Note: 1-4 EEL scale factors are being read from the topology file.

| Note: 1-4 VDW scale factors are being read from the topology file.
| Duplicated    0 dihedrals

| Duplicated    0 dihedrals

--------------------------------------------------------------------------------
   1.  RESOURCE   USE: 
--------------------------------------------------------------------------------

 getting box info from netcdf restart file
 NATOM  =   34048 NTYPES =      18 NBONH =   33309 MBONA  =     790
 NTHETH =     882 MTHETA =    1223 NPHIH =    1873 MPHIA  =    2451
 NHPARM =       0 NPARM  =       0 NNB   =   49994 NRES   =   11042
 NBONA  =     790 NTHETA =    1223 NPHIA =    2451 NUMBND =      73
 NUMANG =     152 NPTRA  =      87 NATYP =      37 NPHB   =       1
 IFBOX  =       2 NMXRS  =      34 IFCAP =       0 NEXTRA =       0
 NCOPY  =       0

| Coordinate Index Table dimensions:    12   12   12
| Direct force subcell size =     6.6234    6.6234    6.6234

     BOX TYPE: TRUNCATED OCTAHEDRON

--------------------------------------------------------------------------------
   2.  CONTROL  DATA  FOR  THE  RUN
--------------------------------------------------------------------------------

default_name                                                                    

General flags:
     imin    =       0, nmropt  =       0

Nature and format of input:
     ntx     =       5, irest   =       1, ntrx    =       1

Nature and format of output:
     ntxo    =       2, ntpr    =      50, ntrx    =       1, ntwr    =    2500
     iwrap   =       0, ntwx    =      50, ntwv    =       0, ntwe    =       0
     ioutfm  =       1, ntwprt  =       0, idecomp =       0, rbornstat=      0

Potential function:
     ntf     =       2, ntb     =       1, igb     =       0, nsnb    =      25
     ipol    =       0, gbsa    =       0, iesp    =       0
     dielc   =   1.00000, cut     =  10.00000, intdiel =   1.00000

Frozen or restrained atoms:
     ibelly  =       0, ntr     =       0

Molecular dynamics:
     nstlim  =      2500, nscm    =      1000, nrespa  =         1
     t       =   0.00000, dt      =   0.00200, vlimit  =  -1.00000

Berendsen (weak-coupling) temperature regulation:
     temp0   = 100.00000, tempi   =  50.00000, tautp   =   1.50000

SHAKE:
     ntc     =       2, jfastw  =       0
     tol     =   0.00001

| Intermolecular bonds treatment:
|     no_intermolecular_bonds =       1

| Energy averages sample interval:
|     ene_avg_sampling =      50

Ewald parameters:
     verbose =       0, ew_type =       0, nbflag  =       1, use_pme =       1
     vdwmeth =       1, eedmeth =       1, netfrc  =       1
     Box X =   79.481   Box Y =   79.481   Box Z =   79.481
     Alpha =  109.471   Beta  =  109.471   Gamma =  109.471
     NFFT1 =   80       NFFT2 =   80       NFFT3 =   80
     Cutoff=   10.000   Tol   =0.100E-04
     Ewald Coefficient =  0.27511
     Interpolation order =    4

--------------------------------------------------------------------------------
   3.  ATOMIC COORDINATES AND VELOCITIES
--------------------------------------------------------------------------------

default_name                                                                    
 begin time read from input coords =     5.000 ps

 
 Number of triangulated 3-point waters found:    10976

     Sum of charges from parm topology file =   0.00000010
     Forcing neutrality...

| Dynamic Memory, Types Used:
| Reals              996690
| Integers           825952

| Nonbonded Pairs Initial Allocation:    10298668

| GPU memory information (estimate):
| KB of GPU memory in use:    165798
| KB of CPU memory in use:     54666

--------------------------------------------------------------------------------
   4.  RESULTS
--------------------------------------------------------------------------------

 ---------------------------------------------------
 APPROXIMATING switch and d/dx switch using CUBIC SPLINE INTERPOLATION
 using   5000.0 points per unit in tabled values
 TESTING RELATIVE ERROR over r ranging from 0.0 to cutoff
| CHECK switch(x): max rel err =   0.3316E-14   at   2.351880
| CHECK d/dx switch(x): max rel err =   0.8066E-11   at   2.747240
 ---------------------------------------------------
|---------------------------------------------------
| APPROXIMATING direct energy using CUBIC SPLINE INTERPOLATION
|  with   50.0 points per unit in tabled values
| Relative Error Limit not exceeded for r .gt.   2.34
| APPROXIMATING direct force using CUBIC SPLINE INTERPOLATION
|  with   50.0 points per unit in tabled values
| Relative Error Limit not exceeded for r .gt.   2.81
|---------------------------------------------------

 NSTEP =       50   TIME(PS) =       5.100  TEMP(K) =    50.20  PRESS =     0.0
 Etot   =   -135962.0706  EKtot   =      3433.4580  EPtot      =   -139395.5287
 BOND   =        64.3502  ANGLE   =       189.0412  DIHED      =       850.7999
 1-4 NB =       272.5238  1-4 EEL =     -4481.7114  VDWAALS    =     23196.6198
 EELEC  =   -159487.1522  EHBOND  =         0.0000  RESTRAINT  =         0.0000
 ------------------------------------------------------------------------------


 NSTEP =      100   TIME(PS) =       5.200  TEMP(K) =    51.70  PRESS =     0.0
 Etot   =   -135739.4396  EKtot   =      3535.4829  EPtot      =   -139274.9225
 BOND   =        62.6188  ANGLE   =       190.5082  DIHED      =       848.9428
 1-4 NB =       274.8814  1-4 EEL =     -4474.3845  VDWAALS    =     23190.5208
 EELEC  =   -159368.0099  EHBOND  =         0.0000  RESTRAINT  =         0.0000
 ------------------------------------------------------------------------------


 NSTEP =      150   TIME(PS) =       5.300  TEMP(K) =    53.22  PRESS =     0.0
 Etot   =   -135523.0371  EKtot   =      3640.0920  EPtot      =   -139163.1291
 BOND   =        63.3464  ANGLE   =       194.6732  DIHED      =       848.0607
 1-4 NB =       275.0044  1-4 EEL =     -4469.2526  VDWAALS    =     23231.8994
 EELEC  =   -159306.8606  EHBOND  =         0.0000  RESTRAINT  =         0.0000
 ------------------------------------------------------------------------------


 NSTEP =      200   TIME(PS) =       5.400  TEMP(K) =    54.61  PRESS =     0.0
 Etot   =   -135313.0006  EKtot   =      3734.6230  EPtot      =   -139047.6237
 BOND   =        65.0748  ANGLE   =       197.2611  DIHED      =       852.4311
 1-4 NB =       273.2168  1-4 EEL =     -4476.5823  VDWAALS    =     23305.8782
 EELEC  =   -159264.9034  EHBOND  =         0.0000  RESTRAINT  =         0.0000
 ------------------------------------------------------------------------------


 NSTEP =      250   TIME(PS) =       5.500  TEMP(K) =    56.13  PRESS =     0.0
 Etot   =   -135111.1652  EKtot   =      3839.0532  EPtot      =   -138950.2184
 BOND   =        64.0557  ANGLE   =       204.0531  DIHED      =       850.0822
 1-4 NB =       278.5397  1-4 EEL =     -4475.5807  VDWAALS    =     23331.9636
 EELEC  =   -159203.3320  EHBOND  =         0.0000  RESTRAINT  =         0.0000
 ------------------------------------------------------------------------------


 NSTEP =      300   TIME(PS) =       5.600  TEMP(K) =    57.91  PRESS =     0.0
 Etot   =   -134917.1892  EKtot   =      3960.6235  EPtot      =   -138877.8127
 BOND   =        65.5648  ANGLE   =       197.0045  DIHED      =       854.5922
 1-4 NB =       272.3058  1-4 EEL =     -4473.4183  VDWAALS    =     23210.5640
 EELEC  =   -159004.4256  EHBOND  =         0.0000  RESTRAINT  =         0.0000
 ------------------------------------------------------------------------------


 NSTEP =      350   TIME(PS) =       5.700  TEMP(K) =    59.11  PRESS =     0.0
 Etot   =   -134727.5493  EKtot   =      4042.7334  EPtot      =   -138770.2827
 BOND   =        65.6480  ANGLE   =       199.5713  DIHED      =       854.4700
 1-4 NB =       276.5144  1-4 EEL =     -4481.1217  VDWAALS    =     23015.8909
 EELEC  =   -158701.2557  EHBOND  =         0.0000  RESTRAINT  =         0.0000
 ------------------------------------------------------------------------------


 NSTEP =      400   TIME(PS) =       5.800  TEMP(K) =    60.46  PRESS =     0.0
 Etot   =   -134545.4476  EKtot   =      4135.2188  EPtot      =   -138680.6664
 BOND   =        66.9677  ANGLE   =       203.6690  DIHED      =       847.6613
 1-4 NB =       276.7188  1-4 EEL =     -4475.5024  VDWAALS    =     23094.4325
 EELEC  =   -158694.6133  EHBOND  =         0.0000  RESTRAINT  =         0.0000
 ------------------------------------------------------------------------------


 NSTEP =      450   TIME(PS) =       5.900  TEMP(K) =    62.38  PRESS =     0.0
 Etot   =   -134370.5435  EKtot   =      4266.1997  EPtot      =   -138636.7432
 BOND   =        70.6932  ANGLE   =       203.6020  DIHED      =       853.0862
 1-4 NB =       273.4957  1-4 EEL =     -4486.3323  VDWAALS    =     23063.9708
 EELEC  =   -158615.2589  EHBOND  =         0.0000  RESTRAINT  =         0.0000
 ------------------------------------------------------------------------------


 NSTEP =      500   TIME(PS) =       6.000  TEMP(K) =    63.16  PRESS =     0.0
 Etot   =   -134199.3093  EKtot   =      4319.4053  EPtot      =   -138518.7146
 BOND   =        64.4690  ANGLE   =       202.2210  DIHED      =       851.5776
 1-4 NB =       274.0790  1-4 EEL =     -4467.8358  VDWAALS    =     23090.2815
 EELEC  =   -158533.5070  EHBOND  =         0.0000  RESTRAINT  =         0.0000
 ------------------------------------------------------------------------------


 NSTEP =      550   TIME(PS) =       6.100  TEMP(K) =    64.52  PRESS =     0.0
 Etot   =   -134034.8563  EKtot   =      4412.7612  EPtot      =   -138447.6176
 BOND   =        64.9590  ANGLE   =       209.6673  DIHED      =       851.2600
 1-4 NB =       275.1939  1-4 EEL =     -4465.4649  VDWAALS    =     22868.2118
 EELEC  =   -158251.4446  EHBOND  =         0.0000  RESTRAINT  =         0.0000
 ------------------------------------------------------------------------------


 NSTEP =      600   TIME(PS) =       6.200  TEMP(K) =    65.73  PRESS =     0.0
 Etot   =   -133876.1960  EKtot   =      4495.1865  EPtot      =   -138371.3825
 BOND   =        62.6584  ANGLE   =       207.6346  DIHED      =       851.8612
 1-4 NB =       273.3571  1-4 EEL =     -4457.0148  VDWAALS    =     22814.6695
 EELEC  =   -158124.5485  EHBOND  =         0.0000  RESTRAINT  =         0.0000
 ------------------------------------------------------------------------------


 NSTEP =      650   TIME(PS) =       6.300  TEMP(K) =    67.40  PRESS =     0.0
 Etot   =   -133725.1344  EKtot   =      4609.5078  EPtot      =   -138334.6422
 BOND   =        65.8031  ANGLE   =       209.5374  DIHED      =       854.7934
 1-4 NB =       275.7870  1-4 EEL =     -4469.7956  VDWAALS    =     23050.9105
 EELEC  =   -158321.6781  EHBOND  =         0.0000  RESTRAINT  =         0.0000
 ------------------------------------------------------------------------------


 NSTEP =      700   TIME(PS) =       6.400  TEMP(K) =    67.97  PRESS =     0.0
 Etot   =   -133576.9893  EKtot   =      4648.2891  EPtot      =   -138225.2783
 BOND   =        68.0006  ANGLE   =       196.5674  DIHED      =       860.9754
 1-4 NB =       277.7586  1-4 EEL =     -4463.6101  VDWAALS    =     23027.8822
 EELEC  =   -158192.8525  EHBOND  =         0.0000  RESTRAINT  =         0.0000
 ------------------------------------------------------------------------------


 NSTEP =      750   TIME(PS) =       6.500  TEMP(K) =    69.46  PRESS =     0.0
 Etot   =   -133437.4967  EKtot   =      4750.7002  EPtot      =   -138188.1969
 BOND   =        67.5584  ANGLE   =       206.0593  DIHED      =       855.3558
 1-4 NB =       276.3597  1-4 EEL =     -4458.9260  VDWAALS    =     23154.3653
 EELEC  =   -158288.9694  EHBOND  =         0.0000  RESTRAINT  =         0.0000
 ------------------------------------------------------------------------------


 NSTEP =      800   TIME(PS) =       6.600  TEMP(K) =    70.64  PRESS =     0.0
 Etot   =   -133300.1609  EKtot   =      4831.2178  EPtot      =   -138131.3786
 BOND   =        67.7895  ANGLE   =       204.6830  DIHED      =       852.4801
 1-4 NB =       279.1255  1-4 EEL =     -4465.2478  VDWAALS    =     22941.6946
 EELEC  =   -158011.9036  EHBOND  =         0.0000  RESTRAINT  =         0.0000
 ------------------------------------------------------------------------------


 NSTEP =      850   TIME(PS) =       6.700  TEMP(K) =    71.73  PRESS =     0.0
 Etot   =   -133171.4222  EKtot   =      4905.4551  EPtot      =   -138076.8773
 BOND   =        65.8673  ANGLE   =       200.6678  DIHED      =       851.8427
 1-4 NB =       275.8035  1-4 EEL =     -4466.2262  VDWAALS    =     22970.3840
 EELEC  =   -157975.2165  EHBOND  =         0.0000  RESTRAINT  =         0.0000
 ------------------------------------------------------------------------------


 NSTEP =      900   TIME(PS) =       6.800  TEMP(K) =    72.47  PRESS =     0.0
 Etot   =   -133045.4059  EKtot   =      4956.6245  EPtot      =   -138002.0304
 BOND   =        69.2049  ANGLE   =       200.7542  DIHED      =       849.8388
 1-4 NB =       272.7007  1-4 EEL =     -4458.0640  VDWAALS    =     22946.5670
 EELEC  =   -157883.0320  EHBOND  =         0.0000  RESTRAINT  =         0.0000
 ------------------------------------------------------------------------------


 NSTEP =      950   TIME(PS) =       6.900  TEMP(K) =    73.56  PRESS =     0.0
 Etot   =   -132922.3760  EKtot   =      5031.1870  EPtot      =   -137953.5630
 BOND   =        70.2313  ANGLE   =       215.3914  DIHED      =       857.6024
 1-4 NB =       277.4537  1-4 EEL =     -4466.2417  VDWAALS    =     23027.8203
 EELEC  =   -157935.8204  EHBOND  =         0.0000  RESTRAINT  =         0.0000
 ------------------------------------------------------------------------------

check COM velocity, temp:        0.000063     0.00(Removed)

 NSTEP =     1000   TIME(PS) =       7.000  TEMP(K) =    74.67  PRESS =     0.0
 Etot   =   -132805.0450  EKtot   =      5106.5933  EPtot      =   -137911.6383
 BOND   =        72.1500  ANGLE   =       210.2390  DIHED      =       861.1739
 1-4 NB =       275.4463  1-4 EEL =     -4476.2992  VDWAALS    =     22889.5246
 EELEC  =   -157743.8729  EHBOND  =         0.0000  RESTRAINT  =         0.0000
 ------------------------------------------------------------------------------


 NSTEP =     1050   TIME(PS) =       7.100  TEMP(K) =    75.59  PRESS =     0.0
 Etot   =   -132690.0814  EKtot   =      5169.7300  EPtot      =   -137859.8113
 BOND   =        74.2103  ANGLE   =       213.5146  DIHED      =       853.3970
 1-4 NB =       271.7438  1-4 EEL =     -4483.9629  VDWAALS    =     22982.4905
 EELEC  =   -157771.2047  EHBOND  =         0.0000  RESTRAINT  =         0.0000
 ------------------------------------------------------------------------------


 NSTEP =     1100   TIME(PS) =       7.200  TEMP(K) =    76.79  PRESS =     0.0
 Etot   =   -132581.3688  EKtot   =      5251.8540  EPtot      =   -137833.2228
 BOND   =        71.3851  ANGLE   =       219.0147  DIHED      =       852.2608
 1-4 NB =       275.2893  1-4 EEL =     -4478.8588  VDWAALS    =     23000.8669
 EELEC  =   -157773.1808  EHBOND  =         0.0000  RESTRAINT  =         0.0000
 ------------------------------------------------------------------------------


 NSTEP =     1150   TIME(PS) =       7.300  TEMP(K) =    77.51  PRESS =     0.0
 Etot   =   -132476.8080  EKtot   =      5301.2881  EPtot      =   -137778.0961
 BOND   =        73.8380  ANGLE   =       204.9192  DIHED      =       855.4493
 1-4 NB =       280.3455  1-4 EEL =     -4480.4309  VDWAALS    =     22739.2893
 EELEC  =   -157451.5065  EHBOND  =         0.0000  RESTRAINT  =         0.0000
 ------------------------------------------------------------------------------


 NSTEP =     1200   TIME(PS) =       7.400  TEMP(K) =    78.47  PRESS =     0.0
 Etot   =   -132376.9356  EKtot   =      5366.3159  EPtot      =   -137743.2515
 BOND   =        74.3223  ANGLE   =       217.7748  DIHED      =       851.9624
 1-4 NB =       273.4214  1-4 EEL =     -4494.7902  VDWAALS    =     22869.9497
 EELEC  =   -157535.8919  EHBOND  =         0.0000  RESTRAINT  =         0.0000
 ------------------------------------------------------------------------------


 NSTEP =     1250   TIME(PS) =       7.500  TEMP(K) =    79.19  PRESS =     0.0
 Etot   =   -132279.1898  EKtot   =      5415.6797  EPtot      =   -137694.8695
 BOND   =        74.3874  ANGLE   =       215.1187  DIHED      =       855.1369
 1-4 NB =       272.0863  1-4 EEL =     -4480.3316  VDWAALS    =     22653.0448
 EELEC  =   -157284.3120  EHBOND  =         0.0000  RESTRAINT  =         0.0000
 ------------------------------------------------------------------------------


 NSTEP =     1300   TIME(PS) =       7.600  TEMP(K) =    79.49  PRESS =     0.0
 Etot   =   -132186.4562  EKtot   =      5436.4736  EPtot      =   -137622.9299
 BOND   =        72.1128  ANGLE   =       213.6859  DIHED      =       852.1118
 1-4 NB =       275.6986  1-4 EEL =     -4475.8291  VDWAALS    =     22799.3266
 EELEC  =   -157360.0365  EHBOND  =         0.0000  RESTRAINT  =         0.0000
 ------------------------------------------------------------------------------


 NSTEP =     1350   TIME(PS) =       7.700  TEMP(K) =    80.77  PRESS =     0.0
 Etot   =   -132098.1091  EKtot   =      5523.7168  EPtot      =   -137621.8259
 BOND   =        71.4117  ANGLE   =       212.7917  DIHED      =       853.4503
 1-4 NB =       273.2125  1-4 EEL =     -4479.0451  VDWAALS    =     22735.5302
 EELEC  =   -157289.1772  EHBOND  =         0.0000  RESTRAINT  =         0.0000
 ------------------------------------------------------------------------------


 NSTEP =     1400   TIME(PS) =       7.800  TEMP(K) =    81.29  PRESS =     0.0
 Etot   =   -132012.5830  EKtot   =      5559.3770  EPtot      =   -137571.9599
 BOND   =        75.8359  ANGLE   =       216.5655  DIHED      =       847.8651
 1-4 NB =       276.7886  1-4 EEL =     -4469.3169  VDWAALS    =     22673.3025
 EELEC  =   -157193.0007  EHBOND  =         0.0000  RESTRAINT  =         0.0000
 ------------------------------------------------------------------------------


 NSTEP =     1450   TIME(PS) =       7.900  TEMP(K) =    82.04  PRESS =     0.0
 Etot   =   -131928.7879  EKtot   =      5611.0400  EPtot      =   -137539.8279
 BOND   =        70.9522  ANGLE   =       222.7243  DIHED      =       857.5270
 1-4 NB =       274.7484  1-4 EEL =     -4475.2529  VDWAALS    =     22757.5551
 EELEC  =   -157248.0821  EHBOND  =         0.0000  RESTRAINT  =         0.0000
 ------------------------------------------------------------------------------


 NSTEP =     1500   TIME(PS) =       8.000  TEMP(K) =    82.81  PRESS =     0.0
 Etot   =   -131848.7285  EKtot   =      5663.1621  EPtot      =   -137511.8906
 BOND   =        70.5530  ANGLE   =       222.8430  DIHED      =       856.1088
 1-4 NB =       276.0481  1-4 EEL =     -4488.2915  VDWAALS    =     22751.0449
 EELEC  =   -157200.1968  EHBOND  =         0.0000  RESTRAINT  =         0.0000
 ------------------------------------------------------------------------------


 NSTEP =     1550   TIME(PS) =       8.100  TEMP(K) =    83.23  PRESS =     0.0
 Etot   =   -131772.1590  EKtot   =      5692.0835  EPtot      =   -137464.2425
 BOND   =        74.9091  ANGLE   =       221.0903  DIHED      =       858.4588
 1-4 NB =       266.5100  1-4 EEL =     -4478.8255  VDWAALS    =     22788.1038
 EELEC  =   -157194.4890  EHBOND  =         0.0000  RESTRAINT  =         0.0000
 ------------------------------------------------------------------------------


 NSTEP =     1600   TIME(PS) =       8.200  TEMP(K) =    83.70  PRESS =     0.0
 Etot   =   -131698.1249  EKtot   =      5724.1909  EPtot      =   -137422.3158
 BOND   =        71.1736  ANGLE   =       219.3131  DIHED      =       864.8297
 1-4 NB =       273.8654  1-4 EEL =     -4458.8126  VDWAALS    =     22848.0936
 EELEC  =   -157240.7786  EHBOND  =         0.0000  RESTRAINT  =         0.0000
 ------------------------------------------------------------------------------


 NSTEP =     1650   TIME(PS) =       8.300  TEMP(K) =    84.53  PRESS =     0.0
 Etot   =   -131627.0038  EKtot   =      5780.8032  EPtot      =   -137407.8070
 BOND   =        76.4374  ANGLE   =       225.6667  DIHED      =       856.2581
 1-4 NB =       280.1957  1-4 EEL =     -4474.6256  VDWAALS    =     22795.9474
 EELEC  =   -157167.6867  EHBOND  =         0.0000  RESTRAINT  =         0.0000
 ------------------------------------------------------------------------------


 NSTEP =     1700   TIME(PS) =       8.400  TEMP(K) =    84.86  PRESS =     0.0
 Etot   =   -131558.8321  EKtot   =      5803.3906  EPtot      =   -137362.2228
 BOND   =        76.1340  ANGLE   =       226.9445  DIHED      =       849.5844
 1-4 NB =       272.5389  1-4 EEL =     -4483.4018  VDWAALS    =     22721.4661
 EELEC  =   -157025.4888  EHBOND  =         0.0000  RESTRAINT  =         0.0000
 ------------------------------------------------------------------------------


 NSTEP =     1750   TIME(PS) =       8.500  TEMP(K) =    85.15  PRESS =     0.0
 Etot   =   -131491.0051  EKtot   =      5823.3525  EPtot      =   -137314.3577
 BOND   =        75.5090  ANGLE   =       224.8523  DIHED      =       852.5108
 1-4 NB =       278.8989  1-4 EEL =     -4478.8038  VDWAALS    =     22588.9091
 EELEC  =   -156856.2339  EHBOND  =         0.0000  RESTRAINT  =         0.0000
 ------------------------------------------------------------------------------


 NSTEP =     1800   TIME(PS) =       8.600  TEMP(K) =    86.41  PRESS =     0.0
 Etot   =   -131426.5521  EKtot   =      5909.6055  EPtot      =   -137336.1576
 BOND   =        81.3333  ANGLE   =       229.1493  DIHED      =       844.5541
 1-4 NB =       271.8491  1-4 EEL =     -4472.5163  VDWAALS    =     22588.5528
 EELEC  =   -156879.0799  EHBOND  =         0.0000  RESTRAINT  =         0.0000
 ------------------------------------------------------------------------------


 NSTEP =     1850   TIME(PS) =       8.700  TEMP(K) =    86.72  PRESS =     0.0
 Etot   =   -131366.7122  EKtot   =      5931.1982  EPtot      =   -137297.9104
 BOND   =        72.7223  ANGLE   =       226.7043  DIHED      =       849.9469
 1-4 NB =       277.8718  1-4 EEL =     -4477.5457  VDWAALS    =     22659.8463
 EELEC  =   -156907.4563  EHBOND  =         0.0000  RESTRAINT  =         0.0000
 ------------------------------------------------------------------------------


 NSTEP =     1900   TIME(PS) =       8.800  TEMP(K) =    87.35  PRESS =     0.0
 Etot   =   -131307.2006  EKtot   =      5974.0371  EPtot      =   -137281.2377
 BOND   =        70.4145  ANGLE   =       215.2823  DIHED      =       854.2470
 1-4 NB =       282.8154  1-4 EEL =     -4446.3056  VDWAALS    =     22575.1008
 EELEC  =   -156832.7919  EHBOND  =         0.0000  RESTRAINT  =         0.0000
 ------------------------------------------------------------------------------


 NSTEP =     1950   TIME(PS) =       8.900  TEMP(K) =    87.87  PRESS =     0.0
 Etot   =   -131251.0754  EKtot   =      6009.8467  EPtot      =   -137260.9220
 BOND   =        75.5062  ANGLE   =       215.8179  DIHED      =       853.0857
 1-4 NB =       273.2309  1-4 EEL =     -4454.6458  VDWAALS    =     22638.8416
 EELEC  =   -156862.7585  EHBOND  =         0.0000  RESTRAINT  =         0.0000
 ------------------------------------------------------------------------------

check COM velocity, temp:        0.000017     0.00(Removed)

 NSTEP =     2000   TIME(PS) =       9.000  TEMP(K) =    88.38  PRESS =     0.0
 Etot   =   -131197.1183  EKtot   =      6044.3433  EPtot      =   -137241.4615
 BOND   =        82.7251  ANGLE   =       227.1948  DIHED      =       850.5035
 1-4 NB =       275.7837  1-4 EEL =     -4486.7486  VDWAALS    =     22828.3747
 EELEC  =   -157019.2947  EHBOND  =         0.0000  RESTRAINT  =         0.0000
 ------------------------------------------------------------------------------


 NSTEP =     2050   TIME(PS) =       9.100  TEMP(K) =    88.74  PRESS =     0.0
 Etot   =   -131146.3620  EKtot   =      6069.0342  EPtot      =   -137215.3962
 BOND   =        82.7156  ANGLE   =       227.0643  DIHED      =       850.9508
 1-4 NB =       280.7610  1-4 EEL =     -4485.5253  VDWAALS    =     22605.9840
 EELEC  =   -156777.3465  EHBOND  =         0.0000  RESTRAINT  =         0.0000
 ------------------------------------------------------------------------------


 NSTEP =     2100   TIME(PS) =       9.200  TEMP(K) =    89.00  PRESS =     0.0
 Etot   =   -131095.3887  EKtot   =      6087.0215  EPtot      =   -137182.4101
 BOND   =        77.7637  ANGLE   =       215.6490  DIHED      =       856.5046
 1-4 NB =       278.1726  1-4 EEL =     -4467.9448  VDWAALS    =     22624.0102
 EELEC  =   -156766.5652  EHBOND  =         0.0000  RESTRAINT  =         0.0000
 ------------------------------------------------------------------------------


 NSTEP =     2150   TIME(PS) =       9.300  TEMP(K) =    89.73  PRESS =     0.0
 Etot   =   -131046.1352  EKtot   =      6136.5723  EPtot      =   -137182.7074
 BOND   =        82.4321  ANGLE   =       224.1029  DIHED      =       852.2313
 1-4 NB =       270.5044  1-4 EEL =     -4467.4782  VDWAALS    =     22528.1223
 EELEC  =   -156672.6223  EHBOND  =         0.0000  RESTRAINT  =         0.0000
 ------------------------------------------------------------------------------


 NSTEP =     2200   TIME(PS) =       9.400  TEMP(K) =    90.14  PRESS =     0.0
 Etot   =   -130998.2853  EKtot   =      6164.9082  EPtot      =   -137163.1935
 BOND   =        76.8731  ANGLE   =       232.1399  DIHED      =       846.6916
 1-4 NB =       279.8605  1-4 EEL =     -4469.3927  VDWAALS    =     22703.3434
 EELEC  =   -156832.7093  EHBOND  =         0.0000  RESTRAINT  =         0.0000
 ------------------------------------------------------------------------------


 NSTEP =     2250   TIME(PS) =       9.500  TEMP(K) =    90.49  PRESS =     0.0
 Etot   =   -130954.2999  EKtot   =      6188.8721  EPtot      =   -137143.1720
 BOND   =        81.9113  ANGLE   =       223.1589  DIHED      =       849.9304
 1-4 NB =       274.1413  1-4 EEL =     -4473.0836  VDWAALS    =     22620.3571
 EELEC  =   -156719.5873  EHBOND  =         0.0000  RESTRAINT  =         0.0000
 ------------------------------------------------------------------------------


 NSTEP =     2300   TIME(PS) =       9.600  TEMP(K) =    90.66  PRESS =     0.0
 Etot   =   -130913.8620  EKtot   =      6200.5562  EPtot      =   -137114.4181
 BOND   =        76.1474  ANGLE   =       230.3606  DIHED      =       856.7919
 1-4 NB =       277.1052  1-4 EEL =     -4465.6905  VDWAALS    =     22551.6810
 EELEC  =   -156640.8137  EHBOND  =         0.0000  RESTRAINT  =         0.0000
 ------------------------------------------------------------------------------


 NSTEP =     2350   TIME(PS) =       9.700  TEMP(K) =    91.22  PRESS =     0.0
 Etot   =   -130873.3098  EKtot   =      6238.3052  EPtot      =   -137111.6149
 BOND   =        80.7966  ANGLE   =       225.6261  DIHED      =       855.7474
 1-4 NB =       276.4788  1-4 EEL =     -4467.5512  VDWAALS    =     22582.1552
 EELEC  =   -156664.8678  EHBOND  =         0.0000  RESTRAINT  =         0.0000
 ------------------------------------------------------------------------------


 NSTEP =     2400   TIME(PS) =       9.800  TEMP(K) =    91.67  PRESS =     0.0
 Etot   =   -130834.9947  EKtot   =      6269.6436  EPtot      =   -137104.6382
 BOND   =        84.5552  ANGLE   =       236.3003  DIHED      =       851.1635
 1-4 NB =       267.0145  1-4 EEL =     -4485.1376  VDWAALS    =     22589.9432
 EELEC  =   -156648.4773  EHBOND  =         0.0000  RESTRAINT  =         0.0000
 ------------------------------------------------------------------------------


 NSTEP =     2450   TIME(PS) =       9.900  TEMP(K) =    92.17  PRESS =     0.0
 Etot   =   -130797.2072  EKtot   =      6303.4180  EPtot      =   -137100.6252
 BOND   =        79.4504  ANGLE   =       228.4448  DIHED      =       855.4456
 1-4 NB =       275.5980  1-4 EEL =     -4475.9496  VDWAALS    =     22745.0558
 EELEC  =   -156808.6702  EHBOND  =         0.0000  RESTRAINT  =         0.0000
 ------------------------------------------------------------------------------


 NSTEP =     2500   TIME(PS) =      10.000  TEMP(K) =    93.18  PRESS =     0.0
 Etot   =   -130762.3525  EKtot   =      6373.0244  EPtot      =   -137135.3769
 BOND   =        82.8987  ANGLE   =       219.3128  DIHED      =       854.7855
 1-4 NB =       284.7392  1-4 EEL =     -4470.4930  VDWAALS    =     22473.0171
 EELEC  =   -156579.6373  EHBOND  =         0.0000  RESTRAINT  =         0.0000
 ------------------------------------------------------------------------------


      A V E R A G E S   O V E R      50 S T E P S


 NSTEP =     2500   TIME(PS) =      10.000  TEMP(K) =    76.52  PRESS =     0.0
 Etot   =   -132618.0173  EKtot   =      5233.5451  EPtot      =   -137851.5624
 BOND   =        72.3686  ANGLE   =       213.9187  DIHED      =       853.1676
 1-4 NB =       275.4717  1-4 EEL =     -4473.1040  VDWAALS    =     22848.8671
 EELEC  =   -157642.2520  EHBOND  =         0.0000  RESTRAINT  =         0.0000
 ------------------------------------------------------------------------------


      R M S  F L U C T U A T I O N S


 NSTEP =     2500   TIME(PS) =      10.000  TEMP(K) =    12.36  PRESS =     0.0
 Etot   =      1504.6928  EKtot   =       845.3915  EPtot      =       660.4268
 BOND   =         6.1442  ANGLE   =        11.7142  DIHED      =         3.7841
 1-4 NB =         3.4196  1-4 EEL =         9.5162  VDWAALS    =       224.4084
 EELEC  =       851.9795  EHBOND  =         0.0000  RESTRAINT  =         0.0000
 ------------------------------------------------------------------------------

--------------------------------------------------------------------------------
   5.  TIMINGS
--------------------------------------------------------------------------------

|  NonSetup CPU Time in Major Routines:
|
|     Routine           Sec        %
|     ------------------------------
|     Nonbond           0.65    9.74
|     Bond              0.00    0.00
|     Angle             0.00    0.00
|     Dihedral          0.00    0.00
|     Shake             0.03    0.42
|     RunMD             5.94   89.73
|     Other             0.01    0.10
|     ------------------------------
|     Total             6.62

|  PME Nonbond Pairlist CPU Time:
|
|     Routine              Sec        %
|     ---------------------------------
|     Set Up Cit           0.00    0.00
|     Build List           0.00    0.00
|     ---------------------------------
|     Total                0.00    0.00

|  PME Direct Force CPU Time:
|
|     Routine              Sec        %
|     ---------------------------------
|     NonBonded Calc       0.00    0.00
|     Exclude Masked       0.00    0.00
|     Other                0.01    0.09
|     ---------------------------------
|     Total                0.01    0.09

|  PME Reciprocal Force CPU Time:
|
|     Routine              Sec        %
|     ---------------------------------
|     1D bspline           0.00    0.00
|     Grid Charges         0.00    0.00
|     Scalar Sum           0.00    0.00
|     Gradient Sum         0.00    0.00
|     FFT                  0.00    0.00
|     ---------------------------------
|     Total                0.00    0.00

|  Final Performance Info:
|     -----------------------------------------------------
|     Average timings for last    2450 steps:
|     Elapsed(s) =       6.48 Per Step(ms) =       2.65
|         ns/day =      65.30   seconds/ns =    1323.07
|
|     Average timings for all steps:
|     Elapsed(s) =       6.62 Per Step(ms) =       2.65
|         ns/day =      65.22   seconds/ns =    1324.69
|     -----------------------------------------------------

|  Setup CPU time:            0.73 seconds
|  NonSetup CPU time:         6.62 seconds
|  Total CPU time:            7.35 seconds     0.00 hours

|  Setup wall time:           1    seconds
|  NonSetup wall time:        6    seconds
|  Total wall time:           7    seconds     0.00 hours
