
          -------------------------------------------------------
          Amber 16 PMEMD                              2016
          -------------------------------------------------------

| PMEMD implementation of SANDER, Release 16

| Run on 12/13/2020 at 20:41:11

|   Executable path: pmemd.cuda
| Working directory: /home/kyq/T7RNADNA/4/nDG4
|          Hostname: gpu01

  [-O]verwriting output

File Assignments:
|   MDIN: heat4.in                                                              
|  MDOUT: cmp_heat4.out                                                         
| INPCRD: cmp_heat3.rst                                                         
|   PARM: cmp.prmtop                                                            
| RESTRT: cmp_heat4.rst                                                         
|   REFC: cmp.inpcrd                                                            
|  MDVEL: mdvel                                                                 
|   MDEN: mden                                                                  
|  MDCRD: cmp_heat4.mdcrd                                                       
| MDINFO: mdinfo                                                                
|  MDFRC: mdfrc                                                                 

 
 Here is the input file:
 
Stage 2 equilibration 1 0-5ns                                                  
 &cntrl                                                                        
  imin=0, irest=1, ntx=5,                                                      
  nstlim=2500, dt=0.002,                                                       
  ntc=2, ntf=2,                                                                
  ntt=1, tautp=1.5,                                                            
  tempi=150.0, temp0=200.0,                                                    
  ntpr=50, ntwx=50,                                                            
  ntb=1,                                                                       
  cut=10,                                                                      
 /                                                                             


Note: ig = -1. Setting random seed to   965880 based on wallclock time in 
      microseconds.
 
|--------------------- INFORMATION ----------------------
| GPU (CUDA) Version of PMEMD in use: NVIDIA GPU IN USE.
|                    Version 16.0.0
| 
|                      02/25/2016
| 
| Implementation by:
|                    Ross C. Walker     (SDSC)
|                    Scott Le Grand     (nVIDIA)
| 
| Precision model in use:
|      [SPFP] - Single Precision Forces, 64-bit Fixed Point
|               Accumulation. (Default)
| 
|--------------------------------------------------------
 
|----------------- CITATION INFORMATION -----------------
|
|    When publishing work that utilized the CUDA version
|    of AMBER, please cite the following in addition to
|    the regular AMBER citations:
|
|  - Romelia Salomon-Ferrer; Andreas W. Goetz; Duncan
|    Poole; Scott Le Grand; Ross C. Walker "Routine
|    microsecond molecular dynamics simulations with
|    AMBER - Part II: Particle Mesh Ewald", J. Chem.
|    Theory Comput., 2013, 9 (9), pp3878-3888,
|    DOI: 10.1021/ct400314y.
|
|  - Andreas W. Goetz; Mark J. Williamson; Dong Xu;
|    Duncan Poole; Scott Le Grand; Ross C. Walker
|    "Routine microsecond molecular dynamics simulations
|    with AMBER - Part I: Generalized Born", J. Chem.
|    Theory Comput., 2012, 8 (5), pp1542-1555.
|
|  - Scott Le Grand; Andreas W. Goetz; Ross C. Walker
|    "SPFP: Speed without compromise - a mixed precision
|    model for GPU accelerated molecular dynamics
|    simulations.", Comp. Phys. Comm., 2013, 184
|    pp374-380, DOI: 10.1016/j.cpc.2012.09.022
|
|--------------------------------------------------------
 
|------------------- GPU DEVICE INFO --------------------
|
|            CUDA_VISIBLE_DEVICES: 0
|   CUDA Capable Devices Detected:      1
|           CUDA Device ID in use:      0
|                CUDA Device Name: Tesla P100-PCIE-16GB
|     CUDA Device Global Mem Size:  16276 MB
| CUDA Device Num Multiprocessors:     56
|           CUDA Device Core Freq:   1.33 GHz
|
|--------------------------------------------------------
 
 
| Conditional Compilation Defines Used:
| PUBFFT
| BINTRAJ
| CUDA
| EMIL
 
| Largest sphere to fit in unit cell has radius =    32.448

| New format PARM file being parsed.
| Version =    1.000 Date = 12/13/20 Time = 20:39:12

| Note: 1-4 EEL scale factors are being read from the topology file.

| Note: 1-4 VDW scale factors are being read from the topology file.
| Duplicated    0 dihedrals

| Duplicated    0 dihedrals

--------------------------------------------------------------------------------
   1.  RESOURCE   USE: 
--------------------------------------------------------------------------------

 getting box info from netcdf restart file
 NATOM  =   34048 NTYPES =      18 NBONH =   33309 MBONA  =     790
 NTHETH =     882 MTHETA =    1223 NPHIH =    1873 MPHIA  =    2451
 NHPARM =       0 NPARM  =       0 NNB   =   49994 NRES   =   11042
 NBONA  =     790 NTHETA =    1223 NPHIA =    2451 NUMBND =      73
 NUMANG =     152 NPTRA  =      87 NATYP =      37 NPHB   =       1
 IFBOX  =       2 NMXRS  =      34 IFCAP =       0 NEXTRA =       0
 NCOPY  =       0

| Coordinate Index Table dimensions:    12   12   12
| Direct force subcell size =     6.6234    6.6234    6.6234

     BOX TYPE: TRUNCATED OCTAHEDRON

--------------------------------------------------------------------------------
   2.  CONTROL  DATA  FOR  THE  RUN
--------------------------------------------------------------------------------

default_name                                                                    

General flags:
     imin    =       0, nmropt  =       0

Nature and format of input:
     ntx     =       5, irest   =       1, ntrx    =       1

Nature and format of output:
     ntxo    =       2, ntpr    =      50, ntrx    =       1, ntwr    =    2500
     iwrap   =       0, ntwx    =      50, ntwv    =       0, ntwe    =       0
     ioutfm  =       1, ntwprt  =       0, idecomp =       0, rbornstat=      0

Potential function:
     ntf     =       2, ntb     =       1, igb     =       0, nsnb    =      25
     ipol    =       0, gbsa    =       0, iesp    =       0
     dielc   =   1.00000, cut     =  10.00000, intdiel =   1.00000

Frozen or restrained atoms:
     ibelly  =       0, ntr     =       0

Molecular dynamics:
     nstlim  =      2500, nscm    =      1000, nrespa  =         1
     t       =   0.00000, dt      =   0.00200, vlimit  =  -1.00000

Berendsen (weak-coupling) temperature regulation:
     temp0   = 200.00000, tempi   = 150.00000, tautp   =   1.50000

SHAKE:
     ntc     =       2, jfastw  =       0
     tol     =   0.00001

| Intermolecular bonds treatment:
|     no_intermolecular_bonds =       1

| Energy averages sample interval:
|     ene_avg_sampling =      50

Ewald parameters:
     verbose =       0, ew_type =       0, nbflag  =       1, use_pme =       1
     vdwmeth =       1, eedmeth =       1, netfrc  =       1
     Box X =   79.481   Box Y =   79.481   Box Z =   79.481
     Alpha =  109.471   Beta  =  109.471   Gamma =  109.471
     NFFT1 =   80       NFFT2 =   80       NFFT3 =   80
     Cutoff=   10.000   Tol   =0.100E-04
     Ewald Coefficient =  0.27511
     Interpolation order =    4

--------------------------------------------------------------------------------
   3.  ATOMIC COORDINATES AND VELOCITIES
--------------------------------------------------------------------------------

default_name                                                                    
 begin time read from input coords =    15.000 ps

 
 Number of triangulated 3-point waters found:    10976

     Sum of charges from parm topology file =   0.00000010
     Forcing neutrality...

| Dynamic Memory, Types Used:
| Reals              996690
| Integers           825952

| Nonbonded Pairs Initial Allocation:    10298668

| GPU memory information (estimate):
| KB of GPU memory in use:    165798
| KB of CPU memory in use:     54666

--------------------------------------------------------------------------------
   4.  RESULTS
--------------------------------------------------------------------------------

 ---------------------------------------------------
 APPROXIMATING switch and d/dx switch using CUBIC SPLINE INTERPOLATION
 using   5000.0 points per unit in tabled values
 TESTING RELATIVE ERROR over r ranging from 0.0 to cutoff
| CHECK switch(x): max rel err =   0.3316E-14   at   2.351880
| CHECK d/dx switch(x): max rel err =   0.8066E-11   at   2.747240
 ---------------------------------------------------
|---------------------------------------------------
| APPROXIMATING direct energy using CUBIC SPLINE INTERPOLATION
|  with   50.0 points per unit in tabled values
| Relative Error Limit not exceeded for r .gt.   2.34
| APPROXIMATING direct force using CUBIC SPLINE INTERPOLATION
|  with   50.0 points per unit in tabled values
| Relative Error Limit not exceeded for r .gt.   2.81
|---------------------------------------------------

 NSTEP =       50   TIME(PS) =      15.100  TEMP(K) =   140.89  PRESS =     0.0
 Etot   =   -124110.7658  EKtot   =      9635.8359  EPtot      =   -133746.6017
 BOND   =       108.0110  ANGLE   =       291.5662  DIHED      =       879.8322
 1-4 NB =       284.4731  1-4 EEL =     -4479.3309  VDWAALS    =     21882.1904
 EELEC  =   -152713.3436  EHBOND  =         0.0000  RESTRAINT  =         0.0000
 ------------------------------------------------------------------------------


 NSTEP =      100   TIME(PS) =      15.200  TEMP(K) =   142.71  PRESS =     0.0
 Etot   =   -123849.7092  EKtot   =      9760.0137  EPtot      =   -133609.7229
 BOND   =       110.5677  ANGLE   =       286.4777  DIHED      =       873.0930
 1-4 NB =       276.3594  1-4 EEL =     -4476.8497  VDWAALS    =     21751.4806
 EELEC  =   -152430.8516  EHBOND  =         0.0000  RESTRAINT  =         0.0000
 ------------------------------------------------------------------------------


 NSTEP =      150   TIME(PS) =      15.300  TEMP(K) =   144.56  PRESS =     0.0
 Etot   =   -123593.2384  EKtot   =      9886.5098  EPtot      =   -133479.7482
 BOND   =       103.0030  ANGLE   =       281.4584  DIHED      =       877.7123
 1-4 NB =       277.9359  1-4 EEL =     -4465.1651  VDWAALS    =     21562.9639
 EELEC  =   -152117.6566  EHBOND  =         0.0000  RESTRAINT  =         0.0000
 ------------------------------------------------------------------------------


 NSTEP =      200   TIME(PS) =      15.400  TEMP(K) =   146.17  PRESS =     0.0
 Etot   =   -123346.2747  EKtot   =      9996.5166  EPtot      =   -133342.7913
 BOND   =       110.6629  ANGLE   =       291.4066  DIHED      =       879.8384
 1-4 NB =       281.0540  1-4 EEL =     -4480.0163  VDWAALS    =     21690.2579
 EELEC  =   -152115.9948  EHBOND  =         0.0000  RESTRAINT  =         0.0000
 ------------------------------------------------------------------------------


 NSTEP =      250   TIME(PS) =      15.500  TEMP(K) =   148.13  PRESS =     0.0
 Etot   =   -123106.1760  EKtot   =     10130.7207  EPtot      =   -133236.8967
 BOND   =       107.1002  ANGLE   =       296.8569  DIHED      =       880.8381
 1-4 NB =       277.2230  1-4 EEL =     -4470.4095  VDWAALS    =     21569.0085
 EELEC  =   -151897.5139  EHBOND  =         0.0000  RESTRAINT  =         0.0000
 ------------------------------------------------------------------------------


 NSTEP =      300   TIME(PS) =      15.600  TEMP(K) =   149.96  PRESS =     0.0
 Etot   =   -122875.8116  EKtot   =     10256.1445  EPtot      =   -133131.9561
 BOND   =       116.2550  ANGLE   =       292.5050  DIHED      =       883.3370
 1-4 NB =       281.7640  1-4 EEL =     -4500.6123  VDWAALS    =     21530.7092
 EELEC  =   -151735.9140  EHBOND  =         0.0000  RESTRAINT  =         0.0000
 ------------------------------------------------------------------------------


 NSTEP =      350   TIME(PS) =      15.700  TEMP(K) =   150.66  PRESS =     0.0
 Etot   =   -122648.4105  EKtot   =     10303.8887  EPtot      =   -132952.2992
 BOND   =       122.9388  ANGLE   =       291.5286  DIHED      =       884.9889
 1-4 NB =       285.0017  1-4 EEL =     -4514.7210  VDWAALS    =     21440.9150
 EELEC  =   -151462.9513  EHBOND  =         0.0000  RESTRAINT  =         0.0000
 ------------------------------------------------------------------------------


 NSTEP =      400   TIME(PS) =      15.800  TEMP(K) =   151.98  PRESS =     0.0
 Etot   =   -122427.9676  EKtot   =     10394.4258  EPtot      =   -132822.3934
 BOND   =       118.4903  ANGLE   =       305.2696  DIHED      =       881.9813
 1-4 NB =       282.8523  1-4 EEL =     -4474.4125  VDWAALS    =     21465.7168
 EELEC  =   -151402.2913  EHBOND  =         0.0000  RESTRAINT  =         0.0000
 ------------------------------------------------------------------------------


 NSTEP =      450   TIME(PS) =      15.900  TEMP(K) =   153.80  PRESS =     0.0
 Etot   =   -122214.7030  EKtot   =     10518.2539  EPtot      =   -132732.9569
 BOND   =       118.4011  ANGLE   =       297.2824  DIHED      =       878.2835
 1-4 NB =       286.0499  1-4 EEL =     -4490.3735  VDWAALS    =     21347.3497
 EELEC  =   -151169.9499  EHBOND  =         0.0000  RESTRAINT  =         0.0000
 ------------------------------------------------------------------------------


 NSTEP =      500   TIME(PS) =      16.000  TEMP(K) =   154.65  PRESS =     0.0
 Etot   =   -122005.8512  EKtot   =     10576.8105  EPtot      =   -132582.6617
 BOND   =       120.4187  ANGLE   =       298.8208  DIHED      =       870.8537
 1-4 NB =       284.5986  1-4 EEL =     -4480.8097  VDWAALS    =     21338.5654
 EELEC  =   -151015.1092  EHBOND  =         0.0000  RESTRAINT  =         0.0000
 ------------------------------------------------------------------------------


 NSTEP =      550   TIME(PS) =      16.100  TEMP(K) =   156.35  PRESS =     0.0
 Etot   =   -121804.3919  EKtot   =     10693.3037  EPtot      =   -132497.6956
 BOND   =       120.6412  ANGLE   =       299.5276  DIHED      =       874.9458
 1-4 NB =       282.4553  1-4 EEL =     -4488.1906  VDWAALS    =     21271.0646
 EELEC  =   -150858.1394  EHBOND  =         0.0000  RESTRAINT  =         0.0000
 ------------------------------------------------------------------------------


 NSTEP =      600   TIME(PS) =      16.200  TEMP(K) =   158.22  PRESS =     0.0
 Etot   =   -121611.7046  EKtot   =     10820.6250  EPtot      =   -132432.3296
 BOND   =       131.0464  ANGLE   =       297.3238  DIHED      =       889.7295
 1-4 NB =       285.7245  1-4 EEL =     -4490.7343  VDWAALS    =     21535.9140
 EELEC  =   -151081.3335  EHBOND  =         0.0000  RESTRAINT  =         0.0000
 ------------------------------------------------------------------------------


 NSTEP =      650   TIME(PS) =      16.300  TEMP(K) =   159.04  PRESS =     0.0
 Etot   =   -121423.3672  EKtot   =     10877.1543  EPtot      =   -132300.5215
 BOND   =       119.2030  ANGLE   =       310.9832  DIHED      =       890.6294
 1-4 NB =       289.4207  1-4 EEL =     -4481.4319  VDWAALS    =     21219.0655
 EELEC  =   -150648.3913  EHBOND  =         0.0000  RESTRAINT  =         0.0000
 ------------------------------------------------------------------------------


 NSTEP =      700   TIME(PS) =      16.400  TEMP(K) =   159.37  PRESS =     0.0
 Etot   =   -121237.0191  EKtot   =     10899.2959  EPtot      =   -132136.3150
 BOND   =       132.0732  ANGLE   =       306.5473  DIHED      =       889.6165
 1-4 NB =       278.1295  1-4 EEL =     -4478.1763  VDWAALS    =     21155.3025
 EELEC  =   -150419.8077  EHBOND  =         0.0000  RESTRAINT  =         0.0000
 ------------------------------------------------------------------------------


 NSTEP =      750   TIME(PS) =      16.500  TEMP(K) =   161.89  PRESS =     0.0
 Etot   =   -121060.2633  EKtot   =     11071.7148  EPtot      =   -132131.9781
 BOND   =       133.0920  ANGLE   =       309.8139  DIHED      =       888.7246
 1-4 NB =       281.1279  1-4 EEL =     -4484.0247  VDWAALS    =     21281.8496
 EELEC  =   -150542.5614  EHBOND  =         0.0000  RESTRAINT  =         0.0000
 ------------------------------------------------------------------------------


 NSTEP =      800   TIME(PS) =      16.600  TEMP(K) =   163.69  PRESS =     0.0
 Etot   =   -120888.9029  EKtot   =     11195.1191  EPtot      =   -132084.0220
 BOND   =       126.2059  ANGLE   =       307.4529  DIHED      =       876.1706
 1-4 NB =       291.1086  1-4 EEL =     -4491.0717  VDWAALS    =     21168.4827
 EELEC  =   -150362.3711  EHBOND  =         0.0000  RESTRAINT  =         0.0000
 ------------------------------------------------------------------------------


 NSTEP =      850   TIME(PS) =      16.700  TEMP(K) =   163.09  PRESS =     0.0
 Etot   =   -120720.3743  EKtot   =     11154.2383  EPtot      =   -131874.6126
 BOND   =       127.6937  ANGLE   =       326.5056  DIHED      =       881.1774
 1-4 NB =       290.0535  1-4 EEL =     -4477.3173  VDWAALS    =     21101.3662
 EELEC  =   -150124.0917  EHBOND  =         0.0000  RESTRAINT  =         0.0000
 ------------------------------------------------------------------------------


 NSTEP =      900   TIME(PS) =      16.800  TEMP(K) =   164.69  PRESS =     0.0
 Etot   =   -120555.0794  EKtot   =     11263.0713  EPtot      =   -131818.1506
 BOND   =       138.3145  ANGLE   =       309.5579  DIHED      =       881.8456
 1-4 NB =       281.9389  1-4 EEL =     -4474.1218  VDWAALS    =     21147.3018
 EELEC  =   -150102.9875  EHBOND  =         0.0000  RESTRAINT  =         0.0000
 ------------------------------------------------------------------------------


 NSTEP =      950   TIME(PS) =      16.900  TEMP(K) =   166.20  PRESS =     0.0
 Etot   =   -120395.8934  EKtot   =     11366.2900  EPtot      =   -131762.1835
 BOND   =       138.1940  ANGLE   =       316.3104  DIHED      =       883.3766
 1-4 NB =       285.7031  1-4 EEL =     -4473.3001  VDWAALS    =     21231.2594
 EELEC  =   -150143.7269  EHBOND  =         0.0000  RESTRAINT  =         0.0000
 ------------------------------------------------------------------------------

check COM velocity, temp:        0.000008     0.00(Removed)

 NSTEP =     1000   TIME(PS) =      17.000  TEMP(K) =   166.97  PRESS =     0.0
 Etot   =   -120242.2948  EKtot   =     11418.9463  EPtot      =   -131661.2411
 BOND   =       133.7967  ANGLE   =       319.9276  DIHED      =       884.4575
 1-4 NB =       286.2011  1-4 EEL =     -4505.2110  VDWAALS    =     21145.4765
 EELEC  =   -149925.8894  EHBOND  =         0.0000  RESTRAINT  =         0.0000
 ------------------------------------------------------------------------------


 NSTEP =     1050   TIME(PS) =      17.100  TEMP(K) =   166.95  PRESS =     0.0
 Etot   =   -120091.8081  EKtot   =     11417.7559  EPtot      =   -131509.5640
 BOND   =       140.3445  ANGLE   =       313.3143  DIHED      =       894.7219
 1-4 NB =       290.8096  1-4 EEL =     -4482.3475  VDWAALS    =     21191.2763
 EELEC  =   -149857.6832  EHBOND  =         0.0000  RESTRAINT  =         0.0000
 ------------------------------------------------------------------------------


 NSTEP =     1100   TIME(PS) =      17.200  TEMP(K) =   168.80  PRESS =     0.0
 Etot   =   -119948.4781  EKtot   =     11544.1436  EPtot      =   -131492.6216
 BOND   =       133.1479  ANGLE   =       322.2090  DIHED      =       882.2202
 1-4 NB =       285.0785  1-4 EEL =     -4462.3161  VDWAALS    =     21012.9749
 EELEC  =   -149665.9361  EHBOND  =         0.0000  RESTRAINT  =         0.0000
 ------------------------------------------------------------------------------


 NSTEP =     1150   TIME(PS) =      17.300  TEMP(K) =   169.61  PRESS =     0.0
 Etot   =   -119807.0577  EKtot   =     11599.4883  EPtot      =   -131406.5459
 BOND   =       126.6120  ANGLE   =       336.0884  DIHED      =       872.0549
 1-4 NB =       290.4824  1-4 EEL =     -4471.6735  VDWAALS    =     20900.2849
 EELEC  =   -149460.3951  EHBOND  =         0.0000  RESTRAINT  =         0.0000
 ------------------------------------------------------------------------------


 NSTEP =     1200   TIME(PS) =      17.400  TEMP(K) =   169.30  PRESS =     0.0
 Etot   =   -119665.6352  EKtot   =     11578.4619  EPtot      =   -131244.0972
 BOND   =       130.9687  ANGLE   =       324.6641  DIHED      =       878.2409
 1-4 NB =       278.1026  1-4 EEL =     -4464.9983  VDWAALS    =     20827.6185
 EELEC  =   -149218.6936  EHBOND  =         0.0000  RESTRAINT  =         0.0000
 ------------------------------------------------------------------------------


 NSTEP =     1250   TIME(PS) =      17.500  TEMP(K) =   170.09  PRESS =     0.0
 Etot   =   -119527.2114  EKtot   =     11632.3770  EPtot      =   -131159.5884
 BOND   =       138.3263  ANGLE   =       332.3820  DIHED      =       884.2774
 1-4 NB =       281.5242  1-4 EEL =     -4473.3025  VDWAALS    =     20782.6468
 EELEC  =   -149105.4426  EHBOND  =         0.0000  RESTRAINT  =         0.0000
 ------------------------------------------------------------------------------


 NSTEP =     1300   TIME(PS) =      17.600  TEMP(K) =   171.94  PRESS =     0.0
 Etot   =   -119397.3342  EKtot   =     11759.0840  EPtot      =   -131156.4182
 BOND   =       138.3144  ANGLE   =       324.1245  DIHED      =       884.2344
 1-4 NB =       284.5459  1-4 EEL =     -4494.7427  VDWAALS    =     21073.1454
 EELEC  =   -149366.0401  EHBOND  =         0.0000  RESTRAINT  =         0.0000
 ------------------------------------------------------------------------------


 NSTEP =     1350   TIME(PS) =      17.700  TEMP(K) =   172.07  PRESS =     0.0
 Etot   =   -119274.0209  EKtot   =     11768.3242  EPtot      =   -131042.3452
 BOND   =       147.5579  ANGLE   =       338.4785  DIHED      =       882.3577
 1-4 NB =       286.8491  1-4 EEL =     -4484.6561  VDWAALS    =     20786.9720
 EELEC  =   -148999.9043  EHBOND  =         0.0000  RESTRAINT  =         0.0000
 ------------------------------------------------------------------------------


 NSTEP =     1400   TIME(PS) =      17.800  TEMP(K) =   172.46  PRESS =     0.0
 Etot   =   -119148.9400  EKtot   =     11794.9160  EPtot      =   -130943.8561
 BOND   =       148.4879  ANGLE   =       310.2411  DIHED      =       892.8358
 1-4 NB =       292.1135  1-4 EEL =     -4484.7798  VDWAALS    =     20691.4911
 EELEC  =   -148794.2456  EHBOND  =         0.0000  RESTRAINT  =         0.0000
 ------------------------------------------------------------------------------


 NSTEP =     1450   TIME(PS) =      17.900  TEMP(K) =   175.38  PRESS =     0.0
 Etot   =   -119030.4543  EKtot   =     11994.7500  EPtot      =   -131025.2043
 BOND   =       145.2195  ANGLE   =       328.8937  DIHED      =       876.0582
 1-4 NB =       279.5794  1-4 EEL =     -4482.4299  VDWAALS    =     20948.4173
 EELEC  =   -149120.9425  EHBOND  =         0.0000  RESTRAINT  =         0.0000
 ------------------------------------------------------------------------------


 NSTEP =     1500   TIME(PS) =      18.000  TEMP(K) =   174.34  PRESS =     0.0
 Etot   =   -118915.6329  EKtot   =     11923.6123  EPtot      =   -130839.2452
 BOND   =       148.9234  ANGLE   =       330.2043  DIHED      =       887.3920
 1-4 NB =       270.9851  1-4 EEL =     -4482.4470  VDWAALS    =     20823.8445
 EELEC  =   -148818.1475  EHBOND  =         0.0000  RESTRAINT  =         0.0000
 ------------------------------------------------------------------------------


 NSTEP =     1550   TIME(PS) =      18.100  TEMP(K) =   176.56  PRESS =     0.0
 Etot   =   -118799.9630  EKtot   =     12074.8301  EPtot      =   -130874.7931
 BOND   =       141.1399  ANGLE   =       322.8407  DIHED      =       895.7815
 1-4 NB =       280.1326  1-4 EEL =     -4486.1498  VDWAALS    =     20690.3996
 EELEC  =   -148718.9376  EHBOND  =         0.0000  RESTRAINT  =         0.0000
 ------------------------------------------------------------------------------


 NSTEP =     1600   TIME(PS) =      18.200  TEMP(K) =   176.26  PRESS =     0.0
 Etot   =   -118688.1740  EKtot   =     12054.6035  EPtot      =   -130742.7776
 BOND   =       147.2463  ANGLE   =       320.6376  DIHED      =       896.3059
 1-4 NB =       296.1015  1-4 EEL =     -4469.9820  VDWAALS    =     20683.4728
 EELEC  =   -148616.5597  EHBOND  =         0.0000  RESTRAINT  =         0.0000
 ------------------------------------------------------------------------------


 NSTEP =     1650   TIME(PS) =      18.300  TEMP(K) =   176.70  PRESS =     0.0
 Etot   =   -118580.9550  EKtot   =     12084.8711  EPtot      =   -130665.8261
 BOND   =       144.2504  ANGLE   =       327.8691  DIHED      =       885.3686
 1-4 NB =       278.3771  1-4 EEL =     -4474.5694  VDWAALS    =     20578.1570
 EELEC  =   -148405.2787  EHBOND  =         0.0000  RESTRAINT  =         0.0000
 ------------------------------------------------------------------------------


 NSTEP =     1700   TIME(PS) =      18.400  TEMP(K) =   177.44  PRESS =     0.0
 Etot   =   -118476.0214  EKtot   =     12135.4111  EPtot      =   -130611.4325
 BOND   =       139.9640  ANGLE   =       349.9439  DIHED      =       886.4766
 1-4 NB =       278.0081  1-4 EEL =     -4497.8113  VDWAALS    =     20495.8523
 EELEC  =   -148263.8663  EHBOND  =         0.0000  RESTRAINT  =         0.0000
 ------------------------------------------------------------------------------


 NSTEP =     1750   TIME(PS) =      18.500  TEMP(K) =   177.87  PRESS =     0.0
 Etot   =   -118373.5772  EKtot   =     12165.0312  EPtot      =   -130538.6085
 BOND   =       153.3077  ANGLE   =       338.9077  DIHED      =       884.2143
 1-4 NB =       286.4764  1-4 EEL =     -4486.0063  VDWAALS    =     20618.9776
 EELEC  =   -148334.4860  EHBOND  =         0.0000  RESTRAINT  =         0.0000
 ------------------------------------------------------------------------------


 NSTEP =     1800   TIME(PS) =      18.600  TEMP(K) =   178.68  PRESS =     0.0
 Etot   =   -118275.0261  EKtot   =     12220.1660  EPtot      =   -130495.1921
 BOND   =       153.5005  ANGLE   =       333.6327  DIHED      =       889.2185
 1-4 NB =       281.0314  1-4 EEL =     -4491.1862  VDWAALS    =     20559.0001
 EELEC  =   -148220.3891  EHBOND  =         0.0000  RESTRAINT  =         0.0000
 ------------------------------------------------------------------------------


 NSTEP =     1850   TIME(PS) =      18.700  TEMP(K) =   179.05  PRESS =     0.0
 Etot   =   -118178.4294  EKtot   =     12245.2656  EPtot      =   -130423.6951
 BOND   =       146.5651  ANGLE   =       331.1883  DIHED      =       898.6506
 1-4 NB =       289.8802  1-4 EEL =     -4468.7035  VDWAALS    =     20758.3942
 EELEC  =   -148379.6700  EHBOND  =         0.0000  RESTRAINT  =         0.0000
 ------------------------------------------------------------------------------


 NSTEP =     1900   TIME(PS) =      18.800  TEMP(K) =   180.18  PRESS =     0.0
 Etot   =   -118089.4555  EKtot   =     12322.4941  EPtot      =   -130411.9497
 BOND   =       149.5676  ANGLE   =       324.6761  DIHED      =       883.0775
 1-4 NB =       285.6786  1-4 EEL =     -4485.1692  VDWAALS    =     20638.2793
 EELEC  =   -148208.0596  EHBOND  =         0.0000  RESTRAINT  =         0.0000
 ------------------------------------------------------------------------------


 NSTEP =     1950   TIME(PS) =      18.900  TEMP(K) =   181.30  PRESS =     0.0
 Etot   =   -118002.5927  EKtot   =     12399.0000  EPtot      =   -130401.5927
 BOND   =       151.0202  ANGLE   =       342.8718  DIHED      =       889.1337
 1-4 NB =       284.3887  1-4 EEL =     -4474.4958  VDWAALS    =     20641.4585
 EELEC  =   -148235.9698  EHBOND  =         0.0000  RESTRAINT  =         0.0000
 ------------------------------------------------------------------------------

check COM velocity, temp:        0.000007     0.00(Removed)

 NSTEP =     2000   TIME(PS) =      19.000  TEMP(K) =   181.55  PRESS =     0.0
 Etot   =   -117914.6453  EKtot   =     12416.2275  EPtot      =   -130330.8728
 BOND   =       148.4179  ANGLE   =       340.1015  DIHED      =       889.1421
 1-4 NB =       273.9056  1-4 EEL =     -4484.3746  VDWAALS    =     20338.3891
 EELEC  =   -147836.4544  EHBOND  =         0.0000  RESTRAINT  =         0.0000
 ------------------------------------------------------------------------------


 NSTEP =     2050   TIME(PS) =      19.100  TEMP(K) =   183.68  PRESS =     0.0
 Etot   =   -117833.1362  EKtot   =     12561.9922  EPtot      =   -130395.1284
 BOND   =       160.6899  ANGLE   =       336.4942  DIHED      =       895.3129
 1-4 NB =       292.3911  1-4 EEL =     -4490.7335  VDWAALS    =     20541.5600
 EELEC  =   -148130.8432  EHBOND  =         0.0000  RESTRAINT  =         0.0000
 ------------------------------------------------------------------------------


 NSTEP =     2100   TIME(PS) =      19.200  TEMP(K) =   183.65  PRESS =     0.0
 Etot   =   -117756.2181  EKtot   =     12559.8047  EPtot      =   -130316.0228
 BOND   =       157.9533  ANGLE   =       348.7725  DIHED      =       881.1986
 1-4 NB =       288.5605  1-4 EEL =     -4493.7375  VDWAALS    =     20674.0824
 EELEC  =   -148172.8524  EHBOND  =         0.0000  RESTRAINT  =         0.0000
 ------------------------------------------------------------------------------


 NSTEP =     2150   TIME(PS) =      19.300  TEMP(K) =   181.40  PRESS =     0.0
 Etot   =   -117674.1656  EKtot   =     12406.4551  EPtot      =   -130080.6207
 BOND   =       158.6362  ANGLE   =       349.3640  DIHED      =       890.8910
 1-4 NB =       284.1918  1-4 EEL =     -4483.5594  VDWAALS    =     20686.3000
 EELEC  =   -147966.4442  EHBOND  =         0.0000  RESTRAINT  =         0.0000
 ------------------------------------------------------------------------------


 NSTEP =     2200   TIME(PS) =      19.400  TEMP(K) =   182.22  PRESS =     0.0
 Etot   =   -117595.1708  EKtot   =     12462.2920  EPtot      =   -130057.4628
 BOND   =       152.6199  ANGLE   =       344.9751  DIHED      =       890.6415
 1-4 NB =       283.7489  1-4 EEL =     -4495.4471  VDWAALS    =     20531.8693
 EELEC  =   -147765.8705  EHBOND  =         0.0000  RESTRAINT  =         0.0000
 ------------------------------------------------------------------------------


 NSTEP =     2250   TIME(PS) =      19.500  TEMP(K) =   183.41  PRESS =     0.0
 Etot   =   -117517.9824  EKtot   =     12543.7988  EPtot      =   -130061.7813
 BOND   =       152.2630  ANGLE   =       338.5089  DIHED      =       886.6721
 1-4 NB =       289.3270  1-4 EEL =     -4486.7889  VDWAALS    =     20485.8434
 EELEC  =   -147727.6068  EHBOND  =         0.0000  RESTRAINT  =         0.0000
 ------------------------------------------------------------------------------


 NSTEP =     2300   TIME(PS) =      19.600  TEMP(K) =   183.41  PRESS =     0.0
 Etot   =   -117444.1206  EKtot   =     12543.4727  EPtot      =   -129987.5932
 BOND   =       152.6886  ANGLE   =       355.7206  DIHED      =       886.8302
 1-4 NB =       282.8658  1-4 EEL =     -4470.0447  VDWAALS    =     20404.9293
 EELEC  =   -147600.5831  EHBOND  =         0.0000  RESTRAINT  =         0.0000
 ------------------------------------------------------------------------------


 NSTEP =     2350   TIME(PS) =      19.700  TEMP(K) =   184.20  PRESS =     0.0
 Etot   =   -117371.8942  EKtot   =     12597.7998  EPtot      =   -129969.6940
 BOND   =       161.2247  ANGLE   =       350.4925  DIHED      =       893.1182
 1-4 NB =       281.6525  1-4 EEL =     -4497.6820  VDWAALS    =     20319.7156
 EELEC  =   -147478.2154  EHBOND  =         0.0000  RESTRAINT  =         0.0000
 ------------------------------------------------------------------------------


 NSTEP =     2400   TIME(PS) =      19.800  TEMP(K) =   184.50  PRESS =     0.0
 Etot   =   -117306.4670  EKtot   =     12618.2969  EPtot      =   -129924.7639
 BOND   =       152.1836  ANGLE   =       353.0517  DIHED      =       882.7355
 1-4 NB =       274.0713  1-4 EEL =     -4468.8013  VDWAALS    =     20517.2183
 EELEC  =   -147635.2230  EHBOND  =         0.0000  RESTRAINT  =         0.0000
 ------------------------------------------------------------------------------


 NSTEP =     2450   TIME(PS) =      19.900  TEMP(K) =   185.70  PRESS =     0.0
 Etot   =   -117239.2641  EKtot   =     12699.9824  EPtot      =   -129939.2466
 BOND   =       154.2497  ANGLE   =       352.5069  DIHED      =       886.0003
 1-4 NB =       285.4179  1-4 EEL =     -4477.5430  VDWAALS    =     20448.4073
 EELEC  =   -147588.2857  EHBOND  =         0.0000  RESTRAINT  =         0.0000
 ------------------------------------------------------------------------------


 NSTEP =     2500   TIME(PS) =      20.000  TEMP(K) =   187.33  PRESS =     0.0
 Etot   =   -117175.3522  EKtot   =     12811.4805  EPtot      =   -129986.8326
 BOND   =       162.6062  ANGLE   =       345.9866  DIHED      =       892.9020
 1-4 NB =       280.5299  1-4 EEL =     -4495.2827  VDWAALS    =     20587.8174
 EELEC  =   -147761.3919  EHBOND  =         0.0000  RESTRAINT  =         0.0000
 ------------------------------------------------------------------------------


      A V E R A G E S   O V E R      50 S T E P S


 NSTEP =     2500   TIME(PS) =      20.000  TEMP(K) =   168.78  PRESS =     0.0
 Etot   =   -119864.3477  EKtot   =     11543.1013  EPtot      =   -131407.4490
 BOND   =       137.4821  ANGLE   =       322.1253  DIHED      =       884.9899
 1-4 NB =       283.7196  1-4 EEL =     -4482.7608  VDWAALS    =     20961.5007
 EELEC  =   -149514.5059  EHBOND  =         0.0000  RESTRAINT  =         0.0000
 ------------------------------------------------------------------------------


      R M S  F L U C T U A T I O N S


 NSTEP =     2500   TIME(PS) =      20.000  TEMP(K) =    12.95  PRESS =     0.0
 Etot   =      2014.6786  EKtot   =       885.5738  EPtot      =      1131.4917
 BOND   =        15.8905  ANGLE   =        20.2873  DIHED      =         6.4902
 1-4 NB =         5.1974  1-4 EEL =        10.8804  VDWAALS    =       410.1337
 EELEC  =      1494.9837  EHBOND  =         0.0000  RESTRAINT  =         0.0000
 ------------------------------------------------------------------------------

--------------------------------------------------------------------------------
   5.  TIMINGS
--------------------------------------------------------------------------------

|  NonSetup CPU Time in Major Routines:
|
|     Routine           Sec        %
|     ------------------------------
|     Nonbond           0.98   12.49
|     Bond              0.00    0.00
|     Angle             0.00    0.00
|     Dihedral          0.00    0.00
|     Shake             0.03    0.33
|     RunMD             6.86   87.11
|     Other             0.01    0.07
|     ------------------------------
|     Total             7.87

|  PME Nonbond Pairlist CPU Time:
|
|     Routine              Sec        %
|     ---------------------------------
|     Set Up Cit           0.00    0.00
|     Build List           0.00    0.00
|     ---------------------------------
|     Total                0.00    0.00

|  PME Direct Force CPU Time:
|
|     Routine              Sec        %
|     ---------------------------------
|     NonBonded Calc       0.00    0.00
|     Exclude Masked       0.00    0.00
|     Other                0.00    0.05
|     ---------------------------------
|     Total                0.00    0.05

|  PME Reciprocal Force CPU Time:
|
|     Routine              Sec        %
|     ---------------------------------
|     1D bspline           0.00    0.00
|     Grid Charges         0.00    0.00
|     Scalar Sum           0.00    0.00
|     Gradient Sum         0.00    0.00
|     FFT                  0.00    0.00
|     ---------------------------------
|     Total                0.00    0.00

|  Final Performance Info:
|     -----------------------------------------------------
|     Average timings for last    2450 steps:
|     Elapsed(s) =       7.73 Per Step(ms) =       3.16
|         ns/day =      54.75   seconds/ns =    1578.06
|
|     Average timings for all steps:
|     Elapsed(s) =       7.87 Per Step(ms) =       3.15
|         ns/day =      54.88   seconds/ns =    1574.40
|     -----------------------------------------------------

|  Setup CPU time:            0.71 seconds
|  NonSetup CPU time:         7.87 seconds
|  Total CPU time:            8.59 seconds     0.00 hours

|  Setup wall time:           1    seconds
|  NonSetup wall time:        8    seconds
|  Total wall time:           9    seconds     0.00 hours
