
          -------------------------------------------------------
          Amber 16 PMEMD                              2016
          -------------------------------------------------------

| PMEMD implementation of SANDER, Release 16

| Run on 12/13/2020 at 20:40:46

|   Executable path: pmemd.cuda
| Working directory: /home/kyq/T7RNADNA/4/nDG4
|          Hostname: gpu01

  [-O]verwriting output

File Assignments:
|   MDIN: heat1.in                                                              
|  MDOUT: cmp_heat1.out                                                         
| INPCRD: cmp_heat0.rst                                                         
|   PARM: cmp.prmtop                                                            
| RESTRT: cmp_heat1.rst                                                         
|   REFC: cmp.inpcrd                                                            
|  MDVEL: mdvel                                                                 
|   MDEN: mden                                                                  
|  MDCRD: cmp_heat1.mdcrd                                                       
| MDINFO: mdinfo                                                                
|  MDFRC: mdfrc                                                                 

 
 Here is the input file:
 
Stage 1 heating 1 5ps 0-100K                                                   
 &cntrl                                                                        
  imin=0, ntx=1,                                                               
  nstlim=2500, dt=0.002,                                                       
  ntc=2, ntf=2,                                                                
  ntt=1, tautp=1.5,                                                            
  tempi=0.0, temp0=50.0,                                                       
  ntpr=50, ntwx=50,                                                            
  ntb=1,                                                                       
  cut=10,                                                                      
 /                                                                             


Note: ig = -1. Setting random seed to   321427 based on wallclock time in 
      microseconds.
 
|--------------------- INFORMATION ----------------------
| GPU (CUDA) Version of PMEMD in use: NVIDIA GPU IN USE.
|                    Version 16.0.0
| 
|                      02/25/2016
| 
| Implementation by:
|                    Ross C. Walker     (SDSC)
|                    Scott Le Grand     (nVIDIA)
| 
| Precision model in use:
|      [SPFP] - Single Precision Forces, 64-bit Fixed Point
|               Accumulation. (Default)
| 
|--------------------------------------------------------
 
|----------------- CITATION INFORMATION -----------------
|
|    When publishing work that utilized the CUDA version
|    of AMBER, please cite the following in addition to
|    the regular AMBER citations:
|
|  - Romelia Salomon-Ferrer; Andreas W. Goetz; Duncan
|    Poole; Scott Le Grand; Ross C. Walker "Routine
|    microsecond molecular dynamics simulations with
|    AMBER - Part II: Particle Mesh Ewald", J. Chem.
|    Theory Comput., 2013, 9 (9), pp3878-3888,
|    DOI: 10.1021/ct400314y.
|
|  - Andreas W. Goetz; Mark J. Williamson; Dong Xu;
|    Duncan Poole; Scott Le Grand; Ross C. Walker
|    "Routine microsecond molecular dynamics simulations
|    with AMBER - Part I: Generalized Born", J. Chem.
|    Theory Comput., 2012, 8 (5), pp1542-1555.
|
|  - Scott Le Grand; Andreas W. Goetz; Ross C. Walker
|    "SPFP: Speed without compromise - a mixed precision
|    model for GPU accelerated molecular dynamics
|    simulations.", Comp. Phys. Comm., 2013, 184
|    pp374-380, DOI: 10.1016/j.cpc.2012.09.022
|
|--------------------------------------------------------
 
|------------------- GPU DEVICE INFO --------------------
|
|            CUDA_VISIBLE_DEVICES: 0
|   CUDA Capable Devices Detected:      1
|           CUDA Device ID in use:      0
|                CUDA Device Name: Tesla P100-PCIE-16GB
|     CUDA Device Global Mem Size:  16276 MB
| CUDA Device Num Multiprocessors:     56
|           CUDA Device Core Freq:   1.33 GHz
|
|--------------------------------------------------------
 
 
| Conditional Compilation Defines Used:
| PUBFFT
| BINTRAJ
| CUDA
| EMIL
 
| Largest sphere to fit in unit cell has radius =    32.448

| New format PARM file being parsed.
| Version =    1.000 Date = 12/13/20 Time = 20:39:12

| Note: 1-4 EEL scale factors are being read from the topology file.

| Note: 1-4 VDW scale factors are being read from the topology file.
| Duplicated    0 dihedrals

| Duplicated    0 dihedrals

--------------------------------------------------------------------------------
   1.  RESOURCE   USE: 
--------------------------------------------------------------------------------

 getting box info from netcdf restart file
 NATOM  =   34048 NTYPES =      18 NBONH =   33309 MBONA  =     790
 NTHETH =     882 MTHETA =    1223 NPHIH =    1873 MPHIA  =    2451
 NHPARM =       0 NPARM  =       0 NNB   =   49994 NRES   =   11042
 NBONA  =     790 NTHETA =    1223 NPHIA =    2451 NUMBND =      73
 NUMANG =     152 NPTRA  =      87 NATYP =      37 NPHB   =       1
 IFBOX  =       2 NMXRS  =      34 IFCAP =       0 NEXTRA =       0
 NCOPY  =       0

| Coordinate Index Table dimensions:    12   12   12
| Direct force subcell size =     6.6234    6.6234    6.6234

     BOX TYPE: TRUNCATED OCTAHEDRON

--------------------------------------------------------------------------------
   2.  CONTROL  DATA  FOR  THE  RUN
--------------------------------------------------------------------------------

default_name                                                                    

General flags:
     imin    =       0, nmropt  =       0

Nature and format of input:
     ntx     =       1, irest   =       0, ntrx    =       1

Nature and format of output:
     ntxo    =       2, ntpr    =      50, ntrx    =       1, ntwr    =    2500
     iwrap   =       0, ntwx    =      50, ntwv    =       0, ntwe    =       0
     ioutfm  =       1, ntwprt  =       0, idecomp =       0, rbornstat=      0

Potential function:
     ntf     =       2, ntb     =       1, igb     =       0, nsnb    =      25
     ipol    =       0, gbsa    =       0, iesp    =       0
     dielc   =   1.00000, cut     =  10.00000, intdiel =   1.00000

Frozen or restrained atoms:
     ibelly  =       0, ntr     =       0

Molecular dynamics:
     nstlim  =      2500, nscm    =      1000, nrespa  =         1
     t       =   0.00000, dt      =   0.00200, vlimit  =  -1.00000

Berendsen (weak-coupling) temperature regulation:
     temp0   =  50.00000, tempi   =   0.00000, tautp   =   1.50000

SHAKE:
     ntc     =       2, jfastw  =       0
     tol     =   0.00001

| Intermolecular bonds treatment:
|     no_intermolecular_bonds =       1

| Energy averages sample interval:
|     ene_avg_sampling =      50

Ewald parameters:
     verbose =       0, ew_type =       0, nbflag  =       1, use_pme =       1
     vdwmeth =       1, eedmeth =       1, netfrc  =       1
     Box X =   79.481   Box Y =   79.481   Box Z =   79.481
     Alpha =  109.471   Beta  =  109.471   Gamma =  109.471
     NFFT1 =   80       NFFT2 =   80       NFFT3 =   80
     Cutoff=   10.000   Tol   =0.100E-04
     Ewald Coefficient =  0.27511
     Interpolation order =    4

--------------------------------------------------------------------------------
   3.  ATOMIC COORDINATES AND VELOCITIES
--------------------------------------------------------------------------------

default_name                                                                    
 begin time read from input coords =     0.000 ps

 
 Number of triangulated 3-point waters found:    10976

     Sum of charges from parm topology file =   0.00000010
     Forcing neutrality...

| Dynamic Memory, Types Used:
| Reals              996690
| Integers           825952

| Nonbonded Pairs Initial Allocation:    10298668

| GPU memory information (estimate):
| KB of GPU memory in use:    165798
| KB of CPU memory in use:     54666

--------------------------------------------------------------------------------
   4.  RESULTS
--------------------------------------------------------------------------------

 ---------------------------------------------------
 APPROXIMATING switch and d/dx switch using CUBIC SPLINE INTERPOLATION
 using   5000.0 points per unit in tabled values
 TESTING RELATIVE ERROR over r ranging from 0.0 to cutoff
| CHECK switch(x): max rel err =   0.3316E-14   at   2.351880
| CHECK d/dx switch(x): max rel err =   0.8066E-11   at   2.747240
 ---------------------------------------------------
|---------------------------------------------------
| APPROXIMATING direct energy using CUBIC SPLINE INTERPOLATION
|  with   50.0 points per unit in tabled values
| Relative Error Limit not exceeded for r .gt.   2.34
| APPROXIMATING direct force using CUBIC SPLINE INTERPOLATION
|  with   50.0 points per unit in tabled values
| Relative Error Limit not exceeded for r .gt.   2.81
|---------------------------------------------------

 NSTEP =        0   TIME(PS) =       0.000  TEMP(K) =     0.00  PRESS =     0.0
 Etot   =   -162569.3255  EKtot   =         0.0000  EPtot      =   -162569.3255
 BOND   =        55.4090  ANGLE   =       164.9743  DIHED      =       850.0858
 1-4 NB =       270.6248  1-4 EEL =     -4473.0577  VDWAALS    =     29106.1936
 EELEC  =   -188543.5552  EHBOND  =         0.0000  RESTRAINT  =         0.0000
 ------------------------------------------------------------------------------


 NSTEP =       50   TIME(PS) =       0.100  TEMP(K) =     8.74  PRESS =     0.0
 Etot   =   -139769.3209  EKtot   =       597.9418  EPtot      =   -140367.2627
 BOND   =        54.6343  ANGLE   =       163.3393  DIHED      =       850.6264
 1-4 NB =       272.4274  1-4 EEL =     -4471.8406  VDWAALS    =     24630.0360
 EELEC  =   -161866.4853  EHBOND  =         0.0000  RESTRAINT  =         0.0000
 ------------------------------------------------------------------------------


 NSTEP =      100   TIME(PS) =       0.200  TEMP(K) =     7.90  PRESS =     0.0
 Etot   =   -139596.5467  EKtot   =       540.1600  EPtot      =   -140136.7068
 BOND   =        55.5255  ANGLE   =       162.6635  DIHED      =       848.9083
 1-4 NB =       273.8702  1-4 EEL =     -4471.2028  VDWAALS    =     22353.5894
 EELEC  =   -159360.0608  EHBOND  =         0.0000  RESTRAINT  =         0.0000
 ------------------------------------------------------------------------------


 NSTEP =      150   TIME(PS) =       0.300  TEMP(K) =    10.33  PRESS =     0.0
 Etot   =   -139419.7930  EKtot   =       706.2050  EPtot      =   -140125.9979
 BOND   =        56.1429  ANGLE   =       163.8656  DIHED      =       846.8144
 1-4 NB =       274.0160  1-4 EEL =     -4474.2534  VDWAALS    =     22716.1332
 EELEC  =   -159708.7166  EHBOND  =         0.0000  RESTRAINT  =         0.0000
 ------------------------------------------------------------------------------


 NSTEP =      200   TIME(PS) =       0.400  TEMP(K) =    11.82  PRESS =     0.0
 Etot   =   -139241.7939  EKtot   =       808.5610  EPtot      =   -140050.3549
 BOND   =        56.0092  ANGLE   =       166.3958  DIHED      =       846.4347
 1-4 NB =       273.5742  1-4 EEL =     -4476.8365  VDWAALS    =     23010.0183
 EELEC  =   -159925.9506  EHBOND  =         0.0000  RESTRAINT  =         0.0000
 ------------------------------------------------------------------------------


 NSTEP =      250   TIME(PS) =       0.500  TEMP(K) =    13.49  PRESS =     0.0
 Etot   =   -139070.9538  EKtot   =       922.8950  EPtot      =   -139993.8488
 BOND   =        55.3918  ANGLE   =       166.6430  DIHED      =       849.1259
 1-4 NB =       274.5813  1-4 EEL =     -4476.3181  VDWAALS    =     22834.7319
 EELEC  =   -159698.0046  EHBOND  =         0.0000  RESTRAINT  =         0.0000
 ------------------------------------------------------------------------------


 NSTEP =      300   TIME(PS) =       0.600  TEMP(K) =    15.06  PRESS =     0.0
 Etot   =   -138906.9626  EKtot   =      1029.7478  EPtot      =   -139936.7104
 BOND   =        55.8567  ANGLE   =       167.3541  DIHED      =       846.3042
 1-4 NB =       274.9570  1-4 EEL =     -4474.4667  VDWAALS    =     22655.9870
 EELEC  =   -159462.7028  EHBOND  =         0.0000  RESTRAINT  =         0.0000
 ------------------------------------------------------------------------------


 NSTEP =      350   TIME(PS) =       0.700  TEMP(K) =    16.44  PRESS =     0.0
 Etot   =   -138750.9979  EKtot   =      1124.3254  EPtot      =   -139875.3234
 BOND   =        56.5511  ANGLE   =       165.3914  DIHED      =       848.5428
 1-4 NB =       274.6964  1-4 EEL =     -4478.9140  VDWAALS    =     22763.8743
 EELEC  =   -159505.4653  EHBOND  =         0.0000  RESTRAINT  =         0.0000
 ------------------------------------------------------------------------------


 NSTEP =      400   TIME(PS) =       0.800  TEMP(K) =    17.80  PRESS =     0.0
 Etot   =   -138600.9707  EKtot   =      1217.2878  EPtot      =   -139818.2585
 BOND   =        56.2168  ANGLE   =       168.4794  DIHED      =       846.2055
 1-4 NB =       272.7071  1-4 EEL =     -4476.9121  VDWAALS    =     22759.8555
 EELEC  =   -159444.8108  EHBOND  =         0.0000  RESTRAINT  =         0.0000
 ------------------------------------------------------------------------------


 NSTEP =      450   TIME(PS) =       0.900  TEMP(K) =    19.49  PRESS =     0.0
 Etot   =   -138457.9317  EKtot   =      1333.1183  EPtot      =   -139791.0499
 BOND   =        56.3948  ANGLE   =       168.5267  DIHED      =       850.6905
 1-4 NB =       271.5759  1-4 EEL =     -4474.6625  VDWAALS    =     22729.0652
 EELEC  =   -159392.6406  EHBOND  =         0.0000  RESTRAINT  =         0.0000
 ------------------------------------------------------------------------------


 NSTEP =      500   TIME(PS) =       1.000  TEMP(K) =    21.19  PRESS =     0.0
 Etot   =   -138322.6082  EKtot   =      1449.2839  EPtot      =   -139771.8921
 BOND   =        57.0490  ANGLE   =       169.9777  DIHED      =       850.1642
 1-4 NB =       271.2156  1-4 EEL =     -4470.6221  VDWAALS    =     22764.9673
 EELEC  =   -159414.6440  EHBOND  =         0.0000  RESTRAINT  =         0.0000
 ------------------------------------------------------------------------------


 NSTEP =      550   TIME(PS) =       1.100  TEMP(K) =    22.27  PRESS =     0.0
 Etot   =   -138193.4943  EKtot   =      1523.0178  EPtot      =   -139716.5121
 BOND   =        56.5675  ANGLE   =       169.7855  DIHED      =       851.4278
 1-4 NB =       272.2778  1-4 EEL =     -4470.8906  VDWAALS    =     22930.8822
 EELEC  =   -159526.5624  EHBOND  =         0.0000  RESTRAINT  =         0.0000
 ------------------------------------------------------------------------------


 NSTEP =      600   TIME(PS) =       1.200  TEMP(K) =    23.65  PRESS =     0.0
 Etot   =   -138072.0647  EKtot   =      1617.6704  EPtot      =   -139689.7351
 BOND   =        57.0563  ANGLE   =       173.0569  DIHED      =       849.1465
 1-4 NB =       268.3671  1-4 EEL =     -4467.0852  VDWAALS    =     22927.1723
 EELEC  =   -159497.4490  EHBOND  =         0.0000  RESTRAINT  =         0.0000
 ------------------------------------------------------------------------------


 NSTEP =      650   TIME(PS) =       1.300  TEMP(K) =    24.94  PRESS =     0.0
 Etot   =   -137954.7629  EKtot   =      1705.6378  EPtot      =   -139660.4007
 BOND   =        56.5628  ANGLE   =       171.7282  DIHED      =       850.3454
 1-4 NB =       270.9639  1-4 EEL =     -4464.3985  VDWAALS    =     22948.5951
 EELEC  =   -159494.1976  EHBOND  =         0.0000  RESTRAINT  =         0.0000
 ------------------------------------------------------------------------------


 NSTEP =      700   TIME(PS) =       1.400  TEMP(K) =    25.96  PRESS =     0.0
 Etot   =   -137843.9116  EKtot   =      1775.2343  EPtot      =   -139619.1458
 BOND   =        56.4649  ANGLE   =       168.8868  DIHED      =       851.1894
 1-4 NB =       274.9482  1-4 EEL =     -4464.9884  VDWAALS    =     22884.0316
 EELEC  =   -159389.6783  EHBOND  =         0.0000  RESTRAINT  =         0.0000
 ------------------------------------------------------------------------------


 NSTEP =      750   TIME(PS) =       1.500  TEMP(K) =    27.25  PRESS =     0.0
 Etot   =   -137735.7761  EKtot   =      1863.9812  EPtot      =   -139599.7573
 BOND   =        56.6164  ANGLE   =       169.1019  DIHED      =       854.7345
 1-4 NB =       272.9148  1-4 EEL =     -4467.3531  VDWAALS    =     23060.9669
 EELEC  =   -159546.7388  EHBOND  =         0.0000  RESTRAINT  =         0.0000
 ------------------------------------------------------------------------------


 NSTEP =      800   TIME(PS) =       1.600  TEMP(K) =    28.41  PRESS =     0.0
 Etot   =   -137635.3171  EKtot   =      1942.9852  EPtot      =   -139578.3023
 BOND   =        55.9587  ANGLE   =       167.0588  DIHED      =       858.1637
 1-4 NB =       273.0693  1-4 EEL =     -4461.6273  VDWAALS    =     23023.3354
 EELEC  =   -159494.2609  EHBOND  =         0.0000  RESTRAINT  =         0.0000
 ------------------------------------------------------------------------------


 NSTEP =      850   TIME(PS) =       1.700  TEMP(K) =    29.38  PRESS =     0.0
 Etot   =   -137539.3297  EKtot   =      2009.3274  EPtot      =   -139548.6571
 BOND   =        58.8945  ANGLE   =       172.1618  DIHED      =       853.1126
 1-4 NB =       269.9582  1-4 EEL =     -4466.4825  VDWAALS    =     23106.8185
 EELEC  =   -159543.1202  EHBOND  =         0.0000  RESTRAINT  =         0.0000
 ------------------------------------------------------------------------------


 NSTEP =      900   TIME(PS) =       1.800  TEMP(K) =    30.26  PRESS =     0.0
 Etot   =   -137446.8355  EKtot   =      2069.5315  EPtot      =   -139516.3669
 BOND   =        56.9944  ANGLE   =       168.1612  DIHED      =       852.1512
 1-4 NB =       271.9003  1-4 EEL =     -4469.3111  VDWAALS    =     22968.0986
 EELEC  =   -159364.3616  EHBOND  =         0.0000  RESTRAINT  =         0.0000
 ------------------------------------------------------------------------------


 NSTEP =      950   TIME(PS) =       1.900  TEMP(K) =    31.64  PRESS =     0.0
 Etot   =   -137359.6199  EKtot   =      2164.1340  EPtot      =   -139523.7539
 BOND   =        57.7460  ANGLE   =       169.8478  DIHED      =       847.6483
 1-4 NB =       270.3844  1-4 EEL =     -4468.5498  VDWAALS    =     22945.2194
 EELEC  =   -159346.0499  EHBOND  =         0.0000  RESTRAINT  =         0.0000
 ------------------------------------------------------------------------------

check COM velocity, temp:        0.000036     0.00(Removed)

 NSTEP =     1000   TIME(PS) =       2.000  TEMP(K) =    32.63  PRESS =     0.0
 Etot   =   -137278.1546  EKtot   =      2231.5532  EPtot      =   -139509.7078
 BOND   =        58.7515  ANGLE   =       173.5673  DIHED      =       848.4458
 1-4 NB =       272.5175  1-4 EEL =     -4465.4460  VDWAALS    =     22957.8741
 EELEC  =   -159355.4180  EHBOND  =         0.0000  RESTRAINT  =         0.0000
 ------------------------------------------------------------------------------


 NSTEP =     1050   TIME(PS) =       2.100  TEMP(K) =    33.34  PRESS =     0.0
 Etot   =   -137201.9612  EKtot   =      2280.1973  EPtot      =   -139482.1585
 BOND   =        58.7129  ANGLE   =       174.5716  DIHED      =       851.5490
 1-4 NB =       271.2159  1-4 EEL =     -4471.6881  VDWAALS    =     22808.8376
 EELEC  =   -159175.3575  EHBOND  =         0.0000  RESTRAINT  =         0.0000
 ------------------------------------------------------------------------------


 NSTEP =     1100   TIME(PS) =       2.200  TEMP(K) =    34.38  PRESS =     0.0
 Etot   =   -137129.5206  EKtot   =      2350.9988  EPtot      =   -139480.5194
 BOND   =        58.3538  ANGLE   =       179.8726  DIHED      =       848.5304
 1-4 NB =       274.5188  1-4 EEL =     -4476.9006  VDWAALS    =     22906.9052
 EELEC  =   -159271.7994  EHBOND  =         0.0000  RESTRAINT  =         0.0000
 ------------------------------------------------------------------------------


 NSTEP =     1150   TIME(PS) =       2.300  TEMP(K) =    35.04  PRESS =     0.0
 Etot   =   -137058.4163  EKtot   =      2396.4021  EPtot      =   -139454.8184
 BOND   =        58.5046  ANGLE   =       171.8617  DIHED      =       852.5408
 1-4 NB =       271.4812  1-4 EEL =     -4465.9792  VDWAALS    =     22818.6580
 EELEC  =   -159161.8856  EHBOND  =         0.0000  RESTRAINT  =         0.0000
 ------------------------------------------------------------------------------


 NSTEP =     1200   TIME(PS) =       2.400  TEMP(K) =    35.78  PRESS =     0.0
 Etot   =   -136992.2101  EKtot   =      2446.9448  EPtot      =   -139439.1550
 BOND   =        57.2607  ANGLE   =       172.9623  DIHED      =       853.8745
 1-4 NB =       271.2610  1-4 EEL =     -4470.0606  VDWAALS    =     22822.8281
 EELEC  =   -159147.2810  EHBOND  =         0.0000  RESTRAINT  =         0.0000
 ------------------------------------------------------------------------------


 NSTEP =     1250   TIME(PS) =       2.500  TEMP(K) =    36.57  PRESS =     0.0
 Etot   =   -136928.8812  EKtot   =      2500.8696  EPtot      =   -139429.7509
 BOND   =        61.1021  ANGLE   =       181.0025  DIHED      =       851.2728
 1-4 NB =       273.4602  1-4 EEL =     -4466.9820  VDWAALS    =     22966.3590
 EELEC  =   -159295.9654  EHBOND  =         0.0000  RESTRAINT  =         0.0000
 ------------------------------------------------------------------------------


 NSTEP =     1300   TIME(PS) =       2.600  TEMP(K) =    37.55  PRESS =     0.0
 Etot   =   -136870.1594  EKtot   =      2568.3745  EPtot      =   -139438.5339
 BOND   =        59.7554  ANGLE   =       183.1687  DIHED      =       849.7254
 1-4 NB =       272.0095  1-4 EEL =     -4471.5968  VDWAALS    =     23099.1076
 EELEC  =   -159430.7038  EHBOND  =         0.0000  RESTRAINT  =         0.0000
 ------------------------------------------------------------------------------


 NSTEP =     1350   TIME(PS) =       2.700  TEMP(K) =    37.95  PRESS =     0.0
 Etot   =   -136814.0083  EKtot   =      2595.6826  EPtot      =   -139409.6909
 BOND   =        59.3686  ANGLE   =       180.9161  DIHED      =       859.6331
 1-4 NB =       275.7068  1-4 EEL =     -4465.0341  VDWAALS    =     23012.5433
 EELEC  =   -159332.8246  EHBOND  =         0.0000  RESTRAINT  =         0.0000
 ------------------------------------------------------------------------------


 NSTEP =     1400   TIME(PS) =       2.800  TEMP(K) =    38.99  PRESS =     0.0
 Etot   =   -136763.3907  EKtot   =      2666.3787  EPtot      =   -139429.7693
 BOND   =        59.0636  ANGLE   =       180.5892  DIHED      =       860.5922
 1-4 NB =       276.6567  1-4 EEL =     -4469.0671  VDWAALS    =     23014.3671
 EELEC  =   -159351.9710  EHBOND  =         0.0000  RESTRAINT  =         0.0000
 ------------------------------------------------------------------------------


 NSTEP =     1450   TIME(PS) =       2.900  TEMP(K) =    39.53  PRESS =     0.0
 Etot   =   -136713.2747  EKtot   =      2703.2419  EPtot      =   -139416.5166
 BOND   =        60.5116  ANGLE   =       184.7109  DIHED      =       852.6876
 1-4 NB =       272.6439  1-4 EEL =     -4474.3695  VDWAALS    =     22829.1405
 EELEC  =   -159141.8417  EHBOND  =         0.0000  RESTRAINT  =         0.0000
 ------------------------------------------------------------------------------


 NSTEP =     1500   TIME(PS) =       3.000  TEMP(K) =    40.31  PRESS =     0.0
 Etot   =   -136667.4617  EKtot   =      2757.0505  EPtot      =   -139424.5122
 BOND   =        57.4332  ANGLE   =       174.7762  DIHED      =       851.8079
 1-4 NB =       275.6154  1-4 EEL =     -4456.7138  VDWAALS    =     22983.2898
 EELEC  =   -159310.7209  EHBOND  =         0.0000  RESTRAINT  =         0.0000
 ------------------------------------------------------------------------------


 NSTEP =     1550   TIME(PS) =       3.100  TEMP(K) =    40.58  PRESS =     0.0
 Etot   =   -136624.2296  EKtot   =      2775.5933  EPtot      =   -139399.8228
 BOND   =        60.6398  ANGLE   =       188.6937  DIHED      =       851.4120
 1-4 NB =       269.3512  1-4 EEL =     -4460.5051  VDWAALS    =     22970.2926
 EELEC  =   -159279.7070  EHBOND  =         0.0000  RESTRAINT  =         0.0000
 ------------------------------------------------------------------------------


 NSTEP =     1600   TIME(PS) =       3.200  TEMP(K) =    41.30  PRESS =     0.0
 Etot   =   -136582.4753  EKtot   =      2824.4321  EPtot      =   -139406.9074
 BOND   =        62.0248  ANGLE   =       185.3888  DIHED      =       849.4233
 1-4 NB =       269.4254  1-4 EEL =     -4468.4319  VDWAALS    =     22899.2649
 EELEC  =   -159204.0027  EHBOND  =         0.0000  RESTRAINT  =         0.0000
 ------------------------------------------------------------------------------


 NSTEP =     1650   TIME(PS) =       3.300  TEMP(K) =    42.15  PRESS =     0.0
 Etot   =   -136545.8248  EKtot   =      2882.3477  EPtot      =   -139428.1724
 BOND   =        61.5615  ANGLE   =       185.0692  DIHED      =       841.2626
 1-4 NB =       274.7100  1-4 EEL =     -4463.8313  VDWAALS    =     22955.0069
 EELEC  =   -159281.9514  EHBOND  =         0.0000  RESTRAINT  =         0.0000
 ------------------------------------------------------------------------------


 NSTEP =     1700   TIME(PS) =       3.400  TEMP(K) =    42.42  PRESS =     0.0
 Etot   =   -136509.6929  EKtot   =      2901.1946  EPtot      =   -139410.8875
 BOND   =        58.0643  ANGLE   =       182.6004  DIHED      =       847.3404
 1-4 NB =       274.2670  1-4 EEL =     -4464.4492  VDWAALS    =     23063.6239
 EELEC  =   -159372.3343  EHBOND  =         0.0000  RESTRAINT  =         0.0000
 ------------------------------------------------------------------------------


 NSTEP =     1750   TIME(PS) =       3.500  TEMP(K) =    42.95  PRESS =     0.0
 Etot   =   -136476.3093  EKtot   =      2937.0752  EPtot      =   -139413.3845
 BOND   =        60.1324  ANGLE   =       183.7092  DIHED      =       854.4552
 1-4 NB =       270.5670  1-4 EEL =     -4463.6825  VDWAALS    =     23030.0985
 EELEC  =   -159348.6643  EHBOND  =         0.0000  RESTRAINT  =         0.0000
 ------------------------------------------------------------------------------


 NSTEP =     1800   TIME(PS) =       3.600  TEMP(K) =    43.41  PRESS =     0.0
 Etot   =   -136445.5720  EKtot   =      2969.0483  EPtot      =   -139414.6204
 BOND   =        62.6299  ANGLE   =       188.0652  DIHED      =       851.8755
 1-4 NB =       271.4009  1-4 EEL =     -4471.2426  VDWAALS    =     23057.6713
 EELEC  =   -159375.0205  EHBOND  =         0.0000  RESTRAINT  =         0.0000
 ------------------------------------------------------------------------------


 NSTEP =     1850   TIME(PS) =       3.700  TEMP(K) =    44.06  PRESS =     0.0
 Etot   =   -136415.9178  EKtot   =      3013.5459  EPtot      =   -139429.4637
 BOND   =        61.8399  ANGLE   =       193.6133  DIHED      =       845.1355
 1-4 NB =       275.5291  1-4 EEL =     -4476.5066  VDWAALS    =     23232.8830
 EELEC  =   -159561.9580  EHBOND  =         0.0000  RESTRAINT  =         0.0000
 ------------------------------------------------------------------------------


 NSTEP =     1900   TIME(PS) =       3.800  TEMP(K) =    44.31  PRESS =     0.0
 Etot   =   -136390.0220  EKtot   =      3030.1890  EPtot      =   -139420.2110
 BOND   =        60.4175  ANGLE   =       185.6175  DIHED      =       844.9377
 1-4 NB =       274.2581  1-4 EEL =     -4465.5693  VDWAALS    =     23026.0279
 EELEC  =   -159345.9005  EHBOND  =         0.0000  RESTRAINT  =         0.0000
 ------------------------------------------------------------------------------


 NSTEP =     1950   TIME(PS) =       3.900  TEMP(K) =    44.47  PRESS =     0.0
 Etot   =   -136364.7253  EKtot   =      3041.3535  EPtot      =   -139406.0788
 BOND   =        58.9781  ANGLE   =       179.5908  DIHED      =       852.4327
 1-4 NB =       273.4697  1-4 EEL =     -4461.4372  VDWAALS    =     23056.4234
 EELEC  =   -159365.5363  EHBOND  =         0.0000  RESTRAINT  =         0.0000
 ------------------------------------------------------------------------------

check COM velocity, temp:        0.000009     0.00(Removed)

 NSTEP =     2000   TIME(PS) =       4.000  TEMP(K) =    45.16  PRESS =     0.0
 Etot   =   -136340.6258  EKtot   =      3088.6260  EPtot      =   -139429.2518
 BOND   =        59.6238  ANGLE   =       186.4341  DIHED      =       853.3050
 1-4 NB =       275.1808  1-4 EEL =     -4453.5238  VDWAALS    =     23102.0405
 EELEC  =   -159452.3121  EHBOND  =         0.0000  RESTRAINT  =         0.0000
 ------------------------------------------------------------------------------


 NSTEP =     2050   TIME(PS) =       4.100  TEMP(K) =    45.91  PRESS =     0.0
 Etot   =   -136319.2226  EKtot   =      3139.6423  EPtot      =   -139458.8650
 BOND   =        63.4528  ANGLE   =       179.7317  DIHED      =       847.8691
 1-4 NB =       272.1422  1-4 EEL =     -4467.7742  VDWAALS    =     23151.1892
 EELEC  =   -159505.4759  EHBOND  =         0.0000  RESTRAINT  =         0.0000
 ------------------------------------------------------------------------------


 NSTEP =     2100   TIME(PS) =       4.200  TEMP(K) =    45.54  PRESS =     0.0
 Etot   =   -136298.5480  EKtot   =      3114.6719  EPtot      =   -139413.2199
 BOND   =        59.3236  ANGLE   =       188.1287  DIHED      =       843.2301
 1-4 NB =       275.0805  1-4 EEL =     -4467.8622  VDWAALS    =     23323.0545
 EELEC  =   -159634.1751  EHBOND  =         0.0000  RESTRAINT  =         0.0000
 ------------------------------------------------------------------------------


 NSTEP =     2150   TIME(PS) =       4.300  TEMP(K) =    45.70  PRESS =     0.0
 Etot   =   -136278.8802  EKtot   =      3125.2939  EPtot      =   -139404.1742
 BOND   =        60.1503  ANGLE   =       187.0334  DIHED      =       850.5535
 1-4 NB =       277.2829  1-4 EEL =     -4465.0447  VDWAALS    =     23235.5229
 EELEC  =   -159549.6724  EHBOND  =         0.0000  RESTRAINT  =         0.0000
 ------------------------------------------------------------------------------


 NSTEP =     2200   TIME(PS) =       4.400  TEMP(K) =    45.97  PRESS =     0.0
 Etot   =   -136261.1904  EKtot   =      3143.9897  EPtot      =   -139405.1801
 BOND   =        59.9461  ANGLE   =       183.8627  DIHED      =       851.1799
 1-4 NB =       278.6358  1-4 EEL =     -4456.8838  VDWAALS    =     23189.5304
 EELEC  =   -159511.4512  EHBOND  =         0.0000  RESTRAINT  =         0.0000
 ------------------------------------------------------------------------------


 NSTEP =     2250   TIME(PS) =       4.500  TEMP(K) =    46.90  PRESS =     0.0
 Etot   =   -136244.7355  EKtot   =      3207.7476  EPtot      =   -139452.4831
 BOND   =        61.5856  ANGLE   =       191.6259  DIHED      =       846.2323
 1-4 NB =       270.1999  1-4 EEL =     -4468.0422  VDWAALS    =     23074.9257
 EELEC  =   -159429.0101  EHBOND  =         0.0000  RESTRAINT  =         0.0000
 ------------------------------------------------------------------------------


 NSTEP =     2300   TIME(PS) =       4.600  TEMP(K) =    46.89  PRESS =     0.0
 Etot   =   -136230.5165  EKtot   =      3206.5854  EPtot      =   -139437.1019
 BOND   =        60.7567  ANGLE   =       187.5427  DIHED      =       847.7611
 1-4 NB =       269.5389  1-4 EEL =     -4469.6872  VDWAALS    =     23024.2950
 EELEC  =   -159357.3090  EHBOND  =         0.0000  RESTRAINT  =         0.0000
 ------------------------------------------------------------------------------


 NSTEP =     2350   TIME(PS) =       4.700  TEMP(K) =    47.42  PRESS =     0.0
 Etot   =   -136217.5584  EKtot   =      3243.4377  EPtot      =   -139460.9962
 BOND   =        62.2749  ANGLE   =       185.4270  DIHED      =       851.7035
 1-4 NB =       274.9529  1-4 EEL =     -4466.9075  VDWAALS    =     23122.9114
 EELEC  =   -159491.3584  EHBOND  =         0.0000  RESTRAINT  =         0.0000
 ------------------------------------------------------------------------------


 NSTEP =     2400   TIME(PS) =       4.800  TEMP(K) =    47.83  PRESS =     0.0
 Etot   =   -136207.0356  EKtot   =      3271.4075  EPtot      =   -139478.4431
 BOND   =        60.1925  ANGLE   =       181.9732  DIHED      =       846.8291
 1-4 NB =       274.8707  1-4 EEL =     -4466.9816  VDWAALS    =     23129.4876
 EELEC  =   -159504.8147  EHBOND  =         0.0000  RESTRAINT  =         0.0000
 ------------------------------------------------------------------------------


 NSTEP =     2450   TIME(PS) =       4.900  TEMP(K) =    47.87  PRESS =     0.0
 Etot   =   -136196.7300  EKtot   =      3274.1111  EPtot      =   -139470.8411
 BOND   =        61.2324  ANGLE   =       190.9879  DIHED      =       838.8278
 1-4 NB =       281.0391  1-4 EEL =     -4465.5335  VDWAALS    =     23123.6696
 EELEC  =   -159501.0644  EHBOND  =         0.0000  RESTRAINT  =         0.0000
 ------------------------------------------------------------------------------


 NSTEP =     2500   TIME(PS) =       5.000  TEMP(K) =    47.97  PRESS =     0.0
 Etot   =   -136188.3884  EKtot   =      3280.8311  EPtot      =   -139469.2195
 BOND   =        58.6926  ANGLE   =       185.0298  DIHED      =       847.3420
 1-4 NB =       274.1166  1-4 EEL =     -4461.2674  VDWAALS    =     23167.9826
 EELEC  =   -159541.1156  EHBOND  =         0.0000  RESTRAINT  =         0.0000
 ------------------------------------------------------------------------------


      A V E R A G E S   O V E R      50 S T E P S


 NSTEP =     2500   TIME(PS) =       5.000  TEMP(K) =    33.74  PRESS =     0.0
 Etot   =   -137269.4926  EKtot   =      2307.3973  EPtot      =   -139576.8899
 BOND   =        58.6994  ANGLE   =       177.4110  DIHED      =       849.9101
 1-4 NB =       273.2302  1-4 EEL =     -4468.1143  VDWAALS    =     23003.3838
 EELEC  =   -159471.4101  EHBOND  =         0.0000  RESTRAINT  =         0.0000
 ------------------------------------------------------------------------------


      R M S  F L U C T U A T I O N S


 NSTEP =     2500   TIME(PS) =       5.000  TEMP(K) =    12.02  PRESS =     0.0
 Etot   =      1038.4657  EKtot   =       822.3908  EPtot      =       231.7041
 BOND   =         2.1936  ANGLE   =         8.6775  DIHED      =         4.0142
 1-4 NB =         2.4564  1-4 EEL =         5.5023  VDWAALS    =       287.4252
 EELEC  =       372.4865  EHBOND  =         0.0000  RESTRAINT  =         0.0000
 ------------------------------------------------------------------------------

--------------------------------------------------------------------------------
   5.  TIMINGS
--------------------------------------------------------------------------------

|  NonSetup CPU Time in Major Routines:
|
|     Routine           Sec        %
|     ------------------------------
|     Nonbond           0.57    8.74
|     Bond              0.00    0.00
|     Angle             0.00    0.00
|     Dihedral          0.00    0.00
|     Shake             0.03    0.46
|     RunMD             5.95   90.69
|     Other             0.01    0.11
|     ------------------------------
|     Total             6.56

|  PME Nonbond Pairlist CPU Time:
|
|     Routine              Sec        %
|     ---------------------------------
|     Set Up Cit           0.00    0.00
|     Build List           0.00    0.00
|     ---------------------------------
|     Total                0.00    0.00

|  PME Direct Force CPU Time:
|
|     Routine              Sec        %
|     ---------------------------------
|     NonBonded Calc       0.00    0.00
|     Exclude Masked       0.00    0.00
|     Other                0.00    0.07
|     ---------------------------------
|     Total                0.00    0.07

|  PME Reciprocal Force CPU Time:
|
|     Routine              Sec        %
|     ---------------------------------
|     1D bspline           0.00    0.00
|     Grid Charges         0.00    0.00
|     Scalar Sum           0.00    0.00
|     Gradient Sum         0.00    0.00
|     FFT                  0.00    0.00
|     ---------------------------------
|     Total                0.00    0.00

|  Final Performance Info:
|     -----------------------------------------------------
|     Average timings for last    2500 steps:
|     Elapsed(s) =       6.56 Per Step(ms) =       2.63
|         ns/day =      65.83   seconds/ns =    1312.53
|
|     Average timings for all steps:
|     Elapsed(s) =       6.56 Per Step(ms) =       2.63
|         ns/day =      65.83   seconds/ns =    1312.53
|     -----------------------------------------------------

|  Setup CPU time:            0.70 seconds
|  NonSetup CPU time:         6.56 seconds
|  Total CPU time:            7.26 seconds     0.00 hours

|  Setup wall time:           1    seconds
|  NonSetup wall time:        7    seconds
|  Total wall time:           8    seconds     0.00 hours
