
          -------------------------------------------------------
          Amber 16 PMEMD                              2016
          -------------------------------------------------------

| PMEMD implementation of SANDER, Release 16

| Run on 11/02/2020 at 21:45:10

|   Executable path: pmemd.cuda
| Working directory: /home/kyq/T7RNADNA/newLG10
|          Hostname: gpu01

  [-O]verwriting output

File Assignments:
|   MDIN: heat2.in                                                              
|  MDOUT: cmp_heat2.out                                                         
| INPCRD: cmp_heat1.rst                                                         
|   PARM: cmp.prmtop                                                            
| RESTRT: cmp_heat2.rst                                                         
|   REFC: cmp.inpcrd                                                            
|  MDVEL: mdvel                                                                 
|   MDEN: mden                                                                  
|  MDCRD: cmp_heat2.mdcrd                                                       
| MDINFO: mdinfo                                                                
|  MDFRC: mdfrc                                                                 

 
 Here is the input file:
 
Stage 1 heating 1 5ps 0-100K                                                   
 &cntrl                                                                        
  imin=0, irest=1,ntx=5,                                                       
  nstlim=2500, dt=0.002,                                                       
  ntc=2, ntf=2,                                                                
  ntt=1, tautp=1.5,                                                            
  tempi=50.0, temp0=100.0,                                                     
  ntpr=50, ntwx=50,                                                            
  ntb=1,                                                                       
  cut=10,                                                                      
  /                                                                            


Note: ig = -1. Setting random seed to   463047 based on wallclock time in 
      microseconds.
 
|--------------------- INFORMATION ----------------------
| GPU (CUDA) Version of PMEMD in use: NVIDIA GPU IN USE.
|                    Version 16.0.0
| 
|                      02/25/2016
| 
| Implementation by:
|                    Ross C. Walker     (SDSC)
|                    Scott Le Grand     (nVIDIA)
| 
| Precision model in use:
|      [SPFP] - Single Precision Forces, 64-bit Fixed Point
|               Accumulation. (Default)
| 
|--------------------------------------------------------
 
|----------------- CITATION INFORMATION -----------------
|
|    When publishing work that utilized the CUDA version
|    of AMBER, please cite the following in addition to
|    the regular AMBER citations:
|
|  - Romelia Salomon-Ferrer; Andreas W. Goetz; Duncan
|    Poole; Scott Le Grand; Ross C. Walker "Routine
|    microsecond molecular dynamics simulations with
|    AMBER - Part II: Particle Mesh Ewald", J. Chem.
|    Theory Comput., 2013, 9 (9), pp3878-3888,
|    DOI: 10.1021/ct400314y.
|
|  - Andreas W. Goetz; Mark J. Williamson; Dong Xu;
|    Duncan Poole; Scott Le Grand; Ross C. Walker
|    "Routine microsecond molecular dynamics simulations
|    with AMBER - Part I: Generalized Born", J. Chem.
|    Theory Comput., 2012, 8 (5), pp1542-1555.
|
|  - Scott Le Grand; Andreas W. Goetz; Ross C. Walker
|    "SPFP: Speed without compromise - a mixed precision
|    model for GPU accelerated molecular dynamics
|    simulations.", Comp. Phys. Comm., 2013, 184
|    pp374-380, DOI: 10.1016/j.cpc.2012.09.022
|
|--------------------------------------------------------
 
|------------------- GPU DEVICE INFO --------------------
|
|            CUDA_VISIBLE_DEVICES: 1
|   CUDA Capable Devices Detected:      1
|           CUDA Device ID in use:      0
|                CUDA Device Name: Tesla P100-PCIE-16GB
|     CUDA Device Global Mem Size:  16276 MB
| CUDA Device Num Multiprocessors:     56
|           CUDA Device Core Freq:   1.33 GHz
|
|--------------------------------------------------------
 
 
| Conditional Compilation Defines Used:
| PUBFFT
| BINTRAJ
| CUDA
| EMIL
 
| Largest sphere to fit in unit cell has radius =    32.961

| New format PARM file being parsed.
| Version =    1.000 Date = 11/02/20 Time = 21:40:10

| Note: 1-4 EEL scale factors are being read from the topology file.

| Note: 1-4 VDW scale factors are being read from the topology file.
| Duplicated    0 dihedrals

| Duplicated    0 dihedrals

--------------------------------------------------------------------------------
   1.  RESOURCE   USE: 
--------------------------------------------------------------------------------

 getting box info from netcdf restart file
 NATOM  =   35955 NTYPES =      18 NBONH =   35232 MBONA  =     774
 NTHETH =     898 MTHETA =    1191 NPHIH =    1825 MPHIA  =    2463
 NHPARM =       0 NPARM  =       0 NNB   =   52462 NRES   =   11683
 NBONA  =     774 NTHETA =    1191 NPHIA =    2463 NUMBND =      61
 NUMANG =     127 NPTRA  =      75 NATYP =      34 NPHB   =       1
 IFBOX  =       2 NMXRS  =      33 IFCAP =       0 NEXTRA =       0
 NCOPY  =       0

| Coordinate Index Table dimensions:    13   13   13
| Direct force subcell size =     6.2105    6.2105    6.2105

     BOX TYPE: TRUNCATED OCTAHEDRON

--------------------------------------------------------------------------------
   2.  CONTROL  DATA  FOR  THE  RUN
--------------------------------------------------------------------------------

default_name                                                                    

General flags:
     imin    =       0, nmropt  =       0

Nature and format of input:
     ntx     =       5, irest   =       1, ntrx    =       1

Nature and format of output:
     ntxo    =       2, ntpr    =      50, ntrx    =       1, ntwr    =    2500
     iwrap   =       0, ntwx    =      50, ntwv    =       0, ntwe    =       0
     ioutfm  =       1, ntwprt  =       0, idecomp =       0, rbornstat=      0

Potential function:
     ntf     =       2, ntb     =       1, igb     =       0, nsnb    =      25
     ipol    =       0, gbsa    =       0, iesp    =       0
     dielc   =   1.00000, cut     =  10.00000, intdiel =   1.00000

Frozen or restrained atoms:
     ibelly  =       0, ntr     =       0

Molecular dynamics:
     nstlim  =      2500, nscm    =      1000, nrespa  =         1
     t       =   0.00000, dt      =   0.00200, vlimit  =  -1.00000

Berendsen (weak-coupling) temperature regulation:
     temp0   = 100.00000, tempi   =  50.00000, tautp   =   1.50000

SHAKE:
     ntc     =       2, jfastw  =       0
     tol     =   0.00001

| Intermolecular bonds treatment:
|     no_intermolecular_bonds =       1

| Energy averages sample interval:
|     ene_avg_sampling =      50

Ewald parameters:
     verbose =       0, ew_type =       0, nbflag  =       1, use_pme =       1
     vdwmeth =       1, eedmeth =       1, netfrc  =       1
     Box X =   80.737   Box Y =   80.737   Box Z =   80.737
     Alpha =  109.471   Beta  =  109.471   Gamma =  109.471
     NFFT1 =   84       NFFT2 =   84       NFFT3 =   84
     Cutoff=   10.000   Tol   =0.100E-04
     Ewald Coefficient =  0.27511
     Interpolation order =    4

--------------------------------------------------------------------------------
   3.  ATOMIC COORDINATES AND VELOCITIES
--------------------------------------------------------------------------------

default_name                                                                    
 begin time read from input coords =     5.000 ps

 
 Number of triangulated 3-point waters found:    11617

     Sum of charges from parm topology file =   0.00000020
     Forcing neutrality...

| Dynamic Memory, Types Used:
| Reals             1044211
| Integers           865448

| Nonbonded Pairs Initial Allocation:    10875488

| GPU memory information (estimate):
| KB of GPU memory in use:    168235
| KB of CPU memory in use:     57103

--------------------------------------------------------------------------------
   4.  RESULTS
--------------------------------------------------------------------------------

 ---------------------------------------------------
 APPROXIMATING switch and d/dx switch using CUBIC SPLINE INTERPOLATION
 using   5000.0 points per unit in tabled values
 TESTING RELATIVE ERROR over r ranging from 0.0 to cutoff
| CHECK switch(x): max rel err =   0.3316E-14   at   2.351880
| CHECK d/dx switch(x): max rel err =   0.8066E-11   at   2.747240
 ---------------------------------------------------
|---------------------------------------------------
| APPROXIMATING direct energy using CUBIC SPLINE INTERPOLATION
|  with   50.0 points per unit in tabled values
| Relative Error Limit not exceeded for r .gt.   2.34
| APPROXIMATING direct force using CUBIC SPLINE INTERPOLATION
|  with   50.0 points per unit in tabled values
| Relative Error Limit not exceeded for r .gt.   2.81
|---------------------------------------------------

 NSTEP =       50   TIME(PS) =       5.100  TEMP(K) =    50.08  PRESS =     0.0
 Etot   =   -143068.0199  EKtot   =      3614.3030  EPtot      =   -146682.3229
 BOND   =        61.6840  ANGLE   =       194.3037  DIHED      =       979.6475
 1-4 NB =       265.2688  1-4 EEL =     -4803.6226  VDWAALS    =     24620.5085
 EELEC  =   -168000.1128  EHBOND  =         0.0000  RESTRAINT  =         0.0000
 ------------------------------------------------------------------------------


 NSTEP =      100   TIME(PS) =       5.200  TEMP(K) =    51.60  PRESS =     0.0
 Etot   =   -142832.1248  EKtot   =      3723.7158  EPtot      =   -146555.8406
 BOND   =        61.4283  ANGLE   =       203.4233  DIHED      =       970.3082
 1-4 NB =       261.7682  1-4 EEL =     -4808.4522  VDWAALS    =     24511.8150
 EELEC  =   -167756.1314  EHBOND  =         0.0000  RESTRAINT  =         0.0000
 ------------------------------------------------------------------------------


 NSTEP =      150   TIME(PS) =       5.300  TEMP(K) =    53.08  PRESS =     0.0
 Etot   =   -142603.3194  EKtot   =      3830.8530  EPtot      =   -146434.1724
 BOND   =        66.1260  ANGLE   =       201.0801  DIHED      =       972.6423
 1-4 NB =       264.6667  1-4 EEL =     -4815.2415  VDWAALS    =     24520.1729
 EELEC  =   -167643.6188  EHBOND  =         0.0000  RESTRAINT  =         0.0000
 ------------------------------------------------------------------------------


 NSTEP =      200   TIME(PS) =       5.400  TEMP(K) =    55.19  PRESS =     0.0
 Etot   =   -142383.0799  EKtot   =      3982.9031  EPtot      =   -146365.9830
 BOND   =        66.5568  ANGLE   =       198.7229  DIHED      =       981.8952
 1-4 NB =       261.9401  1-4 EEL =     -4809.5389  VDWAALS    =     24587.7085
 EELEC  =   -167653.2676  EHBOND  =         0.0000  RESTRAINT  =         0.0000
 ------------------------------------------------------------------------------


 NSTEP =      250   TIME(PS) =       5.500  TEMP(K) =    55.97  PRESS =     0.0
 Etot   =   -142170.4334  EKtot   =      4039.3435  EPtot      =   -146209.7769
 BOND   =        63.7945  ANGLE   =       200.2917  DIHED      =       981.8402
 1-4 NB =       265.0829  1-4 EEL =     -4805.6936  VDWAALS    =     24473.9186
 EELEC  =   -167389.0112  EHBOND  =         0.0000  RESTRAINT  =         0.0000
 ------------------------------------------------------------------------------


 NSTEP =      300   TIME(PS) =       5.600  TEMP(K) =    58.14  PRESS =     0.0
 Etot   =   -141963.6802  EKtot   =      4195.8071  EPtot      =   -146159.4874
 BOND   =        62.8046  ANGLE   =       207.2293  DIHED      =       981.7772
 1-4 NB =       263.2607  1-4 EEL =     -4806.9932  VDWAALS    =     24394.5425
 EELEC  =   -167262.1086  EHBOND  =         0.0000  RESTRAINT  =         0.0000
 ------------------------------------------------------------------------------


 NSTEP =      350   TIME(PS) =       5.700  TEMP(K) =    59.40  PRESS =     0.0
 Etot   =   -141765.3336  EKtot   =      4286.9316  EPtot      =   -146052.2652
 BOND   =        61.5521  ANGLE   =       206.0682  DIHED      =       976.2005
 1-4 NB =       264.4899  1-4 EEL =     -4804.7718  VDWAALS    =     24473.8393
 EELEC  =   -167229.6434  EHBOND  =         0.0000  RESTRAINT  =         0.0000
 ------------------------------------------------------------------------------


 NSTEP =      400   TIME(PS) =       5.800  TEMP(K) =    60.66  PRESS =     0.0
 Etot   =   -141574.0909  EKtot   =      4377.3037  EPtot      =   -145951.3946
 BOND   =        67.2745  ANGLE   =       210.7913  DIHED      =       981.5604
 1-4 NB =       262.8891  1-4 EEL =     -4814.7887  VDWAALS    =     24565.3726
 EELEC  =   -167224.4938  EHBOND  =         0.0000  RESTRAINT  =         0.0000
 ------------------------------------------------------------------------------


 NSTEP =      450   TIME(PS) =       5.900  TEMP(K) =    62.09  PRESS =     0.0
 Etot   =   -141388.9230  EKtot   =      4480.8730  EPtot      =   -145869.7960
 BOND   =        65.1024  ANGLE   =       207.2072  DIHED      =       982.4721
 1-4 NB =       266.1090  1-4 EEL =     -4806.9520  VDWAALS    =     24507.6158
 EELEC  =   -167091.3505  EHBOND  =         0.0000  RESTRAINT  =         0.0000
 ------------------------------------------------------------------------------


 NSTEP =      500   TIME(PS) =       6.000  TEMP(K) =    63.68  PRESS =     0.0
 Etot   =   -141210.5100  EKtot   =      4595.5220  EPtot      =   -145806.0320
 BOND   =        67.4223  ANGLE   =       212.1127  DIHED      =       981.7649
 1-4 NB =       266.6274  1-4 EEL =     -4820.5766  VDWAALS    =     24406.9055
 EELEC  =   -166920.2882  EHBOND  =         0.0000  RESTRAINT  =         0.0000
 ------------------------------------------------------------------------------


 NSTEP =      550   TIME(PS) =       6.100  TEMP(K) =    65.24  PRESS =     0.0
 Etot   =   -141039.9499  EKtot   =      4707.7070  EPtot      =   -145747.6570
 BOND   =        68.4624  ANGLE   =       207.7210  DIHED      =       977.3967
 1-4 NB =       262.9158  1-4 EEL =     -4814.1491  VDWAALS    =     24458.8763
 EELEC  =   -166908.8800  EHBOND  =         0.0000  RESTRAINT  =         0.0000
 ------------------------------------------------------------------------------


 NSTEP =      600   TIME(PS) =       6.200  TEMP(K) =    65.99  PRESS =     0.0
 Etot   =   -140872.9226  EKtot   =      4762.4336  EPtot      =   -145635.3562
 BOND   =        67.5579  ANGLE   =       206.0033  DIHED      =       982.3733
 1-4 NB =       265.1821  1-4 EEL =     -4815.5472  VDWAALS    =     24384.1139
 EELEC  =   -166725.0396  EHBOND  =         0.0000  RESTRAINT  =         0.0000
 ------------------------------------------------------------------------------


 NSTEP =      650   TIME(PS) =       6.300  TEMP(K) =    66.94  PRESS =     0.0
 Etot   =   -140712.0847  EKtot   =      4830.9443  EPtot      =   -145543.0291
 BOND   =        64.8151  ANGLE   =       200.9764  DIHED      =       977.2201
 1-4 NB =       267.4533  1-4 EEL =     -4806.1956  VDWAALS    =     24480.3832
 EELEC  =   -166727.6817  EHBOND  =         0.0000  RESTRAINT  =         0.0000
 ------------------------------------------------------------------------------


 NSTEP =      700   TIME(PS) =       6.400  TEMP(K) =    68.27  PRESS =     0.0
 Etot   =   -140555.2766  EKtot   =      4926.9409  EPtot      =   -145482.2175
 BOND   =        68.3677  ANGLE   =       215.8478  DIHED      =       975.1445
 1-4 NB =       263.7356  1-4 EEL =     -4818.0436  VDWAALS    =     24475.4616
 EELEC  =   -166662.7311  EHBOND  =         0.0000  RESTRAINT  =         0.0000
 ------------------------------------------------------------------------------


 NSTEP =      750   TIME(PS) =       6.500  TEMP(K) =    69.85  PRESS =     0.0
 Etot   =   -140405.8737  EKtot   =      5040.7681  EPtot      =   -145446.6417
 BOND   =        68.0161  ANGLE   =       212.4543  DIHED      =       982.4441
 1-4 NB =       269.3134  1-4 EEL =     -4813.9175  VDWAALS    =     24607.9378
 EELEC  =   -166772.8899  EHBOND  =         0.0000  RESTRAINT  =         0.0000
 ------------------------------------------------------------------------------


 NSTEP =      800   TIME(PS) =       6.600  TEMP(K) =    69.96  PRESS =     0.0
 Etot   =   -140260.4710  EKtot   =      5048.3496  EPtot      =   -145308.8206
 BOND   =        68.0920  ANGLE   =       223.7385  DIHED      =       975.2247
 1-4 NB =       266.6918  1-4 EEL =     -4821.9703  VDWAALS    =     24349.9057
 EELEC  =   -166370.5031  EHBOND  =         0.0000  RESTRAINT  =         0.0000
 ------------------------------------------------------------------------------


 NSTEP =      850   TIME(PS) =       6.700  TEMP(K) =    71.19  PRESS =     0.0
 Etot   =   -140121.1589  EKtot   =      5137.6333  EPtot      =   -145258.7922
 BOND   =        71.8511  ANGLE   =       219.7774  DIHED      =       984.6645
 1-4 NB =       266.8367  1-4 EEL =     -4817.7753  VDWAALS    =     24198.1069
 EELEC  =   -166182.2535  EHBOND  =         0.0000  RESTRAINT  =         0.0000
 ------------------------------------------------------------------------------


 NSTEP =      900   TIME(PS) =       6.800  TEMP(K) =    71.88  PRESS =     0.0
 Etot   =   -139985.2471  EKtot   =      5186.9932  EPtot      =   -145172.2402
 BOND   =        65.7932  ANGLE   =       215.6499  DIHED      =       982.5641
 1-4 NB =       270.4943  1-4 EEL =     -4819.6836  VDWAALS    =     24348.4490
 EELEC  =   -166235.5072  EHBOND  =         0.0000  RESTRAINT  =         0.0000
 ------------------------------------------------------------------------------


 NSTEP =      950   TIME(PS) =       6.900  TEMP(K) =    73.94  PRESS =     0.0
 Etot   =   -139855.5755  EKtot   =      5335.7656  EPtot      =   -145191.3411
 BOND   =        76.2598  ANGLE   =       218.8399  DIHED      =       985.1348
 1-4 NB =       260.2326  1-4 EEL =     -4822.1388  VDWAALS    =     24272.5341
 EELEC  =   -166182.2034  EHBOND  =         0.0000  RESTRAINT  =         0.0000
 ------------------------------------------------------------------------------

check COM velocity, temp:        0.000016     0.00(Removed)

 NSTEP =     1000   TIME(PS) =       7.000  TEMP(K) =    73.61  PRESS =     0.0
 Etot   =   -139730.2118  EKtot   =      5311.9971  EPtot      =   -145042.2089
 BOND   =        64.9268  ANGLE   =       221.9773  DIHED      =       990.2297
 1-4 NB =       267.4392  1-4 EEL =     -4806.9698  VDWAALS    =     24149.2349
 EELEC  =   -165929.0472  EHBOND  =         0.0000  RESTRAINT  =         0.0000
 ------------------------------------------------------------------------------


 NSTEP =     1050   TIME(PS) =       7.100  TEMP(K) =    75.70  PRESS =     0.0
 Etot   =   -139608.4510  EKtot   =      5463.2271  EPtot      =   -145071.6780
 BOND   =        68.0077  ANGLE   =       217.6529  DIHED      =       976.9565
 1-4 NB =       266.6771  1-4 EEL =     -4793.5956  VDWAALS    =     24292.3696
 EELEC  =   -166099.7462  EHBOND  =         0.0000  RESTRAINT  =         0.0000
 ------------------------------------------------------------------------------


 NSTEP =     1100   TIME(PS) =       7.200  TEMP(K) =    76.40  PRESS =     0.0
 Etot   =   -139491.4352  EKtot   =      5513.3369  EPtot      =   -145004.7721
 BOND   =        71.6516  ANGLE   =       223.5489  DIHED      =       974.9434
 1-4 NB =       261.4072  1-4 EEL =     -4802.3001  VDWAALS    =     24314.6596
 EELEC  =   -166048.6827  EHBOND  =         0.0000  RESTRAINT  =         0.0000
 ------------------------------------------------------------------------------


 NSTEP =     1150   TIME(PS) =       7.300  TEMP(K) =    77.56  PRESS =     0.0
 Etot   =   -139381.6423  EKtot   =      5596.8467  EPtot      =   -144978.4890
 BOND   =        72.7223  ANGLE   =       226.8469  DIHED      =       982.6217
 1-4 NB =       274.3726  1-4 EEL =     -4811.2299  VDWAALS    =     24311.4611
 EELEC  =   -166035.2837  EHBOND  =         0.0000  RESTRAINT  =         0.0000
 ------------------------------------------------------------------------------


 NSTEP =     1200   TIME(PS) =       7.400  TEMP(K) =    78.21  PRESS =     0.0
 Etot   =   -139276.3405  EKtot   =      5643.7290  EPtot      =   -144920.0695
 BOND   =        73.8760  ANGLE   =       212.6831  DIHED      =       988.9550
 1-4 NB =       264.3000  1-4 EEL =     -4798.5988  VDWAALS    =     24359.8144
 EELEC  =   -166021.0991  EHBOND  =         0.0000  RESTRAINT  =         0.0000
 ------------------------------------------------------------------------------


 NSTEP =     1250   TIME(PS) =       7.500  TEMP(K) =    78.88  PRESS =     0.0
 Etot   =   -139172.4570  EKtot   =      5692.3389  EPtot      =   -144864.7958
 BOND   =        71.5541  ANGLE   =       209.2055  DIHED      =       988.6487
 1-4 NB =       264.6832  1-4 EEL =     -4792.0585  VDWAALS    =     24126.2291
 EELEC  =   -165733.0580  EHBOND  =         0.0000  RESTRAINT  =         0.0000
 ------------------------------------------------------------------------------


 NSTEP =     1300   TIME(PS) =       7.600  TEMP(K) =    80.16  PRESS =     0.0
 Etot   =   -139072.6230  EKtot   =      5785.0601  EPtot      =   -144857.6830
 BOND   =        72.9400  ANGLE   =       225.7804  DIHED      =       980.5805
 1-4 NB =       268.4334  1-4 EEL =     -4809.3183  VDWAALS    =     24013.5844
 EELEC  =   -165609.6834  EHBOND  =         0.0000  RESTRAINT  =         0.0000
 ------------------------------------------------------------------------------


 NSTEP =     1350   TIME(PS) =       7.700  TEMP(K) =    80.54  PRESS =     0.0
 Etot   =   -138977.7900  EKtot   =      5812.1851  EPtot      =   -144789.9751
 BOND   =        80.9534  ANGLE   =       234.9423  DIHED      =       984.5821
 1-4 NB =       264.7333  1-4 EEL =     -4824.1542  VDWAALS    =     24060.8835
 EELEC  =   -165591.9156  EHBOND  =         0.0000  RESTRAINT  =         0.0000
 ------------------------------------------------------------------------------


 NSTEP =     1400   TIME(PS) =       7.800  TEMP(K) =    81.52  PRESS =     0.0
 Etot   =   -138887.0849  EKtot   =      5883.0488  EPtot      =   -144770.1337
 BOND   =        69.8112  ANGLE   =       219.5252  DIHED      =       986.2864
 1-4 NB =       270.4551  1-4 EEL =     -4796.4437  VDWAALS    =     24218.0819
 EELEC  =   -165737.8497  EHBOND  =         0.0000  RESTRAINT  =         0.0000
 ------------------------------------------------------------------------------


 NSTEP =     1450   TIME(PS) =       7.900  TEMP(K) =    82.40  PRESS =     0.0
 Etot   =   -138799.9745  EKtot   =      5946.3125  EPtot      =   -144746.2870
 BOND   =        71.5693  ANGLE   =       222.1148  DIHED      =       988.2228
 1-4 NB =       266.5845  1-4 EEL =     -4795.9141  VDWAALS    =     24071.2127
 EELEC  =   -165570.0770  EHBOND  =         0.0000  RESTRAINT  =         0.0000
 ------------------------------------------------------------------------------


 NSTEP =     1500   TIME(PS) =       8.000  TEMP(K) =    82.69  PRESS =     0.0
 Etot   =   -138717.1052  EKtot   =      5967.3203  EPtot      =   -144684.4255
 BOND   =        73.4312  ANGLE   =       230.8407  DIHED      =       988.3956
 1-4 NB =       264.9911  1-4 EEL =     -4806.8591  VDWAALS    =     24126.5824
 EELEC  =   -165561.8074  EHBOND  =         0.0000  RESTRAINT  =         0.0000
 ------------------------------------------------------------------------------


 NSTEP =     1550   TIME(PS) =       8.100  TEMP(K) =    83.42  PRESS =     0.0
 Etot   =   -138635.2135  EKtot   =      6020.2842  EPtot      =   -144655.4977
 BOND   =        72.2507  ANGLE   =       222.7621  DIHED      =       988.9223
 1-4 NB =       269.4693  1-4 EEL =     -4792.3228  VDWAALS    =     24052.5746
 EELEC  =   -165469.1540  EHBOND  =         0.0000  RESTRAINT  =         0.0000
 ------------------------------------------------------------------------------


 NSTEP =     1600   TIME(PS) =       8.200  TEMP(K) =    83.59  PRESS =     0.0
 Etot   =   -138557.3877  EKtot   =      6032.1641  EPtot      =   -144589.5518
 BOND   =        74.9532  ANGLE   =       224.6593  DIHED      =       986.2652
 1-4 NB =       267.4692  1-4 EEL =     -4808.8283  VDWAALS    =     24054.4952
 EELEC  =   -165388.5656  EHBOND  =         0.0000  RESTRAINT  =         0.0000
 ------------------------------------------------------------------------------


 NSTEP =     1650   TIME(PS) =       8.300  TEMP(K) =    84.85  PRESS =     0.0
 Etot   =   -138481.9755  EKtot   =      6123.0825  EPtot      =   -144605.0580
 BOND   =        72.5977  ANGLE   =       219.7692  DIHED      =       978.9005
 1-4 NB =       270.0543  1-4 EEL =     -4795.2959  VDWAALS    =     24228.7867
 EELEC  =   -165579.8706  EHBOND  =         0.0000  RESTRAINT  =         0.0000
 ------------------------------------------------------------------------------


 NSTEP =     1700   TIME(PS) =       8.400  TEMP(K) =    85.76  PRESS =     0.0
 Etot   =   -138410.2877  EKtot   =      6188.6807  EPtot      =   -144598.9684
 BOND   =        78.5873  ANGLE   =       230.1393  DIHED      =       985.3683
 1-4 NB =       268.0547  1-4 EEL =     -4823.3480  VDWAALS    =     24108.6465
 EELEC  =   -165446.4164  EHBOND  =         0.0000  RESTRAINT  =         0.0000
 ------------------------------------------------------------------------------


 NSTEP =     1750   TIME(PS) =       8.500  TEMP(K) =    85.53  PRESS =     0.0
 Etot   =   -138342.7382  EKtot   =      6172.2637  EPtot      =   -144515.0018
 BOND   =        75.6253  ANGLE   =       230.5657  DIHED      =       980.4071
 1-4 NB =       266.6146  1-4 EEL =     -4817.9563  VDWAALS    =     24000.8589
 EELEC  =   -165251.1172  EHBOND  =         0.0000  RESTRAINT  =         0.0000
 ------------------------------------------------------------------------------


 NSTEP =     1800   TIME(PS) =       8.600  TEMP(K) =    86.74  PRESS =     0.0
 Etot   =   -138275.0149  EKtot   =      6259.6558  EPtot      =   -144534.6707
 BOND   =        76.3281  ANGLE   =       228.8790  DIHED      =       977.0888
 1-4 NB =       262.8641  1-4 EEL =     -4811.6698  VDWAALS    =     23965.9066
 EELEC  =   -165234.0675  EHBOND  =         0.0000  RESTRAINT  =         0.0000
 ------------------------------------------------------------------------------


 NSTEP =     1850   TIME(PS) =       8.700  TEMP(K) =    87.04  PRESS =     0.0
 Etot   =   -138213.4944  EKtot   =      6281.0850  EPtot      =   -144494.5793
 BOND   =        72.5966  ANGLE   =       215.2194  DIHED      =       988.7613
 1-4 NB =       270.3338  1-4 EEL =     -4800.1066  VDWAALS    =     24084.9192
 EELEC  =   -165326.3029  EHBOND  =         0.0000  RESTRAINT  =         0.0000
 ------------------------------------------------------------------------------


 NSTEP =     1900   TIME(PS) =       8.800  TEMP(K) =    87.42  PRESS =     0.0
 Etot   =   -138152.1333  EKtot   =      6308.5757  EPtot      =   -144460.7089
 BOND   =        78.4224  ANGLE   =       233.7841  DIHED      =       981.8417
 1-4 NB =       262.4709  1-4 EEL =     -4823.1342  VDWAALS    =     24049.0408
 EELEC  =   -165243.1346  EHBOND  =         0.0000  RESTRAINT  =         0.0000
 ------------------------------------------------------------------------------


 NSTEP =     1950   TIME(PS) =       8.900  TEMP(K) =    88.31  PRESS =     0.0
 Etot   =   -138093.2889  EKtot   =      6372.8501  EPtot      =   -144466.1390
 BOND   =        75.1089  ANGLE   =       224.8975  DIHED      =       985.5975
 1-4 NB =       269.5583  1-4 EEL =     -4806.2412  VDWAALS    =     24019.6111
 EELEC  =   -165234.6711  EHBOND  =         0.0000  RESTRAINT  =         0.0000
 ------------------------------------------------------------------------------

check COM velocity, temp:        0.000016     0.00(Removed)

 NSTEP =     2000   TIME(PS) =       9.000  TEMP(K) =    88.75  PRESS =     0.0
 Etot   =   -138036.8457  EKtot   =      6404.8975  EPtot      =   -144441.7432
 BOND   =        74.7017  ANGLE   =       221.3998  DIHED      =       986.4484
 1-4 NB =       268.9379  1-4 EEL =     -4809.6752  VDWAALS    =     24275.7810
 EELEC  =   -165459.3369  EHBOND  =         0.0000  RESTRAINT  =         0.0000
 ------------------------------------------------------------------------------


 NSTEP =     2050   TIME(PS) =       9.100  TEMP(K) =    88.85  PRESS =     0.0
 Etot   =   -137983.4484  EKtot   =      6412.1270  EPtot      =   -144395.5754
 BOND   =        75.6445  ANGLE   =       242.0299  DIHED      =       980.6665
 1-4 NB =       267.7932  1-4 EEL =     -4818.6231  VDWAALS    =     24242.4990
 EELEC  =   -165385.5852  EHBOND  =         0.0000  RESTRAINT  =         0.0000
 ------------------------------------------------------------------------------


 NSTEP =     2100   TIME(PS) =       9.200  TEMP(K) =    89.19  PRESS =     0.0
 Etot   =   -137930.2568  EKtot   =      6436.4121  EPtot      =   -144366.6689
 BOND   =        73.9792  ANGLE   =       228.0532  DIHED      =       989.1018
 1-4 NB =       271.5143  1-4 EEL =     -4821.5160  VDWAALS    =     24203.9611
 EELEC  =   -165311.7625  EHBOND  =         0.0000  RESTRAINT  =         0.0000
 ------------------------------------------------------------------------------


 NSTEP =     2150   TIME(PS) =       9.300  TEMP(K) =    89.51  PRESS =     0.0
 Etot   =   -137880.0395  EKtot   =      6459.6309  EPtot      =   -144339.6704
 BOND   =        77.2056  ANGLE   =       228.2403  DIHED      =       988.9639
 1-4 NB =       260.8453  1-4 EEL =     -4810.0296  VDWAALS    =     24167.2443
 EELEC  =   -165252.1401  EHBOND  =         0.0000  RESTRAINT  =         0.0000
 ------------------------------------------------------------------------------


 NSTEP =     2200   TIME(PS) =       9.400  TEMP(K) =    90.34  PRESS =     0.0
 Etot   =   -137833.1321  EKtot   =      6519.1528  EPtot      =   -144352.2849
 BOND   =        78.2484  ANGLE   =       238.8681  DIHED      =       989.9259
 1-4 NB =       263.5420  1-4 EEL =     -4808.5594  VDWAALS    =     23993.3676
 EELEC  =   -165107.6776  EHBOND  =         0.0000  RESTRAINT  =         0.0000
 ------------------------------------------------------------------------------


 NSTEP =     2250   TIME(PS) =       9.500  TEMP(K) =    90.89  PRESS =     0.0
 Etot   =   -137785.9001  EKtot   =      6558.8916  EPtot      =   -144344.7917
 BOND   =        77.0633  ANGLE   =       221.3479  DIHED      =       987.5678
 1-4 NB =       269.8782  1-4 EEL =     -4812.5735  VDWAALS    =     23997.5430
 EELEC  =   -165085.6185  EHBOND  =         0.0000  RESTRAINT  =         0.0000
 ------------------------------------------------------------------------------


 NSTEP =     2300   TIME(PS) =       9.600  TEMP(K) =    91.02  PRESS =     0.0
 Etot   =   -137741.9590  EKtot   =      6568.7202  EPtot      =   -144310.6792
 BOND   =        81.0606  ANGLE   =       235.8385  DIHED      =       990.4370
 1-4 NB =       268.7359  1-4 EEL =     -4811.2529  VDWAALS    =     23875.8352
 EELEC  =   -164951.3335  EHBOND  =         0.0000  RESTRAINT  =         0.0000
 ------------------------------------------------------------------------------


 NSTEP =     2350   TIME(PS) =       9.700  TEMP(K) =    91.16  PRESS =     0.0
 Etot   =   -137701.4998  EKtot   =      6578.2812  EPtot      =   -144279.7810
 BOND   =        78.8019  ANGLE   =       233.2723  DIHED      =       983.8489
 1-4 NB =       265.7945  1-4 EEL =     -4820.0167  VDWAALS    =     23845.1776
 EELEC  =   -164866.6595  EHBOND  =         0.0000  RESTRAINT  =         0.0000
 ------------------------------------------------------------------------------


 NSTEP =     2400   TIME(PS) =       9.800  TEMP(K) =    91.38  PRESS =     0.0
 Etot   =   -137659.5116  EKtot   =      6594.6001  EPtot      =   -144254.1117
 BOND   =        79.1861  ANGLE   =       230.8444  DIHED      =       976.6355
 1-4 NB =       270.0168  1-4 EEL =     -4812.0785  VDWAALS    =     23935.7379
 EELEC  =   -164934.4539  EHBOND  =         0.0000  RESTRAINT  =         0.0000
 ------------------------------------------------------------------------------


 NSTEP =     2450   TIME(PS) =       9.900  TEMP(K) =    92.61  PRESS =     0.0
 Etot   =   -137620.2632  EKtot   =      6683.5269  EPtot      =   -144303.7900
 BOND   =        78.7795  ANGLE   =       234.8167  DIHED      =       986.2745
 1-4 NB =       265.6556  1-4 EEL =     -4818.3417  VDWAALS    =     24045.7066
 EELEC  =   -165096.6810  EHBOND  =         0.0000  RESTRAINT  =         0.0000
 ------------------------------------------------------------------------------


 NSTEP =     2500   TIME(PS) =      10.000  TEMP(K) =    92.72  PRESS =     0.0
 Etot   =   -137583.9526  EKtot   =      6691.2563  EPtot      =   -144275.2090
 BOND   =        78.7146  ANGLE   =       221.3473  DIHED      =       989.7629
 1-4 NB =       269.8393  1-4 EEL =     -4802.1883  VDWAALS    =     24000.2711
 EELEC  =   -165032.9558  EHBOND  =         0.0000  RESTRAINT  =         0.0000
 ------------------------------------------------------------------------------


      A V E R A G E S   O V E R      50 S T E P S


 NSTEP =     2500   TIME(PS) =      10.000  TEMP(K) =    76.60  PRESS =     0.0
 Etot   =   -139536.0307  EKtot   =      5527.7326  EPtot      =   -145063.7633
 BOND   =        71.6852  ANGLE   =       219.4818  DIHED      =       982.9097
 1-4 NB =       266.3696  1-4 EEL =     -4810.1450  VDWAALS    =     24236.6049
 EELEC  =   -166030.6694  EHBOND  =         0.0000  RESTRAINT  =         0.0000
 ------------------------------------------------------------------------------


      R M S  F L U C T U A T I O N S


 NSTEP =     2500   TIME(PS) =      10.000  TEMP(K) =    12.40  PRESS =     0.0
 Etot   =      1589.4009  EKtot   =       895.0048  EPtot      =       696.2555
 BOND   =         5.4691  ANGLE   =        11.4253  DIHED      =         5.0762
 1-4 NB =         3.0922  1-4 EEL =         8.6618  VDWAALS    =       210.0620
 EELEC  =       866.9481  EHBOND  =         0.0000  RESTRAINT  =         0.0000
 ------------------------------------------------------------------------------

--------------------------------------------------------------------------------
   5.  TIMINGS
--------------------------------------------------------------------------------

|  NonSetup CPU Time in Major Routines:
|
|     Routine           Sec        %
|     ------------------------------
|     Nonbond           0.24   10.25
|     Bond              0.00    0.00
|     Angle             0.00    0.00
|     Dihedral          0.00    0.00
|     Shake             0.02    0.73
|     RunMD             2.06   88.72
|     Other             0.01    0.29
|     ------------------------------
|     Total             2.33

|  PME Nonbond Pairlist CPU Time:
|
|     Routine              Sec        %
|     ---------------------------------
|     Set Up Cit           0.00    0.00
|     Build List           0.00    0.00
|     ---------------------------------
|     Total                0.00    0.00

|  PME Direct Force CPU Time:
|
|     Routine              Sec        %
|     ---------------------------------
|     NonBonded Calc       0.00    0.00
|     Exclude Masked       0.00    0.00
|     Other                0.01    0.23
|     ---------------------------------
|     Total                0.01    0.23

|  PME Reciprocal Force CPU Time:
|
|     Routine              Sec        %
|     ---------------------------------
|     1D bspline           0.00    0.00
|     Grid Charges         0.00    0.00
|     Scalar Sum           0.00    0.00
|     Gradient Sum         0.00    0.00
|     FFT                  0.00    0.00
|     ---------------------------------
|     Total                0.00    0.00

|  Final Performance Info:
|     -----------------------------------------------------
|     Average timings for last    2450 steps:
|     Elapsed(s) =       4.55 Per Step(ms) =       1.86
|         ns/day =      93.00   seconds/ns =     929.05
|
|     Average timings for all steps:
|     Elapsed(s) =       4.66 Per Step(ms) =       1.86
|         ns/day =      92.76   seconds/ns =     931.39
|     -----------------------------------------------------

|  Setup CPU time:            0.64 seconds
|  NonSetup CPU time:         2.33 seconds
|  Total CPU time:            2.96 seconds     0.00 hours

|  Setup wall time:           2    seconds
|  NonSetup wall time:        4    seconds
|  Total wall time:           6    seconds     0.00 hours
