
          -------------------------------------------------------
          Amber 16 PMEMD                              2016
          -------------------------------------------------------

| PMEMD implementation of SANDER, Release 16

| Run on 11/02/2020 at 21:44:12

|   Executable path: pmemd.cuda
| Working directory: /home/kyq/T7RNADNA/newLG10
|          Hostname: gpu01

  [-O]verwriting output

File Assignments:
|   MDIN: min3.in                                                               
|  MDOUT: cmp_min3.out                                                          
| INPCRD: cmp_min2.rst                                                          
|   PARM: cmp.prmtop                                                            
| RESTRT: cmp_heat0.rst                                                         
|   REFC: cmp.inpcrd                                                            
|  MDVEL: mdvel                                                                 
|   MDEN: mden                                                                  
|  MDCRD: mdcrd                                                                 
| MDINFO: mdinfo                                                                
|  MDFRC: mdfrc                                                                 

 
 Here is the input file:
 
Initial minimisation of our structures                                         
 &cntrl                                                                        
  imin=1, maxcyc=10000, ncyc=5000,                                             
  cut=10, ntb=1,                                                               
/                                                                              


Note: ig = -1. Setting random seed to   785064 based on wallclock time in 
      microseconds.
 
|--------------------- INFORMATION ----------------------
| GPU (CUDA) Version of PMEMD in use: NVIDIA GPU IN USE.
|                    Version 16.0.0
| 
|                      02/25/2016
| 
| Implementation by:
|                    Ross C. Walker     (SDSC)
|                    Scott Le Grand     (nVIDIA)
| 
| Precision model in use:
|      [SPFP] - Single Precision Forces, 64-bit Fixed Point
|               Accumulation. (Default)
| 
|--------------------------------------------------------
 
|----------------- CITATION INFORMATION -----------------
|
|    When publishing work that utilized the CUDA version
|    of AMBER, please cite the following in addition to
|    the regular AMBER citations:
|
|  - Romelia Salomon-Ferrer; Andreas W. Goetz; Duncan
|    Poole; Scott Le Grand; Ross C. Walker "Routine
|    microsecond molecular dynamics simulations with
|    AMBER - Part II: Particle Mesh Ewald", J. Chem.
|    Theory Comput., 2013, 9 (9), pp3878-3888,
|    DOI: 10.1021/ct400314y.
|
|  - Andreas W. Goetz; Mark J. Williamson; Dong Xu;
|    Duncan Poole; Scott Le Grand; Ross C. Walker
|    "Routine microsecond molecular dynamics simulations
|    with AMBER - Part I: Generalized Born", J. Chem.
|    Theory Comput., 2012, 8 (5), pp1542-1555.
|
|  - Scott Le Grand; Andreas W. Goetz; Ross C. Walker
|    "SPFP: Speed without compromise - a mixed precision
|    model for GPU accelerated molecular dynamics
|    simulations.", Comp. Phys. Comm., 2013, 184
|    pp374-380, DOI: 10.1016/j.cpc.2012.09.022
|
|--------------------------------------------------------
 
|------------------- GPU DEVICE INFO --------------------
|
|            CUDA_VISIBLE_DEVICES: 1
|   CUDA Capable Devices Detected:      1
|           CUDA Device ID in use:      0
|                CUDA Device Name: Tesla P100-PCIE-16GB
|     CUDA Device Global Mem Size:  16276 MB
| CUDA Device Num Multiprocessors:     56
|           CUDA Device Core Freq:   1.33 GHz
|
|--------------------------------------------------------
 
 
| Conditional Compilation Defines Used:
| PUBFFT
| BINTRAJ
| CUDA
| EMIL
 
| Largest sphere to fit in unit cell has radius =    32.961

| New format PARM file being parsed.
| Version =    1.000 Date = 11/02/20 Time = 21:40:10

| Note: 1-4 EEL scale factors are being read from the topology file.

| Note: 1-4 VDW scale factors are being read from the topology file.
| Duplicated    0 dihedrals

| Duplicated    0 dihedrals

--------------------------------------------------------------------------------
   1.  RESOURCE   USE: 
--------------------------------------------------------------------------------

 getting box info from netcdf restart file
 NATOM  =   35955 NTYPES =      18 NBONH =   35232 MBONA  =     774
 NTHETH =     898 MTHETA =    1191 NPHIH =    1825 MPHIA  =    2463
 NHPARM =       0 NPARM  =       0 NNB   =   52462 NRES   =   11683
 NBONA  =     774 NTHETA =    1191 NPHIA =    2463 NUMBND =      61
 NUMANG =     127 NPTRA  =      75 NATYP =      34 NPHB   =       1
 IFBOX  =       2 NMXRS  =      33 IFCAP =       0 NEXTRA =       0
 NCOPY  =       0

| Coordinate Index Table dimensions:    13   13   13
| Direct force subcell size =     6.2105    6.2105    6.2105

     BOX TYPE: TRUNCATED OCTAHEDRON

--------------------------------------------------------------------------------
   2.  CONTROL  DATA  FOR  THE  RUN
--------------------------------------------------------------------------------

default_name                                                                    

General flags:
     imin    =       1, nmropt  =       0

Nature and format of input:
     ntx     =       1, irest   =       0, ntrx    =       1

Nature and format of output:
     ntxo    =       2, ntpr    =      50, ntrx    =       1, ntwr    =       1
     iwrap   =       0, ntwx    =       0, ntwv    =       0, ntwe    =       0
     ioutfm  =       1, ntwprt  =       0, idecomp =       0, rbornstat=      0

Potential function:
     ntf     =       1, ntb     =       1, igb     =       0, nsnb    =      25
     ipol    =       0, gbsa    =       0, iesp    =       0
     dielc   =   1.00000, cut     =  10.00000, intdiel =   1.00000

Frozen or restrained atoms:
     ibelly  =       0, ntr     =       0

Energy minimization:
     maxcyc  =   10000, ncyc    =    5000, ntmin   =       1
     dx0     =   0.01000, drms    =   0.00010

| Intermolecular bonds treatment:
|     no_intermolecular_bonds =       1

| Energy averages sample interval:
|     ene_avg_sampling =       1

Ewald parameters:
     verbose =       0, ew_type =       0, nbflag  =       1, use_pme =       1
     vdwmeth =       1, eedmeth =       1, netfrc  =       0
     Box X =   80.737   Box Y =   80.737   Box Z =   80.737
     Alpha =  109.471   Beta  =  109.471   Gamma =  109.471
     NFFT1 =   84       NFFT2 =   84       NFFT3 =   84
     Cutoff=   10.000   Tol   =0.100E-04
     Ewald Coefficient =  0.27511
     Interpolation order =    4

--------------------------------------------------------------------------------
   3.  ATOMIC COORDINATES AND VELOCITIES
--------------------------------------------------------------------------------

default_name                                                                    
 begin time read from input coords =     0.000 ps

 
 Number of triangulated 3-point waters found:    11617

     Sum of charges from parm topology file =   0.00000020
     Forcing neutrality...

| Dynamic Memory, Types Used:
| Reals              935965
| Integers           864686

| Nonbonded Pairs Initial Allocation:    10875488

| GPU memory information (estimate):
| KB of GPU memory in use:    169323
| KB of CPU memory in use:     58191

--------------------------------------------------------------------------------
   4.  RESULTS
--------------------------------------------------------------------------------

 ---------------------------------------------------
 APPROXIMATING switch and d/dx switch using CUBIC SPLINE INTERPOLATION
 using   5000.0 points per unit in tabled values
 TESTING RELATIVE ERROR over r ranging from 0.0 to cutoff
| CHECK switch(x): max rel err =   0.3316E-14   at   2.351880
| CHECK d/dx switch(x): max rel err =   0.8066E-11   at   2.747240
 ---------------------------------------------------
|---------------------------------------------------
| APPROXIMATING direct energy using CUBIC SPLINE INTERPOLATION
|  with   50.0 points per unit in tabled values
| Relative Error Limit not exceeded for r .gt.   2.34
| APPROXIMATING direct force using CUBIC SPLINE INTERPOLATION
|  with   50.0 points per unit in tabled values
| Relative Error Limit not exceeded for r .gt.   2.81
|---------------------------------------------------


   NSTEP       ENERGY          RMS            GMAX         NAME    NUMBER
      1      -1.5904E+05     5.9985E-02     3.0563E+00     C2'       279

 BOND    =    11977.8075  ANGLE   =      167.4309  DIHED      =      969.8932
 VDWAALS =    31093.6530  EEL     =  -198696.5074  HBOND      =        0.0000
 1-4 VDW =      258.8347  1-4 EEL =    -4813.2483  RESTRAINT  =        0.0000


   NSTEP       ENERGY          RMS            GMAX         NAME    NUMBER
     50      -1.5904E+05     6.2103E-02     2.0644E+00     C4        837

 BOND    =    11980.6395  ANGLE   =      167.4080  DIHED      =      969.7009
 VDWAALS =    31094.5062  EEL     =  -198701.3980  HBOND      =        0.0000
 1-4 VDW =      258.7168  1-4 EEL =    -4813.4342  RESTRAINT  =        0.0000


   NSTEP       ENERGY          RMS            GMAX         NAME    NUMBER
    100      -1.5905E+05     3.0692E-02     1.1595E+00     C6         12

 BOND    =    11977.9859  ANGLE   =      167.3873  DIHED      =      969.6187
 VDWAALS =    31095.6094  EEL     =  -198700.9469  HBOND      =        0.0000
 1-4 VDW =      258.7012  1-4 EEL =    -4813.4328  RESTRAINT  =        0.0000


   NSTEP       ENERGY          RMS            GMAX         NAME    NUMBER
    150      -1.5905E+05     1.6353E-02     7.3926E-01     H2      30963

 BOND    =    11978.5174  ANGLE   =      167.4037  DIHED      =      969.5519
 VDWAALS =    31096.7691  EEL     =  -198703.7246  HBOND      =        0.0000
 1-4 VDW =      258.6708  1-4 EEL =    -4813.4171  RESTRAINT  =        0.0000


   NSTEP       ENERGY          RMS            GMAX         NAME    NUMBER
    200      -1.5905E+05     1.6883E-02     7.4916E-01     H2      30963

 BOND    =    11978.7362  ANGLE   =      167.4163  DIHED      =      969.5040
 VDWAALS =    31097.7940  EEL     =  -198705.9017  HBOND      =        0.0000
 1-4 VDW =      258.6500  1-4 EEL =    -4813.4072  RESTRAINT  =        0.0000


   NSTEP       ENERGY          RMS            GMAX         NAME    NUMBER
    250      -1.5905E+05     4.2560E-02     2.9954E+00     C6         12

 BOND    =    11978.9273  ANGLE   =      167.4429  DIHED      =      969.4660
 VDWAALS =    31098.7973  EEL     =  -198707.9880  HBOND      =        0.0000
 1-4 VDW =      258.6461  1-4 EEL =    -4813.4081  RESTRAINT  =        0.0000


   NSTEP       ENERGY          RMS            GMAX         NAME    NUMBER
    300      -1.5905E+05     6.2164E-02     4.5030E+00     C6         12

 BOND    =    11979.1699  ANGLE   =      167.4288  DIHED      =      969.4358
 VDWAALS =    31099.7695  EEL     =  -198710.0420  HBOND      =        0.0000
 1-4 VDW =      258.6479  1-4 EEL =    -4813.3985  RESTRAINT  =        0.0000


   NSTEP       ENERGY          RMS            GMAX         NAME    NUMBER
    350      -1.5905E+05     3.6995E-02     2.0092E+00     C6         12

 BOND    =    11979.4654  ANGLE   =      167.3734  DIHED      =      969.4105
 VDWAALS =    31100.7251  EEL     =  -198712.1020  HBOND      =        0.0000
 1-4 VDW =      258.5836  1-4 EEL =    -4813.3544  RESTRAINT  =        0.0000


   NSTEP       ENERGY          RMS            GMAX         NAME    NUMBER
    400      -1.5905E+05     1.6690E-02     6.8738E-01     H2      30963

 BOND    =    11979.5559  ANGLE   =      167.4005  DIHED      =      969.3955
 VDWAALS =    31101.6248  EEL     =  -198713.9005  HBOND      =        0.0000
 1-4 VDW =      258.5878  1-4 EEL =    -4813.3668  RESTRAINT  =        0.0000


   NSTEP       ENERGY          RMS            GMAX         NAME    NUMBER
    450      -1.5905E+05     3.2856E-02     1.4493E+00     C6         12

 BOND    =    11979.7826  ANGLE   =      167.3585  DIHED      =      969.3829
 VDWAALS =    31102.5247  EEL     =  -198715.7579  HBOND      =        0.0000
 1-4 VDW =      258.5971  1-4 EEL =    -4813.3537  RESTRAINT  =        0.0000


   NSTEP       ENERGY          RMS            GMAX         NAME    NUMBER
    500      -1.5905E+05     1.4418E-02     5.9928E-01     H2      30963

 BOND    =    11979.9306  ANGLE   =      167.3663  DIHED      =      969.3742
 VDWAALS =    31103.4136  EEL     =  -198717.5414  HBOND      =        0.0000
 1-4 VDW =      258.5613  1-4 EEL =    -4813.3417  RESTRAINT  =        0.0000


   NSTEP       ENERGY          RMS            GMAX         NAME    NUMBER
    550      -1.5905E+05     1.8316E-02     8.0848E-01     P         220

 BOND    =    11980.0936  ANGLE   =      167.3596  DIHED      =      969.3686
 VDWAALS =    31104.3086  EEL     =  -198719.3083  HBOND      =        0.0000
 1-4 VDW =      258.5485  1-4 EEL =    -4813.3323  RESTRAINT  =        0.0000


   NSTEP       ENERGY          RMS            GMAX         NAME    NUMBER
    600      -1.5905E+05     4.8195E-02     3.1198E+00     C6        676

 BOND    =    11980.3925  ANGLE   =      167.2432  DIHED      =      969.3649
 VDWAALS =    31105.1184  EEL     =  -198720.9708  HBOND      =        0.0000
 1-4 VDW =      258.5859  1-4 EEL =    -4813.3035  RESTRAINT  =        0.0000


   NSTEP       ENERGY          RMS            GMAX         NAME    NUMBER
    650      -1.5905E+05     2.8236E-02     1.6879E+00     C6        676

 BOND    =    11980.3265  ANGLE   =      167.3815  DIHED      =      969.3664
 VDWAALS =    31105.9153  EEL     =  -198722.3806  HBOND      =        0.0000
 1-4 VDW =      258.5308  1-4 EEL =    -4813.3350  RESTRAINT  =        0.0000


   NSTEP       ENERGY          RMS            GMAX         NAME    NUMBER
    700      -1.5905E+05     3.8855E-02     2.4508E+00     C6        676

 BOND    =    11980.4407  ANGLE   =      167.3918  DIHED      =      969.3679
 VDWAALS =    31106.6926  EEL     =  -198723.8406  HBOND      =        0.0000
 1-4 VDW =      258.5198  1-4 EEL =    -4813.3332  RESTRAINT  =        0.0000


   NSTEP       ENERGY          RMS            GMAX         NAME    NUMBER
    750      -1.5906E+05     1.5309E-02     5.4289E-01     H1       6554

 BOND    =    11980.6554  ANGLE   =      167.2937  DIHED      =      969.3695
 VDWAALS =    31107.5046  EEL     =  -198725.4115  HBOND      =        0.0000
 1-4 VDW =      258.5420  1-4 EEL =    -4813.3062  RESTRAINT  =        0.0000


   NSTEP       ENERGY          RMS            GMAX         NAME    NUMBER
    800      -1.5906E+05     3.1681E-02     9.5287E-01     H2      24063

 BOND    =    11980.7973  ANGLE   =      167.2751  DIHED      =      969.3740
 VDWAALS =    31108.3918  EEL     =  -198727.0837  HBOND      =        0.0000
 1-4 VDW =      258.5379  1-4 EEL =    -4813.2983  RESTRAINT  =        0.0000


   NSTEP       ENERGY          RMS            GMAX         NAME    NUMBER
    850      -1.5906E+05     5.2879E-02     2.4788E+00     P         787

 BOND    =    11980.8845  ANGLE   =      167.2405  DIHED      =      969.3792
 VDWAALS =    31109.2813  EEL     =  -198728.5804  HBOND      =        0.0000
 1-4 VDW =      258.5382  1-4 EEL =    -4813.2835  RESTRAINT  =        0.0000


   NSTEP       ENERGY          RMS            GMAX         NAME    NUMBER
    900      -1.5906E+05     1.3163E-02     4.9516E-01     H1       6554

 BOND    =    11981.0878  ANGLE   =      167.2463  DIHED      =      969.3873
 VDWAALS =    31110.1687  EEL     =  -198730.3398  HBOND      =        0.0000
 1-4 VDW =      258.5341  1-4 EEL =    -4813.2847  RESTRAINT  =        0.0000


   NSTEP       ENERGY          RMS            GMAX         NAME    NUMBER
    950      -1.5906E+05     3.9040E-02     2.4093E+00     C5         47

 BOND    =    11981.2080  ANGLE   =      167.2480  DIHED      =      969.3961
 VDWAALS =    31111.1173  EEL     =  -198731.9979  HBOND      =        0.0000
 1-4 VDW =      258.5427  1-4 EEL =    -4813.2924  RESTRAINT  =        0.0000


   NSTEP       ENERGY          RMS            GMAX         NAME    NUMBER
   1000      -1.5906E+05     1.2579E-02     4.5298E-01     H1       6554

 BOND    =    11981.3828  ANGLE   =      167.2042  DIHED      =      969.4054
 VDWAALS =    31111.9846  EEL     =  -198733.5831  HBOND      =        0.0000
 1-4 VDW =      258.5267  1-4 EEL =    -4813.2596  RESTRAINT  =        0.0000


   NSTEP       ENERGY          RMS            GMAX         NAME    NUMBER
   1050      -1.5906E+05     4.1023E-02     3.0989E+00     C6        580

 BOND    =    11981.5395  ANGLE   =      167.1759  DIHED      =      969.4153
 VDWAALS =    31112.8335  EEL     =  -198735.1149  HBOND      =        0.0000
 1-4 VDW =      258.5269  1-4 EEL =    -4813.2515  RESTRAINT  =        0.0000


   NSTEP       ENERGY          RMS            GMAX         NAME    NUMBER
   1100      -1.5906E+05     1.2077E-02     4.1399E-01     H1       6554

 BOND    =    11981.6123  ANGLE   =      167.1793  DIHED      =      969.4248
 VDWAALS =    31113.5824  EEL     =  -198736.4460  HBOND      =        0.0000
 1-4 VDW =      258.5269  1-4 EEL =    -4813.2479  RESTRAINT  =        0.0000


   NSTEP       ENERGY          RMS            GMAX         NAME    NUMBER
   1150      -1.5906E+05     3.3064E-02     2.2565E+00     C6        580

 BOND    =    11981.7429  ANGLE   =      167.1620  DIHED      =      969.4348
 VDWAALS =    31114.3721  EEL     =  -198737.8743  HBOND      =        0.0000
 1-4 VDW =      258.5247  1-4 EEL =    -4813.2410  RESTRAINT  =        0.0000


   NSTEP       ENERGY          RMS            GMAX         NAME    NUMBER
   1200      -1.5906E+05     1.2654E-02     4.3663E-01     H1      11003

 BOND    =    11981.8437  ANGLE   =      167.1556  DIHED      =      969.4455
 VDWAALS =    31115.1446  EEL     =  -198739.2848  HBOND      =        0.0000
 1-4 VDW =      258.5248  1-4 EEL =    -4813.2320  RESTRAINT  =        0.0000


   NSTEP       ENERGY          RMS            GMAX         NAME    NUMBER
   1250      -1.5906E+05     1.6710E-02     8.3128E-01     H2      30894

 BOND    =    11981.9342  ANGLE   =      167.1448  DIHED      =      969.4575
 VDWAALS =    31115.9846  EEL     =  -198740.7830  HBOND      =        0.0000
 1-4 VDW =      258.5232  1-4 EEL =    -4813.2236  RESTRAINT  =        0.0000


   NSTEP       ENERGY          RMS            GMAX         NAME    NUMBER
   1300      -1.5906E+05     1.1804E-02     5.7653E-01     H1      11003

 BOND    =    11982.0956  ANGLE   =      167.1284  DIHED      =      969.4707
 VDWAALS =    31116.8307  EEL     =  -198742.3350  HBOND      =        0.0000
 1-4 VDW =      258.5237  1-4 EEL =    -4813.2140  RESTRAINT  =        0.0000


   NSTEP       ENERGY          RMS            GMAX         NAME    NUMBER
   1350      -1.5906E+05     4.8358E-02     4.3193E+00     P         945

 BOND    =    11982.2168  ANGLE   =      167.1458  DIHED      =      969.4808
 VDWAALS =    31117.6736  EEL     =  -198743.8533  HBOND      =        0.0000
 1-4 VDW =      258.5071  1-4 EEL =    -4813.2309  RESTRAINT  =        0.0000


   NSTEP       ENERGY          RMS            GMAX         NAME    NUMBER
   1400      -1.5906E+05     2.8740E-02     1.9949E+00     C2        584

 BOND    =    11982.3391  ANGLE   =      167.1284  DIHED      =      969.4997
 VDWAALS =    31118.5383  EEL     =  -198745.5439  HBOND      =        0.0000
 1-4 VDW =      258.5145  1-4 EEL =    -4813.1739  RESTRAINT  =        0.0000


   NSTEP       ENERGY          RMS            GMAX         NAME    NUMBER
   1450      -1.5906E+05     4.6685E-02     3.3915E+00     C4        589

 BOND    =    11982.4558  ANGLE   =      167.1616  DIHED      =      969.5143
 VDWAALS =    31119.3453  EEL     =  -198747.1125  HBOND      =        0.0000
 1-4 VDW =      258.4968  1-4 EEL =    -4813.1544  RESTRAINT  =        0.0000


   NSTEP       ENERGY          RMS            GMAX         NAME    NUMBER
   1500      -1.5906E+05     1.3448E-02     1.1035E+00     H1      11003

 BOND    =    11982.5487  ANGLE   =      167.1035  DIHED      =      969.5254
 VDWAALS =    31120.0478  EEL     =  -198748.4892  HBOND      =        0.0000
 1-4 VDW =      258.5142  1-4 EEL =    -4813.1823  RESTRAINT  =        0.0000


   NSTEP       ENERGY          RMS            GMAX         NAME    NUMBER
   1550      -1.5906E+05     4.0183E-02     3.5616E+00     C6        580

 BOND    =    11982.5715  ANGLE   =      167.2001  DIHED      =      969.5400
 VDWAALS =    31120.8318  EEL     =  -198750.0526  HBOND      =        0.0000
 1-4 VDW =      258.4880  1-4 EEL =    -4813.1942  RESTRAINT  =        0.0000


   NSTEP       ENERGY          RMS            GMAX         NAME    NUMBER
   1600      -1.5907E+05     1.4621E-02     1.4596E+00     H1      11003

 BOND    =    11982.8223  ANGLE   =      167.0699  DIHED      =      969.5529
 VDWAALS =    31121.5816  EEL     =  -198751.8286  HBOND      =        0.0000
 1-4 VDW =      258.5162  1-4 EEL =    -4813.1630  RESTRAINT  =        0.0000


   NSTEP       ENERGY          RMS            GMAX         NAME    NUMBER
   1650      -1.5907E+05     3.0813E-02     1.5757E+00     H1      11003

 BOND    =    11983.0225  ANGLE   =      167.0570  DIHED      =      969.5671
 VDWAALS =    31122.3890  EEL     =  -198753.6842  HBOND      =        0.0000
 1-4 VDW =      258.5087  1-4 EEL =    -4813.1585  RESTRAINT  =        0.0000


   NSTEP       ENERGY          RMS            GMAX         NAME    NUMBER
   1700      -1.5907E+05     4.3873E-02     5.2382E+00     C2        584

 BOND    =    11983.1316  ANGLE   =      167.0411  DIHED      =      969.5816
 VDWAALS =    31123.2600  EEL     =  -198755.5628  HBOND      =        0.0000
 1-4 VDW =      258.4889  1-4 EEL =    -4813.1714  RESTRAINT  =        0.0000


   NSTEP       ENERGY          RMS            GMAX         NAME    NUMBER
   1750      -1.5907E+05     1.7619E-02     1.4007E+00     H1      11003

 BOND    =    11983.3489  ANGLE   =      167.0383  DIHED      =      969.5971
 VDWAALS =    31124.2194  EEL     =  -198757.8591  HBOND      =        0.0000
 1-4 VDW =      258.5155  1-4 EEL =    -4813.1221  RESTRAINT  =        0.0000


   NSTEP       ENERGY          RMS            GMAX         NAME    NUMBER
   1800      -1.5907E+05     2.8277E-02     2.5999E+00     C2        584

 BOND    =    11983.5714  ANGLE   =      167.0284  DIHED      =      969.6117
 VDWAALS =    31125.1531  EEL     =  -198759.9298  HBOND      =        0.0000
 1-4 VDW =      258.5104  1-4 EEL =    -4813.0957  RESTRAINT  =        0.0000


   NSTEP       ENERGY          RMS            GMAX         NAME    NUMBER
   1850      -1.5907E+05     1.7283E-02     8.8824E-01     H1      11003

 BOND    =    11983.6995  ANGLE   =      167.0320  DIHED      =      969.6257
 VDWAALS =    31126.0618  EEL     =  -198761.8694  HBOND      =        0.0000
 1-4 VDW =      258.5215  1-4 EEL =    -4813.1251  RESTRAINT  =        0.0000


   NSTEP       ENERGY          RMS            GMAX         NAME    NUMBER
   1900      -1.5907E+05     3.7793E-02     3.7718E+00     C6        580

 BOND    =    11983.9676  ANGLE   =      166.9369  DIHED      =      969.6392
 VDWAALS =    31126.8159  EEL     =  -198763.5559  HBOND      =        0.0000
 1-4 VDW =      258.5462  1-4 EEL =    -4813.0963  RESTRAINT  =        0.0000


   NSTEP       ENERGY          RMS            GMAX         NAME    NUMBER
   1950      -1.5907E+05     1.3264E-02     5.9451E-01     O       23413

 BOND    =    11983.9940  ANGLE   =      167.0311  DIHED      =      969.6522
 VDWAALS =    31127.5009  EEL     =  -198764.9990  HBOND      =        0.0000
 1-4 VDW =      258.5081  1-4 EEL =    -4813.0974  RESTRAINT  =        0.0000


   NSTEP       ENERGY          RMS            GMAX         NAME    NUMBER
   2000      -1.5907E+05     3.2735E-02     3.4514E+00     C6        580

 BOND    =    11984.0426  ANGLE   =      167.1071  DIHED      =      969.6649
 VDWAALS =    31128.1472  EEL     =  -198766.3731  HBOND      =        0.0000
 1-4 VDW =      258.4865  1-4 EEL =    -4813.1048  RESTRAINT  =        0.0000


   NSTEP       ENERGY          RMS            GMAX         NAME    NUMBER
   2050      -1.5907E+05     1.2618E-02     5.4480E-01     O       23413

 BOND    =    11984.2575  ANGLE   =      167.0085  DIHED      =      969.6770
 VDWAALS =    31128.7193  EEL     =  -198767.7492  HBOND      =        0.0000
 1-4 VDW =      258.5106  1-4 EEL =    -4813.0778  RESTRAINT  =        0.0000


   NSTEP       ENERGY          RMS            GMAX         NAME    NUMBER
   2100      -1.5907E+05     2.2104E-02     1.1538E+00     H2       2340

 BOND    =    11984.4381  ANGLE   =      167.0039  DIHED      =      969.6904
 VDWAALS =    31129.3425  EEL     =  -198769.1898  HBOND      =        0.0000
 1-4 VDW =      258.5084  1-4 EEL =    -4813.0682  RESTRAINT  =        0.0000


   NSTEP       ENERGY          RMS            GMAX         NAME    NUMBER
   2150      -1.5907E+05     3.5427E-02     2.1738E+00     H2       2340

 BOND    =    11984.2589  ANGLE   =      167.0063  DIHED      =      969.7042
 VDWAALS =    31129.9499  EEL     =  -198770.2687  HBOND      =        0.0000
 1-4 VDW =      258.5148  1-4 EEL =    -4813.0560  RESTRAINT  =        0.0000


   NSTEP       ENERGY          RMS            GMAX         NAME    NUMBER
   2200      -1.5907E+05     1.4345E-02     5.8759E-01     H2      29358

 BOND    =    11984.5326  ANGLE   =      167.0004  DIHED      =      969.7179
 VDWAALS =    31130.5320  EEL     =  -198771.8201  HBOND      =        0.0000
 1-4 VDW =      258.5126  1-4 EEL =    -4813.0482  RESTRAINT  =        0.0000


   NSTEP       ENERGY          RMS            GMAX         NAME    NUMBER
   2250      -1.5908E+05     2.2235E-02     2.7094E+00     C2        584

 BOND    =    11984.7314  ANGLE   =      167.0077  DIHED      =      969.7317
 VDWAALS =    31131.1354  EEL     =  -198773.3455  HBOND      =        0.0000
 1-4 VDW =      258.5236  1-4 EEL =    -4813.0310  RESTRAINT  =        0.0000


   NSTEP       ENERGY          RMS            GMAX         NAME    NUMBER
   2300      -1.5908E+05     1.2209E-02     6.2022E-01     H2      29358

 BOND    =    11984.8413  ANGLE   =      166.9878  DIHED      =      969.7448
 VDWAALS =    31131.6861  EEL     =  -198774.6056  HBOND      =        0.0000
 1-4 VDW =      258.5059  1-4 EEL =    -4813.0320  RESTRAINT  =        0.0000


   NSTEP       ENERGY          RMS            GMAX         NAME    NUMBER
   2350      -1.5908E+05     1.3021E-02     6.3393E-01     H2      29358

 BOND    =    11984.9190  ANGLE   =      166.9855  DIHED      =      969.7580
 VDWAALS =    31132.2534  EEL     =  -198775.8510  HBOND      =        0.0000
 1-4 VDW =      258.5045  1-4 EEL =    -4813.0244  RESTRAINT  =        0.0000


   NSTEP       ENERGY          RMS            GMAX         NAME    NUMBER
   2400      -1.5908E+05     3.8696E-02     1.6586E+00     P         787

 BOND    =    11984.5805  ANGLE   =      166.9952  DIHED      =      969.7718
 VDWAALS =    31132.8353  EEL     =  -198776.7246  HBOND      =        0.0000
 1-4 VDW =      258.5053  1-4 EEL =    -4813.0126  RESTRAINT  =        0.0000


   NSTEP       ENERGY          RMS            GMAX         NAME    NUMBER
   2450      -1.5908E+05     5.4828E-02     1.6508E+00     H1       1379

 BOND    =    11984.1199  ANGLE   =      166.9769  DIHED      =      969.7867
 VDWAALS =    31133.4644  EEL     =  -198777.5963  HBOND      =        0.0000
 1-4 VDW =      258.5073  1-4 EEL =    -4813.0034  RESTRAINT  =        0.0000


   NSTEP       ENERGY          RMS            GMAX         NAME    NUMBER
   2500      -1.5908E+05     2.0993E-02     8.0289E-01     H2      15237

 BOND    =    11985.5957  ANGLE   =      166.9734  DIHED      =      969.7977
 VDWAALS =    31134.0612  EEL     =  -198780.3984  HBOND      =        0.0000
 1-4 VDW =      258.4978  1-4 EEL =    -4813.0016  RESTRAINT  =        0.0000


   NSTEP       ENERGY          RMS            GMAX         NAME    NUMBER
   2550      -1.5908E+05     1.4587E-02     9.9623E-01     H2      15237

 BOND    =    11985.4517  ANGLE   =      166.9657  DIHED      =      969.8121
 VDWAALS =    31134.6929  EEL     =  -198781.6471  HBOND      =        0.0000
 1-4 VDW =      258.5004  1-4 EEL =    -4812.9846  RESTRAINT  =        0.0000


   NSTEP       ENERGY          RMS            GMAX         NAME    NUMBER
   2600      -1.5908E+05     1.8701E-02     1.2325E+00     H2      15237

 BOND    =    11985.5666  ANGLE   =      166.9643  DIHED      =      969.8229
 VDWAALS =    31135.2482  EEL     =  -198783.0455  HBOND      =        0.0000
 1-4 VDW =      258.4991  1-4 EEL =    -4812.9756  RESTRAINT  =        0.0000


   NSTEP       ENERGY          RMS            GMAX         NAME    NUMBER
   2650      -1.5908E+05     1.4052E-02     1.5009E+00     H2      15237

 BOND    =    11985.6761  ANGLE   =      166.9623  DIHED      =      969.8345
 VDWAALS =    31135.8081  EEL     =  -198784.4489  HBOND      =        0.0000
 1-4 VDW =      258.4983  1-4 EEL =    -4812.9665  RESTRAINT  =        0.0000


   NSTEP       ENERGY          RMS            GMAX         NAME    NUMBER
   2700      -1.5908E+05     1.4953E-02     1.8588E+00     H2      15237

 BOND    =    11985.8170  ANGLE   =      166.9594  DIHED      =      969.8466
 VDWAALS =    31136.4368  EEL     =  -198786.1423  HBOND      =        0.0000
 1-4 VDW =      258.4970  1-4 EEL =    -4812.9575  RESTRAINT  =        0.0000


   NSTEP       ENERGY          RMS            GMAX         NAME    NUMBER
   2750      -1.5908E+05     2.9387E-02     2.1752E+00     H2      15237

 BOND    =    11985.9604  ANGLE   =      166.9814  DIHED      =      969.8582
 VDWAALS =    31137.1450  EEL     =  -198788.0406  HBOND      =        0.0000
 1-4 VDW =      258.4889  1-4 EEL =    -4812.9639  RESTRAINT  =        0.0000


   NSTEP       ENERGY          RMS            GMAX         NAME    NUMBER
   2800      -1.5908E+05     4.5007E-02     2.2861E+00     C4         81

 BOND    =    11986.1412  ANGLE   =      166.9749  DIHED      =      969.8693
 VDWAALS =    31137.8856  EEL     =  -198790.0071  HBOND      =        0.0000
 1-4 VDW =      258.4910  1-4 EEL =    -4812.9624  RESTRAINT  =        0.0000


   NSTEP       ENERGY          RMS            GMAX         NAME    NUMBER
   2850      -1.5908E+05     1.5659E-02     1.9504E+00     H2      15237

 BOND    =    11986.3270  ANGLE   =      166.9504  DIHED      =      969.8842
 VDWAALS =    31138.7196  EEL     =  -198792.0314  HBOND      =        0.0000
 1-4 VDW =      258.4924  1-4 EEL =    -4812.9315  RESTRAINT  =        0.0000


   NSTEP       ENERGY          RMS            GMAX         NAME    NUMBER
   2900      -1.5909E+05     3.9829E-02     2.7902E+00     P         692

 BOND    =    11986.5131  ANGLE   =      166.9531  DIHED      =      969.8958
 VDWAALS =    31139.7206  EEL     =  -198794.1349  HBOND      =        0.0000
 1-4 VDW =      258.4754  1-4 EEL =    -4812.9511  RESTRAINT  =        0.0000


   NSTEP       ENERGY          RMS            GMAX         NAME    NUMBER
   2950      -1.5909E+05     1.8518E-02     1.0206E+00     H2      15237

 BOND    =    11986.6848  ANGLE   =      166.9517  DIHED      =      969.9092
 VDWAALS =    31140.6674  EEL     =  -198796.1499  HBOND      =        0.0000
 1-4 VDW =      258.4966  1-4 EEL =    -4812.8982  RESTRAINT  =        0.0000


   NSTEP       ENERGY          RMS            GMAX         NAME    NUMBER
   3000      -1.5909E+05     3.3744E-02     2.1440E+00     P         692

 BOND    =    11986.8810  ANGLE   =      166.9306  DIHED      =      969.9220
 VDWAALS =    31141.5403  EEL     =  -198798.0122  HBOND      =        0.0000
 1-4 VDW =      258.5047  1-4 EEL =    -4812.8713  RESTRAINT  =        0.0000


   NSTEP       ENERGY          RMS            GMAX         NAME    NUMBER
   3050      -1.5909E+05     1.5625E-02     7.2563E-01     H2      31377

 BOND    =    11986.9667  ANGLE   =      166.9361  DIHED      =      969.9320
 VDWAALS =    31142.3518  EEL     =  -198799.5484  HBOND      =        0.0000
 1-4 VDW =      258.4907  1-4 EEL =    -4812.8989  RESTRAINT  =        0.0000


   NSTEP       ENERGY          RMS            GMAX         NAME    NUMBER
   3100      -1.5909E+05     3.5753E-02     3.0100E+00     C6        580

 BOND    =    11987.1594  ANGLE   =      166.8573  DIHED      =      969.9436
 VDWAALS =    31142.9926  EEL     =  -198800.9797  HBOND      =        0.0000
 1-4 VDW =      258.5097  1-4 EEL =    -4812.8698  RESTRAINT  =        0.0000


   NSTEP       ENERGY          RMS            GMAX         NAME    NUMBER
   3150      -1.5909E+05     1.2383E-02     7.2013E-01     H2      31377

 BOND    =    11987.1766  ANGLE   =      166.9387  DIHED      =      969.9528
 VDWAALS =    31143.5683  EEL     =  -198802.1884  HBOND      =        0.0000
 1-4 VDW =      258.4883  1-4 EEL =    -4812.8773  RESTRAINT  =        0.0000


   NSTEP       ENERGY          RMS            GMAX         NAME    NUMBER
   3200      -1.5909E+05     1.2381E-02     7.1992E-01     H2      31377

 BOND    =    11987.1802  ANGLE   =      166.9386  DIHED      =      969.9532
 VDWAALS =    31143.5908  EEL     =  -198802.2400  HBOND      =        0.0000
 1-4 VDW =      258.4882  1-4 EEL =    -4812.8770  RESTRAINT  =        0.0000


   NSTEP       ENERGY          RMS            GMAX         NAME    NUMBER
   3250      -1.5909E+05     1.2381E-02     7.1989E-01     H2      31377

 BOND    =    11987.1804  ANGLE   =      166.9386  DIHED      =      969.9532
 VDWAALS =    31143.5931  EEL     =  -198802.2442  HBOND      =        0.0000
 1-4 VDW =      258.4882  1-4 EEL =    -4812.8770  RESTRAINT  =        0.0000


   NSTEP       ENERGY          RMS            GMAX         NAME    NUMBER
   3300      -1.5909E+05     1.2381E-02     7.1988E-01     H2      31377

 BOND    =    11987.1806  ANGLE   =      166.9386  DIHED      =      969.9532
 VDWAALS =    31143.5910  EEL     =  -198802.2365  HBOND      =        0.0000
 1-4 VDW =      258.4882  1-4 EEL =    -4812.8770  RESTRAINT  =        0.0000


   NSTEP       ENERGY          RMS            GMAX         NAME    NUMBER
   3350      -1.5909E+05     1.2381E-02     7.1986E-01     H2      31377

 BOND    =    11987.1807  ANGLE   =      166.9386  DIHED      =      969.9532
 VDWAALS =    31143.5941  EEL     =  -198802.2445  HBOND      =        0.0000
 1-4 VDW =      258.4882  1-4 EEL =    -4812.8770  RESTRAINT  =        0.0000


   NSTEP       ENERGY          RMS            GMAX         NAME    NUMBER
   3400      -1.5909E+05     1.2381E-02     7.1983E-01     H2      31377

 BOND    =    11987.1809  ANGLE   =      166.9386  DIHED      =      969.9532
 VDWAALS =    31143.5964  EEL     =  -198802.2497  HBOND      =        0.0000
 1-4 VDW =      258.4882  1-4 EEL =    -4812.8770  RESTRAINT  =        0.0000


   NSTEP       ENERGY          RMS            GMAX         NAME    NUMBER
   3450      -1.5909E+05     1.2381E-02     7.1982E-01     H2      31377

 BOND    =    11987.1810  ANGLE   =      166.9386  DIHED      =      969.9533
 VDWAALS =    31143.5948  EEL     =  -198802.2506  HBOND      =        0.0000
 1-4 VDW =      258.4882  1-4 EEL =    -4812.8769  RESTRAINT  =        0.0000


   NSTEP       ENERGY          RMS            GMAX         NAME    NUMBER
   3500      -1.5909E+05     1.2381E-02     7.1983E-01     H2      31377

 BOND    =    11987.1812  ANGLE   =      166.9386  DIHED      =      969.9533
 VDWAALS =    31143.5956  EEL     =  -198802.2517  HBOND      =        0.0000
 1-4 VDW =      258.4882  1-4 EEL =    -4812.8769  RESTRAINT  =        0.0000


   NSTEP       ENERGY          RMS            GMAX         NAME    NUMBER
   3550      -1.5909E+05     1.2381E-02     7.1979E-01     H2      31377

 BOND    =    11987.1813  ANGLE   =      166.9386  DIHED      =      969.9533
 VDWAALS =    31143.5972  EEL     =  -198802.2521  HBOND      =        0.0000
 1-4 VDW =      258.4882  1-4 EEL =    -4812.8769  RESTRAINT  =        0.0000


   NSTEP       ENERGY          RMS            GMAX         NAME    NUMBER
   3600      -1.5909E+05     1.2381E-02     7.1979E-01     H2      31377

 BOND    =    11987.1815  ANGLE   =      166.9386  DIHED      =      969.9533
 VDWAALS =    31143.5992  EEL     =  -198802.2579  HBOND      =        0.0000
 1-4 VDW =      258.4882  1-4 EEL =    -4812.8769  RESTRAINT  =        0.0000


   NSTEP       ENERGY          RMS            GMAX         NAME    NUMBER
   3650      -1.5909E+05     1.2381E-02     7.1980E-01     H2      31377

 BOND    =    11987.1816  ANGLE   =      166.9386  DIHED      =      969.9533
 VDWAALS =    31143.5988  EEL     =  -198802.2550  HBOND      =        0.0000
 1-4 VDW =      258.4882  1-4 EEL =    -4812.8769  RESTRAINT  =        0.0000


   NSTEP       ENERGY          RMS            GMAX         NAME    NUMBER
   3700      -1.5909E+05     1.2381E-02     7.1977E-01     H2      31377

 BOND    =    11987.1818  ANGLE   =      166.9386  DIHED      =      969.9533
 VDWAALS =    31143.6005  EEL     =  -198802.2583  HBOND      =        0.0000
 1-4 VDW =      258.4882  1-4 EEL =    -4812.8769  RESTRAINT  =        0.0000


   NSTEP       ENERGY          RMS            GMAX         NAME    NUMBER
   3750      -1.5909E+05     1.2381E-02     7.1975E-01     H2      31377

 BOND    =    11987.1819  ANGLE   =      166.9386  DIHED      =      969.9533
 VDWAALS =    31143.6023  EEL     =  -198802.2684  HBOND      =        0.0000
 1-4 VDW =      258.4882  1-4 EEL =    -4812.8769  RESTRAINT  =        0.0000


   NSTEP       ENERGY          RMS            GMAX         NAME    NUMBER
   3800      -1.5909E+05     1.2381E-02     7.1973E-01     H2      31377

 BOND    =    11987.1822  ANGLE   =      166.9386  DIHED      =      969.9534
 VDWAALS =    31143.6016  EEL     =  -198802.2605  HBOND      =        0.0000
 1-4 VDW =      258.4882  1-4 EEL =    -4812.8769  RESTRAINT  =        0.0000


   NSTEP       ENERGY          RMS            GMAX         NAME    NUMBER
   3850      -1.5909E+05     1.2381E-02     7.1972E-01     H2      31377

 BOND    =    11987.1824  ANGLE   =      166.9386  DIHED      =      969.9534
 VDWAALS =    31143.6019  EEL     =  -198802.2664  HBOND      =        0.0000
 1-4 VDW =      258.4882  1-4 EEL =    -4812.8768  RESTRAINT  =        0.0000


   NSTEP       ENERGY          RMS            GMAX         NAME    NUMBER
   3900      -1.5909E+05     1.2381E-02     7.1971E-01     H2      31377

 BOND    =    11987.1826  ANGLE   =      166.9386  DIHED      =      969.9534
 VDWAALS =    31143.6031  EEL     =  -198802.2672  HBOND      =        0.0000
 1-4 VDW =      258.4882  1-4 EEL =    -4812.8768  RESTRAINT  =        0.0000


   NSTEP       ENERGY          RMS            GMAX         NAME    NUMBER
   3950      -1.5909E+05     1.2381E-02     7.1969E-01     H2      31377

 BOND    =    11987.1828  ANGLE   =      166.9386  DIHED      =      969.9534
 VDWAALS =    31143.6029  EEL     =  -198802.2648  HBOND      =        0.0000
 1-4 VDW =      258.4882  1-4 EEL =    -4812.8768  RESTRAINT  =        0.0000


   NSTEP       ENERGY          RMS            GMAX         NAME    NUMBER
   4000      -1.5909E+05     1.2381E-02     7.1968E-01     H2      31377

 BOND    =    11987.1830  ANGLE   =      166.9386  DIHED      =      969.9535
 VDWAALS =    31143.6064  EEL     =  -198802.2767  HBOND      =        0.0000
 1-4 VDW =      258.4882  1-4 EEL =    -4812.8768  RESTRAINT  =        0.0000


   NSTEP       ENERGY          RMS            GMAX         NAME    NUMBER
   4050      -1.5909E+05     1.2380E-02     7.1966E-01     H2      31377

 BOND    =    11987.1832  ANGLE   =      166.9386  DIHED      =      969.9535
 VDWAALS =    31143.6069  EEL     =  -198802.2726  HBOND      =        0.0000
 1-4 VDW =      258.4882  1-4 EEL =    -4812.8768  RESTRAINT  =        0.0000


   NSTEP       ENERGY          RMS            GMAX         NAME    NUMBER
   4100      -1.5909E+05     1.2380E-02     7.1964E-01     H2      31377

 BOND    =    11987.1833  ANGLE   =      166.9386  DIHED      =      969.9535
 VDWAALS =    31143.6077  EEL     =  -198802.2762  HBOND      =        0.0000
 1-4 VDW =      258.4882  1-4 EEL =    -4812.8768  RESTRAINT  =        0.0000


   NSTEP       ENERGY          RMS            GMAX         NAME    NUMBER
   4150      -1.5909E+05     1.2380E-02     7.1964E-01     H2      31377

 BOND    =    11987.1834  ANGLE   =      166.9386  DIHED      =      969.9535
 VDWAALS =    31143.6088  EEL     =  -198802.2802  HBOND      =        0.0000
 1-4 VDW =      258.4882  1-4 EEL =    -4812.8768  RESTRAINT  =        0.0000


   NSTEP       ENERGY          RMS            GMAX         NAME    NUMBER
   4200      -1.5909E+05     1.2380E-02     7.1962E-01     H2      31377

 BOND    =    11987.1836  ANGLE   =      166.9386  DIHED      =      969.9535
 VDWAALS =    31143.6098  EEL     =  -198802.2821  HBOND      =        0.0000
 1-4 VDW =      258.4882  1-4 EEL =    -4812.8767  RESTRAINT  =        0.0000


   NSTEP       ENERGY          RMS            GMAX         NAME    NUMBER
   4250      -1.5909E+05     1.2380E-02     7.1959E-01     H2      31377

 BOND    =    11987.1838  ANGLE   =      166.9386  DIHED      =      969.9535
 VDWAALS =    31143.6105  EEL     =  -198802.2796  HBOND      =        0.0000
 1-4 VDW =      258.4882  1-4 EEL =    -4812.8767  RESTRAINT  =        0.0000


   NSTEP       ENERGY          RMS            GMAX         NAME    NUMBER
   4300      -1.5909E+05     1.2380E-02     7.1959E-01     H2      31377

 BOND    =    11987.1839  ANGLE   =      166.9386  DIHED      =      969.9535
 VDWAALS =    31143.6116  EEL     =  -198802.2810  HBOND      =        0.0000
 1-4 VDW =      258.4882  1-4 EEL =    -4812.8767  RESTRAINT  =        0.0000


   NSTEP       ENERGY          RMS            GMAX         NAME    NUMBER
   4350      -1.5909E+05     1.2380E-02     7.1959E-01     H2      31377

 BOND    =    11987.1841  ANGLE   =      166.9386  DIHED      =      969.9536
 VDWAALS =    31143.6118  EEL     =  -198802.2805  HBOND      =        0.0000
 1-4 VDW =      258.4882  1-4 EEL =    -4812.8767  RESTRAINT  =        0.0000


   NSTEP       ENERGY          RMS            GMAX         NAME    NUMBER
   4400      -1.5909E+05     1.2380E-02     7.1956E-01     H2      31377

 BOND    =    11987.1843  ANGLE   =      166.9386  DIHED      =      969.9536
 VDWAALS =    31143.6126  EEL     =  -198802.2846  HBOND      =        0.0000
 1-4 VDW =      258.4882  1-4 EEL =    -4812.8767  RESTRAINT  =        0.0000


   NSTEP       ENERGY          RMS            GMAX         NAME    NUMBER
   4450      -1.5909E+05     1.2380E-02     7.1956E-01     H2      31377

 BOND    =    11987.1844  ANGLE   =      166.9386  DIHED      =      969.9536
 VDWAALS =    31143.6122  EEL     =  -198802.2867  HBOND      =        0.0000
 1-4 VDW =      258.4882  1-4 EEL =    -4812.8767  RESTRAINT  =        0.0000


   NSTEP       ENERGY          RMS            GMAX         NAME    NUMBER
   4500      -1.5909E+05     1.2380E-02     7.1952E-01     H2      31377

 BOND    =    11987.1847  ANGLE   =      166.9386  DIHED      =      969.9536
 VDWAALS =    31143.6144  EEL     =  -198802.2900  HBOND      =        0.0000
 1-4 VDW =      258.4882  1-4 EEL =    -4812.8767  RESTRAINT  =        0.0000


   NSTEP       ENERGY          RMS            GMAX         NAME    NUMBER
   4550      -1.5909E+05     1.2380E-02     7.1951E-01     H2      31377

 BOND    =    11987.1849  ANGLE   =      166.9385  DIHED      =      969.9536
 VDWAALS =    31143.6172  EEL     =  -198802.2937  HBOND      =        0.0000
 1-4 VDW =      258.4881  1-4 EEL =    -4812.8767  RESTRAINT  =        0.0000


   NSTEP       ENERGY          RMS            GMAX         NAME    NUMBER
   4600      -1.5909E+05     1.2380E-02     7.1951E-01     H2      31377

 BOND    =    11987.1850  ANGLE   =      166.9385  DIHED      =      969.9537
 VDWAALS =    31143.6173  EEL     =  -198802.2890  HBOND      =        0.0000
 1-4 VDW =      258.4881  1-4 EEL =    -4812.8766  RESTRAINT  =        0.0000


   NSTEP       ENERGY          RMS            GMAX         NAME    NUMBER
   4650      -1.5909E+05     1.2379E-02     7.1948E-01     H2      31377

 BOND    =    11987.1853  ANGLE   =      166.9385  DIHED      =      969.9537
 VDWAALS =    31143.6185  EEL     =  -198802.2918  HBOND      =        0.0000
 1-4 VDW =      258.4881  1-4 EEL =    -4812.8766  RESTRAINT  =        0.0000


   NSTEP       ENERGY          RMS            GMAX         NAME    NUMBER
   4700      -1.5909E+05     1.2379E-02     7.1947E-01     H2      31377

 BOND    =    11987.1855  ANGLE   =      166.9385  DIHED      =      969.9537
 VDWAALS =    31143.6218  EEL     =  -198802.2987  HBOND      =        0.0000
 1-4 VDW =      258.4881  1-4 EEL =    -4812.8766  RESTRAINT  =        0.0000


   NSTEP       ENERGY          RMS            GMAX         NAME    NUMBER
   4750      -1.5909E+05     1.2379E-02     7.1945E-01     H2      31377

 BOND    =    11987.1856  ANGLE   =      166.9385  DIHED      =      969.9537
 VDWAALS =    31143.6212  EEL     =  -198802.2984  HBOND      =        0.0000
 1-4 VDW =      258.4881  1-4 EEL =    -4812.8766  RESTRAINT  =        0.0000


   NSTEP       ENERGY          RMS            GMAX         NAME    NUMBER
   4800      -1.5909E+05     1.2379E-02     7.1942E-01     H2      31377

 BOND    =    11987.1857  ANGLE   =      166.9385  DIHED      =      969.9537
 VDWAALS =    31143.6208  EEL     =  -198802.2965  HBOND      =        0.0000
 1-4 VDW =      258.4881  1-4 EEL =    -4812.8766  RESTRAINT  =        0.0000


   NSTEP       ENERGY          RMS            GMAX         NAME    NUMBER
   4850      -1.5909E+05     1.2379E-02     7.1941E-01     H2      31377

 BOND    =    11987.1859  ANGLE   =      166.9385  DIHED      =      969.9538
 VDWAALS =    31143.6223  EEL     =  -198802.3039  HBOND      =        0.0000
 1-4 VDW =      258.4881  1-4 EEL =    -4812.8766  RESTRAINT  =        0.0000


   NSTEP       ENERGY          RMS            GMAX         NAME    NUMBER
   4900      -1.5909E+05     1.2379E-02     7.1940E-01     H2      31377

 BOND    =    11987.1860  ANGLE   =      166.9385  DIHED      =      969.9538
 VDWAALS =    31143.6257  EEL     =  -198802.3130  HBOND      =        0.0000
 1-4 VDW =      258.4881  1-4 EEL =    -4812.8766  RESTRAINT  =        0.0000


   NSTEP       ENERGY          RMS            GMAX         NAME    NUMBER
   4950      -1.5909E+05     1.2379E-02     7.1940E-01     H2      31377

 BOND    =    11987.1862  ANGLE   =      166.9385  DIHED      =      969.9538
 VDWAALS =    31143.6237  EEL     =  -198802.3077  HBOND      =        0.0000
 1-4 VDW =      258.4881  1-4 EEL =    -4812.8766  RESTRAINT  =        0.0000


   NSTEP       ENERGY          RMS            GMAX         NAME    NUMBER
   5000      -1.5909E+05     1.2379E-02     7.1936E-01     H2      31377

 BOND    =    11987.1864  ANGLE   =      166.9385  DIHED      =      969.9538
 VDWAALS =    31143.6258  EEL     =  -198802.3147  HBOND      =        0.0000
 1-4 VDW =      258.4881  1-4 EEL =    -4812.8765  RESTRAINT  =        0.0000


   NSTEP       ENERGY          RMS            GMAX         NAME    NUMBER
   5050      -1.5911E+05     4.5597E-02     2.4123E+00     O       31375

 BOND    =    11990.9097  ANGLE   =      166.9402  DIHED      =      970.3272
 VDWAALS =    31160.0364  EEL     =  -198840.9957  HBOND      =        0.0000
 1-4 VDW =      258.3945  1-4 EEL =    -4812.3109  RESTRAINT  =        0.0000


   NSTEP       ENERGY          RMS            GMAX         NAME    NUMBER
   5100      -1.5911E+05     5.4673E-02     2.3721E+00     P         156

 BOND    =    11989.5162  ANGLE   =      166.9374  DIHED      =      970.3770
 VDWAALS =    31160.6150  EEL     =  -198843.9637  HBOND      =        0.0000
 1-4 VDW =      258.4023  1-4 EEL =    -4812.1828  RESTRAINT  =        0.0000


   NSTEP       ENERGY          RMS            GMAX         NAME    NUMBER
   5150      -1.5911E+05     7.5633E-02     4.6508E+00     P         156

 BOND    =    11991.6955  ANGLE   =      167.2676  DIHED      =      970.4426
 VDWAALS =    31161.8129  EEL     =  -198849.9367  HBOND      =        0.0000
 1-4 VDW =      258.4722  1-4 EEL =    -4813.1936  RESTRAINT  =        0.0000


   NSTEP       ENERGY          RMS            GMAX         NAME    NUMBER
   5200      -1.5912E+05     1.4664E-01     9.6661E+00     H1       6560

 BOND    =    11992.5725  ANGLE   =      167.2280  DIHED      =      970.5310
 VDWAALS =    31167.0095  EEL     =  -198861.2901  HBOND      =        0.0000
 1-4 VDW =      258.4757  1-4 EEL =    -4813.1686  RESTRAINT  =        0.0000


   NSTEP       ENERGY          RMS            GMAX         NAME    NUMBER
   5250      -1.5912E+05     5.3988E-02     3.4749E+00     C4        867

 BOND    =    11991.1723  ANGLE   =      167.0144  DIHED      =      970.5176
 VDWAALS =    31168.1736  EEL     =  -198864.5449  HBOND      =        0.0000
 1-4 VDW =      258.2765  1-4 EEL =    -4812.2639  RESTRAINT  =        0.0000


   NSTEP       ENERGY          RMS            GMAX         NAME    NUMBER
   5300      -1.5913E+05     4.0340E-02     2.0146E+00     O        6559

 BOND    =    11992.0795  ANGLE   =      167.0928  DIHED      =      970.6289
 VDWAALS =    31175.7379  EEL     =  -198881.0979  HBOND      =        0.0000
 1-4 VDW =      258.3230  1-4 EEL =    -4812.1559  RESTRAINT  =        0.0000


   NSTEP       ENERGY          RMS            GMAX         NAME    NUMBER
   5350      -1.5914E+05     5.4236E-02     2.3269E+00     N9        767

 BOND    =    11992.5093  ANGLE   =      166.9811  DIHED      =      970.7520
 VDWAALS =    31182.6379  EEL     =  -198894.8942  HBOND      =        0.0000
 1-4 VDW =      258.3372  1-4 EEL =    -4812.0161  RESTRAINT  =        0.0000


   NSTEP       ENERGY          RMS            GMAX         NAME    NUMBER
   5400      -1.5914E+05     2.9013E-02     1.1990E+00     C4        303

 BOND    =    11993.7365  ANGLE   =      166.9912  DIHED      =      970.7836
 VDWAALS =    31185.2947  EEL     =  -198900.8365  HBOND      =        0.0000
 1-4 VDW =      258.3469  1-4 EEL =    -4812.0801  RESTRAINT  =        0.0000


   NSTEP       ENERGY          RMS            GMAX         NAME    NUMBER
   5450      -1.5915E+05     4.0299E-02     2.0406E+00     N9        767

 BOND    =    11997.0247  ANGLE   =      167.0695  DIHED      =      971.1167
 VDWAALS =    31197.0642  EEL     =  -198930.3438  HBOND      =        0.0000
 1-4 VDW =      258.3928  1-4 EEL =    -4812.2352  RESTRAINT  =        0.0000


   NSTEP       ENERGY          RMS            GMAX         NAME    NUMBER
   5500      -1.5916E+05     5.0034E-02     2.3791E+00     C2        493

 BOND    =    11996.8912  ANGLE   =      167.1799  DIHED      =      971.2156
 VDWAALS =    31197.8169  EEL     =  -198934.7917  HBOND      =        0.0000
 1-4 VDW =      258.3395  1-4 EEL =    -4812.1101  RESTRAINT  =        0.0000

     .... RESTARTED DUE TO LINMIN FAILURE ...


   NSTEP       ENERGY          RMS            GMAX         NAME    NUMBER
   5550      -1.5916E+05     1.3725E-01     9.9117E+00     H2       9222

 BOND    =    11998.8660  ANGLE   =      167.5461  DIHED      =      971.7160
 VDWAALS =    31206.0705  EEL     =  -198952.6685  HBOND      =        0.0000
 1-4 VDW =      258.4567  1-4 EEL =    -4813.1713  RESTRAINT  =        0.0000


   NSTEP       ENERGY          RMS            GMAX         NAME    NUMBER
   5600      -1.5917E+05     7.5241E-02     3.4282E+00     H1       9221

 BOND    =    11998.3945  ANGLE   =      167.0819  DIHED      =      971.6332
 VDWAALS =    31211.3660  EEL     =  -198962.3834  HBOND      =        0.0000
 1-4 VDW =      258.4969  1-4 EEL =    -4812.5206  RESTRAINT  =        0.0000


   NSTEP       ENERGY          RMS            GMAX         NAME    NUMBER
   5650      -1.5917E+05     4.8659E-02     2.8199E+00     O        9220

 BOND    =    11999.0607  ANGLE   =      167.0293  DIHED      =      971.6198
 VDWAALS =    31214.5481  EEL     =  -198968.7111  HBOND      =        0.0000
 1-4 VDW =      258.2904  1-4 EEL =    -4812.0366  RESTRAINT  =        0.0000


   NSTEP       ENERGY          RMS            GMAX         NAME    NUMBER
   5700      -1.5917E+05     2.8893E-02     1.6116E+00     P         441

 BOND    =    12000.3278  ANGLE   =      166.8961  DIHED      =      971.7536
 VDWAALS =    31224.2176  EEL     =  -198983.2372  HBOND      =        0.0000
 1-4 VDW =      258.3600  1-4 EEL =    -4812.3470  RESTRAINT  =        0.0000


   NSTEP       ENERGY          RMS            GMAX         NAME    NUMBER
   5750      -1.5918E+05     4.8551E-02     3.4220E+00     N9        767

 BOND    =    12000.5273  ANGLE   =      166.8459  DIHED      =      971.7852
 VDWAALS =    31228.3104  EEL     =  -198989.3985  HBOND      =        0.0000
 1-4 VDW =      258.3797  1-4 EEL =    -4812.4203  RESTRAINT  =        0.0000


   NSTEP       ENERGY          RMS            GMAX         NAME    NUMBER
   5800      -1.5918E+05     3.1926E-02     1.6466E+00     C6        580

 BOND    =    12001.3436  ANGLE   =      166.8447  DIHED      =      971.8465
 VDWAALS =    31232.8358  EEL     =  -198997.3578  HBOND      =        0.0000
 1-4 VDW =      258.3247  1-4 EEL =    -4812.3966  RESTRAINT  =        0.0000

     .... RESTARTED DUE TO LINMIN FAILURE ...


   NSTEP       ENERGY          RMS            GMAX         NAME    NUMBER
   5850      -1.5919E+05     6.7116E-02     4.5372E+00     O       13615

 BOND    =    12004.6701  ANGLE   =      166.3933  DIHED      =      972.0013
 VDWAALS =    31252.6765  EEL     =  -199029.7801  HBOND      =        0.0000
 1-4 VDW =      258.5301  1-4 EEL =    -4812.5812  RESTRAINT  =        0.0000


   NSTEP       ENERGY          RMS            GMAX         NAME    NUMBER
   5900      -1.5919E+05     3.5426E-02     1.9992E+00     O       13747

 BOND    =    12004.6975  ANGLE   =      166.4112  DIHED      =      972.0311
 VDWAALS =    31257.8519  EEL     =  -199039.8797  HBOND      =        0.0000
 1-4 VDW =      258.5086  1-4 EEL =    -4812.4972  RESTRAINT  =        0.0000


   NSTEP       ENERGY          RMS            GMAX         NAME    NUMBER
   5950      -1.5919E+05     3.6859E-02     1.9711E+00     O       13747

 BOND    =    12004.3122  ANGLE   =      166.3451  DIHED      =      972.1309
 VDWAALS =    31259.5937  EEL     =  -199042.2739  HBOND      =        0.0000
 1-4 VDW =      258.4188  1-4 EEL =    -4812.5493  RESTRAINT  =        0.0000


   NSTEP       ENERGY          RMS            GMAX         NAME    NUMBER
   6000      -1.5920E+05     3.4488E-02     1.5502E+00     N9        767

 BOND    =    12004.6967  ANGLE   =      166.2830  DIHED      =      972.1056
 VDWAALS =    31264.2899  EEL     =  -199049.7752  HBOND      =        0.0000
 1-4 VDW =      258.4946  1-4 EEL =    -4812.4083  RESTRAINT  =        0.0000


   NSTEP       ENERGY          RMS            GMAX         NAME    NUMBER
   6050      -1.5920E+05     2.1952E-02     1.5690E+00     N9        767

 BOND    =    12007.3227  ANGLE   =      166.1163  DIHED      =      972.2377
 VDWAALS =    31277.5083  EEL     =  -199070.3833  HBOND      =        0.0000
 1-4 VDW =      258.4063  1-4 EEL =    -4812.4217  RESTRAINT  =        0.0000


   NSTEP       ENERGY          RMS            GMAX         NAME    NUMBER
   6100      -1.5920E+05     1.4882E-02     7.5344E-01     H2      31983

 BOND    =    12007.1648  ANGLE   =      166.1836  DIHED      =      972.3037
 VDWAALS =    31279.3032  EEL     =  -199072.6955  HBOND      =        0.0000
 1-4 VDW =      258.3337  1-4 EEL =    -4812.5694  RESTRAINT  =        0.0000


   NSTEP       ENERGY          RMS            GMAX         NAME    NUMBER
   6150      -1.5921E+05     9.6496E-02     6.3994E+00     O       31981

 BOND    =    12010.5183  ANGLE   =      165.8058  DIHED      =      972.1062
 VDWAALS =    31302.1274  EEL     =  -199109.4558  HBOND      =        0.0000
 1-4 VDW =      258.2918  1-4 EEL =    -4812.4686  RESTRAINT  =        0.0000


   NSTEP       ENERGY          RMS            GMAX         NAME    NUMBER
   6200      -1.5922E+05     8.9931E-02     7.1578E+00     H2      31983

 BOND    =    12011.6718  ANGLE   =      166.1994  DIHED      =      971.9204
 VDWAALS =    31305.9412  EEL     =  -199118.0814  HBOND      =        0.0000
 1-4 VDW =      258.1578  1-4 EEL =    -4812.4305  RESTRAINT  =        0.0000


   NSTEP       ENERGY          RMS            GMAX         NAME    NUMBER
   6250      -1.5922E+05     1.0582E-01     7.5660E+00     H2      32838

 BOND    =    12014.1479  ANGLE   =      166.3274  DIHED      =      971.2189
 VDWAALS =    31314.4599  EEL     =  -199134.7732  HBOND      =        0.0000
 1-4 VDW =      258.0933  1-4 EEL =    -4812.1233  RESTRAINT  =        0.0000


   NSTEP       ENERGY          RMS            GMAX         NAME    NUMBER
   6300      -1.5923E+05     5.7291E-02     4.1622E+00     O       32836

 BOND    =    12014.3053  ANGLE   =      166.4450  DIHED      =      970.6371
 VDWAALS =    31318.0440  EEL     =  -199142.2210  HBOND      =        0.0000
 1-4 VDW =      258.1001  1-4 EEL =    -4812.1125  RESTRAINT  =        0.0000


   NSTEP       ENERGY          RMS            GMAX         NAME    NUMBER
   6350      -1.5923E+05     4.3267E-02     2.1768E+00     C2'       592

 BOND    =    12015.2277  ANGLE   =      166.6618  DIHED      =      970.1254
 VDWAALS =    31320.9617  EEL     =  -199148.0826  HBOND      =        0.0000
 1-4 VDW =      258.1343  1-4 EEL =    -4812.0652  RESTRAINT  =        0.0000

     .... RESTARTED DUE TO LINMIN FAILURE ...


   NSTEP       ENERGY          RMS            GMAX         NAME    NUMBER
   6400      -1.5923E+05     3.0233E-02     1.5974E+00     C3'       590

 BOND    =    12014.0977  ANGLE   =      166.7786  DIHED      =      969.7363
 VDWAALS =    31322.7589  EEL     =  -199150.1764  HBOND      =        0.0000
 1-4 VDW =      258.1279  1-4 EEL =    -4811.9684  RESTRAINT  =        0.0000


   NSTEP       ENERGY          RMS            GMAX         NAME    NUMBER
   6450      -1.5923E+05     3.1673E-02     9.6986E-01     H2'       593

 BOND    =    12015.0655  ANGLE   =      166.8776  DIHED      =      969.5040
 VDWAALS =    31324.1549  EEL     =  -199153.5498  HBOND      =        0.0000
 1-4 VDW =      258.1066  1-4 EEL =    -4811.9656  RESTRAINT  =        0.0000

     .... RESTARTED DUE TO LINMIN FAILURE ...


   NSTEP       ENERGY          RMS            GMAX         NAME    NUMBER
   6500      -1.5923E+05     1.1581E-02     5.6960E-01     H1       4748

 BOND    =    12015.1098  ANGLE   =      166.9302  DIHED      =      969.4499
 VDWAALS =    31324.5379  EEL     =  -199154.4350  HBOND      =        0.0000
 1-4 VDW =      258.0930  1-4 EEL =    -4811.9620  RESTRAINT  =        0.0000


   NSTEP       ENERGY          RMS            GMAX         NAME    NUMBER
   6550      -1.5924E+05     6.2766E-02     2.6177E+00     C6        580

 BOND    =    12019.3140  ANGLE   =      168.2371  DIHED      =      968.4592
 VDWAALS =    31340.9439  EEL     =  -199184.4026  HBOND      =        0.0000
 1-4 VDW =      257.9846  1-4 EEL =    -4812.0836  RESTRAINT  =        0.0000


   NSTEP       ENERGY          RMS            GMAX         NAME    NUMBER
   6600      -1.5924E+05     5.2337E-02     3.1527E+00     H22       587

 BOND    =    12019.4108  ANGLE   =      167.7078  DIHED      =      968.9071
 VDWAALS =    31343.9651  EEL     =  -199189.9426  HBOND      =        0.0000
 1-4 VDW =      258.1110  1-4 EEL =    -4812.3677  RESTRAINT  =        0.0000


   NSTEP       ENERGY          RMS            GMAX         NAME    NUMBER
   6650      -1.5925E+05     1.3184E-01     8.7612E+00     P         253

 BOND    =    12019.3045  ANGLE   =      167.7082  DIHED      =      969.1443
 VDWAALS =    31347.8219  EEL     =  -199195.9925  HBOND      =        0.0000
 1-4 VDW =      258.1503  1-4 EEL =    -4812.3125  RESTRAINT  =        0.0000


   NSTEP       ENERGY          RMS            GMAX         NAME    NUMBER
   6700      -1.5925E+05     1.1678E-01     3.4307E+00     O        4747

 BOND    =    12021.8752  ANGLE   =      168.1705  DIHED      =      969.0109
 VDWAALS =    31354.4424  EEL     =  -199210.4120  HBOND      =        0.0000
 1-4 VDW =      257.6406  1-4 EEL =    -4811.1893  RESTRAINT  =        0.0000


   NSTEP       ENERGY          RMS            GMAX         NAME    NUMBER
   6750      -1.5925E+05     4.7912E-02     2.1367E+00     H2''      594

 BOND    =    12022.3747  ANGLE   =      167.1517  DIHED      =      969.1599
 VDWAALS =    31363.2969  EEL     =  -199223.2545  HBOND      =        0.0000
 1-4 VDW =      257.8160  1-4 EEL =    -4811.1263  RESTRAINT  =        0.0000


   NSTEP       ENERGY          RMS            GMAX         NAME    NUMBER
   6800      -1.5926E+05     6.8798E-02     2.3680E+00     C4        176

 BOND    =    12021.9815  ANGLE   =      167.1750  DIHED      =      969.0818
 VDWAALS =    31362.2786  EEL     =  -199223.7938  HBOND      =        0.0000
 1-4 VDW =      257.7549  1-4 EEL =    -4811.0837  RESTRAINT  =        0.0000


   NSTEP       ENERGY          RMS            GMAX         NAME    NUMBER
   6850      -1.5926E+05     7.4017E-02     3.7265E+00     N3        178

 BOND    =    12025.4492  ANGLE   =      167.2714  DIHED      =      968.9262
 VDWAALS =    31365.0482  EEL     =  -199233.2633  HBOND      =        0.0000
 1-4 VDW =      257.6299  1-4 EEL =    -4810.7415  RESTRAINT  =        0.0000


   NSTEP       ENERGY          RMS            GMAX         NAME    NUMBER
   6900      -1.5926E+05     8.6566E-02     4.5613E+00     C2'       592

 BOND    =    12027.5890  ANGLE   =      167.3303  DIHED      =      968.6751
 VDWAALS =    31369.0583  EEL     =  -199242.7729  HBOND      =        0.0000
 1-4 VDW =      257.5237  1-4 EEL =    -4810.7266  RESTRAINT  =        0.0000


   NSTEP       ENERGY          RMS            GMAX         NAME    NUMBER
   6950      -1.5927E+05     1.7311E-01     1.3000E+01     H1      14741

 BOND    =    12026.9005  ANGLE   =      168.3944  DIHED      =      967.6721
 VDWAALS =    31373.5582  EEL     =  -199249.5316  HBOND      =        0.0000
 1-4 VDW =      257.3482  1-4 EEL =    -4810.7614  RESTRAINT  =        0.0000


   NSTEP       ENERGY          RMS            GMAX         NAME    NUMBER
   7000      -1.5927E+05     3.6751E-02     2.2701E+00     H1      14741

 BOND    =    12025.1420  ANGLE   =      167.9083  DIHED      =      967.5436
 VDWAALS =    31373.1564  EEL     =  -199250.7392  HBOND      =        0.0000
 1-4 VDW =      257.5636  1-4 EEL =    -4811.1378  RESTRAINT  =        0.0000


   NSTEP       ENERGY          RMS            GMAX         NAME    NUMBER
   7050      -1.5927E+05     9.2892E-02     4.8956E+00     H2      14742

 BOND    =    12025.3281  ANGLE   =      168.4650  DIHED      =      967.0207
 VDWAALS =    31371.5148  EEL     =  -199252.7880  HBOND      =        0.0000
 1-4 VDW =      257.4205  1-4 EEL =    -4810.7729  RESTRAINT  =        0.0000


   NSTEP       ENERGY          RMS            GMAX         NAME    NUMBER
   7100      -1.5928E+05     3.3162E-02     2.3855E+00     H1      14741

 BOND    =    12026.0995  ANGLE   =      168.3044  DIHED      =      967.0223
 VDWAALS =    31373.1959  EEL     =  -199257.6764  HBOND      =        0.0000
 1-4 VDW =      257.4883  1-4 EEL =    -4811.1213  RESTRAINT  =        0.0000


   NSTEP       ENERGY          RMS            GMAX         NAME    NUMBER
   7150      -1.5928E+05     4.0947E-02     1.8386E+00     O3'       470

 BOND    =    12027.9200  ANGLE   =      168.2852  DIHED      =      967.0613
 VDWAALS =    31378.5404  EEL     =  -199270.7794  HBOND      =        0.0000
 1-4 VDW =      257.4954  1-4 EEL =    -4811.1231  RESTRAINT  =        0.0000


   NSTEP       ENERGY          RMS            GMAX         NAME    NUMBER
   7200      -1.5928E+05     4.9898E-02     4.0303E+00     C6        929

 BOND    =    12028.4728  ANGLE   =      168.3674  DIHED      =      966.9978
 VDWAALS =    31380.5660  EEL     =  -199274.6688  HBOND      =        0.0000
 1-4 VDW =      257.4805  1-4 EEL =    -4811.0646  RESTRAINT  =        0.0000

     .... RESTARTED DUE TO LINMIN FAILURE ...


                    FINAL RESULTS



   NSTEP       ENERGY          RMS            GMAX         NAME    NUMBER
   7224      -1.5928E+05     1.6460E-02     1.0214E+00     H2      13944

 BOND    =    12028.4188  ANGLE   =      168.3351  DIHED      =      967.0165
 VDWAALS =    31380.0720  EEL     =  -199274.6003  HBOND      =        0.0000
 1-4 VDW =      257.4673  1-4 EEL =    -4810.9148  RESTRAINT  =        0.0000

     ***** REPEATED LINMIN FAILURE *****
--------------------------------------------------------------------------------
   5.  TIMINGS
--------------------------------------------------------------------------------

|  NonSetup CPU Time in Major Routines:
|
|     Routine           Sec        %
|     ------------------------------
|     Nonbond           7.68   30.96
|     Bond              0.00    0.00
|     Angle             0.00    0.00
|     Dihedral          0.00    0.00
|     Shake             0.00    0.00
|     Other            17.12   69.04
|     ------------------------------
|     Total            24.79

|  PME Nonbond Pairlist CPU Time:
|
|     Routine              Sec        %
|     ---------------------------------
|     Set Up Cit           0.00    0.00
|     Build List           0.00    0.00
|     ---------------------------------
|     Total                0.00    0.00

|  PME Direct Force CPU Time:
|
|     Routine              Sec        %
|     ---------------------------------
|     NonBonded Calc       0.00    0.00
|     Exclude Masked       0.00    0.00
|     Other                0.02    0.07
|     ---------------------------------
|     Total                0.02    0.07

|  PME Reciprocal Force CPU Time:
|
|     Routine              Sec        %
|     ---------------------------------
|     1D bspline           0.00    0.00
|     Grid Charges         0.00    0.00
|     Scalar Sum           0.00    0.00
|     Gradient Sum         0.00    0.00
|     FFT                  0.00    0.00
|     ---------------------------------
|     Total                0.00    0.00

|  Setup CPU time:            0.68 seconds
|  NonSetup CPU time:        24.79 seconds
|  Total CPU time:           25.48 seconds     0.01 hours

|  Setup wall time:           1    seconds
|  NonSetup wall time:       50    seconds
|  Total wall time:          51    seconds     0.01 hours
