
          -------------------------------------------------------
          Amber 16 PMEMD                              2016
          -------------------------------------------------------

| PMEMD implementation of SANDER, Release 16

| Run on 11/02/2020 at 21:45:29

|   Executable path: pmemd.cuda
| Working directory: /home/kyq/T7RNADNA/newLG10
|          Hostname: gpu01

  [-O]verwriting output

File Assignments:
|   MDIN: heat5.in                                                              
|  MDOUT: cmp_heat5.out                                                         
| INPCRD: cmp_heat4.rst                                                         
|   PARM: cmp.prmtop                                                            
| RESTRT: cmp_heat5.rst                                                         
|   REFC: cmp.inpcrd                                                            
|  MDVEL: mdvel                                                                 
|   MDEN: mden                                                                  
|  MDCRD: cmp_heat5.mdcrd                                                       
| MDINFO: mdinfo                                                                
|  MDFRC: mdfrc                                                                 

 
 Here is the input file:
 
Stage 2 equilibration 1 0-5ns                                                  
 &cntrl                                                                        
  imin=0, irest=1, ntx=5,                                                      
  nstlim=4000, dt=0.002,                                                       
  ntc=2, ntf=2,                                                                
  ntt=1, tautp=1.5,                                                            
  tempi=200.0, temp0=255.0,                                                    
  ntpr=50, ntwx=50,                                                            
  ntb=1,                                                                       
  cut=10,                                                                      
 /                                                                             


Note: ig = -1. Setting random seed to    99784 based on wallclock time in 
      microseconds.
 
|--------------------- INFORMATION ----------------------
| GPU (CUDA) Version of PMEMD in use: NVIDIA GPU IN USE.
|                    Version 16.0.0
| 
|                      02/25/2016
| 
| Implementation by:
|                    Ross C. Walker     (SDSC)
|                    Scott Le Grand     (nVIDIA)
| 
| Precision model in use:
|      [SPFP] - Single Precision Forces, 64-bit Fixed Point
|               Accumulation. (Default)
| 
|--------------------------------------------------------
 
|----------------- CITATION INFORMATION -----------------
|
|    When publishing work that utilized the CUDA version
|    of AMBER, please cite the following in addition to
|    the regular AMBER citations:
|
|  - Romelia Salomon-Ferrer; Andreas W. Goetz; Duncan
|    Poole; Scott Le Grand; Ross C. Walker "Routine
|    microsecond molecular dynamics simulations with
|    AMBER - Part II: Particle Mesh Ewald", J. Chem.
|    Theory Comput., 2013, 9 (9), pp3878-3888,
|    DOI: 10.1021/ct400314y.
|
|  - Andreas W. Goetz; Mark J. Williamson; Dong Xu;
|    Duncan Poole; Scott Le Grand; Ross C. Walker
|    "Routine microsecond molecular dynamics simulations
|    with AMBER - Part I: Generalized Born", J. Chem.
|    Theory Comput., 2012, 8 (5), pp1542-1555.
|
|  - Scott Le Grand; Andreas W. Goetz; Ross C. Walker
|    "SPFP: Speed without compromise - a mixed precision
|    model for GPU accelerated molecular dynamics
|    simulations.", Comp. Phys. Comm., 2013, 184
|    pp374-380, DOI: 10.1016/j.cpc.2012.09.022
|
|--------------------------------------------------------
 
|------------------- GPU DEVICE INFO --------------------
|
|            CUDA_VISIBLE_DEVICES: 1
|   CUDA Capable Devices Detected:      1
|           CUDA Device ID in use:      0
|                CUDA Device Name: Tesla P100-PCIE-16GB
|     CUDA Device Global Mem Size:  16276 MB
| CUDA Device Num Multiprocessors:     56
|           CUDA Device Core Freq:   1.33 GHz
|
|--------------------------------------------------------
 
 
| Conditional Compilation Defines Used:
| PUBFFT
| BINTRAJ
| CUDA
| EMIL
 
| Largest sphere to fit in unit cell has radius =    32.961

| New format PARM file being parsed.
| Version =    1.000 Date = 11/02/20 Time = 21:40:10

| Note: 1-4 EEL scale factors are being read from the topology file.

| Note: 1-4 VDW scale factors are being read from the topology file.
| Duplicated    0 dihedrals

| Duplicated    0 dihedrals

--------------------------------------------------------------------------------
   1.  RESOURCE   USE: 
--------------------------------------------------------------------------------

 getting box info from netcdf restart file
 NATOM  =   35955 NTYPES =      18 NBONH =   35232 MBONA  =     774
 NTHETH =     898 MTHETA =    1191 NPHIH =    1825 MPHIA  =    2463
 NHPARM =       0 NPARM  =       0 NNB   =   52462 NRES   =   11683
 NBONA  =     774 NTHETA =    1191 NPHIA =    2463 NUMBND =      61
 NUMANG =     127 NPTRA  =      75 NATYP =      34 NPHB   =       1
 IFBOX  =       2 NMXRS  =      33 IFCAP =       0 NEXTRA =       0
 NCOPY  =       0

| Coordinate Index Table dimensions:    13   13   13
| Direct force subcell size =     6.2105    6.2105    6.2105

     BOX TYPE: TRUNCATED OCTAHEDRON

--------------------------------------------------------------------------------
   2.  CONTROL  DATA  FOR  THE  RUN
--------------------------------------------------------------------------------

default_name                                                                    

General flags:
     imin    =       0, nmropt  =       0

Nature and format of input:
     ntx     =       5, irest   =       1, ntrx    =       1

Nature and format of output:
     ntxo    =       2, ntpr    =      50, ntrx    =       1, ntwr    =    4000
     iwrap   =       0, ntwx    =      50, ntwv    =       0, ntwe    =       0
     ioutfm  =       1, ntwprt  =       0, idecomp =       0, rbornstat=      0

Potential function:
     ntf     =       2, ntb     =       1, igb     =       0, nsnb    =      25
     ipol    =       0, gbsa    =       0, iesp    =       0
     dielc   =   1.00000, cut     =  10.00000, intdiel =   1.00000

Frozen or restrained atoms:
     ibelly  =       0, ntr     =       0

Molecular dynamics:
     nstlim  =      4000, nscm    =      1000, nrespa  =         1
     t       =   0.00000, dt      =   0.00200, vlimit  =  -1.00000

Berendsen (weak-coupling) temperature regulation:
     temp0   = 255.00000, tempi   = 200.00000, tautp   =   1.50000

SHAKE:
     ntc     =       2, jfastw  =       0
     tol     =   0.00001

| Intermolecular bonds treatment:
|     no_intermolecular_bonds =       1

| Energy averages sample interval:
|     ene_avg_sampling =      50

Ewald parameters:
     verbose =       0, ew_type =       0, nbflag  =       1, use_pme =       1
     vdwmeth =       1, eedmeth =       1, netfrc  =       1
     Box X =   80.737   Box Y =   80.737   Box Z =   80.737
     Alpha =  109.471   Beta  =  109.471   Gamma =  109.471
     NFFT1 =   84       NFFT2 =   84       NFFT3 =   84
     Cutoff=   10.000   Tol   =0.100E-04
     Ewald Coefficient =  0.27511
     Interpolation order =    4

--------------------------------------------------------------------------------
   3.  ATOMIC COORDINATES AND VELOCITIES
--------------------------------------------------------------------------------

default_name                                                                    
 begin time read from input coords =    20.000 ps

 
 Number of triangulated 3-point waters found:    11617

     Sum of charges from parm topology file =   0.00000020
     Forcing neutrality...

| Dynamic Memory, Types Used:
| Reals             1044211
| Integers           865448

| Nonbonded Pairs Initial Allocation:    10875488

| GPU memory information (estimate):
| KB of GPU memory in use:    168235
| KB of CPU memory in use:     57103

--------------------------------------------------------------------------------
   4.  RESULTS
--------------------------------------------------------------------------------

 ---------------------------------------------------
 APPROXIMATING switch and d/dx switch using CUBIC SPLINE INTERPOLATION
 using   5000.0 points per unit in tabled values
 TESTING RELATIVE ERROR over r ranging from 0.0 to cutoff
| CHECK switch(x): max rel err =   0.3316E-14   at   2.351880
| CHECK d/dx switch(x): max rel err =   0.8066E-11   at   2.747240
 ---------------------------------------------------
|---------------------------------------------------
| APPROXIMATING direct energy using CUBIC SPLINE INTERPOLATION
|  with   50.0 points per unit in tabled values
| Relative Error Limit not exceeded for r .gt.   2.34
| APPROXIMATING direct force using CUBIC SPLINE INTERPOLATION
|  with   50.0 points per unit in tabled values
| Relative Error Limit not exceeded for r .gt.   2.81
|---------------------------------------------------

 NSTEP =       50   TIME(PS) =      20.100  TEMP(K) =   188.65  PRESS =     0.0
 Etot   =   -123085.6920  EKtot   =     13614.0068  EPtot      =   -136699.6988
 BOND   =       152.9004  ANGLE   =       351.1241  DIHED      =      1023.2404
 1-4 NB =       278.7805  1-4 EEL =     -4810.0990  VDWAALS    =     21486.5853
 EELEC  =   -155182.2304  EHBOND  =         0.0000  RESTRAINT  =         0.0000
 ------------------------------------------------------------------------------


 NSTEP =      100   TIME(PS) =      20.200  TEMP(K) =   190.31  PRESS =     0.0
 Etot   =   -122771.2396  EKtot   =     13733.6250  EPtot      =   -136504.8646
 BOND   =       161.2321  ANGLE   =       377.8657  DIHED      =      1018.2328
 1-4 NB =       275.1166  1-4 EEL =     -4824.7764  VDWAALS    =     21686.8520
 EELEC  =   -155199.3875  EHBOND  =         0.0000  RESTRAINT  =         0.0000
 ------------------------------------------------------------------------------


 NSTEP =      150   TIME(PS) =      20.300  TEMP(K) =   191.42  PRESS =     0.0
 Etot   =   -122467.1204  EKtot   =     13813.7812  EPtot      =   -136280.9016
 BOND   =       149.2807  ANGLE   =       349.9895  DIHED      =      1019.1249
 1-4 NB =       280.5871  1-4 EEL =     -4781.9017  VDWAALS    =     21762.0409
 EELEC  =   -155060.0231  EHBOND  =         0.0000  RESTRAINT  =         0.0000
 ------------------------------------------------------------------------------


 NSTEP =      200   TIME(PS) =      20.400  TEMP(K) =   194.03  PRESS =     0.0
 Etot   =   -122169.8405  EKtot   =     14002.2168  EPtot      =   -136172.0573
 BOND   =       149.5168  ANGLE   =       367.2422  DIHED      =      1018.0036
 1-4 NB =       282.8108  1-4 EEL =     -4799.3926  VDWAALS    =     21379.3902
 EELEC  =   -154569.6283  EHBOND  =         0.0000  RESTRAINT  =         0.0000
 ------------------------------------------------------------------------------


 NSTEP =      250   TIME(PS) =      20.500  TEMP(K) =   193.86  PRESS =     0.0
 Etot   =   -121875.8905  EKtot   =     13990.1484  EPtot      =   -135866.0389
 BOND   =       160.6654  ANGLE   =       372.2022  DIHED      =      1025.6473
 1-4 NB =       266.8247  1-4 EEL =     -4812.1820  VDWAALS    =     21564.2489
 EELEC  =   -154443.4455  EHBOND  =         0.0000  RESTRAINT  =         0.0000
 ------------------------------------------------------------------------------


 NSTEP =      300   TIME(PS) =      20.600  TEMP(K) =   196.49  PRESS =     0.0
 Etot   =   -121591.0265  EKtot   =     14179.5977  EPtot      =   -135770.6242
 BOND   =       157.6133  ANGLE   =       395.9558  DIHED      =      1022.8955
 1-4 NB =       273.5783  1-4 EEL =     -4804.1094  VDWAALS    =     21633.4057
 EELEC  =   -154449.9634  EHBOND  =         0.0000  RESTRAINT  =         0.0000
 ------------------------------------------------------------------------------


 NSTEP =      350   TIME(PS) =      20.700  TEMP(K) =   198.09  PRESS =     0.0
 Etot   =   -121317.5234  EKtot   =     14295.0605  EPtot      =   -135612.5840
 BOND   =       158.9312  ANGLE   =       359.8749  DIHED      =      1021.9148
 1-4 NB =       278.5750  1-4 EEL =     -4795.0779  VDWAALS    =     21208.2720
 EELEC  =   -153845.0739  EHBOND  =         0.0000  RESTRAINT  =         0.0000
 ------------------------------------------------------------------------------


 NSTEP =      400   TIME(PS) =      20.800  TEMP(K) =   200.15  PRESS =     0.0
 Etot   =   -121044.6429  EKtot   =     14444.0439  EPtot      =   -135488.6868
 BOND   =       162.0069  ANGLE   =       368.0930  DIHED      =      1013.0615
 1-4 NB =       276.6037  1-4 EEL =     -4822.5457  VDWAALS    =     21106.7360
 EELEC  =   -153592.6422  EHBOND  =         0.0000  RESTRAINT  =         0.0000
 ------------------------------------------------------------------------------


 NSTEP =      450   TIME(PS) =      20.900  TEMP(K) =   200.38  PRESS =     0.0
 Etot   =   -120781.6865  EKtot   =     14460.0488  EPtot      =   -135241.7353
 BOND   =       171.5181  ANGLE   =       406.9546  DIHED      =      1013.2343
 1-4 NB =       276.3464  1-4 EEL =     -4817.9161  VDWAALS    =     21470.2290
 EELEC  =   -153762.1017  EHBOND  =         0.0000  RESTRAINT  =         0.0000
 ------------------------------------------------------------------------------


 NSTEP =      500   TIME(PS) =      21.000  TEMP(K) =   204.60  PRESS =     0.0
 Etot   =   -120530.8655  EKtot   =     14764.8936  EPtot      =   -135295.7590
 BOND   =       181.8268  ANGLE   =       390.4016  DIHED      =      1018.7958
 1-4 NB =       275.6321  1-4 EEL =     -4831.7092  VDWAALS    =     21206.6672
 EELEC  =   -153537.3735  EHBOND  =         0.0000  RESTRAINT  =         0.0000
 ------------------------------------------------------------------------------


 NSTEP =      550   TIME(PS) =      21.100  TEMP(K) =   204.17  PRESS =     0.0
 Etot   =   -120283.3736  EKtot   =     14733.8945  EPtot      =   -135017.2681
 BOND   =       162.5950  ANGLE   =       387.7658  DIHED      =      1029.3659
 1-4 NB =       277.8696  1-4 EEL =     -4851.1359  VDWAALS    =     21108.9287
 EELEC  =   -153132.6571  EHBOND  =         0.0000  RESTRAINT  =         0.0000
 ------------------------------------------------------------------------------


 NSTEP =      600   TIME(PS) =      21.200  TEMP(K) =   205.56  PRESS =     0.0
 Etot   =   -120042.4586  EKtot   =     14834.2402  EPtot      =   -134876.6989
 BOND   =       165.4093  ANGLE   =       374.3345  DIHED      =      1026.1504
 1-4 NB =       288.6797  1-4 EEL =     -4812.1286  VDWAALS    =     20954.8403
 EELEC  =   -152873.9844  EHBOND  =         0.0000  RESTRAINT  =         0.0000
 ------------------------------------------------------------------------------


 NSTEP =      650   TIME(PS) =      21.300  TEMP(K) =   204.58  PRESS =     0.0
 Etot   =   -119801.4731  EKtot   =     14763.2188  EPtot      =   -134564.6919
 BOND   =       180.3310  ANGLE   =       395.2629  DIHED      =      1009.2852
 1-4 NB =       274.3013  1-4 EEL =     -4794.3031  VDWAALS    =     20908.6626
 EELEC  =   -152538.2317  EHBOND  =         0.0000  RESTRAINT  =         0.0000
 ------------------------------------------------------------------------------


 NSTEP =      700   TIME(PS) =      21.400  TEMP(K) =   206.75  PRESS =     0.0
 Etot   =   -119564.4341  EKtot   =     14920.2061  EPtot      =   -134484.6401
 BOND   =       171.3080  ANGLE   =       378.5549  DIHED      =      1025.0537
 1-4 NB =       278.7484  1-4 EEL =     -4790.2323  VDWAALS    =     21059.7255
 EELEC  =   -152607.7985  EHBOND  =         0.0000  RESTRAINT  =         0.0000
 ------------------------------------------------------------------------------


 NSTEP =      750   TIME(PS) =      21.500  TEMP(K) =   209.92  PRESS =     0.0
 Etot   =   -119339.5945  EKtot   =     15148.6484  EPtot      =   -134488.2429
 BOND   =       157.5067  ANGLE   =       403.4515  DIHED      =      1026.1495
 1-4 NB =       286.8353  1-4 EEL =     -4808.5825  VDWAALS    =     21045.1025
 EELEC  =   -152598.7058  EHBOND  =         0.0000  RESTRAINT  =         0.0000
 ------------------------------------------------------------------------------


 NSTEP =      800   TIME(PS) =      21.600  TEMP(K) =   210.34  PRESS =     0.0
 Etot   =   -119122.1355  EKtot   =     15178.8027  EPtot      =   -134300.9383
 BOND   =       188.5604  ANGLE   =       398.4461  DIHED      =      1025.9322
 1-4 NB =       275.6655  1-4 EEL =     -4828.6610  VDWAALS    =     20885.6137
 EELEC  =   -152246.4951  EHBOND  =         0.0000  RESTRAINT  =         0.0000
 ------------------------------------------------------------------------------


 NSTEP =      850   TIME(PS) =      21.700  TEMP(K) =   209.61  PRESS =     0.0
 Etot   =   -118903.7926  EKtot   =     15126.5156  EPtot      =   -134030.3082
 BOND   =       171.4538  ANGLE   =       421.1209  DIHED      =      1027.3107
 1-4 NB =       281.6083  1-4 EEL =     -4806.0085  VDWAALS    =     20825.4725
 EELEC  =   -151951.2659  EHBOND  =         0.0000  RESTRAINT  =         0.0000
 ------------------------------------------------------------------------------


 NSTEP =      900   TIME(PS) =      21.800  TEMP(K) =   213.26  PRESS =     0.0
 Etot   =   -118697.2657  EKtot   =     15389.7646  EPtot      =   -134087.0304
 BOND   =       187.1521  ANGLE   =       397.1604  DIHED      =      1017.4327
 1-4 NB =       272.6844  1-4 EEL =     -4784.7012  VDWAALS    =     20859.1674
 EELEC  =   -152035.9261  EHBOND  =         0.0000  RESTRAINT  =         0.0000
 ------------------------------------------------------------------------------


 NSTEP =      950   TIME(PS) =      21.900  TEMP(K) =   212.30  PRESS =     0.0
 Etot   =   -118492.4072  EKtot   =     15320.3867  EPtot      =   -133812.7939
 BOND   =       167.1823  ANGLE   =       422.6613  DIHED      =      1018.4199
 1-4 NB =       287.7840  1-4 EEL =     -4805.7042  VDWAALS    =     20736.2126
 EELEC  =   -151639.3498  EHBOND  =         0.0000  RESTRAINT  =         0.0000
 ------------------------------------------------------------------------------

check COM velocity, temp:        0.000005     0.00(Removed)

 NSTEP =     1000   TIME(PS) =      22.000  TEMP(K) =   213.51  PRESS =     0.0
 Etot   =   -118289.1230  EKtot   =     15408.0322  EPtot      =   -133697.1552
 BOND   =       172.8140  ANGLE   =       393.8878  DIHED      =      1002.4190
 1-4 NB =       280.1893  1-4 EEL =     -4787.8164  VDWAALS    =     20832.7831
 EELEC  =   -151591.4320  EHBOND  =         0.0000  RESTRAINT  =         0.0000
 ------------------------------------------------------------------------------


 NSTEP =     1050   TIME(PS) =      22.100  TEMP(K) =   214.42  PRESS =     0.0
 Etot   =   -118091.6536  EKtot   =     15473.4951  EPtot      =   -133565.1487
 BOND   =       176.1654  ANGLE   =       403.6947  DIHED      =      1026.3414
 1-4 NB =       268.5988  1-4 EEL =     -4784.9462  VDWAALS    =     20764.4222
 EELEC  =   -151419.4250  EHBOND  =         0.0000  RESTRAINT  =         0.0000
 ------------------------------------------------------------------------------


 NSTEP =     1100   TIME(PS) =      22.200  TEMP(K) =   215.78  PRESS =     0.0
 Etot   =   -117899.8699  EKtot   =     15571.7891  EPtot      =   -133471.6590
 BOND   =       175.1682  ANGLE   =       396.2742  DIHED      =      1033.7485
 1-4 NB =       279.3650  1-4 EEL =     -4801.6828  VDWAALS    =     20740.2673
 EELEC  =   -151294.7994  EHBOND  =         0.0000  RESTRAINT  =         0.0000
 ------------------------------------------------------------------------------


 NSTEP =     1150   TIME(PS) =      22.300  TEMP(K) =   216.40  PRESS =     0.0
 Etot   =   -117714.2135  EKtot   =     15616.5078  EPtot      =   -133330.7213
 BOND   =       175.7909  ANGLE   =       404.2388  DIHED      =      1031.2903
 1-4 NB =       281.4910  1-4 EEL =     -4798.4708  VDWAALS    =     20671.5462
 EELEC  =   -151096.6078  EHBOND  =         0.0000  RESTRAINT  =         0.0000
 ------------------------------------------------------------------------------


 NSTEP =     1200   TIME(PS) =      22.400  TEMP(K) =   217.86  PRESS =     0.0
 Etot   =   -117534.1861  EKtot   =     15721.8906  EPtot      =   -133256.0767
 BOND   =       183.0839  ANGLE   =       408.1663  DIHED      =      1014.1959
 1-4 NB =       280.9219  1-4 EEL =     -4801.6520  VDWAALS    =     20433.3691
 EELEC  =   -150774.1618  EHBOND  =         0.0000  RESTRAINT  =         0.0000
 ------------------------------------------------------------------------------


 NSTEP =     1250   TIME(PS) =      22.500  TEMP(K) =   216.99  PRESS =     0.0
 Etot   =   -117349.9676  EKtot   =     15658.9629  EPtot      =   -133008.9305
 BOND   =       188.5506  ANGLE   =       395.4026  DIHED      =      1021.1276
 1-4 NB =       283.3180  1-4 EEL =     -4799.1376  VDWAALS    =     20567.6170
 EELEC  =   -150665.8087  EHBOND  =         0.0000  RESTRAINT  =         0.0000
 ------------------------------------------------------------------------------


 NSTEP =     1300   TIME(PS) =      22.600  TEMP(K) =   218.62  PRESS =     0.0
 Etot   =   -117175.3942  EKtot   =     15776.4463  EPtot      =   -132951.8404
 BOND   =       185.9477  ANGLE   =       407.3483  DIHED      =      1029.1140
 1-4 NB =       279.0393  1-4 EEL =     -4845.3396  VDWAALS    =     20327.7170
 EELEC  =   -150335.6671  EHBOND  =         0.0000  RESTRAINT  =         0.0000
 ------------------------------------------------------------------------------


 NSTEP =     1350   TIME(PS) =      22.700  TEMP(K) =   217.92  PRESS =     0.0
 Etot   =   -116999.1085  EKtot   =     15726.1309  EPtot      =   -132725.2394
 BOND   =       200.3776  ANGLE   =       402.4755  DIHED      =      1024.4164
 1-4 NB =       290.3681  1-4 EEL =     -4822.0055  VDWAALS    =     20166.7743
 EELEC  =   -149987.6457  EHBOND  =         0.0000  RESTRAINT  =         0.0000
 ------------------------------------------------------------------------------


 NSTEP =     1400   TIME(PS) =      22.800  TEMP(K) =   217.62  PRESS =     0.0
 Etot   =   -116825.4655  EKtot   =     15704.7266  EPtot      =   -132530.1921
 BOND   =       201.7623  ANGLE   =       409.5254  DIHED      =      1037.5127
 1-4 NB =       287.9287  1-4 EEL =     -4820.9063  VDWAALS    =     20178.4308
 EELEC  =   -149824.4457  EHBOND  =         0.0000  RESTRAINT  =         0.0000
 ------------------------------------------------------------------------------


 NSTEP =     1450   TIME(PS) =      22.900  TEMP(K) =   220.93  PRESS =     0.0
 Etot   =   -116654.8207  EKtot   =     15943.5625  EPtot      =   -132598.3832
 BOND   =       181.2382  ANGLE   =       388.0007  DIHED      =      1021.2939
 1-4 NB =       280.0923  1-4 EEL =     -4782.6688  VDWAALS    =     20116.3587
 EELEC  =   -149802.6983  EHBOND  =         0.0000  RESTRAINT  =         0.0000
 ------------------------------------------------------------------------------


 NSTEP =     1500   TIME(PS) =      23.000  TEMP(K) =   222.97  PRESS =     0.0
 Etot   =   -116496.5055  EKtot   =     16090.9219  EPtot      =   -132587.4274
 BOND   =       198.4527  ANGLE   =       397.4669  DIHED      =      1034.8517
 1-4 NB =       288.7102  1-4 EEL =     -4800.7941  VDWAALS    =     20352.2976
 EELEC  =   -150058.4125  EHBOND  =         0.0000  RESTRAINT  =         0.0000
 ------------------------------------------------------------------------------


 NSTEP =     1550   TIME(PS) =      23.100  TEMP(K) =   221.63  PRESS =     0.0
 Etot   =   -116337.6561  EKtot   =     15993.8848  EPtot      =   -132331.5408
 BOND   =       193.2524  ANGLE   =       409.3060  DIHED      =      1021.8539
 1-4 NB =       280.2756  1-4 EEL =     -4819.9963  VDWAALS    =     20031.1483
 EELEC  =   -149447.3808  EHBOND  =         0.0000  RESTRAINT  =         0.0000
 ------------------------------------------------------------------------------


 NSTEP =     1600   TIME(PS) =      23.200  TEMP(K) =   221.88  PRESS =     0.0
 Etot   =   -116175.9776  EKtot   =     16012.0820  EPtot      =   -132188.0596
 BOND   =       188.3209  ANGLE   =       390.7543  DIHED      =      1049.9530
 1-4 NB =       295.6966  1-4 EEL =     -4832.4813  VDWAALS    =     19889.7612
 EELEC  =   -149170.0642  EHBOND  =         0.0000  RESTRAINT  =         0.0000
 ------------------------------------------------------------------------------


 NSTEP =     1650   TIME(PS) =      23.300  TEMP(K) =   222.26  PRESS =     0.0
 Etot   =   -116024.7014  EKtot   =     16039.6250  EPtot      =   -132064.3264
 BOND   =       210.4418  ANGLE   =       421.6499  DIHED      =      1037.6039
 1-4 NB =       276.7094  1-4 EEL =     -4852.5705  VDWAALS    =     20244.7837
 EELEC  =   -149402.9447  EHBOND  =         0.0000  RESTRAINT  =         0.0000
 ------------------------------------------------------------------------------


 NSTEP =     1700   TIME(PS) =      23.400  TEMP(K) =   224.57  PRESS =     0.0
 Etot   =   -115873.4856  EKtot   =     16206.2227  EPtot      =   -132079.7083
 BOND   =       188.3640  ANGLE   =       426.9069  DIHED      =      1048.4080
 1-4 NB =       282.1184  1-4 EEL =     -4827.9257  VDWAALS    =     19887.6745
 EELEC  =   -149085.2544  EHBOND  =         0.0000  RESTRAINT  =         0.0000
 ------------------------------------------------------------------------------


 NSTEP =     1750   TIME(PS) =      23.500  TEMP(K) =   223.28  PRESS =     0.0
 Etot   =   -115720.8821  EKtot   =     16113.3076  EPtot      =   -131834.1897
 BOND   =       192.8104  ANGLE   =       425.3522  DIHED      =      1028.0674
 1-4 NB =       292.3662  1-4 EEL =     -4810.3115  VDWAALS    =     19794.5181
 EELEC  =   -148756.9926  EHBOND  =         0.0000  RESTRAINT  =         0.0000
 ------------------------------------------------------------------------------


 NSTEP =     1800   TIME(PS) =      23.600  TEMP(K) =   226.10  PRESS =     0.0
 Etot   =   -115579.9736  EKtot   =     16316.7129  EPtot      =   -131896.6865
 BOND   =       186.5837  ANGLE   =       411.5713  DIHED      =      1036.3937
 1-4 NB =       283.4797  1-4 EEL =     -4807.7188  VDWAALS    =     19723.9594
 EELEC  =   -148730.9555  EHBOND  =         0.0000  RESTRAINT  =         0.0000
 ------------------------------------------------------------------------------


 NSTEP =     1850   TIME(PS) =      23.700  TEMP(K) =   226.24  PRESS =     0.0
 Etot   =   -115438.7410  EKtot   =     16326.3984  EPtot      =   -131765.1395
 BOND   =       208.8781  ANGLE   =       407.3771  DIHED      =      1042.8385
 1-4 NB =       280.0233  1-4 EEL =     -4794.4717  VDWAALS    =     19695.7129
 EELEC  =   -148605.4977  EHBOND  =         0.0000  RESTRAINT  =         0.0000
 ------------------------------------------------------------------------------


 NSTEP =     1900   TIME(PS) =      23.800  TEMP(K) =   226.90  PRESS =     0.0
 Etot   =   -115298.9778  EKtot   =     16373.9727  EPtot      =   -131672.9505
 BOND   =       191.4147  ANGLE   =       415.4323  DIHED      =      1037.5779
 1-4 NB =       284.7175  1-4 EEL =     -4797.4239  VDWAALS    =     19695.3695
 EELEC  =   -148500.0384  EHBOND  =         0.0000  RESTRAINT  =         0.0000
 ------------------------------------------------------------------------------


 NSTEP =     1950   TIME(PS) =      23.900  TEMP(K) =   226.36  PRESS =     0.0
 Etot   =   -115160.6450  EKtot   =     16335.4111  EPtot      =   -131496.0562
 BOND   =       214.5814  ANGLE   =       446.9204  DIHED      =      1024.2949
 1-4 NB =       281.4570  1-4 EEL =     -4847.6489  VDWAALS    =     19845.4127
 EELEC  =   -148461.0736  EHBOND  =         0.0000  RESTRAINT  =         0.0000
 ------------------------------------------------------------------------------

check COM velocity, temp:        0.000004     0.00(Removed)

 NSTEP =     2000   TIME(PS) =      24.000  TEMP(K) =   229.17  PRESS =     0.0
 Etot   =   -115027.8845  EKtot   =     16537.8984  EPtot      =   -131565.7830
 BOND   =       211.3581  ANGLE   =       446.5470  DIHED      =      1035.9132
 1-4 NB =       283.8797  1-4 EEL =     -4829.7974  VDWAALS    =     19779.0328
 EELEC  =   -148492.7163  EHBOND  =         0.0000  RESTRAINT  =         0.0000
 ------------------------------------------------------------------------------


 NSTEP =     2050   TIME(PS) =      24.100  TEMP(K) =   228.95  PRESS =     0.0
 Etot   =   -114896.6996  EKtot   =     16522.4648  EPtot      =   -131419.1644
 BOND   =       205.3303  ANGLE   =       429.7754  DIHED      =      1035.1949
 1-4 NB =       282.4303  1-4 EEL =     -4809.3247  VDWAALS    =     19752.3118
 EELEC  =   -148314.8824  EHBOND  =         0.0000  RESTRAINT  =         0.0000
 ------------------------------------------------------------------------------


 NSTEP =     2100   TIME(PS) =      24.200  TEMP(K) =   229.91  PRESS =     0.0
 Etot   =   -114773.2149  EKtot   =     16591.7305  EPtot      =   -131364.9454
 BOND   =       209.6353  ANGLE   =       429.7074  DIHED      =      1037.1400
 1-4 NB =       283.1104  1-4 EEL =     -4828.8021  VDWAALS    =     19834.9804
 EELEC  =   -148330.7167  EHBOND  =         0.0000  RESTRAINT  =         0.0000
 ------------------------------------------------------------------------------


 NSTEP =     2150   TIME(PS) =      24.300  TEMP(K) =   230.23  PRESS =     0.0
 Etot   =   -114648.7013  EKtot   =     16614.7695  EPtot      =   -131263.4708
 BOND   =       194.5483  ANGLE   =       436.5410  DIHED      =      1040.0219
 1-4 NB =       289.8054  1-4 EEL =     -4806.5685  VDWAALS    =     19868.8044
 EELEC  =   -148286.6233  EHBOND  =         0.0000  RESTRAINT  =         0.0000
 ------------------------------------------------------------------------------


 NSTEP =     2200   TIME(PS) =      24.400  TEMP(K) =   228.80  PRESS =     0.0
 Etot   =   -114526.4203  EKtot   =     16511.3008  EPtot      =   -131037.7211
 BOND   =       211.6929  ANGLE   =       418.6065  DIHED      =      1028.3934
 1-4 NB =       279.8498  1-4 EEL =     -4803.5895  VDWAALS    =     19941.9370
 EELEC  =   -148114.6112  EHBOND  =         0.0000  RESTRAINT  =         0.0000
 ------------------------------------------------------------------------------


 NSTEP =     2250   TIME(PS) =      24.500  TEMP(K) =   229.15  PRESS =     0.0
 Etot   =   -114407.6265  EKtot   =     16536.7246  EPtot      =   -130944.3511
 BOND   =       192.8053  ANGLE   =       421.4433  DIHED      =      1039.6750
 1-4 NB =       284.7815  1-4 EEL =     -4797.8342  VDWAALS    =     19603.7240
 EELEC  =   -147688.9461  EHBOND  =         0.0000  RESTRAINT  =         0.0000
 ------------------------------------------------------------------------------


 NSTEP =     2300   TIME(PS) =      24.600  TEMP(K) =   231.66  PRESS =     0.0
 Etot   =   -114289.8552  EKtot   =     16717.4922  EPtot      =   -131007.3474
 BOND   =       197.9864  ANGLE   =       430.2026  DIHED      =      1032.1542
 1-4 NB =       287.5622  1-4 EEL =     -4824.5319  VDWAALS    =     19533.8313
 EELEC  =   -147664.5522  EHBOND  =         0.0000  RESTRAINT  =         0.0000
 ------------------------------------------------------------------------------


 NSTEP =     2350   TIME(PS) =      24.700  TEMP(K) =   232.03  PRESS =     0.0
 Etot   =   -114181.4178  EKtot   =     16744.7051  EPtot      =   -130926.1229
 BOND   =       197.5229  ANGLE   =       439.5204  DIHED      =      1045.9053
 1-4 NB =       278.9116  1-4 EEL =     -4813.7521  VDWAALS    =     19578.5177
 EELEC  =   -147652.7487  EHBOND  =         0.0000  RESTRAINT  =         0.0000
 ------------------------------------------------------------------------------


 NSTEP =     2400   TIME(PS) =      24.800  TEMP(K) =   232.09  PRESS =     0.0
 Etot   =   -114069.9222  EKtot   =     16748.8145  EPtot      =   -130818.7366
 BOND   =       202.7714  ANGLE   =       455.7695  DIHED      =      1039.3342
 1-4 NB =       284.2163  1-4 EEL =     -4826.7981  VDWAALS    =     19488.4697
 EELEC  =   -147462.4996  EHBOND  =         0.0000  RESTRAINT  =         0.0000
 ------------------------------------------------------------------------------


 NSTEP =     2450   TIME(PS) =      24.900  TEMP(K) =   233.02  PRESS =     0.0
 Etot   =   -113958.6093  EKtot   =     16816.1758  EPtot      =   -130774.7851
 BOND   =       197.5165  ANGLE   =       454.1062  DIHED      =      1029.2680
 1-4 NB =       286.8662  1-4 EEL =     -4831.4641  VDWAALS    =     19573.5294
 EELEC  =   -147484.6074  EHBOND  =         0.0000  RESTRAINT  =         0.0000
 ------------------------------------------------------------------------------


 NSTEP =     2500   TIME(PS) =      25.000  TEMP(K) =   233.77  PRESS =     0.0
 Etot   =   -113852.5489  EKtot   =     16870.1094  EPtot      =   -130722.6583
 BOND   =       205.3358  ANGLE   =       433.7695  DIHED      =      1040.5943
 1-4 NB =       284.2594  1-4 EEL =     -4820.4990  VDWAALS    =     19433.7044
 EELEC  =   -147299.8226  EHBOND  =         0.0000  RESTRAINT  =         0.0000
 ------------------------------------------------------------------------------


 NSTEP =     2550   TIME(PS) =      25.100  TEMP(K) =   233.73  PRESS =     0.0
 Etot   =   -113745.7960  EKtot   =     16867.2500  EPtot      =   -130613.0460
 BOND   =       191.3326  ANGLE   =       444.8651  DIHED      =      1046.9129
 1-4 NB =       282.2557  1-4 EEL =     -4807.4315  VDWAALS    =     19369.1805
 EELEC  =   -147140.1613  EHBOND  =         0.0000  RESTRAINT  =         0.0000
 ------------------------------------------------------------------------------


 NSTEP =     2600   TIME(PS) =      25.200  TEMP(K) =   233.18  PRESS =     0.0
 Etot   =   -113643.8809  EKtot   =     16827.1836  EPtot      =   -130471.0645
 BOND   =       198.8805  ANGLE   =       470.6027  DIHED      =      1030.1718
 1-4 NB =       279.2689  1-4 EEL =     -4819.0275  VDWAALS    =     19288.1299
 EELEC  =   -146919.0908  EHBOND  =         0.0000  RESTRAINT  =         0.0000
 ------------------------------------------------------------------------------


 NSTEP =     2650   TIME(PS) =      25.300  TEMP(K) =   233.80  PRESS =     0.0
 Etot   =   -113543.4117  EKtot   =     16872.3789  EPtot      =   -130415.7906
 BOND   =       196.6803  ANGLE   =       436.4968  DIHED      =      1029.3086
 1-4 NB =       291.6308  1-4 EEL =     -4809.5082  VDWAALS    =     19468.9720
 EELEC  =   -147029.3709  EHBOND  =         0.0000  RESTRAINT  =         0.0000
 ------------------------------------------------------------------------------


 NSTEP =     2700   TIME(PS) =      25.400  TEMP(K) =   233.71  PRESS =     0.0
 Etot   =   -113440.1612  EKtot   =     16865.3047  EPtot      =   -130305.4659
 BOND   =       210.1083  ANGLE   =       448.0953  DIHED      =      1054.9433
 1-4 NB =       283.3774  1-4 EEL =     -4808.0618  VDWAALS    =     19159.7890
 EELEC  =   -146653.7174  EHBOND  =         0.0000  RESTRAINT  =         0.0000
 ------------------------------------------------------------------------------


 NSTEP =     2750   TIME(PS) =      25.500  TEMP(K) =   235.02  PRESS =     0.0
 Etot   =   -113342.5917  EKtot   =     16960.4688  EPtot      =   -130303.0604
 BOND   =       231.2348  ANGLE   =       452.4835  DIHED      =      1037.4473
 1-4 NB =       286.4449  1-4 EEL =     -4805.5354  VDWAALS    =     19322.6718
 EELEC  =   -146827.8073  EHBOND  =         0.0000  RESTRAINT  =         0.0000
 ------------------------------------------------------------------------------


 NSTEP =     2800   TIME(PS) =      25.600  TEMP(K) =   233.40  PRESS =     0.0
 Etot   =   -113247.1976  EKtot   =     16843.5469  EPtot      =   -130090.7445
 BOND   =       230.8742  ANGLE   =       454.5697  DIHED      =      1048.4792
 1-4 NB =       283.6023  1-4 EEL =     -4807.2462  VDWAALS    =     19282.4548
 EELEC  =   -146583.4786  EHBOND  =         0.0000  RESTRAINT  =         0.0000
 ------------------------------------------------------------------------------


 NSTEP =     2850   TIME(PS) =      25.700  TEMP(K) =   235.24  PRESS =     0.0
 Etot   =   -113155.2428  EKtot   =     16976.2891  EPtot      =   -130131.5319
 BOND   =       207.7046  ANGLE   =       448.8889  DIHED      =      1051.8654
 1-4 NB =       293.1832  1-4 EEL =     -4820.9235  VDWAALS    =     19091.3517
 EELEC  =   -146403.6023  EHBOND  =         0.0000  RESTRAINT  =         0.0000
 ------------------------------------------------------------------------------


 NSTEP =     2900   TIME(PS) =      25.800  TEMP(K) =   234.97  PRESS =     0.0
 Etot   =   -113059.2514  EKtot   =     16956.7695  EPtot      =   -130016.0209
 BOND   =       204.7306  ANGLE   =       467.8040  DIHED      =      1040.6508
 1-4 NB =       283.6407  1-4 EEL =     -4789.4398  VDWAALS    =     19080.2911
 EELEC  =   -146303.6982  EHBOND  =         0.0000  RESTRAINT  =         0.0000
 ------------------------------------------------------------------------------


 NSTEP =     2950   TIME(PS) =      25.900  TEMP(K) =   236.54  PRESS =     0.0
 Etot   =   -112967.5561  EKtot   =     17069.8555  EPtot      =   -130037.4116
 BOND   =       202.4793  ANGLE   =       440.5606  DIHED      =      1047.3314
 1-4 NB =       281.3147  1-4 EEL =     -4783.8812  VDWAALS    =     19065.9804
 EELEC  =   -146291.1968  EHBOND  =         0.0000  RESTRAINT  =         0.0000
 ------------------------------------------------------------------------------

check COM velocity, temp:        0.000009     0.00(Removed)

 NSTEP =     3000   TIME(PS) =      26.000  TEMP(K) =   236.71  PRESS =     0.0
 Etot   =   -112877.8710  EKtot   =     17082.0859  EPtot      =   -129959.9570
 BOND   =       219.8016  ANGLE   =       465.7385  DIHED      =      1039.8116
 1-4 NB =       278.4604  1-4 EEL =     -4820.4228  VDWAALS    =     18956.9196
 EELEC  =   -146100.2660  EHBOND  =         0.0000  RESTRAINT  =         0.0000
 ------------------------------------------------------------------------------


 NSTEP =     3050   TIME(PS) =      26.100  TEMP(K) =   235.09  PRESS =     0.0
 Etot   =   -112788.9651  EKtot   =     16964.9297  EPtot      =   -129753.8947
 BOND   =       222.3664  ANGLE   =       445.7479  DIHED      =      1035.4505
 1-4 NB =       289.2501  1-4 EEL =     -4812.9334  VDWAALS    =     18905.1602
 EELEC  =   -145838.9365  EHBOND  =         0.0000  RESTRAINT  =         0.0000
 ------------------------------------------------------------------------------


 NSTEP =     3100   TIME(PS) =      26.200  TEMP(K) =   236.34  PRESS =     0.0
 Etot   =   -112702.1168  EKtot   =     17055.2324  EPtot      =   -129757.3492
 BOND   =       224.9523  ANGLE   =       454.1475  DIHED      =      1026.4324
 1-4 NB =       281.4421  1-4 EEL =     -4816.4416  VDWAALS    =     18842.4676
 EELEC  =   -145770.3494  EHBOND  =         0.0000  RESTRAINT  =         0.0000
 ------------------------------------------------------------------------------


 NSTEP =     3150   TIME(PS) =      26.300  TEMP(K) =   239.58  PRESS =     0.0
 Etot   =   -112620.9873  EKtot   =     17288.9297  EPtot      =   -129909.9170
 BOND   =       212.3754  ANGLE   =       457.3100  DIHED      =      1044.5107
 1-4 NB =       282.2228  1-4 EEL =     -4803.7909  VDWAALS    =     18997.2846
 EELEC  =   -146099.8297  EHBOND  =         0.0000  RESTRAINT  =         0.0000
 ------------------------------------------------------------------------------


 NSTEP =     3200   TIME(PS) =      26.400  TEMP(K) =   237.15  PRESS =     0.0
 Etot   =   -112539.4755  EKtot   =     17113.8867  EPtot      =   -129653.3622
 BOND   =       206.6918  ANGLE   =       462.4080  DIHED      =      1044.9056
 1-4 NB =       276.8921  1-4 EEL =     -4782.2335  VDWAALS    =     19030.0793
 EELEC  =   -145892.1055  EHBOND  =         0.0000  RESTRAINT  =         0.0000
 ------------------------------------------------------------------------------


 NSTEP =     3250   TIME(PS) =      26.500  TEMP(K) =   238.75  PRESS =     0.0
 Etot   =   -112463.8641  EKtot   =     17229.2129  EPtot      =   -129693.0770
 BOND   =       201.7011  ANGLE   =       437.4599  DIHED      =      1037.2426
 1-4 NB =       290.1892  1-4 EEL =     -4821.2403  VDWAALS    =     19182.8127
 EELEC  =   -146021.2421  EHBOND  =         0.0000  RESTRAINT  =         0.0000
 ------------------------------------------------------------------------------


 NSTEP =     3300   TIME(PS) =      26.600  TEMP(K) =   238.91  PRESS =     0.0
 Etot   =   -112385.7374  EKtot   =     17241.1367  EPtot      =   -129626.8741
 BOND   =       201.9704  ANGLE   =       468.0594  DIHED      =      1040.7797
 1-4 NB =       282.7001  1-4 EEL =     -4786.2550  VDWAALS    =     18876.8262
 EELEC  =   -145710.9549  EHBOND  =         0.0000  RESTRAINT  =         0.0000
 ------------------------------------------------------------------------------


 NSTEP =     3350   TIME(PS) =      26.700  TEMP(K) =   239.32  PRESS =     0.0
 Etot   =   -112305.6257  EKtot   =     17270.2266  EPtot      =   -129575.8522
 BOND   =       212.4794  ANGLE   =       439.5323  DIHED      =      1056.8914
 1-4 NB =       291.7203  1-4 EEL =     -4827.7406  VDWAALS    =     19014.2559
 EELEC  =   -145762.9908  EHBOND  =         0.0000  RESTRAINT  =         0.0000
 ------------------------------------------------------------------------------


 NSTEP =     3400   TIME(PS) =      26.800  TEMP(K) =   240.01  PRESS =     0.0
 Etot   =   -112223.4430  EKtot   =     17320.5469  EPtot      =   -129543.9899
 BOND   =       213.2951  ANGLE   =       485.8128  DIHED      =      1041.4272
 1-4 NB =       278.7826  1-4 EEL =     -4781.6219  VDWAALS    =     18764.3840
 EELEC  =   -145546.0698  EHBOND  =         0.0000  RESTRAINT  =         0.0000
 ------------------------------------------------------------------------------


 NSTEP =     3450   TIME(PS) =      26.900  TEMP(K) =   240.68  PRESS =     0.0
 Etot   =   -112150.1388  EKtot   =     17368.8457  EPtot      =   -129518.9845
 BOND   =       217.2523  ANGLE   =       443.6107  DIHED      =      1045.7383
 1-4 NB =       274.7288  1-4 EEL =     -4824.4541  VDWAALS    =     18625.2066
 EELEC  =   -145301.0670  EHBOND  =         0.0000  RESTRAINT  =         0.0000
 ------------------------------------------------------------------------------


 NSTEP =     3500   TIME(PS) =      27.000  TEMP(K) =   241.16  PRESS =     0.0
 Etot   =   -112082.2094  EKtot   =     17403.2793  EPtot      =   -129485.4887
 BOND   =       221.7478  ANGLE   =       461.8334  DIHED      =      1051.9197
 1-4 NB =       283.3005  1-4 EEL =     -4805.8340  VDWAALS    =     18863.7182
 EELEC  =   -145562.1744  EHBOND  =         0.0000  RESTRAINT  =         0.0000
 ------------------------------------------------------------------------------


 NSTEP =     3550   TIME(PS) =      27.100  TEMP(K) =   239.13  PRESS =     0.0
 Etot   =   -112008.7012  EKtot   =     17256.5391  EPtot      =   -129265.2402
 BOND   =       203.1464  ANGLE   =       447.2451  DIHED      =      1043.2922
 1-4 NB =       286.8866  1-4 EEL =     -4779.2430  VDWAALS    =     18535.1070
 EELEC  =   -145001.6746  EHBOND  =         0.0000  RESTRAINT  =         0.0000
 ------------------------------------------------------------------------------


 NSTEP =     3600   TIME(PS) =      27.200  TEMP(K) =   240.88  PRESS =     0.0
 Etot   =   -111932.8010  EKtot   =     17382.8750  EPtot      =   -129315.6760
 BOND   =       217.7797  ANGLE   =       458.5123  DIHED      =      1037.4522
 1-4 NB =       288.5888  1-4 EEL =     -4814.7616  VDWAALS    =     18517.3486
 EELEC  =   -145020.5960  EHBOND  =         0.0000  RESTRAINT  =         0.0000
 ------------------------------------------------------------------------------


 NSTEP =     3650   TIME(PS) =      27.300  TEMP(K) =   242.28  PRESS =     0.0
 Etot   =   -111862.2639  EKtot   =     17484.0234  EPtot      =   -129346.2873
 BOND   =       203.7540  ANGLE   =       475.1683  DIHED      =      1046.4550
 1-4 NB =       283.7162  1-4 EEL =     -4817.1449  VDWAALS    =     18703.2807
 EELEC  =   -145241.5166  EHBOND  =         0.0000  RESTRAINT  =         0.0000
 ------------------------------------------------------------------------------


 NSTEP =     3700   TIME(PS) =      27.400  TEMP(K) =   243.01  PRESS =     0.0
 Etot   =   -111799.1450  EKtot   =     17537.0508  EPtot      =   -129336.1958
 BOND   =       221.8245  ANGLE   =       459.7172  DIHED      =      1042.0570
 1-4 NB =       287.5975  1-4 EEL =     -4811.6812  VDWAALS    =     18816.0102
 EELEC  =   -145351.7210  EHBOND  =         0.0000  RESTRAINT  =         0.0000
 ------------------------------------------------------------------------------


 NSTEP =     3750   TIME(PS) =      27.500  TEMP(K) =   241.08  PRESS =     0.0
 Etot   =   -111735.0389  EKtot   =     17397.7578  EPtot      =   -129132.7967
 BOND   =       216.7127  ANGLE   =       463.0051  DIHED      =      1047.7769
 1-4 NB =       278.4957  1-4 EEL =     -4809.7169  VDWAALS    =     18735.7266
 EELEC  =   -145064.7967  EHBOND  =         0.0000  RESTRAINT  =         0.0000
 ------------------------------------------------------------------------------


 NSTEP =     3800   TIME(PS) =      27.600  TEMP(K) =   242.16  PRESS =     0.0
 Etot   =   -111676.7292  EKtot   =     17475.1504  EPtot      =   -129151.8796
 BOND   =       220.6521  ANGLE   =       469.3953  DIHED      =      1025.3087
 1-4 NB =       290.9028  1-4 EEL =     -4784.6680  VDWAALS    =     19024.8550
 EELEC  =   -145398.3256  EHBOND  =         0.0000  RESTRAINT  =         0.0000
 ------------------------------------------------------------------------------


 NSTEP =     3850   TIME(PS) =      27.700  TEMP(K) =   242.71  PRESS =     0.0
 Etot   =   -111615.1382  EKtot   =     17515.2598  EPtot      =   -129130.3980
 BOND   =       207.1947  ANGLE   =       475.8856  DIHED      =      1050.3468
 1-4 NB =       295.6154  1-4 EEL =     -4814.1201  VDWAALS    =     18665.6705
 EELEC  =   -145010.9908  EHBOND  =         0.0000  RESTRAINT  =         0.0000
 ------------------------------------------------------------------------------


 NSTEP =     3900   TIME(PS) =      27.800  TEMP(K) =   242.41  PRESS =     0.0
 Etot   =   -111551.3549  EKtot   =     17493.4199  EPtot      =   -129044.7748
 BOND   =       224.7175  ANGLE   =       444.9338  DIHED      =      1057.6680
 1-4 NB =       286.6233  1-4 EEL =     -4804.1712  VDWAALS    =     18713.3795
 EELEC  =   -144967.9257  EHBOND  =         0.0000  RESTRAINT  =         0.0000
 ------------------------------------------------------------------------------


 NSTEP =     3950   TIME(PS) =      27.900  TEMP(K) =   242.37  PRESS =     0.0
 Etot   =   -111487.8679  EKtot   =     17490.3633  EPtot      =   -128978.2312
 BOND   =       227.6370  ANGLE   =       464.9363  DIHED      =      1038.1722
 1-4 NB =       282.7833  1-4 EEL =     -4785.7578  VDWAALS    =     18388.9885
 EELEC  =   -144594.9907  EHBOND  =         0.0000  RESTRAINT  =         0.0000
 ------------------------------------------------------------------------------

check COM velocity, temp:        0.000003     0.00(Removed)

 NSTEP =     4000   TIME(PS) =      28.000  TEMP(K) =   242.15  PRESS =     0.0
 Etot   =   -111428.4807  EKtot   =     17474.8086  EPtot      =   -128903.2893
 BOND   =       229.3445  ANGLE   =       471.7933  DIHED      =      1039.5700
 1-4 NB =       285.8435  1-4 EEL =     -4820.3062  VDWAALS    =     18404.2196
 EELEC  =   -144513.7540  EHBOND  =         0.0000  RESTRAINT  =         0.0000
 ------------------------------------------------------------------------------


      A V E R A G E S   O V E R      80 S T E P S


 NSTEP =     4000   TIME(PS) =      28.000  TEMP(K) =   224.21  PRESS =     0.0
 Etot   =   -115719.2470  EKtot   =     16180.2497  EPtot      =   -131899.4967
 BOND   =       194.9864  ANGLE   =       424.9103  DIHED      =      1033.5808
 1-4 NB =       282.6629  1-4 EEL =     -4809.8211  VDWAALS    =     19886.6180
 EELEC  =   -148912.4340  EHBOND  =         0.0000  RESTRAINT  =         0.0000
 ------------------------------------------------------------------------------


      R M S  F L U C T U A T I O N S


 NSTEP =     4000   TIME(PS) =      28.000  TEMP(K) =    15.03  PRESS =     0.0
 Etot   =      3313.4536  EKtot   =      1084.4870  EPtot      =      2233.9733
 BOND   =        21.2460  ANGLE   =        32.8833  DIHED      =        11.7929
 1-4 NB =         5.6894  1-4 EEL =        16.8178  VDWAALS    =       938.7859
 EELEC  =      3102.1682  EHBOND  =         0.0000  RESTRAINT  =         0.0000
 ------------------------------------------------------------------------------

--------------------------------------------------------------------------------
   5.  TIMINGS
--------------------------------------------------------------------------------

|  NonSetup CPU Time in Major Routines:
|
|     Routine           Sec        %
|     ------------------------------
|     Nonbond           0.40   10.52
|     Bond              0.00    0.00
|     Angle             0.00    0.00
|     Dihedral          0.00    0.00
|     Shake             0.03    0.81
|     RunMD             3.37   88.50
|     Other             0.01    0.17
|     ------------------------------
|     Total             3.80

|  PME Nonbond Pairlist CPU Time:
|
|     Routine              Sec        %
|     ---------------------------------
|     Set Up Cit           0.00    0.00
|     Build List           0.00    0.00
|     ---------------------------------
|     Total                0.00    0.00

|  PME Direct Force CPU Time:
|
|     Routine              Sec        %
|     ---------------------------------
|     NonBonded Calc       0.00    0.00
|     Exclude Masked       0.00    0.00
|     Other                0.00    0.10
|     ---------------------------------
|     Total                0.00    0.10

|  PME Reciprocal Force CPU Time:
|
|     Routine              Sec        %
|     ---------------------------------
|     1D bspline           0.00    0.00
|     Grid Charges         0.00    0.00
|     Scalar Sum           0.00    0.00
|     Gradient Sum         0.00    0.00
|     FFT                  0.00    0.00
|     ---------------------------------
|     Total                0.00    0.00

|  Final Performance Info:
|     -----------------------------------------------------
|     Average timings for last    3950 steps:
|     Elapsed(s) =       7.50 Per Step(ms) =       1.90
|         ns/day =      90.97   seconds/ns =     949.77
|
|     Average timings for all steps:
|     Elapsed(s) =       7.60 Per Step(ms) =       1.90
|         ns/day =      90.94   seconds/ns =     950.09
|     -----------------------------------------------------

|  Setup CPU time:            0.64 seconds
|  NonSetup CPU time:         3.80 seconds
|  Total CPU time:            4.44 seconds     0.00 hours

|  Setup wall time:           1    seconds
|  NonSetup wall time:        8    seconds
|  Total wall time:           9    seconds     0.00 hours
